[2025-03-26T17:38:23.582+0000] {local_task_job_runner.py:123} INFO - ::group::Pre task execution logs
[2025-03-26T17:38:23.599+0000] {taskinstance.py:2603} INFO - Dependencies all met for dep_context=non-requeueable deps ti=<TaskInstance: weather_data_collection.collect_weather_data scheduled__2025-03-26T17:37:00+00:00 [queued]>
[2025-03-26T17:38:23.609+0000] {taskinstance.py:2603} INFO - Dependencies all met for dep_context=requeueable deps ti=<TaskInstance: weather_data_collection.collect_weather_data scheduled__2025-03-26T17:37:00+00:00 [queued]>
[2025-03-26T17:38:23.610+0000] {taskinstance.py:2856} INFO - Starting attempt 1 of 2
[2025-03-26T17:38:23.643+0000] {taskinstance.py:2879} INFO - Executing <Task(DockerOperator): collect_weather_data> on 2025-03-26 17:37:00+00:00
[2025-03-26T17:38:23.648+0000] {standard_task_runner.py:72} INFO - Started process 8895 to run task
[2025-03-26T17:38:23.655+0000] {standard_task_runner.py:104} INFO - Running: ['airflow', 'tasks', 'run', 'weather_data_collection', 'collect_weather_data', 'scheduled__2025-03-26T17:37:00+00:00', '--job-id', '40', '--raw', '--subdir', 'DAGS_FOLDER/weather_dag.py', '--cfg-path', '/tmp/tmpf7mcw910']
[2025-03-26T17:38:23.657+0000] {standard_task_runner.py:105} INFO - Job 40: Subtask collect_weather_data
[2025-03-26T17:38:23.710+0000] {task_command.py:467} INFO - Running <TaskInstance: weather_data_collection.collect_weather_data scheduled__2025-03-26T17:37:00+00:00 [running]> on host ip-172-31-43-252.eu-west-1.compute.internal
[2025-03-26T17:38:23.866+0000] {taskinstance.py:3122} INFO - Exporting env vars: AIRFLOW_CTX_DAG_OWNER='airflow' AIRFLOW_CTX_DAG_ID='weather_data_collection' AIRFLOW_CTX_TASK_ID='collect_weather_data' AIRFLOW_CTX_EXECUTION_DATE='2025-03-26T17:37:00+00:00' AIRFLOW_CTX_TRY_NUMBER='1' AIRFLOW_CTX_DAG_RUN_ID='scheduled__2025-03-26T17:37:00+00:00'
[2025-03-26T17:38:23.867+0000] {taskinstance.py:731} INFO - ::endgroup::
[2025-03-26T17:38:23.945+0000] {docker.py:353} INFO - Starting docker container from image weather-collector:light
[2025-03-26T17:38:25.883+0000] {docker.py:73} INFO -   0%|          | 0/5 [00:00<?, ?it/s]
[2025-03-26T17:38:26.045+0000] {docker.py:73} INFO -  60%|██████    | 3/5 [00:00<00:00, 19.55it/s]
[2025-03-26T17:38:26.199+0000] {docker.py:73} INFO - 100%|██████████| 5/5 [00:00<00:00, 14.98it/s]
[2025-03-26T17:38:26.281+0000] {docker.py:73} INFO - 100%|██████████| 5/5 [00:00<00:00, 12.52it/s]
[2025-03-26T17:38:26.282+0000] {docker.py:73} INFO - 
[2025-03-26T17:38:26.283+0000] {docker.py:73} INFO -   0%|          | 0/5 [00:00<?, ?it/s]
[2025-03-26T17:38:26.283+0000] {docker.py:73} INFO - 100%|██████████| 5/5 [00:00<00:00, 3072.75it/s]
[2025-03-26T17:38:26.284+0000] {docker.py:73} INFO - 
[2025-03-26T17:38:26.315+0000] {docker.py:73} INFO -        city country  ...  weather_description             datetime
[2025-03-26T17:38:26.316+0000] {docker.py:73} INFO - 0     Paris      FR  ...           few clouds  2025-03-26T17:38:26
[2025-03-26T17:38:26.316+0000] {docker.py:73} INFO - 1    London      GB  ...            clear sky  2025-03-26T17:38:26
[2025-03-26T17:38:26.316+0000] {docker.py:73} INFO - 2  New York      US  ...        broken clouds  2025-03-26T17:38:26
[2025-03-26T17:38:26.316+0000] {docker.py:73} INFO - 3    Berlin      DE  ...      overcast clouds  2025-03-26T17:38:26
[2025-03-26T17:38:26.316+0000] {docker.py:73} INFO - 4     Tokyo      JP  ...     scattered clouds  2025-03-26T17:38:26
[2025-03-26T17:38:26.316+0000] {docker.py:73} INFO - 
[2025-03-26T17:38:26.317+0000] {docker.py:73} INFO - [5 rows x 7 columns]
[2025-03-26T17:38:26.853+0000] {taskinstance.py:340} INFO - ::group::Post task execution logs
[2025-03-26T17:38:26.854+0000] {taskinstance.py:352} INFO - Marking task as SUCCESS. dag_id=weather_data_collection, task_id=collect_weather_data, run_id=scheduled__2025-03-26T17:37:00+00:00, execution_date=20250326T173700, start_date=20250326T173823, end_date=20250326T173826
[2025-03-26T17:38:27.137+0000] {local_task_job_runner.py:123} INFO - ::group::Pre task execution logs
[2025-03-26T17:38:27.146+0000] {taskinstance.py:2593} INFO - Dependencies not met for <TaskInstance: weather_data_collection.collect_weather_data scheduled__2025-03-26T17:37:00+00:00 [success]>, dependency 'Task Instance State' FAILED: Task is in the 'success' state.
[2025-03-26T17:38:27.153+0000] {local_task_job_runner.py:166} INFO - Task is not able to be run
