[2025-04-03T09:07:13.345+0000] {processor.py:186} INFO - Started process (PID=25654) to work on /home/ubuntu/MLFlow/dags/weather_dag.py
[2025-04-03T09:07:13.352+0000] {processor.py:914} INFO - Processing file /home/ubuntu/MLFlow/dags/weather_dag.py for tasks to queue
[2025-04-03T09:07:13.361+0000] {logging_mixin.py:190} INFO - [2025-04-03T09:07:13.361+0000] {dagbag.py:588} INFO - Filling up the DagBag from /home/ubuntu/MLFlow/dags/weather_dag.py
[2025-04-03T09:07:13.558+0000] {processor.py:925} INFO - DAG(s) 'weather_data_collection' retrieved from /home/ubuntu/MLFlow/dags/weather_dag.py
[2025-04-03T09:07:13.753+0000] {logging_mixin.py:190} INFO - [2025-04-03T09:07:13.752+0000] {dag.py:3239} INFO - Sync 1 DAGs
[2025-04-03T09:07:14.004+0000] {processor.py:208} INFO - Processing /home/ubuntu/MLFlow/dags/weather_dag.py took 0.677 seconds
[2025-04-03T09:07:44.382+0000] {processor.py:186} INFO - Started process (PID=26049) to work on /home/ubuntu/MLFlow/dags/weather_dag.py
[2025-04-03T09:07:44.385+0000] {processor.py:914} INFO - Processing file /home/ubuntu/MLFlow/dags/weather_dag.py for tasks to queue
[2025-04-03T09:07:44.393+0000] {logging_mixin.py:190} INFO - [2025-04-03T09:07:44.392+0000] {dagbag.py:588} INFO - Filling up the DagBag from /home/ubuntu/MLFlow/dags/weather_dag.py
[2025-04-03T09:07:44.444+0000] {processor.py:925} INFO - DAG(s) 'weather_data_collection' retrieved from /home/ubuntu/MLFlow/dags/weather_dag.py
[2025-04-03T09:07:44.497+0000] {logging_mixin.py:190} INFO - [2025-04-03T09:07:44.496+0000] {dag.py:3239} INFO - Sync 1 DAGs
[2025-04-03T09:07:44.543+0000] {logging_mixin.py:190} INFO - [2025-04-03T09:07:44.542+0000] {dag.py:4180} INFO - Setting next_dagrun for weather_data_collection to 2025-04-03 09:07:00+00:00, run_after=2025-04-03 09:08:00+00:00
[2025-04-03T09:07:44.575+0000] {processor.py:208} INFO - Processing /home/ubuntu/MLFlow/dags/weather_dag.py took 0.208 seconds
[2025-04-03T09:08:14.978+0000] {processor.py:186} INFO - Started process (PID=26366) to work on /home/ubuntu/MLFlow/dags/weather_dag.py
[2025-04-03T09:08:14.983+0000] {processor.py:914} INFO - Processing file /home/ubuntu/MLFlow/dags/weather_dag.py for tasks to queue
[2025-04-03T09:08:14.999+0000] {logging_mixin.py:190} INFO - [2025-04-03T09:08:14.998+0000] {dagbag.py:588} INFO - Filling up the DagBag from /home/ubuntu/MLFlow/dags/weather_dag.py
[2025-04-03T09:08:15.053+0000] {processor.py:925} INFO - DAG(s) 'weather_data_collection' retrieved from /home/ubuntu/MLFlow/dags/weather_dag.py
[2025-04-03T09:08:15.197+0000] {logging_mixin.py:190} INFO - [2025-04-03T09:08:15.197+0000] {dag.py:3239} INFO - Sync 1 DAGs
[2025-04-03T09:08:15.343+0000] {processor.py:208} INFO - Processing /home/ubuntu/MLFlow/dags/weather_dag.py took 0.378 seconds
[2025-04-03T09:08:45.728+0000] {processor.py:186} INFO - Started process (PID=26462) to work on /home/ubuntu/MLFlow/dags/weather_dag.py
[2025-04-03T09:08:45.729+0000] {processor.py:914} INFO - Processing file /home/ubuntu/MLFlow/dags/weather_dag.py for tasks to queue
[2025-04-03T09:08:45.733+0000] {logging_mixin.py:190} INFO - [2025-04-03T09:08:45.732+0000] {dagbag.py:588} INFO - Filling up the DagBag from /home/ubuntu/MLFlow/dags/weather_dag.py
[2025-04-03T09:08:45.778+0000] {processor.py:925} INFO - DAG(s) 'weather_data_collection' retrieved from /home/ubuntu/MLFlow/dags/weather_dag.py
[2025-04-03T09:08:45.828+0000] {logging_mixin.py:190} INFO - [2025-04-03T09:08:45.828+0000] {dag.py:3239} INFO - Sync 1 DAGs
[2025-04-03T09:08:45.872+0000] {logging_mixin.py:190} INFO - [2025-04-03T09:08:45.872+0000] {dag.py:4180} INFO - Setting next_dagrun for weather_data_collection to 2025-04-03 09:08:00+00:00, run_after=2025-04-03 09:09:00+00:00
[2025-04-03T09:08:45.906+0000] {processor.py:208} INFO - Processing /home/ubuntu/MLFlow/dags/weather_dag.py took 0.191 seconds
[2025-04-03T09:09:16.079+0000] {processor.py:186} INFO - Started process (PID=26791) to work on /home/ubuntu/MLFlow/dags/weather_dag.py
[2025-04-03T09:09:16.081+0000] {processor.py:914} INFO - Processing file /home/ubuntu/MLFlow/dags/weather_dag.py for tasks to queue
[2025-04-03T09:09:16.086+0000] {logging_mixin.py:190} INFO - [2025-04-03T09:09:16.085+0000] {dagbag.py:588} INFO - Filling up the DagBag from /home/ubuntu/MLFlow/dags/weather_dag.py
[2025-04-03T09:09:16.115+0000] {processor.py:925} INFO - DAG(s) 'weather_data_collection' retrieved from /home/ubuntu/MLFlow/dags/weather_dag.py
[2025-04-03T09:09:16.200+0000] {logging_mixin.py:190} INFO - [2025-04-03T09:09:16.199+0000] {dag.py:3239} INFO - Sync 1 DAGs
[2025-04-03T09:09:16.256+0000] {logging_mixin.py:190} INFO - [2025-04-03T09:09:16.255+0000] {dag.py:4180} INFO - Setting next_dagrun for weather_data_collection to 2025-04-03 09:09:00+00:00, run_after=2025-04-03 09:10:00+00:00
[2025-04-03T09:09:16.301+0000] {processor.py:208} INFO - Processing /home/ubuntu/MLFlow/dags/weather_dag.py took 0.233 seconds
[2025-04-03T09:09:46.612+0000] {processor.py:186} INFO - Started process (PID=26869) to work on /home/ubuntu/MLFlow/dags/weather_dag.py
[2025-04-03T09:09:46.614+0000] {processor.py:914} INFO - Processing file /home/ubuntu/MLFlow/dags/weather_dag.py for tasks to queue
[2025-04-03T09:09:46.617+0000] {logging_mixin.py:190} INFO - [2025-04-03T09:09:46.617+0000] {dagbag.py:588} INFO - Filling up the DagBag from /home/ubuntu/MLFlow/dags/weather_dag.py
[2025-04-03T09:09:46.642+0000] {processor.py:925} INFO - DAG(s) 'weather_data_collection' retrieved from /home/ubuntu/MLFlow/dags/weather_dag.py
[2025-04-03T09:09:46.693+0000] {logging_mixin.py:190} INFO - [2025-04-03T09:09:46.693+0000] {dag.py:3239} INFO - Sync 1 DAGs
[2025-04-03T09:09:46.739+0000] {logging_mixin.py:190} INFO - [2025-04-03T09:09:46.739+0000] {dag.py:4180} INFO - Setting next_dagrun for weather_data_collection to 2025-04-03 09:09:00+00:00, run_after=2025-04-03 09:10:00+00:00
[2025-04-03T09:09:46.768+0000] {processor.py:208} INFO - Processing /home/ubuntu/MLFlow/dags/weather_dag.py took 0.165 seconds
[2025-04-03T09:10:17.011+0000] {processor.py:186} INFO - Started process (PID=27189) to work on /home/ubuntu/MLFlow/dags/weather_dag.py
[2025-04-03T09:10:17.015+0000] {processor.py:914} INFO - Processing file /home/ubuntu/MLFlow/dags/weather_dag.py for tasks to queue
[2025-04-03T09:10:17.018+0000] {logging_mixin.py:190} INFO - [2025-04-03T09:10:17.018+0000] {dagbag.py:588} INFO - Filling up the DagBag from /home/ubuntu/MLFlow/dags/weather_dag.py
[2025-04-03T09:10:17.081+0000] {processor.py:925} INFO - DAG(s) 'weather_data_collection' retrieved from /home/ubuntu/MLFlow/dags/weather_dag.py
[2025-04-03T09:10:17.170+0000] {logging_mixin.py:190} INFO - [2025-04-03T09:10:17.169+0000] {dag.py:3239} INFO - Sync 1 DAGs
[2025-04-03T09:10:17.248+0000] {processor.py:208} INFO - Processing /home/ubuntu/MLFlow/dags/weather_dag.py took 0.270 seconds
[2025-04-03T09:10:47.621+0000] {processor.py:186} INFO - Started process (PID=27355) to work on /home/ubuntu/MLFlow/dags/weather_dag.py
[2025-04-03T09:10:47.622+0000] {processor.py:914} INFO - Processing file /home/ubuntu/MLFlow/dags/weather_dag.py for tasks to queue
[2025-04-03T09:10:47.625+0000] {logging_mixin.py:190} INFO - [2025-04-03T09:10:47.625+0000] {dagbag.py:588} INFO - Filling up the DagBag from /home/ubuntu/MLFlow/dags/weather_dag.py
[2025-04-03T09:10:47.650+0000] {processor.py:925} INFO - DAG(s) 'weather_data_collection' retrieved from /home/ubuntu/MLFlow/dags/weather_dag.py
[2025-04-03T09:10:47.702+0000] {logging_mixin.py:190} INFO - [2025-04-03T09:10:47.700+0000] {dag.py:3239} INFO - Sync 1 DAGs
[2025-04-03T09:10:47.819+0000] {logging_mixin.py:190} INFO - [2025-04-03T09:10:47.819+0000] {dag.py:4180} INFO - Setting next_dagrun for weather_data_collection to 2025-04-03 09:10:00+00:00, run_after=2025-04-03 09:11:00+00:00
[2025-04-03T09:10:47.883+0000] {processor.py:208} INFO - Processing /home/ubuntu/MLFlow/dags/weather_dag.py took 0.272 seconds
[2025-04-03T09:11:18.273+0000] {processor.py:186} INFO - Started process (PID=27785) to work on /home/ubuntu/MLFlow/dags/weather_dag.py
[2025-04-03T09:11:18.275+0000] {processor.py:914} INFO - Processing file /home/ubuntu/MLFlow/dags/weather_dag.py for tasks to queue
[2025-04-03T09:11:18.281+0000] {logging_mixin.py:190} INFO - [2025-04-03T09:11:18.280+0000] {dagbag.py:588} INFO - Filling up the DagBag from /home/ubuntu/MLFlow/dags/weather_dag.py
[2025-04-03T09:11:18.305+0000] {processor.py:925} INFO - DAG(s) 'weather_data_collection' retrieved from /home/ubuntu/MLFlow/dags/weather_dag.py
[2025-04-03T09:11:18.356+0000] {logging_mixin.py:190} INFO - [2025-04-03T09:11:18.355+0000] {dag.py:3239} INFO - Sync 1 DAGs
[2025-04-03T09:11:18.600+0000] {logging_mixin.py:190} INFO - [2025-04-03T09:11:18.599+0000] {dag.py:4180} INFO - Setting next_dagrun for weather_data_collection to 2025-04-03 09:11:00+00:00, run_after=2025-04-03 09:12:00+00:00
[2025-04-03T09:11:18.636+0000] {processor.py:208} INFO - Processing /home/ubuntu/MLFlow/dags/weather_dag.py took 0.382 seconds
[2025-04-03T09:11:49.633+0000] {processor.py:186} INFO - Started process (PID=27914) to work on /home/ubuntu/MLFlow/dags/weather_dag.py
[2025-04-03T09:11:49.634+0000] {processor.py:914} INFO - Processing file /home/ubuntu/MLFlow/dags/weather_dag.py for tasks to queue
[2025-04-03T09:11:49.638+0000] {logging_mixin.py:190} INFO - [2025-04-03T09:11:49.637+0000] {dagbag.py:588} INFO - Filling up the DagBag from /home/ubuntu/MLFlow/dags/weather_dag.py
[2025-04-03T09:11:49.670+0000] {processor.py:925} INFO - DAG(s) 'weather_data_collection' retrieved from /home/ubuntu/MLFlow/dags/weather_dag.py
[2025-04-03T09:11:49.715+0000] {logging_mixin.py:190} INFO - [2025-04-03T09:11:49.714+0000] {dag.py:3239} INFO - Sync 1 DAGs
[2025-04-03T09:11:49.948+0000] {logging_mixin.py:190} INFO - [2025-04-03T09:11:49.948+0000] {dag.py:4180} INFO - Setting next_dagrun for weather_data_collection to 2025-04-03 09:11:00+00:00, run_after=2025-04-03 09:12:00+00:00
[2025-04-03T09:11:49.978+0000] {processor.py:208} INFO - Processing /home/ubuntu/MLFlow/dags/weather_dag.py took 0.360 seconds
[2025-04-03T09:12:20.342+0000] {processor.py:186} INFO - Started process (PID=28289) to work on /home/ubuntu/MLFlow/dags/weather_dag.py
[2025-04-03T09:12:20.346+0000] {processor.py:914} INFO - Processing file /home/ubuntu/MLFlow/dags/weather_dag.py for tasks to queue
[2025-04-03T09:12:20.349+0000] {logging_mixin.py:190} INFO - [2025-04-03T09:12:20.349+0000] {dagbag.py:588} INFO - Filling up the DagBag from /home/ubuntu/MLFlow/dags/weather_dag.py
[2025-04-03T09:12:20.375+0000] {processor.py:925} INFO - DAG(s) 'weather_data_collection' retrieved from /home/ubuntu/MLFlow/dags/weather_dag.py
[2025-04-03T09:12:20.611+0000] {logging_mixin.py:190} INFO - [2025-04-03T09:12:20.610+0000] {dag.py:3239} INFO - Sync 1 DAGs
[2025-04-03T09:12:20.651+0000] {logging_mixin.py:190} INFO - [2025-04-03T09:12:20.651+0000] {dag.py:4180} INFO - Setting next_dagrun for weather_data_collection to 2025-04-03 09:12:00+00:00, run_after=2025-04-03 09:13:00+00:00
[2025-04-03T09:12:20.684+0000] {processor.py:208} INFO - Processing /home/ubuntu/MLFlow/dags/weather_dag.py took 0.351 seconds
[2025-04-03T09:12:51.084+0000] {processor.py:186} INFO - Started process (PID=28448) to work on /home/ubuntu/MLFlow/dags/weather_dag.py
[2025-04-03T09:12:51.089+0000] {processor.py:914} INFO - Processing file /home/ubuntu/MLFlow/dags/weather_dag.py for tasks to queue
[2025-04-03T09:12:51.092+0000] {logging_mixin.py:190} INFO - [2025-04-03T09:12:51.092+0000] {dagbag.py:588} INFO - Filling up the DagBag from /home/ubuntu/MLFlow/dags/weather_dag.py
[2025-04-03T09:12:51.117+0000] {processor.py:925} INFO - DAG(s) 'weather_data_collection' retrieved from /home/ubuntu/MLFlow/dags/weather_dag.py
[2025-04-03T09:12:51.163+0000] {logging_mixin.py:190} INFO - [2025-04-03T09:12:51.163+0000] {dag.py:3239} INFO - Sync 1 DAGs
[2025-04-03T09:12:51.209+0000] {logging_mixin.py:190} INFO - [2025-04-03T09:12:51.208+0000] {dag.py:4180} INFO - Setting next_dagrun for weather_data_collection to 2025-04-03 09:12:00+00:00, run_after=2025-04-03 09:13:00+00:00
[2025-04-03T09:12:51.244+0000] {processor.py:208} INFO - Processing /home/ubuntu/MLFlow/dags/weather_dag.py took 0.174 seconds
[2025-04-03T09:13:21.596+0000] {processor.py:186} INFO - Started process (PID=28782) to work on /home/ubuntu/MLFlow/dags/weather_dag.py
[2025-04-03T09:13:21.599+0000] {processor.py:914} INFO - Processing file /home/ubuntu/MLFlow/dags/weather_dag.py for tasks to queue
[2025-04-03T09:13:21.603+0000] {logging_mixin.py:190} INFO - [2025-04-03T09:13:21.602+0000] {dagbag.py:588} INFO - Filling up the DagBag from /home/ubuntu/MLFlow/dags/weather_dag.py
[2025-04-03T09:13:21.629+0000] {processor.py:925} INFO - DAG(s) 'weather_data_collection' retrieved from /home/ubuntu/MLFlow/dags/weather_dag.py
[2025-04-03T09:13:21.692+0000] {logging_mixin.py:190} INFO - [2025-04-03T09:13:21.692+0000] {dag.py:3239} INFO - Sync 1 DAGs
[2025-04-03T09:13:21.765+0000] {logging_mixin.py:190} INFO - [2025-04-03T09:13:21.764+0000] {dag.py:4180} INFO - Setting next_dagrun for weather_data_collection to 2025-04-03 09:13:00+00:00, run_after=2025-04-03 09:14:00+00:00
[2025-04-03T09:13:21.801+0000] {processor.py:208} INFO - Processing /home/ubuntu/MLFlow/dags/weather_dag.py took 0.217 seconds
[2025-04-03T09:13:52.143+0000] {processor.py:186} INFO - Started process (PID=28897) to work on /home/ubuntu/MLFlow/dags/weather_dag.py
[2025-04-03T09:13:52.145+0000] {processor.py:914} INFO - Processing file /home/ubuntu/MLFlow/dags/weather_dag.py for tasks to queue
[2025-04-03T09:13:52.148+0000] {logging_mixin.py:190} INFO - [2025-04-03T09:13:52.148+0000] {dagbag.py:588} INFO - Filling up the DagBag from /home/ubuntu/MLFlow/dags/weather_dag.py
[2025-04-03T09:13:52.176+0000] {processor.py:925} INFO - DAG(s) 'weather_data_collection' retrieved from /home/ubuntu/MLFlow/dags/weather_dag.py
[2025-04-03T09:13:52.219+0000] {logging_mixin.py:190} INFO - [2025-04-03T09:13:52.218+0000] {dag.py:3239} INFO - Sync 1 DAGs
[2025-04-03T09:13:52.262+0000] {logging_mixin.py:190} INFO - [2025-04-03T09:13:52.261+0000] {dag.py:4180} INFO - Setting next_dagrun for weather_data_collection to 2025-04-03 09:13:00+00:00, run_after=2025-04-03 09:14:00+00:00
[2025-04-03T09:13:52.290+0000] {processor.py:208} INFO - Processing /home/ubuntu/MLFlow/dags/weather_dag.py took 0.157 seconds
[2025-04-03T09:14:22.637+0000] {processor.py:186} INFO - Started process (PID=29256) to work on /home/ubuntu/MLFlow/dags/weather_dag.py
[2025-04-03T09:14:22.644+0000] {processor.py:914} INFO - Processing file /home/ubuntu/MLFlow/dags/weather_dag.py for tasks to queue
[2025-04-03T09:14:22.647+0000] {logging_mixin.py:190} INFO - [2025-04-03T09:14:22.647+0000] {dagbag.py:588} INFO - Filling up the DagBag from /home/ubuntu/MLFlow/dags/weather_dag.py
[2025-04-03T09:14:22.673+0000] {processor.py:925} INFO - DAG(s) 'weather_data_collection' retrieved from /home/ubuntu/MLFlow/dags/weather_dag.py
[2025-04-03T09:14:22.725+0000] {logging_mixin.py:190} INFO - [2025-04-03T09:14:22.725+0000] {dag.py:3239} INFO - Sync 1 DAGs
[2025-04-03T09:14:22.776+0000] {logging_mixin.py:190} INFO - [2025-04-03T09:14:22.776+0000] {dag.py:4180} INFO - Setting next_dagrun for weather_data_collection to 2025-04-03 09:14:00+00:00, run_after=2025-04-03 09:15:00+00:00
[2025-04-03T09:14:22.809+0000] {processor.py:208} INFO - Processing /home/ubuntu/MLFlow/dags/weather_dag.py took 0.187 seconds
[2025-04-03T09:14:53.196+0000] {processor.py:186} INFO - Started process (PID=29388) to work on /home/ubuntu/MLFlow/dags/weather_dag.py
[2025-04-03T09:14:53.202+0000] {processor.py:914} INFO - Processing file /home/ubuntu/MLFlow/dags/weather_dag.py for tasks to queue
[2025-04-03T09:14:53.205+0000] {logging_mixin.py:190} INFO - [2025-04-03T09:14:53.205+0000] {dagbag.py:588} INFO - Filling up the DagBag from /home/ubuntu/MLFlow/dags/weather_dag.py
[2025-04-03T09:14:53.241+0000] {processor.py:925} INFO - DAG(s) 'weather_data_collection' retrieved from /home/ubuntu/MLFlow/dags/weather_dag.py
[2025-04-03T09:14:53.293+0000] {logging_mixin.py:190} INFO - [2025-04-03T09:14:53.292+0000] {dag.py:3239} INFO - Sync 1 DAGs
[2025-04-03T09:14:53.354+0000] {logging_mixin.py:190} INFO - [2025-04-03T09:14:53.353+0000] {dag.py:4180} INFO - Setting next_dagrun for weather_data_collection to 2025-04-03 09:14:00+00:00, run_after=2025-04-03 09:15:00+00:00
[2025-04-03T09:14:53.412+0000] {processor.py:208} INFO - Processing /home/ubuntu/MLFlow/dags/weather_dag.py took 0.231 seconds
[2025-04-03T09:15:23.727+0000] {processor.py:186} INFO - Started process (PID=29756) to work on /home/ubuntu/MLFlow/dags/weather_dag.py
[2025-04-03T09:15:23.733+0000] {processor.py:914} INFO - Processing file /home/ubuntu/MLFlow/dags/weather_dag.py for tasks to queue
[2025-04-03T09:15:23.737+0000] {logging_mixin.py:190} INFO - [2025-04-03T09:15:23.736+0000] {dagbag.py:588} INFO - Filling up the DagBag from /home/ubuntu/MLFlow/dags/weather_dag.py
[2025-04-03T09:15:23.782+0000] {processor.py:925} INFO - DAG(s) 'weather_data_collection' retrieved from /home/ubuntu/MLFlow/dags/weather_dag.py
[2025-04-03T09:15:23.879+0000] {logging_mixin.py:190} INFO - [2025-04-03T09:15:23.878+0000] {dag.py:3239} INFO - Sync 1 DAGs
[2025-04-03T09:15:23.959+0000] {logging_mixin.py:190} INFO - [2025-04-03T09:15:23.959+0000] {dag.py:4180} INFO - Setting next_dagrun for weather_data_collection to 2025-04-03 09:15:00+00:00, run_after=2025-04-03 09:16:00+00:00
[2025-04-03T09:15:24.001+0000] {processor.py:208} INFO - Processing /home/ubuntu/MLFlow/dags/weather_dag.py took 0.287 seconds
[2025-04-03T09:15:54.370+0000] {processor.py:186} INFO - Started process (PID=29880) to work on /home/ubuntu/MLFlow/dags/weather_dag.py
[2025-04-03T09:15:54.372+0000] {processor.py:914} INFO - Processing file /home/ubuntu/MLFlow/dags/weather_dag.py for tasks to queue
[2025-04-03T09:15:54.375+0000] {logging_mixin.py:190} INFO - [2025-04-03T09:15:54.374+0000] {dagbag.py:588} INFO - Filling up the DagBag from /home/ubuntu/MLFlow/dags/weather_dag.py
[2025-04-03T09:15:54.425+0000] {processor.py:925} INFO - DAG(s) 'weather_data_collection' retrieved from /home/ubuntu/MLFlow/dags/weather_dag.py
[2025-04-03T09:15:54.471+0000] {logging_mixin.py:190} INFO - [2025-04-03T09:15:54.471+0000] {dag.py:3239} INFO - Sync 1 DAGs
[2025-04-03T09:15:54.521+0000] {logging_mixin.py:190} INFO - [2025-04-03T09:15:54.520+0000] {dag.py:4180} INFO - Setting next_dagrun for weather_data_collection to 2025-04-03 09:15:00+00:00, run_after=2025-04-03 09:16:00+00:00
[2025-04-03T09:15:54.553+0000] {processor.py:208} INFO - Processing /home/ubuntu/MLFlow/dags/weather_dag.py took 0.204 seconds
[2025-04-03T09:16:24.897+0000] {processor.py:186} INFO - Started process (PID=30216) to work on /home/ubuntu/MLFlow/dags/weather_dag.py
[2025-04-03T09:16:24.902+0000] {processor.py:914} INFO - Processing file /home/ubuntu/MLFlow/dags/weather_dag.py for tasks to queue
[2025-04-03T09:16:24.905+0000] {logging_mixin.py:190} INFO - [2025-04-03T09:16:24.905+0000] {dagbag.py:588} INFO - Filling up the DagBag from /home/ubuntu/MLFlow/dags/weather_dag.py
[2025-04-03T09:16:24.942+0000] {processor.py:925} INFO - DAG(s) 'weather_data_collection' retrieved from /home/ubuntu/MLFlow/dags/weather_dag.py
[2025-04-03T09:16:24.995+0000] {logging_mixin.py:190} INFO - [2025-04-03T09:16:24.995+0000] {dag.py:3239} INFO - Sync 1 DAGs
[2025-04-03T09:16:25.045+0000] {logging_mixin.py:190} INFO - [2025-04-03T09:16:25.044+0000] {dag.py:4180} INFO - Setting next_dagrun for weather_data_collection to 2025-04-03 09:16:00+00:00, run_after=2025-04-03 09:17:00+00:00
[2025-04-03T09:16:25.076+0000] {processor.py:208} INFO - Processing /home/ubuntu/MLFlow/dags/weather_dag.py took 0.195 seconds
[2025-04-03T09:16:55.190+0000] {processor.py:186} INFO - Started process (PID=30337) to work on /home/ubuntu/MLFlow/dags/weather_dag.py
[2025-04-03T09:16:55.192+0000] {processor.py:914} INFO - Processing file /home/ubuntu/MLFlow/dags/weather_dag.py for tasks to queue
[2025-04-03T09:16:55.196+0000] {logging_mixin.py:190} INFO - [2025-04-03T09:16:55.195+0000] {dagbag.py:588} INFO - Filling up the DagBag from /home/ubuntu/MLFlow/dags/weather_dag.py
[2025-04-03T09:16:55.223+0000] {processor.py:925} INFO - DAG(s) 'weather_data_collection' retrieved from /home/ubuntu/MLFlow/dags/weather_dag.py
[2025-04-03T09:16:55.277+0000] {logging_mixin.py:190} INFO - [2025-04-03T09:16:55.277+0000] {dag.py:3239} INFO - Sync 1 DAGs
[2025-04-03T09:16:55.327+0000] {logging_mixin.py:190} INFO - [2025-04-03T09:16:55.326+0000] {dag.py:4180} INFO - Setting next_dagrun for weather_data_collection to 2025-04-03 09:16:00+00:00, run_after=2025-04-03 09:17:00+00:00
[2025-04-03T09:16:55.364+0000] {processor.py:208} INFO - Processing /home/ubuntu/MLFlow/dags/weather_dag.py took 0.184 seconds
[2025-04-03T09:17:25.531+0000] {processor.py:186} INFO - Started process (PID=30676) to work on /home/ubuntu/MLFlow/dags/weather_dag.py
[2025-04-03T09:17:25.534+0000] {processor.py:914} INFO - Processing file /home/ubuntu/MLFlow/dags/weather_dag.py for tasks to queue
[2025-04-03T09:17:25.538+0000] {logging_mixin.py:190} INFO - [2025-04-03T09:17:25.538+0000] {dagbag.py:588} INFO - Filling up the DagBag from /home/ubuntu/MLFlow/dags/weather_dag.py
[2025-04-03T09:17:25.564+0000] {processor.py:925} INFO - DAG(s) 'weather_data_collection' retrieved from /home/ubuntu/MLFlow/dags/weather_dag.py
[2025-04-03T09:17:25.617+0000] {logging_mixin.py:190} INFO - [2025-04-03T09:17:25.616+0000] {dag.py:3239} INFO - Sync 1 DAGs
[2025-04-03T09:17:25.667+0000] {logging_mixin.py:190} INFO - [2025-04-03T09:17:25.666+0000] {dag.py:4180} INFO - Setting next_dagrun for weather_data_collection to 2025-04-03 09:17:00+00:00, run_after=2025-04-03 09:18:00+00:00
[2025-04-03T09:17:25.702+0000] {processor.py:208} INFO - Processing /home/ubuntu/MLFlow/dags/weather_dag.py took 0.183 seconds
[2025-04-03T09:17:55.907+0000] {processor.py:186} INFO - Started process (PID=30807) to work on /home/ubuntu/MLFlow/dags/weather_dag.py
[2025-04-03T09:17:55.909+0000] {processor.py:914} INFO - Processing file /home/ubuntu/MLFlow/dags/weather_dag.py for tasks to queue
[2025-04-03T09:17:55.913+0000] {logging_mixin.py:190} INFO - [2025-04-03T09:17:55.912+0000] {dagbag.py:588} INFO - Filling up the DagBag from /home/ubuntu/MLFlow/dags/weather_dag.py
[2025-04-03T09:17:55.939+0000] {processor.py:925} INFO - DAG(s) 'weather_data_collection' retrieved from /home/ubuntu/MLFlow/dags/weather_dag.py
[2025-04-03T09:17:55.996+0000] {logging_mixin.py:190} INFO - [2025-04-03T09:17:55.996+0000] {dag.py:3239} INFO - Sync 1 DAGs
[2025-04-03T09:17:56.040+0000] {logging_mixin.py:190} INFO - [2025-04-03T09:17:56.039+0000] {dag.py:4180} INFO - Setting next_dagrun for weather_data_collection to 2025-04-03 09:17:00+00:00, run_after=2025-04-03 09:18:00+00:00
[2025-04-03T09:17:56.069+0000] {processor.py:208} INFO - Processing /home/ubuntu/MLFlow/dags/weather_dag.py took 0.172 seconds
[2025-04-03T09:18:26.251+0000] {processor.py:186} INFO - Started process (PID=31150) to work on /home/ubuntu/MLFlow/dags/weather_dag.py
[2025-04-03T09:18:26.253+0000] {processor.py:914} INFO - Processing file /home/ubuntu/MLFlow/dags/weather_dag.py for tasks to queue
[2025-04-03T09:18:26.256+0000] {logging_mixin.py:190} INFO - [2025-04-03T09:18:26.256+0000] {dagbag.py:588} INFO - Filling up the DagBag from /home/ubuntu/MLFlow/dags/weather_dag.py
[2025-04-03T09:18:26.282+0000] {processor.py:925} INFO - DAG(s) 'weather_data_collection' retrieved from /home/ubuntu/MLFlow/dags/weather_dag.py
[2025-04-03T09:18:26.367+0000] {logging_mixin.py:190} INFO - [2025-04-03T09:18:26.367+0000] {dag.py:3239} INFO - Sync 1 DAGs
[2025-04-03T09:18:26.431+0000] {logging_mixin.py:190} INFO - [2025-04-03T09:18:26.431+0000] {dag.py:4180} INFO - Setting next_dagrun for weather_data_collection to 2025-04-03 09:18:00+00:00, run_after=2025-04-03 09:19:00+00:00
[2025-04-03T09:18:26.462+0000] {processor.py:208} INFO - Processing /home/ubuntu/MLFlow/dags/weather_dag.py took 0.222 seconds
[2025-04-03T09:18:56.980+0000] {processor.py:186} INFO - Started process (PID=31262) to work on /home/ubuntu/MLFlow/dags/weather_dag.py
[2025-04-03T09:18:56.982+0000] {processor.py:914} INFO - Processing file /home/ubuntu/MLFlow/dags/weather_dag.py for tasks to queue
[2025-04-03T09:18:56.986+0000] {logging_mixin.py:190} INFO - [2025-04-03T09:18:56.986+0000] {dagbag.py:588} INFO - Filling up the DagBag from /home/ubuntu/MLFlow/dags/weather_dag.py
[2025-04-03T09:18:57.011+0000] {processor.py:925} INFO - DAG(s) 'weather_data_collection' retrieved from /home/ubuntu/MLFlow/dags/weather_dag.py
[2025-04-03T09:18:57.057+0000] {logging_mixin.py:190} INFO - [2025-04-03T09:18:57.057+0000] {dag.py:3239} INFO - Sync 1 DAGs
[2025-04-03T09:18:57.101+0000] {logging_mixin.py:190} INFO - [2025-04-03T09:18:57.100+0000] {dag.py:4180} INFO - Setting next_dagrun for weather_data_collection to 2025-04-03 09:18:00+00:00, run_after=2025-04-03 09:19:00+00:00
[2025-04-03T09:18:57.137+0000] {processor.py:208} INFO - Processing /home/ubuntu/MLFlow/dags/weather_dag.py took 0.182 seconds
[2025-04-03T09:19:27.276+0000] {processor.py:186} INFO - Started process (PID=31606) to work on /home/ubuntu/MLFlow/dags/weather_dag.py
[2025-04-03T09:19:27.278+0000] {processor.py:914} INFO - Processing file /home/ubuntu/MLFlow/dags/weather_dag.py for tasks to queue
[2025-04-03T09:19:27.281+0000] {logging_mixin.py:190} INFO - [2025-04-03T09:19:27.281+0000] {dagbag.py:588} INFO - Filling up the DagBag from /home/ubuntu/MLFlow/dags/weather_dag.py
[2025-04-03T09:19:27.307+0000] {processor.py:925} INFO - DAG(s) 'weather_data_collection' retrieved from /home/ubuntu/MLFlow/dags/weather_dag.py
[2025-04-03T09:19:27.363+0000] {logging_mixin.py:190} INFO - [2025-04-03T09:19:27.363+0000] {dag.py:3239} INFO - Sync 1 DAGs
[2025-04-03T09:19:27.413+0000] {logging_mixin.py:190} INFO - [2025-04-03T09:19:27.412+0000] {dag.py:4180} INFO - Setting next_dagrun for weather_data_collection to 2025-04-03 09:19:00+00:00, run_after=2025-04-03 09:20:00+00:00
[2025-04-03T09:19:27.445+0000] {processor.py:208} INFO - Processing /home/ubuntu/MLFlow/dags/weather_dag.py took 0.179 seconds
[2025-04-03T09:19:57.902+0000] {processor.py:186} INFO - Started process (PID=31726) to work on /home/ubuntu/MLFlow/dags/weather_dag.py
[2025-04-03T09:19:57.904+0000] {processor.py:914} INFO - Processing file /home/ubuntu/MLFlow/dags/weather_dag.py for tasks to queue
[2025-04-03T09:19:57.907+0000] {logging_mixin.py:190} INFO - [2025-04-03T09:19:57.907+0000] {dagbag.py:588} INFO - Filling up the DagBag from /home/ubuntu/MLFlow/dags/weather_dag.py
[2025-04-03T09:19:57.942+0000] {processor.py:925} INFO - DAG(s) 'weather_data_collection' retrieved from /home/ubuntu/MLFlow/dags/weather_dag.py
[2025-04-03T09:19:57.993+0000] {logging_mixin.py:190} INFO - [2025-04-03T09:19:57.993+0000] {dag.py:3239} INFO - Sync 1 DAGs
[2025-04-03T09:19:58.045+0000] {logging_mixin.py:190} INFO - [2025-04-03T09:19:58.045+0000] {dag.py:4180} INFO - Setting next_dagrun for weather_data_collection to 2025-04-03 09:19:00+00:00, run_after=2025-04-03 09:20:00+00:00
[2025-04-03T09:19:58.079+0000] {processor.py:208} INFO - Processing /home/ubuntu/MLFlow/dags/weather_dag.py took 0.187 seconds
[2025-04-03T09:20:28.267+0000] {processor.py:186} INFO - Started process (PID=32066) to work on /home/ubuntu/MLFlow/dags/weather_dag.py
[2025-04-03T09:20:28.269+0000] {processor.py:914} INFO - Processing file /home/ubuntu/MLFlow/dags/weather_dag.py for tasks to queue
[2025-04-03T09:20:28.273+0000] {logging_mixin.py:190} INFO - [2025-04-03T09:20:28.272+0000] {dagbag.py:588} INFO - Filling up the DagBag from /home/ubuntu/MLFlow/dags/weather_dag.py
[2025-04-03T09:20:28.298+0000] {processor.py:925} INFO - DAG(s) 'weather_data_collection' retrieved from /home/ubuntu/MLFlow/dags/weather_dag.py
[2025-04-03T09:20:28.356+0000] {logging_mixin.py:190} INFO - [2025-04-03T09:20:28.355+0000] {dag.py:3239} INFO - Sync 1 DAGs
[2025-04-03T09:20:28.401+0000] {logging_mixin.py:190} INFO - [2025-04-03T09:20:28.401+0000] {dag.py:4180} INFO - Setting next_dagrun for weather_data_collection to 2025-04-03 09:20:00+00:00, run_after=2025-04-03 09:21:00+00:00
[2025-04-03T09:20:28.442+0000] {processor.py:208} INFO - Processing /home/ubuntu/MLFlow/dags/weather_dag.py took 0.185 seconds
[2025-04-03T09:20:58.894+0000] {processor.py:186} INFO - Started process (PID=32097) to work on /home/ubuntu/MLFlow/dags/weather_dag.py
[2025-04-03T09:20:58.896+0000] {processor.py:914} INFO - Processing file /home/ubuntu/MLFlow/dags/weather_dag.py for tasks to queue
[2025-04-03T09:20:58.910+0000] {logging_mixin.py:190} INFO - [2025-04-03T09:20:58.909+0000] {dagbag.py:588} INFO - Filling up the DagBag from /home/ubuntu/MLFlow/dags/weather_dag.py
[2025-04-03T09:20:58.935+0000] {processor.py:925} INFO - DAG(s) 'weather_data_collection' retrieved from /home/ubuntu/MLFlow/dags/weather_dag.py
[2025-04-03T09:20:58.983+0000] {logging_mixin.py:190} INFO - [2025-04-03T09:20:58.983+0000] {dag.py:3239} INFO - Sync 1 DAGs
[2025-04-03T09:20:59.032+0000] {logging_mixin.py:190} INFO - [2025-04-03T09:20:59.031+0000] {dag.py:4180} INFO - Setting next_dagrun for weather_data_collection to 2025-04-03 09:20:00+00:00, run_after=2025-04-03 09:21:00+00:00
[2025-04-03T09:20:59.062+0000] {processor.py:208} INFO - Processing /home/ubuntu/MLFlow/dags/weather_dag.py took 0.177 seconds
[2025-04-03T09:21:29.507+0000] {processor.py:186} INFO - Started process (PID=32404) to work on /home/ubuntu/MLFlow/dags/weather_dag.py
[2025-04-03T09:21:29.509+0000] {processor.py:914} INFO - Processing file /home/ubuntu/MLFlow/dags/weather_dag.py for tasks to queue
[2025-04-03T09:21:29.514+0000] {logging_mixin.py:190} INFO - [2025-04-03T09:21:29.513+0000] {dagbag.py:588} INFO - Filling up the DagBag from /home/ubuntu/MLFlow/dags/weather_dag.py
[2025-04-03T09:21:29.566+0000] {processor.py:925} INFO - DAG(s) 'weather_data_collection' retrieved from /home/ubuntu/MLFlow/dags/weather_dag.py
[2025-04-03T09:21:29.612+0000] {logging_mixin.py:190} INFO - [2025-04-03T09:21:29.611+0000] {dag.py:3239} INFO - Sync 1 DAGs
[2025-04-03T09:21:29.659+0000] {logging_mixin.py:190} INFO - [2025-04-03T09:21:29.659+0000] {dag.py:4180} INFO - Setting next_dagrun for weather_data_collection to 2025-04-03 09:21:00+00:00, run_after=2025-04-03 09:22:00+00:00
[2025-04-03T09:21:29.691+0000] {processor.py:208} INFO - Processing /home/ubuntu/MLFlow/dags/weather_dag.py took 0.196 seconds
[2025-04-03T09:21:59.992+0000] {processor.py:186} INFO - Started process (PID=32439) to work on /home/ubuntu/MLFlow/dags/weather_dag.py
[2025-04-03T09:21:59.996+0000] {processor.py:914} INFO - Processing file /home/ubuntu/MLFlow/dags/weather_dag.py for tasks to queue
[2025-04-03T09:21:59.999+0000] {logging_mixin.py:190} INFO - [2025-04-03T09:21:59.998+0000] {dagbag.py:588} INFO - Filling up the DagBag from /home/ubuntu/MLFlow/dags/weather_dag.py
[2025-04-03T09:22:00.034+0000] {processor.py:925} INFO - DAG(s) 'weather_data_collection' retrieved from /home/ubuntu/MLFlow/dags/weather_dag.py
[2025-04-03T09:22:00.091+0000] {logging_mixin.py:190} INFO - [2025-04-03T09:22:00.091+0000] {dag.py:3239} INFO - Sync 1 DAGs
[2025-04-03T09:22:00.168+0000] {logging_mixin.py:190} INFO - [2025-04-03T09:22:00.168+0000] {dag.py:4180} INFO - Setting next_dagrun for weather_data_collection to 2025-04-03 09:21:00+00:00, run_after=2025-04-03 09:22:00+00:00
[2025-04-03T09:22:00.203+0000] {processor.py:208} INFO - Processing /home/ubuntu/MLFlow/dags/weather_dag.py took 0.227 seconds
[2025-04-03T09:22:30.519+0000] {processor.py:186} INFO - Started process (PID=32768) to work on /home/ubuntu/MLFlow/dags/weather_dag.py
[2025-04-03T09:22:30.520+0000] {processor.py:914} INFO - Processing file /home/ubuntu/MLFlow/dags/weather_dag.py for tasks to queue
[2025-04-03T09:22:30.524+0000] {logging_mixin.py:190} INFO - [2025-04-03T09:22:30.523+0000] {dagbag.py:588} INFO - Filling up the DagBag from /home/ubuntu/MLFlow/dags/weather_dag.py
[2025-04-03T09:22:30.552+0000] {processor.py:925} INFO - DAG(s) 'weather_data_collection' retrieved from /home/ubuntu/MLFlow/dags/weather_dag.py
[2025-04-03T09:22:30.604+0000] {logging_mixin.py:190} INFO - [2025-04-03T09:22:30.603+0000] {dag.py:3239} INFO - Sync 1 DAGs
[2025-04-03T09:22:30.651+0000] {logging_mixin.py:190} INFO - [2025-04-03T09:22:30.651+0000] {dag.py:4180} INFO - Setting next_dagrun for weather_data_collection to 2025-04-03 09:22:00+00:00, run_after=2025-04-03 09:23:00+00:00
[2025-04-03T09:22:30.684+0000] {processor.py:208} INFO - Processing /home/ubuntu/MLFlow/dags/weather_dag.py took 0.175 seconds
[2025-04-03T09:23:01.026+0000] {processor.py:186} INFO - Started process (PID=32804) to work on /home/ubuntu/MLFlow/dags/weather_dag.py
[2025-04-03T09:23:01.029+0000] {processor.py:914} INFO - Processing file /home/ubuntu/MLFlow/dags/weather_dag.py for tasks to queue
[2025-04-03T09:23:01.032+0000] {logging_mixin.py:190} INFO - [2025-04-03T09:23:01.032+0000] {dagbag.py:588} INFO - Filling up the DagBag from /home/ubuntu/MLFlow/dags/weather_dag.py
[2025-04-03T09:23:01.087+0000] {processor.py:925} INFO - DAG(s) 'weather_data_collection' retrieved from /home/ubuntu/MLFlow/dags/weather_dag.py
[2025-04-03T09:23:01.201+0000] {logging_mixin.py:190} INFO - [2025-04-03T09:23:01.201+0000] {dag.py:3239} INFO - Sync 1 DAGs
[2025-04-03T09:23:01.453+0000] {processor.py:208} INFO - Processing /home/ubuntu/MLFlow/dags/weather_dag.py took 0.436 seconds
[2025-04-03T09:23:31.798+0000] {processor.py:186} INFO - Started process (PID=33108) to work on /home/ubuntu/MLFlow/dags/weather_dag.py
[2025-04-03T09:23:31.812+0000] {processor.py:914} INFO - Processing file /home/ubuntu/MLFlow/dags/weather_dag.py for tasks to queue
[2025-04-03T09:23:31.818+0000] {logging_mixin.py:190} INFO - [2025-04-03T09:23:31.818+0000] {dagbag.py:588} INFO - Filling up the DagBag from /home/ubuntu/MLFlow/dags/weather_dag.py
[2025-04-03T09:23:31.863+0000] {processor.py:925} INFO - DAG(s) 'weather_data_collection' retrieved from /home/ubuntu/MLFlow/dags/weather_dag.py
[2025-04-03T09:23:31.917+0000] {logging_mixin.py:190} INFO - [2025-04-03T09:23:31.917+0000] {dag.py:3239} INFO - Sync 1 DAGs
[2025-04-03T09:23:31.979+0000] {logging_mixin.py:190} INFO - [2025-04-03T09:23:31.979+0000] {dag.py:4180} INFO - Setting next_dagrun for weather_data_collection to 2025-04-03 09:23:00+00:00, run_after=2025-04-03 09:24:00+00:00
[2025-04-03T09:23:32.005+0000] {processor.py:208} INFO - Processing /home/ubuntu/MLFlow/dags/weather_dag.py took 0.217 seconds
[2025-04-03T09:24:02.373+0000] {processor.py:186} INFO - Started process (PID=33243) to work on /home/ubuntu/MLFlow/dags/weather_dag.py
[2025-04-03T09:24:02.385+0000] {processor.py:914} INFO - Processing file /home/ubuntu/MLFlow/dags/weather_dag.py for tasks to queue
[2025-04-03T09:24:02.399+0000] {logging_mixin.py:190} INFO - [2025-04-03T09:24:02.398+0000] {dagbag.py:588} INFO - Filling up the DagBag from /home/ubuntu/MLFlow/dags/weather_dag.py
[2025-04-03T09:24:02.462+0000] {processor.py:925} INFO - DAG(s) 'weather_data_collection' retrieved from /home/ubuntu/MLFlow/dags/weather_dag.py
[2025-04-03T09:24:02.549+0000] {logging_mixin.py:190} INFO - [2025-04-03T09:24:02.548+0000] {dag.py:3239} INFO - Sync 1 DAGs
[2025-04-03T09:24:02.692+0000] {processor.py:208} INFO - Processing /home/ubuntu/MLFlow/dags/weather_dag.py took 0.349 seconds
[2025-04-03T09:24:33.058+0000] {processor.py:186} INFO - Started process (PID=33483) to work on /home/ubuntu/MLFlow/dags/weather_dag.py
[2025-04-03T09:24:33.060+0000] {processor.py:914} INFO - Processing file /home/ubuntu/MLFlow/dags/weather_dag.py for tasks to queue
[2025-04-03T09:24:33.063+0000] {logging_mixin.py:190} INFO - [2025-04-03T09:24:33.062+0000] {dagbag.py:588} INFO - Filling up the DagBag from /home/ubuntu/MLFlow/dags/weather_dag.py
[2025-04-03T09:24:33.088+0000] {processor.py:925} INFO - DAG(s) 'weather_data_collection' retrieved from /home/ubuntu/MLFlow/dags/weather_dag.py
[2025-04-03T09:24:33.134+0000] {logging_mixin.py:190} INFO - [2025-04-03T09:24:33.134+0000] {dag.py:3239} INFO - Sync 1 DAGs
[2025-04-03T09:24:33.181+0000] {logging_mixin.py:190} INFO - [2025-04-03T09:24:33.180+0000] {dag.py:4180} INFO - Setting next_dagrun for weather_data_collection to 2025-04-03 09:24:00+00:00, run_after=2025-04-03 09:25:00+00:00
[2025-04-03T09:24:33.212+0000] {processor.py:208} INFO - Processing /home/ubuntu/MLFlow/dags/weather_dag.py took 0.164 seconds
[2025-04-03T09:25:03.608+0000] {processor.py:186} INFO - Started process (PID=33691) to work on /home/ubuntu/MLFlow/dags/weather_dag.py
[2025-04-03T09:25:03.610+0000] {processor.py:914} INFO - Processing file /home/ubuntu/MLFlow/dags/weather_dag.py for tasks to queue
[2025-04-03T09:25:03.613+0000] {logging_mixin.py:190} INFO - [2025-04-03T09:25:03.613+0000] {dagbag.py:588} INFO - Filling up the DagBag from /home/ubuntu/MLFlow/dags/weather_dag.py
[2025-04-03T09:25:03.638+0000] {processor.py:925} INFO - DAG(s) 'weather_data_collection' retrieved from /home/ubuntu/MLFlow/dags/weather_dag.py
[2025-04-03T09:25:03.687+0000] {logging_mixin.py:190} INFO - [2025-04-03T09:25:03.687+0000] {dag.py:3239} INFO - Sync 1 DAGs
[2025-04-03T09:25:03.760+0000] {processor.py:208} INFO - Processing /home/ubuntu/MLFlow/dags/weather_dag.py took 0.173 seconds
[2025-04-03T09:25:33.897+0000] {processor.py:186} INFO - Started process (PID=33882) to work on /home/ubuntu/MLFlow/dags/weather_dag.py
[2025-04-03T09:25:33.900+0000] {processor.py:914} INFO - Processing file /home/ubuntu/MLFlow/dags/weather_dag.py for tasks to queue
[2025-04-03T09:25:33.903+0000] {logging_mixin.py:190} INFO - [2025-04-03T09:25:33.902+0000] {dagbag.py:588} INFO - Filling up the DagBag from /home/ubuntu/MLFlow/dags/weather_dag.py
[2025-04-03T09:25:33.927+0000] {processor.py:925} INFO - DAG(s) 'weather_data_collection' retrieved from /home/ubuntu/MLFlow/dags/weather_dag.py
[2025-04-03T09:25:33.975+0000] {logging_mixin.py:190} INFO - [2025-04-03T09:25:33.975+0000] {dag.py:3239} INFO - Sync 1 DAGs
[2025-04-03T09:25:34.024+0000] {logging_mixin.py:190} INFO - [2025-04-03T09:25:34.024+0000] {dag.py:4180} INFO - Setting next_dagrun for weather_data_collection to 2025-04-03 09:25:00+00:00, run_after=2025-04-03 09:26:00+00:00
[2025-04-03T09:25:34.055+0000] {processor.py:208} INFO - Processing /home/ubuntu/MLFlow/dags/weather_dag.py took 0.167 seconds
[2025-04-03T09:26:04.354+0000] {processor.py:186} INFO - Started process (PID=34067) to work on /home/ubuntu/MLFlow/dags/weather_dag.py
[2025-04-03T09:26:04.356+0000] {processor.py:914} INFO - Processing file /home/ubuntu/MLFlow/dags/weather_dag.py for tasks to queue
[2025-04-03T09:26:04.359+0000] {logging_mixin.py:190} INFO - [2025-04-03T09:26:04.359+0000] {dagbag.py:588} INFO - Filling up the DagBag from /home/ubuntu/MLFlow/dags/weather_dag.py
[2025-04-03T09:26:04.384+0000] {processor.py:925} INFO - DAG(s) 'weather_data_collection' retrieved from /home/ubuntu/MLFlow/dags/weather_dag.py
[2025-04-03T09:26:04.438+0000] {logging_mixin.py:190} INFO - [2025-04-03T09:26:04.437+0000] {dag.py:3239} INFO - Sync 1 DAGs
[2025-04-03T09:26:04.513+0000] {processor.py:208} INFO - Processing /home/ubuntu/MLFlow/dags/weather_dag.py took 0.170 seconds
[2025-04-03T09:26:34.667+0000] {processor.py:186} INFO - Started process (PID=34225) to work on /home/ubuntu/MLFlow/dags/weather_dag.py
[2025-04-03T09:26:34.673+0000] {processor.py:914} INFO - Processing file /home/ubuntu/MLFlow/dags/weather_dag.py for tasks to queue
[2025-04-03T09:26:34.679+0000] {logging_mixin.py:190} INFO - [2025-04-03T09:26:34.675+0000] {dagbag.py:588} INFO - Filling up the DagBag from /home/ubuntu/MLFlow/dags/weather_dag.py
[2025-04-03T09:26:34.706+0000] {processor.py:925} INFO - DAG(s) 'weather_data_collection' retrieved from /home/ubuntu/MLFlow/dags/weather_dag.py
[2025-04-03T09:26:34.752+0000] {logging_mixin.py:190} INFO - [2025-04-03T09:26:34.751+0000] {dag.py:3239} INFO - Sync 1 DAGs
[2025-04-03T09:26:34.797+0000] {logging_mixin.py:190} INFO - [2025-04-03T09:26:34.796+0000] {dag.py:4180} INFO - Setting next_dagrun for weather_data_collection to 2025-04-03 09:26:00+00:00, run_after=2025-04-03 09:27:00+00:00
[2025-04-03T09:26:34.826+0000] {processor.py:208} INFO - Processing /home/ubuntu/MLFlow/dags/weather_dag.py took 0.181 seconds
[2025-04-03T09:27:05.095+0000] {processor.py:186} INFO - Started process (PID=34412) to work on /home/ubuntu/MLFlow/dags/weather_dag.py
[2025-04-03T09:27:05.100+0000] {processor.py:914} INFO - Processing file /home/ubuntu/MLFlow/dags/weather_dag.py for tasks to queue
[2025-04-03T09:27:05.107+0000] {logging_mixin.py:190} INFO - [2025-04-03T09:27:05.103+0000] {dagbag.py:588} INFO - Filling up the DagBag from /home/ubuntu/MLFlow/dags/weather_dag.py
[2025-04-03T09:27:05.152+0000] {processor.py:925} INFO - DAG(s) 'weather_data_collection' retrieved from /home/ubuntu/MLFlow/dags/weather_dag.py
[2025-04-03T09:27:05.255+0000] {logging_mixin.py:190} INFO - [2025-04-03T09:27:05.254+0000] {dag.py:3239} INFO - Sync 1 DAGs
[2025-04-03T09:27:05.383+0000] {processor.py:208} INFO - Processing /home/ubuntu/MLFlow/dags/weather_dag.py took 0.298 seconds
[2025-04-03T09:27:35.648+0000] {processor.py:186} INFO - Started process (PID=34556) to work on /home/ubuntu/MLFlow/dags/weather_dag.py
[2025-04-03T09:27:35.649+0000] {processor.py:914} INFO - Processing file /home/ubuntu/MLFlow/dags/weather_dag.py for tasks to queue
[2025-04-03T09:27:35.653+0000] {logging_mixin.py:190} INFO - [2025-04-03T09:27:35.652+0000] {dagbag.py:588} INFO - Filling up the DagBag from /home/ubuntu/MLFlow/dags/weather_dag.py
[2025-04-03T09:27:35.691+0000] {processor.py:925} INFO - DAG(s) 'weather_data_collection' retrieved from /home/ubuntu/MLFlow/dags/weather_dag.py
[2025-04-03T09:27:35.737+0000] {logging_mixin.py:190} INFO - [2025-04-03T09:27:35.736+0000] {dag.py:3239} INFO - Sync 1 DAGs
[2025-04-03T09:27:35.778+0000] {logging_mixin.py:190} INFO - [2025-04-03T09:27:35.778+0000] {dag.py:4180} INFO - Setting next_dagrun for weather_data_collection to 2025-04-03 09:27:00+00:00, run_after=2025-04-03 09:28:00+00:00
[2025-04-03T09:27:35.807+0000] {processor.py:208} INFO - Processing /home/ubuntu/MLFlow/dags/weather_dag.py took 0.171 seconds
[2025-04-03T09:28:06.135+0000] {processor.py:186} INFO - Started process (PID=34754) to work on /home/ubuntu/MLFlow/dags/weather_dag.py
[2025-04-03T09:28:06.138+0000] {processor.py:914} INFO - Processing file /home/ubuntu/MLFlow/dags/weather_dag.py for tasks to queue
[2025-04-03T09:28:06.148+0000] {logging_mixin.py:190} INFO - [2025-04-03T09:28:06.147+0000] {dagbag.py:588} INFO - Filling up the DagBag from /home/ubuntu/MLFlow/dags/weather_dag.py
[2025-04-03T09:28:06.216+0000] {processor.py:925} INFO - DAG(s) 'weather_data_collection' retrieved from /home/ubuntu/MLFlow/dags/weather_dag.py
[2025-04-03T09:28:06.275+0000] {logging_mixin.py:190} INFO - [2025-04-03T09:28:06.274+0000] {dag.py:3239} INFO - Sync 1 DAGs
[2025-04-03T09:28:06.416+0000] {processor.py:208} INFO - Processing /home/ubuntu/MLFlow/dags/weather_dag.py took 0.301 seconds
[2025-04-03T09:28:36.710+0000] {processor.py:186} INFO - Started process (PID=34892) to work on /home/ubuntu/MLFlow/dags/weather_dag.py
[2025-04-03T09:28:36.711+0000] {processor.py:914} INFO - Processing file /home/ubuntu/MLFlow/dags/weather_dag.py for tasks to queue
[2025-04-03T09:28:36.715+0000] {logging_mixin.py:190} INFO - [2025-04-03T09:28:36.714+0000] {dagbag.py:588} INFO - Filling up the DagBag from /home/ubuntu/MLFlow/dags/weather_dag.py
[2025-04-03T09:28:36.739+0000] {processor.py:925} INFO - DAG(s) 'weather_data_collection' retrieved from /home/ubuntu/MLFlow/dags/weather_dag.py
[2025-04-03T09:28:36.788+0000] {logging_mixin.py:190} INFO - [2025-04-03T09:28:36.788+0000] {dag.py:3239} INFO - Sync 1 DAGs
[2025-04-03T09:28:36.832+0000] {logging_mixin.py:190} INFO - [2025-04-03T09:28:36.832+0000] {dag.py:4180} INFO - Setting next_dagrun for weather_data_collection to 2025-04-03 09:28:00+00:00, run_after=2025-04-03 09:29:00+00:00
[2025-04-03T09:28:36.862+0000] {processor.py:208} INFO - Processing /home/ubuntu/MLFlow/dags/weather_dag.py took 0.162 seconds
[2025-04-03T09:29:07.206+0000] {processor.py:186} INFO - Started process (PID=35105) to work on /home/ubuntu/MLFlow/dags/weather_dag.py
[2025-04-03T09:29:07.208+0000] {processor.py:914} INFO - Processing file /home/ubuntu/MLFlow/dags/weather_dag.py for tasks to queue
[2025-04-03T09:29:07.216+0000] {logging_mixin.py:190} INFO - [2025-04-03T09:29:07.212+0000] {dagbag.py:588} INFO - Filling up the DagBag from /home/ubuntu/MLFlow/dags/weather_dag.py
[2025-04-03T09:29:07.262+0000] {processor.py:925} INFO - DAG(s) 'weather_data_collection' retrieved from /home/ubuntu/MLFlow/dags/weather_dag.py
[2025-04-03T09:29:07.371+0000] {logging_mixin.py:190} INFO - [2025-04-03T09:29:07.370+0000] {dag.py:3239} INFO - Sync 1 DAGs
[2025-04-03T09:29:07.512+0000] {processor.py:208} INFO - Processing /home/ubuntu/MLFlow/dags/weather_dag.py took 0.325 seconds
[2025-04-03T09:29:37.923+0000] {processor.py:186} INFO - Started process (PID=35232) to work on /home/ubuntu/MLFlow/dags/weather_dag.py
[2025-04-03T09:29:37.924+0000] {processor.py:914} INFO - Processing file /home/ubuntu/MLFlow/dags/weather_dag.py for tasks to queue
[2025-04-03T09:29:37.927+0000] {logging_mixin.py:190} INFO - [2025-04-03T09:29:37.927+0000] {dagbag.py:588} INFO - Filling up the DagBag from /home/ubuntu/MLFlow/dags/weather_dag.py
[2025-04-03T09:29:37.952+0000] {processor.py:925} INFO - DAG(s) 'weather_data_collection' retrieved from /home/ubuntu/MLFlow/dags/weather_dag.py
[2025-04-03T09:29:38.006+0000] {logging_mixin.py:190} INFO - [2025-04-03T09:29:38.005+0000] {dag.py:3239} INFO - Sync 1 DAGs
[2025-04-03T09:29:38.056+0000] {logging_mixin.py:190} INFO - [2025-04-03T09:29:38.056+0000] {dag.py:4180} INFO - Setting next_dagrun for weather_data_collection to 2025-04-03 09:29:00+00:00, run_after=2025-04-03 09:30:00+00:00
[2025-04-03T09:29:38.088+0000] {processor.py:208} INFO - Processing /home/ubuntu/MLFlow/dags/weather_dag.py took 0.181 seconds
[2025-04-03T09:30:08.309+0000] {processor.py:186} INFO - Started process (PID=35446) to work on /home/ubuntu/MLFlow/dags/weather_dag.py
[2025-04-03T09:30:08.312+0000] {processor.py:914} INFO - Processing file /home/ubuntu/MLFlow/dags/weather_dag.py for tasks to queue
[2025-04-03T09:30:08.322+0000] {logging_mixin.py:190} INFO - [2025-04-03T09:30:08.321+0000] {dagbag.py:588} INFO - Filling up the DagBag from /home/ubuntu/MLFlow/dags/weather_dag.py
[2025-04-03T09:30:08.367+0000] {processor.py:925} INFO - DAG(s) 'weather_data_collection' retrieved from /home/ubuntu/MLFlow/dags/weather_dag.py
[2025-04-03T09:30:08.516+0000] {logging_mixin.py:190} INFO - [2025-04-03T09:30:08.516+0000] {dag.py:3239} INFO - Sync 1 DAGs
[2025-04-03T09:30:08.726+0000] {processor.py:208} INFO - Processing /home/ubuntu/MLFlow/dags/weather_dag.py took 0.433 seconds
[2025-04-03T09:30:39.160+0000] {processor.py:186} INFO - Started process (PID=35570) to work on /home/ubuntu/MLFlow/dags/weather_dag.py
[2025-04-03T09:30:39.163+0000] {processor.py:914} INFO - Processing file /home/ubuntu/MLFlow/dags/weather_dag.py for tasks to queue
[2025-04-03T09:30:39.169+0000] {logging_mixin.py:190} INFO - [2025-04-03T09:30:39.168+0000] {dagbag.py:588} INFO - Filling up the DagBag from /home/ubuntu/MLFlow/dags/weather_dag.py
[2025-04-03T09:30:39.195+0000] {processor.py:925} INFO - DAG(s) 'weather_data_collection' retrieved from /home/ubuntu/MLFlow/dags/weather_dag.py
[2025-04-03T09:30:39.252+0000] {logging_mixin.py:190} INFO - [2025-04-03T09:30:39.252+0000] {dag.py:3239} INFO - Sync 1 DAGs
[2025-04-03T09:30:39.301+0000] {logging_mixin.py:190} INFO - [2025-04-03T09:30:39.301+0000] {dag.py:4180} INFO - Setting next_dagrun for weather_data_collection to 2025-04-03 09:30:00+00:00, run_after=2025-04-03 09:31:00+00:00
[2025-04-03T09:30:39.334+0000] {processor.py:208} INFO - Processing /home/ubuntu/MLFlow/dags/weather_dag.py took 0.185 seconds
[2025-04-03T09:31:09.674+0000] {processor.py:186} INFO - Started process (PID=35802) to work on /home/ubuntu/MLFlow/dags/weather_dag.py
[2025-04-03T09:31:09.696+0000] {processor.py:914} INFO - Processing file /home/ubuntu/MLFlow/dags/weather_dag.py for tasks to queue
[2025-04-03T09:31:09.708+0000] {logging_mixin.py:190} INFO - [2025-04-03T09:31:09.707+0000] {dagbag.py:588} INFO - Filling up the DagBag from /home/ubuntu/MLFlow/dags/weather_dag.py
[2025-04-03T09:31:09.780+0000] {processor.py:925} INFO - DAG(s) 'weather_data_collection' retrieved from /home/ubuntu/MLFlow/dags/weather_dag.py
[2025-04-03T09:31:09.888+0000] {logging_mixin.py:190} INFO - [2025-04-03T09:31:09.887+0000] {dag.py:3239} INFO - Sync 1 DAGs
[2025-04-03T09:31:10.044+0000] {processor.py:208} INFO - Processing /home/ubuntu/MLFlow/dags/weather_dag.py took 0.381 seconds
[2025-04-03T09:31:40.385+0000] {processor.py:186} INFO - Started process (PID=35910) to work on /home/ubuntu/MLFlow/dags/weather_dag.py
[2025-04-03T09:31:40.386+0000] {processor.py:914} INFO - Processing file /home/ubuntu/MLFlow/dags/weather_dag.py for tasks to queue
[2025-04-03T09:31:40.389+0000] {logging_mixin.py:190} INFO - [2025-04-03T09:31:40.389+0000] {dagbag.py:588} INFO - Filling up the DagBag from /home/ubuntu/MLFlow/dags/weather_dag.py
[2025-04-03T09:31:40.422+0000] {processor.py:925} INFO - DAG(s) 'weather_data_collection' retrieved from /home/ubuntu/MLFlow/dags/weather_dag.py
[2025-04-03T09:31:40.464+0000] {logging_mixin.py:190} INFO - [2025-04-03T09:31:40.463+0000] {dag.py:3239} INFO - Sync 1 DAGs
[2025-04-03T09:31:40.508+0000] {logging_mixin.py:190} INFO - [2025-04-03T09:31:40.508+0000] {dag.py:4180} INFO - Setting next_dagrun for weather_data_collection to 2025-04-03 09:31:00+00:00, run_after=2025-04-03 09:32:00+00:00
[2025-04-03T09:31:40.546+0000] {processor.py:208} INFO - Processing /home/ubuntu/MLFlow/dags/weather_dag.py took 0.171 seconds
[2025-04-03T09:32:10.969+0000] {processor.py:186} INFO - Started process (PID=36149) to work on /home/ubuntu/MLFlow/dags/weather_dag.py
[2025-04-03T09:32:10.971+0000] {processor.py:914} INFO - Processing file /home/ubuntu/MLFlow/dags/weather_dag.py for tasks to queue
[2025-04-03T09:32:10.977+0000] {logging_mixin.py:190} INFO - [2025-04-03T09:32:10.977+0000] {dagbag.py:588} INFO - Filling up the DagBag from /home/ubuntu/MLFlow/dags/weather_dag.py
[2025-04-03T09:32:11.022+0000] {processor.py:925} INFO - DAG(s) 'weather_data_collection' retrieved from /home/ubuntu/MLFlow/dags/weather_dag.py
[2025-04-03T09:32:11.174+0000] {logging_mixin.py:190} INFO - [2025-04-03T09:32:11.174+0000] {dag.py:3239} INFO - Sync 1 DAGs
[2025-04-03T09:32:11.337+0000] {processor.py:208} INFO - Processing /home/ubuntu/MLFlow/dags/weather_dag.py took 0.387 seconds
[2025-04-03T09:32:41.685+0000] {processor.py:186} INFO - Started process (PID=36250) to work on /home/ubuntu/MLFlow/dags/weather_dag.py
[2025-04-03T09:32:41.687+0000] {processor.py:914} INFO - Processing file /home/ubuntu/MLFlow/dags/weather_dag.py for tasks to queue
[2025-04-03T09:32:41.691+0000] {logging_mixin.py:190} INFO - [2025-04-03T09:32:41.690+0000] {dagbag.py:588} INFO - Filling up the DagBag from /home/ubuntu/MLFlow/dags/weather_dag.py
[2025-04-03T09:32:41.728+0000] {processor.py:925} INFO - DAG(s) 'weather_data_collection' retrieved from /home/ubuntu/MLFlow/dags/weather_dag.py
[2025-04-03T09:32:41.781+0000] {logging_mixin.py:190} INFO - [2025-04-03T09:32:41.780+0000] {dag.py:3239} INFO - Sync 1 DAGs
[2025-04-03T09:32:41.829+0000] {logging_mixin.py:190} INFO - [2025-04-03T09:32:41.829+0000] {dag.py:4180} INFO - Setting next_dagrun for weather_data_collection to 2025-04-03 09:32:00+00:00, run_after=2025-04-03 09:33:00+00:00
[2025-04-03T09:32:41.891+0000] {processor.py:208} INFO - Processing /home/ubuntu/MLFlow/dags/weather_dag.py took 0.216 seconds
[2025-04-03T09:33:12.286+0000] {processor.py:186} INFO - Started process (PID=36511) to work on /home/ubuntu/MLFlow/dags/weather_dag.py
[2025-04-03T09:33:12.300+0000] {processor.py:914} INFO - Processing file /home/ubuntu/MLFlow/dags/weather_dag.py for tasks to queue
[2025-04-03T09:33:12.303+0000] {logging_mixin.py:190} INFO - [2025-04-03T09:33:12.303+0000] {dagbag.py:588} INFO - Filling up the DagBag from /home/ubuntu/MLFlow/dags/weather_dag.py
[2025-04-03T09:33:12.348+0000] {processor.py:925} INFO - DAG(s) 'weather_data_collection' retrieved from /home/ubuntu/MLFlow/dags/weather_dag.py
[2025-04-03T09:33:12.453+0000] {logging_mixin.py:190} INFO - [2025-04-03T09:33:12.452+0000] {dag.py:3239} INFO - Sync 1 DAGs
[2025-04-03T09:33:12.637+0000] {processor.py:208} INFO - Processing /home/ubuntu/MLFlow/dags/weather_dag.py took 0.365 seconds
[2025-04-03T09:33:42.953+0000] {processor.py:186} INFO - Started process (PID=36592) to work on /home/ubuntu/MLFlow/dags/weather_dag.py
[2025-04-03T09:33:42.955+0000] {processor.py:914} INFO - Processing file /home/ubuntu/MLFlow/dags/weather_dag.py for tasks to queue
[2025-04-03T09:33:42.959+0000] {logging_mixin.py:190} INFO - [2025-04-03T09:33:42.958+0000] {dagbag.py:588} INFO - Filling up the DagBag from /home/ubuntu/MLFlow/dags/weather_dag.py
[2025-04-03T09:33:43.008+0000] {processor.py:925} INFO - DAG(s) 'weather_data_collection' retrieved from /home/ubuntu/MLFlow/dags/weather_dag.py
[2025-04-03T09:33:43.063+0000] {logging_mixin.py:190} INFO - [2025-04-03T09:33:43.062+0000] {dag.py:3239} INFO - Sync 1 DAGs
[2025-04-03T09:33:43.111+0000] {logging_mixin.py:190} INFO - [2025-04-03T09:33:43.111+0000] {dag.py:4180} INFO - Setting next_dagrun for weather_data_collection to 2025-04-03 09:33:00+00:00, run_after=2025-04-03 09:34:00+00:00
[2025-04-03T09:33:43.148+0000] {processor.py:208} INFO - Processing /home/ubuntu/MLFlow/dags/weather_dag.py took 0.205 seconds
[2025-04-03T09:34:13.546+0000] {processor.py:186} INFO - Started process (PID=36855) to work on /home/ubuntu/MLFlow/dags/weather_dag.py
[2025-04-03T09:34:13.548+0000] {processor.py:914} INFO - Processing file /home/ubuntu/MLFlow/dags/weather_dag.py for tasks to queue
[2025-04-03T09:34:13.552+0000] {logging_mixin.py:190} INFO - [2025-04-03T09:34:13.551+0000] {dagbag.py:588} INFO - Filling up the DagBag from /home/ubuntu/MLFlow/dags/weather_dag.py
[2025-04-03T09:34:13.588+0000] {processor.py:925} INFO - DAG(s) 'weather_data_collection' retrieved from /home/ubuntu/MLFlow/dags/weather_dag.py
[2025-04-03T09:34:13.638+0000] {logging_mixin.py:190} INFO - [2025-04-03T09:34:13.638+0000] {dag.py:3239} INFO - Sync 1 DAGs
[2025-04-03T09:34:13.746+0000] {processor.py:208} INFO - Processing /home/ubuntu/MLFlow/dags/weather_dag.py took 0.209 seconds
[2025-04-03T09:34:44.118+0000] {processor.py:186} INFO - Started process (PID=36926) to work on /home/ubuntu/MLFlow/dags/weather_dag.py
[2025-04-03T09:34:44.119+0000] {processor.py:914} INFO - Processing file /home/ubuntu/MLFlow/dags/weather_dag.py for tasks to queue
[2025-04-03T09:34:44.122+0000] {logging_mixin.py:190} INFO - [2025-04-03T09:34:44.122+0000] {dagbag.py:588} INFO - Filling up the DagBag from /home/ubuntu/MLFlow/dags/weather_dag.py
[2025-04-03T09:34:44.156+0000] {processor.py:925} INFO - DAG(s) 'weather_data_collection' retrieved from /home/ubuntu/MLFlow/dags/weather_dag.py
[2025-04-03T09:34:44.199+0000] {logging_mixin.py:190} INFO - [2025-04-03T09:34:44.198+0000] {dag.py:3239} INFO - Sync 1 DAGs
[2025-04-03T09:34:44.245+0000] {logging_mixin.py:190} INFO - [2025-04-03T09:34:44.244+0000] {dag.py:4180} INFO - Setting next_dagrun for weather_data_collection to 2025-04-03 09:34:00+00:00, run_after=2025-04-03 09:35:00+00:00
[2025-04-03T09:34:44.273+0000] {processor.py:208} INFO - Processing /home/ubuntu/MLFlow/dags/weather_dag.py took 0.165 seconds
[2025-04-03T09:35:14.410+0000] {processor.py:186} INFO - Started process (PID=37198) to work on /home/ubuntu/MLFlow/dags/weather_dag.py
[2025-04-03T09:35:14.412+0000] {processor.py:914} INFO - Processing file /home/ubuntu/MLFlow/dags/weather_dag.py for tasks to queue
[2025-04-03T09:35:14.415+0000] {logging_mixin.py:190} INFO - [2025-04-03T09:35:14.415+0000] {dagbag.py:588} INFO - Filling up the DagBag from /home/ubuntu/MLFlow/dags/weather_dag.py
[2025-04-03T09:35:14.439+0000] {processor.py:925} INFO - DAG(s) 'weather_data_collection' retrieved from /home/ubuntu/MLFlow/dags/weather_dag.py
[2025-04-03T09:35:14.487+0000] {logging_mixin.py:190} INFO - [2025-04-03T09:35:14.486+0000] {dag.py:3239} INFO - Sync 1 DAGs
[2025-04-03T09:35:14.554+0000] {processor.py:208} INFO - Processing /home/ubuntu/MLFlow/dags/weather_dag.py took 0.153 seconds
[2025-04-03T09:35:44.939+0000] {processor.py:186} INFO - Started process (PID=37268) to work on /home/ubuntu/MLFlow/dags/weather_dag.py
[2025-04-03T09:35:44.941+0000] {processor.py:914} INFO - Processing file /home/ubuntu/MLFlow/dags/weather_dag.py for tasks to queue
[2025-04-03T09:35:44.954+0000] {logging_mixin.py:190} INFO - [2025-04-03T09:35:44.954+0000] {dagbag.py:588} INFO - Filling up the DagBag from /home/ubuntu/MLFlow/dags/weather_dag.py
[2025-04-03T09:35:44.981+0000] {processor.py:925} INFO - DAG(s) 'weather_data_collection' retrieved from /home/ubuntu/MLFlow/dags/weather_dag.py
[2025-04-03T09:35:45.024+0000] {logging_mixin.py:190} INFO - [2025-04-03T09:35:45.024+0000] {dag.py:3239} INFO - Sync 1 DAGs
[2025-04-03T09:35:45.070+0000] {logging_mixin.py:190} INFO - [2025-04-03T09:35:45.070+0000] {dag.py:4180} INFO - Setting next_dagrun for weather_data_collection to 2025-04-03 09:35:00+00:00, run_after=2025-04-03 09:36:00+00:00
[2025-04-03T09:35:45.102+0000] {processor.py:208} INFO - Processing /home/ubuntu/MLFlow/dags/weather_dag.py took 0.173 seconds
[2025-04-03T09:36:15.201+0000] {processor.py:186} INFO - Started process (PID=37536) to work on /home/ubuntu/MLFlow/dags/weather_dag.py
[2025-04-03T09:36:15.204+0000] {processor.py:914} INFO - Processing file /home/ubuntu/MLFlow/dags/weather_dag.py for tasks to queue
[2025-04-03T09:36:15.207+0000] {logging_mixin.py:190} INFO - [2025-04-03T09:36:15.207+0000] {dagbag.py:588} INFO - Filling up the DagBag from /home/ubuntu/MLFlow/dags/weather_dag.py
[2025-04-03T09:36:15.240+0000] {processor.py:925} INFO - DAG(s) 'weather_data_collection' retrieved from /home/ubuntu/MLFlow/dags/weather_dag.py
[2025-04-03T09:36:15.342+0000] {logging_mixin.py:190} INFO - [2025-04-03T09:36:15.342+0000] {dag.py:3239} INFO - Sync 1 DAGs
[2025-04-03T09:36:15.440+0000] {processor.py:208} INFO - Processing /home/ubuntu/MLFlow/dags/weather_dag.py took 0.250 seconds
[2025-04-03T09:36:45.695+0000] {processor.py:186} INFO - Started process (PID=37606) to work on /home/ubuntu/MLFlow/dags/weather_dag.py
[2025-04-03T09:36:45.697+0000] {processor.py:914} INFO - Processing file /home/ubuntu/MLFlow/dags/weather_dag.py for tasks to queue
[2025-04-03T09:36:45.700+0000] {logging_mixin.py:190} INFO - [2025-04-03T09:36:45.699+0000] {dagbag.py:588} INFO - Filling up the DagBag from /home/ubuntu/MLFlow/dags/weather_dag.py
[2025-04-03T09:36:45.725+0000] {processor.py:925} INFO - DAG(s) 'weather_data_collection' retrieved from /home/ubuntu/MLFlow/dags/weather_dag.py
[2025-04-03T09:36:45.775+0000] {logging_mixin.py:190} INFO - [2025-04-03T09:36:45.775+0000] {dag.py:3239} INFO - Sync 1 DAGs
[2025-04-03T09:36:45.821+0000] {logging_mixin.py:190} INFO - [2025-04-03T09:36:45.820+0000] {dag.py:4180} INFO - Setting next_dagrun for weather_data_collection to 2025-04-03 09:36:00+00:00, run_after=2025-04-03 09:37:00+00:00
[2025-04-03T09:36:45.853+0000] {processor.py:208} INFO - Processing /home/ubuntu/MLFlow/dags/weather_dag.py took 0.167 seconds
[2025-04-03T09:37:16.239+0000] {processor.py:186} INFO - Started process (PID=37896) to work on /home/ubuntu/MLFlow/dags/weather_dag.py
[2025-04-03T09:37:16.242+0000] {processor.py:914} INFO - Processing file /home/ubuntu/MLFlow/dags/weather_dag.py for tasks to queue
[2025-04-03T09:37:16.260+0000] {logging_mixin.py:190} INFO - [2025-04-03T09:37:16.259+0000] {dagbag.py:588} INFO - Filling up the DagBag from /home/ubuntu/MLFlow/dags/weather_dag.py
[2025-04-03T09:37:16.307+0000] {processor.py:925} INFO - DAG(s) 'weather_data_collection' retrieved from /home/ubuntu/MLFlow/dags/weather_dag.py
[2025-04-03T09:37:16.397+0000] {logging_mixin.py:190} INFO - [2025-04-03T09:37:16.396+0000] {dag.py:3239} INFO - Sync 1 DAGs
[2025-04-03T09:37:16.547+0000] {processor.py:208} INFO - Processing /home/ubuntu/MLFlow/dags/weather_dag.py took 0.335 seconds
[2025-04-03T09:37:46.822+0000] {processor.py:186} INFO - Started process (PID=37950) to work on /home/ubuntu/MLFlow/dags/weather_dag.py
[2025-04-03T09:37:46.824+0000] {processor.py:914} INFO - Processing file /home/ubuntu/MLFlow/dags/weather_dag.py for tasks to queue
[2025-04-03T09:37:46.835+0000] {logging_mixin.py:190} INFO - [2025-04-03T09:37:46.834+0000] {dagbag.py:588} INFO - Filling up the DagBag from /home/ubuntu/MLFlow/dags/weather_dag.py
[2025-04-03T09:37:46.886+0000] {processor.py:925} INFO - DAG(s) 'weather_data_collection' retrieved from /home/ubuntu/MLFlow/dags/weather_dag.py
[2025-04-03T09:37:46.961+0000] {logging_mixin.py:190} INFO - [2025-04-03T09:37:46.961+0000] {dag.py:3239} INFO - Sync 1 DAGs
[2025-04-03T09:37:47.041+0000] {logging_mixin.py:190} INFO - [2025-04-03T09:37:47.040+0000] {dag.py:4180} INFO - Setting next_dagrun for weather_data_collection to 2025-04-03 09:37:00+00:00, run_after=2025-04-03 09:38:00+00:00
[2025-04-03T09:37:47.078+0000] {processor.py:208} INFO - Processing /home/ubuntu/MLFlow/dags/weather_dag.py took 0.267 seconds
[2025-04-03T09:38:17.486+0000] {processor.py:186} INFO - Started process (PID=38232) to work on /home/ubuntu/MLFlow/dags/weather_dag.py
[2025-04-03T09:38:17.488+0000] {processor.py:914} INFO - Processing file /home/ubuntu/MLFlow/dags/weather_dag.py for tasks to queue
[2025-04-03T09:38:17.495+0000] {logging_mixin.py:190} INFO - [2025-04-03T09:38:17.494+0000] {dagbag.py:588} INFO - Filling up the DagBag from /home/ubuntu/MLFlow/dags/weather_dag.py
[2025-04-03T09:38:17.545+0000] {processor.py:925} INFO - DAG(s) 'weather_data_collection' retrieved from /home/ubuntu/MLFlow/dags/weather_dag.py
[2025-04-03T09:38:17.664+0000] {logging_mixin.py:190} INFO - [2025-04-03T09:38:17.664+0000] {dag.py:3239} INFO - Sync 1 DAGs
[2025-04-03T09:38:17.775+0000] {logging_mixin.py:190} INFO - [2025-04-03T09:38:17.775+0000] {dag.py:4180} INFO - Setting next_dagrun for weather_data_collection to 2025-04-03 09:38:00+00:00, run_after=2025-04-03 09:39:00+00:00
[2025-04-03T09:38:17.836+0000] {processor.py:208} INFO - Processing /home/ubuntu/MLFlow/dags/weather_dag.py took 0.369 seconds
[2025-04-03T09:38:48.202+0000] {processor.py:186} INFO - Started process (PID=38293) to work on /home/ubuntu/MLFlow/dags/weather_dag.py
[2025-04-03T09:38:48.203+0000] {processor.py:914} INFO - Processing file /home/ubuntu/MLFlow/dags/weather_dag.py for tasks to queue
[2025-04-03T09:38:48.207+0000] {logging_mixin.py:190} INFO - [2025-04-03T09:38:48.206+0000] {dagbag.py:588} INFO - Filling up the DagBag from /home/ubuntu/MLFlow/dags/weather_dag.py
[2025-04-03T09:38:48.235+0000] {processor.py:925} INFO - DAG(s) 'weather_data_collection' retrieved from /home/ubuntu/MLFlow/dags/weather_dag.py
[2025-04-03T09:38:48.288+0000] {logging_mixin.py:190} INFO - [2025-04-03T09:38:48.287+0000] {dag.py:3239} INFO - Sync 1 DAGs
[2025-04-03T09:38:48.337+0000] {logging_mixin.py:190} INFO - [2025-04-03T09:38:48.337+0000] {dag.py:4180} INFO - Setting next_dagrun for weather_data_collection to 2025-04-03 09:38:00+00:00, run_after=2025-04-03 09:39:00+00:00
[2025-04-03T09:38:48.375+0000] {processor.py:208} INFO - Processing /home/ubuntu/MLFlow/dags/weather_dag.py took 0.185 seconds
[2025-04-03T09:39:18.756+0000] {processor.py:186} INFO - Started process (PID=38583) to work on /home/ubuntu/MLFlow/dags/weather_dag.py
[2025-04-03T09:39:18.758+0000] {processor.py:914} INFO - Processing file /home/ubuntu/MLFlow/dags/weather_dag.py for tasks to queue
[2025-04-03T09:39:18.762+0000] {logging_mixin.py:190} INFO - [2025-04-03T09:39:18.762+0000] {dagbag.py:588} INFO - Filling up the DagBag from /home/ubuntu/MLFlow/dags/weather_dag.py
[2025-04-03T09:39:18.787+0000] {processor.py:925} INFO - DAG(s) 'weather_data_collection' retrieved from /home/ubuntu/MLFlow/dags/weather_dag.py
[2025-04-03T09:39:18.843+0000] {logging_mixin.py:190} INFO - [2025-04-03T09:39:18.843+0000] {dag.py:3239} INFO - Sync 1 DAGs
[2025-04-03T09:39:18.891+0000] {logging_mixin.py:190} INFO - [2025-04-03T09:39:18.890+0000] {dag.py:4180} INFO - Setting next_dagrun for weather_data_collection to 2025-04-03 09:39:00+00:00, run_after=2025-04-03 09:40:00+00:00
[2025-04-03T09:39:18.923+0000] {processor.py:208} INFO - Processing /home/ubuntu/MLFlow/dags/weather_dag.py took 0.176 seconds
[2025-04-03T09:39:49.243+0000] {processor.py:186} INFO - Started process (PID=38630) to work on /home/ubuntu/MLFlow/dags/weather_dag.py
[2025-04-03T09:39:49.244+0000] {processor.py:914} INFO - Processing file /home/ubuntu/MLFlow/dags/weather_dag.py for tasks to queue
[2025-04-03T09:39:49.248+0000] {logging_mixin.py:190} INFO - [2025-04-03T09:39:49.247+0000] {dagbag.py:588} INFO - Filling up the DagBag from /home/ubuntu/MLFlow/dags/weather_dag.py
[2025-04-03T09:39:49.279+0000] {processor.py:925} INFO - DAG(s) 'weather_data_collection' retrieved from /home/ubuntu/MLFlow/dags/weather_dag.py
[2025-04-03T09:39:49.325+0000] {logging_mixin.py:190} INFO - [2025-04-03T09:39:49.325+0000] {dag.py:3239} INFO - Sync 1 DAGs
[2025-04-03T09:39:49.370+0000] {logging_mixin.py:190} INFO - [2025-04-03T09:39:49.369+0000] {dag.py:4180} INFO - Setting next_dagrun for weather_data_collection to 2025-04-03 09:39:00+00:00, run_after=2025-04-03 09:40:00+00:00
[2025-04-03T09:39:49.398+0000] {processor.py:208} INFO - Processing /home/ubuntu/MLFlow/dags/weather_dag.py took 0.164 seconds
[2025-04-03T09:40:19.709+0000] {processor.py:186} INFO - Started process (PID=38928) to work on /home/ubuntu/MLFlow/dags/weather_dag.py
[2025-04-03T09:40:19.711+0000] {processor.py:914} INFO - Processing file /home/ubuntu/MLFlow/dags/weather_dag.py for tasks to queue
[2025-04-03T09:40:19.714+0000] {logging_mixin.py:190} INFO - [2025-04-03T09:40:19.714+0000] {dagbag.py:588} INFO - Filling up the DagBag from /home/ubuntu/MLFlow/dags/weather_dag.py
[2025-04-03T09:40:19.738+0000] {processor.py:925} INFO - DAG(s) 'weather_data_collection' retrieved from /home/ubuntu/MLFlow/dags/weather_dag.py
[2025-04-03T09:40:19.785+0000] {logging_mixin.py:190} INFO - [2025-04-03T09:40:19.784+0000] {dag.py:3239} INFO - Sync 1 DAGs
[2025-04-03T09:40:19.834+0000] {logging_mixin.py:190} INFO - [2025-04-03T09:40:19.834+0000] {dag.py:4180} INFO - Setting next_dagrun for weather_data_collection to 2025-04-03 09:40:00+00:00, run_after=2025-04-03 09:41:00+00:00
[2025-04-03T09:40:19.863+0000] {processor.py:208} INFO - Processing /home/ubuntu/MLFlow/dags/weather_dag.py took 0.163 seconds
[2025-04-03T09:40:50.157+0000] {processor.py:186} INFO - Started process (PID=38973) to work on /home/ubuntu/MLFlow/dags/weather_dag.py
[2025-04-03T09:40:50.158+0000] {processor.py:914} INFO - Processing file /home/ubuntu/MLFlow/dags/weather_dag.py for tasks to queue
[2025-04-03T09:40:50.161+0000] {logging_mixin.py:190} INFO - [2025-04-03T09:40:50.161+0000] {dagbag.py:588} INFO - Filling up the DagBag from /home/ubuntu/MLFlow/dags/weather_dag.py
[2025-04-03T09:40:50.185+0000] {processor.py:925} INFO - DAG(s) 'weather_data_collection' retrieved from /home/ubuntu/MLFlow/dags/weather_dag.py
[2025-04-03T09:40:50.243+0000] {logging_mixin.py:190} INFO - [2025-04-03T09:40:50.242+0000] {dag.py:3239} INFO - Sync 1 DAGs
[2025-04-03T09:40:50.336+0000] {logging_mixin.py:190} INFO - [2025-04-03T09:40:50.336+0000] {dag.py:4180} INFO - Setting next_dagrun for weather_data_collection to 2025-04-03 09:40:00+00:00, run_after=2025-04-03 09:41:00+00:00
[2025-04-03T09:40:50.360+0000] {processor.py:208} INFO - Processing /home/ubuntu/MLFlow/dags/weather_dag.py took 0.211 seconds
[2025-04-03T09:41:20.604+0000] {processor.py:186} INFO - Started process (PID=39270) to work on /home/ubuntu/MLFlow/dags/weather_dag.py
[2025-04-03T09:41:20.606+0000] {processor.py:914} INFO - Processing file /home/ubuntu/MLFlow/dags/weather_dag.py for tasks to queue
[2025-04-03T09:41:20.609+0000] {logging_mixin.py:190} INFO - [2025-04-03T09:41:20.608+0000] {dagbag.py:588} INFO - Filling up the DagBag from /home/ubuntu/MLFlow/dags/weather_dag.py
[2025-04-03T09:41:20.639+0000] {processor.py:925} INFO - DAG(s) 'weather_data_collection' retrieved from /home/ubuntu/MLFlow/dags/weather_dag.py
[2025-04-03T09:41:20.686+0000] {logging_mixin.py:190} INFO - [2025-04-03T09:41:20.685+0000] {dag.py:3239} INFO - Sync 1 DAGs
[2025-04-03T09:41:20.726+0000] {logging_mixin.py:190} INFO - [2025-04-03T09:41:20.725+0000] {dag.py:4180} INFO - Setting next_dagrun for weather_data_collection to 2025-04-03 09:41:00+00:00, run_after=2025-04-03 09:42:00+00:00
[2025-04-03T09:41:20.754+0000] {processor.py:208} INFO - Processing /home/ubuntu/MLFlow/dags/weather_dag.py took 0.160 seconds
[2025-04-03T09:41:50.970+0000] {processor.py:186} INFO - Started process (PID=39316) to work on /home/ubuntu/MLFlow/dags/weather_dag.py
[2025-04-03T09:41:50.971+0000] {processor.py:914} INFO - Processing file /home/ubuntu/MLFlow/dags/weather_dag.py for tasks to queue
[2025-04-03T09:41:50.974+0000] {logging_mixin.py:190} INFO - [2025-04-03T09:41:50.974+0000] {dagbag.py:588} INFO - Filling up the DagBag from /home/ubuntu/MLFlow/dags/weather_dag.py
[2025-04-03T09:41:50.999+0000] {processor.py:925} INFO - DAG(s) 'weather_data_collection' retrieved from /home/ubuntu/MLFlow/dags/weather_dag.py
[2025-04-03T09:41:51.057+0000] {logging_mixin.py:190} INFO - [2025-04-03T09:41:51.056+0000] {dag.py:3239} INFO - Sync 1 DAGs
[2025-04-03T09:41:51.106+0000] {logging_mixin.py:190} INFO - [2025-04-03T09:41:51.105+0000] {dag.py:4180} INFO - Setting next_dagrun for weather_data_collection to 2025-04-03 09:41:00+00:00, run_after=2025-04-03 09:42:00+00:00
[2025-04-03T09:41:51.138+0000] {processor.py:208} INFO - Processing /home/ubuntu/MLFlow/dags/weather_dag.py took 0.177 seconds
[2025-04-03T09:42:21.434+0000] {processor.py:186} INFO - Started process (PID=39611) to work on /home/ubuntu/MLFlow/dags/weather_dag.py
[2025-04-03T09:42:21.436+0000] {processor.py:914} INFO - Processing file /home/ubuntu/MLFlow/dags/weather_dag.py for tasks to queue
[2025-04-03T09:42:21.439+0000] {logging_mixin.py:190} INFO - [2025-04-03T09:42:21.439+0000] {dagbag.py:588} INFO - Filling up the DagBag from /home/ubuntu/MLFlow/dags/weather_dag.py
[2025-04-03T09:42:21.465+0000] {processor.py:925} INFO - DAG(s) 'weather_data_collection' retrieved from /home/ubuntu/MLFlow/dags/weather_dag.py
[2025-04-03T09:42:21.538+0000] {logging_mixin.py:190} INFO - [2025-04-03T09:42:21.537+0000] {dag.py:3239} INFO - Sync 1 DAGs
[2025-04-03T09:42:21.583+0000] {logging_mixin.py:190} INFO - [2025-04-03T09:42:21.582+0000] {dag.py:4180} INFO - Setting next_dagrun for weather_data_collection to 2025-04-03 09:42:00+00:00, run_after=2025-04-03 09:43:00+00:00
[2025-04-03T09:42:21.612+0000] {processor.py:208} INFO - Processing /home/ubuntu/MLFlow/dags/weather_dag.py took 0.187 seconds
[2025-04-03T09:42:51.702+0000] {processor.py:186} INFO - Started process (PID=39655) to work on /home/ubuntu/MLFlow/dags/weather_dag.py
[2025-04-03T09:42:51.704+0000] {processor.py:914} INFO - Processing file /home/ubuntu/MLFlow/dags/weather_dag.py for tasks to queue
[2025-04-03T09:42:51.707+0000] {logging_mixin.py:190} INFO - [2025-04-03T09:42:51.707+0000] {dagbag.py:588} INFO - Filling up the DagBag from /home/ubuntu/MLFlow/dags/weather_dag.py
[2025-04-03T09:42:51.731+0000] {processor.py:925} INFO - DAG(s) 'weather_data_collection' retrieved from /home/ubuntu/MLFlow/dags/weather_dag.py
[2025-04-03T09:42:51.798+0000] {logging_mixin.py:190} INFO - [2025-04-03T09:42:51.797+0000] {dag.py:3239} INFO - Sync 1 DAGs
[2025-04-03T09:42:51.842+0000] {logging_mixin.py:190} INFO - [2025-04-03T09:42:51.842+0000] {dag.py:4180} INFO - Setting next_dagrun for weather_data_collection to 2025-04-03 09:42:00+00:00, run_after=2025-04-03 09:43:00+00:00
[2025-04-03T09:42:51.871+0000] {processor.py:208} INFO - Processing /home/ubuntu/MLFlow/dags/weather_dag.py took 0.180 seconds
[2025-04-03T09:43:22.009+0000] {processor.py:186} INFO - Started process (PID=39952) to work on /home/ubuntu/MLFlow/dags/weather_dag.py
[2025-04-03T09:43:22.011+0000] {processor.py:914} INFO - Processing file /home/ubuntu/MLFlow/dags/weather_dag.py for tasks to queue
[2025-04-03T09:43:22.015+0000] {logging_mixin.py:190} INFO - [2025-04-03T09:43:22.014+0000] {dagbag.py:588} INFO - Filling up the DagBag from /home/ubuntu/MLFlow/dags/weather_dag.py
[2025-04-03T09:43:22.038+0000] {processor.py:925} INFO - DAG(s) 'weather_data_collection' retrieved from /home/ubuntu/MLFlow/dags/weather_dag.py
[2025-04-03T09:43:22.087+0000] {logging_mixin.py:190} INFO - [2025-04-03T09:43:22.087+0000] {dag.py:3239} INFO - Sync 1 DAGs
[2025-04-03T09:43:22.132+0000] {logging_mixin.py:190} INFO - [2025-04-03T09:43:22.131+0000] {dag.py:4180} INFO - Setting next_dagrun for weather_data_collection to 2025-04-03 09:43:00+00:00, run_after=2025-04-03 09:44:00+00:00
[2025-04-03T09:43:22.164+0000] {processor.py:208} INFO - Processing /home/ubuntu/MLFlow/dags/weather_dag.py took 0.165 seconds
[2025-04-03T09:43:52.294+0000] {processor.py:186} INFO - Started process (PID=39997) to work on /home/ubuntu/MLFlow/dags/weather_dag.py
[2025-04-03T09:43:52.296+0000] {processor.py:914} INFO - Processing file /home/ubuntu/MLFlow/dags/weather_dag.py for tasks to queue
[2025-04-03T09:43:52.299+0000] {logging_mixin.py:190} INFO - [2025-04-03T09:43:52.299+0000] {dagbag.py:588} INFO - Filling up the DagBag from /home/ubuntu/MLFlow/dags/weather_dag.py
[2025-04-03T09:43:52.324+0000] {processor.py:925} INFO - DAG(s) 'weather_data_collection' retrieved from /home/ubuntu/MLFlow/dags/weather_dag.py
[2025-04-03T09:43:52.381+0000] {logging_mixin.py:190} INFO - [2025-04-03T09:43:52.380+0000] {dag.py:3239} INFO - Sync 1 DAGs
[2025-04-03T09:43:52.426+0000] {logging_mixin.py:190} INFO - [2025-04-03T09:43:52.425+0000] {dag.py:4180} INFO - Setting next_dagrun for weather_data_collection to 2025-04-03 09:43:00+00:00, run_after=2025-04-03 09:44:00+00:00
[2025-04-03T09:43:52.455+0000] {processor.py:208} INFO - Processing /home/ubuntu/MLFlow/dags/weather_dag.py took 0.171 seconds
[2025-04-03T09:44:22.622+0000] {processor.py:186} INFO - Started process (PID=40319) to work on /home/ubuntu/MLFlow/dags/weather_dag.py
[2025-04-03T09:44:22.623+0000] {processor.py:914} INFO - Processing file /home/ubuntu/MLFlow/dags/weather_dag.py for tasks to queue
[2025-04-03T09:44:22.626+0000] {logging_mixin.py:190} INFO - [2025-04-03T09:44:22.626+0000] {dagbag.py:588} INFO - Filling up the DagBag from /home/ubuntu/MLFlow/dags/weather_dag.py
[2025-04-03T09:44:22.659+0000] {processor.py:925} INFO - DAG(s) 'weather_data_collection' retrieved from /home/ubuntu/MLFlow/dags/weather_dag.py
[2025-04-03T09:44:22.703+0000] {logging_mixin.py:190} INFO - [2025-04-03T09:44:22.703+0000] {dag.py:3239} INFO - Sync 1 DAGs
[2025-04-03T09:44:22.748+0000] {logging_mixin.py:190} INFO - [2025-04-03T09:44:22.748+0000] {dag.py:4180} INFO - Setting next_dagrun for weather_data_collection to 2025-04-03 09:44:00+00:00, run_after=2025-04-03 09:45:00+00:00
[2025-04-03T09:44:22.777+0000] {processor.py:208} INFO - Processing /home/ubuntu/MLFlow/dags/weather_dag.py took 0.166 seconds
