[2025-04-03T09:07:13.513+0000] {processor.py:186} INFO - Started process (PID=25657) to work on /home/ubuntu/MLFlow/dags/weather_monitor_dag.py
[2025-04-03T09:07:13.514+0000] {processor.py:914} INFO - Processing file /home/ubuntu/MLFlow/dags/weather_monitor_dag.py for tasks to queue
[2025-04-03T09:07:13.540+0000] {logging_mixin.py:190} INFO - [2025-04-03T09:07:13.540+0000] {dagbag.py:588} INFO - Filling up the DagBag from /home/ubuntu/MLFlow/dags/weather_monitor_dag.py
[2025-04-03T09:07:13.659+0000] {processor.py:925} INFO - DAG(s) 'weather_data_monitoring' retrieved from /home/ubuntu/MLFlow/dags/weather_monitor_dag.py
[2025-04-03T09:07:13.860+0000] {logging_mixin.py:190} INFO - [2025-04-03T09:07:13.859+0000] {dag.py:3239} INFO - Sync 1 DAGs
[2025-04-03T09:07:14.040+0000] {logging_mixin.py:190} INFO - [2025-04-03T09:07:14.039+0000] {dag.py:4180} INFO - Setting next_dagrun for weather_data_monitoring to 2025-04-03 09:07:00+00:00, run_after=2025-04-03 09:08:00+00:00
[2025-04-03T09:07:14.117+0000] {processor.py:208} INFO - Processing /home/ubuntu/MLFlow/dags/weather_monitor_dag.py took 0.685 seconds
[2025-04-03T09:07:44.399+0000] {processor.py:186} INFO - Started process (PID=26052) to work on /home/ubuntu/MLFlow/dags/weather_monitor_dag.py
[2025-04-03T09:07:44.416+0000] {processor.py:914} INFO - Processing file /home/ubuntu/MLFlow/dags/weather_monitor_dag.py for tasks to queue
[2025-04-03T09:07:44.419+0000] {logging_mixin.py:190} INFO - [2025-04-03T09:07:44.418+0000] {dagbag.py:588} INFO - Filling up the DagBag from /home/ubuntu/MLFlow/dags/weather_monitor_dag.py
[2025-04-03T09:07:44.455+0000] {processor.py:925} INFO - DAG(s) 'weather_data_monitoring' retrieved from /home/ubuntu/MLFlow/dags/weather_monitor_dag.py
[2025-04-03T09:07:44.502+0000] {logging_mixin.py:190} INFO - [2025-04-03T09:07:44.502+0000] {dag.py:3239} INFO - Sync 1 DAGs
[2025-04-03T09:07:44.550+0000] {logging_mixin.py:190} INFO - [2025-04-03T09:07:44.550+0000] {dag.py:4180} INFO - Setting next_dagrun for weather_data_monitoring to 2025-04-03 09:07:00+00:00, run_after=2025-04-03 09:08:00+00:00
[2025-04-03T09:07:44.581+0000] {processor.py:208} INFO - Processing /home/ubuntu/MLFlow/dags/weather_monitor_dag.py took 0.191 seconds
[2025-04-03T09:08:15.032+0000] {processor.py:186} INFO - Started process (PID=26368) to work on /home/ubuntu/MLFlow/dags/weather_monitor_dag.py
[2025-04-03T09:08:15.040+0000] {processor.py:914} INFO - Processing file /home/ubuntu/MLFlow/dags/weather_monitor_dag.py for tasks to queue
[2025-04-03T09:08:15.043+0000] {logging_mixin.py:190} INFO - [2025-04-03T09:08:15.042+0000] {dagbag.py:588} INFO - Filling up the DagBag from /home/ubuntu/MLFlow/dags/weather_monitor_dag.py
[2025-04-03T09:08:15.085+0000] {processor.py:925} INFO - DAG(s) 'weather_data_monitoring' retrieved from /home/ubuntu/MLFlow/dags/weather_monitor_dag.py
[2025-04-03T09:08:15.205+0000] {logging_mixin.py:190} INFO - [2025-04-03T09:08:15.205+0000] {dag.py:3239} INFO - Sync 1 DAGs
[2025-04-03T09:08:15.253+0000] {logging_mixin.py:190} INFO - [2025-04-03T09:08:15.253+0000] {dag.py:4180} INFO - Setting next_dagrun for weather_data_monitoring to 2025-04-03 09:08:00+00:00, run_after=2025-04-03 09:09:00+00:00
[2025-04-03T09:08:15.321+0000] {processor.py:208} INFO - Processing /home/ubuntu/MLFlow/dags/weather_monitor_dag.py took 0.303 seconds
[2025-04-03T09:08:45.758+0000] {processor.py:186} INFO - Started process (PID=26465) to work on /home/ubuntu/MLFlow/dags/weather_monitor_dag.py
[2025-04-03T09:08:45.759+0000] {processor.py:914} INFO - Processing file /home/ubuntu/MLFlow/dags/weather_monitor_dag.py for tasks to queue
[2025-04-03T09:08:45.766+0000] {logging_mixin.py:190} INFO - [2025-04-03T09:08:45.765+0000] {dagbag.py:588} INFO - Filling up the DagBag from /home/ubuntu/MLFlow/dags/weather_monitor_dag.py
[2025-04-03T09:08:45.786+0000] {processor.py:925} INFO - DAG(s) 'weather_data_monitoring' retrieved from /home/ubuntu/MLFlow/dags/weather_monitor_dag.py
[2025-04-03T09:08:45.828+0000] {logging_mixin.py:190} INFO - [2025-04-03T09:08:45.828+0000] {dag.py:3239} INFO - Sync 1 DAGs
[2025-04-03T09:08:45.874+0000] {logging_mixin.py:190} INFO - [2025-04-03T09:08:45.874+0000] {dag.py:4180} INFO - Setting next_dagrun for weather_data_monitoring to 2025-04-03 09:08:00+00:00, run_after=2025-04-03 09:09:00+00:00
[2025-04-03T09:08:45.904+0000] {processor.py:208} INFO - Processing /home/ubuntu/MLFlow/dags/weather_monitor_dag.py took 0.161 seconds
[2025-04-03T09:09:16.130+0000] {processor.py:186} INFO - Started process (PID=26794) to work on /home/ubuntu/MLFlow/dags/weather_monitor_dag.py
[2025-04-03T09:09:16.133+0000] {processor.py:914} INFO - Processing file /home/ubuntu/MLFlow/dags/weather_monitor_dag.py for tasks to queue
[2025-04-03T09:09:16.141+0000] {logging_mixin.py:190} INFO - [2025-04-03T09:09:16.139+0000] {dagbag.py:588} INFO - Filling up the DagBag from /home/ubuntu/MLFlow/dags/weather_monitor_dag.py
[2025-04-03T09:09:16.179+0000] {processor.py:925} INFO - DAG(s) 'weather_data_monitoring' retrieved from /home/ubuntu/MLFlow/dags/weather_monitor_dag.py
[2025-04-03T09:09:16.232+0000] {logging_mixin.py:190} INFO - [2025-04-03T09:09:16.232+0000] {dag.py:3239} INFO - Sync 1 DAGs
[2025-04-03T09:09:16.283+0000] {logging_mixin.py:190} INFO - [2025-04-03T09:09:16.283+0000] {dag.py:4180} INFO - Setting next_dagrun for weather_data_monitoring to 2025-04-03 09:09:00+00:00, run_after=2025-04-03 09:10:00+00:00
[2025-04-03T09:09:16.326+0000] {processor.py:208} INFO - Processing /home/ubuntu/MLFlow/dags/weather_monitor_dag.py took 0.243 seconds
[2025-04-03T09:09:46.625+0000] {processor.py:186} INFO - Started process (PID=26872) to work on /home/ubuntu/MLFlow/dags/weather_monitor_dag.py
[2025-04-03T09:09:46.626+0000] {processor.py:914} INFO - Processing file /home/ubuntu/MLFlow/dags/weather_monitor_dag.py for tasks to queue
[2025-04-03T09:09:46.630+0000] {logging_mixin.py:190} INFO - [2025-04-03T09:09:46.629+0000] {dagbag.py:588} INFO - Filling up the DagBag from /home/ubuntu/MLFlow/dags/weather_monitor_dag.py
[2025-04-03T09:09:46.654+0000] {processor.py:925} INFO - DAG(s) 'weather_data_monitoring' retrieved from /home/ubuntu/MLFlow/dags/weather_monitor_dag.py
[2025-04-03T09:09:46.700+0000] {logging_mixin.py:190} INFO - [2025-04-03T09:09:46.700+0000] {dag.py:3239} INFO - Sync 1 DAGs
[2025-04-03T09:09:46.745+0000] {logging_mixin.py:190} INFO - [2025-04-03T09:09:46.745+0000] {dag.py:4180} INFO - Setting next_dagrun for weather_data_monitoring to 2025-04-03 09:09:00+00:00, run_after=2025-04-03 09:10:00+00:00
[2025-04-03T09:09:46.773+0000] {processor.py:208} INFO - Processing /home/ubuntu/MLFlow/dags/weather_monitor_dag.py took 0.157 seconds
[2025-04-03T09:10:17.013+0000] {processor.py:186} INFO - Started process (PID=27192) to work on /home/ubuntu/MLFlow/dags/weather_monitor_dag.py
[2025-04-03T09:10:17.016+0000] {processor.py:914} INFO - Processing file /home/ubuntu/MLFlow/dags/weather_monitor_dag.py for tasks to queue
[2025-04-03T09:10:17.023+0000] {logging_mixin.py:190} INFO - [2025-04-03T09:10:17.022+0000] {dagbag.py:588} INFO - Filling up the DagBag from /home/ubuntu/MLFlow/dags/weather_monitor_dag.py
[2025-04-03T09:10:17.051+0000] {processor.py:925} INFO - DAG(s) 'weather_data_monitoring' retrieved from /home/ubuntu/MLFlow/dags/weather_monitor_dag.py
[2025-04-03T09:10:17.128+0000] {logging_mixin.py:190} INFO - [2025-04-03T09:10:17.127+0000] {dag.py:3239} INFO - Sync 1 DAGs
[2025-04-03T09:10:17.215+0000] {logging_mixin.py:190} INFO - [2025-04-03T09:10:17.214+0000] {dag.py:4180} INFO - Setting next_dagrun for weather_data_monitoring to 2025-04-03 09:10:00+00:00, run_after=2025-04-03 09:11:00+00:00
[2025-04-03T09:10:17.268+0000] {processor.py:208} INFO - Processing /home/ubuntu/MLFlow/dags/weather_monitor_dag.py took 0.277 seconds
