[2025-04-02T17:24:45.810+0000] {local_task_job_runner.py:123} INFO - ::group::Pre task execution logs
[2025-04-02T17:24:45.865+0000] {taskinstance.py:2614} INFO - Dependencies all met for dep_context=non-requeueable deps ti=<TaskInstance: weather_data_collection.collect_weather_data scheduled__2025-04-02T17:23:00+00:00 [queued]>
[2025-04-02T17:24:45.878+0000] {taskinstance.py:2614} INFO - Dependencies all met for dep_context=requeueable deps ti=<TaskInstance: weather_data_collection.collect_weather_data scheduled__2025-04-02T17:23:00+00:00 [queued]>
[2025-04-02T17:24:45.878+0000] {taskinstance.py:2867} INFO - Starting attempt 1 of 2
[2025-04-02T17:24:45.898+0000] {taskinstance.py:2890} INFO - Executing <Task(DockerOperator): collect_weather_data> on 2025-04-02 17:23:00+00:00
[2025-04-02T17:24:45.909+0000] {standard_task_runner.py:104} INFO - Running: ['***', 'tasks', 'run', 'weather_data_collection', 'collect_weather_data', 'scheduled__2025-04-02T17:23:00+00:00', '--job-id', '13', '--raw', '--subdir', 'DAGS_FOLDER/weather_dag.py', '--cfg-path', '/tmp/tmpnnmi1e7d']
[2025-04-02T17:24:45.913+0000] {standard_task_runner.py:105} INFO - Job 13: Subtask collect_weather_data
[2025-04-02T17:24:45.914+0000] {logging_mixin.py:190} WARNING - /home/ubuntu/miniconda/envs/mlflow/lib/python3.12/site-packages/***/task/task_runner/standard_task_runner.py:70 DeprecationWarning: This process (pid=20780) is multi-threaded, use of fork() may lead to deadlocks in the child.
[2025-04-02T17:24:45.915+0000] {standard_task_runner.py:72} INFO - Started process 20786 to run task
[2025-04-02T17:24:45.986+0000] {task_command.py:467} INFO - Running <TaskInstance: weather_data_collection.collect_weather_data scheduled__2025-04-02T17:23:00+00:00 [running]> on host ip-172-31-19-13.eu-west-1.compute.internal
[2025-04-02T17:24:46.116+0000] {taskinstance.py:3134} INFO - Exporting env vars: AIRFLOW_CTX_DAG_OWNER='***' AIRFLOW_CTX_DAG_ID='weather_data_collection' AIRFLOW_CTX_TASK_ID='collect_weather_data' AIRFLOW_CTX_EXECUTION_DATE='2025-04-02T17:23:00+00:00' AIRFLOW_CTX_TRY_NUMBER='1' AIRFLOW_CTX_DAG_RUN_ID='scheduled__2025-04-02T17:23:00+00:00'
[2025-04-02T17:24:46.117+0000] {taskinstance.py:732} INFO - ::endgroup::
[2025-04-02T17:24:46.158+0000] {docker.py:353} INFO - Starting docker container from image weather-collector:light
[2025-04-02T17:24:47.984+0000] {docker.py:73} INFO -   0%|          | 0/5 [00:00<?, ?it/s]
[2025-04-02T17:24:48.091+0000] {docker.py:73} INFO -  40%|████      | 2/5 [00:00<00:00, 18.76it/s]
[2025-04-02T17:24:48.273+0000] {docker.py:73} INFO -  80%|████████  | 4/5 [00:00<00:00, 13.24it/s]
[2025-04-02T17:24:48.467+0000] {docker.py:73} INFO - 100%|██████████| 5/5 [00:00<00:00, 10.36it/s]
[2025-04-02T17:24:48.470+0000] {docker.py:73} INFO -   0%|          | 0/5 [00:00<?, ?it/s]
[2025-04-02T17:24:48.476+0000] {docker.py:73} INFO - 100%|██████████| 5/5 [00:00<00:00, 801.85it/s]
[2025-04-02T17:24:48.502+0000] {docker.py:73} INFO -        city country  ...  weather_description             datetime
[2025-04-02T17:24:48.503+0000] {docker.py:73} INFO - 0     Paris      FR  ...            clear sky  2025-04-02T17:24:48
[2025-04-02T17:24:48.503+0000] {docker.py:73} INFO - 1    London      GB  ...        broken clouds  2025-04-02T17:24:48
[2025-04-02T17:24:48.503+0000] {docker.py:73} INFO - 2  New York      US  ...            clear sky  2025-04-02T17:24:48
[2025-04-02T17:24:48.504+0000] {docker.py:73} INFO - 3    Berlin      DE  ...            clear sky  2025-04-02T17:24:48
[2025-04-02T17:24:48.504+0000] {docker.py:73} INFO - 4     Tokyo      JP  ...        broken clouds  2025-04-02T17:24:48
[2025-04-02T17:24:48.504+0000] {docker.py:73} INFO - 
[2025-04-02T17:24:48.504+0000] {docker.py:73} INFO - [5 rows x 7 columns]
[2025-04-02T17:24:48.965+0000] {taskinstance.py:341} INFO - ::group::Post task execution logs
[2025-04-02T17:24:48.965+0000] {taskinstance.py:353} INFO - Marking task as SUCCESS. dag_id=weather_data_collection, task_id=collect_weather_data, run_id=scheduled__2025-04-02T17:23:00+00:00, execution_date=20250402T172300, start_date=20250402T172445, end_date=20250402T172448
[2025-04-02T17:24:49.040+0000] {local_task_job_runner.py:266} INFO - Task exited with return code 0
[2025-04-02T17:24:49.085+0000] {taskinstance.py:3901} INFO - 1 downstream tasks scheduled from follow-on schedule check
[2025-04-02T17:24:49.087+0000] {local_task_job_runner.py:245} INFO - ::endgroup::
