[2025-04-03T09:42:01.275+0000] {local_task_job_runner.py:123} INFO - ::group::Pre task execution logs
[2025-04-03T09:42:01.308+0000] {taskinstance.py:2614} INFO - Dependencies all met for dep_context=non-requeueable deps ti=<TaskInstance: weather_data_collection.collect_weather_data scheduled__2025-04-03T09:41:00+00:00 [queued]>
[2025-04-03T09:42:01.323+0000] {taskinstance.py:2614} INFO - Dependencies all met for dep_context=requeueable deps ti=<TaskInstance: weather_data_collection.collect_weather_data scheduled__2025-04-03T09:41:00+00:00 [queued]>
[2025-04-03T09:42:01.324+0000] {taskinstance.py:2867} INFO - Starting attempt 1 of 2
[2025-04-03T09:42:01.344+0000] {taskinstance.py:2890} INFO - Executing <Task(DockerOperator): collect_weather_data> on 2025-04-03 09:41:00+00:00
[2025-04-03T09:42:01.361+0000] {logging_mixin.py:190} WARNING - /home/ubuntu/miniconda/envs/mlflow/lib/python3.12/site-packages/***/task/task_runner/standard_task_runner.py:70 DeprecationWarning: This process (pid=39332) is multi-threaded, use of fork() may lead to deadlocks in the child.
[2025-04-03T09:42:01.370+0000] {standard_task_runner.py:72} INFO - Started process 39356 to run task
[2025-04-03T09:42:01.367+0000] {standard_task_runner.py:104} INFO - Running: ['***', 'tasks', 'run', 'weather_data_collection', 'collect_weather_data', 'scheduled__2025-04-03T09:41:00+00:00', '--job-id', '369', '--raw', '--subdir', 'DAGS_FOLDER/weather_dag.py', '--cfg-path', '/tmp/tmpsa_ue4gg']
[2025-04-03T09:42:01.372+0000] {standard_task_runner.py:105} INFO - Job 369: Subtask collect_weather_data
[2025-04-03T09:42:01.467+0000] {task_command.py:467} INFO - Running <TaskInstance: weather_data_collection.collect_weather_data scheduled__2025-04-03T09:41:00+00:00 [running]> on host ip-172-31-19-13.eu-west-1.compute.internal
[2025-04-03T09:42:01.618+0000] {taskinstance.py:3134} INFO - Exporting env vars: AIRFLOW_CTX_DAG_OWNER='***' AIRFLOW_CTX_DAG_ID='weather_data_collection' AIRFLOW_CTX_TASK_ID='collect_weather_data' AIRFLOW_CTX_EXECUTION_DATE='2025-04-03T09:41:00+00:00' AIRFLOW_CTX_TRY_NUMBER='1' AIRFLOW_CTX_DAG_RUN_ID='scheduled__2025-04-03T09:41:00+00:00'
[2025-04-03T09:42:01.619+0000] {taskinstance.py:732} INFO - ::endgroup::
[2025-04-03T09:42:01.655+0000] {docker.py:353} INFO - Starting docker container from image weather-collector:light
[2025-04-03T09:42:03.267+0000] {docker.py:73} INFO -   0%|          | 0/5 [00:00<?, ?it/s]
[2025-04-03T09:42:03.370+0000] {docker.py:73} INFO -  40%|████      | 2/5 [00:00<00:00, 19.56it/s]
[2025-04-03T09:42:03.569+0000] {docker.py:73} INFO -  80%|████████  | 4/5 [00:00<00:00, 12.53it/s]
[2025-04-03T09:42:03.778+0000] {docker.py:73} INFO - 100%|██████████| 5/5 [00:00<00:00,  9.80it/s]
[2025-04-03T09:42:03.779+0000] {docker.py:73} INFO -   0%|          | 0/5 [00:00<?, ?it/s]
[2025-04-03T09:42:03.781+0000] {docker.py:73} INFO - 100%|██████████| 5/5 [00:00<00:00, 3788.89it/s]
[2025-04-03T09:42:03.802+0000] {docker.py:73} INFO -        city country  ...  weather_description             datetime
[2025-04-03T09:42:03.802+0000] {docker.py:73} INFO - 0     Paris      FR  ...            clear sky  2025-04-03T09:42:03
[2025-04-03T09:42:03.803+0000] {docker.py:73} INFO - 1    London      GB  ...            clear sky  2025-04-03T09:42:03
[2025-04-03T09:42:03.803+0000] {docker.py:73} INFO - 2  New York      US  ...      overcast clouds  2025-04-03T09:42:03
[2025-04-03T09:42:03.803+0000] {docker.py:73} INFO - 3    Berlin      DE  ...            clear sky  2025-04-03T09:42:03
[2025-04-03T09:42:03.804+0000] {docker.py:73} INFO - 4     Tokyo      JP  ...        broken clouds  2025-04-03T09:42:03
[2025-04-03T09:42:03.804+0000] {docker.py:73} INFO - 
[2025-04-03T09:42:03.805+0000] {docker.py:73} INFO - [5 rows x 7 columns]
[2025-04-03T09:42:04.226+0000] {taskinstance.py:341} INFO - ::group::Post task execution logs
[2025-04-03T09:42:04.226+0000] {taskinstance.py:353} INFO - Marking task as SUCCESS. dag_id=weather_data_collection, task_id=collect_weather_data, run_id=scheduled__2025-04-03T09:41:00+00:00, execution_date=20250403T094100, start_date=20250403T094201, end_date=20250403T094204
[2025-04-03T09:42:04.286+0000] {local_task_job_runner.py:266} INFO - Task exited with return code 0
[2025-04-03T09:42:04.325+0000] {taskinstance.py:3901} INFO - 1 downstream tasks scheduled from follow-on schedule check
[2025-04-03T09:42:04.327+0000] {local_task_job_runner.py:245} INFO - ::endgroup::
