[2025-04-03T08:40:00.903+0000] {local_task_job_runner.py:123} INFO - ::group::Pre task execution logs
[2025-04-03T08:40:00.926+0000] {taskinstance.py:2614} INFO - Dependencies all met for dep_context=non-requeueable deps ti=<TaskInstance: weather_data_monitoring.monitor_data scheduled__2025-04-03T08:39:00+00:00 [queued]>
[2025-04-03T08:40:00.936+0000] {taskinstance.py:2614} INFO - Dependencies all met for dep_context=requeueable deps ti=<TaskInstance: weather_data_monitoring.monitor_data scheduled__2025-04-03T08:39:00+00:00 [queued]>
[2025-04-03T08:40:00.936+0000] {taskinstance.py:2867} INFO - Starting attempt 1 of 2
[2025-04-03T08:40:00.951+0000] {taskinstance.py:2890} INFO - Executing <Task(PythonOperator): monitor_data> on 2025-04-03 08:39:00+00:00
[2025-04-03T08:40:00.961+0000] {standard_task_runner.py:104} INFO - Running: ['***', 'tasks', 'run', 'weather_data_monitoring', 'monitor_data', 'scheduled__2025-04-03T08:39:00+00:00', '--job-id', '183', '--raw', '--subdir', 'DAGS_FOLDER/weather_monitor_dag.py', '--cfg-path', '/tmp/tmpp2j70x73']
[2025-04-03T08:40:00.965+0000] {standard_task_runner.py:105} INFO - Job 183: Subtask monitor_data
[2025-04-03T08:40:00.966+0000] {logging_mixin.py:190} WARNING - /home/ubuntu/miniconda/envs/mlflow/lib/python3.12/site-packages/***/task/task_runner/standard_task_runner.py:70 DeprecationWarning: This process (pid=13356) is multi-threaded, use of fork() may lead to deadlocks in the child.
[2025-04-03T08:40:00.967+0000] {standard_task_runner.py:72} INFO - Started process 13362 to run task
[2025-04-03T08:40:01.035+0000] {task_command.py:467} INFO - Running <TaskInstance: weather_data_monitoring.monitor_data scheduled__2025-04-03T08:39:00+00:00 [running]> on host ip-172-31-19-13.eu-west-1.compute.internal
[2025-04-03T08:40:01.152+0000] {taskinstance.py:3134} INFO - Exporting env vars: AIRFLOW_CTX_DAG_OWNER='***' AIRFLOW_CTX_DAG_ID='weather_data_monitoring' AIRFLOW_CTX_TASK_ID='monitor_data' AIRFLOW_CTX_EXECUTION_DATE='2025-04-03T08:39:00+00:00' AIRFLOW_CTX_TRY_NUMBER='1' AIRFLOW_CTX_DAG_RUN_ID='scheduled__2025-04-03T08:39:00+00:00'
[2025-04-03T08:40:01.153+0000] {taskinstance.py:732} INFO - ::endgroup::
[2025-04-03T08:40:01.168+0000] {logging_mixin.py:190} INFO - Starting monitoring...
[2025-04-03T08:40:02.169+0000] {logging_mixin.py:190} INFO - Monitoring... 1/60 seconds
[2025-04-03T08:40:12.170+0000] {logging_mixin.py:190} INFO - Monitoring... 11/60 seconds
[2025-04-03T08:40:22.173+0000] {logging_mixin.py:190} INFO - Monitoring... 21/60 seconds
[2025-04-03T08:40:32.174+0000] {logging_mixin.py:190} INFO - Monitoring... 31/60 seconds
[2025-04-03T08:40:42.176+0000] {logging_mixin.py:190} INFO - Monitoring... 41/60 seconds
[2025-04-03T08:40:52.178+0000] {logging_mixin.py:190} INFO - Monitoring... 51/60 seconds
[2025-04-03T08:41:01.182+0000] {logging_mixin.py:190} INFO - Monitoring complete
[2025-04-03T08:41:01.182+0000] {python.py:240} INFO - Done. Returned value was: Monitoring successful
[2025-04-03T08:41:01.236+0000] {taskinstance.py:341} INFO - ::group::Post task execution logs
[2025-04-03T08:41:01.237+0000] {taskinstance.py:353} INFO - Marking task as SUCCESS. dag_id=weather_data_monitoring, task_id=monitor_data, run_id=scheduled__2025-04-03T08:39:00+00:00, execution_date=20250403T083900, start_date=20250403T084000, end_date=20250403T084101
[2025-04-03T08:41:01.340+0000] {local_task_job_runner.py:266} INFO - Task exited with return code 0
[2025-04-03T08:41:01.361+0000] {taskinstance.py:3901} INFO - 0 downstream tasks scheduled from follow-on schedule check
[2025-04-03T08:41:01.363+0000] {local_task_job_runner.py:245} INFO - ::endgroup::
