[2025-04-02T19:03:56.477+0000] {local_task_job_runner.py:123} INFO - ::group::Pre task execution logs
[2025-04-02T19:03:56.514+0000] {taskinstance.py:2614} INFO - Dependencies all met for dep_context=non-requeueable deps ti=<TaskInstance: weather_data_collection.version_data scheduled__2025-04-02T18:57:00+00:00 [queued]>
[2025-04-02T19:03:56.532+0000] {taskinstance.py:2614} INFO - Dependencies all met for dep_context=requeueable deps ti=<TaskInstance: weather_data_collection.version_data scheduled__2025-04-02T18:57:00+00:00 [queued]>
[2025-04-02T19:03:56.533+0000] {taskinstance.py:2867} INFO - Starting attempt 2 of 2
[2025-04-02T19:03:56.549+0000] {taskinstance.py:2890} INFO - Executing <Task(PythonOperator): version_data> on 2025-04-02 18:57:00+00:00
[2025-04-02T19:03:56.563+0000] {logging_mixin.py:190} WARNING - /home/ubuntu/miniconda/envs/mlflow/lib/python3.12/site-packages/***/task/task_runner/standard_task_runner.py:70 DeprecationWarning: This process (pid=44638) is multi-threaded, use of fork() may lead to deadlocks in the child.
[2025-04-02T19:03:56.565+0000] {standard_task_runner.py:72} INFO - Started process 44650 to run task
[2025-04-02T19:03:56.563+0000] {standard_task_runner.py:104} INFO - Running: ['***', 'tasks', 'run', 'weather_data_collection', 'version_data', 'scheduled__2025-04-02T18:57:00+00:00', '--job-id', '131', '--raw', '--subdir', 'DAGS_FOLDER/weather_dag.py', '--cfg-path', '/tmp/tmpi7jwmij6']
[2025-04-02T19:03:56.566+0000] {standard_task_runner.py:105} INFO - Job 131: Subtask version_data
[2025-04-02T19:03:56.653+0000] {task_command.py:467} INFO - Running <TaskInstance: weather_data_collection.version_data scheduled__2025-04-02T18:57:00+00:00 [running]> on host ip-172-31-19-13.eu-west-1.compute.internal
[2025-04-02T19:03:56.807+0000] {taskinstance.py:3134} INFO - Exporting env vars: AIRFLOW_CTX_DAG_OWNER='***' AIRFLOW_CTX_DAG_ID='weather_data_collection' AIRFLOW_CTX_TASK_ID='version_data' AIRFLOW_CTX_EXECUTION_DATE='2025-04-02T18:57:00+00:00' AIRFLOW_CTX_TRY_NUMBER='2' AIRFLOW_CTX_DAG_RUN_ID='scheduled__2025-04-02T18:57:00+00:00'
[2025-04-02T19:03:56.809+0000] {taskinstance.py:732} INFO - ::endgroup::
[2025-04-02T19:03:56.831+0000] {dvc_hook.py:47} INFO - DVC already initialized in /home/ubuntu/MLFlow
[2025-04-02T19:03:57.630+0000] {dvc_hook.py:56} INFO - Ensured DVC remote 'origin' URL is set to https://dagshub.com/fbarulli/MLFlow.
[2025-04-02T19:03:59.366+0000] {dvc_hook.py:89} INFO - DVC add output: 
To track the changes with git, run:

	git add data_storage.dvc

To enable auto staging, run:

	dvc config core.autostage true

[2025-04-02T19:03:59.367+0000] {dvc_hook.py:96} INFO - Setting DVC credentials using 'dvc remote modify'...
[2025-04-02T19:04:03.081+0000] {dvc_hook.py:109} INFO - DVC credentials set via 'dvc remote modify'.
[2025-04-02T19:04:03.082+0000] {dvc_hook.py:123} INFO - Attempt 1 to push...
[2025-04-02T19:04:05.357+0000] {dvc_hook.py:136} ERROR - DVC push error (attempt 1): 2025-04-02 19:04:04,999 ERROR: failed to transfer '32b44084e38fc58f95d5c113757555fa' - https://dagshub.com/fbarulli/MLFlow/files/md5/32/b44084e38fc58f95d5c113757555fa
Traceback (most recent call last):
  File "/home/ubuntu/miniconda/envs/mlflow/lib/python3.12/site-packages/dvc_objects/fs/generic.py", line 349, in transfer
    _try_links(
  File "/home/ubuntu/miniconda/envs/mlflow/lib/python3.12/site-packages/dvc_objects/fs/generic.py", line 281, in _try_links
    return copy(
           ^^^^^
  File "/home/ubuntu/miniconda/envs/mlflow/lib/python3.12/site-packages/dvc_objects/fs/generic.py", line 88, in copy
    return _put(
           ^^^^^
  File "/home/ubuntu/miniconda/envs/mlflow/lib/python3.12/site-packages/dvc_objects/fs/generic.py", line 161, in _put
    _put_one(from_paths[0], to_paths[0])
  File "/home/ubuntu/miniconda/envs/mlflow/lib/python3.12/site-packages/dvc_objects/fs/generic.py", line 151, in _put_one
    return to_fs.put_file(
           ^^^^^^^^^^^^^^^
  File "/home/ubuntu/miniconda/envs/mlflow/lib/python3.12/site-packages/dvc_objects/fs/base.py", line 635, in put_file
    self.fs.put_file(os.fspath(from_file), to_info, callback=callback, **kwargs)
  File "/home/ubuntu/miniconda/envs/mlflow/lib/python3.12/site-packages/fsspec/asyn.py", line 118, in wrapper
    return sync(self.loop, func, *args, **kwargs)
           ^^^^^^^^^^^^^^^^^^^^^^^^^^^^^^^^^^^^^^
  File "/home/ubuntu/miniconda/envs/mlflow/lib/python3.12/site-packages/fsspec/asyn.py", line 103, in sync
    raise return_result
  File "/home/ubuntu/miniconda/envs/mlflow/lib/python3.12/site-packages/fsspec/asyn.py", line 56, in _runner
    result[0] = await coro
                ^^^^^^^^^^
  File "/home/ubuntu/miniconda/envs/mlflow/lib/python3.12/site-packages/dvc_http/spec.py", line 11, in _put_file
    return await super()._put_file(*args, **kwargs)
           ^^^^^^^^^^^^^^^^^^^^^^^^^^^^^^^^^^^^^^^^
  File "/home/ubuntu/miniconda/envs/mlflow/lib/python3.12/site-packages/fsspec/implementations/http.py", line 317, in _put_file
    self._raise_not_found_for_status(resp, rpath)
  File "/home/ubuntu/miniconda/envs/mlflow/lib/python3.12/site-packages/fsspec/implementations/http.py", line 218, in _raise_not_found_for_status
    raise FileNotFoundError(url)
FileNotFoundError: https://dagshub.com/fbarulli/MLFlow/files/md5/32/b44084e38fc58f95d5c113757555fa

2025-04-02 19:04:05,009 ERROR: failed to push data to the cloud - 2 files failed to upload
Traceback (most recent call last):
  File "/home/ubuntu/miniconda/envs/mlflow/lib/python3.12/site-packages/dvc/commands/data_sync.py", line 64, in run
    processed_files_count = self.repo.push(
                            ^^^^^^^^^^^^^^^
  File "/home/ubuntu/miniconda/envs/mlflow/lib/python3.12/site-packages/dvc/repo/__init__.py", line 58, in wrapper
    return f(repo, *args, **kwargs)
           ^^^^^^^^^^^^^^^^^^^^^^^^
  File "/home/ubuntu/miniconda/envs/mlflow/lib/python3.12/site-packages/dvc/repo/push.py", line 174, in push
    raise UploadError(failed_count)
dvc.exceptions.UploadError: 2 files failed to upload


[2025-04-02T19:04:10.357+0000] {dvc_hook.py:123} INFO - Attempt 2 to push...
[2025-04-02T19:04:12.282+0000] {dvc_hook.py:136} ERROR - DVC push error (attempt 2): 2025-04-02 19:04:11,950 ERROR: failed to transfer '32b44084e38fc58f95d5c113757555fa' - https://dagshub.com/fbarulli/MLFlow/files/md5/32/b44084e38fc58f95d5c113757555fa
Traceback (most recent call last):
  File "/home/ubuntu/miniconda/envs/mlflow/lib/python3.12/site-packages/dvc_objects/fs/generic.py", line 349, in transfer
    _try_links(
  File "/home/ubuntu/miniconda/envs/mlflow/lib/python3.12/site-packages/dvc_objects/fs/generic.py", line 281, in _try_links
    return copy(
           ^^^^^
  File "/home/ubuntu/miniconda/envs/mlflow/lib/python3.12/site-packages/dvc_objects/fs/generic.py", line 88, in copy
    return _put(
           ^^^^^
  File "/home/ubuntu/miniconda/envs/mlflow/lib/python3.12/site-packages/dvc_objects/fs/generic.py", line 161, in _put
    _put_one(from_paths[0], to_paths[0])
  File "/home/ubuntu/miniconda/envs/mlflow/lib/python3.12/site-packages/dvc_objects/fs/generic.py", line 151, in _put_one
    return to_fs.put_file(
           ^^^^^^^^^^^^^^^
  File "/home/ubuntu/miniconda/envs/mlflow/lib/python3.12/site-packages/dvc_objects/fs/base.py", line 635, in put_file
    self.fs.put_file(os.fspath(from_file), to_info, callback=callback, **kwargs)
  File "/home/ubuntu/miniconda/envs/mlflow/lib/python3.12/site-packages/fsspec/asyn.py", line 118, in wrapper
    return sync(self.loop, func, *args, **kwargs)
           ^^^^^^^^^^^^^^^^^^^^^^^^^^^^^^^^^^^^^^
  File "/home/ubuntu/miniconda/envs/mlflow/lib/python3.12/site-packages/fsspec/asyn.py", line 103, in sync
    raise return_result
  File "/home/ubuntu/miniconda/envs/mlflow/lib/python3.12/site-packages/fsspec/asyn.py", line 56, in _runner
    result[0] = await coro
                ^^^^^^^^^^
  File "/home/ubuntu/miniconda/envs/mlflow/lib/python3.12/site-packages/dvc_http/spec.py", line 11, in _put_file
    return await super()._put_file(*args, **kwargs)
           ^^^^^^^^^^^^^^^^^^^^^^^^^^^^^^^^^^^^^^^^
  File "/home/ubuntu/miniconda/envs/mlflow/lib/python3.12/site-packages/fsspec/implementations/http.py", line 317, in _put_file
    self._raise_not_found_for_status(resp, rpath)
  File "/home/ubuntu/miniconda/envs/mlflow/lib/python3.12/site-packages/fsspec/implementations/http.py", line 218, in _raise_not_found_for_status
    raise FileNotFoundError(url)
FileNotFoundError: https://dagshub.com/fbarulli/MLFlow/files/md5/32/b44084e38fc58f95d5c113757555fa

2025-04-02 19:04:11,958 ERROR: failed to push data to the cloud - 2 files failed to upload
Traceback (most recent call last):
  File "/home/ubuntu/miniconda/envs/mlflow/lib/python3.12/site-packages/dvc/commands/data_sync.py", line 64, in run
    processed_files_count = self.repo.push(
                            ^^^^^^^^^^^^^^^
  File "/home/ubuntu/miniconda/envs/mlflow/lib/python3.12/site-packages/dvc/repo/__init__.py", line 58, in wrapper
    return f(repo, *args, **kwargs)
           ^^^^^^^^^^^^^^^^^^^^^^^^
  File "/home/ubuntu/miniconda/envs/mlflow/lib/python3.12/site-packages/dvc/repo/push.py", line 174, in push
    raise UploadError(failed_count)
dvc.exceptions.UploadError: 2 files failed to upload


[2025-04-02T19:04:17.282+0000] {dvc_hook.py:123} INFO - Attempt 3 to push...
[2025-04-02T19:04:19.048+0000] {dvc_hook.py:136} ERROR - DVC push error (attempt 3): 2025-04-02 19:04:18,779 ERROR: failed to transfer '32b44084e38fc58f95d5c113757555fa' - https://dagshub.com/fbarulli/MLFlow/files/md5/32/b44084e38fc58f95d5c113757555fa
Traceback (most recent call last):
  File "/home/ubuntu/miniconda/envs/mlflow/lib/python3.12/site-packages/dvc_objects/fs/generic.py", line 349, in transfer
    _try_links(
  File "/home/ubuntu/miniconda/envs/mlflow/lib/python3.12/site-packages/dvc_objects/fs/generic.py", line 281, in _try_links
    return copy(
           ^^^^^
  File "/home/ubuntu/miniconda/envs/mlflow/lib/python3.12/site-packages/dvc_objects/fs/generic.py", line 88, in copy
    return _put(
           ^^^^^
  File "/home/ubuntu/miniconda/envs/mlflow/lib/python3.12/site-packages/dvc_objects/fs/generic.py", line 161, in _put
    _put_one(from_paths[0], to_paths[0])
  File "/home/ubuntu/miniconda/envs/mlflow/lib/python3.12/site-packages/dvc_objects/fs/generic.py", line 151, in _put_one
    return to_fs.put_file(
           ^^^^^^^^^^^^^^^
  File "/home/ubuntu/miniconda/envs/mlflow/lib/python3.12/site-packages/dvc_objects/fs/base.py", line 635, in put_file
    self.fs.put_file(os.fspath(from_file), to_info, callback=callback, **kwargs)
  File "/home/ubuntu/miniconda/envs/mlflow/lib/python3.12/site-packages/fsspec/asyn.py", line 118, in wrapper
    return sync(self.loop, func, *args, **kwargs)
           ^^^^^^^^^^^^^^^^^^^^^^^^^^^^^^^^^^^^^^
  File "/home/ubuntu/miniconda/envs/mlflow/lib/python3.12/site-packages/fsspec/asyn.py", line 103, in sync
    raise return_result
  File "/home/ubuntu/miniconda/envs/mlflow/lib/python3.12/site-packages/fsspec/asyn.py", line 56, in _runner
    result[0] = await coro
                ^^^^^^^^^^
  File "/home/ubuntu/miniconda/envs/mlflow/lib/python3.12/site-packages/dvc_http/spec.py", line 11, in _put_file
    return await super()._put_file(*args, **kwargs)
           ^^^^^^^^^^^^^^^^^^^^^^^^^^^^^^^^^^^^^^^^
  File "/home/ubuntu/miniconda/envs/mlflow/lib/python3.12/site-packages/fsspec/implementations/http.py", line 317, in _put_file
    self._raise_not_found_for_status(resp, rpath)
  File "/home/ubuntu/miniconda/envs/mlflow/lib/python3.12/site-packages/fsspec/implementations/http.py", line 218, in _raise_not_found_for_status
    raise FileNotFoundError(url)
FileNotFoundError: https://dagshub.com/fbarulli/MLFlow/files/md5/32/b44084e38fc58f95d5c113757555fa

2025-04-02 19:04:18,784 ERROR: failed to push data to the cloud - 2 files failed to upload
Traceback (most recent call last):
  File "/home/ubuntu/miniconda/envs/mlflow/lib/python3.12/site-packages/dvc/commands/data_sync.py", line 64, in run
    processed_files_count = self.repo.push(
                            ^^^^^^^^^^^^^^^
  File "/home/ubuntu/miniconda/envs/mlflow/lib/python3.12/site-packages/dvc/repo/__init__.py", line 58, in wrapper
    return f(repo, *args, **kwargs)
           ^^^^^^^^^^^^^^^^^^^^^^^^
  File "/home/ubuntu/miniconda/envs/mlflow/lib/python3.12/site-packages/dvc/repo/push.py", line 174, in push
    raise UploadError(failed_count)
dvc.exceptions.UploadError: 2 files failed to upload


[2025-04-02T19:04:19.049+0000] {taskinstance.py:3313} ERROR - Task failed with exception
Traceback (most recent call last):
  File "/home/ubuntu/miniconda/envs/mlflow/lib/python3.12/site-packages/airflow/models/taskinstance.py", line 768, in _execute_task
    result = _execute_callable(context=context, **execute_callable_kwargs)
             ^^^^^^^^^^^^^^^^^^^^^^^^^^^^^^^^^^^^^^^^^^^^^^^^^^^^^^^^^^^^^
  File "/home/ubuntu/miniconda/envs/mlflow/lib/python3.12/site-packages/airflow/models/taskinstance.py", line 734, in _execute_callable
    return ExecutionCallableRunner(
           ^^^^^^^^^^^^^^^^^^^^^^^^
  File "/home/ubuntu/miniconda/envs/mlflow/lib/python3.12/site-packages/airflow/utils/operator_helpers.py", line 252, in run
    return self.func(*args, **kwargs)
           ^^^^^^^^^^^^^^^^^^^^^^^^^^
  File "/home/ubuntu/miniconda/envs/mlflow/lib/python3.12/site-packages/airflow/models/baseoperator.py", line 424, in wrapper
    return func(self, *args, **kwargs)
           ^^^^^^^^^^^^^^^^^^^^^^^^^^^
  File "/home/ubuntu/miniconda/envs/mlflow/lib/python3.12/site-packages/airflow/operators/python.py", line 238, in execute
    return_value = self.execute_callable()
                   ^^^^^^^^^^^^^^^^^^^^^^^
  File "/home/ubuntu/miniconda/envs/mlflow/lib/python3.12/site-packages/airflow/operators/python.py", line 256, in execute_callable
    return runner.run(*self.op_args, **self.op_kwargs)
           ^^^^^^^^^^^^^^^^^^^^^^^^^^^^^^^^^^^^^^^^^^^
  File "/home/ubuntu/miniconda/envs/mlflow/lib/python3.12/site-packages/airflow/utils/operator_helpers.py", line 252, in run
    return self.func(*args, **kwargs)
           ^^^^^^^^^^^^^^^^^^^^^^^^^^
  File "/home/ubuntu/MLFlow/dags/weather_dag.py", line 32, in version_weather_data
    hook.add_and_push(
  File "/home/ubuntu/MLFlow/dags/airflow_custom_hooks/dvc_hook.py", line 125, in add_and_push
  File "/home/ubuntu/miniconda/envs/mlflow/lib/python3.12/subprocess.py", line 573, in run
    raise CalledProcessError(retcode, process.args,
subprocess.CalledProcessError: Command '['dvc', 'push', '-v']' returned non-zero exit status 1.
[2025-04-02T19:04:19.069+0000] {taskinstance.py:1226} INFO - Marking task as FAILED. dag_id=weather_data_collection, task_id=version_data, run_id=scheduled__2025-04-02T18:57:00+00:00, execution_date=20250402T185700, start_date=20250402T190356, end_date=20250402T190419
[2025-04-02T19:04:19.136+0000] {taskinstance.py:341} INFO - ::group::Post task execution logs
[2025-04-02T19:04:19.137+0000] {standard_task_runner.py:124} ERROR - Failed to execute job 131 for task version_data (Command '['dvc', 'push', '-v']' returned non-zero exit status 1.; 44650)
Traceback (most recent call last):
  File "/home/ubuntu/miniconda/envs/mlflow/lib/python3.12/site-packages/airflow/task/task_runner/standard_task_runner.py", line 117, in _start_by_fork
    ret = args.func(args, dag=self.dag)
          ^^^^^^^^^^^^^^^^^^^^^^^^^^^^^
  File "/home/ubuntu/miniconda/envs/mlflow/lib/python3.12/site-packages/airflow/cli/cli_config.py", line 49, in command
    return func(*args, **kwargs)
           ^^^^^^^^^^^^^^^^^^^^^
  File "/home/ubuntu/miniconda/envs/mlflow/lib/python3.12/site-packages/airflow/utils/cli.py", line 116, in wrapper
    return f(*args, **kwargs)
           ^^^^^^^^^^^^^^^^^^
  File "/home/ubuntu/miniconda/envs/mlflow/lib/python3.12/site-packages/airflow/cli/commands/task_command.py", line 483, in task_run
    task_return_code = _run_task_by_selected_method(args, _dag, ti)
                       ^^^^^^^^^^^^^^^^^^^^^^^^^^^^^^^^^^^^^^^^^^^^
  File "/home/ubuntu/miniconda/envs/mlflow/lib/python3.12/site-packages/airflow/cli/commands/task_command.py", line 256, in _run_task_by_selected_method
    return _run_raw_task(args, ti)
           ^^^^^^^^^^^^^^^^^^^^^^^
  File "/home/ubuntu/miniconda/envs/mlflow/lib/python3.12/site-packages/airflow/cli/commands/task_command.py", line 341, in _run_raw_task
    return ti._run_raw_task(
           ^^^^^^^^^^^^^^^^^
  File "/home/ubuntu/miniconda/envs/mlflow/lib/python3.12/site-packages/airflow/utils/session.py", line 97, in wrapper
    return func(*args, session=session, **kwargs)
           ^^^^^^^^^^^^^^^^^^^^^^^^^^^^^^^^^^^^^^
  File "/home/ubuntu/miniconda/envs/mlflow/lib/python3.12/site-packages/airflow/models/taskinstance.py", line 3006, in _run_raw_task
    return _run_raw_task(
           ^^^^^^^^^^^^^^
  File "/home/ubuntu/miniconda/envs/mlflow/lib/python3.12/site-packages/airflow/models/taskinstance.py", line 274, in _run_raw_task
    TaskInstance._execute_task_with_callbacks(
  File "/home/ubuntu/miniconda/envs/mlflow/lib/python3.12/site-packages/airflow/models/taskinstance.py", line 3161, in _execute_task_with_callbacks
    result = self._execute_task(context, task_orig)
             ^^^^^^^^^^^^^^^^^^^^^^^^^^^^^^^^^^^^^^
  File "/home/ubuntu/miniconda/envs/mlflow/lib/python3.12/site-packages/airflow/models/taskinstance.py", line 3185, in _execute_task
    return _execute_task(self, context, task_orig)
           ^^^^^^^^^^^^^^^^^^^^^^^^^^^^^^^^^^^^^^^
  File "/home/ubuntu/miniconda/envs/mlflow/lib/python3.12/site-packages/airflow/models/taskinstance.py", line 768, in _execute_task
    result = _execute_callable(context=context, **execute_callable_kwargs)
             ^^^^^^^^^^^^^^^^^^^^^^^^^^^^^^^^^^^^^^^^^^^^^^^^^^^^^^^^^^^^^
  File "/home/ubuntu/miniconda/envs/mlflow/lib/python3.12/site-packages/airflow/models/taskinstance.py", line 734, in _execute_callable
    return ExecutionCallableRunner(
           ^^^^^^^^^^^^^^^^^^^^^^^^
  File "/home/ubuntu/miniconda/envs/mlflow/lib/python3.12/site-packages/airflow/utils/operator_helpers.py", line 252, in run
    return self.func(*args, **kwargs)
           ^^^^^^^^^^^^^^^^^^^^^^^^^^
  File "/home/ubuntu/miniconda/envs/mlflow/lib/python3.12/site-packages/airflow/models/baseoperator.py", line 424, in wrapper
    return func(self, *args, **kwargs)
           ^^^^^^^^^^^^^^^^^^^^^^^^^^^
  File "/home/ubuntu/miniconda/envs/mlflow/lib/python3.12/site-packages/airflow/operators/python.py", line 238, in execute
    return_value = self.execute_callable()
                   ^^^^^^^^^^^^^^^^^^^^^^^
  File "/home/ubuntu/miniconda/envs/mlflow/lib/python3.12/site-packages/airflow/operators/python.py", line 256, in execute_callable
    return runner.run(*self.op_args, **self.op_kwargs)
           ^^^^^^^^^^^^^^^^^^^^^^^^^^^^^^^^^^^^^^^^^^^
  File "/home/ubuntu/miniconda/envs/mlflow/lib/python3.12/site-packages/airflow/utils/operator_helpers.py", line 252, in run
    return self.func(*args, **kwargs)
           ^^^^^^^^^^^^^^^^^^^^^^^^^^
  File "/home/ubuntu/MLFlow/dags/weather_dag.py", line 32, in version_weather_data
    hook.add_and_push(
  File "/home/ubuntu/MLFlow/dags/airflow_custom_hooks/dvc_hook.py", line 125, in add_and_push
  File "/home/ubuntu/miniconda/envs/mlflow/lib/python3.12/subprocess.py", line 573, in run
    raise CalledProcessError(retcode, process.args,
subprocess.CalledProcessError: Command '['dvc', 'push', '-v']' returned non-zero exit status 1.
[2025-04-02T19:04:19.178+0000] {local_task_job_runner.py:266} INFO - Task exited with return code 1
[2025-04-02T19:04:19.206+0000] {taskinstance.py:3901} INFO - 0 downstream tasks scheduled from follow-on schedule check
[2025-04-02T19:04:19.214+0000] {local_task_job_runner.py:245} INFO - ::endgroup::
