[2025-03-31T16:05:15.070+0000] {local_task_job_runner.py:123} INFO - ::group::Pre task execution logs
[2025-03-31T16:05:15.090+0000] {taskinstance.py:2614} INFO - Dependencies all met for dep_context=non-requeueable deps ti=<TaskInstance: weather_data_monitoring.monitor_data scheduled__2025-03-31T16:04:00+00:00 [queued]>
[2025-03-31T16:05:15.099+0000] {taskinstance.py:2614} INFO - Dependencies all met for dep_context=requeueable deps ti=<TaskInstance: weather_data_monitoring.monitor_data scheduled__2025-03-31T16:04:00+00:00 [queued]>
[2025-03-31T16:05:15.099+0000] {taskinstance.py:2867} INFO - Starting attempt 1 of 2
[2025-03-31T16:05:15.118+0000] {taskinstance.py:2890} INFO - Executing <Task(DockerOperator): monitor_data> on 2025-03-31 16:04:00+00:00
[2025-03-31T16:05:15.123+0000] {standard_task_runner.py:72} INFO - Started process 19948 to run task
[2025-03-31T16:05:15.127+0000] {standard_task_runner.py:104} INFO - Running: ['airflow', 'tasks', 'run', 'weather_data_monitoring', 'monitor_data', 'scheduled__2025-03-31T16:04:00+00:00', '--job-id', '389', '--raw', '--subdir', 'DAGS_FOLDER/weather_monitor_dag.py', '--cfg-path', '/tmp/tmp19mbqqxw']
[2025-03-31T16:05:15.129+0000] {standard_task_runner.py:105} INFO - Job 389: Subtask monitor_data
[2025-03-31T16:05:15.174+0000] {task_command.py:467} INFO - Running <TaskInstance: weather_data_monitoring.monitor_data scheduled__2025-03-31T16:04:00+00:00 [running]> on host ip-172-31-19-13.eu-west-1.compute.internal
[2025-03-31T16:05:15.248+0000] {taskinstance.py:3134} INFO - Exporting env vars: AIRFLOW_CTX_DAG_OWNER='airflow' AIRFLOW_CTX_DAG_ID='weather_data_monitoring' AIRFLOW_CTX_TASK_ID='monitor_data' AIRFLOW_CTX_EXECUTION_DATE='2025-03-31T16:04:00+00:00' AIRFLOW_CTX_TRY_NUMBER='1' AIRFLOW_CTX_DAG_RUN_ID='scheduled__2025-03-31T16:04:00+00:00'
[2025-03-31T16:05:15.249+0000] {taskinstance.py:732} INFO - ::endgroup::
[2025-03-31T16:05:15.292+0000] {docker.py:353} INFO - Starting docker container from image weather-monitor:light
[2025-03-31T16:05:23.668+0000] {docker.py:73} INFO - 2025/03/31 16:05:23 WARNING mlflow.utils.git_utils: Failed to import Git (the Git executable is probably not on your PATH), so Git SHA is not available. Error: Failed to initialize: Bad git executable.
[2025-03-31T16:05:23.668+0000] {docker.py:73} INFO - The git executable must be specified in one of the following ways:
[2025-03-31T16:05:23.668+0000] {docker.py:73} INFO -     - be included in your $PATH
[2025-03-31T16:05:23.669+0000] {docker.py:73} INFO -     - be set via $GIT_PYTHON_GIT_EXECUTABLE
[2025-03-31T16:05:23.669+0000] {docker.py:73} INFO -     - explicitly set via git.refresh(<full-path-to-git-executable>)
[2025-03-31T16:05:23.669+0000] {docker.py:73} INFO - 
[2025-03-31T16:05:23.669+0000] {docker.py:73} INFO - All git commands will error until this is rectified.
[2025-03-31T16:05:23.670+0000] {docker.py:73} INFO - 
[2025-03-31T16:05:23.670+0000] {docker.py:73} INFO - This initial message can be silenced or aggravated in the future by setting the
[2025-03-31T16:05:23.670+0000] {docker.py:73} INFO - $GIT_PYTHON_REFRESH environment variable. Use one of the following values:
[2025-03-31T16:05:23.670+0000] {docker.py:73} INFO -     - quiet|q|silence|s|silent|none|n|0: for no message or exception
[2025-03-31T16:05:23.671+0000] {docker.py:73} INFO -     - warn|w|warning|log|l|1: for a warning message (logging level CRITICAL, displayed by default)
[2025-03-31T16:05:23.671+0000] {docker.py:73} INFO -     - error|e|exception|raise|r|2: for a raised exception
[2025-03-31T16:05:23.671+0000] {docker.py:73} INFO - 
[2025-03-31T16:05:23.671+0000] {docker.py:73} INFO - Example:
[2025-03-31T16:05:23.672+0000] {docker.py:73} INFO -     export GIT_PYTHON_REFRESH=quiet
[2025-03-31T16:07:56.350+0000] {local_task_job_runner.py:123} INFO - ::group::Pre task execution logs
[2025-03-31T16:07:56.376+0000] {taskinstance.py:2604} INFO - Dependencies not met for <TaskInstance: weather_data_monitoring.monitor_data scheduled__2025-03-31T16:04:00+00:00 [running]>, dependency 'Task Instance State' FAILED: Task is in the 'running' state.
[2025-03-31T16:07:56.388+0000] {taskinstance.py:2604} INFO - Dependencies not met for <TaskInstance: weather_data_monitoring.monitor_data scheduled__2025-03-31T16:04:00+00:00 [running]>, dependency 'Task Instance Not Running' FAILED: Task is in the running state
[2025-03-31T16:07:56.389+0000] {local_task_job_runner.py:166} INFO - Task is not able to be run
