[2025-04-03T09:33:00.752+0000] {local_task_job_runner.py:123} INFO - ::group::Pre task execution logs
[2025-04-03T09:33:00.789+0000] {taskinstance.py:2614} INFO - Dependencies all met for dep_context=non-requeueable deps ti=<TaskInstance: weather_data_monitoring.monitor_data scheduled__2025-04-03T09:32:00+00:00 [queued]>
[2025-04-03T09:33:00.804+0000] {taskinstance.py:2614} INFO - Dependencies all met for dep_context=requeueable deps ti=<TaskInstance: weather_data_monitoring.monitor_data scheduled__2025-04-03T09:32:00+00:00 [queued]>
[2025-04-03T09:33:00.804+0000] {taskinstance.py:2867} INFO - Starting attempt 1 of 2
[2025-04-03T09:33:00.831+0000] {taskinstance.py:2890} INFO - Executing <Task(PythonOperator): monitor_data> on 2025-04-03 09:32:00+00:00
[2025-04-03T09:33:00.847+0000] {standard_task_runner.py:104} INFO - Running: ['***', 'tasks', 'run', 'weather_data_monitoring', 'monitor_data', 'scheduled__2025-04-03T09:32:00+00:00', '--job-id', '341', '--raw', '--subdir', 'DAGS_FOLDER/weather_monitor_dag.py', '--cfg-path', '/tmp/tmppkqrcon8']
[2025-04-03T09:33:00.851+0000] {standard_task_runner.py:105} INFO - Job 341: Subtask monitor_data
[2025-04-03T09:33:00.844+0000] {logging_mixin.py:190} WARNING - /home/ubuntu/miniconda/envs/mlflow/lib/python3.12/site-packages/***/task/task_runner/standard_task_runner.py:70 DeprecationWarning: This process (pid=36271) is multi-threaded, use of fork() may lead to deadlocks in the child.
[2025-04-03T09:33:00.853+0000] {standard_task_runner.py:72} INFO - Started process 36280 to run task
[2025-04-03T09:33:00.951+0000] {task_command.py:467} INFO - Running <TaskInstance: weather_data_monitoring.monitor_data scheduled__2025-04-03T09:32:00+00:00 [running]> on host ip-172-31-19-13.eu-west-1.compute.internal
[2025-04-03T09:33:01.135+0000] {taskinstance.py:3134} INFO - Exporting env vars: AIRFLOW_CTX_DAG_OWNER='***' AIRFLOW_CTX_DAG_ID='weather_data_monitoring' AIRFLOW_CTX_TASK_ID='monitor_data' AIRFLOW_CTX_EXECUTION_DATE='2025-04-03T09:32:00+00:00' AIRFLOW_CTX_TRY_NUMBER='1' AIRFLOW_CTX_DAG_RUN_ID='scheduled__2025-04-03T09:32:00+00:00'
[2025-04-03T09:33:01.137+0000] {taskinstance.py:732} INFO - ::endgroup::
[2025-04-03T09:33:01.159+0000] {logging_mixin.py:190} INFO - Starting monitoring...
[2025-04-03T09:33:02.160+0000] {logging_mixin.py:190} INFO - Monitoring... 1/60 seconds
[2025-04-03T09:33:12.165+0000] {logging_mixin.py:190} INFO - Monitoring... 11/60 seconds
[2025-04-03T09:33:22.167+0000] {logging_mixin.py:190} INFO - Monitoring... 21/60 seconds
[2025-04-03T09:33:32.169+0000] {logging_mixin.py:190} INFO - Monitoring... 31/60 seconds
[2025-04-03T09:33:42.171+0000] {logging_mixin.py:190} INFO - Monitoring... 41/60 seconds
[2025-04-03T09:33:52.174+0000] {logging_mixin.py:190} INFO - Monitoring... 51/60 seconds
[2025-04-03T09:34:01.176+0000] {logging_mixin.py:190} INFO - Monitoring complete
[2025-04-03T09:34:01.176+0000] {python.py:240} INFO - Done. Returned value was: Monitoring successful
[2025-04-03T09:34:01.257+0000] {taskinstance.py:341} INFO - ::group::Post task execution logs
[2025-04-03T09:34:01.260+0000] {taskinstance.py:353} INFO - Marking task as SUCCESS. dag_id=weather_data_monitoring, task_id=monitor_data, run_id=scheduled__2025-04-03T09:32:00+00:00, execution_date=20250403T093200, start_date=20250403T093300, end_date=20250403T093401
[2025-04-03T09:34:01.437+0000] {local_task_job_runner.py:266} INFO - Task exited with return code 0
[2025-04-03T09:34:01.486+0000] {taskinstance.py:3901} INFO - 0 downstream tasks scheduled from follow-on schedule check
[2025-04-03T09:34:01.489+0000] {local_task_job_runner.py:245} INFO - ::endgroup::
