[2025-04-03T09:23:01.314+0000] {local_task_job_runner.py:123} INFO - ::group::Pre task execution logs
[2025-04-03T09:23:01.375+0000] {taskinstance.py:2614} INFO - Dependencies all met for dep_context=non-requeueable deps ti=<TaskInstance: weather_data_collection.collect_weather_data scheduled__2025-04-03T09:22:00+00:00 [queued]>
[2025-04-03T09:23:01.432+0000] {taskinstance.py:2614} INFO - Dependencies all met for dep_context=requeueable deps ti=<TaskInstance: weather_data_collection.collect_weather_data scheduled__2025-04-03T09:22:00+00:00 [queued]>
[2025-04-03T09:23:01.433+0000] {taskinstance.py:2867} INFO - Starting attempt 1 of 2
[2025-04-03T09:23:01.500+0000] {taskinstance.py:2890} INFO - Executing <Task(DockerOperator): collect_weather_data> on 2025-04-03 09:22:00+00:00
[2025-04-03T09:23:01.542+0000] {logging_mixin.py:190} WARNING - /home/ubuntu/miniconda/envs/mlflow/lib/python3.12/site-packages/***/task/task_runner/standard_task_runner.py:70 DeprecationWarning: This process (pid=32801) is multi-threaded, use of fork() may lead to deadlocks in the child.
[2025-04-03T09:23:01.543+0000] {standard_task_runner.py:72} INFO - Started process 32826 to run task
[2025-04-03T09:23:01.542+0000] {standard_task_runner.py:104} INFO - Running: ['***', 'tasks', 'run', 'weather_data_collection', 'collect_weather_data', 'scheduled__2025-04-03T09:22:00+00:00', '--job-id', '312', '--raw', '--subdir', 'DAGS_FOLDER/weather_dag.py', '--cfg-path', '/tmp/tmp1s3zp4pq']
[2025-04-03T09:23:01.553+0000] {standard_task_runner.py:105} INFO - Job 312: Subtask collect_weather_data
[2025-04-03T09:23:01.661+0000] {task_command.py:467} INFO - Running <TaskInstance: weather_data_collection.collect_weather_data scheduled__2025-04-03T09:22:00+00:00 [running]> on host ip-172-31-19-13.eu-west-1.compute.internal
[2025-04-03T09:23:01.931+0000] {taskinstance.py:3134} INFO - Exporting env vars: AIRFLOW_CTX_DAG_OWNER='***' AIRFLOW_CTX_DAG_ID='weather_data_collection' AIRFLOW_CTX_TASK_ID='collect_weather_data' AIRFLOW_CTX_EXECUTION_DATE='2025-04-03T09:22:00+00:00' AIRFLOW_CTX_TRY_NUMBER='1' AIRFLOW_CTX_DAG_RUN_ID='scheduled__2025-04-03T09:22:00+00:00'
[2025-04-03T09:23:01.932+0000] {taskinstance.py:732} INFO - ::endgroup::
[2025-04-03T09:23:01.981+0000] {docker.py:353} INFO - Starting docker container from image weather-collector:light
[2025-04-03T09:23:03.510+0000] {docker.py:73} INFO -   0%|          | 0/5 [00:00<?, ?it/s]
[2025-04-03T09:23:03.712+0000] {docker.py:73} INFO -  60%|██████    | 3/5 [00:00<00:00, 14.98it/s]
[2025-04-03T09:23:03.918+0000] {docker.py:73} INFO - 100%|██████████| 5/5 [00:00<00:00, 11.86it/s]
[2025-04-03T09:23:04.024+0000] {docker.py:73} INFO - 100%|██████████| 5/5 [00:00<00:00,  9.74it/s]
[2025-04-03T09:23:04.025+0000] {docker.py:73} INFO -   0%|          | 0/5 [00:00<?, ?it/s]
[2025-04-03T09:23:04.027+0000] {docker.py:73} INFO - 100%|██████████| 5/5 [00:00<00:00, 3801.94it/s]
[2025-04-03T09:23:04.051+0000] {docker.py:73} INFO -        city country  ...  weather_description             datetime
[2025-04-03T09:23:04.051+0000] {docker.py:73} INFO - 0     Paris      FR  ...            clear sky  2025-04-03T09:23:04
[2025-04-03T09:23:04.052+0000] {docker.py:73} INFO - 1    London      GB  ...            clear sky  2025-04-03T09:23:04
[2025-04-03T09:23:04.052+0000] {docker.py:73} INFO - 2  New York      US  ...      overcast clouds  2025-04-03T09:23:04
[2025-04-03T09:23:04.052+0000] {docker.py:73} INFO - 3    Berlin      DE  ...            clear sky  2025-04-03T09:23:04
[2025-04-03T09:23:04.053+0000] {docker.py:73} INFO - 4     Tokyo      JP  ...        broken clouds  2025-04-03T09:23:04
[2025-04-03T09:23:04.053+0000] {docker.py:73} INFO - 
[2025-04-03T09:23:04.053+0000] {docker.py:73} INFO - [5 rows x 7 columns]
[2025-04-03T09:23:04.474+0000] {taskinstance.py:341} INFO - ::group::Post task execution logs
[2025-04-03T09:23:04.474+0000] {taskinstance.py:353} INFO - Marking task as SUCCESS. dag_id=weather_data_collection, task_id=collect_weather_data, run_id=scheduled__2025-04-03T09:22:00+00:00, execution_date=20250403T092200, start_date=20250403T092301, end_date=20250403T092304
[2025-04-03T09:23:04.552+0000] {local_task_job_runner.py:266} INFO - Task exited with return code 0
[2025-04-03T09:23:04.593+0000] {taskinstance.py:3901} INFO - 1 downstream tasks scheduled from follow-on schedule check
[2025-04-03T09:23:04.595+0000] {local_task_job_runner.py:245} INFO - ::endgroup::
