[2025-04-03T09:07:13.196+0000] {processor.py:186} INFO - Started process (PID=25648) to work on /home/ubuntu/MLFlow/dags/airflow_custom_hooks/dvc_hook.py
[2025-04-03T09:07:13.204+0000] {processor.py:914} INFO - Processing file /home/ubuntu/MLFlow/dags/airflow_custom_hooks/dvc_hook.py for tasks to queue
[2025-04-03T09:07:13.208+0000] {logging_mixin.py:190} INFO - [2025-04-03T09:07:13.208+0000] {dagbag.py:588} INFO - Filling up the DagBag from /home/ubuntu/MLFlow/dags/airflow_custom_hooks/dvc_hook.py
[2025-04-03T09:07:13.214+0000] {processor.py:927} WARNING - No viable dags retrieved from /home/ubuntu/MLFlow/dags/airflow_custom_hooks/dvc_hook.py
[2025-04-03T09:07:13.256+0000] {processor.py:208} INFO - Processing /home/ubuntu/MLFlow/dags/airflow_custom_hooks/dvc_hook.py took 0.075 seconds
[2025-04-03T09:07:43.354+0000] {processor.py:186} INFO - Started process (PID=26030) to work on /home/ubuntu/MLFlow/dags/airflow_custom_hooks/dvc_hook.py
[2025-04-03T09:07:43.358+0000] {processor.py:914} INFO - Processing file /home/ubuntu/MLFlow/dags/airflow_custom_hooks/dvc_hook.py for tasks to queue
[2025-04-03T09:07:43.364+0000] {logging_mixin.py:190} INFO - [2025-04-03T09:07:43.363+0000] {dagbag.py:588} INFO - Filling up the DagBag from /home/ubuntu/MLFlow/dags/airflow_custom_hooks/dvc_hook.py
[2025-04-03T09:07:43.369+0000] {processor.py:927} WARNING - No viable dags retrieved from /home/ubuntu/MLFlow/dags/airflow_custom_hooks/dvc_hook.py
[2025-04-03T09:07:43.418+0000] {processor.py:208} INFO - Processing /home/ubuntu/MLFlow/dags/airflow_custom_hooks/dvc_hook.py took 0.078 seconds
[2025-04-03T09:08:13.894+0000] {processor.py:186} INFO - Started process (PID=26354) to work on /home/ubuntu/MLFlow/dags/airflow_custom_hooks/dvc_hook.py
[2025-04-03T09:08:13.895+0000] {processor.py:914} INFO - Processing file /home/ubuntu/MLFlow/dags/airflow_custom_hooks/dvc_hook.py for tasks to queue
[2025-04-03T09:08:13.898+0000] {logging_mixin.py:190} INFO - [2025-04-03T09:08:13.898+0000] {dagbag.py:588} INFO - Filling up the DagBag from /home/ubuntu/MLFlow/dags/airflow_custom_hooks/dvc_hook.py
[2025-04-03T09:08:13.901+0000] {processor.py:927} WARNING - No viable dags retrieved from /home/ubuntu/MLFlow/dags/airflow_custom_hooks/dvc_hook.py
[2025-04-03T09:08:13.929+0000] {processor.py:208} INFO - Processing /home/ubuntu/MLFlow/dags/airflow_custom_hooks/dvc_hook.py took 0.043 seconds
[2025-04-03T09:08:44.679+0000] {processor.py:186} INFO - Started process (PID=26456) to work on /home/ubuntu/MLFlow/dags/airflow_custom_hooks/dvc_hook.py
[2025-04-03T09:08:44.680+0000] {processor.py:914} INFO - Processing file /home/ubuntu/MLFlow/dags/airflow_custom_hooks/dvc_hook.py for tasks to queue
[2025-04-03T09:08:44.683+0000] {logging_mixin.py:190} INFO - [2025-04-03T09:08:44.682+0000] {dagbag.py:588} INFO - Filling up the DagBag from /home/ubuntu/MLFlow/dags/airflow_custom_hooks/dvc_hook.py
[2025-04-03T09:08:44.686+0000] {processor.py:927} WARNING - No viable dags retrieved from /home/ubuntu/MLFlow/dags/airflow_custom_hooks/dvc_hook.py
[2025-04-03T09:08:44.707+0000] {processor.py:208} INFO - Processing /home/ubuntu/MLFlow/dags/airflow_custom_hooks/dvc_hook.py took 0.036 seconds
[2025-04-03T09:09:15.072+0000] {processor.py:186} INFO - Started process (PID=26766) to work on /home/ubuntu/MLFlow/dags/airflow_custom_hooks/dvc_hook.py
[2025-04-03T09:09:15.080+0000] {processor.py:914} INFO - Processing file /home/ubuntu/MLFlow/dags/airflow_custom_hooks/dvc_hook.py for tasks to queue
[2025-04-03T09:09:15.083+0000] {logging_mixin.py:190} INFO - [2025-04-03T09:09:15.083+0000] {dagbag.py:588} INFO - Filling up the DagBag from /home/ubuntu/MLFlow/dags/airflow_custom_hooks/dvc_hook.py
[2025-04-03T09:09:15.086+0000] {processor.py:927} WARNING - No viable dags retrieved from /home/ubuntu/MLFlow/dags/airflow_custom_hooks/dvc_hook.py
[2025-04-03T09:09:15.125+0000] {processor.py:208} INFO - Processing /home/ubuntu/MLFlow/dags/airflow_custom_hooks/dvc_hook.py took 0.070 seconds
[2025-04-03T09:09:45.584+0000] {processor.py:186} INFO - Started process (PID=26860) to work on /home/ubuntu/MLFlow/dags/airflow_custom_hooks/dvc_hook.py
[2025-04-03T09:09:45.585+0000] {processor.py:914} INFO - Processing file /home/ubuntu/MLFlow/dags/airflow_custom_hooks/dvc_hook.py for tasks to queue
[2025-04-03T09:09:45.588+0000] {logging_mixin.py:190} INFO - [2025-04-03T09:09:45.587+0000] {dagbag.py:588} INFO - Filling up the DagBag from /home/ubuntu/MLFlow/dags/airflow_custom_hooks/dvc_hook.py
[2025-04-03T09:09:45.591+0000] {processor.py:927} WARNING - No viable dags retrieved from /home/ubuntu/MLFlow/dags/airflow_custom_hooks/dvc_hook.py
[2025-04-03T09:09:45.618+0000] {processor.py:208} INFO - Processing /home/ubuntu/MLFlow/dags/airflow_custom_hooks/dvc_hook.py took 0.044 seconds
[2025-04-03T09:10:15.902+0000] {processor.py:186} INFO - Started process (PID=27164) to work on /home/ubuntu/MLFlow/dags/airflow_custom_hooks/dvc_hook.py
[2025-04-03T09:10:15.905+0000] {processor.py:914} INFO - Processing file /home/ubuntu/MLFlow/dags/airflow_custom_hooks/dvc_hook.py for tasks to queue
[2025-04-03T09:10:15.907+0000] {logging_mixin.py:190} INFO - [2025-04-03T09:10:15.907+0000] {dagbag.py:588} INFO - Filling up the DagBag from /home/ubuntu/MLFlow/dags/airflow_custom_hooks/dvc_hook.py
[2025-04-03T09:10:15.910+0000] {processor.py:927} WARNING - No viable dags retrieved from /home/ubuntu/MLFlow/dags/airflow_custom_hooks/dvc_hook.py
[2025-04-03T09:10:15.935+0000] {processor.py:208} INFO - Processing /home/ubuntu/MLFlow/dags/airflow_custom_hooks/dvc_hook.py took 0.041 seconds
[2025-04-03T09:10:46.589+0000] {processor.py:186} INFO - Started process (PID=27338) to work on /home/ubuntu/MLFlow/dags/airflow_custom_hooks/dvc_hook.py
[2025-04-03T09:10:46.590+0000] {processor.py:914} INFO - Processing file /home/ubuntu/MLFlow/dags/airflow_custom_hooks/dvc_hook.py for tasks to queue
[2025-04-03T09:10:46.593+0000] {logging_mixin.py:190} INFO - [2025-04-03T09:10:46.592+0000] {dagbag.py:588} INFO - Filling up the DagBag from /home/ubuntu/MLFlow/dags/airflow_custom_hooks/dvc_hook.py
[2025-04-03T09:10:46.595+0000] {processor.py:927} WARNING - No viable dags retrieved from /home/ubuntu/MLFlow/dags/airflow_custom_hooks/dvc_hook.py
[2025-04-03T09:10:46.632+0000] {processor.py:208} INFO - Processing /home/ubuntu/MLFlow/dags/airflow_custom_hooks/dvc_hook.py took 0.052 seconds
[2025-04-03T09:11:17.234+0000] {processor.py:186} INFO - Started process (PID=27774) to work on /home/ubuntu/MLFlow/dags/airflow_custom_hooks/dvc_hook.py
[2025-04-03T09:11:17.237+0000] {processor.py:914} INFO - Processing file /home/ubuntu/MLFlow/dags/airflow_custom_hooks/dvc_hook.py for tasks to queue
[2025-04-03T09:11:17.242+0000] {logging_mixin.py:190} INFO - [2025-04-03T09:11:17.242+0000] {dagbag.py:588} INFO - Filling up the DagBag from /home/ubuntu/MLFlow/dags/airflow_custom_hooks/dvc_hook.py
[2025-04-03T09:11:17.245+0000] {processor.py:927} WARNING - No viable dags retrieved from /home/ubuntu/MLFlow/dags/airflow_custom_hooks/dvc_hook.py
[2025-04-03T09:11:17.290+0000] {processor.py:208} INFO - Processing /home/ubuntu/MLFlow/dags/airflow_custom_hooks/dvc_hook.py took 0.076 seconds
[2025-04-03T09:11:47.589+0000] {processor.py:186} INFO - Started process (PID=27900) to work on /home/ubuntu/MLFlow/dags/airflow_custom_hooks/dvc_hook.py
[2025-04-03T09:11:47.590+0000] {processor.py:914} INFO - Processing file /home/ubuntu/MLFlow/dags/airflow_custom_hooks/dvc_hook.py for tasks to queue
[2025-04-03T09:11:47.593+0000] {logging_mixin.py:190} INFO - [2025-04-03T09:11:47.592+0000] {dagbag.py:588} INFO - Filling up the DagBag from /home/ubuntu/MLFlow/dags/airflow_custom_hooks/dvc_hook.py
[2025-04-03T09:11:47.595+0000] {processor.py:927} WARNING - No viable dags retrieved from /home/ubuntu/MLFlow/dags/airflow_custom_hooks/dvc_hook.py
[2025-04-03T09:11:47.618+0000] {processor.py:208} INFO - Processing /home/ubuntu/MLFlow/dags/airflow_custom_hooks/dvc_hook.py took 0.037 seconds
[2025-04-03T09:12:18.299+0000] {processor.py:186} INFO - Started process (PID=28277) to work on /home/ubuntu/MLFlow/dags/airflow_custom_hooks/dvc_hook.py
[2025-04-03T09:12:18.301+0000] {processor.py:914} INFO - Processing file /home/ubuntu/MLFlow/dags/airflow_custom_hooks/dvc_hook.py for tasks to queue
[2025-04-03T09:12:18.303+0000] {logging_mixin.py:190} INFO - [2025-04-03T09:12:18.303+0000] {dagbag.py:588} INFO - Filling up the DagBag from /home/ubuntu/MLFlow/dags/airflow_custom_hooks/dvc_hook.py
[2025-04-03T09:12:18.306+0000] {processor.py:927} WARNING - No viable dags retrieved from /home/ubuntu/MLFlow/dags/airflow_custom_hooks/dvc_hook.py
[2025-04-03T09:12:18.327+0000] {processor.py:208} INFO - Processing /home/ubuntu/MLFlow/dags/airflow_custom_hooks/dvc_hook.py took 0.036 seconds
[2025-04-03T09:12:49.015+0000] {processor.py:186} INFO - Started process (PID=28419) to work on /home/ubuntu/MLFlow/dags/airflow_custom_hooks/dvc_hook.py
[2025-04-03T09:12:49.016+0000] {processor.py:914} INFO - Processing file /home/ubuntu/MLFlow/dags/airflow_custom_hooks/dvc_hook.py for tasks to queue
[2025-04-03T09:12:49.018+0000] {logging_mixin.py:190} INFO - [2025-04-03T09:12:49.018+0000] {dagbag.py:588} INFO - Filling up the DagBag from /home/ubuntu/MLFlow/dags/airflow_custom_hooks/dvc_hook.py
[2025-04-03T09:12:49.021+0000] {processor.py:927} WARNING - No viable dags retrieved from /home/ubuntu/MLFlow/dags/airflow_custom_hooks/dvc_hook.py
[2025-04-03T09:12:49.044+0000] {processor.py:208} INFO - Processing /home/ubuntu/MLFlow/dags/airflow_custom_hooks/dvc_hook.py took 0.037 seconds
[2025-04-03T09:13:19.550+0000] {processor.py:186} INFO - Started process (PID=28776) to work on /home/ubuntu/MLFlow/dags/airflow_custom_hooks/dvc_hook.py
[2025-04-03T09:13:19.555+0000] {processor.py:914} INFO - Processing file /home/ubuntu/MLFlow/dags/airflow_custom_hooks/dvc_hook.py for tasks to queue
[2025-04-03T09:13:19.559+0000] {logging_mixin.py:190} INFO - [2025-04-03T09:13:19.559+0000] {dagbag.py:588} INFO - Filling up the DagBag from /home/ubuntu/MLFlow/dags/airflow_custom_hooks/dvc_hook.py
[2025-04-03T09:13:19.566+0000] {processor.py:927} WARNING - No viable dags retrieved from /home/ubuntu/MLFlow/dags/airflow_custom_hooks/dvc_hook.py
[2025-04-03T09:13:19.602+0000] {processor.py:208} INFO - Processing /home/ubuntu/MLFlow/dags/airflow_custom_hooks/dvc_hook.py took 0.062 seconds
[2025-04-03T09:13:50.093+0000] {processor.py:186} INFO - Started process (PID=28885) to work on /home/ubuntu/MLFlow/dags/airflow_custom_hooks/dvc_hook.py
[2025-04-03T09:13:50.094+0000] {processor.py:914} INFO - Processing file /home/ubuntu/MLFlow/dags/airflow_custom_hooks/dvc_hook.py for tasks to queue
[2025-04-03T09:13:50.096+0000] {logging_mixin.py:190} INFO - [2025-04-03T09:13:50.096+0000] {dagbag.py:588} INFO - Filling up the DagBag from /home/ubuntu/MLFlow/dags/airflow_custom_hooks/dvc_hook.py
[2025-04-03T09:13:50.099+0000] {processor.py:927} WARNING - No viable dags retrieved from /home/ubuntu/MLFlow/dags/airflow_custom_hooks/dvc_hook.py
[2025-04-03T09:13:50.121+0000] {processor.py:208} INFO - Processing /home/ubuntu/MLFlow/dags/airflow_custom_hooks/dvc_hook.py took 0.037 seconds
[2025-04-03T09:14:20.603+0000] {processor.py:186} INFO - Started process (PID=29244) to work on /home/ubuntu/MLFlow/dags/airflow_custom_hooks/dvc_hook.py
[2025-04-03T09:14:20.605+0000] {processor.py:914} INFO - Processing file /home/ubuntu/MLFlow/dags/airflow_custom_hooks/dvc_hook.py for tasks to queue
[2025-04-03T09:14:20.609+0000] {logging_mixin.py:190} INFO - [2025-04-03T09:14:20.608+0000] {dagbag.py:588} INFO - Filling up the DagBag from /home/ubuntu/MLFlow/dags/airflow_custom_hooks/dvc_hook.py
[2025-04-03T09:14:20.612+0000] {processor.py:927} WARNING - No viable dags retrieved from /home/ubuntu/MLFlow/dags/airflow_custom_hooks/dvc_hook.py
[2025-04-03T09:14:20.639+0000] {processor.py:208} INFO - Processing /home/ubuntu/MLFlow/dags/airflow_custom_hooks/dvc_hook.py took 0.048 seconds
[2025-04-03T09:14:51.145+0000] {processor.py:186} INFO - Started process (PID=29371) to work on /home/ubuntu/MLFlow/dags/airflow_custom_hooks/dvc_hook.py
[2025-04-03T09:14:51.146+0000] {processor.py:914} INFO - Processing file /home/ubuntu/MLFlow/dags/airflow_custom_hooks/dvc_hook.py for tasks to queue
[2025-04-03T09:14:51.149+0000] {logging_mixin.py:190} INFO - [2025-04-03T09:14:51.149+0000] {dagbag.py:588} INFO - Filling up the DagBag from /home/ubuntu/MLFlow/dags/airflow_custom_hooks/dvc_hook.py
[2025-04-03T09:14:51.152+0000] {processor.py:927} WARNING - No viable dags retrieved from /home/ubuntu/MLFlow/dags/airflow_custom_hooks/dvc_hook.py
[2025-04-03T09:14:51.186+0000] {processor.py:208} INFO - Processing /home/ubuntu/MLFlow/dags/airflow_custom_hooks/dvc_hook.py took 0.053 seconds
[2025-04-03T09:15:21.681+0000] {processor.py:186} INFO - Started process (PID=29741) to work on /home/ubuntu/MLFlow/dags/airflow_custom_hooks/dvc_hook.py
[2025-04-03T09:15:21.682+0000] {processor.py:914} INFO - Processing file /home/ubuntu/MLFlow/dags/airflow_custom_hooks/dvc_hook.py for tasks to queue
[2025-04-03T09:15:21.685+0000] {logging_mixin.py:190} INFO - [2025-04-03T09:15:21.685+0000] {dagbag.py:588} INFO - Filling up the DagBag from /home/ubuntu/MLFlow/dags/airflow_custom_hooks/dvc_hook.py
[2025-04-03T09:15:21.688+0000] {processor.py:927} WARNING - No viable dags retrieved from /home/ubuntu/MLFlow/dags/airflow_custom_hooks/dvc_hook.py
[2025-04-03T09:15:21.714+0000] {processor.py:208} INFO - Processing /home/ubuntu/MLFlow/dags/airflow_custom_hooks/dvc_hook.py took 0.042 seconds
[2025-04-03T09:15:52.322+0000] {processor.py:186} INFO - Started process (PID=29861) to work on /home/ubuntu/MLFlow/dags/airflow_custom_hooks/dvc_hook.py
[2025-04-03T09:15:52.323+0000] {processor.py:914} INFO - Processing file /home/ubuntu/MLFlow/dags/airflow_custom_hooks/dvc_hook.py for tasks to queue
[2025-04-03T09:15:52.329+0000] {logging_mixin.py:190} INFO - [2025-04-03T09:15:52.328+0000] {dagbag.py:588} INFO - Filling up the DagBag from /home/ubuntu/MLFlow/dags/airflow_custom_hooks/dvc_hook.py
[2025-04-03T09:15:52.333+0000] {processor.py:927} WARNING - No viable dags retrieved from /home/ubuntu/MLFlow/dags/airflow_custom_hooks/dvc_hook.py
[2025-04-03T09:15:52.356+0000] {processor.py:208} INFO - Processing /home/ubuntu/MLFlow/dags/airflow_custom_hooks/dvc_hook.py took 0.052 seconds
[2025-04-03T09:16:22.854+0000] {processor.py:186} INFO - Started process (PID=30201) to work on /home/ubuntu/MLFlow/dags/airflow_custom_hooks/dvc_hook.py
[2025-04-03T09:16:22.856+0000] {processor.py:914} INFO - Processing file /home/ubuntu/MLFlow/dags/airflow_custom_hooks/dvc_hook.py for tasks to queue
[2025-04-03T09:16:22.859+0000] {logging_mixin.py:190} INFO - [2025-04-03T09:16:22.858+0000] {dagbag.py:588} INFO - Filling up the DagBag from /home/ubuntu/MLFlow/dags/airflow_custom_hooks/dvc_hook.py
[2025-04-03T09:16:22.862+0000] {processor.py:927} WARNING - No viable dags retrieved from /home/ubuntu/MLFlow/dags/airflow_custom_hooks/dvc_hook.py
[2025-04-03T09:16:22.886+0000] {processor.py:208} INFO - Processing /home/ubuntu/MLFlow/dags/airflow_custom_hooks/dvc_hook.py took 0.042 seconds
[2025-04-03T09:16:53.163+0000] {processor.py:186} INFO - Started process (PID=30318) to work on /home/ubuntu/MLFlow/dags/airflow_custom_hooks/dvc_hook.py
[2025-04-03T09:16:53.164+0000] {processor.py:914} INFO - Processing file /home/ubuntu/MLFlow/dags/airflow_custom_hooks/dvc_hook.py for tasks to queue
[2025-04-03T09:16:53.167+0000] {logging_mixin.py:190} INFO - [2025-04-03T09:16:53.166+0000] {dagbag.py:588} INFO - Filling up the DagBag from /home/ubuntu/MLFlow/dags/airflow_custom_hooks/dvc_hook.py
[2025-04-03T09:16:53.170+0000] {processor.py:927} WARNING - No viable dags retrieved from /home/ubuntu/MLFlow/dags/airflow_custom_hooks/dvc_hook.py
[2025-04-03T09:16:53.217+0000] {processor.py:208} INFO - Processing /home/ubuntu/MLFlow/dags/airflow_custom_hooks/dvc_hook.py took 0.062 seconds
[2025-04-03T09:17:23.494+0000] {processor.py:186} INFO - Started process (PID=30661) to work on /home/ubuntu/MLFlow/dags/airflow_custom_hooks/dvc_hook.py
[2025-04-03T09:17:23.496+0000] {processor.py:914} INFO - Processing file /home/ubuntu/MLFlow/dags/airflow_custom_hooks/dvc_hook.py for tasks to queue
[2025-04-03T09:17:23.499+0000] {logging_mixin.py:190} INFO - [2025-04-03T09:17:23.499+0000] {dagbag.py:588} INFO - Filling up the DagBag from /home/ubuntu/MLFlow/dags/airflow_custom_hooks/dvc_hook.py
[2025-04-03T09:17:23.503+0000] {processor.py:927} WARNING - No viable dags retrieved from /home/ubuntu/MLFlow/dags/airflow_custom_hooks/dvc_hook.py
[2025-04-03T09:17:23.527+0000] {processor.py:208} INFO - Processing /home/ubuntu/MLFlow/dags/airflow_custom_hooks/dvc_hook.py took 0.041 seconds
[2025-04-03T09:17:53.875+0000] {processor.py:186} INFO - Started process (PID=30785) to work on /home/ubuntu/MLFlow/dags/airflow_custom_hooks/dvc_hook.py
[2025-04-03T09:17:53.876+0000] {processor.py:914} INFO - Processing file /home/ubuntu/MLFlow/dags/airflow_custom_hooks/dvc_hook.py for tasks to queue
[2025-04-03T09:17:53.880+0000] {logging_mixin.py:190} INFO - [2025-04-03T09:17:53.879+0000] {dagbag.py:588} INFO - Filling up the DagBag from /home/ubuntu/MLFlow/dags/airflow_custom_hooks/dvc_hook.py
[2025-04-03T09:17:53.883+0000] {processor.py:927} WARNING - No viable dags retrieved from /home/ubuntu/MLFlow/dags/airflow_custom_hooks/dvc_hook.py
[2025-04-03T09:17:53.909+0000] {processor.py:208} INFO - Processing /home/ubuntu/MLFlow/dags/airflow_custom_hooks/dvc_hook.py took 0.043 seconds
[2025-04-03T09:18:24.218+0000] {processor.py:186} INFO - Started process (PID=31127) to work on /home/ubuntu/MLFlow/dags/airflow_custom_hooks/dvc_hook.py
[2025-04-03T09:18:24.220+0000] {processor.py:914} INFO - Processing file /home/ubuntu/MLFlow/dags/airflow_custom_hooks/dvc_hook.py for tasks to queue
[2025-04-03T09:18:24.223+0000] {logging_mixin.py:190} INFO - [2025-04-03T09:18:24.222+0000] {dagbag.py:588} INFO - Filling up the DagBag from /home/ubuntu/MLFlow/dags/airflow_custom_hooks/dvc_hook.py
[2025-04-03T09:18:24.226+0000] {processor.py:927} WARNING - No viable dags retrieved from /home/ubuntu/MLFlow/dags/airflow_custom_hooks/dvc_hook.py
[2025-04-03T09:18:24.249+0000] {processor.py:208} INFO - Processing /home/ubuntu/MLFlow/dags/airflow_custom_hooks/dvc_hook.py took 0.038 seconds
[2025-04-03T09:18:54.899+0000] {processor.py:186} INFO - Started process (PID=31240) to work on /home/ubuntu/MLFlow/dags/airflow_custom_hooks/dvc_hook.py
[2025-04-03T09:18:54.900+0000] {processor.py:914} INFO - Processing file /home/ubuntu/MLFlow/dags/airflow_custom_hooks/dvc_hook.py for tasks to queue
[2025-04-03T09:18:54.903+0000] {logging_mixin.py:190} INFO - [2025-04-03T09:18:54.903+0000] {dagbag.py:588} INFO - Filling up the DagBag from /home/ubuntu/MLFlow/dags/airflow_custom_hooks/dvc_hook.py
[2025-04-03T09:18:54.907+0000] {processor.py:927} WARNING - No viable dags retrieved from /home/ubuntu/MLFlow/dags/airflow_custom_hooks/dvc_hook.py
[2025-04-03T09:18:54.937+0000] {processor.py:208} INFO - Processing /home/ubuntu/MLFlow/dags/airflow_custom_hooks/dvc_hook.py took 0.053 seconds
[2025-04-03T09:19:25.242+0000] {processor.py:186} INFO - Started process (PID=31581) to work on /home/ubuntu/MLFlow/dags/airflow_custom_hooks/dvc_hook.py
[2025-04-03T09:19:25.243+0000] {processor.py:914} INFO - Processing file /home/ubuntu/MLFlow/dags/airflow_custom_hooks/dvc_hook.py for tasks to queue
[2025-04-03T09:19:25.246+0000] {logging_mixin.py:190} INFO - [2025-04-03T09:19:25.246+0000] {dagbag.py:588} INFO - Filling up the DagBag from /home/ubuntu/MLFlow/dags/airflow_custom_hooks/dvc_hook.py
[2025-04-03T09:19:25.251+0000] {processor.py:927} WARNING - No viable dags retrieved from /home/ubuntu/MLFlow/dags/airflow_custom_hooks/dvc_hook.py
[2025-04-03T09:19:25.276+0000] {processor.py:208} INFO - Processing /home/ubuntu/MLFlow/dags/airflow_custom_hooks/dvc_hook.py took 0.043 seconds
[2025-04-03T09:19:55.841+0000] {processor.py:186} INFO - Started process (PID=31710) to work on /home/ubuntu/MLFlow/dags/airflow_custom_hooks/dvc_hook.py
[2025-04-03T09:19:55.842+0000] {processor.py:914} INFO - Processing file /home/ubuntu/MLFlow/dags/airflow_custom_hooks/dvc_hook.py for tasks to queue
[2025-04-03T09:19:55.845+0000] {logging_mixin.py:190} INFO - [2025-04-03T09:19:55.844+0000] {dagbag.py:588} INFO - Filling up the DagBag from /home/ubuntu/MLFlow/dags/airflow_custom_hooks/dvc_hook.py
[2025-04-03T09:19:55.848+0000] {processor.py:927} WARNING - No viable dags retrieved from /home/ubuntu/MLFlow/dags/airflow_custom_hooks/dvc_hook.py
[2025-04-03T09:19:55.873+0000] {processor.py:208} INFO - Processing /home/ubuntu/MLFlow/dags/airflow_custom_hooks/dvc_hook.py took 0.053 seconds
[2025-04-03T09:20:26.254+0000] {processor.py:186} INFO - Started process (PID=32055) to work on /home/ubuntu/MLFlow/dags/airflow_custom_hooks/dvc_hook.py
[2025-04-03T09:20:26.256+0000] {processor.py:914} INFO - Processing file /home/ubuntu/MLFlow/dags/airflow_custom_hooks/dvc_hook.py for tasks to queue
[2025-04-03T09:20:26.260+0000] {logging_mixin.py:190} INFO - [2025-04-03T09:20:26.259+0000] {dagbag.py:588} INFO - Filling up the DagBag from /home/ubuntu/MLFlow/dags/airflow_custom_hooks/dvc_hook.py
[2025-04-03T09:20:26.263+0000] {processor.py:927} WARNING - No viable dags retrieved from /home/ubuntu/MLFlow/dags/airflow_custom_hooks/dvc_hook.py
[2025-04-03T09:20:26.292+0000] {processor.py:208} INFO - Processing /home/ubuntu/MLFlow/dags/airflow_custom_hooks/dvc_hook.py took 0.051 seconds
[2025-04-03T09:20:56.838+0000] {processor.py:186} INFO - Started process (PID=32089) to work on /home/ubuntu/MLFlow/dags/airflow_custom_hooks/dvc_hook.py
[2025-04-03T09:20:56.840+0000] {processor.py:914} INFO - Processing file /home/ubuntu/MLFlow/dags/airflow_custom_hooks/dvc_hook.py for tasks to queue
[2025-04-03T09:20:56.843+0000] {logging_mixin.py:190} INFO - [2025-04-03T09:20:56.843+0000] {dagbag.py:588} INFO - Filling up the DagBag from /home/ubuntu/MLFlow/dags/airflow_custom_hooks/dvc_hook.py
[2025-04-03T09:20:56.846+0000] {processor.py:927} WARNING - No viable dags retrieved from /home/ubuntu/MLFlow/dags/airflow_custom_hooks/dvc_hook.py
[2025-04-03T09:20:56.869+0000] {processor.py:208} INFO - Processing /home/ubuntu/MLFlow/dags/airflow_custom_hooks/dvc_hook.py took 0.045 seconds
[2025-04-03T09:21:27.440+0000] {processor.py:186} INFO - Started process (PID=32398) to work on /home/ubuntu/MLFlow/dags/airflow_custom_hooks/dvc_hook.py
[2025-04-03T09:21:27.443+0000] {processor.py:914} INFO - Processing file /home/ubuntu/MLFlow/dags/airflow_custom_hooks/dvc_hook.py for tasks to queue
[2025-04-03T09:21:27.447+0000] {logging_mixin.py:190} INFO - [2025-04-03T09:21:27.447+0000] {dagbag.py:588} INFO - Filling up the DagBag from /home/ubuntu/MLFlow/dags/airflow_custom_hooks/dvc_hook.py
[2025-04-03T09:21:27.467+0000] {processor.py:927} WARNING - No viable dags retrieved from /home/ubuntu/MLFlow/dags/airflow_custom_hooks/dvc_hook.py
[2025-04-03T09:21:27.514+0000] {processor.py:208} INFO - Processing /home/ubuntu/MLFlow/dags/airflow_custom_hooks/dvc_hook.py took 0.088 seconds
[2025-04-03T09:21:57.958+0000] {processor.py:186} INFO - Started process (PID=32433) to work on /home/ubuntu/MLFlow/dags/airflow_custom_hooks/dvc_hook.py
[2025-04-03T09:21:57.959+0000] {processor.py:914} INFO - Processing file /home/ubuntu/MLFlow/dags/airflow_custom_hooks/dvc_hook.py for tasks to queue
[2025-04-03T09:21:57.961+0000] {logging_mixin.py:190} INFO - [2025-04-03T09:21:57.961+0000] {dagbag.py:588} INFO - Filling up the DagBag from /home/ubuntu/MLFlow/dags/airflow_custom_hooks/dvc_hook.py
[2025-04-03T09:21:57.964+0000] {processor.py:927} WARNING - No viable dags retrieved from /home/ubuntu/MLFlow/dags/airflow_custom_hooks/dvc_hook.py
[2025-04-03T09:21:57.987+0000] {processor.py:208} INFO - Processing /home/ubuntu/MLFlow/dags/airflow_custom_hooks/dvc_hook.py took 0.038 seconds
[2025-04-03T09:22:28.481+0000] {processor.py:186} INFO - Started process (PID=32762) to work on /home/ubuntu/MLFlow/dags/airflow_custom_hooks/dvc_hook.py
[2025-04-03T09:22:28.483+0000] {processor.py:914} INFO - Processing file /home/ubuntu/MLFlow/dags/airflow_custom_hooks/dvc_hook.py for tasks to queue
[2025-04-03T09:22:28.486+0000] {logging_mixin.py:190} INFO - [2025-04-03T09:22:28.486+0000] {dagbag.py:588} INFO - Filling up the DagBag from /home/ubuntu/MLFlow/dags/airflow_custom_hooks/dvc_hook.py
[2025-04-03T09:22:28.489+0000] {processor.py:927} WARNING - No viable dags retrieved from /home/ubuntu/MLFlow/dags/airflow_custom_hooks/dvc_hook.py
[2025-04-03T09:22:28.511+0000] {processor.py:208} INFO - Processing /home/ubuntu/MLFlow/dags/airflow_custom_hooks/dvc_hook.py took 0.038 seconds
[2025-04-03T09:22:58.978+0000] {processor.py:186} INFO - Started process (PID=32794) to work on /home/ubuntu/MLFlow/dags/airflow_custom_hooks/dvc_hook.py
[2025-04-03T09:22:58.978+0000] {processor.py:914} INFO - Processing file /home/ubuntu/MLFlow/dags/airflow_custom_hooks/dvc_hook.py for tasks to queue
[2025-04-03T09:22:58.981+0000] {logging_mixin.py:190} INFO - [2025-04-03T09:22:58.981+0000] {dagbag.py:588} INFO - Filling up the DagBag from /home/ubuntu/MLFlow/dags/airflow_custom_hooks/dvc_hook.py
[2025-04-03T09:22:58.983+0000] {processor.py:927} WARNING - No viable dags retrieved from /home/ubuntu/MLFlow/dags/airflow_custom_hooks/dvc_hook.py
[2025-04-03T09:22:59.007+0000] {processor.py:208} INFO - Processing /home/ubuntu/MLFlow/dags/airflow_custom_hooks/dvc_hook.py took 0.039 seconds
[2025-04-03T09:23:29.761+0000] {processor.py:186} INFO - Started process (PID=33102) to work on /home/ubuntu/MLFlow/dags/airflow_custom_hooks/dvc_hook.py
[2025-04-03T09:23:29.762+0000] {processor.py:914} INFO - Processing file /home/ubuntu/MLFlow/dags/airflow_custom_hooks/dvc_hook.py for tasks to queue
[2025-04-03T09:23:29.765+0000] {logging_mixin.py:190} INFO - [2025-04-03T09:23:29.764+0000] {dagbag.py:588} INFO - Filling up the DagBag from /home/ubuntu/MLFlow/dags/airflow_custom_hooks/dvc_hook.py
[2025-04-03T09:23:29.768+0000] {processor.py:927} WARNING - No viable dags retrieved from /home/ubuntu/MLFlow/dags/airflow_custom_hooks/dvc_hook.py
[2025-04-03T09:23:29.789+0000] {processor.py:208} INFO - Processing /home/ubuntu/MLFlow/dags/airflow_custom_hooks/dvc_hook.py took 0.037 seconds
[2025-04-03T09:24:00.289+0000] {processor.py:186} INFO - Started process (PID=33133) to work on /home/ubuntu/MLFlow/dags/airflow_custom_hooks/dvc_hook.py
[2025-04-03T09:24:00.290+0000] {processor.py:914} INFO - Processing file /home/ubuntu/MLFlow/dags/airflow_custom_hooks/dvc_hook.py for tasks to queue
[2025-04-03T09:24:00.293+0000] {logging_mixin.py:190} INFO - [2025-04-03T09:24:00.293+0000] {dagbag.py:588} INFO - Filling up the DagBag from /home/ubuntu/MLFlow/dags/airflow_custom_hooks/dvc_hook.py
[2025-04-03T09:24:00.296+0000] {processor.py:927} WARNING - No viable dags retrieved from /home/ubuntu/MLFlow/dags/airflow_custom_hooks/dvc_hook.py
[2025-04-03T09:24:00.318+0000] {processor.py:208} INFO - Processing /home/ubuntu/MLFlow/dags/airflow_custom_hooks/dvc_hook.py took 0.037 seconds
[2025-04-03T09:24:31.030+0000] {processor.py:186} INFO - Started process (PID=33462) to work on /home/ubuntu/MLFlow/dags/airflow_custom_hooks/dvc_hook.py
[2025-04-03T09:24:31.032+0000] {processor.py:914} INFO - Processing file /home/ubuntu/MLFlow/dags/airflow_custom_hooks/dvc_hook.py for tasks to queue
[2025-04-03T09:24:31.036+0000] {logging_mixin.py:190} INFO - [2025-04-03T09:24:31.035+0000] {dagbag.py:588} INFO - Filling up the DagBag from /home/ubuntu/MLFlow/dags/airflow_custom_hooks/dvc_hook.py
[2025-04-03T09:24:31.040+0000] {processor.py:927} WARNING - No viable dags retrieved from /home/ubuntu/MLFlow/dags/airflow_custom_hooks/dvc_hook.py
[2025-04-03T09:24:31.091+0000] {processor.py:208} INFO - Processing /home/ubuntu/MLFlow/dags/airflow_custom_hooks/dvc_hook.py took 0.073 seconds
[2025-04-03T09:25:01.549+0000] {processor.py:186} INFO - Started process (PID=33585) to work on /home/ubuntu/MLFlow/dags/airflow_custom_hooks/dvc_hook.py
[2025-04-03T09:25:01.550+0000] {processor.py:914} INFO - Processing file /home/ubuntu/MLFlow/dags/airflow_custom_hooks/dvc_hook.py for tasks to queue
[2025-04-03T09:25:01.554+0000] {logging_mixin.py:190} INFO - [2025-04-03T09:25:01.553+0000] {dagbag.py:588} INFO - Filling up the DagBag from /home/ubuntu/MLFlow/dags/airflow_custom_hooks/dvc_hook.py
[2025-04-03T09:25:01.559+0000] {processor.py:927} WARNING - No viable dags retrieved from /home/ubuntu/MLFlow/dags/airflow_custom_hooks/dvc_hook.py
[2025-04-03T09:25:01.590+0000] {processor.py:208} INFO - Processing /home/ubuntu/MLFlow/dags/airflow_custom_hooks/dvc_hook.py took 0.061 seconds
[2025-04-03T09:25:31.879+0000] {processor.py:186} INFO - Started process (PID=33875) to work on /home/ubuntu/MLFlow/dags/airflow_custom_hooks/dvc_hook.py
[2025-04-03T09:25:31.881+0000] {processor.py:914} INFO - Processing file /home/ubuntu/MLFlow/dags/airflow_custom_hooks/dvc_hook.py for tasks to queue
[2025-04-03T09:25:31.884+0000] {logging_mixin.py:190} INFO - [2025-04-03T09:25:31.883+0000] {dagbag.py:588} INFO - Filling up the DagBag from /home/ubuntu/MLFlow/dags/airflow_custom_hooks/dvc_hook.py
[2025-04-03T09:25:31.887+0000] {processor.py:927} WARNING - No viable dags retrieved from /home/ubuntu/MLFlow/dags/airflow_custom_hooks/dvc_hook.py
[2025-04-03T09:25:31.912+0000] {processor.py:208} INFO - Processing /home/ubuntu/MLFlow/dags/airflow_custom_hooks/dvc_hook.py took 0.044 seconds
[2025-04-03T09:26:02.318+0000] {processor.py:186} INFO - Started process (PID=34018) to work on /home/ubuntu/MLFlow/dags/airflow_custom_hooks/dvc_hook.py
[2025-04-03T09:26:02.320+0000] {processor.py:914} INFO - Processing file /home/ubuntu/MLFlow/dags/airflow_custom_hooks/dvc_hook.py for tasks to queue
[2025-04-03T09:26:02.323+0000] {logging_mixin.py:190} INFO - [2025-04-03T09:26:02.323+0000] {dagbag.py:588} INFO - Filling up the DagBag from /home/ubuntu/MLFlow/dags/airflow_custom_hooks/dvc_hook.py
[2025-04-03T09:26:02.327+0000] {processor.py:927} WARNING - No viable dags retrieved from /home/ubuntu/MLFlow/dags/airflow_custom_hooks/dvc_hook.py
[2025-04-03T09:26:02.352+0000] {processor.py:208} INFO - Processing /home/ubuntu/MLFlow/dags/airflow_custom_hooks/dvc_hook.py took 0.045 seconds
[2025-04-03T09:26:32.635+0000] {processor.py:186} INFO - Started process (PID=34219) to work on /home/ubuntu/MLFlow/dags/airflow_custom_hooks/dvc_hook.py
[2025-04-03T09:26:32.636+0000] {processor.py:914} INFO - Processing file /home/ubuntu/MLFlow/dags/airflow_custom_hooks/dvc_hook.py for tasks to queue
[2025-04-03T09:26:32.639+0000] {logging_mixin.py:190} INFO - [2025-04-03T09:26:32.639+0000] {dagbag.py:588} INFO - Filling up the DagBag from /home/ubuntu/MLFlow/dags/airflow_custom_hooks/dvc_hook.py
[2025-04-03T09:26:32.642+0000] {processor.py:927} WARNING - No viable dags retrieved from /home/ubuntu/MLFlow/dags/airflow_custom_hooks/dvc_hook.py
[2025-04-03T09:26:32.665+0000] {processor.py:208} INFO - Processing /home/ubuntu/MLFlow/dags/airflow_custom_hooks/dvc_hook.py took 0.038 seconds
[2025-04-03T09:27:03.010+0000] {processor.py:186} INFO - Started process (PID=34360) to work on /home/ubuntu/MLFlow/dags/airflow_custom_hooks/dvc_hook.py
[2025-04-03T09:27:03.024+0000] {processor.py:914} INFO - Processing file /home/ubuntu/MLFlow/dags/airflow_custom_hooks/dvc_hook.py for tasks to queue
[2025-04-03T09:27:03.027+0000] {logging_mixin.py:190} INFO - [2025-04-03T09:27:03.027+0000] {dagbag.py:588} INFO - Filling up the DagBag from /home/ubuntu/MLFlow/dags/airflow_custom_hooks/dvc_hook.py
[2025-04-03T09:27:03.040+0000] {processor.py:927} WARNING - No viable dags retrieved from /home/ubuntu/MLFlow/dags/airflow_custom_hooks/dvc_hook.py
[2025-04-03T09:27:03.064+0000] {processor.py:208} INFO - Processing /home/ubuntu/MLFlow/dags/airflow_custom_hooks/dvc_hook.py took 0.064 seconds
[2025-04-03T09:27:33.605+0000] {processor.py:186} INFO - Started process (PID=34550) to work on /home/ubuntu/MLFlow/dags/airflow_custom_hooks/dvc_hook.py
[2025-04-03T09:27:33.606+0000] {processor.py:914} INFO - Processing file /home/ubuntu/MLFlow/dags/airflow_custom_hooks/dvc_hook.py for tasks to queue
[2025-04-03T09:27:33.608+0000] {logging_mixin.py:190} INFO - [2025-04-03T09:27:33.608+0000] {dagbag.py:588} INFO - Filling up the DagBag from /home/ubuntu/MLFlow/dags/airflow_custom_hooks/dvc_hook.py
[2025-04-03T09:27:33.611+0000] {processor.py:927} WARNING - No viable dags retrieved from /home/ubuntu/MLFlow/dags/airflow_custom_hooks/dvc_hook.py
[2025-04-03T09:27:33.634+0000] {processor.py:208} INFO - Processing /home/ubuntu/MLFlow/dags/airflow_custom_hooks/dvc_hook.py took 0.038 seconds
[2025-04-03T09:28:04.070+0000] {processor.py:186} INFO - Started process (PID=34728) to work on /home/ubuntu/MLFlow/dags/airflow_custom_hooks/dvc_hook.py
[2025-04-03T09:28:04.071+0000] {processor.py:914} INFO - Processing file /home/ubuntu/MLFlow/dags/airflow_custom_hooks/dvc_hook.py for tasks to queue
[2025-04-03T09:28:04.074+0000] {logging_mixin.py:190} INFO - [2025-04-03T09:28:04.074+0000] {dagbag.py:588} INFO - Filling up the DagBag from /home/ubuntu/MLFlow/dags/airflow_custom_hooks/dvc_hook.py
[2025-04-03T09:28:04.077+0000] {processor.py:927} WARNING - No viable dags retrieved from /home/ubuntu/MLFlow/dags/airflow_custom_hooks/dvc_hook.py
[2025-04-03T09:28:04.097+0000] {processor.py:208} INFO - Processing /home/ubuntu/MLFlow/dags/airflow_custom_hooks/dvc_hook.py took 0.037 seconds
[2025-04-03T09:28:34.684+0000] {processor.py:186} INFO - Started process (PID=34884) to work on /home/ubuntu/MLFlow/dags/airflow_custom_hooks/dvc_hook.py
[2025-04-03T09:28:34.685+0000] {processor.py:914} INFO - Processing file /home/ubuntu/MLFlow/dags/airflow_custom_hooks/dvc_hook.py for tasks to queue
[2025-04-03T09:28:34.688+0000] {logging_mixin.py:190} INFO - [2025-04-03T09:28:34.688+0000] {dagbag.py:588} INFO - Filling up the DagBag from /home/ubuntu/MLFlow/dags/airflow_custom_hooks/dvc_hook.py
[2025-04-03T09:28:34.691+0000] {processor.py:927} WARNING - No viable dags retrieved from /home/ubuntu/MLFlow/dags/airflow_custom_hooks/dvc_hook.py
[2025-04-03T09:28:34.715+0000] {processor.py:208} INFO - Processing /home/ubuntu/MLFlow/dags/airflow_custom_hooks/dvc_hook.py took 0.038 seconds
[2025-04-03T09:29:05.141+0000] {processor.py:186} INFO - Started process (PID=35068) to work on /home/ubuntu/MLFlow/dags/airflow_custom_hooks/dvc_hook.py
[2025-04-03T09:29:05.143+0000] {processor.py:914} INFO - Processing file /home/ubuntu/MLFlow/dags/airflow_custom_hooks/dvc_hook.py for tasks to queue
[2025-04-03T09:29:05.146+0000] {logging_mixin.py:190} INFO - [2025-04-03T09:29:05.145+0000] {dagbag.py:588} INFO - Filling up the DagBag from /home/ubuntu/MLFlow/dags/airflow_custom_hooks/dvc_hook.py
[2025-04-03T09:29:05.148+0000] {processor.py:927} WARNING - No viable dags retrieved from /home/ubuntu/MLFlow/dags/airflow_custom_hooks/dvc_hook.py
[2025-04-03T09:29:05.171+0000] {processor.py:208} INFO - Processing /home/ubuntu/MLFlow/dags/airflow_custom_hooks/dvc_hook.py took 0.038 seconds
[2025-04-03T09:29:35.882+0000] {processor.py:186} INFO - Started process (PID=35224) to work on /home/ubuntu/MLFlow/dags/airflow_custom_hooks/dvc_hook.py
[2025-04-03T09:29:35.882+0000] {processor.py:914} INFO - Processing file /home/ubuntu/MLFlow/dags/airflow_custom_hooks/dvc_hook.py for tasks to queue
[2025-04-03T09:29:35.887+0000] {logging_mixin.py:190} INFO - [2025-04-03T09:29:35.887+0000] {dagbag.py:588} INFO - Filling up the DagBag from /home/ubuntu/MLFlow/dags/airflow_custom_hooks/dvc_hook.py
[2025-04-03T09:29:35.892+0000] {processor.py:927} WARNING - No viable dags retrieved from /home/ubuntu/MLFlow/dags/airflow_custom_hooks/dvc_hook.py
[2025-04-03T09:29:35.951+0000] {processor.py:208} INFO - Processing /home/ubuntu/MLFlow/dags/airflow_custom_hooks/dvc_hook.py took 0.085 seconds
[2025-04-03T09:30:06.262+0000] {processor.py:186} INFO - Started process (PID=35412) to work on /home/ubuntu/MLFlow/dags/airflow_custom_hooks/dvc_hook.py
[2025-04-03T09:30:06.263+0000] {processor.py:914} INFO - Processing file /home/ubuntu/MLFlow/dags/airflow_custom_hooks/dvc_hook.py for tasks to queue
[2025-04-03T09:30:06.266+0000] {logging_mixin.py:190} INFO - [2025-04-03T09:30:06.266+0000] {dagbag.py:588} INFO - Filling up the DagBag from /home/ubuntu/MLFlow/dags/airflow_custom_hooks/dvc_hook.py
[2025-04-03T09:30:06.270+0000] {processor.py:927} WARNING - No viable dags retrieved from /home/ubuntu/MLFlow/dags/airflow_custom_hooks/dvc_hook.py
[2025-04-03T09:30:06.300+0000] {processor.py:208} INFO - Processing /home/ubuntu/MLFlow/dags/airflow_custom_hooks/dvc_hook.py took 0.053 seconds
[2025-04-03T09:30:37.136+0000] {processor.py:186} INFO - Started process (PID=35564) to work on /home/ubuntu/MLFlow/dags/airflow_custom_hooks/dvc_hook.py
[2025-04-03T09:30:37.137+0000] {processor.py:914} INFO - Processing file /home/ubuntu/MLFlow/dags/airflow_custom_hooks/dvc_hook.py for tasks to queue
[2025-04-03T09:30:37.141+0000] {logging_mixin.py:190} INFO - [2025-04-03T09:30:37.140+0000] {dagbag.py:588} INFO - Filling up the DagBag from /home/ubuntu/MLFlow/dags/airflow_custom_hooks/dvc_hook.py
[2025-04-03T09:30:37.145+0000] {processor.py:927} WARNING - No viable dags retrieved from /home/ubuntu/MLFlow/dags/airflow_custom_hooks/dvc_hook.py
[2025-04-03T09:30:37.171+0000] {processor.py:208} INFO - Processing /home/ubuntu/MLFlow/dags/airflow_custom_hooks/dvc_hook.py took 0.054 seconds
[2025-04-03T09:31:07.577+0000] {processor.py:186} INFO - Started process (PID=35782) to work on /home/ubuntu/MLFlow/dags/airflow_custom_hooks/dvc_hook.py
[2025-04-03T09:31:07.580+0000] {processor.py:914} INFO - Processing file /home/ubuntu/MLFlow/dags/airflow_custom_hooks/dvc_hook.py for tasks to queue
[2025-04-03T09:31:07.583+0000] {logging_mixin.py:190} INFO - [2025-04-03T09:31:07.583+0000] {dagbag.py:588} INFO - Filling up the DagBag from /home/ubuntu/MLFlow/dags/airflow_custom_hooks/dvc_hook.py
[2025-04-03T09:31:07.600+0000] {processor.py:927} WARNING - No viable dags retrieved from /home/ubuntu/MLFlow/dags/airflow_custom_hooks/dvc_hook.py
[2025-04-03T09:31:07.637+0000] {processor.py:208} INFO - Processing /home/ubuntu/MLFlow/dags/airflow_custom_hooks/dvc_hook.py took 0.078 seconds
[2025-04-03T09:31:38.341+0000] {processor.py:186} INFO - Started process (PID=35904) to work on /home/ubuntu/MLFlow/dags/airflow_custom_hooks/dvc_hook.py
[2025-04-03T09:31:38.342+0000] {processor.py:914} INFO - Processing file /home/ubuntu/MLFlow/dags/airflow_custom_hooks/dvc_hook.py for tasks to queue
[2025-04-03T09:31:38.345+0000] {logging_mixin.py:190} INFO - [2025-04-03T09:31:38.344+0000] {dagbag.py:588} INFO - Filling up the DagBag from /home/ubuntu/MLFlow/dags/airflow_custom_hooks/dvc_hook.py
[2025-04-03T09:31:38.347+0000] {processor.py:927} WARNING - No viable dags retrieved from /home/ubuntu/MLFlow/dags/airflow_custom_hooks/dvc_hook.py
[2025-04-03T09:31:38.369+0000] {processor.py:208} INFO - Processing /home/ubuntu/MLFlow/dags/airflow_custom_hooks/dvc_hook.py took 0.037 seconds
[2025-04-03T09:32:08.877+0000] {processor.py:186} INFO - Started process (PID=36133) to work on /home/ubuntu/MLFlow/dags/airflow_custom_hooks/dvc_hook.py
[2025-04-03T09:32:08.884+0000] {processor.py:914} INFO - Processing file /home/ubuntu/MLFlow/dags/airflow_custom_hooks/dvc_hook.py for tasks to queue
[2025-04-03T09:32:08.888+0000] {logging_mixin.py:190} INFO - [2025-04-03T09:32:08.887+0000] {dagbag.py:588} INFO - Filling up the DagBag from /home/ubuntu/MLFlow/dags/airflow_custom_hooks/dvc_hook.py
[2025-04-03T09:32:08.905+0000] {processor.py:927} WARNING - No viable dags retrieved from /home/ubuntu/MLFlow/dags/airflow_custom_hooks/dvc_hook.py
[2025-04-03T09:32:08.966+0000] {processor.py:208} INFO - Processing /home/ubuntu/MLFlow/dags/airflow_custom_hooks/dvc_hook.py took 0.107 seconds
[2025-04-03T09:32:39.624+0000] {processor.py:186} INFO - Started process (PID=36244) to work on /home/ubuntu/MLFlow/dags/airflow_custom_hooks/dvc_hook.py
[2025-04-03T09:32:39.625+0000] {processor.py:914} INFO - Processing file /home/ubuntu/MLFlow/dags/airflow_custom_hooks/dvc_hook.py for tasks to queue
[2025-04-03T09:32:39.629+0000] {logging_mixin.py:190} INFO - [2025-04-03T09:32:39.628+0000] {dagbag.py:588} INFO - Filling up the DagBag from /home/ubuntu/MLFlow/dags/airflow_custom_hooks/dvc_hook.py
[2025-04-03T09:32:39.633+0000] {processor.py:927} WARNING - No viable dags retrieved from /home/ubuntu/MLFlow/dags/airflow_custom_hooks/dvc_hook.py
[2025-04-03T09:32:39.661+0000] {processor.py:208} INFO - Processing /home/ubuntu/MLFlow/dags/airflow_custom_hooks/dvc_hook.py took 0.046 seconds
[2025-04-03T09:33:10.212+0000] {processor.py:186} INFO - Started process (PID=36481) to work on /home/ubuntu/MLFlow/dags/airflow_custom_hooks/dvc_hook.py
[2025-04-03T09:33:10.226+0000] {processor.py:914} INFO - Processing file /home/ubuntu/MLFlow/dags/airflow_custom_hooks/dvc_hook.py for tasks to queue
[2025-04-03T09:33:10.229+0000] {logging_mixin.py:190} INFO - [2025-04-03T09:33:10.229+0000] {dagbag.py:588} INFO - Filling up the DagBag from /home/ubuntu/MLFlow/dags/airflow_custom_hooks/dvc_hook.py
[2025-04-03T09:33:10.250+0000] {processor.py:927} WARNING - No viable dags retrieved from /home/ubuntu/MLFlow/dags/airflow_custom_hooks/dvc_hook.py
[2025-04-03T09:33:10.331+0000] {processor.py:208} INFO - Processing /home/ubuntu/MLFlow/dags/airflow_custom_hooks/dvc_hook.py took 0.129 seconds
[2025-04-03T09:33:40.862+0000] {processor.py:186} INFO - Started process (PID=36584) to work on /home/ubuntu/MLFlow/dags/airflow_custom_hooks/dvc_hook.py
[2025-04-03T09:33:40.863+0000] {processor.py:914} INFO - Processing file /home/ubuntu/MLFlow/dags/airflow_custom_hooks/dvc_hook.py for tasks to queue
[2025-04-03T09:33:40.865+0000] {logging_mixin.py:190} INFO - [2025-04-03T09:33:40.865+0000] {dagbag.py:588} INFO - Filling up the DagBag from /home/ubuntu/MLFlow/dags/airflow_custom_hooks/dvc_hook.py
[2025-04-03T09:33:40.869+0000] {processor.py:927} WARNING - No viable dags retrieved from /home/ubuntu/MLFlow/dags/airflow_custom_hooks/dvc_hook.py
[2025-04-03T09:33:40.905+0000] {processor.py:208} INFO - Processing /home/ubuntu/MLFlow/dags/airflow_custom_hooks/dvc_hook.py took 0.052 seconds
[2025-04-03T09:34:11.512+0000] {processor.py:186} INFO - Started process (PID=36821) to work on /home/ubuntu/MLFlow/dags/airflow_custom_hooks/dvc_hook.py
[2025-04-03T09:34:11.514+0000] {processor.py:914} INFO - Processing file /home/ubuntu/MLFlow/dags/airflow_custom_hooks/dvc_hook.py for tasks to queue
[2025-04-03T09:34:11.518+0000] {logging_mixin.py:190} INFO - [2025-04-03T09:34:11.517+0000] {dagbag.py:588} INFO - Filling up the DagBag from /home/ubuntu/MLFlow/dags/airflow_custom_hooks/dvc_hook.py
[2025-04-03T09:34:11.521+0000] {processor.py:927} WARNING - No viable dags retrieved from /home/ubuntu/MLFlow/dags/airflow_custom_hooks/dvc_hook.py
[2025-04-03T09:34:11.547+0000] {processor.py:208} INFO - Processing /home/ubuntu/MLFlow/dags/airflow_custom_hooks/dvc_hook.py took 0.048 seconds
[2025-04-03T09:34:42.078+0000] {processor.py:186} INFO - Started process (PID=36918) to work on /home/ubuntu/MLFlow/dags/airflow_custom_hooks/dvc_hook.py
[2025-04-03T09:34:42.079+0000] {processor.py:914} INFO - Processing file /home/ubuntu/MLFlow/dags/airflow_custom_hooks/dvc_hook.py for tasks to queue
[2025-04-03T09:34:42.082+0000] {logging_mixin.py:190} INFO - [2025-04-03T09:34:42.082+0000] {dagbag.py:588} INFO - Filling up the DagBag from /home/ubuntu/MLFlow/dags/airflow_custom_hooks/dvc_hook.py
[2025-04-03T09:34:42.085+0000] {processor.py:927} WARNING - No viable dags retrieved from /home/ubuntu/MLFlow/dags/airflow_custom_hooks/dvc_hook.py
[2025-04-03T09:34:42.107+0000] {processor.py:208} INFO - Processing /home/ubuntu/MLFlow/dags/airflow_custom_hooks/dvc_hook.py took 0.039 seconds
[2025-04-03T09:35:12.387+0000] {processor.py:186} INFO - Started process (PID=37191) to work on /home/ubuntu/MLFlow/dags/airflow_custom_hooks/dvc_hook.py
[2025-04-03T09:35:12.389+0000] {processor.py:914} INFO - Processing file /home/ubuntu/MLFlow/dags/airflow_custom_hooks/dvc_hook.py for tasks to queue
[2025-04-03T09:35:12.391+0000] {logging_mixin.py:190} INFO - [2025-04-03T09:35:12.391+0000] {dagbag.py:588} INFO - Filling up the DagBag from /home/ubuntu/MLFlow/dags/airflow_custom_hooks/dvc_hook.py
[2025-04-03T09:35:12.394+0000] {processor.py:927} WARNING - No viable dags retrieved from /home/ubuntu/MLFlow/dags/airflow_custom_hooks/dvc_hook.py
[2025-04-03T09:35:12.418+0000] {processor.py:208} INFO - Processing /home/ubuntu/MLFlow/dags/airflow_custom_hooks/dvc_hook.py took 0.039 seconds
[2025-04-03T09:35:42.877+0000] {processor.py:186} INFO - Started process (PID=37262) to work on /home/ubuntu/MLFlow/dags/airflow_custom_hooks/dvc_hook.py
[2025-04-03T09:35:42.878+0000] {processor.py:914} INFO - Processing file /home/ubuntu/MLFlow/dags/airflow_custom_hooks/dvc_hook.py for tasks to queue
[2025-04-03T09:35:42.881+0000] {logging_mixin.py:190} INFO - [2025-04-03T09:35:42.881+0000] {dagbag.py:588} INFO - Filling up the DagBag from /home/ubuntu/MLFlow/dags/airflow_custom_hooks/dvc_hook.py
[2025-04-03T09:35:42.884+0000] {processor.py:927} WARNING - No viable dags retrieved from /home/ubuntu/MLFlow/dags/airflow_custom_hooks/dvc_hook.py
[2025-04-03T09:35:42.914+0000] {processor.py:208} INFO - Processing /home/ubuntu/MLFlow/dags/airflow_custom_hooks/dvc_hook.py took 0.045 seconds
[2025-04-03T09:36:13.172+0000] {processor.py:186} INFO - Started process (PID=37527) to work on /home/ubuntu/MLFlow/dags/airflow_custom_hooks/dvc_hook.py
[2025-04-03T09:36:13.173+0000] {processor.py:914} INFO - Processing file /home/ubuntu/MLFlow/dags/airflow_custom_hooks/dvc_hook.py for tasks to queue
[2025-04-03T09:36:13.176+0000] {logging_mixin.py:190} INFO - [2025-04-03T09:36:13.175+0000] {dagbag.py:588} INFO - Filling up the DagBag from /home/ubuntu/MLFlow/dags/airflow_custom_hooks/dvc_hook.py
[2025-04-03T09:36:13.178+0000] {processor.py:927} WARNING - No viable dags retrieved from /home/ubuntu/MLFlow/dags/airflow_custom_hooks/dvc_hook.py
[2025-04-03T09:36:13.203+0000] {processor.py:208} INFO - Processing /home/ubuntu/MLFlow/dags/airflow_custom_hooks/dvc_hook.py took 0.039 seconds
[2025-04-03T09:36:43.661+0000] {processor.py:186} INFO - Started process (PID=37600) to work on /home/ubuntu/MLFlow/dags/airflow_custom_hooks/dvc_hook.py
[2025-04-03T09:36:43.662+0000] {processor.py:914} INFO - Processing file /home/ubuntu/MLFlow/dags/airflow_custom_hooks/dvc_hook.py for tasks to queue
[2025-04-03T09:36:43.665+0000] {logging_mixin.py:190} INFO - [2025-04-03T09:36:43.664+0000] {dagbag.py:588} INFO - Filling up the DagBag from /home/ubuntu/MLFlow/dags/airflow_custom_hooks/dvc_hook.py
[2025-04-03T09:36:43.667+0000] {processor.py:927} WARNING - No viable dags retrieved from /home/ubuntu/MLFlow/dags/airflow_custom_hooks/dvc_hook.py
[2025-04-03T09:36:43.692+0000] {processor.py:208} INFO - Processing /home/ubuntu/MLFlow/dags/airflow_custom_hooks/dvc_hook.py took 0.042 seconds
[2025-04-03T09:37:14.136+0000] {processor.py:186} INFO - Started process (PID=37870) to work on /home/ubuntu/MLFlow/dags/airflow_custom_hooks/dvc_hook.py
[2025-04-03T09:37:14.137+0000] {processor.py:914} INFO - Processing file /home/ubuntu/MLFlow/dags/airflow_custom_hooks/dvc_hook.py for tasks to queue
[2025-04-03T09:37:14.140+0000] {logging_mixin.py:190} INFO - [2025-04-03T09:37:14.140+0000] {dagbag.py:588} INFO - Filling up the DagBag from /home/ubuntu/MLFlow/dags/airflow_custom_hooks/dvc_hook.py
[2025-04-03T09:37:14.143+0000] {processor.py:927} WARNING - No viable dags retrieved from /home/ubuntu/MLFlow/dags/airflow_custom_hooks/dvc_hook.py
[2025-04-03T09:37:14.166+0000] {processor.py:208} INFO - Processing /home/ubuntu/MLFlow/dags/airflow_custom_hooks/dvc_hook.py took 0.041 seconds
[2025-04-03T09:37:44.759+0000] {processor.py:186} INFO - Started process (PID=37941) to work on /home/ubuntu/MLFlow/dags/airflow_custom_hooks/dvc_hook.py
[2025-04-03T09:37:44.762+0000] {processor.py:914} INFO - Processing file /home/ubuntu/MLFlow/dags/airflow_custom_hooks/dvc_hook.py for tasks to queue
[2025-04-03T09:37:44.766+0000] {logging_mixin.py:190} INFO - [2025-04-03T09:37:44.766+0000] {dagbag.py:588} INFO - Filling up the DagBag from /home/ubuntu/MLFlow/dags/airflow_custom_hooks/dvc_hook.py
[2025-04-03T09:37:44.769+0000] {processor.py:927} WARNING - No viable dags retrieved from /home/ubuntu/MLFlow/dags/airflow_custom_hooks/dvc_hook.py
[2025-04-03T09:37:44.792+0000] {processor.py:208} INFO - Processing /home/ubuntu/MLFlow/dags/airflow_custom_hooks/dvc_hook.py took 0.041 seconds
[2025-04-03T09:38:15.374+0000] {processor.py:186} INFO - Started process (PID=38213) to work on /home/ubuntu/MLFlow/dags/airflow_custom_hooks/dvc_hook.py
[2025-04-03T09:38:15.376+0000] {processor.py:914} INFO - Processing file /home/ubuntu/MLFlow/dags/airflow_custom_hooks/dvc_hook.py for tasks to queue
[2025-04-03T09:38:15.379+0000] {logging_mixin.py:190} INFO - [2025-04-03T09:38:15.379+0000] {dagbag.py:588} INFO - Filling up the DagBag from /home/ubuntu/MLFlow/dags/airflow_custom_hooks/dvc_hook.py
[2025-04-03T09:38:15.382+0000] {processor.py:927} WARNING - No viable dags retrieved from /home/ubuntu/MLFlow/dags/airflow_custom_hooks/dvc_hook.py
[2025-04-03T09:38:15.409+0000] {processor.py:208} INFO - Processing /home/ubuntu/MLFlow/dags/airflow_custom_hooks/dvc_hook.py took 0.046 seconds
[2025-04-03T09:38:46.162+0000] {processor.py:186} INFO - Started process (PID=38284) to work on /home/ubuntu/MLFlow/dags/airflow_custom_hooks/dvc_hook.py
[2025-04-03T09:38:46.164+0000] {processor.py:914} INFO - Processing file /home/ubuntu/MLFlow/dags/airflow_custom_hooks/dvc_hook.py for tasks to queue
[2025-04-03T09:38:46.169+0000] {logging_mixin.py:190} INFO - [2025-04-03T09:38:46.167+0000] {dagbag.py:588} INFO - Filling up the DagBag from /home/ubuntu/MLFlow/dags/airflow_custom_hooks/dvc_hook.py
[2025-04-03T09:38:46.176+0000] {processor.py:927} WARNING - No viable dags retrieved from /home/ubuntu/MLFlow/dags/airflow_custom_hooks/dvc_hook.py
[2025-04-03T09:38:46.212+0000] {processor.py:208} INFO - Processing /home/ubuntu/MLFlow/dags/airflow_custom_hooks/dvc_hook.py took 0.063 seconds
[2025-04-03T09:39:16.705+0000] {processor.py:186} INFO - Started process (PID=38561) to work on /home/ubuntu/MLFlow/dags/airflow_custom_hooks/dvc_hook.py
[2025-04-03T09:39:16.710+0000] {processor.py:914} INFO - Processing file /home/ubuntu/MLFlow/dags/airflow_custom_hooks/dvc_hook.py for tasks to queue
[2025-04-03T09:39:16.714+0000] {logging_mixin.py:190} INFO - [2025-04-03T09:39:16.713+0000] {dagbag.py:588} INFO - Filling up the DagBag from /home/ubuntu/MLFlow/dags/airflow_custom_hooks/dvc_hook.py
[2025-04-03T09:39:16.742+0000] {processor.py:927} WARNING - No viable dags retrieved from /home/ubuntu/MLFlow/dags/airflow_custom_hooks/dvc_hook.py
[2025-04-03T09:39:16.809+0000] {processor.py:208} INFO - Processing /home/ubuntu/MLFlow/dags/airflow_custom_hooks/dvc_hook.py took 0.118 seconds
[2025-04-03T09:39:47.173+0000] {processor.py:186} INFO - Started process (PID=38624) to work on /home/ubuntu/MLFlow/dags/airflow_custom_hooks/dvc_hook.py
[2025-04-03T09:39:47.180+0000] {processor.py:914} INFO - Processing file /home/ubuntu/MLFlow/dags/airflow_custom_hooks/dvc_hook.py for tasks to queue
[2025-04-03T09:39:47.183+0000] {logging_mixin.py:190} INFO - [2025-04-03T09:39:47.183+0000] {dagbag.py:588} INFO - Filling up the DagBag from /home/ubuntu/MLFlow/dags/airflow_custom_hooks/dvc_hook.py
[2025-04-03T09:39:47.187+0000] {processor.py:927} WARNING - No viable dags retrieved from /home/ubuntu/MLFlow/dags/airflow_custom_hooks/dvc_hook.py
[2025-04-03T09:39:47.215+0000] {processor.py:208} INFO - Processing /home/ubuntu/MLFlow/dags/airflow_custom_hooks/dvc_hook.py took 0.052 seconds
[2025-04-03T09:40:17.678+0000] {processor.py:186} INFO - Started process (PID=38910) to work on /home/ubuntu/MLFlow/dags/airflow_custom_hooks/dvc_hook.py
[2025-04-03T09:40:17.679+0000] {processor.py:914} INFO - Processing file /home/ubuntu/MLFlow/dags/airflow_custom_hooks/dvc_hook.py for tasks to queue
[2025-04-03T09:40:17.682+0000] {logging_mixin.py:190} INFO - [2025-04-03T09:40:17.681+0000] {dagbag.py:588} INFO - Filling up the DagBag from /home/ubuntu/MLFlow/dags/airflow_custom_hooks/dvc_hook.py
[2025-04-03T09:40:17.684+0000] {processor.py:927} WARNING - No viable dags retrieved from /home/ubuntu/MLFlow/dags/airflow_custom_hooks/dvc_hook.py
[2025-04-03T09:40:17.705+0000] {processor.py:208} INFO - Processing /home/ubuntu/MLFlow/dags/airflow_custom_hooks/dvc_hook.py took 0.037 seconds
[2025-04-03T09:40:48.126+0000] {processor.py:186} INFO - Started process (PID=38966) to work on /home/ubuntu/MLFlow/dags/airflow_custom_hooks/dvc_hook.py
[2025-04-03T09:40:48.127+0000] {processor.py:914} INFO - Processing file /home/ubuntu/MLFlow/dags/airflow_custom_hooks/dvc_hook.py for tasks to queue
[2025-04-03T09:40:48.129+0000] {logging_mixin.py:190} INFO - [2025-04-03T09:40:48.129+0000] {dagbag.py:588} INFO - Filling up the DagBag from /home/ubuntu/MLFlow/dags/airflow_custom_hooks/dvc_hook.py
[2025-04-03T09:40:48.132+0000] {processor.py:927} WARNING - No viable dags retrieved from /home/ubuntu/MLFlow/dags/airflow_custom_hooks/dvc_hook.py
[2025-04-03T09:40:48.152+0000] {processor.py:208} INFO - Processing /home/ubuntu/MLFlow/dags/airflow_custom_hooks/dvc_hook.py took 0.036 seconds
[2025-04-03T09:41:18.572+0000] {processor.py:186} INFO - Started process (PID=39264) to work on /home/ubuntu/MLFlow/dags/airflow_custom_hooks/dvc_hook.py
[2025-04-03T09:41:18.574+0000] {processor.py:914} INFO - Processing file /home/ubuntu/MLFlow/dags/airflow_custom_hooks/dvc_hook.py for tasks to queue
[2025-04-03T09:41:18.576+0000] {logging_mixin.py:190} INFO - [2025-04-03T09:41:18.576+0000] {dagbag.py:588} INFO - Filling up the DagBag from /home/ubuntu/MLFlow/dags/airflow_custom_hooks/dvc_hook.py
[2025-04-03T09:41:18.579+0000] {processor.py:927} WARNING - No viable dags retrieved from /home/ubuntu/MLFlow/dags/airflow_custom_hooks/dvc_hook.py
[2025-04-03T09:41:18.602+0000] {processor.py:208} INFO - Processing /home/ubuntu/MLFlow/dags/airflow_custom_hooks/dvc_hook.py took 0.040 seconds
[2025-04-03T09:41:48.894+0000] {processor.py:186} INFO - Started process (PID=39310) to work on /home/ubuntu/MLFlow/dags/airflow_custom_hooks/dvc_hook.py
[2025-04-03T09:41:48.895+0000] {processor.py:914} INFO - Processing file /home/ubuntu/MLFlow/dags/airflow_custom_hooks/dvc_hook.py for tasks to queue
[2025-04-03T09:41:48.898+0000] {logging_mixin.py:190} INFO - [2025-04-03T09:41:48.897+0000] {dagbag.py:588} INFO - Filling up the DagBag from /home/ubuntu/MLFlow/dags/airflow_custom_hooks/dvc_hook.py
[2025-04-03T09:41:48.902+0000] {processor.py:927} WARNING - No viable dags retrieved from /home/ubuntu/MLFlow/dags/airflow_custom_hooks/dvc_hook.py
[2025-04-03T09:41:48.932+0000] {processor.py:208} INFO - Processing /home/ubuntu/MLFlow/dags/airflow_custom_hooks/dvc_hook.py took 0.046 seconds
[2025-04-03T09:42:19.401+0000] {processor.py:186} INFO - Started process (PID=39605) to work on /home/ubuntu/MLFlow/dags/airflow_custom_hooks/dvc_hook.py
[2025-04-03T09:42:19.402+0000] {processor.py:914} INFO - Processing file /home/ubuntu/MLFlow/dags/airflow_custom_hooks/dvc_hook.py for tasks to queue
[2025-04-03T09:42:19.404+0000] {logging_mixin.py:190} INFO - [2025-04-03T09:42:19.404+0000] {dagbag.py:588} INFO - Filling up the DagBag from /home/ubuntu/MLFlow/dags/airflow_custom_hooks/dvc_hook.py
[2025-04-03T09:42:19.407+0000] {processor.py:927} WARNING - No viable dags retrieved from /home/ubuntu/MLFlow/dags/airflow_custom_hooks/dvc_hook.py
[2025-04-03T09:42:19.428+0000] {processor.py:208} INFO - Processing /home/ubuntu/MLFlow/dags/airflow_custom_hooks/dvc_hook.py took 0.038 seconds
[2025-04-03T09:42:49.674+0000] {processor.py:186} INFO - Started process (PID=39649) to work on /home/ubuntu/MLFlow/dags/airflow_custom_hooks/dvc_hook.py
[2025-04-03T09:42:49.675+0000] {processor.py:914} INFO - Processing file /home/ubuntu/MLFlow/dags/airflow_custom_hooks/dvc_hook.py for tasks to queue
[2025-04-03T09:42:49.677+0000] {logging_mixin.py:190} INFO - [2025-04-03T09:42:49.677+0000] {dagbag.py:588} INFO - Filling up the DagBag from /home/ubuntu/MLFlow/dags/airflow_custom_hooks/dvc_hook.py
[2025-04-03T09:42:49.680+0000] {processor.py:927} WARNING - No viable dags retrieved from /home/ubuntu/MLFlow/dags/airflow_custom_hooks/dvc_hook.py
[2025-04-03T09:42:49.701+0000] {processor.py:208} INFO - Processing /home/ubuntu/MLFlow/dags/airflow_custom_hooks/dvc_hook.py took 0.035 seconds
[2025-04-03T09:43:19.983+0000] {processor.py:186} INFO - Started process (PID=39944) to work on /home/ubuntu/MLFlow/dags/airflow_custom_hooks/dvc_hook.py
[2025-04-03T09:43:19.984+0000] {processor.py:914} INFO - Processing file /home/ubuntu/MLFlow/dags/airflow_custom_hooks/dvc_hook.py for tasks to queue
[2025-04-03T09:43:19.987+0000] {logging_mixin.py:190} INFO - [2025-04-03T09:43:19.986+0000] {dagbag.py:588} INFO - Filling up the DagBag from /home/ubuntu/MLFlow/dags/airflow_custom_hooks/dvc_hook.py
[2025-04-03T09:43:19.990+0000] {processor.py:927} WARNING - No viable dags retrieved from /home/ubuntu/MLFlow/dags/airflow_custom_hooks/dvc_hook.py
[2025-04-03T09:43:20.013+0000] {processor.py:208} INFO - Processing /home/ubuntu/MLFlow/dags/airflow_custom_hooks/dvc_hook.py took 0.038 seconds
[2025-04-03T09:43:50.272+0000] {processor.py:186} INFO - Started process (PID=39989) to work on /home/ubuntu/MLFlow/dags/airflow_custom_hooks/dvc_hook.py
[2025-04-03T09:43:50.272+0000] {processor.py:914} INFO - Processing file /home/ubuntu/MLFlow/dags/airflow_custom_hooks/dvc_hook.py for tasks to queue
[2025-04-03T09:43:50.275+0000] {logging_mixin.py:190} INFO - [2025-04-03T09:43:50.275+0000] {dagbag.py:588} INFO - Filling up the DagBag from /home/ubuntu/MLFlow/dags/airflow_custom_hooks/dvc_hook.py
[2025-04-03T09:43:50.278+0000] {processor.py:927} WARNING - No viable dags retrieved from /home/ubuntu/MLFlow/dags/airflow_custom_hooks/dvc_hook.py
[2025-04-03T09:43:50.313+0000] {processor.py:208} INFO - Processing /home/ubuntu/MLFlow/dags/airflow_custom_hooks/dvc_hook.py took 0.049 seconds
[2025-04-03T09:44:20.589+0000] {processor.py:186} INFO - Started process (PID=40308) to work on /home/ubuntu/MLFlow/dags/airflow_custom_hooks/dvc_hook.py
[2025-04-03T09:44:20.590+0000] {processor.py:914} INFO - Processing file /home/ubuntu/MLFlow/dags/airflow_custom_hooks/dvc_hook.py for tasks to queue
[2025-04-03T09:44:20.593+0000] {logging_mixin.py:190} INFO - [2025-04-03T09:44:20.593+0000] {dagbag.py:588} INFO - Filling up the DagBag from /home/ubuntu/MLFlow/dags/airflow_custom_hooks/dvc_hook.py
[2025-04-03T09:44:20.597+0000] {processor.py:927} WARNING - No viable dags retrieved from /home/ubuntu/MLFlow/dags/airflow_custom_hooks/dvc_hook.py
[2025-04-03T09:44:20.620+0000] {processor.py:208} INFO - Processing /home/ubuntu/MLFlow/dags/airflow_custom_hooks/dvc_hook.py took 0.039 seconds
