[2025-04-03T09:30:06.170+0000] {local_task_job_runner.py:123} INFO - ::group::Pre task execution logs
[2025-04-03T09:30:06.210+0000] {taskinstance.py:2614} INFO - Dependencies all met for dep_context=non-requeueable deps ti=<TaskInstance: weather_data_collection.version_data scheduled__2025-04-03T09:29:00+00:00 [queued]>
[2025-04-03T09:30:06.228+0000] {taskinstance.py:2614} INFO - Dependencies all met for dep_context=requeueable deps ti=<TaskInstance: weather_data_collection.version_data scheduled__2025-04-03T09:29:00+00:00 [queued]>
[2025-04-03T09:30:06.229+0000] {taskinstance.py:2867} INFO - Starting attempt 1 of 2
[2025-04-03T09:30:06.256+0000] {taskinstance.py:2890} INFO - Executing <Task(PythonOperator): version_data> on 2025-04-03 09:29:00+00:00
[2025-04-03T09:30:06.270+0000] {logging_mixin.py:190} WARNING - /home/ubuntu/miniconda/envs/mlflow/lib/python3.12/site-packages/***/task/task_runner/standard_task_runner.py:70 DeprecationWarning: This process (pid=35406) is multi-threaded, use of fork() may lead to deadlocks in the child.
[2025-04-03T09:30:06.273+0000] {standard_task_runner.py:72} INFO - Started process 35416 to run task
[2025-04-03T09:30:06.278+0000] {standard_task_runner.py:104} INFO - Running: ['***', 'tasks', 'run', 'weather_data_collection', 'version_data', 'scheduled__2025-04-03T09:29:00+00:00', '--job-id', '334', '--raw', '--subdir', 'DAGS_FOLDER/weather_dag.py', '--cfg-path', '/tmp/tmp38frp7c0']
[2025-04-03T09:30:06.282+0000] {standard_task_runner.py:105} INFO - Job 334: Subtask version_data
[2025-04-03T09:30:06.373+0000] {task_command.py:467} INFO - Running <TaskInstance: weather_data_collection.version_data scheduled__2025-04-03T09:29:00+00:00 [running]> on host ip-172-31-19-13.eu-west-1.compute.internal
[2025-04-03T09:30:06.628+0000] {taskinstance.py:3134} INFO - Exporting env vars: AIRFLOW_CTX_DAG_OWNER='***' AIRFLOW_CTX_DAG_ID='weather_data_collection' AIRFLOW_CTX_TASK_ID='version_data' AIRFLOW_CTX_EXECUTION_DATE='2025-04-03T09:29:00+00:00' AIRFLOW_CTX_TRY_NUMBER='1' AIRFLOW_CTX_DAG_RUN_ID='scheduled__2025-04-03T09:29:00+00:00'
[2025-04-03T09:30:06.629+0000] {taskinstance.py:732} INFO - ::endgroup::
[2025-04-03T09:30:06.647+0000] {dvc_hook.py:26} INFO - DVC already initialized in /home/ubuntu/MLFlow
[2025-04-03T09:30:07.591+0000] {dvc_hook.py:33} INFO - Ensured DVC remote 'origin' URL is set.
[2025-04-03T09:30:11.442+0000] {dvc_hook.py:47} INFO - DVC remote credentials set successfully.
[2025-04-03T09:30:13.610+0000] {dvc_hook.py:57} INFO - DVC add output: 
To track the changes with git, run:

	git add data_storage.dvc

To enable auto staging, run:

	dvc config core.autostage true

[2025-04-03T09:30:13.610+0000] {dvc_hook.py:67} INFO - Attempt 1 to push...
[2025-04-03T09:30:18.287+0000] {dvc_hook.py:75} INFO - DVC push output: 2025-04-03 09:30:13,892 DEBUG: v3.59.1 (pip), CPython 3.12.9 on Linux-5.15.0-1080-aws-x86_64-with-glibc2.31
2025-04-03 09:30:13,892 DEBUG: command: /home/ubuntu/miniconda/envs/mlflow/bin/dvc push -v --remote origin
2025-04-03 09:30:14,844 DEBUG: Preparing to transfer data from '/home/ubuntu/MLFlow/.dvc/cache/files/md5' to 'https://dagshub.com/fbarulli/MLFlow.dvc/files/md5'
2025-04-03 09:30:14,845 DEBUG: Preparing to collect status from 'https://dagshub.com/fbarulli/MLFlow.dvc/files/md5'
2025-04-03 09:30:14,845 DEBUG: Collecting status from 'https://dagshub.com/fbarulli/MLFlow.dvc/files/md5'
2025-04-03 09:30:14,849 DEBUG: Querying 49 oids via object_exists
2025-04-03 09:30:16,224 DEBUG: Querying 1 oids via object_exists
2025-04-03 09:30:16,478 DEBUG: Querying 2 oids via object_exists
2025-04-03 09:30:16,730 DEBUG: Preparing to collect status from '/home/ubuntu/MLFlow/.dvc/cache/files/md5'
2025-04-03 09:30:16,730 DEBUG: Collecting status from '/home/ubuntu/MLFlow/.dvc/cache/files/md5'
2025-04-03 09:30:17,156 DEBUG: transfer dir: md5: d4381b0932727cc0d3ac91beb8221d4c.dir with 1 files
2025-04-03 09:30:17,756 DEBUG: Indexing pushed dir 'md5: d4381b0932727cc0d3ac91beb8221d4c.dir' with '1' nested files
2 files pushed
2025-04-03 09:30:17,807 DEBUG: Analytics is enabled.
2025-04-03 09:30:17,971 DEBUG: Trying to spawn ['daemon', 'analytics', '/tmp/tmpu8b85vou', '-v']
2025-04-03 09:30:17,982 DEBUG: Spawned ['daemon', 'analytics', '/tmp/tmpu8b85vou', '-v'] with pid 35532

[2025-04-03T09:30:18.287+0000] {python.py:240} INFO - Done. Returned value was: None
[2025-04-03T09:30:18.309+0000] {taskinstance.py:341} INFO - ::group::Post task execution logs
[2025-04-03T09:30:18.310+0000] {taskinstance.py:353} INFO - Marking task as SUCCESS. dag_id=weather_data_collection, task_id=version_data, run_id=scheduled__2025-04-03T09:29:00+00:00, execution_date=20250403T092900, start_date=20250403T093006, end_date=20250403T093018
[2025-04-03T09:30:18.466+0000] {local_task_job_runner.py:266} INFO - Task exited with return code 0
[2025-04-03T09:30:18.498+0000] {taskinstance.py:3901} INFO - 0 downstream tasks scheduled from follow-on schedule check
[2025-04-03T09:30:18.506+0000] {local_task_job_runner.py:245} INFO - ::endgroup::
