[2025-04-02T17:22:01.409+0000] {local_task_job_runner.py:123} INFO - ::group::Pre task execution logs
[2025-04-02T17:22:01.443+0000] {taskinstance.py:2614} INFO - Dependencies all met for dep_context=non-requeueable deps ti=<TaskInstance: weather_data_monitoring.monitor_data scheduled__2025-04-02T17:21:00+00:00 [queued]>
[2025-04-02T17:22:01.455+0000] {taskinstance.py:2614} INFO - Dependencies all met for dep_context=requeueable deps ti=<TaskInstance: weather_data_monitoring.monitor_data scheduled__2025-04-02T17:21:00+00:00 [queued]>
[2025-04-02T17:22:01.456+0000] {taskinstance.py:2867} INFO - Starting attempt 1 of 2
[2025-04-02T17:22:01.479+0000] {taskinstance.py:2890} INFO - Executing <Task(PythonOperator): monitor_data> on 2025-04-02 17:21:00+00:00
[2025-04-02T17:22:01.490+0000] {standard_task_runner.py:104} INFO - Running: ['***', 'tasks', 'run', 'weather_data_monitoring', 'monitor_data', 'scheduled__2025-04-02T17:21:00+00:00', '--job-id', '9', '--raw', '--subdir', 'DAGS_FOLDER/weather_monitor_dag.py', '--cfg-path', '/tmp/tmplumcnoe7']
[2025-04-02T17:22:01.494+0000] {standard_task_runner.py:105} INFO - Job 9: Subtask monitor_data
[2025-04-02T17:22:01.495+0000] {logging_mixin.py:190} WARNING - /home/ubuntu/miniconda/envs/mlflow/lib/python3.12/site-packages/***/task/task_runner/standard_task_runner.py:70 DeprecationWarning: This process (pid=20054) is multi-threaded, use of fork() may lead to deadlocks in the child.
[2025-04-02T17:22:01.497+0000] {standard_task_runner.py:72} INFO - Started process 20060 to run task
[2025-04-02T17:22:01.569+0000] {task_command.py:467} INFO - Running <TaskInstance: weather_data_monitoring.monitor_data scheduled__2025-04-02T17:21:00+00:00 [running]> on host ip-172-31-19-13.eu-west-1.compute.internal
[2025-04-02T17:22:01.774+0000] {taskinstance.py:3134} INFO - Exporting env vars: AIRFLOW_CTX_DAG_OWNER='***' AIRFLOW_CTX_DAG_ID='weather_data_monitoring' AIRFLOW_CTX_TASK_ID='monitor_data' AIRFLOW_CTX_EXECUTION_DATE='2025-04-02T17:21:00+00:00' AIRFLOW_CTX_TRY_NUMBER='1' AIRFLOW_CTX_DAG_RUN_ID='scheduled__2025-04-02T17:21:00+00:00'
[2025-04-02T17:22:01.775+0000] {taskinstance.py:732} INFO - ::endgroup::
[2025-04-02T17:22:01.794+0000] {logging_mixin.py:190} INFO - Starting monitoring...
[2025-04-02T17:22:02.810+0000] {logging_mixin.py:190} INFO - Monitoring... 1/60 seconds
[2025-04-02T17:22:12.812+0000] {logging_mixin.py:190} INFO - Monitoring... 11/60 seconds
[2025-04-02T17:22:22.815+0000] {logging_mixin.py:190} INFO - Monitoring... 21/60 seconds
[2025-04-02T17:22:32.817+0000] {logging_mixin.py:190} INFO - Monitoring... 31/60 seconds
[2025-04-02T17:22:42.819+0000] {logging_mixin.py:190} INFO - Monitoring... 41/60 seconds
[2025-04-02T17:22:52.821+0000] {logging_mixin.py:190} INFO - Monitoring... 51/60 seconds
[2025-04-02T17:23:01.823+0000] {logging_mixin.py:190} INFO - Monitoring complete
[2025-04-02T17:23:01.823+0000] {python.py:240} INFO - Done. Returned value was: Monitoring successful
[2025-04-02T17:23:01.879+0000] {taskinstance.py:341} INFO - ::group::Post task execution logs
[2025-04-02T17:23:01.881+0000] {taskinstance.py:353} INFO - Marking task as SUCCESS. dag_id=weather_data_monitoring, task_id=monitor_data, run_id=scheduled__2025-04-02T17:21:00+00:00, execution_date=20250402T172100, start_date=20250402T172201, end_date=20250402T172301
[2025-04-02T17:23:01.983+0000] {local_task_job_runner.py:266} INFO - Task exited with return code 0
[2025-04-02T17:23:02.027+0000] {taskinstance.py:3901} INFO - 0 downstream tasks scheduled from follow-on schedule check
[2025-04-02T17:23:02.029+0000] {local_task_job_runner.py:245} INFO - ::endgroup::
