[2025-03-31T15:38:57.544+0000] {local_task_job_runner.py:123} INFO - ::group::Pre task execution logs
[2025-03-31T15:38:57.559+0000] {taskinstance.py:2614} INFO - Dependencies all met for dep_context=non-requeueable deps ti=<TaskInstance: weather_data_collection.collect_weather_data scheduled__2025-03-31T15:37:00+00:00 [queued]>
[2025-03-31T15:38:57.567+0000] {taskinstance.py:2614} INFO - Dependencies all met for dep_context=requeueable deps ti=<TaskInstance: weather_data_collection.collect_weather_data scheduled__2025-03-31T15:37:00+00:00 [queued]>
[2025-03-31T15:38:57.567+0000] {taskinstance.py:2867} INFO - Starting attempt 1 of 2
[2025-03-31T15:38:57.587+0000] {taskinstance.py:2890} INFO - Executing <Task(DockerOperator): collect_weather_data> on 2025-03-31 15:37:00+00:00
[2025-03-31T15:38:57.592+0000] {standard_task_runner.py:72} INFO - Started process 14883 to run task
[2025-03-31T15:38:57.596+0000] {standard_task_runner.py:104} INFO - Running: ['airflow', 'tasks', 'run', 'weather_data_collection', 'collect_weather_data', 'scheduled__2025-03-31T15:37:00+00:00', '--job-id', '379', '--raw', '--subdir', 'DAGS_FOLDER/weather_dag.py', '--cfg-path', '/tmp/tmp1iu4coy5']
[2025-03-31T15:38:57.598+0000] {standard_task_runner.py:105} INFO - Job 379: Subtask collect_weather_data
[2025-03-31T15:38:57.642+0000] {task_command.py:467} INFO - Running <TaskInstance: weather_data_collection.collect_weather_data scheduled__2025-03-31T15:37:00+00:00 [running]> on host ip-172-31-19-13.eu-west-1.compute.internal
[2025-03-31T15:38:57.723+0000] {taskinstance.py:3134} INFO - Exporting env vars: AIRFLOW_CTX_DAG_OWNER='airflow' AIRFLOW_CTX_DAG_ID='weather_data_collection' AIRFLOW_CTX_TASK_ID='collect_weather_data' AIRFLOW_CTX_EXECUTION_DATE='2025-03-31T15:37:00+00:00' AIRFLOW_CTX_TRY_NUMBER='1' AIRFLOW_CTX_DAG_RUN_ID='scheduled__2025-03-31T15:37:00+00:00'
[2025-03-31T15:38:57.724+0000] {taskinstance.py:732} INFO - ::endgroup::
[2025-03-31T15:38:57.765+0000] {docker.py:353} INFO - Starting docker container from image weather-collector:light
[2025-03-31T15:38:59.453+0000] {docker.py:73} INFO -   0%|          | 0/5 [00:00<?, ?it/s]
[2025-03-31T15:38:59.636+0000] {docker.py:73} INFO -  60%|██████    | 3/5 [00:00<00:00, 16.38it/s]
[2025-03-31T15:38:59.821+0000] {docker.py:73} INFO - 100%|██████████| 5/5 [00:00<00:00, 13.13it/s]
[2025-03-31T15:38:59.916+0000] {docker.py:73} INFO - 100%|██████████| 5/5 [00:00<00:00, 10.83it/s]
[2025-03-31T15:38:59.916+0000] {docker.py:73} INFO - 
[2025-03-31T15:38:59.917+0000] {docker.py:73} INFO -   0%|          | 0/5 [00:00<?, ?it/s]
[2025-03-31T15:38:59.920+0000] {docker.py:73} INFO - 100%|██████████| 5/5 [00:00<00:00, 2885.46it/s]
[2025-03-31T15:38:59.942+0000] {docker.py:73} INFO -        city country  ...  weather_description             datetime
[2025-03-31T15:38:59.943+0000] {docker.py:73} INFO - 0     Paris      FR  ...            clear sky  2025-03-31T15:38:59
[2025-03-31T15:38:59.943+0000] {docker.py:73} INFO - 1    London      GB  ...           few clouds  2025-03-31T15:38:59
[2025-03-31T15:38:59.943+0000] {docker.py:73} INFO - 2  New York      US  ...      overcast clouds  2025-03-31T15:38:59
[2025-03-31T15:38:59.944+0000] {docker.py:73} INFO - 3    Berlin      DE  ...           light rain  2025-03-31T15:38:59
[2025-03-31T15:38:59.944+0000] {docker.py:73} INFO - 4     Tokyo      JP  ...      overcast clouds  2025-03-31T15:38:59
[2025-03-31T15:38:59.944+0000] {docker.py:73} INFO - 
[2025-03-31T15:38:59.945+0000] {docker.py:73} INFO - [5 rows x 7 columns]
[2025-03-31T15:39:00.341+0000] {taskinstance.py:341} INFO - ::group::Post task execution logs
[2025-03-31T15:39:00.341+0000] {taskinstance.py:353} INFO - Marking task as SUCCESS. dag_id=weather_data_collection, task_id=collect_weather_data, run_id=scheduled__2025-03-31T15:37:00+00:00, execution_date=20250331T153700, start_date=20250331T153857, end_date=20250331T153900
[2025-03-31T15:39:00.410+0000] {local_task_job_runner.py:266} INFO - Task exited with return code 0
[2025-03-31T15:39:00.435+0000] {taskinstance.py:3901} INFO - 1 downstream tasks scheduled from follow-on schedule check
[2025-03-31T15:39:00.441+0000] {local_task_job_runner.py:245} INFO - ::endgroup::
[2025-03-31T15:39:47.075+0000] {local_task_job_runner.py:123} INFO - ::group::Pre task execution logs
[2025-03-31T15:39:47.085+0000] {taskinstance.py:2604} INFO - Dependencies not met for <TaskInstance: weather_data_collection.collect_weather_data scheduled__2025-03-31T15:37:00+00:00 [success]>, dependency 'Task Instance State' FAILED: Task is in the 'success' state.
[2025-03-31T15:39:47.093+0000] {local_task_job_runner.py:166} INFO - Task is not able to be run
