[2025-04-03T08:44:04.757+0000] {local_task_job_runner.py:123} INFO - ::group::Pre task execution logs
[2025-04-03T08:44:04.790+0000] {taskinstance.py:2614} INFO - Dependencies all met for dep_context=non-requeueable deps ti=<TaskInstance: weather_data_collection.version_data scheduled__2025-04-03T08:43:00+00:00 [queued]>
[2025-04-03T08:44:04.804+0000] {taskinstance.py:2614} INFO - Dependencies all met for dep_context=requeueable deps ti=<TaskInstance: weather_data_collection.version_data scheduled__2025-04-03T08:43:00+00:00 [queued]>
[2025-04-03T08:44:04.805+0000] {taskinstance.py:2867} INFO - Starting attempt 1 of 2
[2025-04-03T08:44:04.821+0000] {taskinstance.py:2890} INFO - Executing <Task(PythonOperator): version_data> on 2025-04-03 08:43:00+00:00
[2025-04-03T08:44:04.832+0000] {standard_task_runner.py:104} INFO - Running: ['***', 'tasks', 'run', 'weather_data_collection', 'version_data', 'scheduled__2025-04-03T08:43:00+00:00', '--job-id', '194', '--raw', '--subdir', 'DAGS_FOLDER/weather_dag.py', '--cfg-path', '/tmp/tmppr7x20mg']
[2025-04-03T08:44:04.836+0000] {standard_task_runner.py:105} INFO - Job 194: Subtask version_data
[2025-04-03T08:44:04.837+0000] {logging_mixin.py:190} WARNING - /home/ubuntu/miniconda/envs/mlflow/lib/python3.12/site-packages/***/task/task_runner/standard_task_runner.py:70 DeprecationWarning: This process (pid=14697) is multi-threaded, use of fork() may lead to deadlocks in the child.
[2025-04-03T08:44:04.838+0000] {standard_task_runner.py:72} INFO - Started process 14703 to run task
[2025-04-03T08:44:04.914+0000] {task_command.py:467} INFO - Running <TaskInstance: weather_data_collection.version_data scheduled__2025-04-03T08:43:00+00:00 [running]> on host ip-172-31-19-13.eu-west-1.compute.internal
[2025-04-03T08:44:05.034+0000] {taskinstance.py:3134} INFO - Exporting env vars: AIRFLOW_CTX_DAG_OWNER='***' AIRFLOW_CTX_DAG_ID='weather_data_collection' AIRFLOW_CTX_TASK_ID='version_data' AIRFLOW_CTX_EXECUTION_DATE='2025-04-03T08:43:00+00:00' AIRFLOW_CTX_TRY_NUMBER='1' AIRFLOW_CTX_DAG_RUN_ID='scheduled__2025-04-03T08:43:00+00:00'
[2025-04-03T08:44:05.035+0000] {taskinstance.py:732} INFO - ::endgroup::
[2025-04-03T08:44:05.051+0000] {dvc_hook.py:25} INFO - DVC already initialized in /home/ubuntu/MLFlow
[2025-04-03T08:44:05.788+0000] {dvc_hook.py:32} INFO - Ensured DVC remote 'origin' URL is set.
[2025-04-03T08:44:09.006+0000] {dvc_hook.py:46} INFO - DVC remote credentials set successfully.
[2025-04-03T08:44:10.857+0000] {dvc_hook.py:56} INFO - DVC add output: 
To track the changes with git, run:

	git add data_storage.dvc

To enable auto staging, run:

	dvc config core.autostage true

[2025-04-03T08:44:10.858+0000] {dvc_hook.py:66} INFO - Attempt 1 to push...
[2025-04-03T08:44:14.481+0000] {dvc_hook.py:74} INFO - DVC push output: 2025-04-03 08:44:11,177 DEBUG: v3.59.1 (pip), CPython 3.12.9 on Linux-5.15.0-1080-aws-x86_64-with-glibc2.31
2025-04-03 08:44:11,177 DEBUG: command: /home/ubuntu/miniconda/envs/mlflow/bin/dvc push -v --remote origin
2025-04-03 08:44:12,070 DEBUG: Preparing to transfer data from '/home/ubuntu/MLFlow/.dvc/cache/files/md5' to 'https://dagshub.com/fbarulli/MLFlow.dvc/files/md5'
2025-04-03 08:44:12,070 DEBUG: Preparing to collect status from 'https://dagshub.com/fbarulli/MLFlow.dvc/files/md5'
2025-04-03 08:44:12,070 DEBUG: Collecting status from 'https://dagshub.com/fbarulli/MLFlow.dvc/files/md5'
2025-04-03 08:44:12,072 DEBUG: Querying 4 oids via object_exists
2025-04-03 08:44:12,295 DEBUG: Querying 1 oids via object_exists
2025-04-03 08:44:12,550 DEBUG: Querying 2 oids via object_exists
2025-04-03 08:44:12,799 DEBUG: Preparing to collect status from '/home/ubuntu/MLFlow/.dvc/cache/files/md5'
2025-04-03 08:44:12,799 DEBUG: Collecting status from '/home/ubuntu/MLFlow/.dvc/cache/files/md5'
2025-04-03 08:44:13,516 DEBUG: transfer dir: md5: 2a55c62b0f04d8ba9a673d7fae6a357a.dir with 1 files
2025-04-03 08:44:14,113 DEBUG: Indexing pushed dir 'md5: 2a55c62b0f04d8ba9a673d7fae6a357a.dir' with '1' nested files
2 files pushed
2025-04-03 08:44:14,149 DEBUG: Analytics is enabled.
2025-04-03 08:44:14,215 DEBUG: Trying to spawn ['daemon', 'analytics', '/tmp/tmp_m3aeu5w', '-v']
2025-04-03 08:44:14,226 DEBUG: Spawned ['daemon', 'analytics', '/tmp/tmp_m3aeu5w', '-v'] with pid 14789

[2025-04-03T08:44:14.481+0000] {python.py:240} INFO - Done. Returned value was: None
[2025-04-03T08:44:14.502+0000] {taskinstance.py:341} INFO - ::group::Post task execution logs
[2025-04-03T08:44:14.503+0000] {taskinstance.py:353} INFO - Marking task as SUCCESS. dag_id=weather_data_collection, task_id=version_data, run_id=scheduled__2025-04-03T08:43:00+00:00, execution_date=20250403T084300, start_date=20250403T084404, end_date=20250403T084414
[2025-04-03T08:44:14.607+0000] {local_task_job_runner.py:266} INFO - Task exited with return code 0
[2025-04-03T08:44:14.638+0000] {taskinstance.py:3901} INFO - 0 downstream tasks scheduled from follow-on schedule check
[2025-04-03T08:44:14.645+0000] {local_task_job_runner.py:245} INFO - ::endgroup::
