[2025-03-25T13:56:04.116+0000] {local_task_job_runner.py:123} INFO - ::group::Pre task execution logs
[2025-03-25T13:56:04.131+0000] {taskinstance.py:2614} INFO - Dependencies all met for dep_context=non-requeueable deps ti=<TaskInstance: weather_data_collection.collect_weather_data scheduled__2025-03-25T13:55:00+00:00 [queued]>
[2025-03-25T13:56:04.139+0000] {taskinstance.py:2614} INFO - Dependencies all met for dep_context=requeueable deps ti=<TaskInstance: weather_data_collection.collect_weather_data scheduled__2025-03-25T13:55:00+00:00 [queued]>
[2025-03-25T13:56:04.140+0000] {taskinstance.py:2867} INFO - Starting attempt 1 of 2
[2025-03-25T13:56:04.159+0000] {taskinstance.py:2890} INFO - Executing <Task(DockerOperator): collect_weather_data> on 2025-03-25 13:55:00+00:00
[2025-03-25T13:56:04.168+0000] {standard_task_runner.py:72} INFO - Started process 44800 to run task
[2025-03-25T13:56:04.171+0000] {standard_task_runner.py:104} INFO - Running: ['airflow', 'tasks', 'run', 'weather_data_collection', 'collect_weather_data', 'scheduled__2025-03-25T13:55:00+00:00', '--job-id', '67', '--raw', '--subdir', '/home/ubuntu/MLFlow/dags/weather_dag.py', '--cfg-path', '/tmp/tmpf2p68jr5']
[2025-03-25T13:56:04.173+0000] {standard_task_runner.py:105} INFO - Job 67: Subtask collect_weather_data
[2025-03-25T13:56:04.218+0000] {task_command.py:467} INFO - Running <TaskInstance: weather_data_collection.collect_weather_data scheduled__2025-03-25T13:55:00+00:00 [running]> on host ip-172-31-43-252.eu-west-1.compute.internal
[2025-03-25T13:56:04.304+0000] {taskinstance.py:3134} INFO - Exporting env vars: AIRFLOW_CTX_DAG_OWNER='airflow' AIRFLOW_CTX_DAG_ID='weather_data_collection' AIRFLOW_CTX_TASK_ID='collect_weather_data' AIRFLOW_CTX_EXECUTION_DATE='2025-03-25T13:55:00+00:00' AIRFLOW_CTX_TRY_NUMBER='1' AIRFLOW_CTX_DAG_RUN_ID='scheduled__2025-03-25T13:55:00+00:00'
[2025-03-25T13:56:04.305+0000] {taskinstance.py:732} INFO - ::endgroup::
[2025-03-25T13:56:04.349+0000] {docker.py:353} INFO - Starting docker container from image weather-collector:light
[2025-03-25T13:56:05.741+0000] {docker.py:73} INFO -   0%|          | 0/5 [00:00<?, ?it/s]
[2025-03-25T13:56:05.912+0000] {docker.py:73} INFO -  60%|██████    | 3/5 [00:00<00:00, 17.63it/s]
[2025-03-25T13:56:06.079+0000] {docker.py:73} INFO - 100%|██████████| 5/5 [00:00<00:00, 14.32it/s]
[2025-03-25T13:56:06.162+0000] {docker.py:73} INFO - 100%|██████████| 5/5 [00:00<00:00, 11.89it/s]
[2025-03-25T13:56:06.164+0000] {docker.py:73} INFO -   0%|          | 0/5 [00:00<?, ?it/s]
[2025-03-25T13:56:06.165+0000] {docker.py:73} INFO - 100%|██████████| 5/5 [00:00<00:00, 4727.57it/s]
[2025-03-25T13:56:06.191+0000] {docker.py:73} INFO -        city country  ... weather_description                          datetime
[2025-03-25T13:56:06.192+0000] {docker.py:73} INFO - 0     Paris      FR  ...    scattered clouds  2025-03-25T13:56:06.167988+00:00
[2025-03-25T13:56:06.192+0000] {docker.py:73} INFO - 1    London      GB  ...     overcast clouds  2025-03-25T13:56:06.167988+00:00
[2025-03-25T13:56:06.192+0000] {docker.py:73} INFO - 2  New York      US  ...           clear sky  2025-03-25T13:56:06.167988+00:00
[2025-03-25T13:56:06.192+0000] {docker.py:73} INFO - 3    Berlin      DE  ...       broken clouds  2025-03-25T13:56:06.167988+00:00
[2025-03-25T13:56:06.192+0000] {docker.py:73} INFO - 4     Tokyo      JP  ...           clear sky  2025-03-25T13:56:06.167988+00:00
[2025-03-25T13:56:06.193+0000] {docker.py:73} INFO - 
[2025-03-25T13:56:06.193+0000] {docker.py:73} INFO - [5 rows x 9 columns]
[2025-03-25T13:56:06.560+0000] {taskinstance.py:341} INFO - ::group::Post task execution logs
[2025-03-25T13:56:06.560+0000] {taskinstance.py:353} INFO - Marking task as SUCCESS. dag_id=weather_data_collection, task_id=collect_weather_data, run_id=scheduled__2025-03-25T13:55:00+00:00, execution_date=20250325T135500, start_date=20250325T135604, end_date=20250325T135606
[2025-03-25T13:56:06.597+0000] {local_task_job_runner.py:266} INFO - Task exited with return code 0
[2025-03-25T13:56:06.631+0000] {taskinstance.py:3901} INFO - 1 downstream tasks scheduled from follow-on schedule check
[2025-03-25T13:56:06.638+0000] {local_task_job_runner.py:245} INFO - ::endgroup::
