[2025-03-26T11:33:11.742+0000] {local_task_job_runner.py:123} INFO - ::group::Pre task execution logs
[2025-03-26T11:33:11.758+0000] {taskinstance.py:2614} INFO - Dependencies all met for dep_context=non-requeueable deps ti=<TaskInstance: weather_data_collection.collect_weather_data scheduled__2025-03-26T11:32:00+00:00 [queued]>
[2025-03-26T11:33:11.767+0000] {taskinstance.py:2614} INFO - Dependencies all met for dep_context=requeueable deps ti=<TaskInstance: weather_data_collection.collect_weather_data scheduled__2025-03-26T11:32:00+00:00 [queued]>
[2025-03-26T11:33:11.767+0000] {taskinstance.py:2867} INFO - Starting attempt 1 of 2
[2025-03-26T11:33:11.787+0000] {taskinstance.py:2890} INFO - Executing <Task(DockerOperator): collect_weather_data> on 2025-03-26 11:32:00+00:00
[2025-03-26T11:33:11.792+0000] {standard_task_runner.py:72} INFO - Started process 13656 to run task
[2025-03-26T11:33:11.794+0000] {standard_task_runner.py:104} INFO - Running: ['airflow', 'tasks', 'run', 'weather_data_collection', 'collect_weather_data', 'scheduled__2025-03-26T11:32:00+00:00', '--job-id', '873', '--raw', '--subdir', '/home/ubuntu/MLFlow/dags/weather_dag.py', '--cfg-path', '/tmp/tmp6y7s3tza']
[2025-03-26T11:33:11.796+0000] {standard_task_runner.py:105} INFO - Job 873: Subtask collect_weather_data
[2025-03-26T11:33:11.834+0000] {task_command.py:467} INFO - Running <TaskInstance: weather_data_collection.collect_weather_data scheduled__2025-03-26T11:32:00+00:00 [running]> on host ip-172-31-43-252.eu-west-1.compute.internal
[2025-03-26T11:33:11.916+0000] {taskinstance.py:3134} INFO - Exporting env vars: AIRFLOW_CTX_DAG_OWNER='airflow' AIRFLOW_CTX_DAG_ID='weather_data_collection' AIRFLOW_CTX_TASK_ID='collect_weather_data' AIRFLOW_CTX_EXECUTION_DATE='2025-03-26T11:32:00+00:00' AIRFLOW_CTX_TRY_NUMBER='1' AIRFLOW_CTX_DAG_RUN_ID='scheduled__2025-03-26T11:32:00+00:00'
[2025-03-26T11:33:11.916+0000] {taskinstance.py:732} INFO - ::endgroup::
[2025-03-26T11:33:11.966+0000] {docker.py:353} INFO - Starting docker container from image weather-collector:light
[2025-03-26T11:33:13.279+0000] {docker.py:73} INFO -   0%|          | 0/5 [00:00<?, ?it/s]
[2025-03-26T11:33:13.451+0000] {docker.py:73} INFO -  60%|██████    | 3/5 [00:00<00:00, 17.49it/s]
[2025-03-26T11:33:13.605+0000] {docker.py:73} INFO - 100%|██████████| 5/5 [00:00<00:00, 14.97it/s]
[2025-03-26T11:33:13.686+0000] {docker.py:73} INFO - 100%|██████████| 5/5 [00:00<00:00, 12.31it/s]
[2025-03-26T11:33:13.688+0000] {docker.py:73} INFO -   0%|          | 0/5 [00:00<?, ?it/s]
[2025-03-26T11:33:13.690+0000] {docker.py:73} INFO - 100%|██████████| 5/5 [00:00<00:00, 2750.72it/s]
[2025-03-26T11:33:13.720+0000] {docker.py:73} INFO -        city country  ...  weather_description             datetime
[2025-03-26T11:33:13.721+0000] {docker.py:73} INFO - 0     Paris      FR  ...                 mist  2025-03-26T11:33:13
[2025-03-26T11:33:13.721+0000] {docker.py:73} INFO - 1    London      GB  ...     scattered clouds  2025-03-26T11:33:13
[2025-03-26T11:33:13.721+0000] {docker.py:73} INFO - 2  New York      US  ...            clear sky  2025-03-26T11:33:13
[2025-03-26T11:33:13.721+0000] {docker.py:73} INFO - 3    Berlin      DE  ...      overcast clouds  2025-03-26T11:33:13
[2025-03-26T11:33:13.722+0000] {docker.py:73} INFO - 4     Tokyo      JP  ...            clear sky  2025-03-26T11:33:13
[2025-03-26T11:33:13.722+0000] {docker.py:73} INFO - 
[2025-03-26T11:33:13.722+0000] {docker.py:73} INFO - [5 rows x 7 columns]
[2025-03-26T11:33:14.103+0000] {taskinstance.py:341} INFO - ::group::Post task execution logs
[2025-03-26T11:33:14.104+0000] {taskinstance.py:353} INFO - Marking task as SUCCESS. dag_id=weather_data_collection, task_id=collect_weather_data, run_id=scheduled__2025-03-26T11:32:00+00:00, execution_date=20250326T113200, start_date=20250326T113311, end_date=20250326T113314
[2025-03-26T11:33:14.185+0000] {local_task_job_runner.py:266} INFO - Task exited with return code 0
[2025-03-26T11:33:14.206+0000] {taskinstance.py:3901} INFO - 1 downstream tasks scheduled from follow-on schedule check
[2025-03-26T11:33:14.213+0000] {local_task_job_runner.py:245} INFO - ::endgroup::
