[2025-03-31T15:03:25.061+0000] {processor.py:186} INFO - Started process (PID=4185) to work on /home/ubuntu/MLFlow/dags/weather_dag.py
[2025-03-31T15:03:25.064+0000] {processor.py:914} INFO - Processing file /home/ubuntu/MLFlow/dags/weather_dag.py for tasks to queue
[2025-03-31T15:03:25.068+0000] {logging_mixin.py:190} INFO - [2025-03-31T15:03:25.067+0000] {dagbag.py:588} INFO - Filling up the DagBag from /home/ubuntu/MLFlow/dags/weather_dag.py
[2025-03-31T15:03:25.093+0000] {logging_mixin.py:190} INFO - [2025-03-31T15:03:25.090+0000] {templater.py:94} ERROR - Failed to resolve template field 'bash_command'
Traceback (most recent call last):
  File "/home/ubuntu/miniconda/envs/mlflow/lib/python3.12/site-packages/airflow/template/templater.py", line 92, in resolve_template_files
    setattr(self, field, env.loader.get_source(env, content)[0])  # type: ignore
                         ^^^^^^^^^^^^^^^^^^^^^^^^^^^^^^^^^^^
  File "/home/ubuntu/miniconda/envs/mlflow/lib/python3.12/site-packages/jinja2/loaders.py", line 209, in get_source
    raise TemplateNotFound(
jinja2.exceptions.TemplateNotFound: 'bash /home/ubuntu/MLFlow/scripts/configure_dvc.sh' not found in search path: '/home/ubuntu/MLFlow/dags'
[2025-03-31T15:03:25.102+0000] {processor.py:925} INFO - DAG(s) 'weather_data_collection' retrieved from /home/ubuntu/MLFlow/dags/weather_dag.py
[2025-03-31T15:03:25.177+0000] {logging_mixin.py:190} INFO - [2025-03-31T15:03:25.176+0000] {dag.py:3239} INFO - Sync 1 DAGs
[2025-03-31T15:03:25.303+0000] {processor.py:208} INFO - Processing /home/ubuntu/MLFlow/dags/weather_dag.py took 0.251 seconds
[2025-03-31T15:04:39.841+0000] {processor.py:186} INFO - Started process (PID=4751) to work on /home/ubuntu/MLFlow/dags/weather_dag.py
[2025-03-31T15:04:39.842+0000] {processor.py:914} INFO - Processing file /home/ubuntu/MLFlow/dags/weather_dag.py for tasks to queue
[2025-03-31T15:04:39.844+0000] {logging_mixin.py:190} INFO - [2025-03-31T15:04:39.843+0000] {dagbag.py:588} INFO - Filling up the DagBag from /home/ubuntu/MLFlow/dags/weather_dag.py
[2025-03-31T15:04:39.859+0000] {logging_mixin.py:190} INFO - [2025-03-31T15:04:39.857+0000] {templater.py:94} ERROR - Failed to resolve template field 'bash_command'
Traceback (most recent call last):
  File "/home/ubuntu/miniconda/envs/mlflow/lib/python3.12/site-packages/airflow/template/templater.py", line 92, in resolve_template_files
    setattr(self, field, env.loader.get_source(env, content)[0])  # type: ignore
                         ^^^^^^^^^^^^^^^^^^^^^^^^^^^^^^^^^^^
  File "/home/ubuntu/miniconda/envs/mlflow/lib/python3.12/site-packages/jinja2/loaders.py", line 209, in get_source
    raise TemplateNotFound(
jinja2.exceptions.TemplateNotFound: 'bash /home/ubuntu/MLFlow/scripts/configure_dvc.sh' not found in search path: '/home/ubuntu/MLFlow/dags'
[2025-03-31T15:04:39.859+0000] {processor.py:925} INFO - DAG(s) 'weather_data_collection' retrieved from /home/ubuntu/MLFlow/dags/weather_dag.py
[2025-03-31T15:04:39.890+0000] {logging_mixin.py:190} INFO - [2025-03-31T15:04:39.890+0000] {dag.py:3239} INFO - Sync 1 DAGs
[2025-03-31T15:04:39.939+0000] {processor.py:208} INFO - Processing /home/ubuntu/MLFlow/dags/weather_dag.py took 0.105 seconds
[2025-03-31T15:05:10.952+0000] {processor.py:186} INFO - Started process (PID=4944) to work on /home/ubuntu/MLFlow/dags/weather_dag.py
[2025-03-31T15:05:10.954+0000] {processor.py:914} INFO - Processing file /home/ubuntu/MLFlow/dags/weather_dag.py for tasks to queue
[2025-03-31T15:05:10.956+0000] {logging_mixin.py:190} INFO - [2025-03-31T15:05:10.955+0000] {dagbag.py:588} INFO - Filling up the DagBag from /home/ubuntu/MLFlow/dags/weather_dag.py
[2025-03-31T15:05:10.973+0000] {logging_mixin.py:190} INFO - [2025-03-31T15:05:10.971+0000] {templater.py:94} ERROR - Failed to resolve template field 'bash_command'
Traceback (most recent call last):
  File "/home/ubuntu/miniconda/envs/mlflow/lib/python3.12/site-packages/airflow/template/templater.py", line 92, in resolve_template_files
    setattr(self, field, env.loader.get_source(env, content)[0])  # type: ignore
                         ^^^^^^^^^^^^^^^^^^^^^^^^^^^^^^^^^^^
  File "/home/ubuntu/miniconda/envs/mlflow/lib/python3.12/site-packages/jinja2/loaders.py", line 209, in get_source
    raise TemplateNotFound(
jinja2.exceptions.TemplateNotFound: 'bash /home/ubuntu/MLFlow/scripts/configure_dvc.sh' not found in search path: '/home/ubuntu/MLFlow/dags'
[2025-03-31T15:05:10.974+0000] {processor.py:925} INFO - DAG(s) 'weather_data_collection' retrieved from /home/ubuntu/MLFlow/dags/weather_dag.py
[2025-03-31T15:05:11.015+0000] {logging_mixin.py:190} INFO - [2025-03-31T15:05:11.015+0000] {dag.py:3239} INFO - Sync 1 DAGs
[2025-03-31T15:05:11.071+0000] {processor.py:208} INFO - Processing /home/ubuntu/MLFlow/dags/weather_dag.py took 0.128 seconds
[2025-03-31T15:05:42.188+0000] {processor.py:186} INFO - Started process (PID=4974) to work on /home/ubuntu/MLFlow/dags/weather_dag.py
[2025-03-31T15:05:42.189+0000] {processor.py:914} INFO - Processing file /home/ubuntu/MLFlow/dags/weather_dag.py for tasks to queue
[2025-03-31T15:05:42.191+0000] {logging_mixin.py:190} INFO - [2025-03-31T15:05:42.191+0000] {dagbag.py:588} INFO - Filling up the DagBag from /home/ubuntu/MLFlow/dags/weather_dag.py
[2025-03-31T15:05:42.208+0000] {logging_mixin.py:190} INFO - [2025-03-31T15:05:42.207+0000] {templater.py:94} ERROR - Failed to resolve template field 'bash_command'
Traceback (most recent call last):
  File "/home/ubuntu/miniconda/envs/mlflow/lib/python3.12/site-packages/airflow/template/templater.py", line 92, in resolve_template_files
    setattr(self, field, env.loader.get_source(env, content)[0])  # type: ignore
                         ^^^^^^^^^^^^^^^^^^^^^^^^^^^^^^^^^^^
  File "/home/ubuntu/miniconda/envs/mlflow/lib/python3.12/site-packages/jinja2/loaders.py", line 209, in get_source
    raise TemplateNotFound(
jinja2.exceptions.TemplateNotFound: 'bash /home/ubuntu/MLFlow/scripts/configure_dvc.sh' not found in search path: '/home/ubuntu/MLFlow/dags'
[2025-03-31T15:05:42.208+0000] {processor.py:925} INFO - DAG(s) 'weather_data_collection' retrieved from /home/ubuntu/MLFlow/dags/weather_dag.py
[2025-03-31T15:05:42.254+0000] {logging_mixin.py:190} INFO - [2025-03-31T15:05:42.254+0000] {dag.py:3239} INFO - Sync 1 DAGs
[2025-03-31T15:05:42.310+0000] {processor.py:208} INFO - Processing /home/ubuntu/MLFlow/dags/weather_dag.py took 0.130 seconds
[2025-03-31T15:06:13.394+0000] {processor.py:186} INFO - Started process (PID=5011) to work on /home/ubuntu/MLFlow/dags/weather_dag.py
[2025-03-31T15:06:13.395+0000] {processor.py:914} INFO - Processing file /home/ubuntu/MLFlow/dags/weather_dag.py for tasks to queue
[2025-03-31T15:06:13.397+0000] {logging_mixin.py:190} INFO - [2025-03-31T15:06:13.396+0000] {dagbag.py:588} INFO - Filling up the DagBag from /home/ubuntu/MLFlow/dags/weather_dag.py
[2025-03-31T15:06:13.417+0000] {logging_mixin.py:190} INFO - [2025-03-31T15:06:13.415+0000] {templater.py:94} ERROR - Failed to resolve template field 'bash_command'
Traceback (most recent call last):
  File "/home/ubuntu/miniconda/envs/mlflow/lib/python3.12/site-packages/airflow/template/templater.py", line 92, in resolve_template_files
    setattr(self, field, env.loader.get_source(env, content)[0])  # type: ignore
                         ^^^^^^^^^^^^^^^^^^^^^^^^^^^^^^^^^^^
  File "/home/ubuntu/miniconda/envs/mlflow/lib/python3.12/site-packages/jinja2/loaders.py", line 209, in get_source
    raise TemplateNotFound(
jinja2.exceptions.TemplateNotFound: 'bash /home/ubuntu/MLFlow/scripts/configure_dvc.sh' not found in search path: '/home/ubuntu/MLFlow/dags'
[2025-03-31T15:06:13.417+0000] {processor.py:925} INFO - DAG(s) 'weather_data_collection' retrieved from /home/ubuntu/MLFlow/dags/weather_dag.py
[2025-03-31T15:06:13.456+0000] {logging_mixin.py:190} INFO - [2025-03-31T15:06:13.456+0000] {dag.py:3239} INFO - Sync 1 DAGs
[2025-03-31T15:06:13.531+0000] {processor.py:208} INFO - Processing /home/ubuntu/MLFlow/dags/weather_dag.py took 0.149 seconds
[2025-03-31T15:06:44.353+0000] {processor.py:186} INFO - Started process (PID=5040) to work on /home/ubuntu/MLFlow/dags/weather_dag.py
[2025-03-31T15:06:44.354+0000] {processor.py:914} INFO - Processing file /home/ubuntu/MLFlow/dags/weather_dag.py for tasks to queue
[2025-03-31T15:06:44.359+0000] {logging_mixin.py:190} INFO - [2025-03-31T15:06:44.358+0000] {dagbag.py:588} INFO - Filling up the DagBag from /home/ubuntu/MLFlow/dags/weather_dag.py
[2025-03-31T15:06:44.378+0000] {logging_mixin.py:190} INFO - [2025-03-31T15:06:44.377+0000] {templater.py:94} ERROR - Failed to resolve template field 'bash_command'
Traceback (most recent call last):
  File "/home/ubuntu/miniconda/envs/mlflow/lib/python3.12/site-packages/airflow/template/templater.py", line 92, in resolve_template_files
    setattr(self, field, env.loader.get_source(env, content)[0])  # type: ignore
                         ^^^^^^^^^^^^^^^^^^^^^^^^^^^^^^^^^^^
  File "/home/ubuntu/miniconda/envs/mlflow/lib/python3.12/site-packages/jinja2/loaders.py", line 209, in get_source
    raise TemplateNotFound(
jinja2.exceptions.TemplateNotFound: 'bash /home/ubuntu/MLFlow/scripts/configure_dvc.sh' not found in search path: '/home/ubuntu/MLFlow/dags'
[2025-03-31T15:06:44.379+0000] {processor.py:925} INFO - DAG(s) 'weather_data_collection' retrieved from /home/ubuntu/MLFlow/dags/weather_dag.py
[2025-03-31T15:06:44.414+0000] {logging_mixin.py:190} INFO - [2025-03-31T15:06:44.414+0000] {dag.py:3239} INFO - Sync 1 DAGs
[2025-03-31T15:06:44.471+0000] {processor.py:208} INFO - Processing /home/ubuntu/MLFlow/dags/weather_dag.py took 0.128 seconds
[2025-03-31T15:07:14.788+0000] {processor.py:186} INFO - Started process (PID=5068) to work on /home/ubuntu/MLFlow/dags/weather_dag.py
[2025-03-31T15:07:14.789+0000] {processor.py:914} INFO - Processing file /home/ubuntu/MLFlow/dags/weather_dag.py for tasks to queue
[2025-03-31T15:07:14.791+0000] {logging_mixin.py:190} INFO - [2025-03-31T15:07:14.791+0000] {dagbag.py:588} INFO - Filling up the DagBag from /home/ubuntu/MLFlow/dags/weather_dag.py
[2025-03-31T15:07:14.808+0000] {logging_mixin.py:190} INFO - [2025-03-31T15:07:14.807+0000] {templater.py:94} ERROR - Failed to resolve template field 'bash_command'
Traceback (most recent call last):
  File "/home/ubuntu/miniconda/envs/mlflow/lib/python3.12/site-packages/airflow/template/templater.py", line 92, in resolve_template_files
    setattr(self, field, env.loader.get_source(env, content)[0])  # type: ignore
                         ^^^^^^^^^^^^^^^^^^^^^^^^^^^^^^^^^^^
  File "/home/ubuntu/miniconda/envs/mlflow/lib/python3.12/site-packages/jinja2/loaders.py", line 209, in get_source
    raise TemplateNotFound(
jinja2.exceptions.TemplateNotFound: 'bash /home/ubuntu/MLFlow/scripts/configure_dvc.sh' not found in search path: '/home/ubuntu/MLFlow/dags'
[2025-03-31T15:07:14.809+0000] {processor.py:925} INFO - DAG(s) 'weather_data_collection' retrieved from /home/ubuntu/MLFlow/dags/weather_dag.py
[2025-03-31T15:07:14.840+0000] {logging_mixin.py:190} INFO - [2025-03-31T15:07:14.840+0000] {dag.py:3239} INFO - Sync 1 DAGs
[2025-03-31T15:07:14.902+0000] {processor.py:208} INFO - Processing /home/ubuntu/MLFlow/dags/weather_dag.py took 0.125 seconds
[2025-03-31T15:07:19.567+0000] {processor.py:186} INFO - Started process (PID=5080) to work on /home/ubuntu/MLFlow/dags/weather_dag.py
[2025-03-31T15:07:19.568+0000] {processor.py:914} INFO - Processing file /home/ubuntu/MLFlow/dags/weather_dag.py for tasks to queue
[2025-03-31T15:07:19.572+0000] {logging_mixin.py:190} INFO - [2025-03-31T15:07:19.571+0000] {dagbag.py:588} INFO - Filling up the DagBag from /home/ubuntu/MLFlow/dags/weather_dag.py
[2025-03-31T15:07:19.590+0000] {logging_mixin.py:190} INFO - [2025-03-31T15:07:19.588+0000] {templater.py:94} ERROR - Failed to resolve template field 'bash_command'
Traceback (most recent call last):
  File "/home/ubuntu/miniconda/envs/mlflow/lib/python3.12/site-packages/airflow/template/templater.py", line 92, in resolve_template_files
    setattr(self, field, env.loader.get_source(env, content)[0])  # type: ignore
                         ^^^^^^^^^^^^^^^^^^^^^^^^^^^^^^^^^^^
  File "/home/ubuntu/miniconda/envs/mlflow/lib/python3.12/site-packages/jinja2/loaders.py", line 209, in get_source
    raise TemplateNotFound(
jinja2.exceptions.TemplateNotFound: 'bash /home/ubuntu/MLFlow/scripts/configure_dvc.sh' not found in search path: '/home/ubuntu/MLFlow/dags'
[2025-03-31T15:07:19.591+0000] {processor.py:925} INFO - DAG(s) 'weather_data_collection' retrieved from /home/ubuntu/MLFlow/dags/weather_dag.py
[2025-03-31T15:07:19.624+0000] {logging_mixin.py:190} INFO - [2025-03-31T15:07:19.623+0000] {dag.py:3239} INFO - Sync 1 DAGs
[2025-03-31T15:07:19.684+0000] {processor.py:208} INFO - Processing /home/ubuntu/MLFlow/dags/weather_dag.py took 0.127 seconds
[2025-03-31T15:07:50.206+0000] {processor.py:186} INFO - Started process (PID=5310) to work on /home/ubuntu/MLFlow/dags/weather_dag.py
[2025-03-31T15:07:50.210+0000] {processor.py:914} INFO - Processing file /home/ubuntu/MLFlow/dags/weather_dag.py for tasks to queue
[2025-03-31T15:07:50.214+0000] {logging_mixin.py:190} INFO - [2025-03-31T15:07:50.212+0000] {dagbag.py:588} INFO - Filling up the DagBag from /home/ubuntu/MLFlow/dags/weather_dag.py
[2025-03-31T15:07:50.232+0000] {logging_mixin.py:190} INFO - [2025-03-31T15:07:50.231+0000] {templater.py:94} ERROR - Failed to resolve template field 'bash_command'
Traceback (most recent call last):
  File "/home/ubuntu/miniconda/envs/mlflow/lib/python3.12/site-packages/airflow/template/templater.py", line 92, in resolve_template_files
    setattr(self, field, env.loader.get_source(env, content)[0])  # type: ignore
                         ^^^^^^^^^^^^^^^^^^^^^^^^^^^^^^^^^^^
  File "/home/ubuntu/miniconda/envs/mlflow/lib/python3.12/site-packages/jinja2/loaders.py", line 209, in get_source
    raise TemplateNotFound(
jinja2.exceptions.TemplateNotFound: 'bash /home/ubuntu/MLFlow/scripts/configure_dvc.sh' not found in search path: '/home/ubuntu/MLFlow/dags'
[2025-03-31T15:07:50.234+0000] {processor.py:925} INFO - DAG(s) 'weather_data_collection' retrieved from /home/ubuntu/MLFlow/dags/weather_dag.py
[2025-03-31T15:07:50.290+0000] {logging_mixin.py:190} INFO - [2025-03-31T15:07:50.289+0000] {dag.py:3239} INFO - Sync 1 DAGs
[2025-03-31T15:07:50.756+0000] {processor.py:208} INFO - Processing /home/ubuntu/MLFlow/dags/weather_dag.py took 0.562 seconds
[2025-03-31T15:08:21.248+0000] {processor.py:186} INFO - Started process (PID=7657) to work on /home/ubuntu/MLFlow/dags/weather_dag.py
[2025-03-31T15:08:21.250+0000] {processor.py:914} INFO - Processing file /home/ubuntu/MLFlow/dags/weather_dag.py for tasks to queue
[2025-03-31T15:08:21.252+0000] {logging_mixin.py:190} INFO - [2025-03-31T15:08:21.252+0000] {dagbag.py:588} INFO - Filling up the DagBag from /home/ubuntu/MLFlow/dags/weather_dag.py
[2025-03-31T15:08:21.274+0000] {logging_mixin.py:190} INFO - [2025-03-31T15:08:21.272+0000] {templater.py:94} ERROR - Failed to resolve template field 'bash_command'
Traceback (most recent call last):
  File "/home/ubuntu/miniconda/envs/mlflow/lib/python3.12/site-packages/airflow/template/templater.py", line 92, in resolve_template_files
    setattr(self, field, env.loader.get_source(env, content)[0])  # type: ignore
                         ^^^^^^^^^^^^^^^^^^^^^^^^^^^^^^^^^^^
  File "/home/ubuntu/miniconda/envs/mlflow/lib/python3.12/site-packages/jinja2/loaders.py", line 209, in get_source
    raise TemplateNotFound(
jinja2.exceptions.TemplateNotFound: 'bash /home/ubuntu/MLFlow/scripts/configure_dvc.sh' not found in search path: '/home/ubuntu/MLFlow/dags'
[2025-03-31T15:08:21.275+0000] {processor.py:925} INFO - DAG(s) 'weather_data_collection' retrieved from /home/ubuntu/MLFlow/dags/weather_dag.py
[2025-03-31T15:08:21.336+0000] {logging_mixin.py:190} INFO - [2025-03-31T15:08:21.336+0000] {dag.py:3239} INFO - Sync 1 DAGs
[2025-03-31T15:08:21.612+0000] {processor.py:208} INFO - Processing /home/ubuntu/MLFlow/dags/weather_dag.py took 0.378 seconds
[2025-03-31T15:08:51.851+0000] {processor.py:186} INFO - Started process (PID=8033) to work on /home/ubuntu/MLFlow/dags/weather_dag.py
[2025-03-31T15:08:51.852+0000] {processor.py:914} INFO - Processing file /home/ubuntu/MLFlow/dags/weather_dag.py for tasks to queue
[2025-03-31T15:08:51.854+0000] {logging_mixin.py:190} INFO - [2025-03-31T15:08:51.853+0000] {dagbag.py:588} INFO - Filling up the DagBag from /home/ubuntu/MLFlow/dags/weather_dag.py
[2025-03-31T15:08:51.870+0000] {logging_mixin.py:190} INFO - [2025-03-31T15:08:51.868+0000] {templater.py:94} ERROR - Failed to resolve template field 'bash_command'
Traceback (most recent call last):
  File "/home/ubuntu/miniconda/envs/mlflow/lib/python3.12/site-packages/airflow/template/templater.py", line 92, in resolve_template_files
    setattr(self, field, env.loader.get_source(env, content)[0])  # type: ignore
                         ^^^^^^^^^^^^^^^^^^^^^^^^^^^^^^^^^^^
  File "/home/ubuntu/miniconda/envs/mlflow/lib/python3.12/site-packages/jinja2/loaders.py", line 209, in get_source
    raise TemplateNotFound(
jinja2.exceptions.TemplateNotFound: 'bash /home/ubuntu/MLFlow/scripts/configure_dvc.sh' not found in search path: '/home/ubuntu/MLFlow/dags'
[2025-03-31T15:08:51.870+0000] {processor.py:925} INFO - DAG(s) 'weather_data_collection' retrieved from /home/ubuntu/MLFlow/dags/weather_dag.py
[2025-03-31T15:08:51.903+0000] {logging_mixin.py:190} INFO - [2025-03-31T15:08:51.902+0000] {dag.py:3239} INFO - Sync 1 DAGs
[2025-03-31T15:08:52.148+0000] {processor.py:208} INFO - Processing /home/ubuntu/MLFlow/dags/weather_dag.py took 0.304 seconds
[2025-03-31T15:09:22.667+0000] {processor.py:186} INFO - Started process (PID=8065) to work on /home/ubuntu/MLFlow/dags/weather_dag.py
[2025-03-31T15:09:22.669+0000] {processor.py:914} INFO - Processing file /home/ubuntu/MLFlow/dags/weather_dag.py for tasks to queue
[2025-03-31T15:09:22.671+0000] {logging_mixin.py:190} INFO - [2025-03-31T15:09:22.670+0000] {dagbag.py:588} INFO - Filling up the DagBag from /home/ubuntu/MLFlow/dags/weather_dag.py
[2025-03-31T15:09:22.685+0000] {logging_mixin.py:190} INFO - [2025-03-31T15:09:22.684+0000] {templater.py:94} ERROR - Failed to resolve template field 'bash_command'
Traceback (most recent call last):
  File "/home/ubuntu/miniconda/envs/mlflow/lib/python3.12/site-packages/airflow/template/templater.py", line 92, in resolve_template_files
    setattr(self, field, env.loader.get_source(env, content)[0])  # type: ignore
                         ^^^^^^^^^^^^^^^^^^^^^^^^^^^^^^^^^^^
  File "/home/ubuntu/miniconda/envs/mlflow/lib/python3.12/site-packages/jinja2/loaders.py", line 209, in get_source
    raise TemplateNotFound(
jinja2.exceptions.TemplateNotFound: 'bash /home/ubuntu/MLFlow/scripts/configure_dvc.sh' not found in search path: '/home/ubuntu/MLFlow/dags'
[2025-03-31T15:09:22.689+0000] {processor.py:925} INFO - DAG(s) 'weather_data_collection' retrieved from /home/ubuntu/MLFlow/dags/weather_dag.py
[2025-03-31T15:09:22.741+0000] {logging_mixin.py:190} INFO - [2025-03-31T15:09:22.740+0000] {dag.py:3239} INFO - Sync 1 DAGs
[2025-03-31T15:09:22.946+0000] {processor.py:208} INFO - Processing /home/ubuntu/MLFlow/dags/weather_dag.py took 0.285 seconds
[2025-03-31T15:09:39.857+0000] {processor.py:186} INFO - Started process (PID=8080) to work on /home/ubuntu/MLFlow/dags/weather_dag.py
[2025-03-31T15:09:39.858+0000] {processor.py:914} INFO - Processing file /home/ubuntu/MLFlow/dags/weather_dag.py for tasks to queue
[2025-03-31T15:09:39.860+0000] {logging_mixin.py:190} INFO - [2025-03-31T15:09:39.859+0000] {dagbag.py:588} INFO - Filling up the DagBag from /home/ubuntu/MLFlow/dags/weather_dag.py
[2025-03-31T15:09:39.876+0000] {logging_mixin.py:190} INFO - [2025-03-31T15:09:39.875+0000] {templater.py:94} ERROR - Failed to resolve template field 'bash_command'
Traceback (most recent call last):
  File "/home/ubuntu/miniconda/envs/mlflow/lib/python3.12/site-packages/airflow/template/templater.py", line 92, in resolve_template_files
    setattr(self, field, env.loader.get_source(env, content)[0])  # type: ignore
                         ^^^^^^^^^^^^^^^^^^^^^^^^^^^^^^^^^^^
  File "/home/ubuntu/miniconda/envs/mlflow/lib/python3.12/site-packages/jinja2/loaders.py", line 209, in get_source
    raise TemplateNotFound(
jinja2.exceptions.TemplateNotFound: 'bash /home/ubuntu/MLFlow/scripts/configure_dvc.sh' not found in search path: '/home/ubuntu/MLFlow/dags'
[2025-03-31T15:09:39.877+0000] {processor.py:925} INFO - DAG(s) 'weather_data_collection' retrieved from /home/ubuntu/MLFlow/dags/weather_dag.py
[2025-03-31T15:09:40.253+0000] {logging_mixin.py:190} INFO - [2025-03-31T15:09:40.253+0000] {dag.py:3239} INFO - Sync 1 DAGs
[2025-03-31T15:09:40.315+0000] {processor.py:208} INFO - Processing /home/ubuntu/MLFlow/dags/weather_dag.py took 0.466 seconds
[2025-03-31T15:09:59.579+0000] {processor.py:186} INFO - Started process (PID=8253) to work on /home/ubuntu/MLFlow/dags/weather_dag.py
[2025-03-31T15:09:59.581+0000] {processor.py:914} INFO - Processing file /home/ubuntu/MLFlow/dags/weather_dag.py for tasks to queue
[2025-03-31T15:09:59.583+0000] {logging_mixin.py:190} INFO - [2025-03-31T15:09:59.583+0000] {dagbag.py:588} INFO - Filling up the DagBag from /home/ubuntu/MLFlow/dags/weather_dag.py
[2025-03-31T15:09:59.590+0000] {logging_mixin.py:190} INFO - [2025-03-31T15:09:59.587+0000] {dagbag.py:387} ERROR - Failed to import: /home/ubuntu/MLFlow/dags/weather_dag.py
Traceback (most recent call last):
  File "/home/ubuntu/miniconda/envs/mlflow/lib/python3.12/site-packages/airflow/models/dagbag.py", line 383, in parse
    loader.exec_module(new_module)
  File "<frozen importlib._bootstrap_external>", line 995, in exec_module
  File "<frozen importlib._bootstrap_external>", line 1133, in get_code
  File "<frozen importlib._bootstrap_external>", line 1063, in source_to_code
  File "<frozen importlib._bootstrap>", line 488, in _call_with_frames_removed
  File "/home/ubuntu/MLFlow/dags/weather_dag.py", line 43
    )
    ^
SyntaxError: unmatched ')'
[2025-03-31T15:09:59.591+0000] {processor.py:927} WARNING - No viable dags retrieved from /home/ubuntu/MLFlow/dags/weather_dag.py
[2025-03-31T15:09:59.615+0000] {processor.py:208} INFO - Processing /home/ubuntu/MLFlow/dags/weather_dag.py took 0.045 seconds
[2025-03-31T15:10:18.724+0000] {processor.py:186} INFO - Started process (PID=8430) to work on /home/ubuntu/MLFlow/dags/weather_dag.py
[2025-03-31T15:10:18.726+0000] {processor.py:914} INFO - Processing file /home/ubuntu/MLFlow/dags/weather_dag.py for tasks to queue
[2025-03-31T15:10:18.728+0000] {logging_mixin.py:190} INFO - [2025-03-31T15:10:18.727+0000] {dagbag.py:588} INFO - Filling up the DagBag from /home/ubuntu/MLFlow/dags/weather_dag.py
[2025-03-31T15:10:18.733+0000] {logging_mixin.py:190} INFO - [2025-03-31T15:10:18.731+0000] {dagbag.py:387} ERROR - Failed to import: /home/ubuntu/MLFlow/dags/weather_dag.py
Traceback (most recent call last):
  File "/home/ubuntu/miniconda/envs/mlflow/lib/python3.12/site-packages/airflow/models/dagbag.py", line 383, in parse
    loader.exec_module(new_module)
  File "<frozen importlib._bootstrap_external>", line 995, in exec_module
  File "<frozen importlib._bootstrap_external>", line 1133, in get_code
  File "<frozen importlib._bootstrap_external>", line 1063, in source_to_code
  File "<frozen importlib._bootstrap>", line 488, in _call_with_frames_removed
  File "/home/ubuntu/MLFlow/dags/weather_dag.py", line 42
    )
IndentationError: unexpected indent
[2025-03-31T15:10:18.734+0000] {processor.py:927} WARNING - No viable dags retrieved from /home/ubuntu/MLFlow/dags/weather_dag.py
[2025-03-31T15:10:18.760+0000] {processor.py:208} INFO - Processing /home/ubuntu/MLFlow/dags/weather_dag.py took 0.044 seconds
[2025-03-31T15:10:49.231+0000] {processor.py:186} INFO - Started process (PID=8458) to work on /home/ubuntu/MLFlow/dags/weather_dag.py
[2025-03-31T15:10:49.232+0000] {processor.py:914} INFO - Processing file /home/ubuntu/MLFlow/dags/weather_dag.py for tasks to queue
[2025-03-31T15:10:49.235+0000] {logging_mixin.py:190} INFO - [2025-03-31T15:10:49.234+0000] {dagbag.py:588} INFO - Filling up the DagBag from /home/ubuntu/MLFlow/dags/weather_dag.py
[2025-03-31T15:10:49.240+0000] {logging_mixin.py:190} INFO - [2025-03-31T15:10:49.238+0000] {dagbag.py:387} ERROR - Failed to import: /home/ubuntu/MLFlow/dags/weather_dag.py
Traceback (most recent call last):
  File "/home/ubuntu/miniconda/envs/mlflow/lib/python3.12/site-packages/airflow/models/dagbag.py", line 383, in parse
    loader.exec_module(new_module)
  File "<frozen importlib._bootstrap_external>", line 995, in exec_module
  File "<frozen importlib._bootstrap_external>", line 1133, in get_code
  File "<frozen importlib._bootstrap_external>", line 1063, in source_to_code
  File "<frozen importlib._bootstrap>", line 488, in _call_with_frames_removed
  File "/home/ubuntu/MLFlow/dags/weather_dag.py", line 42
    )
IndentationError: unexpected indent
[2025-03-31T15:10:49.241+0000] {processor.py:927} WARNING - No viable dags retrieved from /home/ubuntu/MLFlow/dags/weather_dag.py
[2025-03-31T15:10:49.420+0000] {processor.py:208} INFO - Processing /home/ubuntu/MLFlow/dags/weather_dag.py took 0.196 seconds
[2025-03-31T15:10:54.352+0000] {processor.py:186} INFO - Started process (PID=8464) to work on /home/ubuntu/MLFlow/dags/weather_dag.py
[2025-03-31T15:10:54.355+0000] {processor.py:914} INFO - Processing file /home/ubuntu/MLFlow/dags/weather_dag.py for tasks to queue
[2025-03-31T15:10:54.586+0000] {logging_mixin.py:190} INFO - [2025-03-31T15:10:54.586+0000] {dagbag.py:588} INFO - Filling up the DagBag from /home/ubuntu/MLFlow/dags/weather_dag.py
[2025-03-31T15:10:54.602+0000] {processor.py:925} INFO - DAG(s) 'weather_data_collection' retrieved from /home/ubuntu/MLFlow/dags/weather_dag.py
[2025-03-31T15:10:54.816+0000] {logging_mixin.py:190} INFO - [2025-03-31T15:10:54.816+0000] {dag.py:3239} INFO - Sync 1 DAGs
[2025-03-31T15:10:54.845+0000] {logging_mixin.py:190} INFO - [2025-03-31T15:10:54.844+0000] {dag.py:4180} INFO - Setting next_dagrun for weather_data_collection to 2025-03-31 15:09:00+00:00, run_after=2025-03-31 15:10:00+00:00
[2025-03-31T15:10:54.906+0000] {processor.py:208} INFO - Processing /home/ubuntu/MLFlow/dags/weather_dag.py took 0.565 seconds
[2025-03-31T15:11:30.288+0000] {processor.py:186} INFO - Started process (PID=8803) to work on /home/ubuntu/MLFlow/dags/weather_dag.py
[2025-03-31T15:11:30.290+0000] {processor.py:914} INFO - Processing file /home/ubuntu/MLFlow/dags/weather_dag.py for tasks to queue
[2025-03-31T15:11:30.292+0000] {logging_mixin.py:190} INFO - [2025-03-31T15:11:30.292+0000] {dagbag.py:588} INFO - Filling up the DagBag from /home/ubuntu/MLFlow/dags/weather_dag.py
[2025-03-31T15:11:30.309+0000] {processor.py:925} INFO - DAG(s) 'weather_data_collection' retrieved from /home/ubuntu/MLFlow/dags/weather_dag.py
[2025-03-31T15:11:30.347+0000] {logging_mixin.py:190} INFO - [2025-03-31T15:11:30.347+0000] {dag.py:3239} INFO - Sync 1 DAGs
[2025-03-31T15:11:30.394+0000] {processor.py:208} INFO - Processing /home/ubuntu/MLFlow/dags/weather_dag.py took 0.114 seconds
