[2025-03-28T19:35:08.996+0000] {local_task_job_runner.py:123} INFO - ::group::Pre task execution logs
[2025-03-28T19:35:09.015+0000] {taskinstance.py:2614} INFO - Dependencies all met for dep_context=non-requeueable deps ti=<TaskInstance: weather_data_collection.collect_weather_data scheduled__2025-03-28T19:34:00+00:00 [queued]>
[2025-03-28T19:35:09.025+0000] {taskinstance.py:2614} INFO - Dependencies all met for dep_context=requeueable deps ti=<TaskInstance: weather_data_collection.collect_weather_data scheduled__2025-03-28T19:34:00+00:00 [queued]>
[2025-03-28T19:35:09.025+0000] {taskinstance.py:2867} INFO - Starting attempt 1 of 2
[2025-03-28T19:35:09.052+0000] {taskinstance.py:2890} INFO - Executing <Task(DockerOperator): collect_weather_data> on 2025-03-28 19:34:00+00:00
[2025-03-28T19:35:09.057+0000] {standard_task_runner.py:72} INFO - Started process 55342 to run task
[2025-03-28T19:35:09.061+0000] {standard_task_runner.py:104} INFO - Running: ['airflow', 'tasks', 'run', 'weather_data_collection', 'collect_weather_data', 'scheduled__2025-03-28T19:34:00+00:00', '--job-id', '251', '--raw', '--subdir', 'DAGS_FOLDER/weather_dag.py', '--cfg-path', '/tmp/tmp5i18vaqb']
[2025-03-28T19:35:09.063+0000] {standard_task_runner.py:105} INFO - Job 251: Subtask collect_weather_data
[2025-03-28T19:35:09.110+0000] {task_command.py:467} INFO - Running <TaskInstance: weather_data_collection.collect_weather_data scheduled__2025-03-28T19:34:00+00:00 [running]> on host ip-172-31-19-13.eu-west-1.compute.internal
[2025-03-28T19:35:09.190+0000] {taskinstance.py:3134} INFO - Exporting env vars: AIRFLOW_CTX_DAG_OWNER='airflow' AIRFLOW_CTX_DAG_ID='weather_data_collection' AIRFLOW_CTX_TASK_ID='collect_weather_data' AIRFLOW_CTX_EXECUTION_DATE='2025-03-28T19:34:00+00:00' AIRFLOW_CTX_TRY_NUMBER='1' AIRFLOW_CTX_DAG_RUN_ID='scheduled__2025-03-28T19:34:00+00:00'
[2025-03-28T19:35:09.190+0000] {taskinstance.py:732} INFO - ::endgroup::
[2025-03-28T19:35:09.233+0000] {docker.py:353} INFO - Starting docker container from image weather-collector:light
[2025-03-28T19:35:10.713+0000] {docker.py:73} INFO -   0%|          | 0/5 [00:00<?, ?it/s]
[2025-03-28T19:35:10.894+0000] {docker.py:73} INFO -  60%|██████    | 3/5 [00:00<00:00, 16.64it/s]
[2025-03-28T19:35:11.080+0000] {docker.py:73} INFO - 100%|██████████| 5/5 [00:00<00:00, 13.12it/s]
[2025-03-28T19:35:11.165+0000] {docker.py:73} INFO - 100%|██████████| 5/5 [00:00<00:00, 11.08it/s]
[2025-03-28T19:35:11.166+0000] {docker.py:73} INFO -   0%|          | 0/5 [00:00<?, ?it/s]
[2025-03-28T19:35:11.168+0000] {docker.py:73} INFO - 100%|██████████| 5/5 [00:00<00:00, 3981.68it/s]
[2025-03-28T19:35:11.190+0000] {docker.py:73} INFO -        city country  ...  weather_description             datetime
[2025-03-28T19:35:11.191+0000] {docker.py:73} INFO - 0     Paris      FR  ...        moderate rain  2025-03-28T19:35:11
[2025-03-28T19:35:11.191+0000] {docker.py:73} INFO - 1    London      GB  ...            clear sky  2025-03-28T19:35:11
[2025-03-28T19:35:11.192+0000] {docker.py:73} INFO - 2  New York      US  ...        broken clouds  2025-03-28T19:35:11
[2025-03-28T19:35:11.192+0000] {docker.py:73} INFO - 3    Berlin      DE  ...            clear sky  2025-03-28T19:35:11
[2025-03-28T19:35:11.192+0000] {docker.py:73} INFO - 4     Tokyo      JP  ...        broken clouds  2025-03-28T19:35:11
[2025-03-28T19:35:11.193+0000] {docker.py:73} INFO - 
[2025-03-28T19:35:11.193+0000] {docker.py:73} INFO - [5 rows x 7 columns]
[2025-03-28T19:35:11.595+0000] {taskinstance.py:341} INFO - ::group::Post task execution logs
[2025-03-28T19:35:11.596+0000] {taskinstance.py:353} INFO - Marking task as SUCCESS. dag_id=weather_data_collection, task_id=collect_weather_data, run_id=scheduled__2025-03-28T19:34:00+00:00, execution_date=20250328T193400, start_date=20250328T193509, end_date=20250328T193511
[2025-03-28T19:35:11.646+0000] {local_task_job_runner.py:266} INFO - Task exited with return code 0
[2025-03-28T19:35:11.667+0000] {taskinstance.py:3901} INFO - 1 downstream tasks scheduled from follow-on schedule check
[2025-03-28T19:35:11.674+0000] {local_task_job_runner.py:245} INFO - ::endgroup::
