[2025-03-28T19:25:23.502+0000] {local_task_job_runner.py:123} INFO - ::group::Pre task execution logs
[2025-03-28T19:25:23.521+0000] {taskinstance.py:2614} INFO - Dependencies all met for dep_context=non-requeueable deps ti=<TaskInstance: weather_data_monitoring.monitor_data scheduled__2025-03-28T19:19:00+00:00 [queued]>
[2025-03-28T19:25:23.531+0000] {taskinstance.py:2614} INFO - Dependencies all met for dep_context=requeueable deps ti=<TaskInstance: weather_data_monitoring.monitor_data scheduled__2025-03-28T19:19:00+00:00 [queued]>
[2025-03-28T19:25:23.531+0000] {taskinstance.py:2867} INFO - Starting attempt 2 of 2
[2025-03-28T19:25:23.551+0000] {taskinstance.py:2890} INFO - Executing <Task(DockerOperator): monitor_data> on 2025-03-28 19:19:00+00:00
[2025-03-28T19:25:23.557+0000] {standard_task_runner.py:72} INFO - Started process 50539 to run task
[2025-03-28T19:25:23.561+0000] {standard_task_runner.py:104} INFO - Running: ['airflow', 'tasks', 'run', 'weather_data_monitoring', 'monitor_data', 'scheduled__2025-03-28T19:19:00+00:00', '--job-id', '193', '--raw', '--subdir', 'DAGS_FOLDER/weather_monitor_dag.py', '--cfg-path', '/tmp/tmpzsnlrbwg']
[2025-03-28T19:25:23.563+0000] {standard_task_runner.py:105} INFO - Job 193: Subtask monitor_data
[2025-03-28T19:25:23.610+0000] {task_command.py:467} INFO - Running <TaskInstance: weather_data_monitoring.monitor_data scheduled__2025-03-28T19:19:00+00:00 [running]> on host ip-172-31-19-13.eu-west-1.compute.internal
[2025-03-28T19:25:23.696+0000] {taskinstance.py:3134} INFO - Exporting env vars: AIRFLOW_CTX_DAG_OWNER='airflow' AIRFLOW_CTX_DAG_ID='weather_data_monitoring' AIRFLOW_CTX_TASK_ID='monitor_data' AIRFLOW_CTX_EXECUTION_DATE='2025-03-28T19:19:00+00:00' AIRFLOW_CTX_TRY_NUMBER='2' AIRFLOW_CTX_DAG_RUN_ID='scheduled__2025-03-28T19:19:00+00:00'
[2025-03-28T19:25:23.697+0000] {taskinstance.py:732} INFO - ::endgroup::
[2025-03-28T19:25:23.740+0000] {docker.py:353} INFO - Starting docker container from image weather-monitor:light
[2025-03-28T19:25:23.743+0000] {taskinstance.py:3313} ERROR - Task failed with exception
Traceback (most recent call last):
  File "/home/ubuntu/miniconda/envs/mlflow/lib/python3.12/site-packages/docker/api/client.py", line 275, in _raise_for_status
    response.raise_for_status()
  File "/home/ubuntu/miniconda/envs/mlflow/lib/python3.12/site-packages/requests/models.py", line 1024, in raise_for_status
    raise HTTPError(http_error_msg, response=self)
requests.exceptions.HTTPError: 400 Client Error: Bad Request for url: http+docker://localhost/v1.43/containers/create

The above exception was the direct cause of the following exception:

Traceback (most recent call last):
  File "/home/ubuntu/miniconda/envs/mlflow/lib/python3.12/site-packages/airflow/models/taskinstance.py", line 768, in _execute_task
    result = _execute_callable(context=context, **execute_callable_kwargs)
             ^^^^^^^^^^^^^^^^^^^^^^^^^^^^^^^^^^^^^^^^^^^^^^^^^^^^^^^^^^^^^
  File "/home/ubuntu/miniconda/envs/mlflow/lib/python3.12/site-packages/airflow/models/taskinstance.py", line 734, in _execute_callable
    return ExecutionCallableRunner(
           ^^^^^^^^^^^^^^^^^^^^^^^^
  File "/home/ubuntu/miniconda/envs/mlflow/lib/python3.12/site-packages/airflow/utils/operator_helpers.py", line 252, in run
    return self.func(*args, **kwargs)
           ^^^^^^^^^^^^^^^^^^^^^^^^^^
  File "/home/ubuntu/miniconda/envs/mlflow/lib/python3.12/site-packages/airflow/models/baseoperator.py", line 424, in wrapper
    return func(self, *args, **kwargs)
           ^^^^^^^^^^^^^^^^^^^^^^^^^^^
  File "/home/ubuntu/miniconda/envs/mlflow/lib/python3.12/site-packages/airflow/providers/docker/operators/docker.py", line 494, in execute
    return self._run_image()
           ^^^^^^^^^^^^^^^^^
  File "/home/ubuntu/miniconda/envs/mlflow/lib/python3.12/site-packages/airflow/providers/docker/operators/docker.py", line 358, in _run_image
    return self._run_image_with_mounts([*self.mounts, tmp_mount], add_tmp_variable=True)
           ^^^^^^^^^^^^^^^^^^^^^^^^^^^^^^^^^^^^^^^^^^^^^^^^^^^^^^^^^^^^^^^^^^^^^^^^^^^^^
  File "/home/ubuntu/miniconda/envs/mlflow/lib/python3.12/site-packages/airflow/providers/docker/operators/docker.py", line 385, in _run_image_with_mounts
    self.container = self.cli.create_container(
                     ^^^^^^^^^^^^^^^^^^^^^^^^^^
  File "/home/ubuntu/miniconda/envs/mlflow/lib/python3.12/site-packages/docker/api/container.py", line 440, in create_container
    return self.create_container_from_config(config, name, platform)
           ^^^^^^^^^^^^^^^^^^^^^^^^^^^^^^^^^^^^^^^^^^^^^^^^^^^^^^^^^
  File "/home/ubuntu/miniconda/envs/mlflow/lib/python3.12/site-packages/docker/api/container.py", line 457, in create_container_from_config
    return self._result(res, True)
           ^^^^^^^^^^^^^^^^^^^^^^^
  File "/home/ubuntu/miniconda/envs/mlflow/lib/python3.12/site-packages/docker/api/client.py", line 281, in _result
    self._raise_for_status(response)
  File "/home/ubuntu/miniconda/envs/mlflow/lib/python3.12/site-packages/docker/api/client.py", line 277, in _raise_for_status
    raise create_api_error_from_http_exception(e) from e
          ^^^^^^^^^^^^^^^^^^^^^^^^^^^^^^^^^^^^^^^
  File "/home/ubuntu/miniconda/envs/mlflow/lib/python3.12/site-packages/docker/errors.py", line 39, in create_api_error_from_http_exception
    raise cls(e, response=response, explanation=explanation) from e
docker.errors.APIError: 400 Client Error for http+docker://localhost/v1.43/containers/create: Bad Request ("invalid mount config for type "bind": bind source path does not exist: /home/ubuntu/MLFlow/data_storage/raw")
[2025-03-28T19:25:23.750+0000] {taskinstance.py:1226} INFO - Marking task as FAILED. dag_id=weather_data_monitoring, task_id=monitor_data, run_id=scheduled__2025-03-28T19:19:00+00:00, execution_date=20250328T191900, start_date=20250328T192523, end_date=20250328T192523
[2025-03-28T19:25:23.778+0000] {taskinstance.py:341} INFO - ::group::Post task execution logs
[2025-03-28T19:25:23.779+0000] {standard_task_runner.py:124} ERROR - Failed to execute job 193 for task monitor_data (400 Client Error for http+docker://localhost/v1.43/containers/create: Bad Request ("invalid mount config for type "bind": bind source path does not exist: /home/ubuntu/MLFlow/data_storage/raw"); 50539)
Traceback (most recent call last):
  File "/home/ubuntu/miniconda/envs/mlflow/lib/python3.12/site-packages/docker/api/client.py", line 275, in _raise_for_status
    response.raise_for_status()
  File "/home/ubuntu/miniconda/envs/mlflow/lib/python3.12/site-packages/requests/models.py", line 1024, in raise_for_status
    raise HTTPError(http_error_msg, response=self)
requests.exceptions.HTTPError: 400 Client Error: Bad Request for url: http+docker://localhost/v1.43/containers/create

The above exception was the direct cause of the following exception:

Traceback (most recent call last):
  File "/home/ubuntu/miniconda/envs/mlflow/lib/python3.12/site-packages/airflow/task/task_runner/standard_task_runner.py", line 117, in _start_by_fork
    ret = args.func(args, dag=self.dag)
          ^^^^^^^^^^^^^^^^^^^^^^^^^^^^^
  File "/home/ubuntu/miniconda/envs/mlflow/lib/python3.12/site-packages/airflow/cli/cli_config.py", line 49, in command
    return func(*args, **kwargs)
           ^^^^^^^^^^^^^^^^^^^^^
  File "/home/ubuntu/miniconda/envs/mlflow/lib/python3.12/site-packages/airflow/utils/cli.py", line 116, in wrapper
    return f(*args, **kwargs)
           ^^^^^^^^^^^^^^^^^^
  File "/home/ubuntu/miniconda/envs/mlflow/lib/python3.12/site-packages/airflow/cli/commands/task_command.py", line 483, in task_run
    task_return_code = _run_task_by_selected_method(args, _dag, ti)
                       ^^^^^^^^^^^^^^^^^^^^^^^^^^^^^^^^^^^^^^^^^^^^
  File "/home/ubuntu/miniconda/envs/mlflow/lib/python3.12/site-packages/airflow/cli/commands/task_command.py", line 256, in _run_task_by_selected_method
    return _run_raw_task(args, ti)
           ^^^^^^^^^^^^^^^^^^^^^^^
  File "/home/ubuntu/miniconda/envs/mlflow/lib/python3.12/site-packages/airflow/cli/commands/task_command.py", line 341, in _run_raw_task
    return ti._run_raw_task(
           ^^^^^^^^^^^^^^^^^
  File "/home/ubuntu/miniconda/envs/mlflow/lib/python3.12/site-packages/airflow/utils/session.py", line 97, in wrapper
    return func(*args, session=session, **kwargs)
           ^^^^^^^^^^^^^^^^^^^^^^^^^^^^^^^^^^^^^^
  File "/home/ubuntu/miniconda/envs/mlflow/lib/python3.12/site-packages/airflow/models/taskinstance.py", line 3006, in _run_raw_task
    return _run_raw_task(
           ^^^^^^^^^^^^^^
  File "/home/ubuntu/miniconda/envs/mlflow/lib/python3.12/site-packages/airflow/models/taskinstance.py", line 274, in _run_raw_task
    TaskInstance._execute_task_with_callbacks(
  File "/home/ubuntu/miniconda/envs/mlflow/lib/python3.12/site-packages/airflow/models/taskinstance.py", line 3161, in _execute_task_with_callbacks
    result = self._execute_task(context, task_orig)
             ^^^^^^^^^^^^^^^^^^^^^^^^^^^^^^^^^^^^^^
  File "/home/ubuntu/miniconda/envs/mlflow/lib/python3.12/site-packages/airflow/models/taskinstance.py", line 3185, in _execute_task
    return _execute_task(self, context, task_orig)
           ^^^^^^^^^^^^^^^^^^^^^^^^^^^^^^^^^^^^^^^
  File "/home/ubuntu/miniconda/envs/mlflow/lib/python3.12/site-packages/airflow/models/taskinstance.py", line 768, in _execute_task
    result = _execute_callable(context=context, **execute_callable_kwargs)
             ^^^^^^^^^^^^^^^^^^^^^^^^^^^^^^^^^^^^^^^^^^^^^^^^^^^^^^^^^^^^^
  File "/home/ubuntu/miniconda/envs/mlflow/lib/python3.12/site-packages/airflow/models/taskinstance.py", line 734, in _execute_callable
    return ExecutionCallableRunner(
           ^^^^^^^^^^^^^^^^^^^^^^^^
  File "/home/ubuntu/miniconda/envs/mlflow/lib/python3.12/site-packages/airflow/utils/operator_helpers.py", line 252, in run
    return self.func(*args, **kwargs)
           ^^^^^^^^^^^^^^^^^^^^^^^^^^
  File "/home/ubuntu/miniconda/envs/mlflow/lib/python3.12/site-packages/airflow/models/baseoperator.py", line 424, in wrapper
    return func(self, *args, **kwargs)
           ^^^^^^^^^^^^^^^^^^^^^^^^^^^
  File "/home/ubuntu/miniconda/envs/mlflow/lib/python3.12/site-packages/airflow/providers/docker/operators/docker.py", line 494, in execute
    return self._run_image()
           ^^^^^^^^^^^^^^^^^
  File "/home/ubuntu/miniconda/envs/mlflow/lib/python3.12/site-packages/airflow/providers/docker/operators/docker.py", line 358, in _run_image
    return self._run_image_with_mounts([*self.mounts, tmp_mount], add_tmp_variable=True)
           ^^^^^^^^^^^^^^^^^^^^^^^^^^^^^^^^^^^^^^^^^^^^^^^^^^^^^^^^^^^^^^^^^^^^^^^^^^^^^
  File "/home/ubuntu/miniconda/envs/mlflow/lib/python3.12/site-packages/airflow/providers/docker/operators/docker.py", line 385, in _run_image_with_mounts
    self.container = self.cli.create_container(
                     ^^^^^^^^^^^^^^^^^^^^^^^^^^
  File "/home/ubuntu/miniconda/envs/mlflow/lib/python3.12/site-packages/docker/api/container.py", line 440, in create_container
    return self.create_container_from_config(config, name, platform)
           ^^^^^^^^^^^^^^^^^^^^^^^^^^^^^^^^^^^^^^^^^^^^^^^^^^^^^^^^^
  File "/home/ubuntu/miniconda/envs/mlflow/lib/python3.12/site-packages/docker/api/container.py", line 457, in create_container_from_config
    return self._result(res, True)
           ^^^^^^^^^^^^^^^^^^^^^^^
  File "/home/ubuntu/miniconda/envs/mlflow/lib/python3.12/site-packages/docker/api/client.py", line 281, in _result
    self._raise_for_status(response)
  File "/home/ubuntu/miniconda/envs/mlflow/lib/python3.12/site-packages/docker/api/client.py", line 277, in _raise_for_status
    raise create_api_error_from_http_exception(e) from e
          ^^^^^^^^^^^^^^^^^^^^^^^^^^^^^^^^^^^^^^^
  File "/home/ubuntu/miniconda/envs/mlflow/lib/python3.12/site-packages/docker/errors.py", line 39, in create_api_error_from_http_exception
    raise cls(e, response=response, explanation=explanation) from e
docker.errors.APIError: 400 Client Error for http+docker://localhost/v1.43/containers/create: Bad Request ("invalid mount config for type "bind": bind source path does not exist: /home/ubuntu/MLFlow/data_storage/raw")
[2025-03-28T19:25:23.814+0000] {local_task_job_runner.py:266} INFO - Task exited with return code 1
[2025-03-28T19:25:23.832+0000] {taskinstance.py:3901} INFO - 0 downstream tasks scheduled from follow-on schedule check
[2025-03-28T19:25:23.833+0000] {local_task_job_runner.py:245} INFO - ::endgroup::
