[2025-04-02T19:07:00.625+0000] {local_task_job_runner.py:123} INFO - ::group::Pre task execution logs
[2025-04-02T19:07:00.650+0000] {taskinstance.py:2614} INFO - Dependencies all met for dep_context=non-requeueable deps ti=<TaskInstance: weather_data_monitoring.monitor_data scheduled__2025-04-02T19:06:00+00:00 [queued]>
[2025-04-02T19:07:00.663+0000] {taskinstance.py:2614} INFO - Dependencies all met for dep_context=requeueable deps ti=<TaskInstance: weather_data_monitoring.monitor_data scheduled__2025-04-02T19:06:00+00:00 [queued]>
[2025-04-02T19:07:00.663+0000] {taskinstance.py:2867} INFO - Starting attempt 1 of 2
[2025-04-02T19:07:00.682+0000] {taskinstance.py:2890} INFO - Executing <Task(PythonOperator): monitor_data> on 2025-04-02 19:06:00+00:00
[2025-04-02T19:07:00.692+0000] {logging_mixin.py:190} WARNING - /home/ubuntu/miniconda/envs/mlflow/lib/python3.12/site-packages/***/task/task_runner/standard_task_runner.py:70 DeprecationWarning: This process (pid=45497) is multi-threaded, use of fork() may lead to deadlocks in the child.
[2025-04-02T19:07:00.694+0000] {standard_task_runner.py:72} INFO - Started process 45503 to run task
[2025-04-02T19:07:00.692+0000] {standard_task_runner.py:104} INFO - Running: ['***', 'tasks', 'run', 'weather_data_monitoring', 'monitor_data', 'scheduled__2025-04-02T19:06:00+00:00', '--job-id', '137', '--raw', '--subdir', 'DAGS_FOLDER/weather_monitor_dag.py', '--cfg-path', '/tmp/tmp5lp2i0ae']
[2025-04-02T19:07:00.695+0000] {standard_task_runner.py:105} INFO - Job 137: Subtask monitor_data
[2025-04-02T19:07:00.771+0000] {task_command.py:467} INFO - Running <TaskInstance: weather_data_monitoring.monitor_data scheduled__2025-04-02T19:06:00+00:00 [running]> on host ip-172-31-19-13.eu-west-1.compute.internal
[2025-04-02T19:07:00.900+0000] {taskinstance.py:3134} INFO - Exporting env vars: AIRFLOW_CTX_DAG_OWNER='***' AIRFLOW_CTX_DAG_ID='weather_data_monitoring' AIRFLOW_CTX_TASK_ID='monitor_data' AIRFLOW_CTX_EXECUTION_DATE='2025-04-02T19:06:00+00:00' AIRFLOW_CTX_TRY_NUMBER='1' AIRFLOW_CTX_DAG_RUN_ID='scheduled__2025-04-02T19:06:00+00:00'
[2025-04-02T19:07:00.901+0000] {taskinstance.py:732} INFO - ::endgroup::
[2025-04-02T19:07:00.918+0000] {logging_mixin.py:190} INFO - Starting monitoring...
[2025-04-02T19:07:01.918+0000] {logging_mixin.py:190} INFO - Monitoring... 1/60 seconds
[2025-04-02T19:07:11.920+0000] {logging_mixin.py:190} INFO - Monitoring... 11/60 seconds
[2025-04-02T19:07:21.922+0000] {logging_mixin.py:190} INFO - Monitoring... 21/60 seconds
[2025-04-02T19:07:31.924+0000] {logging_mixin.py:190} INFO - Monitoring... 31/60 seconds
[2025-04-02T19:07:41.926+0000] {logging_mixin.py:190} INFO - Monitoring... 41/60 seconds
[2025-04-02T19:07:51.928+0000] {logging_mixin.py:190} INFO - Monitoring... 51/60 seconds
[2025-04-02T19:08:00.930+0000] {logging_mixin.py:190} INFO - Monitoring complete
[2025-04-02T19:08:00.930+0000] {python.py:240} INFO - Done. Returned value was: Monitoring successful
[2025-04-02T19:08:00.979+0000] {taskinstance.py:341} INFO - ::group::Post task execution logs
[2025-04-02T19:08:00.980+0000] {taskinstance.py:353} INFO - Marking task as SUCCESS. dag_id=weather_data_monitoring, task_id=monitor_data, run_id=scheduled__2025-04-02T19:06:00+00:00, execution_date=20250402T190600, start_date=20250402T190700, end_date=20250402T190800
[2025-04-02T19:08:01.066+0000] {local_task_job_runner.py:266} INFO - Task exited with return code 0
[2025-04-02T19:08:01.094+0000] {taskinstance.py:3901} INFO - 0 downstream tasks scheduled from follow-on schedule check
[2025-04-02T19:08:01.097+0000] {local_task_job_runner.py:245} INFO - ::endgroup::
