[2025-03-28T19:50:08.142+0000] {local_task_job_runner.py:123} INFO - ::group::Pre task execution logs
[2025-03-28T19:50:08.159+0000] {taskinstance.py:2614} INFO - Dependencies all met for dep_context=non-requeueable deps ti=<TaskInstance: weather_data_collection.collect_weather_data scheduled__2025-03-28T19:49:00+00:00 [queued]>
[2025-03-28T19:50:08.168+0000] {taskinstance.py:2614} INFO - Dependencies all met for dep_context=requeueable deps ti=<TaskInstance: weather_data_collection.collect_weather_data scheduled__2025-03-28T19:49:00+00:00 [queued]>
[2025-03-28T19:50:08.168+0000] {taskinstance.py:2867} INFO - Starting attempt 1 of 2
[2025-03-28T19:50:08.187+0000] {taskinstance.py:2890} INFO - Executing <Task(DockerOperator): collect_weather_data> on 2025-03-28 19:49:00+00:00
[2025-03-28T19:50:08.192+0000] {standard_task_runner.py:72} INFO - Started process 61254 to run task
[2025-03-28T19:50:08.196+0000] {standard_task_runner.py:104} INFO - Running: ['airflow', 'tasks', 'run', 'weather_data_collection', 'collect_weather_data', 'scheduled__2025-03-28T19:49:00+00:00', '--job-id', '322', '--raw', '--subdir', 'DAGS_FOLDER/weather_dag.py', '--cfg-path', '/tmp/tmpoqzqaagl']
[2025-03-28T19:50:08.199+0000] {standard_task_runner.py:105} INFO - Job 322: Subtask collect_weather_data
[2025-03-28T19:50:08.245+0000] {task_command.py:467} INFO - Running <TaskInstance: weather_data_collection.collect_weather_data scheduled__2025-03-28T19:49:00+00:00 [running]> on host ip-172-31-19-13.eu-west-1.compute.internal
[2025-03-28T19:50:08.336+0000] {taskinstance.py:3134} INFO - Exporting env vars: AIRFLOW_CTX_DAG_OWNER='airflow' AIRFLOW_CTX_DAG_ID='weather_data_collection' AIRFLOW_CTX_TASK_ID='collect_weather_data' AIRFLOW_CTX_EXECUTION_DATE='2025-03-28T19:49:00+00:00' AIRFLOW_CTX_TRY_NUMBER='1' AIRFLOW_CTX_DAG_RUN_ID='scheduled__2025-03-28T19:49:00+00:00'
[2025-03-28T19:50:08.337+0000] {taskinstance.py:732} INFO - ::endgroup::
[2025-03-28T19:50:08.382+0000] {docker.py:353} INFO - Starting docker container from image weather-collector:light
[2025-03-28T19:50:10.052+0000] {docker.py:73} INFO -   0%|          | 0/5 [00:00<?, ?it/s]
[2025-03-28T19:50:10.233+0000] {docker.py:73} INFO -  60%|██████    | 3/5 [00:00<00:00, 16.35it/s]
[2025-03-28T19:50:10.416+0000] {docker.py:73} INFO - 100%|██████████| 5/5 [00:00<00:00, 13.18it/s]
[2025-03-28T19:50:10.506+0000] {docker.py:73} INFO - 100%|██████████| 5/5 [00:00<00:00, 10.97it/s]
[2025-03-28T19:50:10.507+0000] {docker.py:73} INFO -   0%|          | 0/5 [00:00<?, ?it/s]
[2025-03-28T19:50:10.509+0000] {docker.py:73} INFO - 100%|██████████| 5/5 [00:00<00:00, 3484.80it/s]
[2025-03-28T19:50:10.539+0000] {docker.py:73} INFO -        city country  ...  weather_description             datetime
[2025-03-28T19:50:10.541+0000] {docker.py:73} INFO - 0     Paris      FR  ...           light rain  2025-03-28T19:50:10
[2025-03-28T19:50:10.541+0000] {docker.py:73} INFO - 1    London      GB  ...            clear sky  2025-03-28T19:50:10
[2025-03-28T19:50:10.541+0000] {docker.py:73} INFO - 2  New York      US  ...        broken clouds  2025-03-28T19:50:10
[2025-03-28T19:50:10.542+0000] {docker.py:73} INFO - 3    Berlin      DE  ...            clear sky  2025-03-28T19:50:10
[2025-03-28T19:50:10.542+0000] {docker.py:73} INFO - 4     Tokyo      JP  ...        broken clouds  2025-03-28T19:50:10
[2025-03-28T19:50:10.542+0000] {docker.py:73} INFO - 
[2025-03-28T19:50:10.543+0000] {docker.py:73} INFO - [5 rows x 7 columns]
[2025-03-28T19:50:10.958+0000] {taskinstance.py:341} INFO - ::group::Post task execution logs
[2025-03-28T19:50:10.959+0000] {taskinstance.py:353} INFO - Marking task as SUCCESS. dag_id=weather_data_collection, task_id=collect_weather_data, run_id=scheduled__2025-03-28T19:49:00+00:00, execution_date=20250328T194900, start_date=20250328T195008, end_date=20250328T195010
[2025-03-28T19:50:11.021+0000] {local_task_job_runner.py:266} INFO - Task exited with return code 0
[2025-03-28T19:50:11.044+0000] {taskinstance.py:3901} INFO - 1 downstream tasks scheduled from follow-on schedule check
[2025-03-28T19:50:11.052+0000] {local_task_job_runner.py:245} INFO - ::endgroup::
