[2025-03-31T17:53:11.949+0000] {local_task_job_runner.py:123} INFO - ::group::Pre task execution logs
[2025-03-31T17:53:11.962+0000] {taskinstance.py:2614} INFO - Dependencies all met for dep_context=non-requeueable deps ti=<TaskInstance: weather_data_collection.collect_weather_data scheduled__2025-03-31T17:52:00+00:00 [queued]>
[2025-03-31T17:53:11.970+0000] {taskinstance.py:2614} INFO - Dependencies all met for dep_context=requeueable deps ti=<TaskInstance: weather_data_collection.collect_weather_data scheduled__2025-03-31T17:52:00+00:00 [queued]>
[2025-03-31T17:53:11.970+0000] {taskinstance.py:2867} INFO - Starting attempt 1 of 2
[2025-03-31T17:53:11.988+0000] {taskinstance.py:2890} INFO - Executing <Task(DockerOperator): collect_weather_data> on 2025-03-31 17:52:00+00:00
[2025-03-31T17:53:11.993+0000] {standard_task_runner.py:72} INFO - Started process 31098 to run task
[2025-03-31T17:53:11.997+0000] {standard_task_runner.py:104} INFO - Running: ['airflow', 'tasks', 'run', 'weather_data_collection', 'collect_weather_data', 'scheduled__2025-03-31T17:52:00+00:00', '--job-id', '470', '--raw', '--subdir', 'DAGS_FOLDER/weather_dag.py', '--cfg-path', '/tmp/tmpekfanrzo']
[2025-03-31T17:53:11.999+0000] {standard_task_runner.py:105} INFO - Job 470: Subtask collect_weather_data
[2025-03-31T17:53:12.051+0000] {task_command.py:467} INFO - Running <TaskInstance: weather_data_collection.collect_weather_data scheduled__2025-03-31T17:52:00+00:00 [running]> on host ip-172-31-19-13.eu-west-1.compute.internal
[2025-03-31T17:53:12.125+0000] {taskinstance.py:3134} INFO - Exporting env vars: AIRFLOW_CTX_DAG_OWNER='airflow' AIRFLOW_CTX_DAG_ID='weather_data_collection' AIRFLOW_CTX_TASK_ID='collect_weather_data' AIRFLOW_CTX_EXECUTION_DATE='2025-03-31T17:52:00+00:00' AIRFLOW_CTX_TRY_NUMBER='1' AIRFLOW_CTX_DAG_RUN_ID='scheduled__2025-03-31T17:52:00+00:00'
[2025-03-31T17:53:12.126+0000] {taskinstance.py:732} INFO - ::endgroup::
[2025-03-31T17:53:12.160+0000] {docker.py:353} INFO - Starting docker container from image weather-collector:light
[2025-03-31T17:53:13.610+0000] {docker.py:73} INFO -   0%|          | 0/5 [00:00<?, ?it/s]
[2025-03-31T17:53:13.715+0000] {docker.py:73} INFO -  40%|████      | 2/5 [00:00<00:00, 19.25it/s]
[2025-03-31T17:53:13.923+0000] {docker.py:73} INFO -  80%|████████  | 4/5 [00:00<00:00, 12.06it/s]
[2025-03-31T17:53:14.123+0000] {docker.py:73} INFO - 100%|██████████| 5/5 [00:00<00:00,  9.75it/s]
[2025-03-31T17:53:14.124+0000] {docker.py:73} INFO -   0%|          | 0/5 [00:00<?, ?it/s]
[2025-03-31T17:53:14.126+0000] {docker.py:73} INFO - 100%|██████████| 5/5 [00:00<00:00, 3541.89it/s]
[2025-03-31T17:53:14.146+0000] {docker.py:73} INFO -        city country  ...  weather_description             datetime
[2025-03-31T17:53:14.148+0000] {docker.py:73} INFO - 0     Paris      FR  ...            clear sky  2025-03-31T17:53:14
[2025-03-31T17:53:14.148+0000] {docker.py:73} INFO - 1    London      GB  ...           few clouds  2025-03-31T17:53:14
[2025-03-31T17:53:14.148+0000] {docker.py:73} INFO - 2  New York      US  ...      overcast clouds  2025-03-31T17:53:14
[2025-03-31T17:53:14.149+0000] {docker.py:73} INFO - 3    Berlin      DE  ...     scattered clouds  2025-03-31T17:53:14
[2025-03-31T17:53:14.149+0000] {docker.py:73} INFO - 4     Tokyo      JP  ...           light rain  2025-03-31T17:53:14
[2025-03-31T17:53:14.149+0000] {docker.py:73} INFO - 
[2025-03-31T17:53:14.149+0000] {docker.py:73} INFO - [5 rows x 7 columns]
[2025-03-31T17:53:14.510+0000] {taskinstance.py:341} INFO - ::group::Post task execution logs
[2025-03-31T17:53:14.510+0000] {taskinstance.py:353} INFO - Marking task as SUCCESS. dag_id=weather_data_collection, task_id=collect_weather_data, run_id=scheduled__2025-03-31T17:52:00+00:00, execution_date=20250331T175200, start_date=20250331T175311, end_date=20250331T175314
[2025-03-31T17:53:14.587+0000] {local_task_job_runner.py:266} INFO - Task exited with return code 0
[2025-03-31T17:53:14.609+0000] {taskinstance.py:3901} INFO - 1 downstream tasks scheduled from follow-on schedule check
[2025-03-31T17:53:14.616+0000] {local_task_job_runner.py:245} INFO - ::endgroup::
