[2025-04-03T09:20:01.472+0000] {local_task_job_runner.py:123} INFO - ::group::Pre task execution logs
[2025-04-03T09:20:01.508+0000] {taskinstance.py:2614} INFO - Dependencies all met for dep_context=non-requeueable deps ti=<TaskInstance: weather_data_monitoring.monitor_data scheduled__2025-04-03T09:19:00+00:00 [queued]>
[2025-04-03T09:20:01.523+0000] {taskinstance.py:2614} INFO - Dependencies all met for dep_context=requeueable deps ti=<TaskInstance: weather_data_monitoring.monitor_data scheduled__2025-04-03T09:19:00+00:00 [queued]>
[2025-04-03T09:20:01.524+0000] {taskinstance.py:2867} INFO - Starting attempt 1 of 2
[2025-04-03T09:20:01.552+0000] {taskinstance.py:2890} INFO - Executing <Task(PythonOperator): monitor_data> on 2025-04-03 09:19:00+00:00
[2025-04-03T09:20:01.571+0000] {logging_mixin.py:190} WARNING - /home/ubuntu/miniconda/envs/mlflow/lib/python3.12/site-packages/***/task/task_runner/standard_task_runner.py:70 DeprecationWarning: This process (pid=31752) is multi-threaded, use of fork() may lead to deadlocks in the child.
[2025-04-03T09:20:01.576+0000] {standard_task_runner.py:72} INFO - Started process 31762 to run task
[2025-04-03T09:20:01.582+0000] {standard_task_runner.py:104} INFO - Running: ['***', 'tasks', 'run', 'weather_data_monitoring', 'monitor_data', 'scheduled__2025-04-03T09:19:00+00:00', '--job-id', '302', '--raw', '--subdir', 'DAGS_FOLDER/weather_monitor_dag.py', '--cfg-path', '/tmp/tmphdbrnjgx']
[2025-04-03T09:20:01.587+0000] {standard_task_runner.py:105} INFO - Job 302: Subtask monitor_data
[2025-04-03T09:20:01.750+0000] {task_command.py:467} INFO - Running <TaskInstance: weather_data_monitoring.monitor_data scheduled__2025-04-03T09:19:00+00:00 [running]> on host ip-172-31-19-13.eu-west-1.compute.internal
[2025-04-03T09:20:02.012+0000] {taskinstance.py:3134} INFO - Exporting env vars: AIRFLOW_CTX_DAG_OWNER='***' AIRFLOW_CTX_DAG_ID='weather_data_monitoring' AIRFLOW_CTX_TASK_ID='monitor_data' AIRFLOW_CTX_EXECUTION_DATE='2025-04-03T09:19:00+00:00' AIRFLOW_CTX_TRY_NUMBER='1' AIRFLOW_CTX_DAG_RUN_ID='scheduled__2025-04-03T09:19:00+00:00'
[2025-04-03T09:20:02.013+0000] {taskinstance.py:732} INFO - ::endgroup::
[2025-04-03T09:20:02.036+0000] {logging_mixin.py:190} INFO - Starting monitoring...
[2025-04-03T09:20:03.037+0000] {logging_mixin.py:190} INFO - Monitoring... 1/60 seconds
[2025-04-03T09:20:13.039+0000] {logging_mixin.py:190} INFO - Monitoring... 11/60 seconds
[2025-04-03T09:20:23.045+0000] {logging_mixin.py:190} INFO - Monitoring... 21/60 seconds
[2025-04-03T09:20:33.050+0000] {logging_mixin.py:190} INFO - Monitoring... 31/60 seconds
[2025-04-03T09:20:43.052+0000] {logging_mixin.py:190} INFO - Monitoring... 41/60 seconds
[2025-04-03T09:20:53.054+0000] {logging_mixin.py:190} INFO - Monitoring... 51/60 seconds
[2025-04-03T09:21:02.056+0000] {logging_mixin.py:190} INFO - Monitoring complete
[2025-04-03T09:21:02.057+0000] {python.py:240} INFO - Done. Returned value was: Monitoring successful
[2025-04-03T09:21:02.111+0000] {taskinstance.py:341} INFO - ::group::Post task execution logs
[2025-04-03T09:21:02.112+0000] {taskinstance.py:353} INFO - Marking task as SUCCESS. dag_id=weather_data_monitoring, task_id=monitor_data, run_id=scheduled__2025-04-03T09:19:00+00:00, execution_date=20250403T091900, start_date=20250403T092001, end_date=20250403T092102
[2025-04-03T09:21:02.222+0000] {local_task_job_runner.py:266} INFO - Task exited with return code 0
[2025-04-03T09:21:02.254+0000] {taskinstance.py:3901} INFO - 0 downstream tasks scheduled from follow-on schedule check
[2025-04-03T09:21:02.262+0000] {local_task_job_runner.py:245} INFO - ::endgroup::
