[2025-04-03T09:27:04.839+0000] {local_task_job_runner.py:123} INFO - ::group::Pre task execution logs
[2025-04-03T09:27:04.874+0000] {taskinstance.py:2614} INFO - Dependencies all met for dep_context=non-requeueable deps ti=<TaskInstance: weather_data_collection.version_data scheduled__2025-04-03T09:26:00+00:00 [queued]>
[2025-04-03T09:27:04.889+0000] {taskinstance.py:2614} INFO - Dependencies all met for dep_context=requeueable deps ti=<TaskInstance: weather_data_collection.version_data scheduled__2025-04-03T09:26:00+00:00 [queued]>
[2025-04-03T09:27:04.890+0000] {taskinstance.py:2867} INFO - Starting attempt 1 of 2
[2025-04-03T09:27:04.910+0000] {taskinstance.py:2890} INFO - Executing <Task(PythonOperator): version_data> on 2025-04-03 09:26:00+00:00
[2025-04-03T09:27:04.921+0000] {logging_mixin.py:190} WARNING - /home/ubuntu/miniconda/envs/mlflow/lib/python3.12/site-packages/***/task/task_runner/standard_task_runner.py:70 DeprecationWarning: This process (pid=34400) is multi-threaded, use of fork() may lead to deadlocks in the child.
[2025-04-03T09:27:04.924+0000] {standard_task_runner.py:72} INFO - Started process 34406 to run task
[2025-04-03T09:27:04.921+0000] {standard_task_runner.py:104} INFO - Running: ['***', 'tasks', 'run', 'weather_data_collection', 'version_data', 'scheduled__2025-04-03T09:26:00+00:00', '--job-id', '325', '--raw', '--subdir', 'DAGS_FOLDER/weather_dag.py', '--cfg-path', '/tmp/tmprjus2401']
[2025-04-03T09:27:04.924+0000] {standard_task_runner.py:105} INFO - Job 325: Subtask version_data
[2025-04-03T09:27:05.008+0000] {task_command.py:467} INFO - Running <TaskInstance: weather_data_collection.version_data scheduled__2025-04-03T09:26:00+00:00 [running]> on host ip-172-31-19-13.eu-west-1.compute.internal
[2025-04-03T09:27:05.271+0000] {taskinstance.py:3134} INFO - Exporting env vars: AIRFLOW_CTX_DAG_OWNER='***' AIRFLOW_CTX_DAG_ID='weather_data_collection' AIRFLOW_CTX_TASK_ID='version_data' AIRFLOW_CTX_EXECUTION_DATE='2025-04-03T09:26:00+00:00' AIRFLOW_CTX_TRY_NUMBER='1' AIRFLOW_CTX_DAG_RUN_ID='scheduled__2025-04-03T09:26:00+00:00'
[2025-04-03T09:27:05.272+0000] {taskinstance.py:732} INFO - ::endgroup::
[2025-04-03T09:27:05.305+0000] {dvc_hook.py:26} INFO - DVC already initialized in /home/ubuntu/MLFlow
[2025-04-03T09:27:06.044+0000] {dvc_hook.py:33} INFO - Ensured DVC remote 'origin' URL is set.
[2025-04-03T09:27:09.214+0000] {dvc_hook.py:47} INFO - DVC remote credentials set successfully.
[2025-04-03T09:27:10.992+0000] {dvc_hook.py:57} INFO - DVC add output: 
To track the changes with git, run:

	git add data_storage.dvc

To enable auto staging, run:

	dvc config core.autostage true

[2025-04-03T09:27:10.992+0000] {dvc_hook.py:67} INFO - Attempt 1 to push...
[2025-04-03T09:27:15.267+0000] {dvc_hook.py:75} INFO - DVC push output: 2025-04-03 09:27:11,265 DEBUG: v3.59.1 (pip), CPython 3.12.9 on Linux-5.15.0-1080-aws-x86_64-with-glibc2.31
2025-04-03 09:27:11,265 DEBUG: command: /home/ubuntu/miniconda/envs/mlflow/bin/dvc push -v --remote origin
2025-04-03 09:27:12,121 DEBUG: Preparing to transfer data from '/home/ubuntu/MLFlow/.dvc/cache/files/md5' to 'https://dagshub.com/fbarulli/MLFlow.dvc/files/md5'
2025-04-03 09:27:12,121 DEBUG: Preparing to collect status from 'https://dagshub.com/fbarulli/MLFlow.dvc/files/md5'
2025-04-03 09:27:12,122 DEBUG: Collecting status from 'https://dagshub.com/fbarulli/MLFlow.dvc/files/md5'
2025-04-03 09:27:12,127 DEBUG: Querying 46 oids via object_exists
2025-04-03 09:27:13,410 DEBUG: Querying 1 oids via object_exists
2025-04-03 09:27:13,645 DEBUG: Querying 2 oids via object_exists
2025-04-03 09:27:13,891 DEBUG: Preparing to collect status from '/home/ubuntu/MLFlow/.dvc/cache/files/md5'
2025-04-03 09:27:13,892 DEBUG: Collecting status from '/home/ubuntu/MLFlow/.dvc/cache/files/md5'
2025-04-03 09:27:14,343 DEBUG: transfer dir: md5: 3c9fb16853195cddef50474dafb69d15.dir with 1 files
2025-04-03 09:27:14,930 DEBUG: Indexing pushed dir 'md5: 3c9fb16853195cddef50474dafb69d15.dir' with '1' nested files
2 files pushed
2025-04-03 09:27:14,966 DEBUG: Analytics is enabled.
2025-04-03 09:27:15,027 DEBUG: Trying to spawn ['daemon', 'analytics', '/tmp/tmpg98p04dm', '-v']
2025-04-03 09:27:15,038 DEBUG: Spawned ['daemon', 'analytics', '/tmp/tmpg98p04dm', '-v'] with pid 34504

[2025-04-03T09:27:15.268+0000] {python.py:240} INFO - Done. Returned value was: None
[2025-04-03T09:27:15.287+0000] {taskinstance.py:341} INFO - ::group::Post task execution logs
[2025-04-03T09:27:15.288+0000] {taskinstance.py:353} INFO - Marking task as SUCCESS. dag_id=weather_data_collection, task_id=version_data, run_id=scheduled__2025-04-03T09:26:00+00:00, execution_date=20250403T092600, start_date=20250403T092704, end_date=20250403T092715
[2025-04-03T09:27:15.390+0000] {local_task_job_runner.py:266} INFO - Task exited with return code 0
[2025-04-03T09:27:15.419+0000] {taskinstance.py:3901} INFO - 0 downstream tasks scheduled from follow-on schedule check
[2025-04-03T09:27:15.428+0000] {local_task_job_runner.py:245} INFO - ::endgroup::
