[2025-03-25T12:55:16.370+0000] {local_task_job_runner.py:123} INFO - ::group::Pre task execution logs
[2025-03-25T12:55:16.384+0000] {taskinstance.py:2614} INFO - Dependencies all met for dep_context=non-requeueable deps ti=<TaskInstance: weather_data_collection.collect_weather_data manual__2025-03-25T12:55:12.001912+00:00 [queued]>
[2025-03-25T12:55:16.391+0000] {taskinstance.py:2614} INFO - Dependencies all met for dep_context=requeueable deps ti=<TaskInstance: weather_data_collection.collect_weather_data manual__2025-03-25T12:55:12.001912+00:00 [queued]>
[2025-03-25T12:55:16.392+0000] {taskinstance.py:2867} INFO - Starting attempt 1 of 2
[2025-03-25T12:55:16.410+0000] {taskinstance.py:2890} INFO - Executing <Task(DockerOperator): collect_weather_data> on 2025-03-25 12:55:12.001912+00:00
[2025-03-25T12:55:16.414+0000] {standard_task_runner.py:72} INFO - Started process 27008 to run task
[2025-03-25T12:55:16.416+0000] {standard_task_runner.py:104} INFO - Running: ['airflow', 'tasks', 'run', 'weather_data_collection', 'collect_weather_data', 'manual__2025-03-25T12:55:12.001912+00:00', '--job-id', '4', '--raw', '--subdir', '/home/ubuntu/MLFlow/dags/weather_dag.py', '--cfg-path', '/tmp/tmp_0lvw93x']
[2025-03-25T12:55:16.418+0000] {standard_task_runner.py:105} INFO - Job 4: Subtask collect_weather_data
[2025-03-25T12:55:16.453+0000] {task_command.py:467} INFO - Running <TaskInstance: weather_data_collection.collect_weather_data manual__2025-03-25T12:55:12.001912+00:00 [running]> on host ip-172-31-43-252.eu-west-1.compute.internal
[2025-03-25T12:55:16.525+0000] {taskinstance.py:3134} INFO - Exporting env vars: AIRFLOW_CTX_DAG_OWNER='airflow' AIRFLOW_CTX_DAG_ID='weather_data_collection' AIRFLOW_CTX_TASK_ID='collect_weather_data' AIRFLOW_CTX_EXECUTION_DATE='2025-03-25T12:55:12.001912+00:00' AIRFLOW_CTX_TRY_NUMBER='1' AIRFLOW_CTX_DAG_RUN_ID='manual__2025-03-25T12:55:12.001912+00:00'
[2025-03-25T12:55:16.526+0000] {taskinstance.py:732} INFO - ::endgroup::
[2025-03-25T12:55:16.562+0000] {docker.py:353} INFO - Starting docker container from image weather-collector:light
[2025-03-25T12:55:18.277+0000] {docker.py:73} INFO -   0%|          | 0/5 [00:00<?, ?it/s]
[2025-03-25T12:55:18.435+0000] {docker.py:73} INFO -  60%|██████    | 3/5 [00:00<00:00, 19.06it/s]
[2025-03-25T12:55:18.584+0000] {docker.py:73} INFO - 100%|██████████| 5/5 [00:00<00:00, 15.76it/s]
[2025-03-25T12:55:18.669+0000] {docker.py:73} INFO - 100%|██████████| 5/5 [00:00<00:00, 12.76it/s]
[2025-03-25T12:55:18.674+0000] {docker.py:73} INFO -   0%|          | 0/5 [00:00<?, ?it/s]
[2025-03-25T12:55:18.680+0000] {docker.py:73} INFO - 100%|██████████| 5/5 [00:00<00:00, 1829.02it/s]
[2025-03-25T12:55:19.632+0000] {docker.py:73} INFO - ERROR: you are not inside of a DVC repository (checked up to mount point '/')
[2025-03-25T12:55:19.898+0000] {docker.py:73} INFO - Traceback (most recent call last):
[2025-03-25T12:55:19.899+0000] {docker.py:73} INFO -   File "<frozen runpy>", line 198, in _run_module_as_main
[2025-03-25T12:55:19.899+0000] {docker.py:73} INFO -   File "<frozen runpy>", line 88, in _run_code
[2025-03-25T12:55:19.899+0000] {docker.py:73} INFO -   File "/app/src/data_collection/weather_script.py", line 66, in <module>
[2025-03-25T12:55:19.900+0000] {docker.py:73} INFO -     result_df = process_weather_data()
[2025-03-25T12:55:19.900+0000] {docker.py:73} INFO -                 ^^^^^^^^^^^^^^^^^^^^^^
[2025-03-25T12:55:19.901+0000] {docker.py:73} INFO -   File "/app/src/data_collection/weather_script.py", line 57, in process_weather_data
[2025-03-25T12:55:19.903+0000] {docker.py:73} INFO -     subprocess.run(["dvc", "add", str(OUTPUT_PATH)], check=True)
[2025-03-25T12:55:19.903+0000] {docker.py:73} INFO -   File "/usr/local/lib/python3.12/subprocess.py", line 573, in run
[2025-03-25T12:55:19.903+0000] {docker.py:73} INFO -     raise CalledProcessError(retcode, process.args,
[2025-03-25T12:55:19.904+0000] {docker.py:73} INFO - subprocess.CalledProcessError: Command '['dvc', 'add', '../../data_storage/raw/weather.csv']' returned non-zero exit status 253.
[2025-03-25T12:55:20.263+0000] {taskinstance.py:3313} ERROR - Task failed with exception
Traceback (most recent call last):
  File "/home/ubuntu/miniconda3/envs/mlflow/lib/python3.12/site-packages/airflow/models/taskinstance.py", line 768, in _execute_task
    result = _execute_callable(context=context, **execute_callable_kwargs)
             ^^^^^^^^^^^^^^^^^^^^^^^^^^^^^^^^^^^^^^^^^^^^^^^^^^^^^^^^^^^^^
  File "/home/ubuntu/miniconda3/envs/mlflow/lib/python3.12/site-packages/airflow/models/taskinstance.py", line 734, in _execute_callable
    return ExecutionCallableRunner(
           ^^^^^^^^^^^^^^^^^^^^^^^^
  File "/home/ubuntu/miniconda3/envs/mlflow/lib/python3.12/site-packages/airflow/utils/operator_helpers.py", line 252, in run
    return self.func(*args, **kwargs)
           ^^^^^^^^^^^^^^^^^^^^^^^^^^
  File "/home/ubuntu/miniconda3/envs/mlflow/lib/python3.12/site-packages/airflow/models/baseoperator.py", line 424, in wrapper
    return func(self, *args, **kwargs)
           ^^^^^^^^^^^^^^^^^^^^^^^^^^^
  File "/home/ubuntu/miniconda3/envs/mlflow/lib/python3.12/site-packages/airflow/providers/docker/operators/docker.py", line 494, in execute
    return self._run_image()
           ^^^^^^^^^^^^^^^^^
  File "/home/ubuntu/miniconda3/envs/mlflow/lib/python3.12/site-packages/airflow/providers/docker/operators/docker.py", line 358, in _run_image
    return self._run_image_with_mounts([*self.mounts, tmp_mount], add_tmp_variable=True)
           ^^^^^^^^^^^^^^^^^^^^^^^^^^^^^^^^^^^^^^^^^^^^^^^^^^^^^^^^^^^^^^^^^^^^^^^^^^^^^
  File "/home/ubuntu/miniconda3/envs/mlflow/lib/python3.12/site-packages/airflow/providers/docker/operators/docker.py", line 428, in _run_image_with_mounts
    raise DockerContainerFailedException(f"Docker container failed: {result!r}", logs=log_lines)
airflow.providers.docker.exceptions.DockerContainerFailedException: Docker container failed: {'StatusCode': 1}
[2025-03-25T12:55:20.269+0000] {taskinstance.py:1226} INFO - Marking task as UP_FOR_RETRY. dag_id=weather_data_collection, task_id=collect_weather_data, run_id=manual__2025-03-25T12:55:12.001912+00:00, execution_date=20250325T125512, start_date=20250325T125516, end_date=20250325T125520
[2025-03-25T12:55:20.299+0000] {taskinstance.py:341} INFO - ::group::Post task execution logs
[2025-03-25T12:55:20.300+0000] {standard_task_runner.py:124} ERROR - Failed to execute job 4 for task collect_weather_data (Docker container failed: {'StatusCode': 1}; 27008)
Traceback (most recent call last):
  File "/home/ubuntu/miniconda3/envs/mlflow/lib/python3.12/site-packages/airflow/task/task_runner/standard_task_runner.py", line 117, in _start_by_fork
    ret = args.func(args, dag=self.dag)
          ^^^^^^^^^^^^^^^^^^^^^^^^^^^^^
  File "/home/ubuntu/miniconda3/envs/mlflow/lib/python3.12/site-packages/airflow/cli/cli_config.py", line 49, in command
    return func(*args, **kwargs)
           ^^^^^^^^^^^^^^^^^^^^^
  File "/home/ubuntu/miniconda3/envs/mlflow/lib/python3.12/site-packages/airflow/utils/cli.py", line 116, in wrapper
    return f(*args, **kwargs)
           ^^^^^^^^^^^^^^^^^^
  File "/home/ubuntu/miniconda3/envs/mlflow/lib/python3.12/site-packages/airflow/cli/commands/task_command.py", line 483, in task_run
    task_return_code = _run_task_by_selected_method(args, _dag, ti)
                       ^^^^^^^^^^^^^^^^^^^^^^^^^^^^^^^^^^^^^^^^^^^^
  File "/home/ubuntu/miniconda3/envs/mlflow/lib/python3.12/site-packages/airflow/cli/commands/task_command.py", line 256, in _run_task_by_selected_method
    return _run_raw_task(args, ti)
           ^^^^^^^^^^^^^^^^^^^^^^^
  File "/home/ubuntu/miniconda3/envs/mlflow/lib/python3.12/site-packages/airflow/cli/commands/task_command.py", line 341, in _run_raw_task
    return ti._run_raw_task(
           ^^^^^^^^^^^^^^^^^
  File "/home/ubuntu/miniconda3/envs/mlflow/lib/python3.12/site-packages/airflow/utils/session.py", line 97, in wrapper
    return func(*args, session=session, **kwargs)
           ^^^^^^^^^^^^^^^^^^^^^^^^^^^^^^^^^^^^^^
  File "/home/ubuntu/miniconda3/envs/mlflow/lib/python3.12/site-packages/airflow/models/taskinstance.py", line 3006, in _run_raw_task
    return _run_raw_task(
           ^^^^^^^^^^^^^^
  File "/home/ubuntu/miniconda3/envs/mlflow/lib/python3.12/site-packages/airflow/models/taskinstance.py", line 274, in _run_raw_task
    TaskInstance._execute_task_with_callbacks(
  File "/home/ubuntu/miniconda3/envs/mlflow/lib/python3.12/site-packages/airflow/models/taskinstance.py", line 3161, in _execute_task_with_callbacks
    result = self._execute_task(context, task_orig)
             ^^^^^^^^^^^^^^^^^^^^^^^^^^^^^^^^^^^^^^
  File "/home/ubuntu/miniconda3/envs/mlflow/lib/python3.12/site-packages/airflow/models/taskinstance.py", line 3185, in _execute_task
    return _execute_task(self, context, task_orig)
           ^^^^^^^^^^^^^^^^^^^^^^^^^^^^^^^^^^^^^^^
  File "/home/ubuntu/miniconda3/envs/mlflow/lib/python3.12/site-packages/airflow/models/taskinstance.py", line 768, in _execute_task
    result = _execute_callable(context=context, **execute_callable_kwargs)
             ^^^^^^^^^^^^^^^^^^^^^^^^^^^^^^^^^^^^^^^^^^^^^^^^^^^^^^^^^^^^^
  File "/home/ubuntu/miniconda3/envs/mlflow/lib/python3.12/site-packages/airflow/models/taskinstance.py", line 734, in _execute_callable
    return ExecutionCallableRunner(
           ^^^^^^^^^^^^^^^^^^^^^^^^
  File "/home/ubuntu/miniconda3/envs/mlflow/lib/python3.12/site-packages/airflow/utils/operator_helpers.py", line 252, in run
    return self.func(*args, **kwargs)
           ^^^^^^^^^^^^^^^^^^^^^^^^^^
  File "/home/ubuntu/miniconda3/envs/mlflow/lib/python3.12/site-packages/airflow/models/baseoperator.py", line 424, in wrapper
    return func(self, *args, **kwargs)
           ^^^^^^^^^^^^^^^^^^^^^^^^^^^
  File "/home/ubuntu/miniconda3/envs/mlflow/lib/python3.12/site-packages/airflow/providers/docker/operators/docker.py", line 494, in execute
    return self._run_image()
           ^^^^^^^^^^^^^^^^^
  File "/home/ubuntu/miniconda3/envs/mlflow/lib/python3.12/site-packages/airflow/providers/docker/operators/docker.py", line 358, in _run_image
    return self._run_image_with_mounts([*self.mounts, tmp_mount], add_tmp_variable=True)
           ^^^^^^^^^^^^^^^^^^^^^^^^^^^^^^^^^^^^^^^^^^^^^^^^^^^^^^^^^^^^^^^^^^^^^^^^^^^^^
  File "/home/ubuntu/miniconda3/envs/mlflow/lib/python3.12/site-packages/airflow/providers/docker/operators/docker.py", line 428, in _run_image_with_mounts
    raise DockerContainerFailedException(f"Docker container failed: {result!r}", logs=log_lines)
airflow.providers.docker.exceptions.DockerContainerFailedException: Docker container failed: {'StatusCode': 1}
[2025-03-25T12:55:20.326+0000] {local_task_job_runner.py:266} INFO - Task exited with return code 1
[2025-03-25T12:55:20.342+0000] {taskinstance.py:3901} INFO - 0 downstream tasks scheduled from follow-on schedule check
[2025-03-25T12:55:20.343+0000] {local_task_job_runner.py:245} INFO - ::endgroup::
