[2025-03-25T19:26:30.226+0000] {processor.py:186} INFO - Started process (PID=52156) to work on /home/ubuntu/MLFlow/dags/weather_monitor_dag.py
[2025-03-25T19:26:30.227+0000] {processor.py:914} INFO - Processing file /home/ubuntu/MLFlow/dags/weather_monitor_dag.py for tasks to queue
[2025-03-25T19:26:30.230+0000] {logging_mixin.py:190} INFO - [2025-03-25T19:26:30.229+0000] {dagbag.py:588} INFO - Filling up the DagBag from /home/ubuntu/MLFlow/dags/weather_monitor_dag.py
[2025-03-25T19:26:30.251+0000] {processor.py:925} INFO - DAG(s) 'weather_data_monitoring' retrieved from /home/ubuntu/MLFlow/dags/weather_monitor_dag.py
[2025-03-25T19:26:30.392+0000] {logging_mixin.py:190} INFO - [2025-03-25T19:26:30.391+0000] {override.py:1930} INFO - Created Permission View: can edit on DAG:weather_data_monitoring
[2025-03-25T19:26:30.412+0000] {logging_mixin.py:190} INFO - [2025-03-25T19:26:30.411+0000] {override.py:1930} INFO - Created Permission View: can delete on DAG:weather_data_monitoring
[2025-03-25T19:26:30.428+0000] {logging_mixin.py:190} INFO - [2025-03-25T19:26:30.427+0000] {override.py:1930} INFO - Created Permission View: can read on DAG:weather_data_monitoring
[2025-03-25T19:26:30.450+0000] {logging_mixin.py:190} INFO - [2025-03-25T19:26:30.450+0000] {override.py:1930} INFO - Created Permission View: can create on DAG Run:weather_data_monitoring
[2025-03-25T19:26:30.464+0000] {logging_mixin.py:190} INFO - [2025-03-25T19:26:30.464+0000] {override.py:1930} INFO - Created Permission View: can delete on DAG Run:weather_data_monitoring
[2025-03-25T19:26:30.478+0000] {logging_mixin.py:190} INFO - [2025-03-25T19:26:30.477+0000] {override.py:1930} INFO - Created Permission View: menu access on DAG Run:weather_data_monitoring
[2025-03-25T19:26:30.493+0000] {logging_mixin.py:190} INFO - [2025-03-25T19:26:30.493+0000] {override.py:1930} INFO - Created Permission View: can read on DAG Run:weather_data_monitoring
[2025-03-25T19:26:30.494+0000] {logging_mixin.py:190} INFO - [2025-03-25T19:26:30.494+0000] {dag.py:3239} INFO - Sync 1 DAGs
[2025-03-25T19:26:30.513+0000] {logging_mixin.py:190} INFO - [2025-03-25T19:26:30.513+0000] {dag.py:3262} INFO - Creating ORM DAG for weather_data_monitoring
[2025-03-25T19:26:30.530+0000] {logging_mixin.py:190} INFO - [2025-03-25T19:26:30.529+0000] {dag.py:4180} INFO - Setting next_dagrun for weather_data_monitoring to 2025-03-25 18:30:00+00:00, run_after=2025-03-25 19:00:00+00:00
[2025-03-25T19:26:30.560+0000] {processor.py:208} INFO - Processing /home/ubuntu/MLFlow/dags/weather_monitor_dag.py took 0.340 seconds
[2025-03-25T19:27:01.523+0000] {processor.py:186} INFO - Started process (PID=52329) to work on /home/ubuntu/MLFlow/dags/weather_monitor_dag.py
[2025-03-25T19:27:01.524+0000] {processor.py:914} INFO - Processing file /home/ubuntu/MLFlow/dags/weather_monitor_dag.py for tasks to queue
[2025-03-25T19:27:01.526+0000] {logging_mixin.py:190} INFO - [2025-03-25T19:27:01.526+0000] {dagbag.py:588} INFO - Filling up the DagBag from /home/ubuntu/MLFlow/dags/weather_monitor_dag.py
[2025-03-25T19:27:01.544+0000] {processor.py:925} INFO - DAG(s) 'weather_data_monitoring' retrieved from /home/ubuntu/MLFlow/dags/weather_monitor_dag.py
[2025-03-25T19:27:01.567+0000] {logging_mixin.py:190} INFO - [2025-03-25T19:27:01.566+0000] {dag.py:3239} INFO - Sync 1 DAGs
[2025-03-25T19:27:01.592+0000] {logging_mixin.py:190} INFO - [2025-03-25T19:27:01.592+0000] {dag.py:4180} INFO - Setting next_dagrun for weather_data_monitoring to 2025-03-25 18:30:00+00:00, run_after=2025-03-25 19:00:00+00:00
[2025-03-25T19:27:01.618+0000] {processor.py:208} INFO - Processing /home/ubuntu/MLFlow/dags/weather_monitor_dag.py took 0.101 seconds
[2025-03-25T19:27:37.444+0000] {processor.py:186} INFO - Started process (PID=52715) to work on /home/ubuntu/MLFlow/dags/weather_monitor_dag.py
[2025-03-25T19:27:37.445+0000] {processor.py:914} INFO - Processing file /home/ubuntu/MLFlow/dags/weather_monitor_dag.py for tasks to queue
[2025-03-25T19:27:37.447+0000] {logging_mixin.py:190} INFO - [2025-03-25T19:27:37.447+0000] {dagbag.py:588} INFO - Filling up the DagBag from /home/ubuntu/MLFlow/dags/weather_monitor_dag.py
[2025-03-25T19:27:37.461+0000] {processor.py:925} INFO - DAG(s) 'weather_data_monitoring' retrieved from /home/ubuntu/MLFlow/dags/weather_monitor_dag.py
[2025-03-25T19:27:37.485+0000] {logging_mixin.py:190} INFO - [2025-03-25T19:27:37.485+0000] {dag.py:3239} INFO - Sync 1 DAGs
[2025-03-25T19:27:37.511+0000] {logging_mixin.py:190} INFO - [2025-03-25T19:27:37.510+0000] {dag.py:4180} INFO - Setting next_dagrun for weather_data_monitoring to 2025-03-25 19:00:00+00:00, run_after=2025-03-25 19:30:00+00:00
[2025-03-25T19:27:37.532+0000] {processor.py:208} INFO - Processing /home/ubuntu/MLFlow/dags/weather_monitor_dag.py took 0.096 seconds
[2025-03-25T19:28:10.900+0000] {processor.py:186} INFO - Started process (PID=52901) to work on /home/ubuntu/MLFlow/dags/weather_monitor_dag.py
[2025-03-25T19:28:10.901+0000] {processor.py:914} INFO - Processing file /home/ubuntu/MLFlow/dags/weather_monitor_dag.py for tasks to queue
[2025-03-25T19:28:10.903+0000] {logging_mixin.py:190} INFO - [2025-03-25T19:28:10.903+0000] {dagbag.py:588} INFO - Filling up the DagBag from /home/ubuntu/MLFlow/dags/weather_monitor_dag.py
[2025-03-25T19:28:10.920+0000] {processor.py:925} INFO - DAG(s) 'weather_data_monitoring' retrieved from /home/ubuntu/MLFlow/dags/weather_monitor_dag.py
[2025-03-25T19:28:10.949+0000] {logging_mixin.py:190} INFO - [2025-03-25T19:28:10.949+0000] {dag.py:3239} INFO - Sync 1 DAGs
[2025-03-25T19:28:10.978+0000] {logging_mixin.py:190} INFO - [2025-03-25T19:28:10.977+0000] {dag.py:4180} INFO - Setting next_dagrun for weather_data_monitoring to 2025-03-25 19:00:00+00:00, run_after=2025-03-25 19:30:00+00:00
[2025-03-25T19:28:11.007+0000] {processor.py:208} INFO - Processing /home/ubuntu/MLFlow/dags/weather_monitor_dag.py took 0.113 seconds
[2025-03-25T19:28:41.887+0000] {processor.py:186} INFO - Started process (PID=53334) to work on /home/ubuntu/MLFlow/dags/weather_monitor_dag.py
[2025-03-25T19:28:41.889+0000] {processor.py:914} INFO - Processing file /home/ubuntu/MLFlow/dags/weather_monitor_dag.py for tasks to queue
[2025-03-25T19:28:41.891+0000] {logging_mixin.py:190} INFO - [2025-03-25T19:28:41.890+0000] {dagbag.py:588} INFO - Filling up the DagBag from /home/ubuntu/MLFlow/dags/weather_monitor_dag.py
[2025-03-25T19:28:41.906+0000] {processor.py:925} INFO - DAG(s) 'weather_data_monitoring' retrieved from /home/ubuntu/MLFlow/dags/weather_monitor_dag.py
[2025-03-25T19:28:41.930+0000] {logging_mixin.py:190} INFO - [2025-03-25T19:28:41.930+0000] {dag.py:3239} INFO - Sync 1 DAGs
[2025-03-25T19:28:41.957+0000] {logging_mixin.py:190} INFO - [2025-03-25T19:28:41.956+0000] {dag.py:4180} INFO - Setting next_dagrun for weather_data_monitoring to 2025-03-25 19:00:00+00:00, run_after=2025-03-25 19:30:00+00:00
[2025-03-25T19:28:41.986+0000] {processor.py:208} INFO - Processing /home/ubuntu/MLFlow/dags/weather_monitor_dag.py took 0.105 seconds
[2025-03-25T19:29:19.828+0000] {processor.py:186} INFO - Started process (PID=53592) to work on /home/ubuntu/MLFlow/dags/weather_monitor_dag.py
[2025-03-25T19:29:19.830+0000] {processor.py:914} INFO - Processing file /home/ubuntu/MLFlow/dags/weather_monitor_dag.py for tasks to queue
[2025-03-25T19:29:19.832+0000] {logging_mixin.py:190} INFO - [2025-03-25T19:29:19.832+0000] {dagbag.py:588} INFO - Filling up the DagBag from /home/ubuntu/MLFlow/dags/weather_monitor_dag.py
[2025-03-25T19:29:19.850+0000] {processor.py:925} INFO - DAG(s) 'weather_data_monitoring' retrieved from /home/ubuntu/MLFlow/dags/weather_monitor_dag.py
[2025-03-25T19:29:19.877+0000] {logging_mixin.py:190} INFO - [2025-03-25T19:29:19.876+0000] {dag.py:3239} INFO - Sync 1 DAGs
[2025-03-25T19:29:19.906+0000] {logging_mixin.py:190} INFO - [2025-03-25T19:29:19.906+0000] {dag.py:4180} INFO - Setting next_dagrun for weather_data_monitoring to 2025-03-25 19:00:00+00:00, run_after=2025-03-25 19:30:00+00:00
[2025-03-25T19:29:19.942+0000] {processor.py:208} INFO - Processing /home/ubuntu/MLFlow/dags/weather_monitor_dag.py took 0.120 seconds
[2025-03-25T19:29:50.137+0000] {processor.py:186} INFO - Started process (PID=53799) to work on /home/ubuntu/MLFlow/dags/weather_monitor_dag.py
[2025-03-25T19:29:50.139+0000] {processor.py:914} INFO - Processing file /home/ubuntu/MLFlow/dags/weather_monitor_dag.py for tasks to queue
[2025-03-25T19:29:50.144+0000] {logging_mixin.py:190} INFO - [2025-03-25T19:29:50.144+0000] {dagbag.py:588} INFO - Filling up the DagBag from /home/ubuntu/MLFlow/dags/weather_monitor_dag.py
[2025-03-25T19:29:50.163+0000] {processor.py:925} INFO - DAG(s) 'weather_data_monitoring' retrieved from /home/ubuntu/MLFlow/dags/weather_monitor_dag.py
[2025-03-25T19:29:50.201+0000] {logging_mixin.py:190} INFO - [2025-03-25T19:29:50.201+0000] {dag.py:3239} INFO - Sync 1 DAGs
[2025-03-25T19:29:50.242+0000] {logging_mixin.py:190} INFO - [2025-03-25T19:29:50.241+0000] {dag.py:4180} INFO - Setting next_dagrun for weather_data_monitoring to 2025-03-25 19:00:00+00:00, run_after=2025-03-25 19:30:00+00:00
[2025-03-25T19:29:50.268+0000] {processor.py:208} INFO - Processing /home/ubuntu/MLFlow/dags/weather_monitor_dag.py took 0.144 seconds
[2025-03-25T19:30:24.698+0000] {processor.py:186} INFO - Started process (PID=54310) to work on /home/ubuntu/MLFlow/dags/weather_monitor_dag.py
[2025-03-25T19:30:24.699+0000] {processor.py:914} INFO - Processing file /home/ubuntu/MLFlow/dags/weather_monitor_dag.py for tasks to queue
[2025-03-25T19:30:24.701+0000] {logging_mixin.py:190} INFO - [2025-03-25T19:30:24.701+0000] {dagbag.py:588} INFO - Filling up the DagBag from /home/ubuntu/MLFlow/dags/weather_monitor_dag.py
[2025-03-25T19:30:24.719+0000] {processor.py:925} INFO - DAG(s) 'weather_data_monitoring' retrieved from /home/ubuntu/MLFlow/dags/weather_monitor_dag.py
[2025-03-25T19:30:24.747+0000] {logging_mixin.py:190} INFO - [2025-03-25T19:30:24.747+0000] {dag.py:3239} INFO - Sync 1 DAGs
[2025-03-25T19:30:24.781+0000] {logging_mixin.py:190} INFO - [2025-03-25T19:30:24.780+0000] {dag.py:4180} INFO - Setting next_dagrun for weather_data_monitoring to 2025-03-25 19:30:00+00:00, run_after=2025-03-25 20:00:00+00:00
[2025-03-25T19:30:24.813+0000] {processor.py:208} INFO - Processing /home/ubuntu/MLFlow/dags/weather_monitor_dag.py took 0.121 seconds
[2025-03-25T19:30:55.879+0000] {processor.py:186} INFO - Started process (PID=54426) to work on /home/ubuntu/MLFlow/dags/weather_monitor_dag.py
[2025-03-25T19:30:55.881+0000] {processor.py:914} INFO - Processing file /home/ubuntu/MLFlow/dags/weather_monitor_dag.py for tasks to queue
[2025-03-25T19:30:55.883+0000] {logging_mixin.py:190} INFO - [2025-03-25T19:30:55.882+0000] {dagbag.py:588} INFO - Filling up the DagBag from /home/ubuntu/MLFlow/dags/weather_monitor_dag.py
[2025-03-25T19:30:55.899+0000] {processor.py:925} INFO - DAG(s) 'weather_data_monitoring' retrieved from /home/ubuntu/MLFlow/dags/weather_monitor_dag.py
[2025-03-25T19:30:55.928+0000] {logging_mixin.py:190} INFO - [2025-03-25T19:30:55.927+0000] {dag.py:3239} INFO - Sync 1 DAGs
[2025-03-25T19:30:55.955+0000] {logging_mixin.py:190} INFO - [2025-03-25T19:30:55.955+0000] {dag.py:4180} INFO - Setting next_dagrun for weather_data_monitoring to 2025-03-25 19:30:00+00:00, run_after=2025-03-25 20:00:00+00:00
[2025-03-25T19:30:55.984+0000] {processor.py:208} INFO - Processing /home/ubuntu/MLFlow/dags/weather_monitor_dag.py took 0.111 seconds
[2025-03-25T19:31:26.790+0000] {processor.py:186} INFO - Started process (PID=54664) to work on /home/ubuntu/MLFlow/dags/weather_monitor_dag.py
[2025-03-25T19:31:26.793+0000] {processor.py:914} INFO - Processing file /home/ubuntu/MLFlow/dags/weather_monitor_dag.py for tasks to queue
[2025-03-25T19:31:26.796+0000] {logging_mixin.py:190} INFO - [2025-03-25T19:31:26.796+0000] {dagbag.py:588} INFO - Filling up the DagBag from /home/ubuntu/MLFlow/dags/weather_monitor_dag.py
[2025-03-25T19:31:26.812+0000] {processor.py:925} INFO - DAG(s) 'weather_data_monitoring' retrieved from /home/ubuntu/MLFlow/dags/weather_monitor_dag.py
[2025-03-25T19:31:26.840+0000] {logging_mixin.py:190} INFO - [2025-03-25T19:31:26.838+0000] {dag.py:3239} INFO - Sync 1 DAGs
[2025-03-25T19:31:26.873+0000] {logging_mixin.py:190} INFO - [2025-03-25T19:31:26.873+0000] {dag.py:4180} INFO - Setting next_dagrun for weather_data_monitoring to 2025-03-25 19:30:00+00:00, run_after=2025-03-25 20:00:00+00:00
[2025-03-25T19:31:26.909+0000] {processor.py:208} INFO - Processing /home/ubuntu/MLFlow/dags/weather_monitor_dag.py took 0.125 seconds
[2025-03-25T19:31:57.921+0000] {processor.py:186} INFO - Started process (PID=54680) to work on /home/ubuntu/MLFlow/dags/weather_monitor_dag.py
[2025-03-25T19:31:57.922+0000] {processor.py:914} INFO - Processing file /home/ubuntu/MLFlow/dags/weather_monitor_dag.py for tasks to queue
[2025-03-25T19:31:57.930+0000] {logging_mixin.py:190} INFO - [2025-03-25T19:31:57.929+0000] {dagbag.py:588} INFO - Filling up the DagBag from /home/ubuntu/MLFlow/dags/weather_monitor_dag.py
[2025-03-25T19:31:57.959+0000] {processor.py:925} INFO - DAG(s) 'weather_data_monitoring' retrieved from /home/ubuntu/MLFlow/dags/weather_monitor_dag.py
[2025-03-25T19:31:57.987+0000] {logging_mixin.py:190} INFO - [2025-03-25T19:31:57.987+0000] {dag.py:3239} INFO - Sync 1 DAGs
[2025-03-25T19:31:58.017+0000] {logging_mixin.py:190} INFO - [2025-03-25T19:31:58.017+0000] {dag.py:4180} INFO - Setting next_dagrun for weather_data_monitoring to 2025-03-25 19:30:00+00:00, run_after=2025-03-25 20:00:00+00:00
[2025-03-25T19:31:58.047+0000] {processor.py:208} INFO - Processing /home/ubuntu/MLFlow/dags/weather_monitor_dag.py took 0.133 seconds
[2025-03-25T19:32:29.090+0000] {processor.py:186} INFO - Started process (PID=54915) to work on /home/ubuntu/MLFlow/dags/weather_monitor_dag.py
[2025-03-25T19:32:29.092+0000] {processor.py:914} INFO - Processing file /home/ubuntu/MLFlow/dags/weather_monitor_dag.py for tasks to queue
[2025-03-25T19:32:29.094+0000] {logging_mixin.py:190} INFO - [2025-03-25T19:32:29.094+0000] {dagbag.py:588} INFO - Filling up the DagBag from /home/ubuntu/MLFlow/dags/weather_monitor_dag.py
[2025-03-25T19:32:29.109+0000] {processor.py:925} INFO - DAG(s) 'weather_data_monitoring' retrieved from /home/ubuntu/MLFlow/dags/weather_monitor_dag.py
[2025-03-25T19:32:29.134+0000] {logging_mixin.py:190} INFO - [2025-03-25T19:32:29.134+0000] {dag.py:3239} INFO - Sync 1 DAGs
[2025-03-25T19:32:29.161+0000] {logging_mixin.py:190} INFO - [2025-03-25T19:32:29.161+0000] {dag.py:4180} INFO - Setting next_dagrun for weather_data_monitoring to 2025-03-25 19:30:00+00:00, run_after=2025-03-25 20:00:00+00:00
[2025-03-25T19:32:29.189+0000] {processor.py:208} INFO - Processing /home/ubuntu/MLFlow/dags/weather_monitor_dag.py took 0.105 seconds
[2025-03-25T19:32:59.444+0000] {processor.py:186} INFO - Started process (PID=54936) to work on /home/ubuntu/MLFlow/dags/weather_monitor_dag.py
[2025-03-25T19:32:59.446+0000] {processor.py:914} INFO - Processing file /home/ubuntu/MLFlow/dags/weather_monitor_dag.py for tasks to queue
[2025-03-25T19:32:59.448+0000] {logging_mixin.py:190} INFO - [2025-03-25T19:32:59.448+0000] {dagbag.py:588} INFO - Filling up the DagBag from /home/ubuntu/MLFlow/dags/weather_monitor_dag.py
[2025-03-25T19:32:59.473+0000] {processor.py:925} INFO - DAG(s) 'weather_data_monitoring' retrieved from /home/ubuntu/MLFlow/dags/weather_monitor_dag.py
[2025-03-25T19:32:59.504+0000] {logging_mixin.py:190} INFO - [2025-03-25T19:32:59.503+0000] {dag.py:3239} INFO - Sync 1 DAGs
[2025-03-25T19:32:59.537+0000] {logging_mixin.py:190} INFO - [2025-03-25T19:32:59.537+0000] {dag.py:4180} INFO - Setting next_dagrun for weather_data_monitoring to 2025-03-25 19:30:00+00:00, run_after=2025-03-25 20:00:00+00:00
[2025-03-25T19:32:59.568+0000] {processor.py:208} INFO - Processing /home/ubuntu/MLFlow/dags/weather_monitor_dag.py took 0.131 seconds
[2025-03-25T19:33:30.596+0000] {processor.py:186} INFO - Started process (PID=55360) to work on /home/ubuntu/MLFlow/dags/weather_monitor_dag.py
[2025-03-25T19:33:30.598+0000] {processor.py:914} INFO - Processing file /home/ubuntu/MLFlow/dags/weather_monitor_dag.py for tasks to queue
[2025-03-25T19:33:30.601+0000] {logging_mixin.py:190} INFO - [2025-03-25T19:33:30.601+0000] {dagbag.py:588} INFO - Filling up the DagBag from /home/ubuntu/MLFlow/dags/weather_monitor_dag.py
[2025-03-25T19:33:30.619+0000] {processor.py:925} INFO - DAG(s) 'weather_data_monitoring' retrieved from /home/ubuntu/MLFlow/dags/weather_monitor_dag.py
[2025-03-25T19:33:30.653+0000] {logging_mixin.py:190} INFO - [2025-03-25T19:33:30.653+0000] {dag.py:3239} INFO - Sync 1 DAGs
[2025-03-25T19:33:30.684+0000] {logging_mixin.py:190} INFO - [2025-03-25T19:33:30.684+0000] {dag.py:4180} INFO - Setting next_dagrun for weather_data_monitoring to 2025-03-25 19:30:00+00:00, run_after=2025-03-25 20:00:00+00:00
[2025-03-25T19:33:30.711+0000] {processor.py:208} INFO - Processing /home/ubuntu/MLFlow/dags/weather_monitor_dag.py took 0.121 seconds
[2025-03-25T19:34:01.151+0000] {processor.py:186} INFO - Started process (PID=55435) to work on /home/ubuntu/MLFlow/dags/weather_monitor_dag.py
[2025-03-25T19:34:01.152+0000] {processor.py:914} INFO - Processing file /home/ubuntu/MLFlow/dags/weather_monitor_dag.py for tasks to queue
[2025-03-25T19:34:01.154+0000] {logging_mixin.py:190} INFO - [2025-03-25T19:34:01.154+0000] {dagbag.py:588} INFO - Filling up the DagBag from /home/ubuntu/MLFlow/dags/weather_monitor_dag.py
[2025-03-25T19:34:01.177+0000] {processor.py:925} INFO - DAG(s) 'weather_data_monitoring' retrieved from /home/ubuntu/MLFlow/dags/weather_monitor_dag.py
[2025-03-25T19:34:01.214+0000] {logging_mixin.py:190} INFO - [2025-03-25T19:34:01.213+0000] {dag.py:3239} INFO - Sync 1 DAGs
[2025-03-25T19:34:01.254+0000] {logging_mixin.py:190} INFO - [2025-03-25T19:34:01.254+0000] {dag.py:4180} INFO - Setting next_dagrun for weather_data_monitoring to 2025-03-25 19:30:00+00:00, run_after=2025-03-25 20:00:00+00:00
[2025-03-25T19:34:01.288+0000] {processor.py:208} INFO - Processing /home/ubuntu/MLFlow/dags/weather_monitor_dag.py took 0.145 seconds
[2025-03-25T19:34:31.574+0000] {processor.py:186} INFO - Started process (PID=55686) to work on /home/ubuntu/MLFlow/dags/weather_monitor_dag.py
[2025-03-25T19:34:31.576+0000] {processor.py:914} INFO - Processing file /home/ubuntu/MLFlow/dags/weather_monitor_dag.py for tasks to queue
[2025-03-25T19:34:31.581+0000] {logging_mixin.py:190} INFO - [2025-03-25T19:34:31.580+0000] {dagbag.py:588} INFO - Filling up the DagBag from /home/ubuntu/MLFlow/dags/weather_monitor_dag.py
[2025-03-25T19:34:31.603+0000] {processor.py:925} INFO - DAG(s) 'weather_data_monitoring' retrieved from /home/ubuntu/MLFlow/dags/weather_monitor_dag.py
[2025-03-25T19:34:31.632+0000] {logging_mixin.py:190} INFO - [2025-03-25T19:34:31.632+0000] {dag.py:3239} INFO - Sync 1 DAGs
[2025-03-25T19:34:31.660+0000] {logging_mixin.py:190} INFO - [2025-03-25T19:34:31.660+0000] {dag.py:4180} INFO - Setting next_dagrun for weather_data_monitoring to 2025-03-25 19:30:00+00:00, run_after=2025-03-25 20:00:00+00:00
[2025-03-25T19:34:31.691+0000] {processor.py:208} INFO - Processing /home/ubuntu/MLFlow/dags/weather_monitor_dag.py took 0.126 seconds
[2025-03-25T19:35:01.936+0000] {processor.py:186} INFO - Started process (PID=55722) to work on /home/ubuntu/MLFlow/dags/weather_monitor_dag.py
[2025-03-25T19:35:01.938+0000] {processor.py:914} INFO - Processing file /home/ubuntu/MLFlow/dags/weather_monitor_dag.py for tasks to queue
[2025-03-25T19:35:01.944+0000] {logging_mixin.py:190} INFO - [2025-03-25T19:35:01.944+0000] {dagbag.py:588} INFO - Filling up the DagBag from /home/ubuntu/MLFlow/dags/weather_monitor_dag.py
[2025-03-25T19:35:01.988+0000] {processor.py:925} INFO - DAG(s) 'weather_data_monitoring' retrieved from /home/ubuntu/MLFlow/dags/weather_monitor_dag.py
[2025-03-25T19:35:02.019+0000] {logging_mixin.py:190} INFO - [2025-03-25T19:35:02.018+0000] {dag.py:3239} INFO - Sync 1 DAGs
[2025-03-25T19:35:02.053+0000] {logging_mixin.py:190} INFO - [2025-03-25T19:35:02.053+0000] {dag.py:4180} INFO - Setting next_dagrun for weather_data_monitoring to 2025-03-25 19:30:00+00:00, run_after=2025-03-25 20:00:00+00:00
[2025-03-25T19:35:02.088+0000] {processor.py:208} INFO - Processing /home/ubuntu/MLFlow/dags/weather_monitor_dag.py took 0.162 seconds
[2025-03-25T19:35:33.161+0000] {processor.py:186} INFO - Started process (PID=56223) to work on /home/ubuntu/MLFlow/dags/weather_monitor_dag.py
[2025-03-25T19:35:33.165+0000] {processor.py:914} INFO - Processing file /home/ubuntu/MLFlow/dags/weather_monitor_dag.py for tasks to queue
[2025-03-25T19:35:33.169+0000] {logging_mixin.py:190} INFO - [2025-03-25T19:35:33.168+0000] {dagbag.py:588} INFO - Filling up the DagBag from /home/ubuntu/MLFlow/dags/weather_monitor_dag.py
[2025-03-25T19:35:33.199+0000] {processor.py:925} INFO - DAG(s) 'weather_data_monitoring' retrieved from /home/ubuntu/MLFlow/dags/weather_monitor_dag.py
[2025-03-25T19:35:33.233+0000] {logging_mixin.py:190} INFO - [2025-03-25T19:35:33.232+0000] {dag.py:3239} INFO - Sync 1 DAGs
[2025-03-25T19:35:33.269+0000] {logging_mixin.py:190} INFO - [2025-03-25T19:35:33.268+0000] {dag.py:4180} INFO - Setting next_dagrun for weather_data_monitoring to 2025-03-25 19:30:00+00:00, run_after=2025-03-25 20:00:00+00:00
[2025-03-25T19:35:33.303+0000] {processor.py:208} INFO - Processing /home/ubuntu/MLFlow/dags/weather_monitor_dag.py took 0.149 seconds
[2025-03-25T19:36:04.980+0000] {processor.py:186} INFO - Started process (PID=56251) to work on /home/ubuntu/MLFlow/dags/weather_monitor_dag.py
[2025-03-25T19:36:04.981+0000] {processor.py:914} INFO - Processing file /home/ubuntu/MLFlow/dags/weather_monitor_dag.py for tasks to queue
[2025-03-25T19:36:04.984+0000] {logging_mixin.py:190} INFO - [2025-03-25T19:36:04.983+0000] {dagbag.py:588} INFO - Filling up the DagBag from /home/ubuntu/MLFlow/dags/weather_monitor_dag.py
[2025-03-25T19:36:05.002+0000] {processor.py:925} INFO - DAG(s) 'weather_data_monitoring' retrieved from /home/ubuntu/MLFlow/dags/weather_monitor_dag.py
[2025-03-25T19:36:05.031+0000] {logging_mixin.py:190} INFO - [2025-03-25T19:36:05.030+0000] {dag.py:3239} INFO - Sync 1 DAGs
[2025-03-25T19:36:05.068+0000] {logging_mixin.py:190} INFO - [2025-03-25T19:36:05.067+0000] {dag.py:4180} INFO - Setting next_dagrun for weather_data_monitoring to 2025-03-25 19:30:00+00:00, run_after=2025-03-25 20:00:00+00:00
[2025-03-25T19:36:05.100+0000] {processor.py:208} INFO - Processing /home/ubuntu/MLFlow/dags/weather_monitor_dag.py took 0.126 seconds
[2025-03-25T19:36:35.395+0000] {processor.py:186} INFO - Started process (PID=56653) to work on /home/ubuntu/MLFlow/dags/weather_monitor_dag.py
[2025-03-25T19:36:35.398+0000] {processor.py:914} INFO - Processing file /home/ubuntu/MLFlow/dags/weather_monitor_dag.py for tasks to queue
[2025-03-25T19:36:35.405+0000] {logging_mixin.py:190} INFO - [2025-03-25T19:36:35.404+0000] {dagbag.py:588} INFO - Filling up the DagBag from /home/ubuntu/MLFlow/dags/weather_monitor_dag.py
[2025-03-25T19:36:35.434+0000] {processor.py:925} INFO - DAG(s) 'weather_data_monitoring' retrieved from /home/ubuntu/MLFlow/dags/weather_monitor_dag.py
[2025-03-25T19:36:35.466+0000] {logging_mixin.py:190} INFO - [2025-03-25T19:36:35.465+0000] {dag.py:3239} INFO - Sync 1 DAGs
[2025-03-25T19:36:35.511+0000] {logging_mixin.py:190} INFO - [2025-03-25T19:36:35.510+0000] {dag.py:4180} INFO - Setting next_dagrun for weather_data_monitoring to 2025-03-25 19:30:00+00:00, run_after=2025-03-25 20:00:00+00:00
[2025-03-25T19:36:35.544+0000] {processor.py:208} INFO - Processing /home/ubuntu/MLFlow/dags/weather_monitor_dag.py took 0.175 seconds
[2025-03-25T19:37:10.746+0000] {processor.py:186} INFO - Started process (PID=56900) to work on /home/ubuntu/MLFlow/dags/weather_monitor_dag.py
[2025-03-25T19:37:10.747+0000] {processor.py:914} INFO - Processing file /home/ubuntu/MLFlow/dags/weather_monitor_dag.py for tasks to queue
[2025-03-25T19:37:10.750+0000] {logging_mixin.py:190} INFO - [2025-03-25T19:37:10.749+0000] {dagbag.py:588} INFO - Filling up the DagBag from /home/ubuntu/MLFlow/dags/weather_monitor_dag.py
[2025-03-25T19:37:10.768+0000] {processor.py:925} INFO - DAG(s) 'weather_data_monitoring' retrieved from /home/ubuntu/MLFlow/dags/weather_monitor_dag.py
[2025-03-25T19:37:10.797+0000] {logging_mixin.py:190} INFO - [2025-03-25T19:37:10.796+0000] {dag.py:3239} INFO - Sync 1 DAGs
[2025-03-25T19:37:10.832+0000] {logging_mixin.py:190} INFO - [2025-03-25T19:37:10.832+0000] {dag.py:4180} INFO - Setting next_dagrun for weather_data_monitoring to 2025-03-25 19:30:00+00:00, run_after=2025-03-25 20:00:00+00:00
[2025-03-25T19:37:10.872+0000] {processor.py:208} INFO - Processing /home/ubuntu/MLFlow/dags/weather_monitor_dag.py took 0.136 seconds
[2025-03-25T19:37:41.870+0000] {processor.py:186} INFO - Started process (PID=57041) to work on /home/ubuntu/MLFlow/dags/weather_monitor_dag.py
[2025-03-25T19:37:41.872+0000] {processor.py:914} INFO - Processing file /home/ubuntu/MLFlow/dags/weather_monitor_dag.py for tasks to queue
[2025-03-25T19:37:41.875+0000] {logging_mixin.py:190} INFO - [2025-03-25T19:37:41.874+0000] {dagbag.py:588} INFO - Filling up the DagBag from /home/ubuntu/MLFlow/dags/weather_monitor_dag.py
[2025-03-25T19:37:41.895+0000] {processor.py:925} INFO - DAG(s) 'weather_data_monitoring' retrieved from /home/ubuntu/MLFlow/dags/weather_monitor_dag.py
[2025-03-25T19:37:41.926+0000] {logging_mixin.py:190} INFO - [2025-03-25T19:37:41.926+0000] {dag.py:3239} INFO - Sync 1 DAGs
[2025-03-25T19:37:41.960+0000] {logging_mixin.py:190} INFO - [2025-03-25T19:37:41.960+0000] {dag.py:4180} INFO - Setting next_dagrun for weather_data_monitoring to 2025-03-25 19:30:00+00:00, run_after=2025-03-25 20:00:00+00:00
[2025-03-25T19:37:41.989+0000] {processor.py:208} INFO - Processing /home/ubuntu/MLFlow/dags/weather_monitor_dag.py took 0.131 seconds
[2025-03-25T19:38:21.324+0000] {processor.py:186} INFO - Started process (PID=57357) to work on /home/ubuntu/MLFlow/dags/weather_monitor_dag.py
[2025-03-25T19:38:21.325+0000] {processor.py:914} INFO - Processing file /home/ubuntu/MLFlow/dags/weather_monitor_dag.py for tasks to queue
[2025-03-25T19:38:21.329+0000] {logging_mixin.py:190} INFO - [2025-03-25T19:38:21.329+0000] {dagbag.py:588} INFO - Filling up the DagBag from /home/ubuntu/MLFlow/dags/weather_monitor_dag.py
[2025-03-25T19:38:21.346+0000] {processor.py:925} INFO - DAG(s) 'weather_data_monitoring' retrieved from /home/ubuntu/MLFlow/dags/weather_monitor_dag.py
[2025-03-25T19:38:21.371+0000] {logging_mixin.py:190} INFO - [2025-03-25T19:38:21.371+0000] {dag.py:3239} INFO - Sync 1 DAGs
[2025-03-25T19:38:21.414+0000] {logging_mixin.py:190} INFO - [2025-03-25T19:38:21.414+0000] {dag.py:4180} INFO - Setting next_dagrun for weather_data_monitoring to 2025-03-25 19:30:00+00:00, run_after=2025-03-25 20:00:00+00:00
[2025-03-25T19:38:21.448+0000] {processor.py:208} INFO - Processing /home/ubuntu/MLFlow/dags/weather_monitor_dag.py took 0.130 seconds
[2025-03-25T19:38:51.669+0000] {processor.py:186} INFO - Started process (PID=57381) to work on /home/ubuntu/MLFlow/dags/weather_monitor_dag.py
[2025-03-25T19:38:51.669+0000] {processor.py:914} INFO - Processing file /home/ubuntu/MLFlow/dags/weather_monitor_dag.py for tasks to queue
[2025-03-25T19:38:51.672+0000] {logging_mixin.py:190} INFO - [2025-03-25T19:38:51.672+0000] {dagbag.py:588} INFO - Filling up the DagBag from /home/ubuntu/MLFlow/dags/weather_monitor_dag.py
[2025-03-25T19:38:51.689+0000] {processor.py:925} INFO - DAG(s) 'weather_data_monitoring' retrieved from /home/ubuntu/MLFlow/dags/weather_monitor_dag.py
[2025-03-25T19:38:51.712+0000] {logging_mixin.py:190} INFO - [2025-03-25T19:38:51.712+0000] {dag.py:3239} INFO - Sync 1 DAGs
[2025-03-25T19:38:51.739+0000] {logging_mixin.py:190} INFO - [2025-03-25T19:38:51.738+0000] {dag.py:4180} INFO - Setting next_dagrun for weather_data_monitoring to 2025-03-25 19:30:00+00:00, run_after=2025-03-25 20:00:00+00:00
[2025-03-25T19:38:51.766+0000] {processor.py:208} INFO - Processing /home/ubuntu/MLFlow/dags/weather_monitor_dag.py took 0.104 seconds
[2025-03-25T19:39:21.951+0000] {processor.py:186} INFO - Started process (PID=57663) to work on /home/ubuntu/MLFlow/dags/weather_monitor_dag.py
[2025-03-25T19:39:21.952+0000] {processor.py:914} INFO - Processing file /home/ubuntu/MLFlow/dags/weather_monitor_dag.py for tasks to queue
[2025-03-25T19:39:21.954+0000] {logging_mixin.py:190} INFO - [2025-03-25T19:39:21.954+0000] {dagbag.py:588} INFO - Filling up the DagBag from /home/ubuntu/MLFlow/dags/weather_monitor_dag.py
[2025-03-25T19:39:21.971+0000] {processor.py:925} INFO - DAG(s) 'weather_data_monitoring' retrieved from /home/ubuntu/MLFlow/dags/weather_monitor_dag.py
[2025-03-25T19:39:21.995+0000] {logging_mixin.py:190} INFO - [2025-03-25T19:39:21.994+0000] {dag.py:3239} INFO - Sync 1 DAGs
[2025-03-25T19:39:22.020+0000] {logging_mixin.py:190} INFO - [2025-03-25T19:39:22.020+0000] {dag.py:4180} INFO - Setting next_dagrun for weather_data_monitoring to 2025-03-25 19:30:00+00:00, run_after=2025-03-25 20:00:00+00:00
[2025-03-25T19:39:22.046+0000] {processor.py:208} INFO - Processing /home/ubuntu/MLFlow/dags/weather_monitor_dag.py took 0.101 seconds
[2025-03-25T19:39:52.234+0000] {processor.py:186} INFO - Started process (PID=57699) to work on /home/ubuntu/MLFlow/dags/weather_monitor_dag.py
[2025-03-25T19:39:52.236+0000] {processor.py:914} INFO - Processing file /home/ubuntu/MLFlow/dags/weather_monitor_dag.py for tasks to queue
[2025-03-25T19:39:52.241+0000] {logging_mixin.py:190} INFO - [2025-03-25T19:39:52.241+0000] {dagbag.py:588} INFO - Filling up the DagBag from /home/ubuntu/MLFlow/dags/weather_monitor_dag.py
[2025-03-25T19:39:52.259+0000] {processor.py:925} INFO - DAG(s) 'weather_data_monitoring' retrieved from /home/ubuntu/MLFlow/dags/weather_monitor_dag.py
[2025-03-25T19:39:52.284+0000] {logging_mixin.py:190} INFO - [2025-03-25T19:39:52.284+0000] {dag.py:3239} INFO - Sync 1 DAGs
[2025-03-25T19:39:52.310+0000] {logging_mixin.py:190} INFO - [2025-03-25T19:39:52.310+0000] {dag.py:4180} INFO - Setting next_dagrun for weather_data_monitoring to 2025-03-25 19:30:00+00:00, run_after=2025-03-25 20:00:00+00:00
[2025-03-25T19:39:52.336+0000] {processor.py:208} INFO - Processing /home/ubuntu/MLFlow/dags/weather_monitor_dag.py took 0.108 seconds
[2025-03-25T19:40:22.947+0000] {processor.py:186} INFO - Started process (PID=57939) to work on /home/ubuntu/MLFlow/dags/weather_monitor_dag.py
[2025-03-25T19:40:22.948+0000] {processor.py:914} INFO - Processing file /home/ubuntu/MLFlow/dags/weather_monitor_dag.py for tasks to queue
[2025-03-25T19:40:22.950+0000] {logging_mixin.py:190} INFO - [2025-03-25T19:40:22.950+0000] {dagbag.py:588} INFO - Filling up the DagBag from /home/ubuntu/MLFlow/dags/weather_monitor_dag.py
[2025-03-25T19:40:22.969+0000] {processor.py:925} INFO - DAG(s) 'weather_data_monitoring' retrieved from /home/ubuntu/MLFlow/dags/weather_monitor_dag.py
[2025-03-25T19:40:22.996+0000] {logging_mixin.py:190} INFO - [2025-03-25T19:40:22.996+0000] {dag.py:3239} INFO - Sync 1 DAGs
[2025-03-25T19:40:23.030+0000] {logging_mixin.py:190} INFO - [2025-03-25T19:40:23.030+0000] {dag.py:4180} INFO - Setting next_dagrun for weather_data_monitoring to 2025-03-25 19:30:00+00:00, run_after=2025-03-25 20:00:00+00:00
[2025-03-25T19:40:23.064+0000] {processor.py:208} INFO - Processing /home/ubuntu/MLFlow/dags/weather_monitor_dag.py took 0.124 seconds
[2025-03-25T19:40:54.118+0000] {processor.py:186} INFO - Started process (PID=57944) to work on /home/ubuntu/MLFlow/dags/weather_monitor_dag.py
[2025-03-25T19:40:54.120+0000] {processor.py:914} INFO - Processing file /home/ubuntu/MLFlow/dags/weather_monitor_dag.py for tasks to queue
[2025-03-25T19:40:54.123+0000] {logging_mixin.py:190} INFO - [2025-03-25T19:40:54.122+0000] {dagbag.py:588} INFO - Filling up the DagBag from /home/ubuntu/MLFlow/dags/weather_monitor_dag.py
[2025-03-25T19:40:54.141+0000] {processor.py:925} INFO - DAG(s) 'weather_data_monitoring' retrieved from /home/ubuntu/MLFlow/dags/weather_monitor_dag.py
[2025-03-25T19:40:54.173+0000] {logging_mixin.py:190} INFO - [2025-03-25T19:40:54.173+0000] {dag.py:3239} INFO - Sync 1 DAGs
[2025-03-25T19:40:54.210+0000] {logging_mixin.py:190} INFO - [2025-03-25T19:40:54.210+0000] {dag.py:4180} INFO - Setting next_dagrun for weather_data_monitoring to 2025-03-25 19:30:00+00:00, run_after=2025-03-25 20:00:00+00:00
[2025-03-25T19:40:54.364+0000] {processor.py:208} INFO - Processing /home/ubuntu/MLFlow/dags/weather_monitor_dag.py took 0.254 seconds
[2025-03-25T19:41:24.845+0000] {processor.py:186} INFO - Started process (PID=58190) to work on /home/ubuntu/MLFlow/dags/weather_monitor_dag.py
[2025-03-25T19:41:24.846+0000] {processor.py:914} INFO - Processing file /home/ubuntu/MLFlow/dags/weather_monitor_dag.py for tasks to queue
[2025-03-25T19:41:24.849+0000] {logging_mixin.py:190} INFO - [2025-03-25T19:41:24.849+0000] {dagbag.py:588} INFO - Filling up the DagBag from /home/ubuntu/MLFlow/dags/weather_monitor_dag.py
[2025-03-25T19:41:24.866+0000] {processor.py:925} INFO - DAG(s) 'weather_data_monitoring' retrieved from /home/ubuntu/MLFlow/dags/weather_monitor_dag.py
[2025-03-25T19:41:24.891+0000] {logging_mixin.py:190} INFO - [2025-03-25T19:41:24.891+0000] {dag.py:3239} INFO - Sync 1 DAGs
[2025-03-25T19:41:24.924+0000] {logging_mixin.py:190} INFO - [2025-03-25T19:41:24.924+0000] {dag.py:4180} INFO - Setting next_dagrun for weather_data_monitoring to 2025-03-25 19:30:00+00:00, run_after=2025-03-25 20:00:00+00:00
[2025-03-25T19:41:25.084+0000] {processor.py:208} INFO - Processing /home/ubuntu/MLFlow/dags/weather_monitor_dag.py took 0.245 seconds
[2025-03-25T19:41:55.264+0000] {processor.py:186} INFO - Started process (PID=58204) to work on /home/ubuntu/MLFlow/dags/weather_monitor_dag.py
[2025-03-25T19:41:55.265+0000] {processor.py:914} INFO - Processing file /home/ubuntu/MLFlow/dags/weather_monitor_dag.py for tasks to queue
[2025-03-25T19:41:55.268+0000] {logging_mixin.py:190} INFO - [2025-03-25T19:41:55.268+0000] {dagbag.py:588} INFO - Filling up the DagBag from /home/ubuntu/MLFlow/dags/weather_monitor_dag.py
[2025-03-25T19:41:55.285+0000] {processor.py:925} INFO - DAG(s) 'weather_data_monitoring' retrieved from /home/ubuntu/MLFlow/dags/weather_monitor_dag.py
[2025-03-25T19:41:55.311+0000] {logging_mixin.py:190} INFO - [2025-03-25T19:41:55.311+0000] {dag.py:3239} INFO - Sync 1 DAGs
[2025-03-25T19:41:55.479+0000] {logging_mixin.py:190} INFO - [2025-03-25T19:41:55.478+0000] {dag.py:4180} INFO - Setting next_dagrun for weather_data_monitoring to 2025-03-25 19:30:00+00:00, run_after=2025-03-25 20:00:00+00:00
[2025-03-25T19:41:55.505+0000] {processor.py:208} INFO - Processing /home/ubuntu/MLFlow/dags/weather_monitor_dag.py took 0.246 seconds
[2025-03-25T19:42:25.951+0000] {processor.py:186} INFO - Started process (PID=58445) to work on /home/ubuntu/MLFlow/dags/weather_monitor_dag.py
[2025-03-25T19:42:25.952+0000] {processor.py:914} INFO - Processing file /home/ubuntu/MLFlow/dags/weather_monitor_dag.py for tasks to queue
[2025-03-25T19:42:25.954+0000] {logging_mixin.py:190} INFO - [2025-03-25T19:42:25.954+0000] {dagbag.py:588} INFO - Filling up the DagBag from /home/ubuntu/MLFlow/dags/weather_monitor_dag.py
[2025-03-25T19:42:25.972+0000] {processor.py:925} INFO - DAG(s) 'weather_data_monitoring' retrieved from /home/ubuntu/MLFlow/dags/weather_monitor_dag.py
[2025-03-25T19:42:26.002+0000] {logging_mixin.py:190} INFO - [2025-03-25T19:42:26.002+0000] {dag.py:3239} INFO - Sync 1 DAGs
[2025-03-25T19:42:26.167+0000] {logging_mixin.py:190} INFO - [2025-03-25T19:42:26.167+0000] {dag.py:4180} INFO - Setting next_dagrun for weather_data_monitoring to 2025-03-25 19:30:00+00:00, run_after=2025-03-25 20:00:00+00:00
[2025-03-25T19:42:26.195+0000] {processor.py:208} INFO - Processing /home/ubuntu/MLFlow/dags/weather_monitor_dag.py took 0.250 seconds
[2025-03-25T19:42:56.356+0000] {processor.py:186} INFO - Started process (PID=58447) to work on /home/ubuntu/MLFlow/dags/weather_monitor_dag.py
[2025-03-25T19:42:56.359+0000] {processor.py:914} INFO - Processing file /home/ubuntu/MLFlow/dags/weather_monitor_dag.py for tasks to queue
[2025-03-25T19:42:56.363+0000] {logging_mixin.py:190} INFO - [2025-03-25T19:42:56.363+0000] {dagbag.py:588} INFO - Filling up the DagBag from /home/ubuntu/MLFlow/dags/weather_monitor_dag.py
[2025-03-25T19:42:56.382+0000] {processor.py:925} INFO - DAG(s) 'weather_data_monitoring' retrieved from /home/ubuntu/MLFlow/dags/weather_monitor_dag.py
[2025-03-25T19:42:56.414+0000] {logging_mixin.py:190} INFO - [2025-03-25T19:42:56.413+0000] {dag.py:3239} INFO - Sync 1 DAGs
[2025-03-25T19:42:56.563+0000] {logging_mixin.py:190} INFO - [2025-03-25T19:42:56.562+0000] {dag.py:4180} INFO - Setting next_dagrun for weather_data_monitoring to 2025-03-25 19:30:00+00:00, run_after=2025-03-25 20:00:00+00:00
[2025-03-25T19:42:56.593+0000] {processor.py:208} INFO - Processing /home/ubuntu/MLFlow/dags/weather_monitor_dag.py took 0.244 seconds
[2025-03-25T19:43:26.813+0000] {processor.py:186} INFO - Started process (PID=58687) to work on /home/ubuntu/MLFlow/dags/weather_monitor_dag.py
[2025-03-25T19:43:26.814+0000] {processor.py:914} INFO - Processing file /home/ubuntu/MLFlow/dags/weather_monitor_dag.py for tasks to queue
[2025-03-25T19:43:26.816+0000] {logging_mixin.py:190} INFO - [2025-03-25T19:43:26.816+0000] {dagbag.py:588} INFO - Filling up the DagBag from /home/ubuntu/MLFlow/dags/weather_monitor_dag.py
[2025-03-25T19:43:26.835+0000] {processor.py:925} INFO - DAG(s) 'weather_data_monitoring' retrieved from /home/ubuntu/MLFlow/dags/weather_monitor_dag.py
[2025-03-25T19:43:27.003+0000] {logging_mixin.py:190} INFO - [2025-03-25T19:43:27.003+0000] {dag.py:3239} INFO - Sync 1 DAGs
[2025-03-25T19:43:27.033+0000] {logging_mixin.py:190} INFO - [2025-03-25T19:43:27.032+0000] {dag.py:4180} INFO - Setting next_dagrun for weather_data_monitoring to 2025-03-25 19:30:00+00:00, run_after=2025-03-25 20:00:00+00:00
[2025-03-25T19:43:27.066+0000] {processor.py:208} INFO - Processing /home/ubuntu/MLFlow/dags/weather_monitor_dag.py took 0.260 seconds
[2025-03-25T19:43:58.134+0000] {processor.py:186} INFO - Started process (PID=58691) to work on /home/ubuntu/MLFlow/dags/weather_monitor_dag.py
[2025-03-25T19:43:58.135+0000] {processor.py:914} INFO - Processing file /home/ubuntu/MLFlow/dags/weather_monitor_dag.py for tasks to queue
[2025-03-25T19:43:58.139+0000] {logging_mixin.py:190} INFO - [2025-03-25T19:43:58.139+0000] {dagbag.py:588} INFO - Filling up the DagBag from /home/ubuntu/MLFlow/dags/weather_monitor_dag.py
[2025-03-25T19:43:58.155+0000] {processor.py:925} INFO - DAG(s) 'weather_data_monitoring' retrieved from /home/ubuntu/MLFlow/dags/weather_monitor_dag.py
[2025-03-25T19:43:58.297+0000] {logging_mixin.py:190} INFO - [2025-03-25T19:43:58.297+0000] {dag.py:3239} INFO - Sync 1 DAGs
[2025-03-25T19:43:58.324+0000] {logging_mixin.py:190} INFO - [2025-03-25T19:43:58.324+0000] {dag.py:4180} INFO - Setting next_dagrun for weather_data_monitoring to 2025-03-25 19:30:00+00:00, run_after=2025-03-25 20:00:00+00:00
[2025-03-25T19:43:58.362+0000] {processor.py:208} INFO - Processing /home/ubuntu/MLFlow/dags/weather_monitor_dag.py took 0.234 seconds
[2025-03-25T19:44:28.492+0000] {processor.py:186} INFO - Started process (PID=58927) to work on /home/ubuntu/MLFlow/dags/weather_monitor_dag.py
[2025-03-25T19:44:28.494+0000] {processor.py:914} INFO - Processing file /home/ubuntu/MLFlow/dags/weather_monitor_dag.py for tasks to queue
[2025-03-25T19:44:28.496+0000] {logging_mixin.py:190} INFO - [2025-03-25T19:44:28.496+0000] {dagbag.py:588} INFO - Filling up the DagBag from /home/ubuntu/MLFlow/dags/weather_monitor_dag.py
[2025-03-25T19:44:28.515+0000] {processor.py:925} INFO - DAG(s) 'weather_data_monitoring' retrieved from /home/ubuntu/MLFlow/dags/weather_monitor_dag.py
[2025-03-25T19:44:28.665+0000] {logging_mixin.py:190} INFO - [2025-03-25T19:44:28.665+0000] {dag.py:3239} INFO - Sync 1 DAGs
[2025-03-25T19:44:28.691+0000] {logging_mixin.py:190} INFO - [2025-03-25T19:44:28.691+0000] {dag.py:4180} INFO - Setting next_dagrun for weather_data_monitoring to 2025-03-25 19:30:00+00:00, run_after=2025-03-25 20:00:00+00:00
[2025-03-25T19:44:28.718+0000] {processor.py:208} INFO - Processing /home/ubuntu/MLFlow/dags/weather_monitor_dag.py took 0.235 seconds
[2025-03-25T19:44:59.652+0000] {processor.py:186} INFO - Started process (PID=58930) to work on /home/ubuntu/MLFlow/dags/weather_monitor_dag.py
[2025-03-25T19:44:59.654+0000] {processor.py:914} INFO - Processing file /home/ubuntu/MLFlow/dags/weather_monitor_dag.py for tasks to queue
[2025-03-25T19:44:59.806+0000] {logging_mixin.py:190} INFO - [2025-03-25T19:44:59.806+0000] {dagbag.py:588} INFO - Filling up the DagBag from /home/ubuntu/MLFlow/dags/weather_monitor_dag.py
[2025-03-25T19:44:59.822+0000] {processor.py:925} INFO - DAG(s) 'weather_data_monitoring' retrieved from /home/ubuntu/MLFlow/dags/weather_monitor_dag.py
[2025-03-25T19:44:59.852+0000] {logging_mixin.py:190} INFO - [2025-03-25T19:44:59.852+0000] {dag.py:3239} INFO - Sync 1 DAGs
[2025-03-25T19:44:59.883+0000] {logging_mixin.py:190} INFO - [2025-03-25T19:44:59.883+0000] {dag.py:4180} INFO - Setting next_dagrun for weather_data_monitoring to 2025-03-25 19:30:00+00:00, run_after=2025-03-25 20:00:00+00:00
[2025-03-25T19:44:59.910+0000] {processor.py:208} INFO - Processing /home/ubuntu/MLFlow/dags/weather_monitor_dag.py took 0.267 seconds
[2025-03-25T19:45:30.261+0000] {processor.py:186} INFO - Started process (PID=59127) to work on /home/ubuntu/MLFlow/dags/weather_monitor_dag.py
[2025-03-25T19:45:30.262+0000] {processor.py:914} INFO - Processing file /home/ubuntu/MLFlow/dags/weather_monitor_dag.py for tasks to queue
[2025-03-25T19:45:30.266+0000] {logging_mixin.py:190} INFO - [2025-03-25T19:45:30.265+0000] {dagbag.py:588} INFO - Filling up the DagBag from /home/ubuntu/MLFlow/dags/weather_monitor_dag.py
[2025-03-25T19:45:30.286+0000] {processor.py:925} INFO - DAG(s) 'weather_data_monitoring' retrieved from /home/ubuntu/MLFlow/dags/weather_monitor_dag.py
[2025-03-25T19:45:30.323+0000] {logging_mixin.py:190} INFO - [2025-03-25T19:45:30.322+0000] {dag.py:3239} INFO - Sync 1 DAGs
[2025-03-25T19:45:30.355+0000] {logging_mixin.py:190} INFO - [2025-03-25T19:45:30.354+0000] {dag.py:4180} INFO - Setting next_dagrun for weather_data_monitoring to 2025-03-25 19:30:00+00:00, run_after=2025-03-25 20:00:00+00:00
[2025-03-25T19:45:30.384+0000] {processor.py:208} INFO - Processing /home/ubuntu/MLFlow/dags/weather_monitor_dag.py took 0.135 seconds
[2025-03-25T19:46:00.880+0000] {processor.py:186} INFO - Started process (PID=59130) to work on /home/ubuntu/MLFlow/dags/weather_monitor_dag.py
[2025-03-25T19:46:00.881+0000] {processor.py:914} INFO - Processing file /home/ubuntu/MLFlow/dags/weather_monitor_dag.py for tasks to queue
[2025-03-25T19:46:00.884+0000] {logging_mixin.py:190} INFO - [2025-03-25T19:46:00.884+0000] {dagbag.py:588} INFO - Filling up the DagBag from /home/ubuntu/MLFlow/dags/weather_monitor_dag.py
[2025-03-25T19:46:00.901+0000] {processor.py:925} INFO - DAG(s) 'weather_data_monitoring' retrieved from /home/ubuntu/MLFlow/dags/weather_monitor_dag.py
[2025-03-25T19:46:00.926+0000] {logging_mixin.py:190} INFO - [2025-03-25T19:46:00.925+0000] {dag.py:3239} INFO - Sync 1 DAGs
[2025-03-25T19:46:00.953+0000] {logging_mixin.py:190} INFO - [2025-03-25T19:46:00.953+0000] {dag.py:4180} INFO - Setting next_dagrun for weather_data_monitoring to 2025-03-25 19:30:00+00:00, run_after=2025-03-25 20:00:00+00:00
[2025-03-25T19:46:00.982+0000] {processor.py:208} INFO - Processing /home/ubuntu/MLFlow/dags/weather_monitor_dag.py took 0.108 seconds
[2025-03-25T19:46:31.426+0000] {processor.py:186} INFO - Started process (PID=59336) to work on /home/ubuntu/MLFlow/dags/weather_monitor_dag.py
[2025-03-25T19:46:31.428+0000] {processor.py:914} INFO - Processing file /home/ubuntu/MLFlow/dags/weather_monitor_dag.py for tasks to queue
[2025-03-25T19:46:31.431+0000] {logging_mixin.py:190} INFO - [2025-03-25T19:46:31.430+0000] {dagbag.py:588} INFO - Filling up the DagBag from /home/ubuntu/MLFlow/dags/weather_monitor_dag.py
[2025-03-25T19:46:31.454+0000] {processor.py:925} INFO - DAG(s) 'weather_data_monitoring' retrieved from /home/ubuntu/MLFlow/dags/weather_monitor_dag.py
[2025-03-25T19:46:31.485+0000] {logging_mixin.py:190} INFO - [2025-03-25T19:46:31.485+0000] {dag.py:3239} INFO - Sync 1 DAGs
[2025-03-25T19:46:31.518+0000] {logging_mixin.py:190} INFO - [2025-03-25T19:46:31.518+0000] {dag.py:4180} INFO - Setting next_dagrun for weather_data_monitoring to 2025-03-25 19:30:00+00:00, run_after=2025-03-25 20:00:00+00:00
[2025-03-25T19:46:31.550+0000] {processor.py:208} INFO - Processing /home/ubuntu/MLFlow/dags/weather_monitor_dag.py took 0.133 seconds
[2025-03-25T19:47:01.833+0000] {processor.py:186} INFO - Started process (PID=59343) to work on /home/ubuntu/MLFlow/dags/weather_monitor_dag.py
[2025-03-25T19:47:01.834+0000] {processor.py:914} INFO - Processing file /home/ubuntu/MLFlow/dags/weather_monitor_dag.py for tasks to queue
[2025-03-25T19:47:01.838+0000] {logging_mixin.py:190} INFO - [2025-03-25T19:47:01.836+0000] {dagbag.py:588} INFO - Filling up the DagBag from /home/ubuntu/MLFlow/dags/weather_monitor_dag.py
[2025-03-25T19:47:01.856+0000] {processor.py:925} INFO - DAG(s) 'weather_data_monitoring' retrieved from /home/ubuntu/MLFlow/dags/weather_monitor_dag.py
[2025-03-25T19:47:01.885+0000] {logging_mixin.py:190} INFO - [2025-03-25T19:47:01.885+0000] {dag.py:3239} INFO - Sync 1 DAGs
[2025-03-25T19:47:01.916+0000] {logging_mixin.py:190} INFO - [2025-03-25T19:47:01.915+0000] {dag.py:4180} INFO - Setting next_dagrun for weather_data_monitoring to 2025-03-25 19:30:00+00:00, run_after=2025-03-25 20:00:00+00:00
[2025-03-25T19:47:01.944+0000] {processor.py:208} INFO - Processing /home/ubuntu/MLFlow/dags/weather_monitor_dag.py took 0.120 seconds
[2025-03-25T19:47:32.318+0000] {processor.py:186} INFO - Started process (PID=59586) to work on /home/ubuntu/MLFlow/dags/weather_monitor_dag.py
[2025-03-25T19:47:32.320+0000] {processor.py:914} INFO - Processing file /home/ubuntu/MLFlow/dags/weather_monitor_dag.py for tasks to queue
[2025-03-25T19:47:32.326+0000] {logging_mixin.py:190} INFO - [2025-03-25T19:47:32.324+0000] {dagbag.py:588} INFO - Filling up the DagBag from /home/ubuntu/MLFlow/dags/weather_monitor_dag.py
[2025-03-25T19:47:32.356+0000] {processor.py:925} INFO - DAG(s) 'weather_data_monitoring' retrieved from /home/ubuntu/MLFlow/dags/weather_monitor_dag.py
[2025-03-25T19:47:32.388+0000] {logging_mixin.py:190} INFO - [2025-03-25T19:47:32.388+0000] {dag.py:3239} INFO - Sync 1 DAGs
[2025-03-25T19:47:32.431+0000] {logging_mixin.py:190} INFO - [2025-03-25T19:47:32.431+0000] {dag.py:4180} INFO - Setting next_dagrun for weather_data_monitoring to 2025-03-25 19:30:00+00:00, run_after=2025-03-25 20:00:00+00:00
[2025-03-25T19:47:32.459+0000] {processor.py:208} INFO - Processing /home/ubuntu/MLFlow/dags/weather_monitor_dag.py took 0.148 seconds
[2025-03-25T19:48:05.531+0000] {processor.py:186} INFO - Started process (PID=59606) to work on /home/ubuntu/MLFlow/dags/weather_monitor_dag.py
[2025-03-25T19:48:05.532+0000] {processor.py:914} INFO - Processing file /home/ubuntu/MLFlow/dags/weather_monitor_dag.py for tasks to queue
[2025-03-25T19:48:05.534+0000] {logging_mixin.py:190} INFO - [2025-03-25T19:48:05.534+0000] {dagbag.py:588} INFO - Filling up the DagBag from /home/ubuntu/MLFlow/dags/weather_monitor_dag.py
[2025-03-25T19:48:05.550+0000] {processor.py:925} INFO - DAG(s) 'weather_data_monitoring' retrieved from /home/ubuntu/MLFlow/dags/weather_monitor_dag.py
[2025-03-25T19:48:05.576+0000] {logging_mixin.py:190} INFO - [2025-03-25T19:48:05.575+0000] {dag.py:3239} INFO - Sync 1 DAGs
[2025-03-25T19:48:05.602+0000] {logging_mixin.py:190} INFO - [2025-03-25T19:48:05.601+0000] {dag.py:4180} INFO - Setting next_dagrun for weather_data_monitoring to 2025-03-25 19:30:00+00:00, run_after=2025-03-25 20:00:00+00:00
[2025-03-25T19:48:05.634+0000] {processor.py:208} INFO - Processing /home/ubuntu/MLFlow/dags/weather_monitor_dag.py took 0.109 seconds
[2025-03-25T19:48:35.975+0000] {processor.py:186} INFO - Started process (PID=59830) to work on /home/ubuntu/MLFlow/dags/weather_monitor_dag.py
[2025-03-25T19:48:35.977+0000] {processor.py:914} INFO - Processing file /home/ubuntu/MLFlow/dags/weather_monitor_dag.py for tasks to queue
[2025-03-25T19:48:35.982+0000] {logging_mixin.py:190} INFO - [2025-03-25T19:48:35.982+0000] {dagbag.py:588} INFO - Filling up the DagBag from /home/ubuntu/MLFlow/dags/weather_monitor_dag.py
[2025-03-25T19:48:36.013+0000] {processor.py:925} INFO - DAG(s) 'weather_data_monitoring' retrieved from /home/ubuntu/MLFlow/dags/weather_monitor_dag.py
[2025-03-25T19:48:36.058+0000] {logging_mixin.py:190} INFO - [2025-03-25T19:48:36.053+0000] {dag.py:3239} INFO - Sync 1 DAGs
[2025-03-25T19:48:36.106+0000] {logging_mixin.py:190} INFO - [2025-03-25T19:48:36.105+0000] {dag.py:4180} INFO - Setting next_dagrun for weather_data_monitoring to 2025-03-25 19:30:00+00:00, run_after=2025-03-25 20:00:00+00:00
[2025-03-25T19:48:36.154+0000] {processor.py:208} INFO - Processing /home/ubuntu/MLFlow/dags/weather_monitor_dag.py took 0.197 seconds
[2025-03-25T19:49:10.961+0000] {processor.py:186} INFO - Started process (PID=59973) to work on /home/ubuntu/MLFlow/dags/weather_monitor_dag.py
[2025-03-25T19:49:10.963+0000] {processor.py:914} INFO - Processing file /home/ubuntu/MLFlow/dags/weather_monitor_dag.py for tasks to queue
[2025-03-25T19:49:10.966+0000] {logging_mixin.py:190} INFO - [2025-03-25T19:49:10.965+0000] {dagbag.py:588} INFO - Filling up the DagBag from /home/ubuntu/MLFlow/dags/weather_monitor_dag.py
[2025-03-25T19:49:10.985+0000] {processor.py:925} INFO - DAG(s) 'weather_data_monitoring' retrieved from /home/ubuntu/MLFlow/dags/weather_monitor_dag.py
[2025-03-25T19:49:11.018+0000] {logging_mixin.py:190} INFO - [2025-03-25T19:49:11.018+0000] {dag.py:3239} INFO - Sync 1 DAGs
[2025-03-25T19:49:11.055+0000] {logging_mixin.py:190} INFO - [2025-03-25T19:49:11.054+0000] {dag.py:4180} INFO - Setting next_dagrun for weather_data_monitoring to 2025-03-25 19:30:00+00:00, run_after=2025-03-25 20:00:00+00:00
[2025-03-25T19:49:11.083+0000] {processor.py:208} INFO - Processing /home/ubuntu/MLFlow/dags/weather_monitor_dag.py took 0.130 seconds
[2025-03-25T19:49:41.415+0000] {processor.py:186} INFO - Started process (PID=60013) to work on /home/ubuntu/MLFlow/dags/weather_monitor_dag.py
[2025-03-25T19:49:41.416+0000] {processor.py:914} INFO - Processing file /home/ubuntu/MLFlow/dags/weather_monitor_dag.py for tasks to queue
[2025-03-25T19:49:41.419+0000] {logging_mixin.py:190} INFO - [2025-03-25T19:49:41.418+0000] {dagbag.py:588} INFO - Filling up the DagBag from /home/ubuntu/MLFlow/dags/weather_monitor_dag.py
[2025-03-25T19:49:41.443+0000] {processor.py:925} INFO - DAG(s) 'weather_data_monitoring' retrieved from /home/ubuntu/MLFlow/dags/weather_monitor_dag.py
[2025-03-25T19:49:41.469+0000] {logging_mixin.py:190} INFO - [2025-03-25T19:49:41.468+0000] {dag.py:3239} INFO - Sync 1 DAGs
[2025-03-25T19:49:41.495+0000] {logging_mixin.py:190} INFO - [2025-03-25T19:49:41.495+0000] {dag.py:4180} INFO - Setting next_dagrun for weather_data_monitoring to 2025-03-25 19:30:00+00:00, run_after=2025-03-25 20:00:00+00:00
[2025-03-25T19:49:41.520+0000] {processor.py:208} INFO - Processing /home/ubuntu/MLFlow/dags/weather_monitor_dag.py took 0.112 seconds
[2025-03-25T19:50:20.304+0000] {processor.py:186} INFO - Started process (PID=60243) to work on /home/ubuntu/MLFlow/dags/weather_monitor_dag.py
[2025-03-25T19:50:20.306+0000] {processor.py:914} INFO - Processing file /home/ubuntu/MLFlow/dags/weather_monitor_dag.py for tasks to queue
[2025-03-25T19:50:20.309+0000] {logging_mixin.py:190} INFO - [2025-03-25T19:50:20.308+0000] {dagbag.py:588} INFO - Filling up the DagBag from /home/ubuntu/MLFlow/dags/weather_monitor_dag.py
[2025-03-25T19:50:20.328+0000] {processor.py:925} INFO - DAG(s) 'weather_data_monitoring' retrieved from /home/ubuntu/MLFlow/dags/weather_monitor_dag.py
[2025-03-25T19:50:20.359+0000] {logging_mixin.py:190} INFO - [2025-03-25T19:50:20.358+0000] {dag.py:3239} INFO - Sync 1 DAGs
[2025-03-25T19:50:20.398+0000] {logging_mixin.py:190} INFO - [2025-03-25T19:50:20.397+0000] {dag.py:4180} INFO - Setting next_dagrun for weather_data_monitoring to 2025-03-25 19:30:00+00:00, run_after=2025-03-25 20:00:00+00:00
[2025-03-25T19:50:20.428+0000] {processor.py:208} INFO - Processing /home/ubuntu/MLFlow/dags/weather_monitor_dag.py took 0.133 seconds
[2025-03-25T19:50:51.455+0000] {processor.py:186} INFO - Started process (PID=60337) to work on /home/ubuntu/MLFlow/dags/weather_monitor_dag.py
[2025-03-25T19:50:51.456+0000] {processor.py:914} INFO - Processing file /home/ubuntu/MLFlow/dags/weather_monitor_dag.py for tasks to queue
[2025-03-25T19:50:51.458+0000] {logging_mixin.py:190} INFO - [2025-03-25T19:50:51.458+0000] {dagbag.py:588} INFO - Filling up the DagBag from /home/ubuntu/MLFlow/dags/weather_monitor_dag.py
[2025-03-25T19:50:51.477+0000] {processor.py:925} INFO - DAG(s) 'weather_data_monitoring' retrieved from /home/ubuntu/MLFlow/dags/weather_monitor_dag.py
[2025-03-25T19:50:51.505+0000] {logging_mixin.py:190} INFO - [2025-03-25T19:50:51.504+0000] {dag.py:3239} INFO - Sync 1 DAGs
[2025-03-25T19:50:51.539+0000] {logging_mixin.py:190} INFO - [2025-03-25T19:50:51.539+0000] {dag.py:4180} INFO - Setting next_dagrun for weather_data_monitoring to 2025-03-25 19:30:00+00:00, run_after=2025-03-25 20:00:00+00:00
[2025-03-25T19:50:51.581+0000] {processor.py:208} INFO - Processing /home/ubuntu/MLFlow/dags/weather_monitor_dag.py took 0.132 seconds
[2025-03-25T19:51:28.243+0000] {processor.py:186} INFO - Started process (PID=60638) to work on /home/ubuntu/MLFlow/dags/weather_monitor_dag.py
[2025-03-25T19:51:28.244+0000] {processor.py:914} INFO - Processing file /home/ubuntu/MLFlow/dags/weather_monitor_dag.py for tasks to queue
[2025-03-25T19:51:28.247+0000] {logging_mixin.py:190} INFO - [2025-03-25T19:51:28.246+0000] {dagbag.py:588} INFO - Filling up the DagBag from /home/ubuntu/MLFlow/dags/weather_monitor_dag.py
[2025-03-25T19:51:28.266+0000] {processor.py:925} INFO - DAG(s) 'weather_data_monitoring' retrieved from /home/ubuntu/MLFlow/dags/weather_monitor_dag.py
[2025-03-25T19:51:28.296+0000] {logging_mixin.py:190} INFO - [2025-03-25T19:51:28.296+0000] {dag.py:3239} INFO - Sync 1 DAGs
[2025-03-25T19:51:28.328+0000] {logging_mixin.py:190} INFO - [2025-03-25T19:51:28.328+0000] {dag.py:4180} INFO - Setting next_dagrun for weather_data_monitoring to 2025-03-25 19:30:00+00:00, run_after=2025-03-25 20:00:00+00:00
[2025-03-25T19:51:28.371+0000] {processor.py:208} INFO - Processing /home/ubuntu/MLFlow/dags/weather_monitor_dag.py took 0.134 seconds
[2025-03-25T19:51:58.603+0000] {processor.py:186} INFO - Started process (PID=60655) to work on /home/ubuntu/MLFlow/dags/weather_monitor_dag.py
[2025-03-25T19:51:58.604+0000] {processor.py:914} INFO - Processing file /home/ubuntu/MLFlow/dags/weather_monitor_dag.py for tasks to queue
[2025-03-25T19:51:58.607+0000] {logging_mixin.py:190} INFO - [2025-03-25T19:51:58.606+0000] {dagbag.py:588} INFO - Filling up the DagBag from /home/ubuntu/MLFlow/dags/weather_monitor_dag.py
[2025-03-25T19:51:58.623+0000] {processor.py:925} INFO - DAG(s) 'weather_data_monitoring' retrieved from /home/ubuntu/MLFlow/dags/weather_monitor_dag.py
[2025-03-25T19:51:58.647+0000] {logging_mixin.py:190} INFO - [2025-03-25T19:51:58.647+0000] {dag.py:3239} INFO - Sync 1 DAGs
[2025-03-25T19:51:58.675+0000] {logging_mixin.py:190} INFO - [2025-03-25T19:51:58.675+0000] {dag.py:4180} INFO - Setting next_dagrun for weather_data_monitoring to 2025-03-25 19:30:00+00:00, run_after=2025-03-25 20:00:00+00:00
[2025-03-25T19:51:58.701+0000] {processor.py:208} INFO - Processing /home/ubuntu/MLFlow/dags/weather_monitor_dag.py took 0.104 seconds
[2025-03-25T19:52:29.022+0000] {processor.py:186} INFO - Started process (PID=60894) to work on /home/ubuntu/MLFlow/dags/weather_monitor_dag.py
[2025-03-25T19:52:29.024+0000] {processor.py:914} INFO - Processing file /home/ubuntu/MLFlow/dags/weather_monitor_dag.py for tasks to queue
[2025-03-25T19:52:29.028+0000] {logging_mixin.py:190} INFO - [2025-03-25T19:52:29.027+0000] {dagbag.py:588} INFO - Filling up the DagBag from /home/ubuntu/MLFlow/dags/weather_monitor_dag.py
[2025-03-25T19:52:29.048+0000] {processor.py:925} INFO - DAG(s) 'weather_data_monitoring' retrieved from /home/ubuntu/MLFlow/dags/weather_monitor_dag.py
[2025-03-25T19:52:29.076+0000] {logging_mixin.py:190} INFO - [2025-03-25T19:52:29.076+0000] {dag.py:3239} INFO - Sync 1 DAGs
[2025-03-25T19:52:29.111+0000] {logging_mixin.py:190} INFO - [2025-03-25T19:52:29.111+0000] {dag.py:4180} INFO - Setting next_dagrun for weather_data_monitoring to 2025-03-25 19:30:00+00:00, run_after=2025-03-25 20:00:00+00:00
[2025-03-25T19:52:29.142+0000] {processor.py:208} INFO - Processing /home/ubuntu/MLFlow/dags/weather_monitor_dag.py took 0.126 seconds
[2025-03-25T19:52:59.475+0000] {processor.py:186} INFO - Started process (PID=60898) to work on /home/ubuntu/MLFlow/dags/weather_monitor_dag.py
[2025-03-25T19:52:59.476+0000] {processor.py:914} INFO - Processing file /home/ubuntu/MLFlow/dags/weather_monitor_dag.py for tasks to queue
[2025-03-25T19:52:59.480+0000] {logging_mixin.py:190} INFO - [2025-03-25T19:52:59.479+0000] {dagbag.py:588} INFO - Filling up the DagBag from /home/ubuntu/MLFlow/dags/weather_monitor_dag.py
[2025-03-25T19:52:59.500+0000] {processor.py:925} INFO - DAG(s) 'weather_data_monitoring' retrieved from /home/ubuntu/MLFlow/dags/weather_monitor_dag.py
[2025-03-25T19:52:59.528+0000] {logging_mixin.py:190} INFO - [2025-03-25T19:52:59.527+0000] {dag.py:3239} INFO - Sync 1 DAGs
[2025-03-25T19:52:59.564+0000] {logging_mixin.py:190} INFO - [2025-03-25T19:52:59.564+0000] {dag.py:4180} INFO - Setting next_dagrun for weather_data_monitoring to 2025-03-25 19:30:00+00:00, run_after=2025-03-25 20:00:00+00:00
[2025-03-25T19:52:59.602+0000] {processor.py:208} INFO - Processing /home/ubuntu/MLFlow/dags/weather_monitor_dag.py took 0.134 seconds
[2025-03-25T19:53:29.883+0000] {processor.py:186} INFO - Started process (PID=61140) to work on /home/ubuntu/MLFlow/dags/weather_monitor_dag.py
[2025-03-25T19:53:29.884+0000] {processor.py:914} INFO - Processing file /home/ubuntu/MLFlow/dags/weather_monitor_dag.py for tasks to queue
[2025-03-25T19:53:29.887+0000] {logging_mixin.py:190} INFO - [2025-03-25T19:53:29.886+0000] {dagbag.py:588} INFO - Filling up the DagBag from /home/ubuntu/MLFlow/dags/weather_monitor_dag.py
[2025-03-25T19:53:29.902+0000] {processor.py:925} INFO - DAG(s) 'weather_data_monitoring' retrieved from /home/ubuntu/MLFlow/dags/weather_monitor_dag.py
[2025-03-25T19:53:29.924+0000] {logging_mixin.py:190} INFO - [2025-03-25T19:53:29.924+0000] {dag.py:3239} INFO - Sync 1 DAGs
[2025-03-25T19:53:29.950+0000] {logging_mixin.py:190} INFO - [2025-03-25T19:53:29.950+0000] {dag.py:4180} INFO - Setting next_dagrun for weather_data_monitoring to 2025-03-25 19:30:00+00:00, run_after=2025-03-25 20:00:00+00:00
[2025-03-25T19:53:29.980+0000] {processor.py:208} INFO - Processing /home/ubuntu/MLFlow/dags/weather_monitor_dag.py took 0.102 seconds
[2025-03-25T19:54:00.357+0000] {processor.py:186} INFO - Started process (PID=61142) to work on /home/ubuntu/MLFlow/dags/weather_monitor_dag.py
[2025-03-25T19:54:00.359+0000] {processor.py:914} INFO - Processing file /home/ubuntu/MLFlow/dags/weather_monitor_dag.py for tasks to queue
[2025-03-25T19:54:00.364+0000] {logging_mixin.py:190} INFO - [2025-03-25T19:54:00.363+0000] {dagbag.py:588} INFO - Filling up the DagBag from /home/ubuntu/MLFlow/dags/weather_monitor_dag.py
[2025-03-25T19:54:00.381+0000] {processor.py:925} INFO - DAG(s) 'weather_data_monitoring' retrieved from /home/ubuntu/MLFlow/dags/weather_monitor_dag.py
[2025-03-25T19:54:00.407+0000] {logging_mixin.py:190} INFO - [2025-03-25T19:54:00.407+0000] {dag.py:3239} INFO - Sync 1 DAGs
[2025-03-25T19:54:00.433+0000] {logging_mixin.py:190} INFO - [2025-03-25T19:54:00.433+0000] {dag.py:4180} INFO - Setting next_dagrun for weather_data_monitoring to 2025-03-25 19:30:00+00:00, run_after=2025-03-25 20:00:00+00:00
[2025-03-25T19:54:00.460+0000] {processor.py:208} INFO - Processing /home/ubuntu/MLFlow/dags/weather_monitor_dag.py took 0.111 seconds
[2025-03-25T19:54:31.561+0000] {processor.py:186} INFO - Started process (PID=61447) to work on /home/ubuntu/MLFlow/dags/weather_monitor_dag.py
[2025-03-25T19:54:31.566+0000] {processor.py:914} INFO - Processing file /home/ubuntu/MLFlow/dags/weather_monitor_dag.py for tasks to queue
[2025-03-25T19:54:31.575+0000] {logging_mixin.py:190} INFO - [2025-03-25T19:54:31.574+0000] {dagbag.py:588} INFO - Filling up the DagBag from /home/ubuntu/MLFlow/dags/weather_monitor_dag.py
[2025-03-25T19:54:31.597+0000] {processor.py:925} INFO - DAG(s) 'weather_data_monitoring' retrieved from /home/ubuntu/MLFlow/dags/weather_monitor_dag.py
[2025-03-25T19:54:31.631+0000] {logging_mixin.py:190} INFO - [2025-03-25T19:54:31.631+0000] {dag.py:3239} INFO - Sync 1 DAGs
[2025-03-25T19:54:31.669+0000] {logging_mixin.py:190} INFO - [2025-03-25T19:54:31.669+0000] {dag.py:4180} INFO - Setting next_dagrun for weather_data_monitoring to 2025-03-25 19:30:00+00:00, run_after=2025-03-25 20:00:00+00:00
[2025-03-25T19:54:31.706+0000] {processor.py:208} INFO - Processing /home/ubuntu/MLFlow/dags/weather_monitor_dag.py took 0.153 seconds
[2025-03-25T19:55:05.117+0000] {processor.py:186} INFO - Started process (PID=61478) to work on /home/ubuntu/MLFlow/dags/weather_monitor_dag.py
[2025-03-25T19:55:05.119+0000] {processor.py:914} INFO - Processing file /home/ubuntu/MLFlow/dags/weather_monitor_dag.py for tasks to queue
[2025-03-25T19:55:05.121+0000] {logging_mixin.py:190} INFO - [2025-03-25T19:55:05.121+0000] {dagbag.py:588} INFO - Filling up the DagBag from /home/ubuntu/MLFlow/dags/weather_monitor_dag.py
[2025-03-25T19:55:05.137+0000] {processor.py:925} INFO - DAG(s) 'weather_data_monitoring' retrieved from /home/ubuntu/MLFlow/dags/weather_monitor_dag.py
[2025-03-25T19:55:05.161+0000] {logging_mixin.py:190} INFO - [2025-03-25T19:55:05.161+0000] {dag.py:3239} INFO - Sync 1 DAGs
[2025-03-25T19:55:05.187+0000] {logging_mixin.py:190} INFO - [2025-03-25T19:55:05.187+0000] {dag.py:4180} INFO - Setting next_dagrun for weather_data_monitoring to 2025-03-25 19:30:00+00:00, run_after=2025-03-25 20:00:00+00:00
[2025-03-25T19:55:05.215+0000] {processor.py:208} INFO - Processing /home/ubuntu/MLFlow/dags/weather_monitor_dag.py took 0.105 seconds
[2025-03-25T19:55:35.459+0000] {processor.py:186} INFO - Started process (PID=61698) to work on /home/ubuntu/MLFlow/dags/weather_monitor_dag.py
[2025-03-25T19:55:35.461+0000] {processor.py:914} INFO - Processing file /home/ubuntu/MLFlow/dags/weather_monitor_dag.py for tasks to queue
[2025-03-25T19:55:35.465+0000] {logging_mixin.py:190} INFO - [2025-03-25T19:55:35.464+0000] {dagbag.py:588} INFO - Filling up the DagBag from /home/ubuntu/MLFlow/dags/weather_monitor_dag.py
[2025-03-25T19:55:35.482+0000] {processor.py:925} INFO - DAG(s) 'weather_data_monitoring' retrieved from /home/ubuntu/MLFlow/dags/weather_monitor_dag.py
[2025-03-25T19:55:35.509+0000] {logging_mixin.py:190} INFO - [2025-03-25T19:55:35.508+0000] {dag.py:3239} INFO - Sync 1 DAGs
[2025-03-25T19:55:35.537+0000] {logging_mixin.py:190} INFO - [2025-03-25T19:55:35.537+0000] {dag.py:4180} INFO - Setting next_dagrun for weather_data_monitoring to 2025-03-25 19:30:00+00:00, run_after=2025-03-25 20:00:00+00:00
[2025-03-25T19:55:35.568+0000] {processor.py:208} INFO - Processing /home/ubuntu/MLFlow/dags/weather_monitor_dag.py took 0.116 seconds
[2025-03-25T19:56:05.772+0000] {processor.py:186} INFO - Started process (PID=61718) to work on /home/ubuntu/MLFlow/dags/weather_monitor_dag.py
[2025-03-25T19:56:05.773+0000] {processor.py:914} INFO - Processing file /home/ubuntu/MLFlow/dags/weather_monitor_dag.py for tasks to queue
[2025-03-25T19:56:05.775+0000] {logging_mixin.py:190} INFO - [2025-03-25T19:56:05.775+0000] {dagbag.py:588} INFO - Filling up the DagBag from /home/ubuntu/MLFlow/dags/weather_monitor_dag.py
[2025-03-25T19:56:05.793+0000] {processor.py:925} INFO - DAG(s) 'weather_data_monitoring' retrieved from /home/ubuntu/MLFlow/dags/weather_monitor_dag.py
[2025-03-25T19:56:05.818+0000] {logging_mixin.py:190} INFO - [2025-03-25T19:56:05.817+0000] {dag.py:3239} INFO - Sync 1 DAGs
[2025-03-25T19:56:05.845+0000] {logging_mixin.py:190} INFO - [2025-03-25T19:56:05.844+0000] {dag.py:4180} INFO - Setting next_dagrun for weather_data_monitoring to 2025-03-25 19:30:00+00:00, run_after=2025-03-25 20:00:00+00:00
[2025-03-25T19:56:05.885+0000] {processor.py:208} INFO - Processing /home/ubuntu/MLFlow/dags/weather_monitor_dag.py took 0.121 seconds
[2025-03-25T19:56:36.386+0000] {processor.py:186} INFO - Started process (PID=61949) to work on /home/ubuntu/MLFlow/dags/weather_monitor_dag.py
[2025-03-25T19:56:36.388+0000] {processor.py:914} INFO - Processing file /home/ubuntu/MLFlow/dags/weather_monitor_dag.py for tasks to queue
[2025-03-25T19:56:36.391+0000] {logging_mixin.py:190} INFO - [2025-03-25T19:56:36.391+0000] {dagbag.py:588} INFO - Filling up the DagBag from /home/ubuntu/MLFlow/dags/weather_monitor_dag.py
[2025-03-25T19:56:36.414+0000] {processor.py:925} INFO - DAG(s) 'weather_data_monitoring' retrieved from /home/ubuntu/MLFlow/dags/weather_monitor_dag.py
[2025-03-25T19:56:36.447+0000] {logging_mixin.py:190} INFO - [2025-03-25T19:56:36.446+0000] {dag.py:3239} INFO - Sync 1 DAGs
[2025-03-25T19:56:36.481+0000] {logging_mixin.py:190} INFO - [2025-03-25T19:56:36.481+0000] {dag.py:4180} INFO - Setting next_dagrun for weather_data_monitoring to 2025-03-25 19:30:00+00:00, run_after=2025-03-25 20:00:00+00:00
[2025-03-25T19:56:36.515+0000] {processor.py:208} INFO - Processing /home/ubuntu/MLFlow/dags/weather_monitor_dag.py took 0.139 seconds
[2025-03-25T19:57:09.734+0000] {processor.py:186} INFO - Started process (PID=62097) to work on /home/ubuntu/MLFlow/dags/weather_monitor_dag.py
[2025-03-25T19:57:09.736+0000] {processor.py:914} INFO - Processing file /home/ubuntu/MLFlow/dags/weather_monitor_dag.py for tasks to queue
[2025-03-25T19:57:09.739+0000] {logging_mixin.py:190} INFO - [2025-03-25T19:57:09.738+0000] {dagbag.py:588} INFO - Filling up the DagBag from /home/ubuntu/MLFlow/dags/weather_monitor_dag.py
[2025-03-25T19:57:09.757+0000] {processor.py:925} INFO - DAG(s) 'weather_data_monitoring' retrieved from /home/ubuntu/MLFlow/dags/weather_monitor_dag.py
[2025-03-25T19:57:09.786+0000] {logging_mixin.py:190} INFO - [2025-03-25T19:57:09.785+0000] {dag.py:3239} INFO - Sync 1 DAGs
[2025-03-25T19:57:09.817+0000] {logging_mixin.py:190} INFO - [2025-03-25T19:57:09.817+0000] {dag.py:4180} INFO - Setting next_dagrun for weather_data_monitoring to 2025-03-25 19:30:00+00:00, run_after=2025-03-25 20:00:00+00:00
[2025-03-25T19:57:09.852+0000] {processor.py:208} INFO - Processing /home/ubuntu/MLFlow/dags/weather_monitor_dag.py took 0.126 seconds
[2025-03-25T19:57:40.079+0000] {processor.py:186} INFO - Started process (PID=62139) to work on /home/ubuntu/MLFlow/dags/weather_monitor_dag.py
[2025-03-25T19:57:40.080+0000] {processor.py:914} INFO - Processing file /home/ubuntu/MLFlow/dags/weather_monitor_dag.py for tasks to queue
[2025-03-25T19:57:40.087+0000] {logging_mixin.py:190} INFO - [2025-03-25T19:57:40.086+0000] {dagbag.py:588} INFO - Filling up the DagBag from /home/ubuntu/MLFlow/dags/weather_monitor_dag.py
[2025-03-25T19:57:40.117+0000] {processor.py:925} INFO - DAG(s) 'weather_data_monitoring' retrieved from /home/ubuntu/MLFlow/dags/weather_monitor_dag.py
[2025-03-25T19:57:40.151+0000] {logging_mixin.py:190} INFO - [2025-03-25T19:57:40.151+0000] {dag.py:3239} INFO - Sync 1 DAGs
[2025-03-25T19:57:40.186+0000] {logging_mixin.py:190} INFO - [2025-03-25T19:57:40.186+0000] {dag.py:4180} INFO - Setting next_dagrun for weather_data_monitoring to 2025-03-25 19:30:00+00:00, run_after=2025-03-25 20:00:00+00:00
[2025-03-25T19:57:40.227+0000] {processor.py:208} INFO - Processing /home/ubuntu/MLFlow/dags/weather_monitor_dag.py took 0.158 seconds
[2025-03-25T19:58:10.515+0000] {processor.py:186} INFO - Started process (PID=62285) to work on /home/ubuntu/MLFlow/dags/weather_monitor_dag.py
[2025-03-25T19:58:10.516+0000] {processor.py:914} INFO - Processing file /home/ubuntu/MLFlow/dags/weather_monitor_dag.py for tasks to queue
[2025-03-25T19:58:10.519+0000] {logging_mixin.py:190} INFO - [2025-03-25T19:58:10.519+0000] {dagbag.py:588} INFO - Filling up the DagBag from /home/ubuntu/MLFlow/dags/weather_monitor_dag.py
[2025-03-25T19:58:10.540+0000] {processor.py:925} INFO - DAG(s) 'weather_data_monitoring' retrieved from /home/ubuntu/MLFlow/dags/weather_monitor_dag.py
[2025-03-25T19:58:10.564+0000] {logging_mixin.py:190} INFO - [2025-03-25T19:58:10.564+0000] {dag.py:3239} INFO - Sync 1 DAGs
[2025-03-25T19:58:10.595+0000] {logging_mixin.py:190} INFO - [2025-03-25T19:58:10.595+0000] {dag.py:4180} INFO - Setting next_dagrun for weather_data_monitoring to 2025-03-25 19:30:00+00:00, run_after=2025-03-25 20:00:00+00:00
[2025-03-25T19:58:10.622+0000] {processor.py:208} INFO - Processing /home/ubuntu/MLFlow/dags/weather_monitor_dag.py took 0.114 seconds
[2025-03-25T19:58:40.976+0000] {processor.py:186} INFO - Started process (PID=62328) to work on /home/ubuntu/MLFlow/dags/weather_monitor_dag.py
[2025-03-25T19:58:40.977+0000] {processor.py:914} INFO - Processing file /home/ubuntu/MLFlow/dags/weather_monitor_dag.py for tasks to queue
[2025-03-25T19:58:40.981+0000] {logging_mixin.py:190} INFO - [2025-03-25T19:58:40.981+0000] {dagbag.py:588} INFO - Filling up the DagBag from /home/ubuntu/MLFlow/dags/weather_monitor_dag.py
[2025-03-25T19:58:41.007+0000] {processor.py:925} INFO - DAG(s) 'weather_data_monitoring' retrieved from /home/ubuntu/MLFlow/dags/weather_monitor_dag.py
[2025-03-25T19:58:41.036+0000] {logging_mixin.py:190} INFO - [2025-03-25T19:58:41.036+0000] {dag.py:3239} INFO - Sync 1 DAGs
[2025-03-25T19:58:41.065+0000] {logging_mixin.py:190} INFO - [2025-03-25T19:58:41.064+0000] {dag.py:4180} INFO - Setting next_dagrun for weather_data_monitoring to 2025-03-25 19:30:00+00:00, run_after=2025-03-25 20:00:00+00:00
[2025-03-25T19:58:41.095+0000] {processor.py:208} INFO - Processing /home/ubuntu/MLFlow/dags/weather_monitor_dag.py took 0.128 seconds
[2025-03-25T19:59:14.597+0000] {processor.py:186} INFO - Started process (PID=62502) to work on /home/ubuntu/MLFlow/dags/weather_monitor_dag.py
[2025-03-25T19:59:14.599+0000] {processor.py:914} INFO - Processing file /home/ubuntu/MLFlow/dags/weather_monitor_dag.py for tasks to queue
[2025-03-25T19:59:14.601+0000] {logging_mixin.py:190} INFO - [2025-03-25T19:59:14.601+0000] {dagbag.py:588} INFO - Filling up the DagBag from /home/ubuntu/MLFlow/dags/weather_monitor_dag.py
[2025-03-25T19:59:14.622+0000] {processor.py:925} INFO - DAG(s) 'weather_data_monitoring' retrieved from /home/ubuntu/MLFlow/dags/weather_monitor_dag.py
[2025-03-25T19:59:14.651+0000] {logging_mixin.py:190} INFO - [2025-03-25T19:59:14.651+0000] {dag.py:3239} INFO - Sync 1 DAGs
[2025-03-25T19:59:14.681+0000] {logging_mixin.py:190} INFO - [2025-03-25T19:59:14.681+0000] {dag.py:4180} INFO - Setting next_dagrun for weather_data_monitoring to 2025-03-25 19:30:00+00:00, run_after=2025-03-25 20:00:00+00:00
[2025-03-25T19:59:14.708+0000] {processor.py:208} INFO - Processing /home/ubuntu/MLFlow/dags/weather_monitor_dag.py took 0.119 seconds
[2025-03-25T19:59:44.864+0000] {processor.py:186} INFO - Started process (PID=62516) to work on /home/ubuntu/MLFlow/dags/weather_monitor_dag.py
[2025-03-25T19:59:44.867+0000] {processor.py:914} INFO - Processing file /home/ubuntu/MLFlow/dags/weather_monitor_dag.py for tasks to queue
[2025-03-25T19:59:44.870+0000] {logging_mixin.py:190} INFO - [2025-03-25T19:59:44.870+0000] {dagbag.py:588} INFO - Filling up the DagBag from /home/ubuntu/MLFlow/dags/weather_monitor_dag.py
[2025-03-25T19:59:44.891+0000] {processor.py:925} INFO - DAG(s) 'weather_data_monitoring' retrieved from /home/ubuntu/MLFlow/dags/weather_monitor_dag.py
[2025-03-25T19:59:44.922+0000] {logging_mixin.py:190} INFO - [2025-03-25T19:59:44.922+0000] {dag.py:3239} INFO - Sync 1 DAGs
[2025-03-25T19:59:44.953+0000] {logging_mixin.py:190} INFO - [2025-03-25T19:59:44.952+0000] {dag.py:4180} INFO - Setting next_dagrun for weather_data_monitoring to 2025-03-25 19:30:00+00:00, run_after=2025-03-25 20:00:00+00:00
[2025-03-25T19:59:44.982+0000] {processor.py:208} INFO - Processing /home/ubuntu/MLFlow/dags/weather_monitor_dag.py took 0.130 seconds
[2025-03-25T20:00:24.272+0000] {processor.py:186} INFO - Started process (PID=62827) to work on /home/ubuntu/MLFlow/dags/weather_monitor_dag.py
[2025-03-25T20:00:24.274+0000] {processor.py:914} INFO - Processing file /home/ubuntu/MLFlow/dags/weather_monitor_dag.py for tasks to queue
[2025-03-25T20:00:24.276+0000] {logging_mixin.py:190} INFO - [2025-03-25T20:00:24.276+0000] {dagbag.py:588} INFO - Filling up the DagBag from /home/ubuntu/MLFlow/dags/weather_monitor_dag.py
[2025-03-25T20:00:24.293+0000] {processor.py:925} INFO - DAG(s) 'weather_data_monitoring' retrieved from /home/ubuntu/MLFlow/dags/weather_monitor_dag.py
[2025-03-25T20:00:24.320+0000] {logging_mixin.py:190} INFO - [2025-03-25T20:00:24.319+0000] {dag.py:3239} INFO - Sync 1 DAGs
[2025-03-25T20:00:24.347+0000] {logging_mixin.py:190} INFO - [2025-03-25T20:00:24.347+0000] {dag.py:4180} INFO - Setting next_dagrun for weather_data_monitoring to 2025-03-25 20:00:00+00:00, run_after=2025-03-25 20:30:00+00:00
[2025-03-25T20:00:24.385+0000] {processor.py:208} INFO - Processing /home/ubuntu/MLFlow/dags/weather_monitor_dag.py took 0.119 seconds
[2025-03-25T20:00:54.913+0000] {processor.py:186} INFO - Started process (PID=62922) to work on /home/ubuntu/MLFlow/dags/weather_monitor_dag.py
[2025-03-25T20:00:54.914+0000] {processor.py:914} INFO - Processing file /home/ubuntu/MLFlow/dags/weather_monitor_dag.py for tasks to queue
[2025-03-25T20:00:54.916+0000] {logging_mixin.py:190} INFO - [2025-03-25T20:00:54.916+0000] {dagbag.py:588} INFO - Filling up the DagBag from /home/ubuntu/MLFlow/dags/weather_monitor_dag.py
[2025-03-25T20:00:54.933+0000] {processor.py:925} INFO - DAG(s) 'weather_data_monitoring' retrieved from /home/ubuntu/MLFlow/dags/weather_monitor_dag.py
[2025-03-25T20:00:54.960+0000] {logging_mixin.py:190} INFO - [2025-03-25T20:00:54.959+0000] {dag.py:3239} INFO - Sync 1 DAGs
[2025-03-25T20:00:54.988+0000] {logging_mixin.py:190} INFO - [2025-03-25T20:00:54.987+0000] {dag.py:4180} INFO - Setting next_dagrun for weather_data_monitoring to 2025-03-25 20:00:00+00:00, run_after=2025-03-25 20:30:00+00:00
[2025-03-25T20:00:55.015+0000] {processor.py:208} INFO - Processing /home/ubuntu/MLFlow/dags/weather_monitor_dag.py took 0.108 seconds
[2025-03-25T20:01:25.136+0000] {processor.py:186} INFO - Started process (PID=63164) to work on /home/ubuntu/MLFlow/dags/weather_monitor_dag.py
[2025-03-25T20:01:25.138+0000] {processor.py:914} INFO - Processing file /home/ubuntu/MLFlow/dags/weather_monitor_dag.py for tasks to queue
[2025-03-25T20:01:25.141+0000] {logging_mixin.py:190} INFO - [2025-03-25T20:01:25.140+0000] {dagbag.py:588} INFO - Filling up the DagBag from /home/ubuntu/MLFlow/dags/weather_monitor_dag.py
[2025-03-25T20:01:25.157+0000] {processor.py:925} INFO - DAG(s) 'weather_data_monitoring' retrieved from /home/ubuntu/MLFlow/dags/weather_monitor_dag.py
[2025-03-25T20:01:25.187+0000] {logging_mixin.py:190} INFO - [2025-03-25T20:01:25.187+0000] {dag.py:3239} INFO - Sync 1 DAGs
[2025-03-25T20:01:25.214+0000] {logging_mixin.py:190} INFO - [2025-03-25T20:01:25.214+0000] {dag.py:4180} INFO - Setting next_dagrun for weather_data_monitoring to 2025-03-25 20:00:00+00:00, run_after=2025-03-25 20:30:00+00:00
[2025-03-25T20:01:25.244+0000] {processor.py:208} INFO - Processing /home/ubuntu/MLFlow/dags/weather_monitor_dag.py took 0.114 seconds
[2025-03-25T20:01:55.517+0000] {processor.py:186} INFO - Started process (PID=63179) to work on /home/ubuntu/MLFlow/dags/weather_monitor_dag.py
[2025-03-25T20:01:55.518+0000] {processor.py:914} INFO - Processing file /home/ubuntu/MLFlow/dags/weather_monitor_dag.py for tasks to queue
[2025-03-25T20:01:55.521+0000] {logging_mixin.py:190} INFO - [2025-03-25T20:01:55.520+0000] {dagbag.py:588} INFO - Filling up the DagBag from /home/ubuntu/MLFlow/dags/weather_monitor_dag.py
[2025-03-25T20:01:55.537+0000] {processor.py:925} INFO - DAG(s) 'weather_data_monitoring' retrieved from /home/ubuntu/MLFlow/dags/weather_monitor_dag.py
[2025-03-25T20:01:55.563+0000] {logging_mixin.py:190} INFO - [2025-03-25T20:01:55.563+0000] {dag.py:3239} INFO - Sync 1 DAGs
[2025-03-25T20:01:55.592+0000] {logging_mixin.py:190} INFO - [2025-03-25T20:01:55.592+0000] {dag.py:4180} INFO - Setting next_dagrun for weather_data_monitoring to 2025-03-25 20:00:00+00:00, run_after=2025-03-25 20:30:00+00:00
[2025-03-25T20:01:55.620+0000] {processor.py:208} INFO - Processing /home/ubuntu/MLFlow/dags/weather_monitor_dag.py took 0.109 seconds
[2025-03-25T20:02:28.808+0000] {processor.py:186} INFO - Started process (PID=63488) to work on /home/ubuntu/MLFlow/dags/weather_monitor_dag.py
[2025-03-25T20:02:28.810+0000] {processor.py:914} INFO - Processing file /home/ubuntu/MLFlow/dags/weather_monitor_dag.py for tasks to queue
[2025-03-25T20:02:28.812+0000] {logging_mixin.py:190} INFO - [2025-03-25T20:02:28.811+0000] {dagbag.py:588} INFO - Filling up the DagBag from /home/ubuntu/MLFlow/dags/weather_monitor_dag.py
[2025-03-25T20:02:28.829+0000] {processor.py:925} INFO - DAG(s) 'weather_data_monitoring' retrieved from /home/ubuntu/MLFlow/dags/weather_monitor_dag.py
[2025-03-25T20:02:28.857+0000] {logging_mixin.py:190} INFO - [2025-03-25T20:02:28.857+0000] {dag.py:3239} INFO - Sync 1 DAGs
[2025-03-25T20:02:28.885+0000] {logging_mixin.py:190} INFO - [2025-03-25T20:02:28.884+0000] {dag.py:4180} INFO - Setting next_dagrun for weather_data_monitoring to 2025-03-25 20:00:00+00:00, run_after=2025-03-25 20:30:00+00:00
[2025-03-25T20:02:28.910+0000] {processor.py:208} INFO - Processing /home/ubuntu/MLFlow/dags/weather_monitor_dag.py took 0.109 seconds
[2025-03-25T20:02:59.248+0000] {processor.py:186} INFO - Started process (PID=63502) to work on /home/ubuntu/MLFlow/dags/weather_monitor_dag.py
[2025-03-25T20:02:59.249+0000] {processor.py:914} INFO - Processing file /home/ubuntu/MLFlow/dags/weather_monitor_dag.py for tasks to queue
[2025-03-25T20:02:59.254+0000] {logging_mixin.py:190} INFO - [2025-03-25T20:02:59.254+0000] {dagbag.py:588} INFO - Filling up the DagBag from /home/ubuntu/MLFlow/dags/weather_monitor_dag.py
[2025-03-25T20:02:59.275+0000] {processor.py:925} INFO - DAG(s) 'weather_data_monitoring' retrieved from /home/ubuntu/MLFlow/dags/weather_monitor_dag.py
[2025-03-25T20:02:59.312+0000] {logging_mixin.py:190} INFO - [2025-03-25T20:02:59.312+0000] {dag.py:3239} INFO - Sync 1 DAGs
[2025-03-25T20:02:59.350+0000] {logging_mixin.py:190} INFO - [2025-03-25T20:02:59.349+0000] {dag.py:4180} INFO - Setting next_dagrun for weather_data_monitoring to 2025-03-25 20:00:00+00:00, run_after=2025-03-25 20:30:00+00:00
[2025-03-25T20:02:59.389+0000] {processor.py:208} INFO - Processing /home/ubuntu/MLFlow/dags/weather_monitor_dag.py took 0.147 seconds
[2025-03-25T20:03:29.658+0000] {processor.py:186} INFO - Started process (PID=63814) to work on /home/ubuntu/MLFlow/dags/weather_monitor_dag.py
[2025-03-25T20:03:29.659+0000] {processor.py:914} INFO - Processing file /home/ubuntu/MLFlow/dags/weather_monitor_dag.py for tasks to queue
[2025-03-25T20:03:29.662+0000] {logging_mixin.py:190} INFO - [2025-03-25T20:03:29.662+0000] {dagbag.py:588} INFO - Filling up the DagBag from /home/ubuntu/MLFlow/dags/weather_monitor_dag.py
[2025-03-25T20:03:29.681+0000] {processor.py:925} INFO - DAG(s) 'weather_data_monitoring' retrieved from /home/ubuntu/MLFlow/dags/weather_monitor_dag.py
[2025-03-25T20:03:29.712+0000] {logging_mixin.py:190} INFO - [2025-03-25T20:03:29.712+0000] {dag.py:3239} INFO - Sync 1 DAGs
[2025-03-25T20:03:29.743+0000] {logging_mixin.py:190} INFO - [2025-03-25T20:03:29.743+0000] {dag.py:4180} INFO - Setting next_dagrun for weather_data_monitoring to 2025-03-25 20:00:00+00:00, run_after=2025-03-25 20:30:00+00:00
[2025-03-25T20:03:29.773+0000] {processor.py:208} INFO - Processing /home/ubuntu/MLFlow/dags/weather_monitor_dag.py took 0.122 seconds
[2025-03-25T20:04:00.147+0000] {processor.py:186} INFO - Started process (PID=63850) to work on /home/ubuntu/MLFlow/dags/weather_monitor_dag.py
[2025-03-25T20:04:00.153+0000] {processor.py:914} INFO - Processing file /home/ubuntu/MLFlow/dags/weather_monitor_dag.py for tasks to queue
[2025-03-25T20:04:00.157+0000] {logging_mixin.py:190} INFO - [2025-03-25T20:04:00.156+0000] {dagbag.py:588} INFO - Filling up the DagBag from /home/ubuntu/MLFlow/dags/weather_monitor_dag.py
[2025-03-25T20:04:00.197+0000] {processor.py:925} INFO - DAG(s) 'weather_data_monitoring' retrieved from /home/ubuntu/MLFlow/dags/weather_monitor_dag.py
[2025-03-25T20:04:00.235+0000] {logging_mixin.py:190} INFO - [2025-03-25T20:04:00.235+0000] {dag.py:3239} INFO - Sync 1 DAGs
[2025-03-25T20:04:00.274+0000] {logging_mixin.py:190} INFO - [2025-03-25T20:04:00.274+0000] {dag.py:4180} INFO - Setting next_dagrun for weather_data_monitoring to 2025-03-25 20:00:00+00:00, run_after=2025-03-25 20:30:00+00:00
[2025-03-25T20:04:00.310+0000] {processor.py:208} INFO - Processing /home/ubuntu/MLFlow/dags/weather_monitor_dag.py took 0.200 seconds
[2025-03-25T20:04:31.246+0000] {processor.py:186} INFO - Started process (PID=64255) to work on /home/ubuntu/MLFlow/dags/weather_monitor_dag.py
[2025-03-25T20:04:31.247+0000] {processor.py:914} INFO - Processing file /home/ubuntu/MLFlow/dags/weather_monitor_dag.py for tasks to queue
[2025-03-25T20:04:31.249+0000] {logging_mixin.py:190} INFO - [2025-03-25T20:04:31.249+0000] {dagbag.py:588} INFO - Filling up the DagBag from /home/ubuntu/MLFlow/dags/weather_monitor_dag.py
[2025-03-25T20:04:31.265+0000] {processor.py:925} INFO - DAG(s) 'weather_data_monitoring' retrieved from /home/ubuntu/MLFlow/dags/weather_monitor_dag.py
[2025-03-25T20:04:31.291+0000] {logging_mixin.py:190} INFO - [2025-03-25T20:04:31.291+0000] {dag.py:3239} INFO - Sync 1 DAGs
[2025-03-25T20:04:31.320+0000] {logging_mixin.py:190} INFO - [2025-03-25T20:04:31.320+0000] {dag.py:4180} INFO - Setting next_dagrun for weather_data_monitoring to 2025-03-25 20:00:00+00:00, run_after=2025-03-25 20:30:00+00:00
[2025-03-25T20:04:31.345+0000] {processor.py:208} INFO - Processing /home/ubuntu/MLFlow/dags/weather_monitor_dag.py took 0.108 seconds
[2025-03-25T20:05:01.605+0000] {processor.py:186} INFO - Started process (PID=64322) to work on /home/ubuntu/MLFlow/dags/weather_monitor_dag.py
[2025-03-25T20:05:01.606+0000] {processor.py:914} INFO - Processing file /home/ubuntu/MLFlow/dags/weather_monitor_dag.py for tasks to queue
[2025-03-25T20:05:01.608+0000] {logging_mixin.py:190} INFO - [2025-03-25T20:05:01.608+0000] {dagbag.py:588} INFO - Filling up the DagBag from /home/ubuntu/MLFlow/dags/weather_monitor_dag.py
[2025-03-25T20:05:01.627+0000] {processor.py:925} INFO - DAG(s) 'weather_data_monitoring' retrieved from /home/ubuntu/MLFlow/dags/weather_monitor_dag.py
[2025-03-25T20:05:01.657+0000] {logging_mixin.py:190} INFO - [2025-03-25T20:05:01.657+0000] {dag.py:3239} INFO - Sync 1 DAGs
[2025-03-25T20:05:01.684+0000] {logging_mixin.py:190} INFO - [2025-03-25T20:05:01.684+0000] {dag.py:4180} INFO - Setting next_dagrun for weather_data_monitoring to 2025-03-25 20:00:00+00:00, run_after=2025-03-25 20:30:00+00:00
[2025-03-25T20:05:01.721+0000] {processor.py:208} INFO - Processing /home/ubuntu/MLFlow/dags/weather_monitor_dag.py took 0.129 seconds
[2025-03-25T20:05:32.636+0000] {processor.py:186} INFO - Started process (PID=64713) to work on /home/ubuntu/MLFlow/dags/weather_monitor_dag.py
[2025-03-25T20:05:32.637+0000] {processor.py:914} INFO - Processing file /home/ubuntu/MLFlow/dags/weather_monitor_dag.py for tasks to queue
[2025-03-25T20:05:32.642+0000] {logging_mixin.py:190} INFO - [2025-03-25T20:05:32.641+0000] {dagbag.py:588} INFO - Filling up the DagBag from /home/ubuntu/MLFlow/dags/weather_monitor_dag.py
[2025-03-25T20:05:32.660+0000] {processor.py:925} INFO - DAG(s) 'weather_data_monitoring' retrieved from /home/ubuntu/MLFlow/dags/weather_monitor_dag.py
[2025-03-25T20:05:32.692+0000] {logging_mixin.py:190} INFO - [2025-03-25T20:05:32.692+0000] {dag.py:3239} INFO - Sync 1 DAGs
[2025-03-25T20:05:32.727+0000] {logging_mixin.py:190} INFO - [2025-03-25T20:05:32.727+0000] {dag.py:4180} INFO - Setting next_dagrun for weather_data_monitoring to 2025-03-25 20:00:00+00:00, run_after=2025-03-25 20:30:00+00:00
[2025-03-25T20:05:32.760+0000] {processor.py:208} INFO - Processing /home/ubuntu/MLFlow/dags/weather_monitor_dag.py took 0.136 seconds
[2025-03-25T20:06:05.405+0000] {processor.py:186} INFO - Started process (PID=64742) to work on /home/ubuntu/MLFlow/dags/weather_monitor_dag.py
[2025-03-25T20:06:05.406+0000] {processor.py:914} INFO - Processing file /home/ubuntu/MLFlow/dags/weather_monitor_dag.py for tasks to queue
[2025-03-25T20:06:05.409+0000] {logging_mixin.py:190} INFO - [2025-03-25T20:06:05.409+0000] {dagbag.py:588} INFO - Filling up the DagBag from /home/ubuntu/MLFlow/dags/weather_monitor_dag.py
[2025-03-25T20:06:05.431+0000] {processor.py:925} INFO - DAG(s) 'weather_data_monitoring' retrieved from /home/ubuntu/MLFlow/dags/weather_monitor_dag.py
[2025-03-25T20:06:05.463+0000] {logging_mixin.py:190} INFO - [2025-03-25T20:06:05.463+0000] {dag.py:3239} INFO - Sync 1 DAGs
[2025-03-25T20:06:05.496+0000] {logging_mixin.py:190} INFO - [2025-03-25T20:06:05.495+0000] {dag.py:4180} INFO - Setting next_dagrun for weather_data_monitoring to 2025-03-25 20:00:00+00:00, run_after=2025-03-25 20:30:00+00:00
[2025-03-25T20:06:05.533+0000] {processor.py:208} INFO - Processing /home/ubuntu/MLFlow/dags/weather_monitor_dag.py took 0.140 seconds
[2025-03-25T20:06:35.671+0000] {processor.py:186} INFO - Started process (PID=64972) to work on /home/ubuntu/MLFlow/dags/weather_monitor_dag.py
[2025-03-25T20:06:35.672+0000] {processor.py:914} INFO - Processing file /home/ubuntu/MLFlow/dags/weather_monitor_dag.py for tasks to queue
[2025-03-25T20:06:35.675+0000] {logging_mixin.py:190} INFO - [2025-03-25T20:06:35.674+0000] {dagbag.py:588} INFO - Filling up the DagBag from /home/ubuntu/MLFlow/dags/weather_monitor_dag.py
[2025-03-25T20:06:35.696+0000] {processor.py:925} INFO - DAG(s) 'weather_data_monitoring' retrieved from /home/ubuntu/MLFlow/dags/weather_monitor_dag.py
[2025-03-25T20:06:35.722+0000] {logging_mixin.py:190} INFO - [2025-03-25T20:06:35.721+0000] {dag.py:3239} INFO - Sync 1 DAGs
[2025-03-25T20:06:35.748+0000] {logging_mixin.py:190} INFO - [2025-03-25T20:06:35.747+0000] {dag.py:4180} INFO - Setting next_dagrun for weather_data_monitoring to 2025-03-25 20:00:00+00:00, run_after=2025-03-25 20:30:00+00:00
[2025-03-25T20:06:35.779+0000] {processor.py:208} INFO - Processing /home/ubuntu/MLFlow/dags/weather_monitor_dag.py took 0.121 seconds
[2025-03-25T20:07:10.676+0000] {processor.py:186} INFO - Started process (PID=65120) to work on /home/ubuntu/MLFlow/dags/weather_monitor_dag.py
[2025-03-25T20:07:10.678+0000] {processor.py:914} INFO - Processing file /home/ubuntu/MLFlow/dags/weather_monitor_dag.py for tasks to queue
[2025-03-25T20:07:10.681+0000] {logging_mixin.py:190} INFO - [2025-03-25T20:07:10.680+0000] {dagbag.py:588} INFO - Filling up the DagBag from /home/ubuntu/MLFlow/dags/weather_monitor_dag.py
[2025-03-25T20:07:10.712+0000] {processor.py:925} INFO - DAG(s) 'weather_data_monitoring' retrieved from /home/ubuntu/MLFlow/dags/weather_monitor_dag.py
[2025-03-25T20:07:10.745+0000] {logging_mixin.py:190} INFO - [2025-03-25T20:07:10.745+0000] {dag.py:3239} INFO - Sync 1 DAGs
[2025-03-25T20:07:10.778+0000] {logging_mixin.py:190} INFO - [2025-03-25T20:07:10.777+0000] {dag.py:4180} INFO - Setting next_dagrun for weather_data_monitoring to 2025-03-25 20:00:00+00:00, run_after=2025-03-25 20:30:00+00:00
[2025-03-25T20:07:10.813+0000] {processor.py:208} INFO - Processing /home/ubuntu/MLFlow/dags/weather_monitor_dag.py took 0.147 seconds
[2025-03-25T20:07:40.942+0000] {processor.py:186} INFO - Started process (PID=65216) to work on /home/ubuntu/MLFlow/dags/weather_monitor_dag.py
[2025-03-25T20:07:40.943+0000] {processor.py:914} INFO - Processing file /home/ubuntu/MLFlow/dags/weather_monitor_dag.py for tasks to queue
[2025-03-25T20:07:40.946+0000] {logging_mixin.py:190} INFO - [2025-03-25T20:07:40.945+0000] {dagbag.py:588} INFO - Filling up the DagBag from /home/ubuntu/MLFlow/dags/weather_monitor_dag.py
[2025-03-25T20:07:40.968+0000] {processor.py:925} INFO - DAG(s) 'weather_data_monitoring' retrieved from /home/ubuntu/MLFlow/dags/weather_monitor_dag.py
[2025-03-25T20:07:41.005+0000] {logging_mixin.py:190} INFO - [2025-03-25T20:07:41.005+0000] {dag.py:3239} INFO - Sync 1 DAGs
[2025-03-25T20:07:41.041+0000] {logging_mixin.py:190} INFO - [2025-03-25T20:07:41.040+0000] {dag.py:4180} INFO - Setting next_dagrun for weather_data_monitoring to 2025-03-25 20:00:00+00:00, run_after=2025-03-25 20:30:00+00:00
[2025-03-25T20:07:41.079+0000] {processor.py:208} INFO - Processing /home/ubuntu/MLFlow/dags/weather_monitor_dag.py took 0.154 seconds
