[2025-03-26T12:54:15.339+0000] {processor.py:186} INFO - Started process (PID=100134) to work on /home/ubuntu/miniconda3/envs/mlflow/lib/python3.12/site-packages/airflow/example_dags/subdags/subdag.py
[2025-03-26T12:54:15.340+0000] {processor.py:914} INFO - Processing file /home/ubuntu/miniconda3/envs/mlflow/lib/python3.12/site-packages/airflow/example_dags/subdags/subdag.py for tasks to queue
[2025-03-26T12:54:15.342+0000] {logging_mixin.py:190} INFO - [2025-03-26T12:54:15.342+0000] {dagbag.py:588} INFO - Filling up the DagBag from /home/ubuntu/miniconda3/envs/mlflow/lib/python3.12/site-packages/airflow/example_dags/subdags/subdag.py
[2025-03-26T12:54:15.344+0000] {processor.py:927} WARNING - No viable dags retrieved from /home/ubuntu/miniconda3/envs/mlflow/lib/python3.12/site-packages/airflow/example_dags/subdags/subdag.py
[2025-03-26T12:54:15.358+0000] {processor.py:208} INFO - Processing /home/ubuntu/miniconda3/envs/mlflow/lib/python3.12/site-packages/airflow/example_dags/subdags/subdag.py took 0.024 seconds
[2025-03-26T12:55:30.603+0000] {processor.py:186} INFO - Started process (PID=100298) to work on /home/ubuntu/miniconda3/envs/mlflow/lib/python3.12/site-packages/airflow/example_dags/subdags/subdag.py
[2025-03-26T12:55:30.604+0000] {processor.py:914} INFO - Processing file /home/ubuntu/miniconda3/envs/mlflow/lib/python3.12/site-packages/airflow/example_dags/subdags/subdag.py for tasks to queue
[2025-03-26T12:55:30.608+0000] {logging_mixin.py:190} INFO - [2025-03-26T12:55:30.607+0000] {dagbag.py:588} INFO - Filling up the DagBag from /home/ubuntu/miniconda3/envs/mlflow/lib/python3.12/site-packages/airflow/example_dags/subdags/subdag.py
[2025-03-26T12:55:30.610+0000] {processor.py:927} WARNING - No viable dags retrieved from /home/ubuntu/miniconda3/envs/mlflow/lib/python3.12/site-packages/airflow/example_dags/subdags/subdag.py
[2025-03-26T12:55:30.625+0000] {processor.py:208} INFO - Processing /home/ubuntu/miniconda3/envs/mlflow/lib/python3.12/site-packages/airflow/example_dags/subdags/subdag.py took 0.030 seconds
[2025-03-26T12:56:34.364+0000] {processor.py:186} INFO - Started process (PID=100482) to work on /home/ubuntu/miniconda3/envs/mlflow/lib/python3.12/site-packages/airflow/example_dags/subdags/subdag.py
[2025-03-26T12:56:34.365+0000] {processor.py:914} INFO - Processing file /home/ubuntu/miniconda3/envs/mlflow/lib/python3.12/site-packages/airflow/example_dags/subdags/subdag.py for tasks to queue
[2025-03-26T12:56:34.367+0000] {logging_mixin.py:190} INFO - [2025-03-26T12:56:34.367+0000] {dagbag.py:588} INFO - Filling up the DagBag from /home/ubuntu/miniconda3/envs/mlflow/lib/python3.12/site-packages/airflow/example_dags/subdags/subdag.py
[2025-03-26T12:56:34.369+0000] {processor.py:927} WARNING - No viable dags retrieved from /home/ubuntu/miniconda3/envs/mlflow/lib/python3.12/site-packages/airflow/example_dags/subdags/subdag.py
[2025-03-26T12:56:34.380+0000] {processor.py:208} INFO - Processing /home/ubuntu/miniconda3/envs/mlflow/lib/python3.12/site-packages/airflow/example_dags/subdags/subdag.py took 0.023 seconds
[2025-03-26T12:57:42.126+0000] {processor.py:186} INFO - Started process (PID=100729) to work on /home/ubuntu/miniconda3/envs/mlflow/lib/python3.12/site-packages/airflow/example_dags/subdags/subdag.py
[2025-03-26T12:57:42.128+0000] {processor.py:914} INFO - Processing file /home/ubuntu/miniconda3/envs/mlflow/lib/python3.12/site-packages/airflow/example_dags/subdags/subdag.py for tasks to queue
[2025-03-26T12:57:42.134+0000] {logging_mixin.py:190} INFO - [2025-03-26T12:57:42.133+0000] {dagbag.py:588} INFO - Filling up the DagBag from /home/ubuntu/miniconda3/envs/mlflow/lib/python3.12/site-packages/airflow/example_dags/subdags/subdag.py
[2025-03-26T12:57:42.136+0000] {processor.py:927} WARNING - No viable dags retrieved from /home/ubuntu/miniconda3/envs/mlflow/lib/python3.12/site-packages/airflow/example_dags/subdags/subdag.py
[2025-03-26T12:57:42.151+0000] {processor.py:208} INFO - Processing /home/ubuntu/miniconda3/envs/mlflow/lib/python3.12/site-packages/airflow/example_dags/subdags/subdag.py took 0.034 seconds
[2025-03-26T12:58:45.609+0000] {processor.py:186} INFO - Started process (PID=100841) to work on /home/ubuntu/miniconda3/envs/mlflow/lib/python3.12/site-packages/airflow/example_dags/subdags/subdag.py
[2025-03-26T12:58:45.611+0000] {processor.py:914} INFO - Processing file /home/ubuntu/miniconda3/envs/mlflow/lib/python3.12/site-packages/airflow/example_dags/subdags/subdag.py for tasks to queue
[2025-03-26T12:58:45.614+0000] {logging_mixin.py:190} INFO - [2025-03-26T12:58:45.614+0000] {dagbag.py:588} INFO - Filling up the DagBag from /home/ubuntu/miniconda3/envs/mlflow/lib/python3.12/site-packages/airflow/example_dags/subdags/subdag.py
[2025-03-26T12:58:45.617+0000] {processor.py:927} WARNING - No viable dags retrieved from /home/ubuntu/miniconda3/envs/mlflow/lib/python3.12/site-packages/airflow/example_dags/subdags/subdag.py
[2025-03-26T12:58:45.633+0000] {processor.py:208} INFO - Processing /home/ubuntu/miniconda3/envs/mlflow/lib/python3.12/site-packages/airflow/example_dags/subdags/subdag.py took 0.034 seconds
[2025-03-26T12:59:49.142+0000] {processor.py:186} INFO - Started process (PID=101042) to work on /home/ubuntu/miniconda3/envs/mlflow/lib/python3.12/site-packages/airflow/example_dags/subdags/subdag.py
[2025-03-26T12:59:49.143+0000] {processor.py:914} INFO - Processing file /home/ubuntu/miniconda3/envs/mlflow/lib/python3.12/site-packages/airflow/example_dags/subdags/subdag.py for tasks to queue
[2025-03-26T12:59:49.146+0000] {logging_mixin.py:190} INFO - [2025-03-26T12:59:49.146+0000] {dagbag.py:588} INFO - Filling up the DagBag from /home/ubuntu/miniconda3/envs/mlflow/lib/python3.12/site-packages/airflow/example_dags/subdags/subdag.py
[2025-03-26T12:59:49.149+0000] {processor.py:927} WARNING - No viable dags retrieved from /home/ubuntu/miniconda3/envs/mlflow/lib/python3.12/site-packages/airflow/example_dags/subdags/subdag.py
[2025-03-26T12:59:49.164+0000] {processor.py:208} INFO - Processing /home/ubuntu/miniconda3/envs/mlflow/lib/python3.12/site-packages/airflow/example_dags/subdags/subdag.py took 0.028 seconds
[2025-03-26T13:00:51.022+0000] {processor.py:186} INFO - Started process (PID=101135) to work on /home/ubuntu/miniconda3/envs/mlflow/lib/python3.12/site-packages/airflow/example_dags/subdags/subdag.py
[2025-03-26T13:00:51.023+0000] {processor.py:914} INFO - Processing file /home/ubuntu/miniconda3/envs/mlflow/lib/python3.12/site-packages/airflow/example_dags/subdags/subdag.py for tasks to queue
[2025-03-26T13:00:51.025+0000] {logging_mixin.py:190} INFO - [2025-03-26T13:00:51.025+0000] {dagbag.py:588} INFO - Filling up the DagBag from /home/ubuntu/miniconda3/envs/mlflow/lib/python3.12/site-packages/airflow/example_dags/subdags/subdag.py
[2025-03-26T13:00:51.027+0000] {processor.py:927} WARNING - No viable dags retrieved from /home/ubuntu/miniconda3/envs/mlflow/lib/python3.12/site-packages/airflow/example_dags/subdags/subdag.py
[2025-03-26T13:00:51.038+0000] {processor.py:208} INFO - Processing /home/ubuntu/miniconda3/envs/mlflow/lib/python3.12/site-packages/airflow/example_dags/subdags/subdag.py took 0.023 seconds
[2025-03-26T13:01:54.436+0000] {processor.py:186} INFO - Started process (PID=101198) to work on /home/ubuntu/miniconda3/envs/mlflow/lib/python3.12/site-packages/airflow/example_dags/subdags/subdag.py
[2025-03-26T13:01:54.438+0000] {processor.py:914} INFO - Processing file /home/ubuntu/miniconda3/envs/mlflow/lib/python3.12/site-packages/airflow/example_dags/subdags/subdag.py for tasks to queue
[2025-03-26T13:01:54.442+0000] {logging_mixin.py:190} INFO - [2025-03-26T13:01:54.442+0000] {dagbag.py:588} INFO - Filling up the DagBag from /home/ubuntu/miniconda3/envs/mlflow/lib/python3.12/site-packages/airflow/example_dags/subdags/subdag.py
[2025-03-26T13:01:54.446+0000] {processor.py:927} WARNING - No viable dags retrieved from /home/ubuntu/miniconda3/envs/mlflow/lib/python3.12/site-packages/airflow/example_dags/subdags/subdag.py
[2025-03-26T13:01:54.460+0000] {processor.py:208} INFO - Processing /home/ubuntu/miniconda3/envs/mlflow/lib/python3.12/site-packages/airflow/example_dags/subdags/subdag.py took 0.041 seconds
