[2025-03-26T11:33:17.117+0000] {local_task_job_runner.py:123} INFO - ::group::Pre task execution logs
[2025-03-26T11:33:17.135+0000] {taskinstance.py:2614} INFO - Dependencies all met for dep_context=non-requeueable deps ti=<TaskInstance: weather_data_monitoring.monitor_data scheduled__2025-03-26T11:32:00+00:00 [queued]>
[2025-03-26T11:33:17.145+0000] {taskinstance.py:2614} INFO - Dependencies all met for dep_context=requeueable deps ti=<TaskInstance: weather_data_monitoring.monitor_data scheduled__2025-03-26T11:32:00+00:00 [queued]>
[2025-03-26T11:33:17.146+0000] {taskinstance.py:2867} INFO - Starting attempt 1 of 2
[2025-03-26T11:33:17.167+0000] {taskinstance.py:2890} INFO - Executing <Task(DockerOperator): monitor_data> on 2025-03-26 11:32:00+00:00
[2025-03-26T11:33:17.172+0000] {standard_task_runner.py:72} INFO - Started process 13829 to run task
[2025-03-26T11:33:17.176+0000] {standard_task_runner.py:104} INFO - Running: ['airflow', 'tasks', 'run', 'weather_data_monitoring', 'monitor_data', 'scheduled__2025-03-26T11:32:00+00:00', '--job-id', '874', '--raw', '--subdir', '/home/ubuntu/MLFlow/dags/weather_monitor_dag.py', '--cfg-path', '/tmp/tmp68slg_t_']
[2025-03-26T11:33:17.178+0000] {standard_task_runner.py:105} INFO - Job 874: Subtask monitor_data
[2025-03-26T11:33:17.234+0000] {task_command.py:467} INFO - Running <TaskInstance: weather_data_monitoring.monitor_data scheduled__2025-03-26T11:32:00+00:00 [running]> on host ip-172-31-43-252.eu-west-1.compute.internal
[2025-03-26T11:33:17.325+0000] {taskinstance.py:3134} INFO - Exporting env vars: AIRFLOW_CTX_DAG_OWNER='airflow' AIRFLOW_CTX_DAG_ID='weather_data_monitoring' AIRFLOW_CTX_TASK_ID='monitor_data' AIRFLOW_CTX_EXECUTION_DATE='2025-03-26T11:32:00+00:00' AIRFLOW_CTX_TRY_NUMBER='1' AIRFLOW_CTX_DAG_RUN_ID='scheduled__2025-03-26T11:32:00+00:00'
[2025-03-26T11:33:17.326+0000] {taskinstance.py:732} INFO - ::endgroup::
[2025-03-26T11:33:17.373+0000] {docker.py:353} INFO - Starting docker container from image weather-monitor:light
[2025-03-26T11:33:22.488+0000] {docker.py:73} INFO - /usr/local/lib/python3.12/site-packages/evidently/utils/visualizations.py:1235: FutureWarning: 'H' is deprecated and will be removed in a future version, please use 'h' instead.
[2025-03-26T11:33:22.488+0000] {docker.py:73} INFO -   dt_plot_df["per"] = dt_plot_df[datetime_name].dt.to_period(freq=freq)
[2025-03-26T11:33:22.499+0000] {docker.py:73} INFO - /usr/local/lib/python3.12/site-packages/evidently/utils/visualizations.py:1235: FutureWarning: 'H' is deprecated and will be removed in a future version, please use 'h' instead.
[2025-03-26T11:33:22.500+0000] {docker.py:73} INFO -   dt_plot_df["per"] = dt_plot_df[datetime_name].dt.to_period(freq=freq)
[2025-03-26T11:33:22.509+0000] {docker.py:73} INFO - /usr/local/lib/python3.12/site-packages/evidently/utils/visualizations.py:1235: FutureWarning: 'H' is deprecated and will be removed in a future version, please use 'h' instead.
[2025-03-26T11:33:22.510+0000] {docker.py:73} INFO -   dt_plot_df["per"] = dt_plot_df[datetime_name].dt.to_period(freq=freq)
[2025-03-26T11:33:22.527+0000] {docker.py:73} INFO - /usr/local/lib/python3.12/site-packages/scipy/stats/_stats_py.py:7335: RuntimeWarning: divide by zero encountered in divide
[2025-03-26T11:33:22.527+0000] {docker.py:73} INFO -   terms = (f_obs - f_exp)**2 / f_exp
[2025-03-26T11:33:22.544+0000] {docker.py:73} INFO - /usr/local/lib/python3.12/site-packages/evidently/utils/visualizations.py:1235: FutureWarning: 'H' is deprecated and will be removed in a future version, please use 'h' instead.
[2025-03-26T11:33:22.544+0000] {docker.py:73} INFO -   dt_plot_df["per"] = dt_plot_df[datetime_name].dt.to_period(freq=freq)
[2025-03-26T11:33:22.554+0000] {docker.py:73} INFO - /usr/local/lib/python3.12/site-packages/evidently/utils/visualizations.py:1235: FutureWarning: 'H' is deprecated and will be removed in a future version, please use 'h' instead.
[2025-03-26T11:33:22.555+0000] {docker.py:73} INFO -   dt_plot_df["per"] = dt_plot_df[datetime_name].dt.to_period(freq=freq)
[2025-03-26T11:33:22.564+0000] {docker.py:73} INFO - /usr/local/lib/python3.12/site-packages/evidently/utils/visualizations.py:1235: FutureWarning: 'H' is deprecated and will be removed in a future version, please use 'h' instead.
[2025-03-26T11:33:22.565+0000] {docker.py:73} INFO -   dt_plot_df["per"] = dt_plot_df[datetime_name].dt.to_period(freq=freq)
[2025-03-26T11:33:22.580+0000] {docker.py:73} INFO - /usr/local/lib/python3.12/site-packages/scipy/stats/_stats_py.py:7335: RuntimeWarning: divide by zero encountered in divide
[2025-03-26T11:33:22.580+0000] {docker.py:73} INFO -   terms = (f_obs - f_exp)**2 / f_exp
[2025-03-26T11:33:23.094+0000] {docker.py:73} INFO - INFO:src.logger.logger:Drift report saved to /data/drift_report.html
[2025-03-26T11:33:23.971+0000] {taskinstance.py:341} INFO - ::group::Post task execution logs
[2025-03-26T11:33:23.972+0000] {taskinstance.py:353} INFO - Marking task as SUCCESS. dag_id=weather_data_monitoring, task_id=monitor_data, run_id=scheduled__2025-03-26T11:32:00+00:00, execution_date=20250326T113200, start_date=20250326T113317, end_date=20250326T113323
[2025-03-26T11:33:24.032+0000] {local_task_job_runner.py:266} INFO - Task exited with return code 0
[2025-03-26T11:33:24.048+0000] {taskinstance.py:3901} INFO - 0 downstream tasks scheduled from follow-on schedule check
[2025-03-26T11:33:24.049+0000] {local_task_job_runner.py:245} INFO - ::endgroup::
