[2025-03-26T12:54:00.520+0000] {processor.py:186} INFO - Started process (PID=100036) to work on /home/ubuntu/MLFlow/dags/weather_monitor_dag.py
[2025-03-26T12:54:00.522+0000] {processor.py:914} INFO - Processing file /home/ubuntu/MLFlow/dags/weather_monitor_dag.py for tasks to queue
[2025-03-26T12:54:00.526+0000] {logging_mixin.py:190} INFO - [2025-03-26T12:54:00.525+0000] {dagbag.py:588} INFO - Filling up the DagBag from /home/ubuntu/MLFlow/dags/weather_monitor_dag.py
[2025-03-26T12:54:00.550+0000] {processor.py:925} INFO - DAG(s) 'weather_data_monitoring' retrieved from /home/ubuntu/MLFlow/dags/weather_monitor_dag.py
[2025-03-26T12:54:00.767+0000] {logging_mixin.py:190} INFO - [2025-03-26T12:54:00.766+0000] {override.py:1930} INFO - Created Permission View: can read on DAG:weather_data_monitoring
[2025-03-26T12:54:00.802+0000] {logging_mixin.py:190} INFO - [2025-03-26T12:54:00.801+0000] {override.py:1930} INFO - Created Permission View: can edit on DAG:weather_data_monitoring
[2025-03-26T12:54:00.830+0000] {logging_mixin.py:190} INFO - [2025-03-26T12:54:00.830+0000] {override.py:1930} INFO - Created Permission View: can delete on DAG:weather_data_monitoring
[2025-03-26T12:54:00.857+0000] {logging_mixin.py:190} INFO - [2025-03-26T12:54:00.857+0000] {override.py:1930} INFO - Created Permission View: can read on DAG Run:weather_data_monitoring
[2025-03-26T12:54:00.880+0000] {logging_mixin.py:190} INFO - [2025-03-26T12:54:00.880+0000] {override.py:1930} INFO - Created Permission View: menu access on DAG Run:weather_data_monitoring
[2025-03-26T12:54:00.909+0000] {logging_mixin.py:190} INFO - [2025-03-26T12:54:00.908+0000] {override.py:1930} INFO - Created Permission View: can create on DAG Run:weather_data_monitoring
[2025-03-26T12:54:00.930+0000] {logging_mixin.py:190} INFO - [2025-03-26T12:54:00.930+0000] {override.py:1930} INFO - Created Permission View: can delete on DAG Run:weather_data_monitoring
[2025-03-26T12:54:00.931+0000] {logging_mixin.py:190} INFO - [2025-03-26T12:54:00.930+0000] {dag.py:3239} INFO - Sync 1 DAGs
[2025-03-26T12:54:00.953+0000] {logging_mixin.py:190} INFO - [2025-03-26T12:54:00.953+0000] {dag.py:3262} INFO - Creating ORM DAG for weather_data_monitoring
[2025-03-26T12:54:00.970+0000] {logging_mixin.py:190} INFO - [2025-03-26T12:54:00.969+0000] {dag.py:4180} INFO - Setting next_dagrun for weather_data_monitoring to 2025-03-26 12:53:00+00:00, run_after=2025-03-26 12:54:00+00:00
[2025-03-26T12:54:01.002+0000] {processor.py:208} INFO - Processing /home/ubuntu/MLFlow/dags/weather_monitor_dag.py took 0.495 seconds
[2025-03-26T12:55:19.099+0000] {processor.py:186} INFO - Started process (PID=100257) to work on /home/ubuntu/MLFlow/dags/weather_monitor_dag.py
[2025-03-26T12:55:19.101+0000] {processor.py:914} INFO - Processing file /home/ubuntu/MLFlow/dags/weather_monitor_dag.py for tasks to queue
[2025-03-26T12:55:19.104+0000] {logging_mixin.py:190} INFO - [2025-03-26T12:55:19.103+0000] {dagbag.py:588} INFO - Filling up the DagBag from /home/ubuntu/MLFlow/dags/weather_monitor_dag.py
[2025-03-26T12:55:19.120+0000] {processor.py:925} INFO - DAG(s) 'weather_data_monitoring' retrieved from /home/ubuntu/MLFlow/dags/weather_monitor_dag.py
[2025-03-26T12:55:19.139+0000] {logging_mixin.py:190} INFO - [2025-03-26T12:55:19.139+0000] {dag.py:3239} INFO - Sync 1 DAGs
[2025-03-26T12:55:19.165+0000] {logging_mixin.py:190} INFO - [2025-03-26T12:55:19.165+0000] {dag.py:4180} INFO - Setting next_dagrun for weather_data_monitoring to 2025-03-26 12:54:00+00:00, run_after=2025-03-26 12:55:00+00:00
[2025-03-26T12:55:19.192+0000] {processor.py:208} INFO - Processing /home/ubuntu/MLFlow/dags/weather_monitor_dag.py took 0.099 seconds
[2025-03-26T12:55:56.887+0000] {processor.py:186} INFO - Started process (PID=100383) to work on /home/ubuntu/MLFlow/dags/weather_monitor_dag.py
[2025-03-26T12:55:56.889+0000] {processor.py:914} INFO - Processing file /home/ubuntu/MLFlow/dags/weather_monitor_dag.py for tasks to queue
[2025-03-26T12:55:56.891+0000] {logging_mixin.py:190} INFO - [2025-03-26T12:55:56.891+0000] {dagbag.py:588} INFO - Filling up the DagBag from /home/ubuntu/MLFlow/dags/weather_monitor_dag.py
[2025-03-26T12:55:56.906+0000] {processor.py:925} INFO - DAG(s) 'weather_data_monitoring' retrieved from /home/ubuntu/MLFlow/dags/weather_monitor_dag.py
[2025-03-26T12:55:56.925+0000] {logging_mixin.py:190} INFO - [2025-03-26T12:55:56.925+0000] {dag.py:3239} INFO - Sync 1 DAGs
[2025-03-26T12:55:56.951+0000] {logging_mixin.py:190} INFO - [2025-03-26T12:55:56.951+0000] {dag.py:4180} INFO - Setting next_dagrun for weather_data_monitoring to 2025-03-26 12:54:00+00:00, run_after=2025-03-26 12:55:00+00:00
[2025-03-26T12:55:56.981+0000] {processor.py:208} INFO - Processing /home/ubuntu/MLFlow/dags/weather_monitor_dag.py took 0.100 seconds
[2025-03-26T12:56:29.186+0000] {processor.py:186} INFO - Started process (PID=100477) to work on /home/ubuntu/MLFlow/dags/weather_monitor_dag.py
[2025-03-26T12:56:29.187+0000] {processor.py:914} INFO - Processing file /home/ubuntu/MLFlow/dags/weather_monitor_dag.py for tasks to queue
[2025-03-26T12:56:29.189+0000] {logging_mixin.py:190} INFO - [2025-03-26T12:56:29.188+0000] {dagbag.py:588} INFO - Filling up the DagBag from /home/ubuntu/MLFlow/dags/weather_monitor_dag.py
[2025-03-26T12:56:29.203+0000] {processor.py:925} INFO - DAG(s) 'weather_data_monitoring' retrieved from /home/ubuntu/MLFlow/dags/weather_monitor_dag.py
[2025-03-26T12:56:29.222+0000] {logging_mixin.py:190} INFO - [2025-03-26T12:56:29.222+0000] {dag.py:3239} INFO - Sync 1 DAGs
[2025-03-26T12:56:29.249+0000] {logging_mixin.py:190} INFO - [2025-03-26T12:56:29.248+0000] {dag.py:4180} INFO - Setting next_dagrun for weather_data_monitoring to 2025-03-26 12:55:00+00:00, run_after=2025-03-26 12:56:00+00:00
[2025-03-26T12:56:29.275+0000] {processor.py:208} INFO - Processing /home/ubuntu/MLFlow/dags/weather_monitor_dag.py took 0.095 seconds
[2025-03-26T12:57:01.845+0000] {processor.py:186} INFO - Started process (PID=100595) to work on /home/ubuntu/MLFlow/dags/weather_monitor_dag.py
[2025-03-26T12:57:01.849+0000] {processor.py:914} INFO - Processing file /home/ubuntu/MLFlow/dags/weather_monitor_dag.py for tasks to queue
[2025-03-26T12:57:01.852+0000] {logging_mixin.py:190} INFO - [2025-03-26T12:57:01.852+0000] {dagbag.py:588} INFO - Filling up the DagBag from /home/ubuntu/MLFlow/dags/weather_monitor_dag.py
[2025-03-26T12:57:01.869+0000] {processor.py:925} INFO - DAG(s) 'weather_data_monitoring' retrieved from /home/ubuntu/MLFlow/dags/weather_monitor_dag.py
[2025-03-26T12:57:01.891+0000] {logging_mixin.py:190} INFO - [2025-03-26T12:57:01.890+0000] {dag.py:3239} INFO - Sync 1 DAGs
[2025-03-26T12:57:01.917+0000] {logging_mixin.py:190} INFO - [2025-03-26T12:57:01.917+0000] {dag.py:4180} INFO - Setting next_dagrun for weather_data_monitoring to 2025-03-26 12:56:00+00:00, run_after=2025-03-26 12:57:00+00:00
[2025-03-26T12:57:01.949+0000] {processor.py:208} INFO - Processing /home/ubuntu/MLFlow/dags/weather_monitor_dag.py took 0.110 seconds
[2025-03-26T12:57:35.146+0000] {processor.py:186} INFO - Started process (PID=100715) to work on /home/ubuntu/MLFlow/dags/weather_monitor_dag.py
[2025-03-26T12:57:35.147+0000] {processor.py:914} INFO - Processing file /home/ubuntu/MLFlow/dags/weather_monitor_dag.py for tasks to queue
[2025-03-26T12:57:35.152+0000] {logging_mixin.py:190} INFO - [2025-03-26T12:57:35.152+0000] {dagbag.py:588} INFO - Filling up the DagBag from /home/ubuntu/MLFlow/dags/weather_monitor_dag.py
[2025-03-26T12:57:35.174+0000] {processor.py:925} INFO - DAG(s) 'weather_data_monitoring' retrieved from /home/ubuntu/MLFlow/dags/weather_monitor_dag.py
[2025-03-26T12:57:35.196+0000] {logging_mixin.py:190} INFO - [2025-03-26T12:57:35.196+0000] {dag.py:3239} INFO - Sync 1 DAGs
[2025-03-26T12:57:35.231+0000] {logging_mixin.py:190} INFO - [2025-03-26T12:57:35.231+0000] {dag.py:4180} INFO - Setting next_dagrun for weather_data_monitoring to 2025-03-26 12:56:00+00:00, run_after=2025-03-26 12:57:00+00:00
[2025-03-26T12:57:35.260+0000] {processor.py:208} INFO - Processing /home/ubuntu/MLFlow/dags/weather_monitor_dag.py took 0.121 seconds
[2025-03-26T12:58:08.250+0000] {processor.py:186} INFO - Started process (PID=100775) to work on /home/ubuntu/MLFlow/dags/weather_monitor_dag.py
[2025-03-26T12:58:08.252+0000] {processor.py:914} INFO - Processing file /home/ubuntu/MLFlow/dags/weather_monitor_dag.py for tasks to queue
[2025-03-26T12:58:08.255+0000] {logging_mixin.py:190} INFO - [2025-03-26T12:58:08.254+0000] {dagbag.py:588} INFO - Filling up the DagBag from /home/ubuntu/MLFlow/dags/weather_monitor_dag.py
[2025-03-26T12:58:08.269+0000] {processor.py:925} INFO - DAG(s) 'weather_data_monitoring' retrieved from /home/ubuntu/MLFlow/dags/weather_monitor_dag.py
[2025-03-26T12:58:08.293+0000] {logging_mixin.py:190} INFO - [2025-03-26T12:58:08.293+0000] {dag.py:3239} INFO - Sync 1 DAGs
[2025-03-26T12:58:08.323+0000] {logging_mixin.py:190} INFO - [2025-03-26T12:58:08.323+0000] {dag.py:4180} INFO - Setting next_dagrun for weather_data_monitoring to 2025-03-26 12:57:00+00:00, run_after=2025-03-26 12:58:00+00:00
[2025-03-26T12:58:08.354+0000] {processor.py:208} INFO - Processing /home/ubuntu/MLFlow/dags/weather_monitor_dag.py took 0.110 seconds
[2025-03-26T12:58:39.964+0000] {processor.py:186} INFO - Started process (PID=100831) to work on /home/ubuntu/MLFlow/dags/weather_monitor_dag.py
[2025-03-26T12:58:39.965+0000] {processor.py:914} INFO - Processing file /home/ubuntu/MLFlow/dags/weather_monitor_dag.py for tasks to queue
[2025-03-26T12:58:39.967+0000] {logging_mixin.py:190} INFO - [2025-03-26T12:58:39.967+0000] {dagbag.py:588} INFO - Filling up the DagBag from /home/ubuntu/MLFlow/dags/weather_monitor_dag.py
[2025-03-26T12:58:39.982+0000] {processor.py:925} INFO - DAG(s) 'weather_data_monitoring' retrieved from /home/ubuntu/MLFlow/dags/weather_monitor_dag.py
[2025-03-26T12:58:40.005+0000] {logging_mixin.py:190} INFO - [2025-03-26T12:58:40.005+0000] {dag.py:3239} INFO - Sync 1 DAGs
[2025-03-26T12:58:40.034+0000] {logging_mixin.py:190} INFO - [2025-03-26T12:58:40.034+0000] {dag.py:4180} INFO - Setting next_dagrun for weather_data_monitoring to 2025-03-26 12:57:00+00:00, run_after=2025-03-26 12:58:00+00:00
[2025-03-26T12:58:40.066+0000] {processor.py:208} INFO - Processing /home/ubuntu/MLFlow/dags/weather_monitor_dag.py took 0.111 seconds
[2025-03-26T12:59:10.754+0000] {processor.py:186} INFO - Started process (PID=100898) to work on /home/ubuntu/MLFlow/dags/weather_monitor_dag.py
[2025-03-26T12:59:10.755+0000] {processor.py:914} INFO - Processing file /home/ubuntu/MLFlow/dags/weather_monitor_dag.py for tasks to queue
[2025-03-26T12:59:10.758+0000] {logging_mixin.py:190} INFO - [2025-03-26T12:59:10.757+0000] {dagbag.py:588} INFO - Filling up the DagBag from /home/ubuntu/MLFlow/dags/weather_monitor_dag.py
[2025-03-26T12:59:10.773+0000] {processor.py:925} INFO - DAG(s) 'weather_data_monitoring' retrieved from /home/ubuntu/MLFlow/dags/weather_monitor_dag.py
[2025-03-26T12:59:10.799+0000] {logging_mixin.py:190} INFO - [2025-03-26T12:59:10.799+0000] {dag.py:3239} INFO - Sync 1 DAGs
[2025-03-26T12:59:10.833+0000] {logging_mixin.py:190} INFO - [2025-03-26T12:59:10.832+0000] {dag.py:4180} INFO - Setting next_dagrun for weather_data_monitoring to 2025-03-26 12:58:00+00:00, run_after=2025-03-26 12:59:00+00:00
[2025-03-26T12:59:10.866+0000] {processor.py:208} INFO - Processing /home/ubuntu/MLFlow/dags/weather_monitor_dag.py took 0.118 seconds
[2025-03-26T12:59:43.201+0000] {processor.py:186} INFO - Started process (PID=101031) to work on /home/ubuntu/MLFlow/dags/weather_monitor_dag.py
[2025-03-26T12:59:43.203+0000] {processor.py:914} INFO - Processing file /home/ubuntu/MLFlow/dags/weather_monitor_dag.py for tasks to queue
[2025-03-26T12:59:43.205+0000] {logging_mixin.py:190} INFO - [2025-03-26T12:59:43.205+0000] {dagbag.py:588} INFO - Filling up the DagBag from /home/ubuntu/MLFlow/dags/weather_monitor_dag.py
[2025-03-26T12:59:43.220+0000] {processor.py:925} INFO - DAG(s) 'weather_data_monitoring' retrieved from /home/ubuntu/MLFlow/dags/weather_monitor_dag.py
[2025-03-26T12:59:43.243+0000] {logging_mixin.py:190} INFO - [2025-03-26T12:59:43.243+0000] {dag.py:3239} INFO - Sync 1 DAGs
[2025-03-26T12:59:43.269+0000] {logging_mixin.py:190} INFO - [2025-03-26T12:59:43.269+0000] {dag.py:4180} INFO - Setting next_dagrun for weather_data_monitoring to 2025-03-26 12:58:00+00:00, run_after=2025-03-26 12:59:00+00:00
[2025-03-26T12:59:43.297+0000] {processor.py:208} INFO - Processing /home/ubuntu/MLFlow/dags/weather_monitor_dag.py took 0.102 seconds
[2025-03-26T13:00:14.274+0000] {processor.py:186} INFO - Started process (PID=101087) to work on /home/ubuntu/MLFlow/dags/weather_monitor_dag.py
[2025-03-26T13:00:14.275+0000] {processor.py:914} INFO - Processing file /home/ubuntu/MLFlow/dags/weather_monitor_dag.py for tasks to queue
[2025-03-26T13:00:14.278+0000] {logging_mixin.py:190} INFO - [2025-03-26T13:00:14.277+0000] {dagbag.py:588} INFO - Filling up the DagBag from /home/ubuntu/MLFlow/dags/weather_monitor_dag.py
[2025-03-26T13:00:14.295+0000] {processor.py:925} INFO - DAG(s) 'weather_data_monitoring' retrieved from /home/ubuntu/MLFlow/dags/weather_monitor_dag.py
[2025-03-26T13:00:14.315+0000] {logging_mixin.py:190} INFO - [2025-03-26T13:00:14.315+0000] {dag.py:3239} INFO - Sync 1 DAGs
[2025-03-26T13:00:14.344+0000] {logging_mixin.py:190} INFO - [2025-03-26T13:00:14.344+0000] {dag.py:4180} INFO - Setting next_dagrun for weather_data_monitoring to 2025-03-26 12:59:00+00:00, run_after=2025-03-26 13:00:00+00:00
[2025-03-26T13:00:14.372+0000] {processor.py:208} INFO - Processing /home/ubuntu/MLFlow/dags/weather_monitor_dag.py took 0.106 seconds
[2025-03-26T13:00:45.427+0000] {processor.py:186} INFO - Started process (PID=101128) to work on /home/ubuntu/MLFlow/dags/weather_monitor_dag.py
[2025-03-26T13:00:45.429+0000] {processor.py:914} INFO - Processing file /home/ubuntu/MLFlow/dags/weather_monitor_dag.py for tasks to queue
[2025-03-26T13:00:45.432+0000] {logging_mixin.py:190} INFO - [2025-03-26T13:00:45.432+0000] {dagbag.py:588} INFO - Filling up the DagBag from /home/ubuntu/MLFlow/dags/weather_monitor_dag.py
[2025-03-26T13:00:45.456+0000] {processor.py:925} INFO - DAG(s) 'weather_data_monitoring' retrieved from /home/ubuntu/MLFlow/dags/weather_monitor_dag.py
[2025-03-26T13:00:45.481+0000] {logging_mixin.py:190} INFO - [2025-03-26T13:00:45.481+0000] {dag.py:3239} INFO - Sync 1 DAGs
[2025-03-26T13:00:45.520+0000] {logging_mixin.py:190} INFO - [2025-03-26T13:00:45.520+0000] {dag.py:4180} INFO - Setting next_dagrun for weather_data_monitoring to 2025-03-26 12:59:00+00:00, run_after=2025-03-26 13:00:00+00:00
[2025-03-26T13:00:45.553+0000] {processor.py:208} INFO - Processing /home/ubuntu/MLFlow/dags/weather_monitor_dag.py took 0.135 seconds
[2025-03-26T13:01:17.997+0000] {processor.py:186} INFO - Started process (PID=101160) to work on /home/ubuntu/MLFlow/dags/weather_monitor_dag.py
[2025-03-26T13:01:17.998+0000] {processor.py:914} INFO - Processing file /home/ubuntu/MLFlow/dags/weather_monitor_dag.py for tasks to queue
[2025-03-26T13:01:18.001+0000] {logging_mixin.py:190} INFO - [2025-03-26T13:01:18.000+0000] {dagbag.py:588} INFO - Filling up the DagBag from /home/ubuntu/MLFlow/dags/weather_monitor_dag.py
[2025-03-26T13:01:18.016+0000] {processor.py:925} INFO - DAG(s) 'weather_data_monitoring' retrieved from /home/ubuntu/MLFlow/dags/weather_monitor_dag.py
[2025-03-26T13:01:18.034+0000] {logging_mixin.py:190} INFO - [2025-03-26T13:01:18.034+0000] {dag.py:3239} INFO - Sync 1 DAGs
[2025-03-26T13:01:18.066+0000] {logging_mixin.py:190} INFO - [2025-03-26T13:01:18.066+0000] {dag.py:4180} INFO - Setting next_dagrun for weather_data_monitoring to 2025-03-26 13:00:00+00:00, run_after=2025-03-26 13:01:00+00:00
[2025-03-26T13:01:18.095+0000] {processor.py:208} INFO - Processing /home/ubuntu/MLFlow/dags/weather_monitor_dag.py took 0.106 seconds
[2025-03-26T13:01:50.409+0000] {processor.py:186} INFO - Started process (PID=101193) to work on /home/ubuntu/MLFlow/dags/weather_monitor_dag.py
[2025-03-26T13:01:50.411+0000] {processor.py:914} INFO - Processing file /home/ubuntu/MLFlow/dags/weather_monitor_dag.py for tasks to queue
[2025-03-26T13:01:50.413+0000] {logging_mixin.py:190} INFO - [2025-03-26T13:01:50.413+0000] {dagbag.py:588} INFO - Filling up the DagBag from /home/ubuntu/MLFlow/dags/weather_monitor_dag.py
[2025-03-26T13:01:50.430+0000] {processor.py:925} INFO - DAG(s) 'weather_data_monitoring' retrieved from /home/ubuntu/MLFlow/dags/weather_monitor_dag.py
[2025-03-26T13:01:50.450+0000] {logging_mixin.py:190} INFO - [2025-03-26T13:01:50.449+0000] {dag.py:3239} INFO - Sync 1 DAGs
[2025-03-26T13:01:50.491+0000] {logging_mixin.py:190} INFO - [2025-03-26T13:01:50.491+0000] {dag.py:4180} INFO - Setting next_dagrun for weather_data_monitoring to 2025-03-26 13:00:00+00:00, run_after=2025-03-26 13:01:00+00:00
[2025-03-26T13:01:50.530+0000] {processor.py:208} INFO - Processing /home/ubuntu/MLFlow/dags/weather_monitor_dag.py took 0.128 seconds
