[2025-03-26T12:54:02.171+0000] {processor.py:186} INFO - Started process (PID=100047) to work on /home/ubuntu/MLFlow/dags/weather_dag.py
[2025-03-26T12:54:02.184+0000] {processor.py:914} INFO - Processing file /home/ubuntu/MLFlow/dags/weather_dag.py for tasks to queue
[2025-03-26T12:54:02.195+0000] {logging_mixin.py:190} INFO - [2025-03-26T12:54:02.194+0000] {dagbag.py:588} INFO - Filling up the DagBag from /home/ubuntu/MLFlow/dags/weather_dag.py
[2025-03-26T12:54:02.226+0000] {processor.py:925} INFO - DAG(s) 'weather_data_collection' retrieved from /home/ubuntu/MLFlow/dags/weather_dag.py
[2025-03-26T12:54:02.615+0000] {logging_mixin.py:190} INFO - [2025-03-26T12:54:02.614+0000] {override.py:1930} INFO - Created Permission View: can read on DAG:weather_data_collection
[2025-03-26T12:54:02.661+0000] {logging_mixin.py:190} INFO - [2025-03-26T12:54:02.660+0000] {override.py:1930} INFO - Created Permission View: can edit on DAG:weather_data_collection
[2025-03-26T12:54:02.694+0000] {logging_mixin.py:190} INFO - [2025-03-26T12:54:02.693+0000] {override.py:1930} INFO - Created Permission View: can delete on DAG:weather_data_collection
[2025-03-26T12:54:02.719+0000] {logging_mixin.py:190} INFO - [2025-03-26T12:54:02.719+0000] {override.py:1930} INFO - Created Permission View: can read on DAG Run:weather_data_collection
[2025-03-26T12:54:02.754+0000] {logging_mixin.py:190} INFO - [2025-03-26T12:54:02.753+0000] {override.py:1930} INFO - Created Permission View: menu access on DAG Run:weather_data_collection
[2025-03-26T12:54:02.788+0000] {logging_mixin.py:190} INFO - [2025-03-26T12:54:02.787+0000] {override.py:1930} INFO - Created Permission View: can create on DAG Run:weather_data_collection
[2025-03-26T12:54:02.812+0000] {logging_mixin.py:190} INFO - [2025-03-26T12:54:02.811+0000] {override.py:1930} INFO - Created Permission View: can delete on DAG Run:weather_data_collection
[2025-03-26T12:54:02.812+0000] {logging_mixin.py:190} INFO - [2025-03-26T12:54:02.812+0000] {dag.py:3239} INFO - Sync 1 DAGs
[2025-03-26T12:54:02.870+0000] {logging_mixin.py:190} INFO - [2025-03-26T12:54:02.869+0000] {dag.py:3262} INFO - Creating ORM DAG for weather_data_collection
[2025-03-26T12:54:02.908+0000] {logging_mixin.py:190} INFO - [2025-03-26T12:54:02.907+0000] {dag.py:4180} INFO - Setting next_dagrun for weather_data_collection to 2025-03-26 12:53:00+00:00, run_after=2025-03-26 12:54:00+00:00
[2025-03-26T12:54:02.999+0000] {processor.py:208} INFO - Processing /home/ubuntu/MLFlow/dags/weather_dag.py took 0.835 seconds
[2025-03-26T12:55:20.354+0000] {processor.py:186} INFO - Started process (PID=100259) to work on /home/ubuntu/MLFlow/dags/weather_dag.py
[2025-03-26T12:55:20.355+0000] {processor.py:914} INFO - Processing file /home/ubuntu/MLFlow/dags/weather_dag.py for tasks to queue
[2025-03-26T12:55:20.360+0000] {logging_mixin.py:190} INFO - [2025-03-26T12:55:20.359+0000] {dagbag.py:588} INFO - Filling up the DagBag from /home/ubuntu/MLFlow/dags/weather_dag.py
[2025-03-26T12:55:20.376+0000] {processor.py:925} INFO - DAG(s) 'weather_data_collection' retrieved from /home/ubuntu/MLFlow/dags/weather_dag.py
[2025-03-26T12:55:20.398+0000] {logging_mixin.py:190} INFO - [2025-03-26T12:55:20.398+0000] {dag.py:3239} INFO - Sync 1 DAGs
[2025-03-26T12:55:20.431+0000] {logging_mixin.py:190} INFO - [2025-03-26T12:55:20.431+0000] {dag.py:4180} INFO - Setting next_dagrun for weather_data_collection to 2025-03-26 12:54:00+00:00, run_after=2025-03-26 12:55:00+00:00
[2025-03-26T12:55:20.463+0000] {processor.py:208} INFO - Processing /home/ubuntu/MLFlow/dags/weather_dag.py took 0.115 seconds
[2025-03-26T12:55:58.144+0000] {processor.py:186} INFO - Started process (PID=100388) to work on /home/ubuntu/MLFlow/dags/weather_dag.py
[2025-03-26T12:55:58.145+0000] {processor.py:914} INFO - Processing file /home/ubuntu/MLFlow/dags/weather_dag.py for tasks to queue
[2025-03-26T12:55:58.148+0000] {logging_mixin.py:190} INFO - [2025-03-26T12:55:58.147+0000] {dagbag.py:588} INFO - Filling up the DagBag from /home/ubuntu/MLFlow/dags/weather_dag.py
[2025-03-26T12:55:58.161+0000] {processor.py:925} INFO - DAG(s) 'weather_data_collection' retrieved from /home/ubuntu/MLFlow/dags/weather_dag.py
[2025-03-26T12:55:58.180+0000] {logging_mixin.py:190} INFO - [2025-03-26T12:55:58.180+0000] {dag.py:3239} INFO - Sync 1 DAGs
[2025-03-26T12:55:58.210+0000] {logging_mixin.py:190} INFO - [2025-03-26T12:55:58.210+0000] {dag.py:4180} INFO - Setting next_dagrun for weather_data_collection to 2025-03-26 12:54:00+00:00, run_after=2025-03-26 12:55:00+00:00
[2025-03-26T12:55:58.248+0000] {processor.py:208} INFO - Processing /home/ubuntu/MLFlow/dags/weather_dag.py took 0.111 seconds
[2025-03-26T12:56:30.354+0000] {processor.py:186} INFO - Started process (PID=100478) to work on /home/ubuntu/MLFlow/dags/weather_dag.py
[2025-03-26T12:56:30.355+0000] {processor.py:914} INFO - Processing file /home/ubuntu/MLFlow/dags/weather_dag.py for tasks to queue
[2025-03-26T12:56:30.357+0000] {logging_mixin.py:190} INFO - [2025-03-26T12:56:30.357+0000] {dagbag.py:588} INFO - Filling up the DagBag from /home/ubuntu/MLFlow/dags/weather_dag.py
[2025-03-26T12:56:30.376+0000] {processor.py:925} INFO - DAG(s) 'weather_data_collection' retrieved from /home/ubuntu/MLFlow/dags/weather_dag.py
[2025-03-26T12:56:30.397+0000] {logging_mixin.py:190} INFO - [2025-03-26T12:56:30.396+0000] {dag.py:3239} INFO - Sync 1 DAGs
[2025-03-26T12:56:30.441+0000] {logging_mixin.py:190} INFO - [2025-03-26T12:56:30.441+0000] {dag.py:4180} INFO - Setting next_dagrun for weather_data_collection to 2025-03-26 12:55:00+00:00, run_after=2025-03-26 12:56:00+00:00
[2025-03-26T12:56:30.490+0000] {processor.py:208} INFO - Processing /home/ubuntu/MLFlow/dags/weather_dag.py took 0.142 seconds
[2025-03-26T12:57:02.182+0000] {processor.py:186} INFO - Started process (PID=100596) to work on /home/ubuntu/MLFlow/dags/weather_dag.py
[2025-03-26T12:57:02.184+0000] {processor.py:914} INFO - Processing file /home/ubuntu/MLFlow/dags/weather_dag.py for tasks to queue
[2025-03-26T12:57:02.187+0000] {logging_mixin.py:190} INFO - [2025-03-26T12:57:02.186+0000] {dagbag.py:588} INFO - Filling up the DagBag from /home/ubuntu/MLFlow/dags/weather_dag.py
[2025-03-26T12:57:02.203+0000] {processor.py:925} INFO - DAG(s) 'weather_data_collection' retrieved from /home/ubuntu/MLFlow/dags/weather_dag.py
[2025-03-26T12:57:02.223+0000] {logging_mixin.py:190} INFO - [2025-03-26T12:57:02.223+0000] {dag.py:3239} INFO - Sync 1 DAGs
[2025-03-26T12:57:02.249+0000] {logging_mixin.py:190} INFO - [2025-03-26T12:57:02.249+0000] {dag.py:4180} INFO - Setting next_dagrun for weather_data_collection to 2025-03-26 12:56:00+00:00, run_after=2025-03-26 12:57:00+00:00
[2025-03-26T12:57:02.276+0000] {processor.py:208} INFO - Processing /home/ubuntu/MLFlow/dags/weather_dag.py took 0.102 seconds
[2025-03-26T12:57:36.206+0000] {processor.py:186} INFO - Started process (PID=100720) to work on /home/ubuntu/MLFlow/dags/weather_dag.py
[2025-03-26T12:57:36.210+0000] {processor.py:914} INFO - Processing file /home/ubuntu/MLFlow/dags/weather_dag.py for tasks to queue
[2025-03-26T12:57:36.213+0000] {logging_mixin.py:190} INFO - [2025-03-26T12:57:36.212+0000] {dagbag.py:588} INFO - Filling up the DagBag from /home/ubuntu/MLFlow/dags/weather_dag.py
[2025-03-26T12:57:36.235+0000] {processor.py:925} INFO - DAG(s) 'weather_data_collection' retrieved from /home/ubuntu/MLFlow/dags/weather_dag.py
[2025-03-26T12:57:36.261+0000] {logging_mixin.py:190} INFO - [2025-03-26T12:57:36.261+0000] {dag.py:3239} INFO - Sync 1 DAGs
[2025-03-26T12:57:36.289+0000] {logging_mixin.py:190} INFO - [2025-03-26T12:57:36.289+0000] {dag.py:4180} INFO - Setting next_dagrun for weather_data_collection to 2025-03-26 12:56:00+00:00, run_after=2025-03-26 12:57:00+00:00
[2025-03-26T12:57:36.318+0000] {processor.py:208} INFO - Processing /home/ubuntu/MLFlow/dags/weather_dag.py took 0.119 seconds
[2025-03-26T12:58:09.503+0000] {processor.py:186} INFO - Started process (PID=100776) to work on /home/ubuntu/MLFlow/dags/weather_dag.py
[2025-03-26T12:58:09.504+0000] {processor.py:914} INFO - Processing file /home/ubuntu/MLFlow/dags/weather_dag.py for tasks to queue
[2025-03-26T12:58:09.507+0000] {logging_mixin.py:190} INFO - [2025-03-26T12:58:09.506+0000] {dagbag.py:588} INFO - Filling up the DagBag from /home/ubuntu/MLFlow/dags/weather_dag.py
[2025-03-26T12:58:09.521+0000] {processor.py:925} INFO - DAG(s) 'weather_data_collection' retrieved from /home/ubuntu/MLFlow/dags/weather_dag.py
[2025-03-26T12:58:09.540+0000] {logging_mixin.py:190} INFO - [2025-03-26T12:58:09.540+0000] {dag.py:3239} INFO - Sync 1 DAGs
[2025-03-26T12:58:09.565+0000] {logging_mixin.py:190} INFO - [2025-03-26T12:58:09.565+0000] {dag.py:4180} INFO - Setting next_dagrun for weather_data_collection to 2025-03-26 12:57:00+00:00, run_after=2025-03-26 12:58:00+00:00
[2025-03-26T12:58:09.592+0000] {processor.py:208} INFO - Processing /home/ubuntu/MLFlow/dags/weather_dag.py took 0.095 seconds
[2025-03-26T12:58:40.893+0000] {processor.py:186} INFO - Started process (PID=100832) to work on /home/ubuntu/MLFlow/dags/weather_dag.py
[2025-03-26T12:58:40.895+0000] {processor.py:914} INFO - Processing file /home/ubuntu/MLFlow/dags/weather_dag.py for tasks to queue
[2025-03-26T12:58:40.897+0000] {logging_mixin.py:190} INFO - [2025-03-26T12:58:40.897+0000] {dagbag.py:588} INFO - Filling up the DagBag from /home/ubuntu/MLFlow/dags/weather_dag.py
[2025-03-26T12:58:40.917+0000] {processor.py:925} INFO - DAG(s) 'weather_data_collection' retrieved from /home/ubuntu/MLFlow/dags/weather_dag.py
[2025-03-26T12:58:40.942+0000] {logging_mixin.py:190} INFO - [2025-03-26T12:58:40.939+0000] {dag.py:3239} INFO - Sync 1 DAGs
[2025-03-26T12:58:40.975+0000] {logging_mixin.py:190} INFO - [2025-03-26T12:58:40.974+0000] {dag.py:4180} INFO - Setting next_dagrun for weather_data_collection to 2025-03-26 12:57:00+00:00, run_after=2025-03-26 12:58:00+00:00
[2025-03-26T12:58:41.011+0000] {processor.py:208} INFO - Processing /home/ubuntu/MLFlow/dags/weather_dag.py took 0.124 seconds
[2025-03-26T12:59:44.470+0000] {processor.py:186} INFO - Started process (PID=101032) to work on /home/ubuntu/MLFlow/dags/weather_dag.py
[2025-03-26T12:59:44.472+0000] {processor.py:914} INFO - Processing file /home/ubuntu/MLFlow/dags/weather_dag.py for tasks to queue
[2025-03-26T12:59:44.474+0000] {logging_mixin.py:190} INFO - [2025-03-26T12:59:44.473+0000] {dagbag.py:588} INFO - Filling up the DagBag from /home/ubuntu/MLFlow/dags/weather_dag.py
[2025-03-26T12:59:44.489+0000] {processor.py:925} INFO - DAG(s) 'weather_data_collection' retrieved from /home/ubuntu/MLFlow/dags/weather_dag.py
[2025-03-26T12:59:44.507+0000] {logging_mixin.py:190} INFO - [2025-03-26T12:59:44.507+0000] {dag.py:3239} INFO - Sync 1 DAGs
[2025-03-26T12:59:44.533+0000] {logging_mixin.py:190} INFO - [2025-03-26T12:59:44.532+0000] {dag.py:4180} INFO - Setting next_dagrun for weather_data_collection to 2025-03-26 12:58:00+00:00, run_after=2025-03-26 12:59:00+00:00
[2025-03-26T12:59:44.561+0000] {processor.py:208} INFO - Processing /home/ubuntu/MLFlow/dags/weather_dag.py took 0.097 seconds
[2025-03-26T13:00:45.755+0000] {processor.py:186} INFO - Started process (PID=101129) to work on /home/ubuntu/MLFlow/dags/weather_dag.py
[2025-03-26T13:00:45.756+0000] {processor.py:914} INFO - Processing file /home/ubuntu/MLFlow/dags/weather_dag.py for tasks to queue
[2025-03-26T13:00:45.758+0000] {logging_mixin.py:190} INFO - [2025-03-26T13:00:45.758+0000] {dagbag.py:588} INFO - Filling up the DagBag from /home/ubuntu/MLFlow/dags/weather_dag.py
[2025-03-26T13:00:45.773+0000] {processor.py:925} INFO - DAG(s) 'weather_data_collection' retrieved from /home/ubuntu/MLFlow/dags/weather_dag.py
[2025-03-26T13:00:45.794+0000] {logging_mixin.py:190} INFO - [2025-03-26T13:00:45.794+0000] {dag.py:3239} INFO - Sync 1 DAGs
[2025-03-26T13:00:45.822+0000] {logging_mixin.py:190} INFO - [2025-03-26T13:00:45.822+0000] {dag.py:4180} INFO - Setting next_dagrun for weather_data_collection to 2025-03-26 12:59:00+00:00, run_after=2025-03-26 13:00:00+00:00
[2025-03-26T13:00:45.856+0000] {processor.py:208} INFO - Processing /home/ubuntu/MLFlow/dags/weather_dag.py took 0.107 seconds
[2025-03-26T13:01:19.246+0000] {processor.py:186} INFO - Started process (PID=101161) to work on /home/ubuntu/MLFlow/dags/weather_dag.py
[2025-03-26T13:01:19.247+0000] {processor.py:914} INFO - Processing file /home/ubuntu/MLFlow/dags/weather_dag.py for tasks to queue
[2025-03-26T13:01:19.251+0000] {logging_mixin.py:190} INFO - [2025-03-26T13:01:19.250+0000] {dagbag.py:588} INFO - Filling up the DagBag from /home/ubuntu/MLFlow/dags/weather_dag.py
[2025-03-26T13:01:19.270+0000] {processor.py:925} INFO - DAG(s) 'weather_data_collection' retrieved from /home/ubuntu/MLFlow/dags/weather_dag.py
[2025-03-26T13:01:19.292+0000] {logging_mixin.py:190} INFO - [2025-03-26T13:01:19.292+0000] {dag.py:3239} INFO - Sync 1 DAGs
[2025-03-26T13:01:19.323+0000] {logging_mixin.py:190} INFO - [2025-03-26T13:01:19.323+0000] {dag.py:4180} INFO - Setting next_dagrun for weather_data_collection to 2025-03-26 13:00:00+00:00, run_after=2025-03-26 13:01:00+00:00
[2025-03-26T13:01:19.355+0000] {processor.py:208} INFO - Processing /home/ubuntu/MLFlow/dags/weather_dag.py took 0.116 seconds
[2025-03-26T13:01:51.236+0000] {processor.py:186} INFO - Started process (PID=101194) to work on /home/ubuntu/MLFlow/dags/weather_dag.py
[2025-03-26T13:01:51.237+0000] {processor.py:914} INFO - Processing file /home/ubuntu/MLFlow/dags/weather_dag.py for tasks to queue
[2025-03-26T13:01:51.239+0000] {logging_mixin.py:190} INFO - [2025-03-26T13:01:51.239+0000] {dagbag.py:588} INFO - Filling up the DagBag from /home/ubuntu/MLFlow/dags/weather_dag.py
[2025-03-26T13:01:51.254+0000] {processor.py:925} INFO - DAG(s) 'weather_data_collection' retrieved from /home/ubuntu/MLFlow/dags/weather_dag.py
[2025-03-26T13:01:51.275+0000] {logging_mixin.py:190} INFO - [2025-03-26T13:01:51.274+0000] {dag.py:3239} INFO - Sync 1 DAGs
[2025-03-26T13:01:51.302+0000] {logging_mixin.py:190} INFO - [2025-03-26T13:01:51.301+0000] {dag.py:4180} INFO - Setting next_dagrun for weather_data_collection to 2025-03-26 13:00:00+00:00, run_after=2025-03-26 13:01:00+00:00
[2025-03-26T13:01:51.335+0000] {processor.py:208} INFO - Processing /home/ubuntu/MLFlow/dags/weather_dag.py took 0.104 seconds
[2025-03-26T15:55:32.017+0000] {processor.py:186} INFO - Started process (PID=108482) to work on /home/ubuntu/MLFlow/dags/weather_dag.py
[2025-03-26T15:55:32.018+0000] {processor.py:914} INFO - Processing file /home/ubuntu/MLFlow/dags/weather_dag.py for tasks to queue
[2025-03-26T15:55:32.021+0000] {logging_mixin.py:190} INFO - [2025-03-26T15:55:32.021+0000] {dagbag.py:587} INFO - Filling up the DagBag from /home/ubuntu/MLFlow/dags/weather_dag.py
[2025-03-26T15:55:32.037+0000] {processor.py:925} INFO - DAG(s) 'weather_data_collection' retrieved from /home/ubuntu/MLFlow/dags/weather_dag.py
[2025-03-26T15:55:32.176+0000] {logging_mixin.py:190} INFO - [2025-03-26T15:55:32.176+0000] {override.py:1930} INFO - Created Permission View: can delete on DAG:weather_data_collection
[2025-03-26T15:55:32.378+0000] {logging_mixin.py:190} INFO - [2025-03-26T15:55:32.377+0000] {override.py:1930} INFO - Created Permission View: can read on DAG:weather_data_collection
[2025-03-26T15:55:32.391+0000] {logging_mixin.py:190} INFO - [2025-03-26T15:55:32.390+0000] {override.py:1930} INFO - Created Permission View: can edit on DAG:weather_data_collection
[2025-03-26T15:55:32.415+0000] {logging_mixin.py:190} INFO - [2025-03-26T15:55:32.415+0000] {override.py:1930} INFO - Created Permission View: can delete on DAG Run:weather_data_collection
[2025-03-26T15:55:32.428+0000] {logging_mixin.py:190} INFO - [2025-03-26T15:55:32.428+0000] {override.py:1930} INFO - Created Permission View: can create on DAG Run:weather_data_collection
[2025-03-26T15:55:32.441+0000] {logging_mixin.py:190} INFO - [2025-03-26T15:55:32.440+0000] {override.py:1930} INFO - Created Permission View: menu access on DAG Run:weather_data_collection
[2025-03-26T15:55:32.454+0000] {logging_mixin.py:190} INFO - [2025-03-26T15:55:32.453+0000] {override.py:1930} INFO - Created Permission View: can read on DAG Run:weather_data_collection
[2025-03-26T15:55:32.455+0000] {logging_mixin.py:190} INFO - [2025-03-26T15:55:32.455+0000] {dag.py:3211} INFO - Sync 1 DAGs
[2025-03-26T15:55:32.469+0000] {logging_mixin.py:190} INFO - [2025-03-26T15:55:32.469+0000] {dag.py:3234} INFO - Creating ORM DAG for weather_data_collection
[2025-03-26T15:55:32.481+0000] {logging_mixin.py:190} INFO - [2025-03-26T15:55:32.481+0000] {dag.py:4138} INFO - Setting next_dagrun for weather_data_collection to 2025-03-26 15:54:00+00:00, run_after=2025-03-26 15:55:00+00:00
[2025-03-26T15:55:32.506+0000] {processor.py:208} INFO - Processing /home/ubuntu/MLFlow/dags/weather_dag.py took 0.498 seconds
[2025-03-26T15:56:02.945+0000] {processor.py:186} INFO - Started process (PID=108590) to work on /home/ubuntu/MLFlow/dags/weather_dag.py
[2025-03-26T15:56:02.947+0000] {processor.py:914} INFO - Processing file /home/ubuntu/MLFlow/dags/weather_dag.py for tasks to queue
[2025-03-26T15:56:02.949+0000] {logging_mixin.py:190} INFO - [2025-03-26T15:56:02.949+0000] {dagbag.py:587} INFO - Filling up the DagBag from /home/ubuntu/MLFlow/dags/weather_dag.py
[2025-03-26T15:56:02.967+0000] {processor.py:925} INFO - DAG(s) 'weather_data_collection' retrieved from /home/ubuntu/MLFlow/dags/weather_dag.py
[2025-03-26T15:56:02.994+0000] {logging_mixin.py:190} INFO - [2025-03-26T15:56:02.994+0000] {dag.py:3211} INFO - Sync 1 DAGs
[2025-03-26T15:56:03.019+0000] {logging_mixin.py:190} INFO - [2025-03-26T15:56:03.019+0000] {dag.py:4138} INFO - Setting next_dagrun for weather_data_collection to 2025-03-26 15:55:00+00:00, run_after=2025-03-26 15:56:00+00:00
[2025-03-26T15:56:03.049+0000] {processor.py:208} INFO - Processing /home/ubuntu/MLFlow/dags/weather_dag.py took 0.110 seconds
[2025-03-26T15:56:33.498+0000] {processor.py:186} INFO - Started process (PID=108789) to work on /home/ubuntu/MLFlow/dags/weather_dag.py
[2025-03-26T15:56:33.499+0000] {processor.py:914} INFO - Processing file /home/ubuntu/MLFlow/dags/weather_dag.py for tasks to queue
[2025-03-26T15:56:33.507+0000] {logging_mixin.py:190} INFO - [2025-03-26T15:56:33.506+0000] {dagbag.py:587} INFO - Filling up the DagBag from /home/ubuntu/MLFlow/dags/weather_dag.py
[2025-03-26T15:56:33.537+0000] {processor.py:925} INFO - DAG(s) 'weather_data_collection' retrieved from /home/ubuntu/MLFlow/dags/weather_dag.py
[2025-03-26T15:56:33.570+0000] {logging_mixin.py:190} INFO - [2025-03-26T15:56:33.570+0000] {dag.py:3211} INFO - Sync 1 DAGs
[2025-03-26T15:56:33.602+0000] {logging_mixin.py:190} INFO - [2025-03-26T15:56:33.602+0000] {dag.py:4138} INFO - Setting next_dagrun for weather_data_collection to 2025-03-26 15:55:00+00:00, run_after=2025-03-26 15:56:00+00:00
[2025-03-26T15:56:33.639+0000] {processor.py:208} INFO - Processing /home/ubuntu/MLFlow/dags/weather_dag.py took 0.151 seconds
[2025-03-26T15:57:03.819+0000] {processor.py:186} INFO - Started process (PID=108830) to work on /home/ubuntu/MLFlow/dags/weather_dag.py
[2025-03-26T15:57:03.820+0000] {processor.py:914} INFO - Processing file /home/ubuntu/MLFlow/dags/weather_dag.py for tasks to queue
[2025-03-26T15:57:03.824+0000] {logging_mixin.py:190} INFO - [2025-03-26T15:57:03.823+0000] {dagbag.py:587} INFO - Filling up the DagBag from /home/ubuntu/MLFlow/dags/weather_dag.py
[2025-03-26T15:57:03.844+0000] {processor.py:925} INFO - DAG(s) 'weather_data_collection' retrieved from /home/ubuntu/MLFlow/dags/weather_dag.py
[2025-03-26T15:57:03.876+0000] {logging_mixin.py:190} INFO - [2025-03-26T15:57:03.875+0000] {dag.py:3211} INFO - Sync 1 DAGs
[2025-03-26T15:57:03.908+0000] {logging_mixin.py:190} INFO - [2025-03-26T15:57:03.908+0000] {dag.py:4138} INFO - Setting next_dagrun for weather_data_collection to 2025-03-26 15:56:00+00:00, run_after=2025-03-26 15:57:00+00:00
[2025-03-26T15:57:03.937+0000] {processor.py:208} INFO - Processing /home/ubuntu/MLFlow/dags/weather_dag.py took 0.123 seconds
[2025-03-26T15:57:34.104+0000] {processor.py:186} INFO - Started process (PID=108836) to work on /home/ubuntu/MLFlow/dags/weather_dag.py
[2025-03-26T15:57:34.106+0000] {processor.py:914} INFO - Processing file /home/ubuntu/MLFlow/dags/weather_dag.py for tasks to queue
[2025-03-26T15:57:34.109+0000] {logging_mixin.py:190} INFO - [2025-03-26T15:57:34.108+0000] {dagbag.py:587} INFO - Filling up the DagBag from /home/ubuntu/MLFlow/dags/weather_dag.py
[2025-03-26T15:57:34.129+0000] {processor.py:925} INFO - DAG(s) 'weather_data_collection' retrieved from /home/ubuntu/MLFlow/dags/weather_dag.py
[2025-03-26T15:57:34.154+0000] {logging_mixin.py:190} INFO - [2025-03-26T15:57:34.154+0000] {dag.py:3211} INFO - Sync 1 DAGs
[2025-03-26T15:57:34.179+0000] {logging_mixin.py:190} INFO - [2025-03-26T15:57:34.179+0000] {dag.py:4138} INFO - Setting next_dagrun for weather_data_collection to 2025-03-26 15:56:00+00:00, run_after=2025-03-26 15:57:00+00:00
[2025-03-26T15:57:34.212+0000] {processor.py:208} INFO - Processing /home/ubuntu/MLFlow/dags/weather_dag.py took 0.114 seconds
[2025-03-26T15:59:01.702+0000] {processor.py:186} INFO - Started process (PID=109107) to work on /home/ubuntu/MLFlow/dags/weather_dag.py
[2025-03-26T15:59:01.703+0000] {processor.py:914} INFO - Processing file /home/ubuntu/MLFlow/dags/weather_dag.py for tasks to queue
[2025-03-26T15:59:01.705+0000] {logging_mixin.py:190} INFO - [2025-03-26T15:59:01.705+0000] {dagbag.py:587} INFO - Filling up the DagBag from /home/ubuntu/MLFlow/dags/weather_dag.py
[2025-03-26T15:59:01.727+0000] {processor.py:925} INFO - DAG(s) 'weather_data_collection' retrieved from /home/ubuntu/MLFlow/dags/weather_dag.py
[2025-03-26T15:59:01.870+0000] {logging_mixin.py:190} INFO - [2025-03-26T15:59:01.869+0000] {override.py:1930} INFO - Created Permission View: can edit on DAG:weather_data_collection
[2025-03-26T15:59:02.066+0000] {logging_mixin.py:190} INFO - [2025-03-26T15:59:02.065+0000] {override.py:1930} INFO - Created Permission View: can delete on DAG:weather_data_collection
[2025-03-26T15:59:02.078+0000] {logging_mixin.py:190} INFO - [2025-03-26T15:59:02.078+0000] {override.py:1930} INFO - Created Permission View: can read on DAG:weather_data_collection
[2025-03-26T15:59:02.098+0000] {logging_mixin.py:190} INFO - [2025-03-26T15:59:02.098+0000] {override.py:1930} INFO - Created Permission View: can create on DAG Run:weather_data_collection
[2025-03-26T15:59:02.111+0000] {logging_mixin.py:190} INFO - [2025-03-26T15:59:02.110+0000] {override.py:1930} INFO - Created Permission View: can delete on DAG Run:weather_data_collection
[2025-03-26T15:59:02.123+0000] {logging_mixin.py:190} INFO - [2025-03-26T15:59:02.123+0000] {override.py:1930} INFO - Created Permission View: can read on DAG Run:weather_data_collection
[2025-03-26T15:59:02.138+0000] {logging_mixin.py:190} INFO - [2025-03-26T15:59:02.138+0000] {override.py:1930} INFO - Created Permission View: menu access on DAG Run:weather_data_collection
[2025-03-26T15:59:02.139+0000] {logging_mixin.py:190} INFO - [2025-03-26T15:59:02.139+0000] {dag.py:3211} INFO - Sync 1 DAGs
[2025-03-26T15:59:02.155+0000] {logging_mixin.py:190} INFO - [2025-03-26T15:59:02.154+0000] {dag.py:3234} INFO - Creating ORM DAG for weather_data_collection
[2025-03-26T15:59:02.166+0000] {logging_mixin.py:190} INFO - [2025-03-26T15:59:02.166+0000] {dag.py:4138} INFO - Setting next_dagrun for weather_data_collection to 2025-03-26 15:58:00+00:00, run_after=2025-03-26 15:59:00+00:00
[2025-03-26T15:59:02.191+0000] {processor.py:208} INFO - Processing /home/ubuntu/MLFlow/dags/weather_dag.py took 0.496 seconds
[2025-03-26T15:59:32.668+0000] {processor.py:186} INFO - Started process (PID=109306) to work on /home/ubuntu/MLFlow/dags/weather_dag.py
[2025-03-26T15:59:32.669+0000] {processor.py:914} INFO - Processing file /home/ubuntu/MLFlow/dags/weather_dag.py for tasks to queue
[2025-03-26T15:59:32.672+0000] {logging_mixin.py:190} INFO - [2025-03-26T15:59:32.671+0000] {dagbag.py:587} INFO - Filling up the DagBag from /home/ubuntu/MLFlow/dags/weather_dag.py
[2025-03-26T15:59:32.693+0000] {processor.py:925} INFO - DAG(s) 'weather_data_collection' retrieved from /home/ubuntu/MLFlow/dags/weather_dag.py
[2025-03-26T15:59:32.723+0000] {logging_mixin.py:190} INFO - [2025-03-26T15:59:32.723+0000] {dag.py:3211} INFO - Sync 1 DAGs
[2025-03-26T15:59:32.755+0000] {logging_mixin.py:190} INFO - [2025-03-26T15:59:32.755+0000] {dag.py:4138} INFO - Setting next_dagrun for weather_data_collection to 2025-03-26 15:58:00+00:00, run_after=2025-03-26 15:59:00+00:00
[2025-03-26T15:59:32.782+0000] {processor.py:208} INFO - Processing /home/ubuntu/MLFlow/dags/weather_dag.py took 0.121 seconds
[2025-03-26T16:00:03.169+0000] {processor.py:186} INFO - Started process (PID=109467) to work on /home/ubuntu/MLFlow/dags/weather_dag.py
[2025-03-26T16:00:03.170+0000] {processor.py:914} INFO - Processing file /home/ubuntu/MLFlow/dags/weather_dag.py for tasks to queue
[2025-03-26T16:00:03.173+0000] {logging_mixin.py:190} INFO - [2025-03-26T16:00:03.172+0000] {dagbag.py:587} INFO - Filling up the DagBag from /home/ubuntu/MLFlow/dags/weather_dag.py
[2025-03-26T16:00:03.190+0000] {processor.py:925} INFO - DAG(s) 'weather_data_collection' retrieved from /home/ubuntu/MLFlow/dags/weather_dag.py
[2025-03-26T16:00:03.214+0000] {logging_mixin.py:190} INFO - [2025-03-26T16:00:03.214+0000] {dag.py:3211} INFO - Sync 1 DAGs
[2025-03-26T16:00:03.241+0000] {logging_mixin.py:190} INFO - [2025-03-26T16:00:03.241+0000] {dag.py:4138} INFO - Setting next_dagrun for weather_data_collection to 2025-03-26 15:59:00+00:00, run_after=2025-03-26 16:00:00+00:00
[2025-03-26T16:00:03.271+0000] {processor.py:208} INFO - Processing /home/ubuntu/MLFlow/dags/weather_dag.py took 0.110 seconds
[2025-03-26T16:00:33.506+0000] {processor.py:186} INFO - Started process (PID=109607) to work on /home/ubuntu/MLFlow/dags/weather_dag.py
[2025-03-26T16:00:33.508+0000] {processor.py:914} INFO - Processing file /home/ubuntu/MLFlow/dags/weather_dag.py for tasks to queue
[2025-03-26T16:00:33.511+0000] {logging_mixin.py:190} INFO - [2025-03-26T16:00:33.510+0000] {dagbag.py:587} INFO - Filling up the DagBag from /home/ubuntu/MLFlow/dags/weather_dag.py
[2025-03-26T16:00:33.527+0000] {processor.py:925} INFO - DAG(s) 'weather_data_collection' retrieved from /home/ubuntu/MLFlow/dags/weather_dag.py
[2025-03-26T16:00:33.554+0000] {logging_mixin.py:190} INFO - [2025-03-26T16:00:33.553+0000] {dag.py:3211} INFO - Sync 1 DAGs
[2025-03-26T16:00:33.582+0000] {logging_mixin.py:190} INFO - [2025-03-26T16:00:33.582+0000] {dag.py:4138} INFO - Setting next_dagrun for weather_data_collection to 2025-03-26 15:59:00+00:00, run_after=2025-03-26 16:00:00+00:00
[2025-03-26T16:00:33.610+0000] {processor.py:208} INFO - Processing /home/ubuntu/MLFlow/dags/weather_dag.py took 0.111 seconds
[2025-03-26T16:01:03.819+0000] {processor.py:186} INFO - Started process (PID=109645) to work on /home/ubuntu/MLFlow/dags/weather_dag.py
[2025-03-26T16:01:03.822+0000] {processor.py:914} INFO - Processing file /home/ubuntu/MLFlow/dags/weather_dag.py for tasks to queue
[2025-03-26T16:01:03.825+0000] {logging_mixin.py:190} INFO - [2025-03-26T16:01:03.825+0000] {dagbag.py:587} INFO - Filling up the DagBag from /home/ubuntu/MLFlow/dags/weather_dag.py
[2025-03-26T16:01:03.848+0000] {processor.py:925} INFO - DAG(s) 'weather_data_collection' retrieved from /home/ubuntu/MLFlow/dags/weather_dag.py
[2025-03-26T16:01:03.883+0000] {logging_mixin.py:190} INFO - [2025-03-26T16:01:03.882+0000] {dag.py:3211} INFO - Sync 1 DAGs
[2025-03-26T16:01:03.924+0000] {logging_mixin.py:190} INFO - [2025-03-26T16:01:03.923+0000] {dag.py:4138} INFO - Setting next_dagrun for weather_data_collection to 2025-03-26 16:00:00+00:00, run_after=2025-03-26 16:01:00+00:00
[2025-03-26T16:01:03.952+0000] {processor.py:208} INFO - Processing /home/ubuntu/MLFlow/dags/weather_dag.py took 0.143 seconds
[2025-03-26T16:01:34.207+0000] {processor.py:186} INFO - Started process (PID=109694) to work on /home/ubuntu/MLFlow/dags/weather_dag.py
[2025-03-26T16:01:34.208+0000] {processor.py:914} INFO - Processing file /home/ubuntu/MLFlow/dags/weather_dag.py for tasks to queue
[2025-03-26T16:01:34.210+0000] {logging_mixin.py:190} INFO - [2025-03-26T16:01:34.210+0000] {dagbag.py:587} INFO - Filling up the DagBag from /home/ubuntu/MLFlow/dags/weather_dag.py
[2025-03-26T16:01:34.233+0000] {processor.py:925} INFO - DAG(s) 'weather_data_collection' retrieved from /home/ubuntu/MLFlow/dags/weather_dag.py
[2025-03-26T16:01:34.264+0000] {logging_mixin.py:190} INFO - [2025-03-26T16:01:34.264+0000] {dag.py:3211} INFO - Sync 1 DAGs
[2025-03-26T16:01:34.293+0000] {logging_mixin.py:190} INFO - [2025-03-26T16:01:34.293+0000] {dag.py:4138} INFO - Setting next_dagrun for weather_data_collection to 2025-03-26 16:00:00+00:00, run_after=2025-03-26 16:01:00+00:00
[2025-03-26T16:01:34.460+0000] {processor.py:208} INFO - Processing /home/ubuntu/MLFlow/dags/weather_dag.py took 0.261 seconds
[2025-03-26T16:02:05.539+0000] {processor.py:186} INFO - Started process (PID=109750) to work on /home/ubuntu/MLFlow/dags/weather_dag.py
[2025-03-26T16:02:05.541+0000] {processor.py:914} INFO - Processing file /home/ubuntu/MLFlow/dags/weather_dag.py for tasks to queue
[2025-03-26T16:02:05.543+0000] {logging_mixin.py:190} INFO - [2025-03-26T16:02:05.543+0000] {dagbag.py:587} INFO - Filling up the DagBag from /home/ubuntu/MLFlow/dags/weather_dag.py
[2025-03-26T16:02:05.562+0000] {processor.py:925} INFO - DAG(s) 'weather_data_collection' retrieved from /home/ubuntu/MLFlow/dags/weather_dag.py
[2025-03-26T16:02:05.592+0000] {logging_mixin.py:190} INFO - [2025-03-26T16:02:05.592+0000] {dag.py:3211} INFO - Sync 1 DAGs
[2025-03-26T16:02:05.623+0000] {logging_mixin.py:190} INFO - [2025-03-26T16:02:05.623+0000] {dag.py:4138} INFO - Setting next_dagrun for weather_data_collection to 2025-03-26 16:01:00+00:00, run_after=2025-03-26 16:02:00+00:00
[2025-03-26T16:02:05.818+0000] {processor.py:208} INFO - Processing /home/ubuntu/MLFlow/dags/weather_dag.py took 0.289 seconds
[2025-03-26T16:23:31.338+0000] {processor.py:186} INFO - Started process (PID=111327) to work on /home/ubuntu/MLFlow/dags/weather_dag.py
[2025-03-26T16:23:31.340+0000] {processor.py:914} INFO - Processing file /home/ubuntu/MLFlow/dags/weather_dag.py for tasks to queue
[2025-03-26T16:23:31.342+0000] {logging_mixin.py:190} INFO - [2025-03-26T16:23:31.342+0000] {dagbag.py:587} INFO - Filling up the DagBag from /home/ubuntu/MLFlow/dags/weather_dag.py
[2025-03-26T16:23:31.357+0000] {processor.py:925} INFO - DAG(s) 'weather_data_collection' retrieved from /home/ubuntu/MLFlow/dags/weather_dag.py
[2025-03-26T16:23:31.493+0000] {logging_mixin.py:190} INFO - [2025-03-26T16:23:31.492+0000] {override.py:1930} INFO - Created Permission View: can delete on DAG:weather_data_collection
[2025-03-26T16:23:31.628+0000] {logging_mixin.py:190} INFO - [2025-03-26T16:23:31.627+0000] {override.py:1930} INFO - Created Permission View: can edit on DAG:weather_data_collection
[2025-03-26T16:23:31.640+0000] {logging_mixin.py:190} INFO - [2025-03-26T16:23:31.640+0000] {override.py:1930} INFO - Created Permission View: can read on DAG:weather_data_collection
[2025-03-26T16:23:31.659+0000] {logging_mixin.py:190} INFO - [2025-03-26T16:23:31.659+0000] {override.py:1930} INFO - Created Permission View: can create on DAG Run:weather_data_collection
[2025-03-26T16:23:31.671+0000] {logging_mixin.py:190} INFO - [2025-03-26T16:23:31.671+0000] {override.py:1930} INFO - Created Permission View: menu access on DAG Run:weather_data_collection
[2025-03-26T16:23:31.684+0000] {logging_mixin.py:190} INFO - [2025-03-26T16:23:31.683+0000] {override.py:1930} INFO - Created Permission View: can delete on DAG Run:weather_data_collection
[2025-03-26T16:23:31.696+0000] {logging_mixin.py:190} INFO - [2025-03-26T16:23:31.696+0000] {override.py:1930} INFO - Created Permission View: can read on DAG Run:weather_data_collection
[2025-03-26T16:23:31.697+0000] {logging_mixin.py:190} INFO - [2025-03-26T16:23:31.697+0000] {dag.py:3211} INFO - Sync 1 DAGs
[2025-03-26T16:23:31.710+0000] {logging_mixin.py:190} INFO - [2025-03-26T16:23:31.710+0000] {dag.py:3234} INFO - Creating ORM DAG for weather_data_collection
[2025-03-26T16:23:31.721+0000] {logging_mixin.py:190} INFO - [2025-03-26T16:23:31.721+0000] {dag.py:4138} INFO - Setting next_dagrun for weather_data_collection to 2025-03-26 16:22:00+00:00, run_after=2025-03-26 16:23:00+00:00
[2025-03-26T16:23:31.744+0000] {processor.py:208} INFO - Processing /home/ubuntu/MLFlow/dags/weather_dag.py took 0.412 seconds
[2025-03-26T16:24:02.225+0000] {processor.py:186} INFO - Started process (PID=111436) to work on /home/ubuntu/MLFlow/dags/weather_dag.py
[2025-03-26T16:24:02.227+0000] {processor.py:914} INFO - Processing file /home/ubuntu/MLFlow/dags/weather_dag.py for tasks to queue
[2025-03-26T16:24:02.230+0000] {logging_mixin.py:190} INFO - [2025-03-26T16:24:02.229+0000] {dagbag.py:587} INFO - Filling up the DagBag from /home/ubuntu/MLFlow/dags/weather_dag.py
[2025-03-26T16:24:02.251+0000] {processor.py:925} INFO - DAG(s) 'weather_data_collection' retrieved from /home/ubuntu/MLFlow/dags/weather_dag.py
[2025-03-26T16:24:02.280+0000] {logging_mixin.py:190} INFO - [2025-03-26T16:24:02.280+0000] {dag.py:3211} INFO - Sync 1 DAGs
[2025-03-26T16:24:02.315+0000] {logging_mixin.py:190} INFO - [2025-03-26T16:24:02.315+0000] {dag.py:4138} INFO - Setting next_dagrun for weather_data_collection to 2025-03-26 16:23:00+00:00, run_after=2025-03-26 16:24:00+00:00
[2025-03-26T16:24:02.350+0000] {processor.py:208} INFO - Processing /home/ubuntu/MLFlow/dags/weather_dag.py took 0.131 seconds
[2025-03-26T16:24:32.681+0000] {processor.py:186} INFO - Started process (PID=111443) to work on /home/ubuntu/MLFlow/dags/weather_dag.py
[2025-03-26T16:24:32.682+0000] {processor.py:914} INFO - Processing file /home/ubuntu/MLFlow/dags/weather_dag.py for tasks to queue
[2025-03-26T16:24:32.685+0000] {logging_mixin.py:190} INFO - [2025-03-26T16:24:32.685+0000] {dagbag.py:587} INFO - Filling up the DagBag from /home/ubuntu/MLFlow/dags/weather_dag.py
[2025-03-26T16:24:32.707+0000] {processor.py:925} INFO - DAG(s) 'weather_data_collection' retrieved from /home/ubuntu/MLFlow/dags/weather_dag.py
[2025-03-26T16:24:32.733+0000] {logging_mixin.py:190} INFO - [2025-03-26T16:24:32.733+0000] {dag.py:3211} INFO - Sync 1 DAGs
[2025-03-26T16:24:32.758+0000] {logging_mixin.py:190} INFO - [2025-03-26T16:24:32.758+0000] {dag.py:4138} INFO - Setting next_dagrun for weather_data_collection to 2025-03-26 16:23:00+00:00, run_after=2025-03-26 16:24:00+00:00
[2025-03-26T16:24:32.785+0000] {processor.py:208} INFO - Processing /home/ubuntu/MLFlow/dags/weather_dag.py took 0.111 seconds
[2025-03-26T16:25:30.091+0000] {processor.py:186} INFO - Started process (PID=112094) to work on /home/ubuntu/MLFlow/dags/weather_dag.py
[2025-03-26T16:25:30.093+0000] {processor.py:914} INFO - Processing file /home/ubuntu/MLFlow/dags/weather_dag.py for tasks to queue
[2025-03-26T16:25:30.098+0000] {logging_mixin.py:190} INFO - [2025-03-26T16:25:30.097+0000] {dagbag.py:587} INFO - Filling up the DagBag from /home/ubuntu/MLFlow/dags/weather_dag.py
[2025-03-26T16:25:30.117+0000] {processor.py:925} INFO - DAG(s) 'weather_data_collection' retrieved from /home/ubuntu/MLFlow/dags/weather_dag.py
[2025-03-26T16:25:30.144+0000] {logging_mixin.py:190} INFO - [2025-03-26T16:25:30.143+0000] {dag.py:3211} INFO - Sync 1 DAGs
[2025-03-26T16:25:30.173+0000] {logging_mixin.py:190} INFO - [2025-03-26T16:25:30.172+0000] {dag.py:4138} INFO - Setting next_dagrun for weather_data_collection to 2025-03-26 16:25:00+00:00, run_after=2025-03-26 16:26:00+00:00
[2025-03-26T16:25:30.201+0000] {processor.py:208} INFO - Processing /home/ubuntu/MLFlow/dags/weather_dag.py took 0.117 seconds
[2025-03-26T17:34:33.311+0000] {processor.py:186} INFO - Started process (PID=6227) to work on /home/ubuntu/MLFlow/dags/weather_dag.py
[2025-03-26T17:34:33.313+0000] {processor.py:914} INFO - Processing file /home/ubuntu/MLFlow/dags/weather_dag.py for tasks to queue
[2025-03-26T17:34:33.316+0000] {logging_mixin.py:190} INFO - [2025-03-26T17:34:33.315+0000] {dagbag.py:587} INFO - Filling up the DagBag from /home/ubuntu/MLFlow/dags/weather_dag.py
[2025-03-26T17:34:33.335+0000] {processor.py:925} INFO - DAG(s) 'weather_data_collection' retrieved from /home/ubuntu/MLFlow/dags/weather_dag.py
[2025-03-26T17:34:33.365+0000] {logging_mixin.py:190} INFO - [2025-03-26T17:34:33.365+0000] {dag.py:3211} INFO - Sync 1 DAGs
[2025-03-26T17:34:33.396+0000] {logging_mixin.py:190} INFO - [2025-03-26T17:34:33.396+0000] {dag.py:4138} INFO - Setting next_dagrun for weather_data_collection to 2025-03-26 17:33:00+00:00, run_after=2025-03-26 17:34:00+00:00
[2025-03-26T17:34:33.424+0000] {processor.py:208} INFO - Processing /home/ubuntu/MLFlow/dags/weather_dag.py took 0.120 seconds
[2025-03-26T17:35:12.837+0000] {processor.py:186} INFO - Started process (PID=6879) to work on /home/ubuntu/MLFlow/dags/weather_dag.py
[2025-03-26T17:35:12.838+0000] {processor.py:914} INFO - Processing file /home/ubuntu/MLFlow/dags/weather_dag.py for tasks to queue
[2025-03-26T17:35:12.842+0000] {logging_mixin.py:190} INFO - [2025-03-26T17:35:12.841+0000] {dagbag.py:587} INFO - Filling up the DagBag from /home/ubuntu/MLFlow/dags/weather_dag.py
[2025-03-26T17:35:12.869+0000] {processor.py:925} INFO - DAG(s) 'weather_data_collection' retrieved from /home/ubuntu/MLFlow/dags/weather_dag.py
[2025-03-26T17:35:12.913+0000] {logging_mixin.py:190} INFO - [2025-03-26T17:35:12.913+0000] {dag.py:3211} INFO - Sync 1 DAGs
[2025-03-26T17:35:12.954+0000] {logging_mixin.py:190} INFO - [2025-03-26T17:35:12.954+0000] {dag.py:4138} INFO - Setting next_dagrun for weather_data_collection to 2025-03-26 17:34:00+00:00, run_after=2025-03-26 17:35:00+00:00
[2025-03-26T17:35:12.990+0000] {processor.py:208} INFO - Processing /home/ubuntu/MLFlow/dags/weather_dag.py took 0.163 seconds
[2025-03-26T17:35:54.284+0000] {processor.py:186} INFO - Started process (PID=7481) to work on /home/ubuntu/MLFlow/dags/weather_dag.py
[2025-03-26T17:35:54.286+0000] {processor.py:914} INFO - Processing file /home/ubuntu/MLFlow/dags/weather_dag.py for tasks to queue
[2025-03-26T17:35:54.289+0000] {logging_mixin.py:190} INFO - [2025-03-26T17:35:54.289+0000] {dagbag.py:587} INFO - Filling up the DagBag from /home/ubuntu/MLFlow/dags/weather_dag.py
[2025-03-26T17:35:54.315+0000] {processor.py:925} INFO - DAG(s) 'weather_data_collection' retrieved from /home/ubuntu/MLFlow/dags/weather_dag.py
[2025-03-26T17:35:54.356+0000] {logging_mixin.py:190} INFO - [2025-03-26T17:35:54.356+0000] {dag.py:3211} INFO - Sync 1 DAGs
[2025-03-26T17:35:54.404+0000] {logging_mixin.py:190} INFO - [2025-03-26T17:35:54.403+0000] {dag.py:4138} INFO - Setting next_dagrun for weather_data_collection to 2025-03-26 17:35:00+00:00, run_after=2025-03-26 17:36:00+00:00
[2025-03-26T17:35:54.439+0000] {processor.py:208} INFO - Processing /home/ubuntu/MLFlow/dags/weather_dag.py took 0.164 seconds
[2025-03-26T17:36:36.699+0000] {processor.py:186} INFO - Started process (PID=8018) to work on /home/ubuntu/MLFlow/dags/weather_dag.py
[2025-03-26T17:36:36.700+0000] {processor.py:914} INFO - Processing file /home/ubuntu/MLFlow/dags/weather_dag.py for tasks to queue
[2025-03-26T17:36:36.703+0000] {logging_mixin.py:190} INFO - [2025-03-26T17:36:36.703+0000] {dagbag.py:587} INFO - Filling up the DagBag from /home/ubuntu/MLFlow/dags/weather_dag.py
[2025-03-26T17:36:36.723+0000] {processor.py:925} INFO - DAG(s) 'weather_data_collection' retrieved from /home/ubuntu/MLFlow/dags/weather_dag.py
[2025-03-26T17:36:36.756+0000] {logging_mixin.py:190} INFO - [2025-03-26T17:36:36.756+0000] {dag.py:3211} INFO - Sync 1 DAGs
[2025-03-26T17:36:36.787+0000] {logging_mixin.py:190} INFO - [2025-03-26T17:36:36.787+0000] {dag.py:4138} INFO - Setting next_dagrun for weather_data_collection to 2025-03-26 17:36:00+00:00, run_after=2025-03-26 17:37:00+00:00
[2025-03-26T17:36:36.817+0000] {processor.py:208} INFO - Processing /home/ubuntu/MLFlow/dags/weather_dag.py took 0.125 seconds
[2025-03-26T17:37:39.904+0000] {processor.py:186} INFO - Started process (PID=8383) to work on /home/ubuntu/MLFlow/dags/weather_dag.py
[2025-03-26T17:37:39.905+0000] {processor.py:914} INFO - Processing file /home/ubuntu/MLFlow/dags/weather_dag.py for tasks to queue
[2025-03-26T17:37:39.908+0000] {logging_mixin.py:190} INFO - [2025-03-26T17:37:39.908+0000] {dagbag.py:587} INFO - Filling up the DagBag from /home/ubuntu/MLFlow/dags/weather_dag.py
[2025-03-26T17:37:39.929+0000] {processor.py:925} INFO - DAG(s) 'weather_data_collection' retrieved from /home/ubuntu/MLFlow/dags/weather_dag.py
[2025-03-26T17:37:39.965+0000] {logging_mixin.py:190} INFO - [2025-03-26T17:37:39.964+0000] {dag.py:3211} INFO - Sync 1 DAGs
[2025-03-26T17:37:40.002+0000] {logging_mixin.py:190} INFO - [2025-03-26T17:37:40.002+0000] {dag.py:4138} INFO - Setting next_dagrun for weather_data_collection to 2025-03-26 17:37:00+00:00, run_after=2025-03-26 17:38:00+00:00
[2025-03-26T17:37:40.043+0000] {processor.py:208} INFO - Processing /home/ubuntu/MLFlow/dags/weather_dag.py took 0.147 seconds
[2025-03-26T17:38:11.782+0000] {processor.py:186} INFO - Started process (PID=8791) to work on /home/ubuntu/MLFlow/dags/weather_dag.py
[2025-03-26T17:38:11.783+0000] {processor.py:914} INFO - Processing file /home/ubuntu/MLFlow/dags/weather_dag.py for tasks to queue
[2025-03-26T17:38:11.786+0000] {logging_mixin.py:190} INFO - [2025-03-26T17:38:11.786+0000] {dagbag.py:587} INFO - Filling up the DagBag from /home/ubuntu/MLFlow/dags/weather_dag.py
[2025-03-26T17:38:11.817+0000] {processor.py:925} INFO - DAG(s) 'weather_data_collection' retrieved from /home/ubuntu/MLFlow/dags/weather_dag.py
[2025-03-26T17:38:11.852+0000] {logging_mixin.py:190} INFO - [2025-03-26T17:38:11.851+0000] {dag.py:3211} INFO - Sync 1 DAGs
[2025-03-26T17:38:11.893+0000] {logging_mixin.py:190} INFO - [2025-03-26T17:38:11.893+0000] {dag.py:4138} INFO - Setting next_dagrun for weather_data_collection to 2025-03-26 17:37:00+00:00, run_after=2025-03-26 17:38:00+00:00
[2025-03-26T17:38:11.937+0000] {processor.py:208} INFO - Processing /home/ubuntu/MLFlow/dags/weather_dag.py took 0.162 seconds
[2025-03-26T17:38:38.782+0000] {processor.py:186} INFO - Started process (PID=9268) to work on /home/ubuntu/MLFlow/dags/weather_dag.py
[2025-03-26T17:38:38.784+0000] {processor.py:914} INFO - Processing file /home/ubuntu/MLFlow/dags/weather_dag.py for tasks to queue
[2025-03-26T17:38:38.788+0000] {logging_mixin.py:190} INFO - [2025-03-26T17:38:38.787+0000] {dagbag.py:587} INFO - Filling up the DagBag from /home/ubuntu/MLFlow/dags/weather_dag.py
[2025-03-26T17:38:38.872+0000] {processor.py:925} INFO - DAG(s) 'weather_data_collection' retrieved from /home/ubuntu/MLFlow/dags/weather_dag.py
[2025-03-26T17:38:38.981+0000] {logging_mixin.py:190} INFO - [2025-03-26T17:38:38.980+0000] {dag.py:3211} INFO - Sync 1 DAGs
[2025-03-26T17:38:39.079+0000] {logging_mixin.py:190} INFO - [2025-03-26T17:38:39.079+0000] {dag.py:4138} INFO - Setting next_dagrun for weather_data_collection to 2025-03-26 17:38:00+00:00, run_after=2025-03-26 17:39:00+00:00
[2025-03-26T17:38:39.157+0000] {processor.py:208} INFO - Processing /home/ubuntu/MLFlow/dags/weather_dag.py took 0.418 seconds
[2025-03-26T17:39:09.940+0000] {processor.py:186} INFO - Started process (PID=9391) to work on /home/ubuntu/MLFlow/dags/weather_dag.py
[2025-03-26T17:39:09.942+0000] {processor.py:914} INFO - Processing file /home/ubuntu/MLFlow/dags/weather_dag.py for tasks to queue
[2025-03-26T17:39:09.946+0000] {logging_mixin.py:190} INFO - [2025-03-26T17:39:09.946+0000] {dagbag.py:587} INFO - Filling up the DagBag from /home/ubuntu/MLFlow/dags/weather_dag.py
[2025-03-26T17:39:09.975+0000] {processor.py:925} INFO - DAG(s) 'weather_data_collection' retrieved from /home/ubuntu/MLFlow/dags/weather_dag.py
[2025-03-26T17:39:10.030+0000] {logging_mixin.py:190} INFO - [2025-03-26T17:39:10.029+0000] {dag.py:3211} INFO - Sync 1 DAGs
[2025-03-26T17:39:10.062+0000] {logging_mixin.py:190} INFO - [2025-03-26T17:39:10.062+0000] {dag.py:4138} INFO - Setting next_dagrun for weather_data_collection to 2025-03-26 17:39:00+00:00, run_after=2025-03-26 17:40:00+00:00
[2025-03-26T17:39:10.098+0000] {processor.py:208} INFO - Processing /home/ubuntu/MLFlow/dags/weather_dag.py took 0.167 seconds
[2025-03-26T17:39:40.583+0000] {processor.py:186} INFO - Started process (PID=9395) to work on /home/ubuntu/MLFlow/dags/weather_dag.py
[2025-03-26T17:39:40.585+0000] {processor.py:914} INFO - Processing file /home/ubuntu/MLFlow/dags/weather_dag.py for tasks to queue
[2025-03-26T17:39:40.588+0000] {logging_mixin.py:190} INFO - [2025-03-26T17:39:40.588+0000] {dagbag.py:587} INFO - Filling up the DagBag from /home/ubuntu/MLFlow/dags/weather_dag.py
[2025-03-26T17:39:40.609+0000] {processor.py:925} INFO - DAG(s) 'weather_data_collection' retrieved from /home/ubuntu/MLFlow/dags/weather_dag.py
[2025-03-26T17:39:40.638+0000] {logging_mixin.py:190} INFO - [2025-03-26T17:39:40.637+0000] {dag.py:3211} INFO - Sync 1 DAGs
[2025-03-26T17:39:40.665+0000] {logging_mixin.py:190} INFO - [2025-03-26T17:39:40.665+0000] {dag.py:4138} INFO - Setting next_dagrun for weather_data_collection to 2025-03-26 17:39:00+00:00, run_after=2025-03-26 17:40:00+00:00
[2025-03-26T17:39:40.694+0000] {processor.py:208} INFO - Processing /home/ubuntu/MLFlow/dags/weather_dag.py took 0.118 seconds
[2025-03-26T17:40:11.317+0000] {processor.py:186} INFO - Started process (PID=9417) to work on /home/ubuntu/MLFlow/dags/weather_dag.py
[2025-03-26T17:40:11.318+0000] {processor.py:914} INFO - Processing file /home/ubuntu/MLFlow/dags/weather_dag.py for tasks to queue
[2025-03-26T17:40:11.330+0000] {logging_mixin.py:190} INFO - [2025-03-26T17:40:11.329+0000] {dagbag.py:587} INFO - Filling up the DagBag from /home/ubuntu/MLFlow/dags/weather_dag.py
[2025-03-26T17:40:11.354+0000] {processor.py:925} INFO - DAG(s) 'weather_data_collection' retrieved from /home/ubuntu/MLFlow/dags/weather_dag.py
[2025-03-26T17:40:11.383+0000] {logging_mixin.py:190} INFO - [2025-03-26T17:40:11.383+0000] {dag.py:3211} INFO - Sync 1 DAGs
[2025-03-26T17:40:11.452+0000] {logging_mixin.py:190} INFO - [2025-03-26T17:40:11.452+0000] {dag.py:4138} INFO - Setting next_dagrun for weather_data_collection to 2025-03-26 17:40:00+00:00, run_after=2025-03-26 17:41:00+00:00
[2025-03-26T17:40:11.497+0000] {processor.py:208} INFO - Processing /home/ubuntu/MLFlow/dags/weather_dag.py took 0.188 seconds
