[2025-04-03T08:43:05.196+0000] {local_task_job_runner.py:123} INFO - ::group::Pre task execution logs
[2025-04-03T08:43:05.231+0000] {taskinstance.py:2614} INFO - Dependencies all met for dep_context=non-requeueable deps ti=<TaskInstance: weather_data_collection.version_data scheduled__2025-04-03T08:42:00+00:00 [queued]>
[2025-04-03T08:43:05.246+0000] {taskinstance.py:2614} INFO - Dependencies all met for dep_context=requeueable deps ti=<TaskInstance: weather_data_collection.version_data scheduled__2025-04-03T08:42:00+00:00 [queued]>
[2025-04-03T08:43:05.246+0000] {taskinstance.py:2867} INFO - Starting attempt 1 of 2
[2025-04-03T08:43:05.269+0000] {taskinstance.py:2890} INFO - Executing <Task(PythonOperator): version_data> on 2025-04-03 08:42:00+00:00
[2025-04-03T08:43:05.279+0000] {standard_task_runner.py:104} INFO - Running: ['***', 'tasks', 'run', 'weather_data_collection', 'version_data', 'scheduled__2025-04-03T08:42:00+00:00', '--job-id', '191', '--raw', '--subdir', 'DAGS_FOLDER/weather_dag.py', '--cfg-path', '/tmp/tmp3tx71tl1']
[2025-04-03T08:43:05.287+0000] {standard_task_runner.py:105} INFO - Job 191: Subtask version_data
[2025-04-03T08:43:05.287+0000] {logging_mixin.py:190} WARNING - /home/ubuntu/miniconda/envs/mlflow/lib/python3.12/site-packages/***/task/task_runner/standard_task_runner.py:70 DeprecationWarning: This process (pid=14271) is multi-threaded, use of fork() may lead to deadlocks in the child.
[2025-04-03T08:43:05.289+0000] {standard_task_runner.py:72} INFO - Started process 14277 to run task
[2025-04-03T08:43:05.371+0000] {task_command.py:467} INFO - Running <TaskInstance: weather_data_collection.version_data scheduled__2025-04-03T08:42:00+00:00 [running]> on host ip-172-31-19-13.eu-west-1.compute.internal
[2025-04-03T08:43:05.505+0000] {taskinstance.py:3134} INFO - Exporting env vars: AIRFLOW_CTX_DAG_OWNER='***' AIRFLOW_CTX_DAG_ID='weather_data_collection' AIRFLOW_CTX_TASK_ID='version_data' AIRFLOW_CTX_EXECUTION_DATE='2025-04-03T08:42:00+00:00' AIRFLOW_CTX_TRY_NUMBER='1' AIRFLOW_CTX_DAG_RUN_ID='scheduled__2025-04-03T08:42:00+00:00'
[2025-04-03T08:43:05.506+0000] {taskinstance.py:732} INFO - ::endgroup::
[2025-04-03T08:43:05.523+0000] {dvc_hook.py:25} INFO - DVC already initialized in /home/ubuntu/MLFlow
[2025-04-03T08:43:06.289+0000] {dvc_hook.py:32} INFO - Ensured DVC remote 'origin' URL is set.
[2025-04-03T08:43:09.675+0000] {dvc_hook.py:46} INFO - DVC remote credentials set successfully.
[2025-04-03T08:43:11.488+0000] {dvc_hook.py:56} INFO - DVC add output: 
To track the changes with git, run:

	git add data_storage.dvc

To enable auto staging, run:

	dvc config core.autostage true

[2025-04-03T08:43:11.489+0000] {dvc_hook.py:66} INFO - Attempt 1 to push...
[2025-04-03T08:43:14.773+0000] {dvc_hook.py:74} INFO - DVC push output: 2025-04-03 08:43:11,750 DEBUG: v3.59.1 (pip), CPython 3.12.9 on Linux-5.15.0-1080-aws-x86_64-with-glibc2.31
2025-04-03 08:43:11,750 DEBUG: command: /home/ubuntu/miniconda/envs/mlflow/bin/dvc push -v --remote origin
2025-04-03 08:43:12,570 DEBUG: Preparing to transfer data from '/home/ubuntu/MLFlow/.dvc/cache/files/md5' to 'https://dagshub.com/fbarulli/MLFlow.dvc/files/md5'
2025-04-03 08:43:12,570 DEBUG: Preparing to collect status from 'https://dagshub.com/fbarulli/MLFlow.dvc/files/md5'
2025-04-03 08:43:12,571 DEBUG: Collecting status from 'https://dagshub.com/fbarulli/MLFlow.dvc/files/md5'
2025-04-03 08:43:12,572 DEBUG: Querying 3 oids via object_exists
2025-04-03 08:43:12,801 DEBUG: Querying 1 oids via object_exists
2025-04-03 08:43:13,056 DEBUG: Querying 2 oids via object_exists
2025-04-03 08:43:13,371 DEBUG: Preparing to collect status from '/home/ubuntu/MLFlow/.dvc/cache/files/md5'
2025-04-03 08:43:13,371 DEBUG: Collecting status from '/home/ubuntu/MLFlow/.dvc/cache/files/md5'
2025-04-03 08:43:13,885 DEBUG: transfer dir: md5: d24dcd4ebac0cf1cfe0674105db9395f.dir with 1 files
2025-04-03 08:43:14,448 DEBUG: Indexing pushed dir 'md5: d24dcd4ebac0cf1cfe0674105db9395f.dir' with '1' nested files
2 files pushed
2025-04-03 08:43:14,484 DEBUG: Analytics is enabled.
2025-04-03 08:43:14,545 DEBUG: Trying to spawn ['daemon', 'analytics', '/tmp/tmpxch921kv', '-v']
2025-04-03 08:43:14,554 DEBUG: Spawned ['daemon', 'analytics', '/tmp/tmpxch921kv', '-v'] with pid 14373

[2025-04-03T08:43:14.773+0000] {python.py:240} INFO - Done. Returned value was: None
[2025-04-03T08:43:14.796+0000] {taskinstance.py:341} INFO - ::group::Post task execution logs
[2025-04-03T08:43:14.797+0000] {taskinstance.py:353} INFO - Marking task as SUCCESS. dag_id=weather_data_collection, task_id=version_data, run_id=scheduled__2025-04-03T08:42:00+00:00, execution_date=20250403T084200, start_date=20250403T084305, end_date=20250403T084314
[2025-04-03T08:43:14.948+0000] {local_task_job_runner.py:266} INFO - Task exited with return code 0
[2025-04-03T08:43:14.978+0000] {taskinstance.py:3901} INFO - 0 downstream tasks scheduled from follow-on schedule check
[2025-04-03T08:43:14.985+0000] {local_task_job_runner.py:245} INFO - ::endgroup::
