[2025-04-03T09:26:05.097+0000] {local_task_job_runner.py:123} INFO - ::group::Pre task execution logs
[2025-04-03T09:26:05.135+0000] {taskinstance.py:2614} INFO - Dependencies all met for dep_context=non-requeueable deps ti=<TaskInstance: weather_data_collection.version_data scheduled__2025-04-03T09:25:00+00:00 [queued]>
[2025-04-03T09:26:05.151+0000] {taskinstance.py:2614} INFO - Dependencies all met for dep_context=requeueable deps ti=<TaskInstance: weather_data_collection.version_data scheduled__2025-04-03T09:25:00+00:00 [queued]>
[2025-04-03T09:26:05.151+0000] {taskinstance.py:2867} INFO - Starting attempt 1 of 2
[2025-04-03T09:26:05.169+0000] {taskinstance.py:2890} INFO - Executing <Task(PythonOperator): version_data> on 2025-04-03 09:25:00+00:00
[2025-04-03T09:26:05.181+0000] {logging_mixin.py:190} WARNING - /home/ubuntu/miniconda/envs/mlflow/lib/python3.12/site-packages/***/task/task_runner/standard_task_runner.py:70 DeprecationWarning: This process (pid=34079) is multi-threaded, use of fork() may lead to deadlocks in the child.
[2025-04-03T09:26:05.183+0000] {standard_task_runner.py:72} INFO - Started process 34085 to run task
[2025-04-03T09:26:05.184+0000] {standard_task_runner.py:104} INFO - Running: ['***', 'tasks', 'run', 'weather_data_collection', 'version_data', 'scheduled__2025-04-03T09:25:00+00:00', '--job-id', '322', '--raw', '--subdir', 'DAGS_FOLDER/weather_dag.py', '--cfg-path', '/tmp/tmpnqq1ucg0']
[2025-04-03T09:26:05.187+0000] {standard_task_runner.py:105} INFO - Job 322: Subtask version_data
[2025-04-03T09:26:05.264+0000] {task_command.py:467} INFO - Running <TaskInstance: weather_data_collection.version_data scheduled__2025-04-03T09:25:00+00:00 [running]> on host ip-172-31-19-13.eu-west-1.compute.internal
[2025-04-03T09:26:05.394+0000] {taskinstance.py:3134} INFO - Exporting env vars: AIRFLOW_CTX_DAG_OWNER='***' AIRFLOW_CTX_DAG_ID='weather_data_collection' AIRFLOW_CTX_TASK_ID='version_data' AIRFLOW_CTX_EXECUTION_DATE='2025-04-03T09:25:00+00:00' AIRFLOW_CTX_TRY_NUMBER='1' AIRFLOW_CTX_DAG_RUN_ID='scheduled__2025-04-03T09:25:00+00:00'
[2025-04-03T09:26:05.395+0000] {taskinstance.py:732} INFO - ::endgroup::
[2025-04-03T09:26:05.417+0000] {dvc_hook.py:26} INFO - DVC already initialized in /home/ubuntu/MLFlow
[2025-04-03T09:26:06.165+0000] {dvc_hook.py:33} INFO - Ensured DVC remote 'origin' URL is set.
[2025-04-03T09:26:09.472+0000] {dvc_hook.py:47} INFO - DVC remote credentials set successfully.
[2025-04-03T09:26:11.424+0000] {dvc_hook.py:57} INFO - DVC add output: 
To track the changes with git, run:

	git add data_storage.dvc

To enable auto staging, run:

	dvc config core.autostage true

[2025-04-03T09:26:11.425+0000] {dvc_hook.py:67} INFO - Attempt 1 to push...
[2025-04-03T09:26:15.937+0000] {dvc_hook.py:75} INFO - DVC push output: 2025-04-03 09:26:11,711 DEBUG: v3.59.1 (pip), CPython 3.12.9 on Linux-5.15.0-1080-aws-x86_64-with-glibc2.31
2025-04-03 09:26:11,711 DEBUG: command: /home/ubuntu/miniconda/envs/mlflow/bin/dvc push -v --remote origin
2025-04-03 09:26:12,630 DEBUG: Preparing to transfer data from '/home/ubuntu/MLFlow/.dvc/cache/files/md5' to 'https://dagshub.com/fbarulli/MLFlow.dvc/files/md5'
2025-04-03 09:26:12,630 DEBUG: Preparing to collect status from 'https://dagshub.com/fbarulli/MLFlow.dvc/files/md5'
2025-04-03 09:26:12,631 DEBUG: Collecting status from 'https://dagshub.com/fbarulli/MLFlow.dvc/files/md5'
2025-04-03 09:26:12,635 DEBUG: Querying 45 oids via object_exists
2025-04-03 09:26:13,990 DEBUG: Querying 1 oids via object_exists
2025-04-03 09:26:14,282 DEBUG: Querying 2 oids via object_exists
2025-04-03 09:26:14,522 DEBUG: Preparing to collect status from '/home/ubuntu/MLFlow/.dvc/cache/files/md5'
2025-04-03 09:26:14,522 DEBUG: Collecting status from '/home/ubuntu/MLFlow/.dvc/cache/files/md5'
2025-04-03 09:26:14,984 DEBUG: transfer dir: md5: 8e9a0281166e273ff3567b0b92c81c6d.dir with 1 files
2025-04-03 09:26:15,608 DEBUG: Indexing pushed dir 'md5: 8e9a0281166e273ff3567b0b92c81c6d.dir' with '1' nested files
2 files pushed
2025-04-03 09:26:15,653 DEBUG: Analytics is enabled.
2025-04-03 09:26:15,727 DEBUG: Trying to spawn ['daemon', 'analytics', '/tmp/tmpvag2olb_', '-v']
2025-04-03 09:26:15,738 DEBUG: Spawned ['daemon', 'analytics', '/tmp/tmpvag2olb_', '-v'] with pid 34173

[2025-04-03T09:26:15.938+0000] {python.py:240} INFO - Done. Returned value was: None
[2025-04-03T09:26:15.958+0000] {taskinstance.py:341} INFO - ::group::Post task execution logs
[2025-04-03T09:26:15.959+0000] {taskinstance.py:353} INFO - Marking task as SUCCESS. dag_id=weather_data_collection, task_id=version_data, run_id=scheduled__2025-04-03T09:25:00+00:00, execution_date=20250403T092500, start_date=20250403T092605, end_date=20250403T092615
[2025-04-03T09:26:16.051+0000] {local_task_job_runner.py:266} INFO - Task exited with return code 0
[2025-04-03T09:26:16.082+0000] {taskinstance.py:3901} INFO - 0 downstream tasks scheduled from follow-on schedule check
[2025-04-03T09:26:16.088+0000] {local_task_job_runner.py:245} INFO - ::endgroup::
