[2025-04-03T09:07:14.348+0000] {local_task_job_runner.py:123} INFO - ::group::Pre task execution logs
[2025-04-03T09:07:14.414+0000] {taskinstance.py:2614} INFO - Dependencies all met for dep_context=non-requeueable deps ti=<TaskInstance: weather_data_monitoring.monitor_data scheduled__2025-04-03T09:05:00+00:00 [queued]>
[2025-04-03T09:07:14.455+0000] {taskinstance.py:2614} INFO - Dependencies all met for dep_context=requeueable deps ti=<TaskInstance: weather_data_monitoring.monitor_data scheduled__2025-04-03T09:05:00+00:00 [queued]>
[2025-04-03T09:07:14.456+0000] {taskinstance.py:2867} INFO - Starting attempt 2 of 2
[2025-04-03T09:07:14.522+0000] {taskinstance.py:2890} INFO - Executing <Task(PythonOperator): monitor_data> on 2025-04-03 09:05:00+00:00
[2025-04-03T09:07:14.593+0000] {logging_mixin.py:190} WARNING - /home/ubuntu/miniconda/envs/mlflow/lib/python3.12/site-packages/***/task/task_runner/standard_task_runner.py:70 DeprecationWarning: This process (pid=25661) is multi-threaded, use of fork() may lead to deadlocks in the child.
[2025-04-03T09:07:14.572+0000] {standard_task_runner.py:104} INFO - Running: ['***', 'tasks', 'run', 'weather_data_monitoring', 'monitor_data', 'scheduled__2025-04-03T09:05:00+00:00', '--job-id', '262', '--raw', '--subdir', 'DAGS_FOLDER/weather_monitor_dag.py', '--cfg-path', '/tmp/tmpafizyu5u']
[2025-04-03T09:07:14.614+0000] {standard_task_runner.py:105} INFO - Job 262: Subtask monitor_data
[2025-04-03T09:07:14.618+0000] {standard_task_runner.py:72} INFO - Started process 25689 to run task
[2025-04-03T09:07:14.837+0000] {task_command.py:467} INFO - Running <TaskInstance: weather_data_monitoring.monitor_data scheduled__2025-04-03T09:05:00+00:00 [running]> on host ip-172-31-19-13.eu-west-1.compute.internal
[2025-04-03T09:07:15.186+0000] {taskinstance.py:3134} INFO - Exporting env vars: AIRFLOW_CTX_DAG_OWNER='***' AIRFLOW_CTX_DAG_ID='weather_data_monitoring' AIRFLOW_CTX_TASK_ID='monitor_data' AIRFLOW_CTX_EXECUTION_DATE='2025-04-03T09:05:00+00:00' AIRFLOW_CTX_TRY_NUMBER='2' AIRFLOW_CTX_DAG_RUN_ID='scheduled__2025-04-03T09:05:00+00:00'
[2025-04-03T09:07:15.187+0000] {taskinstance.py:732} INFO - ::endgroup::
[2025-04-03T09:07:15.250+0000] {logging_mixin.py:190} INFO - Starting monitoring...
[2025-04-03T09:07:16.251+0000] {logging_mixin.py:190} INFO - Monitoring... 1/60 seconds
[2025-04-03T09:07:26.257+0000] {logging_mixin.py:190} INFO - Monitoring... 11/60 seconds
[2025-04-03T09:07:36.258+0000] {logging_mixin.py:190} INFO - Monitoring... 21/60 seconds
[2025-04-03T09:07:46.261+0000] {logging_mixin.py:190} INFO - Monitoring... 31/60 seconds
[2025-04-03T09:07:56.262+0000] {logging_mixin.py:190} INFO - Monitoring... 41/60 seconds
[2025-04-03T09:08:06.265+0000] {logging_mixin.py:190} INFO - Monitoring... 51/60 seconds
[2025-04-03T09:08:15.267+0000] {logging_mixin.py:190} INFO - Monitoring complete
[2025-04-03T09:08:15.268+0000] {python.py:240} INFO - Done. Returned value was: Monitoring successful
[2025-04-03T09:08:15.337+0000] {taskinstance.py:341} INFO - ::group::Post task execution logs
[2025-04-03T09:08:15.338+0000] {taskinstance.py:353} INFO - Marking task as SUCCESS. dag_id=weather_data_monitoring, task_id=monitor_data, run_id=scheduled__2025-04-03T09:05:00+00:00, execution_date=20250403T090500, start_date=20250403T090714, end_date=20250403T090815
[2025-04-03T09:08:15.524+0000] {local_task_job_runner.py:266} INFO - Task exited with return code 0
[2025-04-03T09:08:15.554+0000] {local_task_job_runner.py:245} INFO - ::endgroup::
