[2025-03-31T15:34:29.753+0000] {local_task_job_runner.py:123} INFO - ::group::Pre task execution logs
[2025-03-31T15:34:29.774+0000] {taskinstance.py:2614} INFO - Dependencies all met for dep_context=non-requeueable deps ti=<TaskInstance: weather_data_monitoring.monitor_data scheduled__2025-03-31T15:23:00+00:00 [queued]>
[2025-03-31T15:34:29.787+0000] {taskinstance.py:2614} INFO - Dependencies all met for dep_context=requeueable deps ti=<TaskInstance: weather_data_monitoring.monitor_data scheduled__2025-03-31T15:23:00+00:00 [queued]>
[2025-03-31T15:34:29.787+0000] {taskinstance.py:2867} INFO - Starting attempt 2 of 2
[2025-03-31T15:34:29.810+0000] {taskinstance.py:2890} INFO - Executing <Task(DockerOperator): monitor_data> on 2025-03-31 15:23:00+00:00
[2025-03-31T15:34:29.816+0000] {standard_task_runner.py:72} INFO - Started process 13869 to run task
[2025-03-31T15:34:29.821+0000] {standard_task_runner.py:104} INFO - Running: ['airflow', 'tasks', 'run', 'weather_data_monitoring', 'monitor_data', 'scheduled__2025-03-31T15:23:00+00:00', '--job-id', '376', '--raw', '--subdir', 'DAGS_FOLDER/weather_monitor_dag.py', '--cfg-path', '/tmp/tmpeevlaby2']
[2025-03-31T15:34:29.824+0000] {standard_task_runner.py:105} INFO - Job 376: Subtask monitor_data
[2025-03-31T15:34:29.880+0000] {task_command.py:467} INFO - Running <TaskInstance: weather_data_monitoring.monitor_data scheduled__2025-03-31T15:23:00+00:00 [running]> on host ip-172-31-19-13.eu-west-1.compute.internal
[2025-03-31T15:34:29.970+0000] {taskinstance.py:3134} INFO - Exporting env vars: AIRFLOW_CTX_DAG_OWNER='airflow' AIRFLOW_CTX_DAG_ID='weather_data_monitoring' AIRFLOW_CTX_TASK_ID='monitor_data' AIRFLOW_CTX_EXECUTION_DATE='2025-03-31T15:23:00+00:00' AIRFLOW_CTX_TRY_NUMBER='2' AIRFLOW_CTX_DAG_RUN_ID='scheduled__2025-03-31T15:23:00+00:00'
[2025-03-31T15:34:29.971+0000] {taskinstance.py:732} INFO - ::endgroup::
[2025-03-31T15:34:30.022+0000] {docker.py:353} INFO - Starting docker container from image weather-monitor:light
[2025-03-31T15:34:40.120+0000] {docker.py:73} INFO - 2025/03/31 15:34:40 WARNING mlflow.utils.git_utils: Failed to import Git (the Git executable is probably not on your PATH), so Git SHA is not available. Error: Failed to initialize: Bad git executable.
[2025-03-31T15:34:40.121+0000] {docker.py:73} INFO - The git executable must be specified in one of the following ways:
[2025-03-31T15:34:40.121+0000] {docker.py:73} INFO -     - be included in your $PATH
[2025-03-31T15:34:40.122+0000] {docker.py:73} INFO -     - be set via $GIT_PYTHON_GIT_EXECUTABLE
[2025-03-31T15:34:40.122+0000] {docker.py:73} INFO -     - explicitly set via git.refresh(<full-path-to-git-executable>)
[2025-03-31T15:34:40.122+0000] {docker.py:73} INFO - 
[2025-03-31T15:34:40.123+0000] {docker.py:73} INFO - All git commands will error until this is rectified.
[2025-03-31T15:34:40.123+0000] {docker.py:73} INFO - 
[2025-03-31T15:34:40.123+0000] {docker.py:73} INFO - This initial message can be silenced or aggravated in the future by setting the
[2025-03-31T15:34:40.124+0000] {docker.py:73} INFO - $GIT_PYTHON_REFRESH environment variable. Use one of the following values:
[2025-03-31T15:34:40.125+0000] {docker.py:73} INFO -     - quiet|q|silence|s|silent|none|n|0: for no message or exception
[2025-03-31T15:34:40.125+0000] {docker.py:73} INFO -     - warn|w|warning|log|l|1: for a warning message (logging level CRITICAL, displayed by default)
[2025-03-31T15:34:40.125+0000] {docker.py:73} INFO -     - error|e|exception|raise|r|2: for a raised exception
[2025-03-31T15:34:40.126+0000] {docker.py:73} INFO - 
[2025-03-31T15:34:40.126+0000] {docker.py:73} INFO - Example:
[2025-03-31T15:34:40.126+0000] {docker.py:73} INFO -     export GIT_PYTHON_REFRESH=quiet
[2025-03-31T15:38:45.875+0000] {docker.py:73} INFO - Traceback (most recent call last):
[2025-03-31T15:38:45.876+0000] {docker.py:73} INFO -   File "/usr/local/lib/python3.12/site-packages/urllib3/connection.py", line 198, in _new_conn
[2025-03-31T15:38:45.878+0000] {docker.py:73} INFO -     sock = connection.create_connection(
[2025-03-31T15:38:45.879+0000] {docker.py:73} INFO -            ^^^^^^^^^^^^^^^^^^^^^^^^^^^^^
[2025-03-31T15:38:45.880+0000] {docker.py:73} INFO -   File "/usr/local/lib/python3.12/site-packages/urllib3/util/connection.py", line 85, in create_connection
[2025-03-31T15:38:45.881+0000] {docker.py:73} INFO -     raise err
[2025-03-31T15:38:45.883+0000] {docker.py:73} INFO -   File "/usr/local/lib/python3.12/site-packages/urllib3/util/connection.py", line 73, in create_connection
[2025-03-31T15:38:45.886+0000] {docker.py:73} INFO -     sock.connect(sa)
[2025-03-31T15:38:45.888+0000] {docker.py:73} INFO - ConnectionRefusedError: [Errno 111] Connection refused
[2025-03-31T15:38:45.890+0000] {docker.py:73} INFO - 
[2025-03-31T15:38:45.892+0000] {docker.py:73} INFO - The above exception was the direct cause of the following exception:
[2025-03-31T15:38:45.900+0000] {docker.py:73} INFO - 
[2025-03-31T15:38:45.907+0000] {docker.py:73} INFO - Traceback (most recent call last):
[2025-03-31T15:38:45.907+0000] {docker.py:73} INFO -   File "/usr/local/lib/python3.12/site-packages/urllib3/connectionpool.py", line 787, in urlopen
[2025-03-31T15:38:45.908+0000] {docker.py:73} INFO -     response = self._make_request(
[2025-03-31T15:38:45.908+0000] {docker.py:73} INFO -                ^^^^^^^^^^^^^^^^^^^
[2025-03-31T15:38:45.908+0000] {docker.py:73} INFO -   File "/usr/local/lib/python3.12/site-packages/urllib3/connectionpool.py", line 493, in _make_request
[2025-03-31T15:38:45.909+0000] {docker.py:73} INFO -     conn.request(
[2025-03-31T15:38:45.909+0000] {docker.py:73} INFO -   File "/usr/local/lib/python3.12/site-packages/urllib3/connection.py", line 445, in request
[2025-03-31T15:38:45.909+0000] {docker.py:73} INFO -     self.endheaders()
[2025-03-31T15:38:45.909+0000] {docker.py:73} INFO -   File "/usr/local/lib/python3.12/http/client.py", line 1333, in endheaders
[2025-03-31T15:38:45.910+0000] {docker.py:73} INFO -     self._send_output(message_body, encode_chunked=encode_chunked)
[2025-03-31T15:38:45.910+0000] {docker.py:73} INFO -   File "/usr/local/lib/python3.12/http/client.py", line 1093, in _send_output
[2025-03-31T15:38:45.911+0000] {docker.py:73} INFO -     self.send(msg)
[2025-03-31T15:38:45.911+0000] {docker.py:73} INFO -   File "/usr/local/lib/python3.12/http/client.py", line 1037, in send
[2025-03-31T15:38:45.911+0000] {docker.py:73} INFO -     self.connect()
[2025-03-31T15:38:45.912+0000] {docker.py:73} INFO -   File "/usr/local/lib/python3.12/site-packages/urllib3/connection.py", line 276, in connect
[2025-03-31T15:38:45.912+0000] {docker.py:73} INFO -     self.sock = self._new_conn()
[2025-03-31T15:38:45.912+0000] {docker.py:73} INFO -                 ^^^^^^^^^^^^^^^^
[2025-03-31T15:38:45.913+0000] {docker.py:73} INFO -   File "/usr/local/lib/python3.12/site-packages/urllib3/connection.py", line 213, in _new_conn
[2025-03-31T15:38:45.913+0000] {docker.py:73} INFO -     raise NewConnectionError(
[2025-03-31T15:38:45.914+0000] {docker.py:73} INFO - urllib3.exceptions.NewConnectionError: <urllib3.connection.HTTPConnection object at 0x7f2188a56390>: Failed to establish a new connection: [Errno 111] Connection refused
[2025-03-31T15:38:45.915+0000] {docker.py:73} INFO - 
[2025-03-31T15:38:45.915+0000] {docker.py:73} INFO - The above exception was the direct cause of the following exception:
[2025-03-31T15:38:45.916+0000] {docker.py:73} INFO - Traceback (most recent call last):
[2025-03-31T15:38:45.917+0000] {docker.py:73} INFO -   File "/usr/local/lib/python3.12/site-packages/requests/adapters.py", line 667, in send
[2025-03-31T15:38:45.917+0000] {docker.py:73} INFO -     resp = conn.urlopen(
[2025-03-31T15:38:45.918+0000] {docker.py:73} INFO -            ^^^^^^^^^^^^^
[2025-03-31T15:38:45.919+0000] {docker.py:73} INFO -   File "/usr/local/lib/python3.12/site-packages/urllib3/connectionpool.py", line 871, in urlopen
[2025-03-31T15:38:45.919+0000] {docker.py:73} INFO -     return self.urlopen(
[2025-03-31T15:38:45.920+0000] {docker.py:73} INFO -            ^^^^^^^^^^^^^
[2025-03-31T15:38:45.920+0000] {docker.py:73} INFO -   File "/usr/local/lib/python3.12/site-packages/urllib3/connectionpool.py", line 871, in urlopen
[2025-03-31T15:38:45.921+0000] {docker.py:73} INFO -     return self.urlopen(
[2025-03-31T15:38:45.922+0000] {docker.py:73} INFO -            ^^^^^^^^^^^^^
[2025-03-31T15:38:45.922+0000] {docker.py:73} INFO -   File "/usr/local/lib/python3.12/site-packages/urllib3/connectionpool.py", line 871, in urlopen
[2025-03-31T15:38:45.923+0000] {docker.py:73} INFO -     return self.urlopen(
[2025-03-31T15:38:45.924+0000] {docker.py:73} INFO -            ^^^^^^^^^^^^^
[2025-03-31T15:38:45.924+0000] {docker.py:73} INFO -   [Previous line repeated 4 more times]
[2025-03-31T15:38:45.925+0000] {docker.py:73} INFO -   File "/usr/local/lib/python3.12/site-packages/urllib3/connectionpool.py", line 841, in urlopen
[2025-03-31T15:38:45.925+0000] {docker.py:73} INFO -     retries = retries.increment(
[2025-03-31T15:38:45.926+0000] {docker.py:73} INFO -               ^^^^^^^^^^^^^^^^^^
[2025-03-31T15:38:45.927+0000] {docker.py:73} INFO -   File "/usr/local/lib/python3.12/site-packages/urllib3/util/retry.py", line 519, in increment
[2025-03-31T15:38:45.927+0000] {docker.py:73} INFO -     raise MaxRetryError(_pool, url, reason) from reason  # type: ignore[arg-type]
[2025-03-31T15:38:45.928+0000] {docker.py:73} INFO -     ^^^^^^^^^^^^^^^^^^^^^^^^^^^^^^^^^^^^^^^^^^^^^^^^^^^
[2025-03-31T15:38:45.929+0000] {docker.py:73} INFO - urllib3.exceptions.MaxRetryError: HTTPConnectionPool(host='localhost', port=5000): Max retries exceeded with url: /api/2.0/mlflow/runs/create (Caused by NewConnectionError('<urllib3.connection.HTTPConnection object at 0x7f2188a56390>: Failed to establish a new connection: [Errno 111] Connection refused'))
[2025-03-31T15:38:45.929+0000] {docker.py:73} INFO - 
[2025-03-31T15:38:45.930+0000] {docker.py:73} INFO - During handling of the above exception, another exception occurred:
[2025-03-31T15:38:45.930+0000] {docker.py:73} INFO - 
[2025-03-31T15:38:45.931+0000] {docker.py:73} INFO - Traceback (most recent call last):
[2025-03-31T15:38:45.932+0000] {docker.py:73} INFO -   File "/usr/local/lib/python3.12/site-packages/mlflow/utils/rest_utils.py", line 181, in http_request
[2025-03-31T15:38:45.932+0000] {docker.py:73} INFO -     return _get_http_response_with_retries(
[2025-03-31T15:38:45.933+0000] {docker.py:73} INFO -            ^^^^^^^^^^^^^^^^^^^^^^^^^^^^^^^^
[2025-03-31T15:38:45.934+0000] {docker.py:73} INFO -   File "/usr/local/lib/python3.12/site-packages/mlflow/utils/request_utils.py", line 237, in _get_http_response_with_retries
[2025-03-31T15:38:45.934+0000] {docker.py:73} INFO -     return session.request(method, url, allow_redirects=allow_redirects, **kwargs)
[2025-03-31T15:38:45.935+0000] {docker.py:73} INFO -            ^^^^^^^^^^^^^^^^^^^^^^^^^^^^^^^^^^^^^^^^^^^^^^^^^^^^^^^^^^^^^^^^^^^^^^^
[2025-03-31T15:38:45.935+0000] {docker.py:73} INFO -   File "/usr/local/lib/python3.12/site-packages/requests/sessions.py", line 589, in request
[2025-03-31T15:38:45.936+0000] {docker.py:73} INFO -     resp = self.send(prep, **send_kwargs)
[2025-03-31T15:38:45.937+0000] {docker.py:73} INFO -            ^^^^^^^^^^^^^^^^^^^^^^^^^^^^^^
[2025-03-31T15:38:45.937+0000] {docker.py:73} INFO -   File "/usr/local/lib/python3.12/site-packages/requests/sessions.py", line 703, in send
[2025-03-31T15:38:45.938+0000] {docker.py:73} INFO -     r = adapter.send(request, **kwargs)
[2025-03-31T15:38:45.939+0000] {docker.py:73} INFO -         ^^^^^^^^^^^^^^^^^^^^^^^^^^^^^^^
[2025-03-31T15:38:45.939+0000] {docker.py:73} INFO -   File "/usr/local/lib/python3.12/site-packages/requests/adapters.py", line 700, in send
[2025-03-31T15:38:45.940+0000] {docker.py:73} INFO -     raise ConnectionError(e, request=request)
[2025-03-31T15:38:45.941+0000] {docker.py:73} INFO - requests.exceptions.ConnectionError: HTTPConnectionPool(host='localhost', port=5000): Max retries exceeded with url: /api/2.0/mlflow/runs/create (Caused by NewConnectionError('<urllib3.connection.HTTPConnection object at 0x7f2188a56390>: Failed to establish a new connection: [Errno 111] Connection refused'))
[2025-03-31T15:38:45.941+0000] {docker.py:73} INFO - 
[2025-03-31T15:38:45.942+0000] {docker.py:73} INFO - During handling of the above exception, another exception occurred:
[2025-03-31T15:38:45.942+0000] {docker.py:73} INFO - 
[2025-03-31T15:38:45.943+0000] {docker.py:73} INFO - Traceback (most recent call last):
[2025-03-31T15:38:45.944+0000] {docker.py:73} INFO -   File "<frozen runpy>", line 198, in _run_module_as_main
[2025-03-31T15:38:45.944+0000] {docker.py:73} INFO -   File "<frozen runpy>", line 88, in _run_code
[2025-03-31T15:38:45.945+0000] {docker.py:73} INFO -   File "/app/src/monitoring/monitor_script.py", line 49, in <module>
[2025-03-31T15:38:45.946+0000] {docker.py:73} INFO -     monitor_data()
[2025-03-31T15:38:45.946+0000] {docker.py:73} INFO -   File "/app/src/monitoring/monitor_script.py", line 22, in monitor_data
[2025-03-31T15:38:45.947+0000] {docker.py:73} INFO -     with mlflow.start_run():
[2025-03-31T15:38:45.948+0000] {docker.py:73} INFO -          ^^^^^^^^^^^^^^^^^^
[2025-03-31T15:38:45.948+0000] {docker.py:73} INFO -   File "/usr/local/lib/python3.12/site-packages/mlflow/tracking/fluent.py", line 446, in start_run
[2025-03-31T15:38:45.949+0000] {docker.py:73} INFO -     active_run_obj = client.create_run(
[2025-03-31T15:38:45.949+0000] {docker.py:73} INFO -                      ^^^^^^^^^^^^^^^^^^
[2025-03-31T15:38:45.950+0000] {docker.py:73} INFO -   File "/usr/local/lib/python3.12/site-packages/mlflow/tracking/client.py", line 418, in create_run
[2025-03-31T15:38:45.951+0000] {docker.py:73} INFO -     return self._tracking_client.create_run(experiment_id, start_time, tags, run_name)
[2025-03-31T15:38:45.952+0000] {docker.py:73} INFO -            ^^^^^^^^^^^^^^^^^^^^^^^^^^^^^^^^^^^^^^^^^^^^^^^^^^^^^^^^^^^^^^^^^^^^^^^^^^^
[2025-03-31T15:38:45.953+0000] {docker.py:73} INFO -   File "/usr/local/lib/python3.12/site-packages/mlflow/tracking/_tracking_service/client.py", line 170, in create_run
[2025-03-31T15:38:45.954+0000] {docker.py:73} INFO -     return self.store.create_run(
[2025-03-31T15:38:45.955+0000] {docker.py:73} INFO -            ^^^^^^^^^^^^^^^^^^^^^^
[2025-03-31T15:38:45.955+0000] {docker.py:73} INFO -   File "/usr/local/lib/python3.12/site-packages/mlflow/store/tracking/rest_store.py", line 220, in create_run
[2025-03-31T15:38:45.956+0000] {docker.py:73} INFO -     response_proto = self._call_endpoint(CreateRun, req_body)
[2025-03-31T15:38:45.956+0000] {docker.py:73} INFO -                      ^^^^^^^^^^^^^^^^^^^^^^^^^^^^^^^^^^^^^^^^
[2025-03-31T15:38:45.957+0000] {docker.py:73} INFO -   File "/usr/local/lib/python3.12/site-packages/mlflow/store/tracking/rest_store.py", line 90, in _call_endpoint
[2025-03-31T15:38:45.965+0000] {docker.py:73} INFO -     return call_endpoint(self.get_host_creds(), endpoint, method, json_body, response_proto)
[2025-03-31T15:38:45.966+0000] {docker.py:73} INFO -            ^^^^^^^^^^^^^^^^^^^^^^^^^^^^^^^^^^^^^^^^^^^^^^^^^^^^^^^^^^^^^^^^^^^^^^^^^^^^^^^^^
[2025-03-31T15:38:45.967+0000] {docker.py:73} INFO -   File "/usr/local/lib/python3.12/site-packages/mlflow/utils/rest_utils.py", line 390, in call_endpoint
[2025-03-31T15:38:45.969+0000] {docker.py:73} INFO -     response = http_request(**call_kwargs)
[2025-03-31T15:38:45.970+0000] {docker.py:73} INFO -                ^^^^^^^^^^^^^^^^^^^^^^^^^^^
[2025-03-31T15:38:45.970+0000] {docker.py:73} INFO -   File "/usr/local/lib/python3.12/site-packages/mlflow/utils/rest_utils.py", line 204, in http_request
[2025-03-31T15:38:45.971+0000] {docker.py:73} INFO -     raise MlflowException(f"API request to {url} failed with exception {e}")
[2025-03-31T15:38:45.972+0000] {docker.py:73} INFO - mlflow.exceptions.MlflowException: API request to http://localhost:5000/api/2.0/mlflow/runs/create failed with exception HTTPConnectionPool(host='localhost', port=5000): Max retries exceeded with url: /api/2.0/mlflow/runs/create (Caused by NewConnectionError('<urllib3.connection.HTTPConnection object at 0x7f2188a56390>: Failed to establish a new connection: [Errno 111] Connection refused'))
[2025-03-31T15:38:46.963+0000] {taskinstance.py:3313} ERROR - Task failed with exception
Traceback (most recent call last):
  File "/home/ubuntu/miniconda/envs/mlflow/lib/python3.12/site-packages/airflow/models/taskinstance.py", line 768, in _execute_task
    result = _execute_callable(context=context, **execute_callable_kwargs)
             ^^^^^^^^^^^^^^^^^^^^^^^^^^^^^^^^^^^^^^^^^^^^^^^^^^^^^^^^^^^^^
  File "/home/ubuntu/miniconda/envs/mlflow/lib/python3.12/site-packages/airflow/models/taskinstance.py", line 734, in _execute_callable
    return ExecutionCallableRunner(
           ^^^^^^^^^^^^^^^^^^^^^^^^
  File "/home/ubuntu/miniconda/envs/mlflow/lib/python3.12/site-packages/airflow/utils/operator_helpers.py", line 252, in run
    return self.func(*args, **kwargs)
           ^^^^^^^^^^^^^^^^^^^^^^^^^^
  File "/home/ubuntu/miniconda/envs/mlflow/lib/python3.12/site-packages/airflow/models/baseoperator.py", line 424, in wrapper
    return func(self, *args, **kwargs)
           ^^^^^^^^^^^^^^^^^^^^^^^^^^^
  File "/home/ubuntu/miniconda/envs/mlflow/lib/python3.12/site-packages/airflow/providers/docker/operators/docker.py", line 494, in execute
    return self._run_image()
           ^^^^^^^^^^^^^^^^^
  File "/home/ubuntu/miniconda/envs/mlflow/lib/python3.12/site-packages/airflow/providers/docker/operators/docker.py", line 358, in _run_image
    return self._run_image_with_mounts([*self.mounts, tmp_mount], add_tmp_variable=True)
           ^^^^^^^^^^^^^^^^^^^^^^^^^^^^^^^^^^^^^^^^^^^^^^^^^^^^^^^^^^^^^^^^^^^^^^^^^^^^^
  File "/home/ubuntu/miniconda/envs/mlflow/lib/python3.12/site-packages/airflow/providers/docker/operators/docker.py", line 428, in _run_image_with_mounts
    raise DockerContainerFailedException(f"Docker container failed: {result!r}", logs=log_lines)
airflow.providers.docker.exceptions.DockerContainerFailedException: Docker container failed: {'StatusCode': 1}
[2025-03-31T15:38:46.968+0000] {taskinstance.py:1226} INFO - Marking task as FAILED. dag_id=weather_data_monitoring, task_id=monitor_data, run_id=scheduled__2025-03-31T15:23:00+00:00, execution_date=20250331T152300, start_date=20250331T153429, end_date=20250331T153846
[2025-03-31T15:38:47.003+0000] {taskinstance.py:341} INFO - ::group::Post task execution logs
[2025-03-31T15:38:47.004+0000] {standard_task_runner.py:124} ERROR - Failed to execute job 376 for task monitor_data (Docker container failed: {'StatusCode': 1}; 13869)
Traceback (most recent call last):
  File "/home/ubuntu/miniconda/envs/mlflow/lib/python3.12/site-packages/airflow/task/task_runner/standard_task_runner.py", line 117, in _start_by_fork
    ret = args.func(args, dag=self.dag)
          ^^^^^^^^^^^^^^^^^^^^^^^^^^^^^
  File "/home/ubuntu/miniconda/envs/mlflow/lib/python3.12/site-packages/airflow/cli/cli_config.py", line 49, in command
    return func(*args, **kwargs)
           ^^^^^^^^^^^^^^^^^^^^^
  File "/home/ubuntu/miniconda/envs/mlflow/lib/python3.12/site-packages/airflow/utils/cli.py", line 116, in wrapper
    return f(*args, **kwargs)
           ^^^^^^^^^^^^^^^^^^
  File "/home/ubuntu/miniconda/envs/mlflow/lib/python3.12/site-packages/airflow/cli/commands/task_command.py", line 483, in task_run
    task_return_code = _run_task_by_selected_method(args, _dag, ti)
                       ^^^^^^^^^^^^^^^^^^^^^^^^^^^^^^^^^^^^^^^^^^^^
  File "/home/ubuntu/miniconda/envs/mlflow/lib/python3.12/site-packages/airflow/cli/commands/task_command.py", line 256, in _run_task_by_selected_method
    return _run_raw_task(args, ti)
           ^^^^^^^^^^^^^^^^^^^^^^^
  File "/home/ubuntu/miniconda/envs/mlflow/lib/python3.12/site-packages/airflow/cli/commands/task_command.py", line 341, in _run_raw_task
    return ti._run_raw_task(
           ^^^^^^^^^^^^^^^^^
  File "/home/ubuntu/miniconda/envs/mlflow/lib/python3.12/site-packages/airflow/utils/session.py", line 97, in wrapper
    return func(*args, session=session, **kwargs)
           ^^^^^^^^^^^^^^^^^^^^^^^^^^^^^^^^^^^^^^
  File "/home/ubuntu/miniconda/envs/mlflow/lib/python3.12/site-packages/airflow/models/taskinstance.py", line 3006, in _run_raw_task
    return _run_raw_task(
           ^^^^^^^^^^^^^^
  File "/home/ubuntu/miniconda/envs/mlflow/lib/python3.12/site-packages/airflow/models/taskinstance.py", line 274, in _run_raw_task
    TaskInstance._execute_task_with_callbacks(
  File "/home/ubuntu/miniconda/envs/mlflow/lib/python3.12/site-packages/airflow/models/taskinstance.py", line 3161, in _execute_task_with_callbacks
    result = self._execute_task(context, task_orig)
             ^^^^^^^^^^^^^^^^^^^^^^^^^^^^^^^^^^^^^^
  File "/home/ubuntu/miniconda/envs/mlflow/lib/python3.12/site-packages/airflow/models/taskinstance.py", line 3185, in _execute_task
    return _execute_task(self, context, task_orig)
           ^^^^^^^^^^^^^^^^^^^^^^^^^^^^^^^^^^^^^^^
  File "/home/ubuntu/miniconda/envs/mlflow/lib/python3.12/site-packages/airflow/models/taskinstance.py", line 768, in _execute_task
    result = _execute_callable(context=context, **execute_callable_kwargs)
             ^^^^^^^^^^^^^^^^^^^^^^^^^^^^^^^^^^^^^^^^^^^^^^^^^^^^^^^^^^^^^
  File "/home/ubuntu/miniconda/envs/mlflow/lib/python3.12/site-packages/airflow/models/taskinstance.py", line 734, in _execute_callable
    return ExecutionCallableRunner(
           ^^^^^^^^^^^^^^^^^^^^^^^^
  File "/home/ubuntu/miniconda/envs/mlflow/lib/python3.12/site-packages/airflow/utils/operator_helpers.py", line 252, in run
    return self.func(*args, **kwargs)
           ^^^^^^^^^^^^^^^^^^^^^^^^^^
  File "/home/ubuntu/miniconda/envs/mlflow/lib/python3.12/site-packages/airflow/models/baseoperator.py", line 424, in wrapper
    return func(self, *args, **kwargs)
           ^^^^^^^^^^^^^^^^^^^^^^^^^^^
  File "/home/ubuntu/miniconda/envs/mlflow/lib/python3.12/site-packages/airflow/providers/docker/operators/docker.py", line 494, in execute
    return self._run_image()
           ^^^^^^^^^^^^^^^^^
  File "/home/ubuntu/miniconda/envs/mlflow/lib/python3.12/site-packages/airflow/providers/docker/operators/docker.py", line 358, in _run_image
    return self._run_image_with_mounts([*self.mounts, tmp_mount], add_tmp_variable=True)
           ^^^^^^^^^^^^^^^^^^^^^^^^^^^^^^^^^^^^^^^^^^^^^^^^^^^^^^^^^^^^^^^^^^^^^^^^^^^^^
  File "/home/ubuntu/miniconda/envs/mlflow/lib/python3.12/site-packages/airflow/providers/docker/operators/docker.py", line 428, in _run_image_with_mounts
    raise DockerContainerFailedException(f"Docker container failed: {result!r}", logs=log_lines)
airflow.providers.docker.exceptions.DockerContainerFailedException: Docker container failed: {'StatusCode': 1}
[2025-03-31T15:38:47.020+0000] {local_task_job_runner.py:266} INFO - Task exited with return code 1
[2025-03-31T15:38:47.032+0000] {taskinstance.py:3901} INFO - 0 downstream tasks scheduled from follow-on schedule check
[2025-03-31T15:38:47.033+0000] {local_task_job_runner.py:245} INFO - ::endgroup::
