[2025-04-03T08:42:25.260+0000] {local_task_job_runner.py:123} INFO - ::group::Pre task execution logs
[2025-04-03T08:42:25.294+0000] {taskinstance.py:2614} INFO - Dependencies all met for dep_context=non-requeueable deps ti=<TaskInstance: weather_data_collection.version_data scheduled__2025-04-03T08:35:00+00:00 [queued]>
[2025-04-03T08:42:25.311+0000] {taskinstance.py:2614} INFO - Dependencies all met for dep_context=requeueable deps ti=<TaskInstance: weather_data_collection.version_data scheduled__2025-04-03T08:35:00+00:00 [queued]>
[2025-04-03T08:42:25.312+0000] {taskinstance.py:2867} INFO - Starting attempt 2 of 2
[2025-04-03T08:42:25.329+0000] {taskinstance.py:2890} INFO - Executing <Task(PythonOperator): version_data> on 2025-04-03 08:35:00+00:00
[2025-04-03T08:42:25.341+0000] {standard_task_runner.py:104} INFO - Running: ['***', 'tasks', 'run', 'weather_data_collection', 'version_data', 'scheduled__2025-04-03T08:35:00+00:00', '--job-id', '186', '--raw', '--subdir', 'DAGS_FOLDER/weather_dag.py', '--cfg-path', '/tmp/tmp207yt1pq']
[2025-04-03T08:42:25.345+0000] {standard_task_runner.py:105} INFO - Job 186: Subtask version_data
[2025-04-03T08:42:25.346+0000] {logging_mixin.py:190} WARNING - /home/ubuntu/miniconda/envs/mlflow/lib/python3.12/site-packages/***/task/task_runner/standard_task_runner.py:70 DeprecationWarning: This process (pid=13712) is multi-threaded, use of fork() may lead to deadlocks in the child.
[2025-04-03T08:42:25.347+0000] {standard_task_runner.py:72} INFO - Started process 13718 to run task
[2025-04-03T08:42:25.426+0000] {task_command.py:467} INFO - Running <TaskInstance: weather_data_collection.version_data scheduled__2025-04-03T08:35:00+00:00 [running]> on host ip-172-31-19-13.eu-west-1.compute.internal
[2025-04-03T08:42:25.558+0000] {taskinstance.py:3134} INFO - Exporting env vars: AIRFLOW_CTX_DAG_OWNER='***' AIRFLOW_CTX_DAG_ID='weather_data_collection' AIRFLOW_CTX_TASK_ID='version_data' AIRFLOW_CTX_EXECUTION_DATE='2025-04-03T08:35:00+00:00' AIRFLOW_CTX_TRY_NUMBER='2' AIRFLOW_CTX_DAG_RUN_ID='scheduled__2025-04-03T08:35:00+00:00'
[2025-04-03T08:42:25.560+0000] {taskinstance.py:732} INFO - ::endgroup::
[2025-04-03T08:42:25.582+0000] {dvc_hook.py:25} INFO - DVC already initialized in /home/ubuntu/MLFlow
[2025-04-03T08:42:26.366+0000] {dvc_hook.py:32} INFO - Ensured DVC remote 'origin' URL is set.
[2025-04-03T08:42:29.540+0000] {dvc_hook.py:46} INFO - DVC remote credentials set successfully.
[2025-04-03T08:42:31.170+0000] {dvc_hook.py:56} INFO - DVC add output: 
To track the changes with git, run:

	git add data_storage.dvc

To enable auto staging, run:

	dvc config core.autostage true

[2025-04-03T08:42:31.170+0000] {dvc_hook.py:66} INFO - Attempt 1 to push...
[2025-04-03T08:42:34.590+0000] {dvc_hook.py:74} INFO - DVC push output: 2025-04-03 08:42:31,576 DEBUG: v3.59.1 (pip), CPython 3.12.9 on Linux-5.15.0-1080-aws-x86_64-with-glibc2.31
2025-04-03 08:42:31,577 DEBUG: command: /home/ubuntu/miniconda/envs/mlflow/bin/dvc push -v --remote origin
2025-04-03 08:42:32,399 DEBUG: Preparing to transfer data from '/home/ubuntu/MLFlow/.dvc/cache/files/md5' to 'https://dagshub.com/fbarulli/MLFlow.dvc/files/md5'
2025-04-03 08:42:32,399 DEBUG: Preparing to collect status from 'https://dagshub.com/fbarulli/MLFlow.dvc/files/md5'
2025-04-03 08:42:32,400 DEBUG: Collecting status from 'https://dagshub.com/fbarulli/MLFlow.dvc/files/md5'
2025-04-03 08:42:32,401 DEBUG: Querying 1 oids via object_exists
2025-04-03 08:42:32,672 DEBUG: Querying 1 oids via object_exists
2025-04-03 08:42:32,926 DEBUG: Querying 2 oids via object_exists
2025-04-03 08:42:33,199 DEBUG: Preparing to collect status from '/home/ubuntu/MLFlow/.dvc/cache/files/md5'
2025-04-03 08:42:33,199 DEBUG: Collecting status from '/home/ubuntu/MLFlow/.dvc/cache/files/md5'
2025-04-03 08:42:33,684 DEBUG: transfer dir: md5: 0dd6e4ca248533fd298e6ab0aaf45b46.dir with 1 files
2025-04-03 08:42:34,275 DEBUG: Indexing pushed dir 'md5: 0dd6e4ca248533fd298e6ab0aaf45b46.dir' with '1' nested files
2 files pushed
2025-04-03 08:42:34,309 DEBUG: Analytics is enabled.
2025-04-03 08:42:34,370 DEBUG: Trying to spawn ['daemon', 'analytics', '/tmp/tmpx86pl_gm', '-v']
2025-04-03 08:42:34,380 DEBUG: Spawned ['daemon', 'analytics', '/tmp/tmpx86pl_gm', '-v'] with pid 13813

[2025-04-03T08:42:34.591+0000] {python.py:240} INFO - Done. Returned value was: None
[2025-04-03T08:42:34.611+0000] {taskinstance.py:341} INFO - ::group::Post task execution logs
[2025-04-03T08:42:34.612+0000] {taskinstance.py:353} INFO - Marking task as SUCCESS. dag_id=weather_data_collection, task_id=version_data, run_id=scheduled__2025-04-03T08:35:00+00:00, execution_date=20250403T083500, start_date=20250403T084225, end_date=20250403T084234
[2025-04-03T08:42:34.724+0000] {local_task_job_runner.py:266} INFO - Task exited with return code 0
[2025-04-03T08:42:34.766+0000] {taskinstance.py:3901} INFO - 0 downstream tasks scheduled from follow-on schedule check
[2025-04-03T08:42:34.780+0000] {local_task_job_runner.py:245} INFO - ::endgroup::
