  ____________       _____________
 ____    |__( )_________  __/__  /________      __
____  /| |_  /__  ___/_  /_ __  /_  __ \_ | /| / /
___  ___ |  / _  /   _  __/ _  / / /_/ /_ |/ |/ /
 _/_/  |_/_/  /_/    /_/    /_/  \____/____/|__/
[2025-03-31T17:57:05.521+0000] {executor_loader.py:258} INFO - Loaded executor: SequentialExecutor
[2025-03-31 17:57:05 +0000] [31697] [INFO] Starting gunicorn 23.0.0
[2025-03-31 17:57:05 +0000] [31697] [INFO] Listening at: http://[::]:8793 (31697)
[2025-03-31 17:57:05 +0000] [31697] [INFO] Using worker: sync
[2025-03-31T17:57:05.621+0000] {scheduler_job_runner.py:950} INFO - Starting the scheduler
[2025-03-31T17:57:05.622+0000] {scheduler_job_runner.py:957} INFO - Processing each file at most -1 times
[2025-03-31 17:57:05 +0000] [31698] [INFO] Booting worker with pid: 31698
[2025-03-31T17:57:05.640+0000] {manager.py:174} INFO - Launched DagFileProcessorManager with pid: 31699
[2025-03-31T17:57:05.643+0000] {scheduler_job_runner.py:1949} INFO - Adopting or resetting orphaned tasks for active dag runs
[2025-03-31T17:57:05.656+0000] {settings.py:63} INFO - Configured default timezone UTC
[2025-03-31 17:57:05 +0000] [31700] [INFO] Booting worker with pid: 31700
[2025-03-31T17:57:05.730+0000] {manager.py:406} WARNING - Because we cannot use more than 1 thread (parsing_processes = 2) when using sqlite. So we set parallelism to 1.
[2025-03-31T17:57:08.548+0000] {scheduler_job_runner.py:272} INFO - Exiting gracefully upon receiving signal 15
[2025-03-31T17:57:09.643+0000] {process_utils.py:132} INFO - Sending 15 to group 31699. PIDs of all processes in the group: [31699]
[2025-03-31T17:57:09.665+0000] {process_utils.py:87} INFO - Sending the signal 15 to group 31699
[2025-03-31T17:57:09.674+0000] {process_utils.py:80} INFO - Process psutil.Process(pid=31699, status='terminated', exitcode=0, started='17:57:04') (31699) terminated with exit code 0
[2025-03-31T17:57:09.719+0000] {process_utils.py:132} INFO - Sending 15 to group 31699. PIDs of all processes in the group: []
[2025-03-31T17:57:09.733+0000] {process_utils.py:87} INFO - Sending the signal 15 to group 31699
[2025-03-31T17:57:09.737+0000] {process_utils.py:101} INFO - Sending the signal 15 to process 31699 as process group is missing.
[2025-03-31T17:57:09.742+0000] {scheduler_job_runner.py:1029} INFO - Exited execute loop
[2025-03-31 17:57:09 +0000] [31697] [INFO] Handling signal: term
[2025-03-31 17:57:09 +0000] [31698] [INFO] Worker exiting (pid: 31698)
[2025-03-31 17:57:09 +0000] [31700] [INFO] Worker exiting (pid: 31700)
[2025-03-31 17:57:09 +0000] [31697] [INFO] Shutting down: Master
