[2025-03-26T11:54:15.748+0000] {local_task_job_runner.py:123} INFO - ::group::Pre task execution logs
[2025-03-26T11:54:15.772+0000] {taskinstance.py:2614} INFO - Dependencies all met for dep_context=non-requeueable deps ti=<TaskInstance: weather_data_collection.collect_weather_data scheduled__2025-03-26T11:53:00+00:00 [queued]>
[2025-03-26T11:54:15.785+0000] {taskinstance.py:2614} INFO - Dependencies all met for dep_context=requeueable deps ti=<TaskInstance: weather_data_collection.collect_weather_data scheduled__2025-03-26T11:53:00+00:00 [queued]>
[2025-03-26T11:54:15.785+0000] {taskinstance.py:2867} INFO - Starting attempt 1 of 2
[2025-03-26T11:54:15.815+0000] {taskinstance.py:2890} INFO - Executing <Task(DockerOperator): collect_weather_data> on 2025-03-26 11:53:00+00:00
[2025-03-26T11:54:15.821+0000] {standard_task_runner.py:72} INFO - Started process 31573 to run task
[2025-03-26T11:54:15.825+0000] {standard_task_runner.py:104} INFO - Running: ['airflow', 'tasks', 'run', 'weather_data_collection', 'collect_weather_data', 'scheduled__2025-03-26T11:53:00+00:00', '--job-id', '978', '--raw', '--subdir', '/home/ubuntu/MLFlow/dags/weather_dag.py', '--cfg-path', '/tmp/tmp65t6juo_']
[2025-03-26T11:54:15.827+0000] {standard_task_runner.py:105} INFO - Job 978: Subtask collect_weather_data
[2025-03-26T11:54:15.880+0000] {task_command.py:467} INFO - Running <TaskInstance: weather_data_collection.collect_weather_data scheduled__2025-03-26T11:53:00+00:00 [running]> on host ip-172-31-43-252.eu-west-1.compute.internal
[2025-03-26T11:54:15.983+0000] {taskinstance.py:3134} INFO - Exporting env vars: AIRFLOW_CTX_DAG_OWNER='airflow' AIRFLOW_CTX_DAG_ID='weather_data_collection' AIRFLOW_CTX_TASK_ID='collect_weather_data' AIRFLOW_CTX_EXECUTION_DATE='2025-03-26T11:53:00+00:00' AIRFLOW_CTX_TRY_NUMBER='1' AIRFLOW_CTX_DAG_RUN_ID='scheduled__2025-03-26T11:53:00+00:00'
[2025-03-26T11:54:15.984+0000] {taskinstance.py:732} INFO - ::endgroup::
[2025-03-26T11:54:16.040+0000] {docker.py:353} INFO - Starting docker container from image weather-collector:light
[2025-03-26T11:54:18.008+0000] {docker.py:73} INFO -   0%|          | 0/5 [00:00<?, ?it/s]
[2025-03-26T11:54:18.205+0000] {docker.py:73} INFO -  60%|██████    | 3/5 [00:00<00:00, 15.26it/s]
[2025-03-26T11:54:18.395+0000] {docker.py:73} INFO - 100%|██████████| 5/5 [00:00<00:00, 12.51it/s]
[2025-03-26T11:54:18.492+0000] {docker.py:73} INFO - 100%|██████████| 5/5 [00:00<00:00, 10.33it/s]
[2025-03-26T11:54:18.494+0000] {docker.py:73} INFO -   0%|          | 0/5 [00:00<?, ?it/s]
[2025-03-26T11:54:18.495+0000] {docker.py:73} INFO - 100%|██████████| 5/5 [00:00<00:00, 4526.55it/s]
[2025-03-26T11:54:18.522+0000] {docker.py:73} INFO -        city country  ...  weather_description             datetime
[2025-03-26T11:54:18.522+0000] {docker.py:73} INFO - 0     Paris      FR  ...                 mist  2025-03-26T11:54:18
[2025-03-26T11:54:18.523+0000] {docker.py:73} INFO - 1    London      GB  ...     scattered clouds  2025-03-26T11:54:18
[2025-03-26T11:54:18.523+0000] {docker.py:73} INFO - 2  New York      US  ...            clear sky  2025-03-26T11:54:18
[2025-03-26T11:54:18.523+0000] {docker.py:73} INFO - 3    Berlin      DE  ...      overcast clouds  2025-03-26T11:54:18
[2025-03-26T11:54:18.523+0000] {docker.py:73} INFO - 4     Tokyo      JP  ...            clear sky  2025-03-26T11:54:18
[2025-03-26T11:54:18.525+0000] {docker.py:73} INFO - 
[2025-03-26T11:54:18.525+0000] {docker.py:73} INFO - [5 rows x 7 columns]
[2025-03-26T11:54:19.050+0000] {taskinstance.py:341} INFO - ::group::Post task execution logs
[2025-03-26T11:54:19.050+0000] {taskinstance.py:353} INFO - Marking task as SUCCESS. dag_id=weather_data_collection, task_id=collect_weather_data, run_id=scheduled__2025-03-26T11:53:00+00:00, execution_date=20250326T115300, start_date=20250326T115415, end_date=20250326T115419
[2025-03-26T11:54:19.105+0000] {local_task_job_runner.py:266} INFO - Task exited with return code 0
[2025-03-26T11:54:19.135+0000] {taskinstance.py:3901} INFO - 1 downstream tasks scheduled from follow-on schedule check
[2025-03-26T11:54:19.139+0000] {local_task_job_runner.py:245} INFO - ::endgroup::
