[2025-03-26T17:38:30.968+0000] {local_task_job_runner.py:123} INFO - ::group::Pre task execution logs
[2025-03-26T17:38:30.987+0000] {taskinstance.py:2603} INFO - Dependencies all met for dep_context=non-requeueable deps ti=<TaskInstance: weather_data_monitoring.monitor_data scheduled__2025-03-26T17:37:00+00:00 [queued]>
[2025-03-26T17:38:30.998+0000] {taskinstance.py:2603} INFO - Dependencies all met for dep_context=requeueable deps ti=<TaskInstance: weather_data_monitoring.monitor_data scheduled__2025-03-26T17:37:00+00:00 [queued]>
[2025-03-26T17:38:30.998+0000] {taskinstance.py:2856} INFO - Starting attempt 1 of 2
[2025-03-26T17:38:31.029+0000] {taskinstance.py:2879} INFO - Executing <Task(DockerOperator): monitor_data> on 2025-03-26 17:37:00+00:00
[2025-03-26T17:38:31.038+0000] {standard_task_runner.py:72} INFO - Started process 9110 to run task
[2025-03-26T17:38:31.050+0000] {standard_task_runner.py:104} INFO - Running: ['airflow', 'tasks', 'run', 'weather_data_monitoring', 'monitor_data', 'scheduled__2025-03-26T17:37:00+00:00', '--job-id', '42', '--raw', '--subdir', 'DAGS_FOLDER/weather_monitor_dag.py', '--cfg-path', '/tmp/tmp8ea3nm46']
[2025-03-26T17:38:31.053+0000] {standard_task_runner.py:105} INFO - Job 42: Subtask monitor_data
[2025-03-26T17:38:31.132+0000] {task_command.py:467} INFO - Running <TaskInstance: weather_data_monitoring.monitor_data scheduled__2025-03-26T17:37:00+00:00 [running]> on host ip-172-31-43-252.eu-west-1.compute.internal
[2025-03-26T17:38:31.254+0000] {taskinstance.py:3122} INFO - Exporting env vars: AIRFLOW_CTX_DAG_OWNER='airflow' AIRFLOW_CTX_DAG_ID='weather_data_monitoring' AIRFLOW_CTX_TASK_ID='monitor_data' AIRFLOW_CTX_EXECUTION_DATE='2025-03-26T17:37:00+00:00' AIRFLOW_CTX_TRY_NUMBER='1' AIRFLOW_CTX_DAG_RUN_ID='scheduled__2025-03-26T17:37:00+00:00'
[2025-03-26T17:38:31.256+0000] {taskinstance.py:731} INFO - ::endgroup::
[2025-03-26T17:38:31.325+0000] {docker.py:353} INFO - Starting docker container from image weather-monitor:light
[2025-03-26T17:38:38.675+0000] {docker.py:73} INFO - /usr/local/lib/python3.12/site-packages/evidently/utils/visualizations.py:1235: FutureWarning: 'H' is deprecated and will be removed in a future version, please use 'h' instead.
[2025-03-26T17:38:38.676+0000] {docker.py:73} INFO -   dt_plot_df["per"] = dt_plot_df[datetime_name].dt.to_period(freq=freq)
[2025-03-26T17:38:38.690+0000] {docker.py:73} INFO - /usr/local/lib/python3.12/site-packages/evidently/utils/visualizations.py:1235: FutureWarning: 'H' is deprecated and will be removed in a future version, please use 'h' instead.
[2025-03-26T17:38:38.691+0000] {docker.py:73} INFO -   dt_plot_df["per"] = dt_plot_df[datetime_name].dt.to_period(freq=freq)
[2025-03-26T17:38:38.704+0000] {docker.py:73} INFO - /usr/local/lib/python3.12/site-packages/evidently/utils/visualizations.py:1235: FutureWarning: 'H' is deprecated and will be removed in a future version, please use 'h' instead.
[2025-03-26T17:38:38.704+0000] {docker.py:73} INFO -   dt_plot_df["per"] = dt_plot_df[datetime_name].dt.to_period(freq=freq)
[2025-03-26T17:38:38.729+0000] {docker.py:73} INFO - /usr/local/lib/python3.12/site-packages/scipy/stats/_stats_py.py:7335: RuntimeWarning: divide by zero encountered in divide
[2025-03-26T17:38:38.729+0000] {docker.py:73} INFO -   terms = (f_obs - f_exp)**2 / f_exp
[2025-03-26T17:38:38.748+0000] {docker.py:73} INFO - /usr/local/lib/python3.12/site-packages/evidently/utils/visualizations.py:1235: FutureWarning: 'H' is deprecated and will be removed in a future version, please use 'h' instead.
[2025-03-26T17:38:38.748+0000] {docker.py:73} INFO -   dt_plot_df["per"] = dt_plot_df[datetime_name].dt.to_period(freq=freq)
[2025-03-26T17:38:38.760+0000] {docker.py:73} INFO - /usr/local/lib/python3.12/site-packages/evidently/utils/visualizations.py:1235: FutureWarning: 'H' is deprecated and will be removed in a future version, please use 'h' instead.
[2025-03-26T17:38:38.760+0000] {docker.py:73} INFO -   dt_plot_df["per"] = dt_plot_df[datetime_name].dt.to_period(freq=freq)
[2025-03-26T17:38:38.772+0000] {docker.py:73} INFO - /usr/local/lib/python3.12/site-packages/evidently/utils/visualizations.py:1235: FutureWarning: 'H' is deprecated and will be removed in a future version, please use 'h' instead.
[2025-03-26T17:38:38.772+0000] {docker.py:73} INFO -   dt_plot_df["per"] = dt_plot_df[datetime_name].dt.to_period(freq=freq)
[2025-03-26T17:38:38.793+0000] {docker.py:73} INFO - /usr/local/lib/python3.12/site-packages/scipy/stats/_stats_py.py:7335: RuntimeWarning: divide by zero encountered in divide
[2025-03-26T17:38:38.793+0000] {docker.py:73} INFO -   terms = (f_obs - f_exp)**2 / f_exp
[2025-03-26T17:38:39.492+0000] {docker.py:73} INFO - INFO:src.logger.logger:Drift report saved to /data/drift_report.html
[2025-03-26T17:38:40.665+0000] {taskinstance.py:340} INFO - ::group::Post task execution logs
[2025-03-26T17:38:40.666+0000] {taskinstance.py:352} INFO - Marking task as SUCCESS. dag_id=weather_data_monitoring, task_id=monitor_data, run_id=scheduled__2025-03-26T17:37:00+00:00, execution_date=20250326T173700, start_date=20250326T173830, end_date=20250326T173840
[2025-03-26T17:38:40.769+0000] {local_task_job_runner.py:261} INFO - Task exited with return code 0
[2025-03-26T17:38:40.806+0000] {taskinstance.py:3891} INFO - 0 downstream tasks scheduled from follow-on schedule check
[2025-03-26T17:38:40.807+0000] {local_task_job_runner.py:240} INFO - ::endgroup::
