[2025-04-02T16:19:44.523+0000] {processor.py:186} INFO - Started process (PID=6214) to work on /home/ubuntu/MLFlow/dags/airflow_custom_hooks/dvc_hook.py
[2025-04-02T16:19:44.524+0000] {processor.py:914} INFO - Processing file /home/ubuntu/MLFlow/dags/airflow_custom_hooks/dvc_hook.py for tasks to queue
[2025-04-02T16:19:44.526+0000] {logging_mixin.py:190} INFO - [2025-04-02T16:19:44.525+0000] {dagbag.py:588} INFO - Filling up the DagBag from /home/ubuntu/MLFlow/dags/airflow_custom_hooks/dvc_hook.py
[2025-04-02T16:19:44.530+0000] {processor.py:927} WARNING - No viable dags retrieved from /home/ubuntu/MLFlow/dags/airflow_custom_hooks/dvc_hook.py
[2025-04-02T16:19:44.542+0000] {processor.py:208} INFO - Processing /home/ubuntu/MLFlow/dags/airflow_custom_hooks/dvc_hook.py took 0.025 seconds
[2025-04-02T16:20:53.425+0000] {processor.py:186} INFO - Started process (PID=6309) to work on /home/ubuntu/MLFlow/dags/airflow_custom_hooks/dvc_hook.py
[2025-04-02T16:20:53.427+0000] {processor.py:914} INFO - Processing file /home/ubuntu/MLFlow/dags/airflow_custom_hooks/dvc_hook.py for tasks to queue
[2025-04-02T16:20:53.429+0000] {logging_mixin.py:190} INFO - [2025-04-02T16:20:53.428+0000] {dagbag.py:588} INFO - Filling up the DagBag from /home/ubuntu/MLFlow/dags/airflow_custom_hooks/dvc_hook.py
[2025-04-02T16:20:53.431+0000] {processor.py:927} WARNING - No viable dags retrieved from /home/ubuntu/MLFlow/dags/airflow_custom_hooks/dvc_hook.py
[2025-04-02T16:20:53.443+0000] {processor.py:208} INFO - Processing /home/ubuntu/MLFlow/dags/airflow_custom_hooks/dvc_hook.py took 0.025 seconds
[2025-04-02T16:22:15.656+0000] {processor.py:186} INFO - Started process (PID=6581) to work on /home/ubuntu/MLFlow/dags/airflow_custom_hooks/dvc_hook.py
[2025-04-02T16:22:15.658+0000] {processor.py:914} INFO - Processing file /home/ubuntu/MLFlow/dags/airflow_custom_hooks/dvc_hook.py for tasks to queue
[2025-04-02T16:22:15.662+0000] {logging_mixin.py:190} INFO - [2025-04-02T16:22:15.661+0000] {dagbag.py:588} INFO - Filling up the DagBag from /home/ubuntu/MLFlow/dags/airflow_custom_hooks/dvc_hook.py
[2025-04-02T16:22:15.666+0000] {processor.py:927} WARNING - No viable dags retrieved from /home/ubuntu/MLFlow/dags/airflow_custom_hooks/dvc_hook.py
[2025-04-02T16:22:15.681+0000] {processor.py:208} INFO - Processing /home/ubuntu/MLFlow/dags/airflow_custom_hooks/dvc_hook.py took 0.033 seconds
[2025-04-02T16:22:45.856+0000] {processor.py:186} INFO - Started process (PID=6639) to work on /home/ubuntu/MLFlow/dags/airflow_custom_hooks/dvc_hook.py
[2025-04-02T16:22:45.857+0000] {processor.py:914} INFO - Processing file /home/ubuntu/MLFlow/dags/airflow_custom_hooks/dvc_hook.py for tasks to queue
[2025-04-02T16:22:45.860+0000] {logging_mixin.py:190} INFO - [2025-04-02T16:22:45.859+0000] {dagbag.py:588} INFO - Filling up the DagBag from /home/ubuntu/MLFlow/dags/airflow_custom_hooks/dvc_hook.py
[2025-04-02T16:22:45.863+0000] {processor.py:927} WARNING - No viable dags retrieved from /home/ubuntu/MLFlow/dags/airflow_custom_hooks/dvc_hook.py
[2025-04-02T16:22:45.876+0000] {processor.py:208} INFO - Processing /home/ubuntu/MLFlow/dags/airflow_custom_hooks/dvc_hook.py took 0.026 seconds
[2025-04-02T16:23:16.415+0000] {processor.py:186} INFO - Started process (PID=6667) to work on /home/ubuntu/MLFlow/dags/airflow_custom_hooks/dvc_hook.py
[2025-04-02T16:23:16.417+0000] {processor.py:914} INFO - Processing file /home/ubuntu/MLFlow/dags/airflow_custom_hooks/dvc_hook.py for tasks to queue
[2025-04-02T16:23:16.419+0000] {logging_mixin.py:190} INFO - [2025-04-02T16:23:16.419+0000] {dagbag.py:588} INFO - Filling up the DagBag from /home/ubuntu/MLFlow/dags/airflow_custom_hooks/dvc_hook.py
[2025-04-02T16:23:16.422+0000] {processor.py:927} WARNING - No viable dags retrieved from /home/ubuntu/MLFlow/dags/airflow_custom_hooks/dvc_hook.py
[2025-04-02T16:23:16.436+0000] {processor.py:208} INFO - Processing /home/ubuntu/MLFlow/dags/airflow_custom_hooks/dvc_hook.py took 0.031 seconds
[2025-04-02T16:23:47.014+0000] {processor.py:186} INFO - Started process (PID=6690) to work on /home/ubuntu/MLFlow/dags/airflow_custom_hooks/dvc_hook.py
[2025-04-02T16:23:47.015+0000] {processor.py:914} INFO - Processing file /home/ubuntu/MLFlow/dags/airflow_custom_hooks/dvc_hook.py for tasks to queue
[2025-04-02T16:23:47.016+0000] {logging_mixin.py:190} INFO - [2025-04-02T16:23:47.016+0000] {dagbag.py:588} INFO - Filling up the DagBag from /home/ubuntu/MLFlow/dags/airflow_custom_hooks/dvc_hook.py
[2025-04-02T16:23:47.023+0000] {processor.py:927} WARNING - No viable dags retrieved from /home/ubuntu/MLFlow/dags/airflow_custom_hooks/dvc_hook.py
[2025-04-02T16:23:47.037+0000] {processor.py:208} INFO - Processing /home/ubuntu/MLFlow/dags/airflow_custom_hooks/dvc_hook.py took 0.030 seconds
[2025-04-02T16:24:17.337+0000] {processor.py:186} INFO - Started process (PID=6718) to work on /home/ubuntu/MLFlow/dags/airflow_custom_hooks/dvc_hook.py
[2025-04-02T16:24:17.339+0000] {processor.py:914} INFO - Processing file /home/ubuntu/MLFlow/dags/airflow_custom_hooks/dvc_hook.py for tasks to queue
[2025-04-02T16:24:17.341+0000] {logging_mixin.py:190} INFO - [2025-04-02T16:24:17.340+0000] {dagbag.py:588} INFO - Filling up the DagBag from /home/ubuntu/MLFlow/dags/airflow_custom_hooks/dvc_hook.py
[2025-04-02T16:24:17.344+0000] {processor.py:927} WARNING - No viable dags retrieved from /home/ubuntu/MLFlow/dags/airflow_custom_hooks/dvc_hook.py
[2025-04-02T16:24:17.359+0000] {processor.py:208} INFO - Processing /home/ubuntu/MLFlow/dags/airflow_custom_hooks/dvc_hook.py took 0.030 seconds
[2025-04-02T16:24:47.506+0000] {processor.py:186} INFO - Started process (PID=6736) to work on /home/ubuntu/MLFlow/dags/airflow_custom_hooks/dvc_hook.py
[2025-04-02T16:24:47.507+0000] {processor.py:914} INFO - Processing file /home/ubuntu/MLFlow/dags/airflow_custom_hooks/dvc_hook.py for tasks to queue
[2025-04-02T16:24:47.508+0000] {logging_mixin.py:190} INFO - [2025-04-02T16:24:47.508+0000] {dagbag.py:588} INFO - Filling up the DagBag from /home/ubuntu/MLFlow/dags/airflow_custom_hooks/dvc_hook.py
[2025-04-02T16:24:47.511+0000] {processor.py:927} WARNING - No viable dags retrieved from /home/ubuntu/MLFlow/dags/airflow_custom_hooks/dvc_hook.py
[2025-04-02T16:24:47.522+0000] {processor.py:208} INFO - Processing /home/ubuntu/MLFlow/dags/airflow_custom_hooks/dvc_hook.py took 0.023 seconds
[2025-04-02T16:25:17.691+0000] {processor.py:186} INFO - Started process (PID=6743) to work on /home/ubuntu/MLFlow/dags/airflow_custom_hooks/dvc_hook.py
[2025-04-02T16:25:17.693+0000] {processor.py:914} INFO - Processing file /home/ubuntu/MLFlow/dags/airflow_custom_hooks/dvc_hook.py for tasks to queue
[2025-04-02T16:25:17.695+0000] {logging_mixin.py:190} INFO - [2025-04-02T16:25:17.695+0000] {dagbag.py:588} INFO - Filling up the DagBag from /home/ubuntu/MLFlow/dags/airflow_custom_hooks/dvc_hook.py
[2025-04-02T16:25:17.698+0000] {processor.py:927} WARNING - No viable dags retrieved from /home/ubuntu/MLFlow/dags/airflow_custom_hooks/dvc_hook.py
[2025-04-02T16:25:17.709+0000] {processor.py:208} INFO - Processing /home/ubuntu/MLFlow/dags/airflow_custom_hooks/dvc_hook.py took 0.025 seconds
[2025-04-02T16:25:47.880+0000] {processor.py:186} INFO - Started process (PID=6748) to work on /home/ubuntu/MLFlow/dags/airflow_custom_hooks/dvc_hook.py
[2025-04-02T16:25:47.881+0000] {processor.py:914} INFO - Processing file /home/ubuntu/MLFlow/dags/airflow_custom_hooks/dvc_hook.py for tasks to queue
[2025-04-02T16:25:47.883+0000] {logging_mixin.py:190} INFO - [2025-04-02T16:25:47.882+0000] {dagbag.py:588} INFO - Filling up the DagBag from /home/ubuntu/MLFlow/dags/airflow_custom_hooks/dvc_hook.py
[2025-04-02T16:25:47.889+0000] {processor.py:927} WARNING - No viable dags retrieved from /home/ubuntu/MLFlow/dags/airflow_custom_hooks/dvc_hook.py
[2025-04-02T16:25:47.908+0000] {processor.py:208} INFO - Processing /home/ubuntu/MLFlow/dags/airflow_custom_hooks/dvc_hook.py took 0.034 seconds
[2025-04-02T16:26:18.094+0000] {processor.py:186} INFO - Started process (PID=6751) to work on /home/ubuntu/MLFlow/dags/airflow_custom_hooks/dvc_hook.py
[2025-04-02T16:26:18.096+0000] {processor.py:914} INFO - Processing file /home/ubuntu/MLFlow/dags/airflow_custom_hooks/dvc_hook.py for tasks to queue
[2025-04-02T16:26:18.098+0000] {logging_mixin.py:190} INFO - [2025-04-02T16:26:18.097+0000] {dagbag.py:588} INFO - Filling up the DagBag from /home/ubuntu/MLFlow/dags/airflow_custom_hooks/dvc_hook.py
[2025-04-02T16:26:18.100+0000] {processor.py:927} WARNING - No viable dags retrieved from /home/ubuntu/MLFlow/dags/airflow_custom_hooks/dvc_hook.py
[2025-04-02T16:26:18.115+0000] {processor.py:208} INFO - Processing /home/ubuntu/MLFlow/dags/airflow_custom_hooks/dvc_hook.py took 0.028 seconds
[2025-04-02T16:26:48.273+0000] {processor.py:186} INFO - Started process (PID=6754) to work on /home/ubuntu/MLFlow/dags/airflow_custom_hooks/dvc_hook.py
[2025-04-02T16:26:48.275+0000] {processor.py:914} INFO - Processing file /home/ubuntu/MLFlow/dags/airflow_custom_hooks/dvc_hook.py for tasks to queue
[2025-04-02T16:26:48.277+0000] {logging_mixin.py:190} INFO - [2025-04-02T16:26:48.277+0000] {dagbag.py:588} INFO - Filling up the DagBag from /home/ubuntu/MLFlow/dags/airflow_custom_hooks/dvc_hook.py
[2025-04-02T16:26:48.281+0000] {processor.py:927} WARNING - No viable dags retrieved from /home/ubuntu/MLFlow/dags/airflow_custom_hooks/dvc_hook.py
[2025-04-02T16:26:48.295+0000] {processor.py:208} INFO - Processing /home/ubuntu/MLFlow/dags/airflow_custom_hooks/dvc_hook.py took 0.029 seconds
[2025-04-02T16:27:36.418+0000] {processor.py:186} INFO - Started process (PID=6901) to work on /home/ubuntu/MLFlow/dags/airflow_custom_hooks/dvc_hook.py
[2025-04-02T16:27:36.420+0000] {processor.py:914} INFO - Processing file /home/ubuntu/MLFlow/dags/airflow_custom_hooks/dvc_hook.py for tasks to queue
[2025-04-02T16:27:36.424+0000] {logging_mixin.py:190} INFO - [2025-04-02T16:27:36.423+0000] {dagbag.py:588} INFO - Filling up the DagBag from /home/ubuntu/MLFlow/dags/airflow_custom_hooks/dvc_hook.py
[2025-04-02T16:27:36.427+0000] {processor.py:927} WARNING - No viable dags retrieved from /home/ubuntu/MLFlow/dags/airflow_custom_hooks/dvc_hook.py
[2025-04-02T16:27:36.447+0000] {processor.py:208} INFO - Processing /home/ubuntu/MLFlow/dags/airflow_custom_hooks/dvc_hook.py took 0.038 seconds
[2025-04-02T16:28:45.801+0000] {processor.py:186} INFO - Started process (PID=6957) to work on /home/ubuntu/MLFlow/dags/airflow_custom_hooks/dvc_hook.py
[2025-04-02T16:28:45.803+0000] {processor.py:914} INFO - Processing file /home/ubuntu/MLFlow/dags/airflow_custom_hooks/dvc_hook.py for tasks to queue
[2025-04-02T16:28:45.805+0000] {logging_mixin.py:190} INFO - [2025-04-02T16:28:45.804+0000] {dagbag.py:588} INFO - Filling up the DagBag from /home/ubuntu/MLFlow/dags/airflow_custom_hooks/dvc_hook.py
[2025-04-02T16:28:45.808+0000] {processor.py:927} WARNING - No viable dags retrieved from /home/ubuntu/MLFlow/dags/airflow_custom_hooks/dvc_hook.py
[2025-04-02T16:28:45.819+0000] {processor.py:208} INFO - Processing /home/ubuntu/MLFlow/dags/airflow_custom_hooks/dvc_hook.py took 0.025 seconds
[2025-04-02T16:29:54.346+0000] {processor.py:186} INFO - Started process (PID=7021) to work on /home/ubuntu/MLFlow/dags/airflow_custom_hooks/dvc_hook.py
[2025-04-02T16:29:54.348+0000] {processor.py:914} INFO - Processing file /home/ubuntu/MLFlow/dags/airflow_custom_hooks/dvc_hook.py for tasks to queue
[2025-04-02T16:29:54.350+0000] {logging_mixin.py:190} INFO - [2025-04-02T16:29:54.349+0000] {dagbag.py:588} INFO - Filling up the DagBag from /home/ubuntu/MLFlow/dags/airflow_custom_hooks/dvc_hook.py
[2025-04-02T16:29:54.352+0000] {processor.py:927} WARNING - No viable dags retrieved from /home/ubuntu/MLFlow/dags/airflow_custom_hooks/dvc_hook.py
[2025-04-02T16:29:54.365+0000] {processor.py:208} INFO - Processing /home/ubuntu/MLFlow/dags/airflow_custom_hooks/dvc_hook.py took 0.029 seconds
[2025-04-02T16:31:10.304+0000] {processor.py:186} INFO - Started process (PID=7207) to work on /home/ubuntu/MLFlow/dags/airflow_custom_hooks/dvc_hook.py
[2025-04-02T16:31:10.305+0000] {processor.py:914} INFO - Processing file /home/ubuntu/MLFlow/dags/airflow_custom_hooks/dvc_hook.py for tasks to queue
[2025-04-02T16:31:10.307+0000] {logging_mixin.py:190} INFO - [2025-04-02T16:31:10.306+0000] {dagbag.py:588} INFO - Filling up the DagBag from /home/ubuntu/MLFlow/dags/airflow_custom_hooks/dvc_hook.py
[2025-04-02T16:31:10.310+0000] {processor.py:927} WARNING - No viable dags retrieved from /home/ubuntu/MLFlow/dags/airflow_custom_hooks/dvc_hook.py
[2025-04-02T16:31:10.320+0000] {processor.py:208} INFO - Processing /home/ubuntu/MLFlow/dags/airflow_custom_hooks/dvc_hook.py took 0.023 seconds
[2025-04-02T16:32:45.936+0000] {processor.py:186} INFO - Started process (PID=7473) to work on /home/ubuntu/MLFlow/dags/airflow_custom_hooks/dvc_hook.py
[2025-04-02T16:32:45.938+0000] {processor.py:914} INFO - Processing file /home/ubuntu/MLFlow/dags/airflow_custom_hooks/dvc_hook.py for tasks to queue
[2025-04-02T16:32:45.940+0000] {logging_mixin.py:190} INFO - [2025-04-02T16:32:45.939+0000] {dagbag.py:588} INFO - Filling up the DagBag from /home/ubuntu/MLFlow/dags/airflow_custom_hooks/dvc_hook.py
[2025-04-02T16:32:45.942+0000] {processor.py:927} WARNING - No viable dags retrieved from /home/ubuntu/MLFlow/dags/airflow_custom_hooks/dvc_hook.py
[2025-04-02T16:32:45.953+0000] {processor.py:208} INFO - Processing /home/ubuntu/MLFlow/dags/airflow_custom_hooks/dvc_hook.py took 0.024 seconds
[2025-04-02T16:33:54.794+0000] {processor.py:186} INFO - Started process (PID=7544) to work on /home/ubuntu/MLFlow/dags/airflow_custom_hooks/dvc_hook.py
[2025-04-02T16:33:54.795+0000] {processor.py:914} INFO - Processing file /home/ubuntu/MLFlow/dags/airflow_custom_hooks/dvc_hook.py for tasks to queue
[2025-04-02T16:33:54.797+0000] {logging_mixin.py:190} INFO - [2025-04-02T16:33:54.797+0000] {dagbag.py:588} INFO - Filling up the DagBag from /home/ubuntu/MLFlow/dags/airflow_custom_hooks/dvc_hook.py
[2025-04-02T16:33:54.800+0000] {processor.py:927} WARNING - No viable dags retrieved from /home/ubuntu/MLFlow/dags/airflow_custom_hooks/dvc_hook.py
[2025-04-02T16:33:54.811+0000] {processor.py:208} INFO - Processing /home/ubuntu/MLFlow/dags/airflow_custom_hooks/dvc_hook.py took 0.024 seconds
[2025-04-02T16:35:03.301+0000] {processor.py:186} INFO - Started process (PID=7624) to work on /home/ubuntu/MLFlow/dags/airflow_custom_hooks/dvc_hook.py
[2025-04-02T16:35:03.303+0000] {processor.py:914} INFO - Processing file /home/ubuntu/MLFlow/dags/airflow_custom_hooks/dvc_hook.py for tasks to queue
[2025-04-02T16:35:03.305+0000] {logging_mixin.py:190} INFO - [2025-04-02T16:35:03.304+0000] {dagbag.py:588} INFO - Filling up the DagBag from /home/ubuntu/MLFlow/dags/airflow_custom_hooks/dvc_hook.py
[2025-04-02T16:35:03.309+0000] {processor.py:927} WARNING - No viable dags retrieved from /home/ubuntu/MLFlow/dags/airflow_custom_hooks/dvc_hook.py
[2025-04-02T16:35:03.321+0000] {processor.py:208} INFO - Processing /home/ubuntu/MLFlow/dags/airflow_custom_hooks/dvc_hook.py took 0.027 seconds
[2025-04-02T16:36:13.159+0000] {processor.py:186} INFO - Started process (PID=7732) to work on /home/ubuntu/MLFlow/dags/airflow_custom_hooks/dvc_hook.py
[2025-04-02T16:36:13.160+0000] {processor.py:914} INFO - Processing file /home/ubuntu/MLFlow/dags/airflow_custom_hooks/dvc_hook.py for tasks to queue
[2025-04-02T16:36:13.162+0000] {logging_mixin.py:190} INFO - [2025-04-02T16:36:13.161+0000] {dagbag.py:588} INFO - Filling up the DagBag from /home/ubuntu/MLFlow/dags/airflow_custom_hooks/dvc_hook.py
[2025-04-02T16:36:13.166+0000] {processor.py:927} WARNING - No viable dags retrieved from /home/ubuntu/MLFlow/dags/airflow_custom_hooks/dvc_hook.py
[2025-04-02T16:36:13.182+0000] {processor.py:208} INFO - Processing /home/ubuntu/MLFlow/dags/airflow_custom_hooks/dvc_hook.py took 0.032 seconds
[2025-04-02T16:37:23.462+0000] {processor.py:186} INFO - Started process (PID=7928) to work on /home/ubuntu/MLFlow/dags/airflow_custom_hooks/dvc_hook.py
[2025-04-02T16:37:23.463+0000] {processor.py:914} INFO - Processing file /home/ubuntu/MLFlow/dags/airflow_custom_hooks/dvc_hook.py for tasks to queue
[2025-04-02T16:37:23.465+0000] {logging_mixin.py:190} INFO - [2025-04-02T16:37:23.464+0000] {dagbag.py:588} INFO - Filling up the DagBag from /home/ubuntu/MLFlow/dags/airflow_custom_hooks/dvc_hook.py
[2025-04-02T16:37:23.467+0000] {processor.py:927} WARNING - No viable dags retrieved from /home/ubuntu/MLFlow/dags/airflow_custom_hooks/dvc_hook.py
[2025-04-02T16:37:23.478+0000] {processor.py:208} INFO - Processing /home/ubuntu/MLFlow/dags/airflow_custom_hooks/dvc_hook.py took 0.024 seconds
[2025-04-02T16:38:59.997+0000] {processor.py:186} INFO - Started process (PID=8130) to work on /home/ubuntu/MLFlow/dags/airflow_custom_hooks/dvc_hook.py
[2025-04-02T16:38:59.998+0000] {processor.py:914} INFO - Processing file /home/ubuntu/MLFlow/dags/airflow_custom_hooks/dvc_hook.py for tasks to queue
[2025-04-02T16:39:00.000+0000] {logging_mixin.py:190} INFO - [2025-04-02T16:38:59.999+0000] {dagbag.py:588} INFO - Filling up the DagBag from /home/ubuntu/MLFlow/dags/airflow_custom_hooks/dvc_hook.py
[2025-04-02T16:39:00.003+0000] {processor.py:927} WARNING - No viable dags retrieved from /home/ubuntu/MLFlow/dags/airflow_custom_hooks/dvc_hook.py
[2025-04-02T16:39:00.015+0000] {processor.py:208} INFO - Processing /home/ubuntu/MLFlow/dags/airflow_custom_hooks/dvc_hook.py took 0.025 seconds
[2025-04-02T16:40:30.333+0000] {processor.py:186} INFO - Started process (PID=8423) to work on /home/ubuntu/MLFlow/dags/airflow_custom_hooks/dvc_hook.py
[2025-04-02T16:40:30.335+0000] {processor.py:914} INFO - Processing file /home/ubuntu/MLFlow/dags/airflow_custom_hooks/dvc_hook.py for tasks to queue
[2025-04-02T16:40:30.337+0000] {logging_mixin.py:190} INFO - [2025-04-02T16:40:30.337+0000] {dagbag.py:588} INFO - Filling up the DagBag from /home/ubuntu/MLFlow/dags/airflow_custom_hooks/dvc_hook.py
[2025-04-02T16:40:30.340+0000] {processor.py:927} WARNING - No viable dags retrieved from /home/ubuntu/MLFlow/dags/airflow_custom_hooks/dvc_hook.py
[2025-04-02T16:40:30.351+0000] {processor.py:208} INFO - Processing /home/ubuntu/MLFlow/dags/airflow_custom_hooks/dvc_hook.py took 0.024 seconds
[2025-04-02T16:41:18.874+0000] {processor.py:186} INFO - Started process (PID=8694) to work on /home/ubuntu/MLFlow/dags/airflow_custom_hooks/dvc_hook.py
[2025-04-02T16:41:18.876+0000] {processor.py:914} INFO - Processing file /home/ubuntu/MLFlow/dags/airflow_custom_hooks/dvc_hook.py for tasks to queue
[2025-04-02T16:41:18.879+0000] {logging_mixin.py:190} INFO - [2025-04-02T16:41:18.879+0000] {dagbag.py:588} INFO - Filling up the DagBag from /home/ubuntu/MLFlow/dags/airflow_custom_hooks/dvc_hook.py
[2025-04-02T16:41:18.883+0000] {processor.py:927} WARNING - No viable dags retrieved from /home/ubuntu/MLFlow/dags/airflow_custom_hooks/dvc_hook.py
[2025-04-02T16:41:18.899+0000] {processor.py:208} INFO - Processing /home/ubuntu/MLFlow/dags/airflow_custom_hooks/dvc_hook.py took 0.034 seconds
[2025-04-02T16:41:49.181+0000] {processor.py:186} INFO - Started process (PID=8786) to work on /home/ubuntu/MLFlow/dags/airflow_custom_hooks/dvc_hook.py
[2025-04-02T16:41:49.183+0000] {processor.py:914} INFO - Processing file /home/ubuntu/MLFlow/dags/airflow_custom_hooks/dvc_hook.py for tasks to queue
[2025-04-02T16:41:49.186+0000] {logging_mixin.py:190} INFO - [2025-04-02T16:41:49.186+0000] {dagbag.py:588} INFO - Filling up the DagBag from /home/ubuntu/MLFlow/dags/airflow_custom_hooks/dvc_hook.py
[2025-04-02T16:41:49.191+0000] {processor.py:927} WARNING - No viable dags retrieved from /home/ubuntu/MLFlow/dags/airflow_custom_hooks/dvc_hook.py
[2025-04-02T16:41:49.205+0000] {processor.py:208} INFO - Processing /home/ubuntu/MLFlow/dags/airflow_custom_hooks/dvc_hook.py took 0.053 seconds
[2025-04-02T16:42:19.968+0000] {processor.py:186} INFO - Started process (PID=8816) to work on /home/ubuntu/MLFlow/dags/airflow_custom_hooks/dvc_hook.py
[2025-04-02T16:42:19.970+0000] {processor.py:914} INFO - Processing file /home/ubuntu/MLFlow/dags/airflow_custom_hooks/dvc_hook.py for tasks to queue
[2025-04-02T16:42:19.974+0000] {logging_mixin.py:190} INFO - [2025-04-02T16:42:19.973+0000] {dagbag.py:588} INFO - Filling up the DagBag from /home/ubuntu/MLFlow/dags/airflow_custom_hooks/dvc_hook.py
[2025-04-02T16:42:19.978+0000] {processor.py:927} WARNING - No viable dags retrieved from /home/ubuntu/MLFlow/dags/airflow_custom_hooks/dvc_hook.py
[2025-04-02T16:42:19.991+0000] {processor.py:208} INFO - Processing /home/ubuntu/MLFlow/dags/airflow_custom_hooks/dvc_hook.py took 0.031 seconds
[2025-04-02T16:42:50.473+0000] {processor.py:186} INFO - Started process (PID=8867) to work on /home/ubuntu/MLFlow/dags/airflow_custom_hooks/dvc_hook.py
[2025-04-02T16:42:50.473+0000] {processor.py:914} INFO - Processing file /home/ubuntu/MLFlow/dags/airflow_custom_hooks/dvc_hook.py for tasks to queue
[2025-04-02T16:42:50.476+0000] {logging_mixin.py:190} INFO - [2025-04-02T16:42:50.475+0000] {dagbag.py:588} INFO - Filling up the DagBag from /home/ubuntu/MLFlow/dags/airflow_custom_hooks/dvc_hook.py
[2025-04-02T16:42:50.479+0000] {processor.py:927} WARNING - No viable dags retrieved from /home/ubuntu/MLFlow/dags/airflow_custom_hooks/dvc_hook.py
[2025-04-02T16:42:50.492+0000] {processor.py:208} INFO - Processing /home/ubuntu/MLFlow/dags/airflow_custom_hooks/dvc_hook.py took 0.026 seconds
[2025-04-02T16:43:20.710+0000] {processor.py:186} INFO - Started process (PID=8896) to work on /home/ubuntu/MLFlow/dags/airflow_custom_hooks/dvc_hook.py
[2025-04-02T16:43:20.711+0000] {processor.py:914} INFO - Processing file /home/ubuntu/MLFlow/dags/airflow_custom_hooks/dvc_hook.py for tasks to queue
[2025-04-02T16:43:20.715+0000] {logging_mixin.py:190} INFO - [2025-04-02T16:43:20.714+0000] {dagbag.py:588} INFO - Filling up the DagBag from /home/ubuntu/MLFlow/dags/airflow_custom_hooks/dvc_hook.py
[2025-04-02T16:43:20.718+0000] {processor.py:927} WARNING - No viable dags retrieved from /home/ubuntu/MLFlow/dags/airflow_custom_hooks/dvc_hook.py
[2025-04-02T16:43:20.731+0000] {processor.py:208} INFO - Processing /home/ubuntu/MLFlow/dags/airflow_custom_hooks/dvc_hook.py took 0.027 seconds
[2025-04-02T16:43:50.961+0000] {processor.py:186} INFO - Started process (PID=8923) to work on /home/ubuntu/MLFlow/dags/airflow_custom_hooks/dvc_hook.py
[2025-04-02T16:43:50.962+0000] {processor.py:914} INFO - Processing file /home/ubuntu/MLFlow/dags/airflow_custom_hooks/dvc_hook.py for tasks to queue
[2025-04-02T16:43:50.965+0000] {logging_mixin.py:190} INFO - [2025-04-02T16:43:50.964+0000] {dagbag.py:588} INFO - Filling up the DagBag from /home/ubuntu/MLFlow/dags/airflow_custom_hooks/dvc_hook.py
[2025-04-02T16:43:50.968+0000] {processor.py:927} WARNING - No viable dags retrieved from /home/ubuntu/MLFlow/dags/airflow_custom_hooks/dvc_hook.py
[2025-04-02T16:43:50.980+0000] {processor.py:208} INFO - Processing /home/ubuntu/MLFlow/dags/airflow_custom_hooks/dvc_hook.py took 0.031 seconds
[2025-04-02T16:44:21.154+0000] {processor.py:186} INFO - Started process (PID=8953) to work on /home/ubuntu/MLFlow/dags/airflow_custom_hooks/dvc_hook.py
[2025-04-02T16:44:21.156+0000] {processor.py:914} INFO - Processing file /home/ubuntu/MLFlow/dags/airflow_custom_hooks/dvc_hook.py for tasks to queue
[2025-04-02T16:44:21.158+0000] {logging_mixin.py:190} INFO - [2025-04-02T16:44:21.158+0000] {dagbag.py:588} INFO - Filling up the DagBag from /home/ubuntu/MLFlow/dags/airflow_custom_hooks/dvc_hook.py
[2025-04-02T16:44:21.161+0000] {processor.py:927} WARNING - No viable dags retrieved from /home/ubuntu/MLFlow/dags/airflow_custom_hooks/dvc_hook.py
[2025-04-02T16:44:21.173+0000] {processor.py:208} INFO - Processing /home/ubuntu/MLFlow/dags/airflow_custom_hooks/dvc_hook.py took 0.027 seconds
[2025-04-02T16:44:48.196+0000] {processor.py:186} INFO - Started process (PID=9134) to work on /home/ubuntu/MLFlow/dags/airflow_custom_hooks/dvc_hook.py
[2025-04-02T16:44:48.201+0000] {processor.py:914} INFO - Processing file /home/ubuntu/MLFlow/dags/airflow_custom_hooks/dvc_hook.py for tasks to queue
[2025-04-02T16:44:48.204+0000] {logging_mixin.py:190} INFO - [2025-04-02T16:44:48.203+0000] {dagbag.py:588} INFO - Filling up the DagBag from /home/ubuntu/MLFlow/dags/airflow_custom_hooks/dvc_hook.py
[2025-04-02T16:44:48.213+0000] {processor.py:927} WARNING - No viable dags retrieved from /home/ubuntu/MLFlow/dags/airflow_custom_hooks/dvc_hook.py
[2025-04-02T16:44:48.232+0000] {processor.py:208} INFO - Processing /home/ubuntu/MLFlow/dags/airflow_custom_hooks/dvc_hook.py took 0.044 seconds
[2025-04-02T16:45:18.331+0000] {processor.py:186} INFO - Started process (PID=9178) to work on /home/ubuntu/MLFlow/dags/airflow_custom_hooks/dvc_hook.py
[2025-04-02T16:45:18.332+0000] {processor.py:914} INFO - Processing file /home/ubuntu/MLFlow/dags/airflow_custom_hooks/dvc_hook.py for tasks to queue
[2025-04-02T16:45:18.335+0000] {logging_mixin.py:190} INFO - [2025-04-02T16:45:18.334+0000] {dagbag.py:588} INFO - Filling up the DagBag from /home/ubuntu/MLFlow/dags/airflow_custom_hooks/dvc_hook.py
[2025-04-02T16:45:18.337+0000] {processor.py:927} WARNING - No viable dags retrieved from /home/ubuntu/MLFlow/dags/airflow_custom_hooks/dvc_hook.py
[2025-04-02T16:45:18.352+0000] {processor.py:208} INFO - Processing /home/ubuntu/MLFlow/dags/airflow_custom_hooks/dvc_hook.py took 0.027 seconds
[2025-04-02T16:45:41.841+0000] {processor.py:186} INFO - Started process (PID=9323) to work on /home/ubuntu/MLFlow/dags/airflow_custom_hooks/dvc_hook.py
[2025-04-02T16:45:41.843+0000] {processor.py:914} INFO - Processing file /home/ubuntu/MLFlow/dags/airflow_custom_hooks/dvc_hook.py for tasks to queue
[2025-04-02T16:45:41.846+0000] {logging_mixin.py:190} INFO - [2025-04-02T16:45:41.845+0000] {dagbag.py:588} INFO - Filling up the DagBag from /home/ubuntu/MLFlow/dags/airflow_custom_hooks/dvc_hook.py
[2025-04-02T16:45:41.849+0000] {processor.py:927} WARNING - No viable dags retrieved from /home/ubuntu/MLFlow/dags/airflow_custom_hooks/dvc_hook.py
[2025-04-02T16:45:41.864+0000] {processor.py:208} INFO - Processing /home/ubuntu/MLFlow/dags/airflow_custom_hooks/dvc_hook.py took 0.031 seconds
[2025-04-02T16:47:05.378+0000] {processor.py:186} INFO - Started process (PID=9427) to work on /home/ubuntu/MLFlow/dags/airflow_custom_hooks/dvc_hook.py
[2025-04-02T16:47:05.380+0000] {processor.py:914} INFO - Processing file /home/ubuntu/MLFlow/dags/airflow_custom_hooks/dvc_hook.py for tasks to queue
[2025-04-02T16:47:05.382+0000] {logging_mixin.py:190} INFO - [2025-04-02T16:47:05.381+0000] {dagbag.py:588} INFO - Filling up the DagBag from /home/ubuntu/MLFlow/dags/airflow_custom_hooks/dvc_hook.py
[2025-04-02T16:47:05.385+0000] {processor.py:927} WARNING - No viable dags retrieved from /home/ubuntu/MLFlow/dags/airflow_custom_hooks/dvc_hook.py
[2025-04-02T16:47:05.401+0000] {processor.py:208} INFO - Processing /home/ubuntu/MLFlow/dags/airflow_custom_hooks/dvc_hook.py took 0.030 seconds
[2025-04-02T16:48:14.403+0000] {processor.py:186} INFO - Started process (PID=9504) to work on /home/ubuntu/MLFlow/dags/airflow_custom_hooks/dvc_hook.py
[2025-04-02T16:48:14.404+0000] {processor.py:914} INFO - Processing file /home/ubuntu/MLFlow/dags/airflow_custom_hooks/dvc_hook.py for tasks to queue
[2025-04-02T16:48:14.406+0000] {logging_mixin.py:190} INFO - [2025-04-02T16:48:14.405+0000] {dagbag.py:588} INFO - Filling up the DagBag from /home/ubuntu/MLFlow/dags/airflow_custom_hooks/dvc_hook.py
[2025-04-02T16:48:14.409+0000] {processor.py:927} WARNING - No viable dags retrieved from /home/ubuntu/MLFlow/dags/airflow_custom_hooks/dvc_hook.py
[2025-04-02T16:48:14.419+0000] {processor.py:208} INFO - Processing /home/ubuntu/MLFlow/dags/airflow_custom_hooks/dvc_hook.py took 0.022 seconds
[2025-04-02T16:49:23.210+0000] {processor.py:186} INFO - Started process (PID=9579) to work on /home/ubuntu/MLFlow/dags/airflow_custom_hooks/dvc_hook.py
[2025-04-02T16:49:23.212+0000] {processor.py:914} INFO - Processing file /home/ubuntu/MLFlow/dags/airflow_custom_hooks/dvc_hook.py for tasks to queue
[2025-04-02T16:49:23.214+0000] {logging_mixin.py:190} INFO - [2025-04-02T16:49:23.213+0000] {dagbag.py:588} INFO - Filling up the DagBag from /home/ubuntu/MLFlow/dags/airflow_custom_hooks/dvc_hook.py
[2025-04-02T16:49:23.217+0000] {processor.py:927} WARNING - No viable dags retrieved from /home/ubuntu/MLFlow/dags/airflow_custom_hooks/dvc_hook.py
[2025-04-02T16:49:23.228+0000] {processor.py:208} INFO - Processing /home/ubuntu/MLFlow/dags/airflow_custom_hooks/dvc_hook.py took 0.025 seconds
[2025-04-02T16:50:32.564+0000] {processor.py:186} INFO - Started process (PID=9652) to work on /home/ubuntu/MLFlow/dags/airflow_custom_hooks/dvc_hook.py
[2025-04-02T16:50:32.565+0000] {processor.py:914} INFO - Processing file /home/ubuntu/MLFlow/dags/airflow_custom_hooks/dvc_hook.py for tasks to queue
[2025-04-02T16:50:32.567+0000] {logging_mixin.py:190} INFO - [2025-04-02T16:50:32.566+0000] {dagbag.py:588} INFO - Filling up the DagBag from /home/ubuntu/MLFlow/dags/airflow_custom_hooks/dvc_hook.py
[2025-04-02T16:50:32.570+0000] {processor.py:927} WARNING - No viable dags retrieved from /home/ubuntu/MLFlow/dags/airflow_custom_hooks/dvc_hook.py
[2025-04-02T16:50:32.580+0000] {processor.py:208} INFO - Processing /home/ubuntu/MLFlow/dags/airflow_custom_hooks/dvc_hook.py took 0.024 seconds
[2025-04-02T16:51:54.197+0000] {processor.py:186} INFO - Started process (PID=9868) to work on /home/ubuntu/MLFlow/dags/airflow_custom_hooks/dvc_hook.py
[2025-04-02T16:51:54.198+0000] {processor.py:914} INFO - Processing file /home/ubuntu/MLFlow/dags/airflow_custom_hooks/dvc_hook.py for tasks to queue
[2025-04-02T16:51:54.200+0000] {logging_mixin.py:190} INFO - [2025-04-02T16:51:54.200+0000] {dagbag.py:588} INFO - Filling up the DagBag from /home/ubuntu/MLFlow/dags/airflow_custom_hooks/dvc_hook.py
[2025-04-02T16:51:54.204+0000] {processor.py:927} WARNING - No viable dags retrieved from /home/ubuntu/MLFlow/dags/airflow_custom_hooks/dvc_hook.py
[2025-04-02T16:51:54.217+0000] {processor.py:208} INFO - Processing /home/ubuntu/MLFlow/dags/airflow_custom_hooks/dvc_hook.py took 0.027 seconds
[2025-04-02T16:53:12.451+0000] {processor.py:186} INFO - Started process (PID=9990) to work on /home/ubuntu/MLFlow/dags/airflow_custom_hooks/dvc_hook.py
[2025-04-02T16:53:12.453+0000] {processor.py:914} INFO - Processing file /home/ubuntu/MLFlow/dags/airflow_custom_hooks/dvc_hook.py for tasks to queue
[2025-04-02T16:53:12.455+0000] {logging_mixin.py:190} INFO - [2025-04-02T16:53:12.454+0000] {dagbag.py:588} INFO - Filling up the DagBag from /home/ubuntu/MLFlow/dags/airflow_custom_hooks/dvc_hook.py
[2025-04-02T16:53:12.460+0000] {processor.py:927} WARNING - No viable dags retrieved from /home/ubuntu/MLFlow/dags/airflow_custom_hooks/dvc_hook.py
[2025-04-02T16:53:12.473+0000] {processor.py:208} INFO - Processing /home/ubuntu/MLFlow/dags/airflow_custom_hooks/dvc_hook.py took 0.030 seconds
[2025-04-02T16:53:40.334+0000] {processor.py:186} INFO - Started process (PID=10125) to work on /home/ubuntu/MLFlow/dags/airflow_custom_hooks/dvc_hook.py
[2025-04-02T16:53:40.336+0000] {processor.py:914} INFO - Processing file /home/ubuntu/MLFlow/dags/airflow_custom_hooks/dvc_hook.py for tasks to queue
[2025-04-02T16:53:40.339+0000] {logging_mixin.py:190} INFO - [2025-04-02T16:53:40.338+0000] {dagbag.py:588} INFO - Filling up the DagBag from /home/ubuntu/MLFlow/dags/airflow_custom_hooks/dvc_hook.py
[2025-04-02T16:53:40.342+0000] {processor.py:927} WARNING - No viable dags retrieved from /home/ubuntu/MLFlow/dags/airflow_custom_hooks/dvc_hook.py
[2025-04-02T16:53:40.356+0000] {processor.py:208} INFO - Processing /home/ubuntu/MLFlow/dags/airflow_custom_hooks/dvc_hook.py took 0.030 seconds
[2025-04-02T16:54:10.653+0000] {processor.py:186} INFO - Started process (PID=10208) to work on /home/ubuntu/MLFlow/dags/airflow_custom_hooks/dvc_hook.py
[2025-04-02T16:54:10.655+0000] {processor.py:914} INFO - Processing file /home/ubuntu/MLFlow/dags/airflow_custom_hooks/dvc_hook.py for tasks to queue
[2025-04-02T16:54:10.658+0000] {logging_mixin.py:190} INFO - [2025-04-02T16:54:10.658+0000] {dagbag.py:588} INFO - Filling up the DagBag from /home/ubuntu/MLFlow/dags/airflow_custom_hooks/dvc_hook.py
[2025-04-02T16:54:10.661+0000] {processor.py:927} WARNING - No viable dags retrieved from /home/ubuntu/MLFlow/dags/airflow_custom_hooks/dvc_hook.py
[2025-04-02T16:54:10.675+0000] {processor.py:208} INFO - Processing /home/ubuntu/MLFlow/dags/airflow_custom_hooks/dvc_hook.py took 0.030 seconds
[2025-04-02T16:54:41.477+0000] {processor.py:186} INFO - Started process (PID=10326) to work on /home/ubuntu/MLFlow/dags/airflow_custom_hooks/dvc_hook.py
[2025-04-02T16:54:41.478+0000] {processor.py:914} INFO - Processing file /home/ubuntu/MLFlow/dags/airflow_custom_hooks/dvc_hook.py for tasks to queue
[2025-04-02T16:54:41.480+0000] {logging_mixin.py:190} INFO - [2025-04-02T16:54:41.480+0000] {dagbag.py:588} INFO - Filling up the DagBag from /home/ubuntu/MLFlow/dags/airflow_custom_hooks/dvc_hook.py
[2025-04-02T16:54:41.483+0000] {processor.py:927} WARNING - No viable dags retrieved from /home/ubuntu/MLFlow/dags/airflow_custom_hooks/dvc_hook.py
[2025-04-02T16:54:41.494+0000] {processor.py:208} INFO - Processing /home/ubuntu/MLFlow/dags/airflow_custom_hooks/dvc_hook.py took 0.024 seconds
[2025-04-02T16:55:11.886+0000] {processor.py:186} INFO - Started process (PID=10349) to work on /home/ubuntu/MLFlow/dags/airflow_custom_hooks/dvc_hook.py
[2025-04-02T16:55:11.888+0000] {processor.py:914} INFO - Processing file /home/ubuntu/MLFlow/dags/airflow_custom_hooks/dvc_hook.py for tasks to queue
[2025-04-02T16:55:11.893+0000] {logging_mixin.py:190} INFO - [2025-04-02T16:55:11.893+0000] {dagbag.py:588} INFO - Filling up the DagBag from /home/ubuntu/MLFlow/dags/airflow_custom_hooks/dvc_hook.py
[2025-04-02T16:55:11.896+0000] {processor.py:927} WARNING - No viable dags retrieved from /home/ubuntu/MLFlow/dags/airflow_custom_hooks/dvc_hook.py
[2025-04-02T16:55:11.911+0000] {processor.py:208} INFO - Processing /home/ubuntu/MLFlow/dags/airflow_custom_hooks/dvc_hook.py took 0.032 seconds
[2025-04-02T16:55:42.124+0000] {processor.py:186} INFO - Started process (PID=10378) to work on /home/ubuntu/MLFlow/dags/airflow_custom_hooks/dvc_hook.py
[2025-04-02T16:55:42.125+0000] {processor.py:914} INFO - Processing file /home/ubuntu/MLFlow/dags/airflow_custom_hooks/dvc_hook.py for tasks to queue
[2025-04-02T16:55:42.127+0000] {logging_mixin.py:190} INFO - [2025-04-02T16:55:42.127+0000] {dagbag.py:588} INFO - Filling up the DagBag from /home/ubuntu/MLFlow/dags/airflow_custom_hooks/dvc_hook.py
[2025-04-02T16:55:42.130+0000] {processor.py:927} WARNING - No viable dags retrieved from /home/ubuntu/MLFlow/dags/airflow_custom_hooks/dvc_hook.py
[2025-04-02T16:55:42.144+0000] {processor.py:208} INFO - Processing /home/ubuntu/MLFlow/dags/airflow_custom_hooks/dvc_hook.py took 0.027 seconds
[2025-04-02T16:56:12.358+0000] {processor.py:186} INFO - Started process (PID=10407) to work on /home/ubuntu/MLFlow/dags/airflow_custom_hooks/dvc_hook.py
[2025-04-02T16:56:12.359+0000] {processor.py:914} INFO - Processing file /home/ubuntu/MLFlow/dags/airflow_custom_hooks/dvc_hook.py for tasks to queue
[2025-04-02T16:56:12.362+0000] {logging_mixin.py:190} INFO - [2025-04-02T16:56:12.361+0000] {dagbag.py:588} INFO - Filling up the DagBag from /home/ubuntu/MLFlow/dags/airflow_custom_hooks/dvc_hook.py
[2025-04-02T16:56:12.365+0000] {processor.py:927} WARNING - No viable dags retrieved from /home/ubuntu/MLFlow/dags/airflow_custom_hooks/dvc_hook.py
[2025-04-02T16:56:12.377+0000] {processor.py:208} INFO - Processing /home/ubuntu/MLFlow/dags/airflow_custom_hooks/dvc_hook.py took 0.025 seconds
[2025-04-02T16:56:42.532+0000] {processor.py:186} INFO - Started process (PID=10434) to work on /home/ubuntu/MLFlow/dags/airflow_custom_hooks/dvc_hook.py
[2025-04-02T16:56:42.534+0000] {processor.py:914} INFO - Processing file /home/ubuntu/MLFlow/dags/airflow_custom_hooks/dvc_hook.py for tasks to queue
[2025-04-02T16:56:42.538+0000] {logging_mixin.py:190} INFO - [2025-04-02T16:56:42.536+0000] {dagbag.py:588} INFO - Filling up the DagBag from /home/ubuntu/MLFlow/dags/airflow_custom_hooks/dvc_hook.py
[2025-04-02T16:56:42.541+0000] {processor.py:927} WARNING - No viable dags retrieved from /home/ubuntu/MLFlow/dags/airflow_custom_hooks/dvc_hook.py
[2025-04-02T16:56:42.572+0000] {processor.py:208} INFO - Processing /home/ubuntu/MLFlow/dags/airflow_custom_hooks/dvc_hook.py took 0.047 seconds
[2025-04-02T16:57:17.363+0000] {processor.py:186} INFO - Started process (PID=10598) to work on /home/ubuntu/MLFlow/dags/airflow_custom_hooks/dvc_hook.py
[2025-04-02T16:57:17.364+0000] {processor.py:914} INFO - Processing file /home/ubuntu/MLFlow/dags/airflow_custom_hooks/dvc_hook.py for tasks to queue
[2025-04-02T16:57:17.367+0000] {logging_mixin.py:190} INFO - [2025-04-02T16:57:17.366+0000] {dagbag.py:588} INFO - Filling up the DagBag from /home/ubuntu/MLFlow/dags/airflow_custom_hooks/dvc_hook.py
[2025-04-02T16:57:17.370+0000] {processor.py:927} WARNING - No viable dags retrieved from /home/ubuntu/MLFlow/dags/airflow_custom_hooks/dvc_hook.py
[2025-04-02T16:57:17.383+0000] {processor.py:208} INFO - Processing /home/ubuntu/MLFlow/dags/airflow_custom_hooks/dvc_hook.py took 0.027 seconds
[2025-04-02T16:57:47.707+0000] {processor.py:186} INFO - Started process (PID=10640) to work on /home/ubuntu/MLFlow/dags/airflow_custom_hooks/dvc_hook.py
[2025-04-02T16:57:47.709+0000] {processor.py:914} INFO - Processing file /home/ubuntu/MLFlow/dags/airflow_custom_hooks/dvc_hook.py for tasks to queue
[2025-04-02T16:57:47.711+0000] {logging_mixin.py:190} INFO - [2025-04-02T16:57:47.711+0000] {dagbag.py:588} INFO - Filling up the DagBag from /home/ubuntu/MLFlow/dags/airflow_custom_hooks/dvc_hook.py
[2025-04-02T16:57:47.714+0000] {processor.py:927} WARNING - No viable dags retrieved from /home/ubuntu/MLFlow/dags/airflow_custom_hooks/dvc_hook.py
[2025-04-02T16:57:47.727+0000] {processor.py:208} INFO - Processing /home/ubuntu/MLFlow/dags/airflow_custom_hooks/dvc_hook.py took 0.027 seconds
[2025-04-02T16:58:19.039+0000] {processor.py:186} INFO - Started process (PID=10802) to work on /home/ubuntu/MLFlow/dags/airflow_custom_hooks/dvc_hook.py
[2025-04-02T16:58:19.041+0000] {processor.py:914} INFO - Processing file /home/ubuntu/MLFlow/dags/airflow_custom_hooks/dvc_hook.py for tasks to queue
[2025-04-02T16:58:19.044+0000] {logging_mixin.py:190} INFO - [2025-04-02T16:58:19.043+0000] {dagbag.py:588} INFO - Filling up the DagBag from /home/ubuntu/MLFlow/dags/airflow_custom_hooks/dvc_hook.py
[2025-04-02T16:58:19.048+0000] {processor.py:927} WARNING - No viable dags retrieved from /home/ubuntu/MLFlow/dags/airflow_custom_hooks/dvc_hook.py
[2025-04-02T16:58:19.096+0000] {processor.py:208} INFO - Processing /home/ubuntu/MLFlow/dags/airflow_custom_hooks/dvc_hook.py took 0.066 seconds
[2025-04-02T16:59:25.582+0000] {processor.py:186} INFO - Started process (PID=10880) to work on /home/ubuntu/MLFlow/dags/airflow_custom_hooks/dvc_hook.py
[2025-04-02T16:59:25.583+0000] {processor.py:914} INFO - Processing file /home/ubuntu/MLFlow/dags/airflow_custom_hooks/dvc_hook.py for tasks to queue
[2025-04-02T16:59:25.585+0000] {logging_mixin.py:190} INFO - [2025-04-02T16:59:25.584+0000] {dagbag.py:588} INFO - Filling up the DagBag from /home/ubuntu/MLFlow/dags/airflow_custom_hooks/dvc_hook.py
[2025-04-02T16:59:25.587+0000] {processor.py:927} WARNING - No viable dags retrieved from /home/ubuntu/MLFlow/dags/airflow_custom_hooks/dvc_hook.py
[2025-04-02T16:59:25.598+0000] {processor.py:208} INFO - Processing /home/ubuntu/MLFlow/dags/airflow_custom_hooks/dvc_hook.py took 0.024 seconds
[2025-04-02T17:00:48.844+0000] {processor.py:186} INFO - Started process (PID=11069) to work on /home/ubuntu/MLFlow/dags/airflow_custom_hooks/dvc_hook.py
[2025-04-02T17:00:48.846+0000] {processor.py:914} INFO - Processing file /home/ubuntu/MLFlow/dags/airflow_custom_hooks/dvc_hook.py for tasks to queue
[2025-04-02T17:00:48.847+0000] {logging_mixin.py:190} INFO - [2025-04-02T17:00:48.847+0000] {dagbag.py:588} INFO - Filling up the DagBag from /home/ubuntu/MLFlow/dags/airflow_custom_hooks/dvc_hook.py
[2025-04-02T17:00:48.850+0000] {processor.py:927} WARNING - No viable dags retrieved from /home/ubuntu/MLFlow/dags/airflow_custom_hooks/dvc_hook.py
[2025-04-02T17:00:48.861+0000] {processor.py:208} INFO - Processing /home/ubuntu/MLFlow/dags/airflow_custom_hooks/dvc_hook.py took 0.025 seconds
[2025-04-02T17:02:14.434+0000] {processor.py:186} INFO - Started process (PID=11285) to work on /home/ubuntu/MLFlow/dags/airflow_custom_hooks/dvc_hook.py
[2025-04-02T17:02:14.436+0000] {processor.py:914} INFO - Processing file /home/ubuntu/MLFlow/dags/airflow_custom_hooks/dvc_hook.py for tasks to queue
[2025-04-02T17:02:14.437+0000] {logging_mixin.py:190} INFO - [2025-04-02T17:02:14.437+0000] {dagbag.py:588} INFO - Filling up the DagBag from /home/ubuntu/MLFlow/dags/airflow_custom_hooks/dvc_hook.py
[2025-04-02T17:02:14.441+0000] {processor.py:927} WARNING - No viable dags retrieved from /home/ubuntu/MLFlow/dags/airflow_custom_hooks/dvc_hook.py
[2025-04-02T17:02:14.452+0000] {processor.py:208} INFO - Processing /home/ubuntu/MLFlow/dags/airflow_custom_hooks/dvc_hook.py took 0.025 seconds
[2025-04-02T17:03:39.468+0000] {processor.py:186} INFO - Started process (PID=11577) to work on /home/ubuntu/MLFlow/dags/airflow_custom_hooks/dvc_hook.py
[2025-04-02T17:03:39.470+0000] {processor.py:914} INFO - Processing file /home/ubuntu/MLFlow/dags/airflow_custom_hooks/dvc_hook.py for tasks to queue
[2025-04-02T17:03:39.472+0000] {logging_mixin.py:190} INFO - [2025-04-02T17:03:39.472+0000] {dagbag.py:588} INFO - Filling up the DagBag from /home/ubuntu/MLFlow/dags/airflow_custom_hooks/dvc_hook.py
[2025-04-02T17:03:39.477+0000] {processor.py:927} WARNING - No viable dags retrieved from /home/ubuntu/MLFlow/dags/airflow_custom_hooks/dvc_hook.py
[2025-04-02T17:03:39.497+0000] {processor.py:208} INFO - Processing /home/ubuntu/MLFlow/dags/airflow_custom_hooks/dvc_hook.py took 0.039 seconds
[2025-04-02T17:06:06.467+0000] {processor.py:186} INFO - Started process (PID=16194) to work on /home/ubuntu/MLFlow/dags/airflow_custom_hooks/dvc_hook.py
[2025-04-02T17:06:06.477+0000] {processor.py:914} INFO - Processing file /home/ubuntu/MLFlow/dags/airflow_custom_hooks/dvc_hook.py for tasks to queue
[2025-04-02T17:06:06.480+0000] {logging_mixin.py:190} INFO - [2025-04-02T17:06:06.479+0000] {dagbag.py:588} INFO - Filling up the DagBag from /home/ubuntu/MLFlow/dags/airflow_custom_hooks/dvc_hook.py
[2025-04-02T17:06:06.483+0000] {processor.py:927} WARNING - No viable dags retrieved from /home/ubuntu/MLFlow/dags/airflow_custom_hooks/dvc_hook.py
[2025-04-02T17:06:06.521+0000] {processor.py:208} INFO - Processing /home/ubuntu/MLFlow/dags/airflow_custom_hooks/dvc_hook.py took 0.063 seconds
[2025-04-02T17:06:36.704+0000] {processor.py:186} INFO - Started process (PID=16298) to work on /home/ubuntu/MLFlow/dags/airflow_custom_hooks/dvc_hook.py
[2025-04-02T17:06:36.705+0000] {processor.py:914} INFO - Processing file /home/ubuntu/MLFlow/dags/airflow_custom_hooks/dvc_hook.py for tasks to queue
[2025-04-02T17:06:36.708+0000] {logging_mixin.py:190} INFO - [2025-04-02T17:06:36.707+0000] {dagbag.py:588} INFO - Filling up the DagBag from /home/ubuntu/MLFlow/dags/airflow_custom_hooks/dvc_hook.py
[2025-04-02T17:06:36.710+0000] {processor.py:927} WARNING - No viable dags retrieved from /home/ubuntu/MLFlow/dags/airflow_custom_hooks/dvc_hook.py
[2025-04-02T17:06:36.742+0000] {processor.py:208} INFO - Processing /home/ubuntu/MLFlow/dags/airflow_custom_hooks/dvc_hook.py took 0.048 seconds
[2025-04-02T17:07:07.166+0000] {processor.py:186} INFO - Started process (PID=16328) to work on /home/ubuntu/MLFlow/dags/airflow_custom_hooks/dvc_hook.py
[2025-04-02T17:07:07.168+0000] {processor.py:914} INFO - Processing file /home/ubuntu/MLFlow/dags/airflow_custom_hooks/dvc_hook.py for tasks to queue
[2025-04-02T17:07:07.170+0000] {logging_mixin.py:190} INFO - [2025-04-02T17:07:07.170+0000] {dagbag.py:588} INFO - Filling up the DagBag from /home/ubuntu/MLFlow/dags/airflow_custom_hooks/dvc_hook.py
[2025-04-02T17:07:07.173+0000] {processor.py:927} WARNING - No viable dags retrieved from /home/ubuntu/MLFlow/dags/airflow_custom_hooks/dvc_hook.py
[2025-04-02T17:07:07.196+0000] {processor.py:208} INFO - Processing /home/ubuntu/MLFlow/dags/airflow_custom_hooks/dvc_hook.py took 0.039 seconds
[2025-04-02T17:07:37.442+0000] {processor.py:186} INFO - Started process (PID=16355) to work on /home/ubuntu/MLFlow/dags/airflow_custom_hooks/dvc_hook.py
[2025-04-02T17:07:37.442+0000] {processor.py:914} INFO - Processing file /home/ubuntu/MLFlow/dags/airflow_custom_hooks/dvc_hook.py for tasks to queue
[2025-04-02T17:07:37.444+0000] {logging_mixin.py:190} INFO - [2025-04-02T17:07:37.444+0000] {dagbag.py:588} INFO - Filling up the DagBag from /home/ubuntu/MLFlow/dags/airflow_custom_hooks/dvc_hook.py
[2025-04-02T17:07:37.447+0000] {processor.py:927} WARNING - No viable dags retrieved from /home/ubuntu/MLFlow/dags/airflow_custom_hooks/dvc_hook.py
[2025-04-02T17:07:37.473+0000] {processor.py:208} INFO - Processing /home/ubuntu/MLFlow/dags/airflow_custom_hooks/dvc_hook.py took 0.038 seconds
[2025-04-02T17:08:07.865+0000] {processor.py:186} INFO - Started process (PID=16387) to work on /home/ubuntu/MLFlow/dags/airflow_custom_hooks/dvc_hook.py
[2025-04-02T17:08:07.866+0000] {processor.py:914} INFO - Processing file /home/ubuntu/MLFlow/dags/airflow_custom_hooks/dvc_hook.py for tasks to queue
[2025-04-02T17:08:07.868+0000] {logging_mixin.py:190} INFO - [2025-04-02T17:08:07.868+0000] {dagbag.py:588} INFO - Filling up the DagBag from /home/ubuntu/MLFlow/dags/airflow_custom_hooks/dvc_hook.py
[2025-04-02T17:08:07.871+0000] {processor.py:927} WARNING - No viable dags retrieved from /home/ubuntu/MLFlow/dags/airflow_custom_hooks/dvc_hook.py
[2025-04-02T17:08:07.894+0000] {processor.py:208} INFO - Processing /home/ubuntu/MLFlow/dags/airflow_custom_hooks/dvc_hook.py took 0.037 seconds
[2025-04-02T17:08:38.355+0000] {processor.py:186} INFO - Started process (PID=16415) to work on /home/ubuntu/MLFlow/dags/airflow_custom_hooks/dvc_hook.py
[2025-04-02T17:08:38.356+0000] {processor.py:914} INFO - Processing file /home/ubuntu/MLFlow/dags/airflow_custom_hooks/dvc_hook.py for tasks to queue
[2025-04-02T17:08:38.358+0000] {logging_mixin.py:190} INFO - [2025-04-02T17:08:38.358+0000] {dagbag.py:588} INFO - Filling up the DagBag from /home/ubuntu/MLFlow/dags/airflow_custom_hooks/dvc_hook.py
[2025-04-02T17:08:38.360+0000] {processor.py:927} WARNING - No viable dags retrieved from /home/ubuntu/MLFlow/dags/airflow_custom_hooks/dvc_hook.py
[2025-04-02T17:08:38.380+0000] {processor.py:208} INFO - Processing /home/ubuntu/MLFlow/dags/airflow_custom_hooks/dvc_hook.py took 0.033 seconds
[2025-04-02T17:09:08.763+0000] {processor.py:186} INFO - Started process (PID=16442) to work on /home/ubuntu/MLFlow/dags/airflow_custom_hooks/dvc_hook.py
[2025-04-02T17:09:08.764+0000] {processor.py:914} INFO - Processing file /home/ubuntu/MLFlow/dags/airflow_custom_hooks/dvc_hook.py for tasks to queue
[2025-04-02T17:09:08.766+0000] {logging_mixin.py:190} INFO - [2025-04-02T17:09:08.766+0000] {dagbag.py:588} INFO - Filling up the DagBag from /home/ubuntu/MLFlow/dags/airflow_custom_hooks/dvc_hook.py
[2025-04-02T17:09:08.769+0000] {processor.py:927} WARNING - No viable dags retrieved from /home/ubuntu/MLFlow/dags/airflow_custom_hooks/dvc_hook.py
[2025-04-02T17:09:08.794+0000] {processor.py:208} INFO - Processing /home/ubuntu/MLFlow/dags/airflow_custom_hooks/dvc_hook.py took 0.039 seconds
[2025-04-02T17:09:39.242+0000] {processor.py:186} INFO - Started process (PID=16482) to work on /home/ubuntu/MLFlow/dags/airflow_custom_hooks/dvc_hook.py
[2025-04-02T17:09:39.244+0000] {processor.py:914} INFO - Processing file /home/ubuntu/MLFlow/dags/airflow_custom_hooks/dvc_hook.py for tasks to queue
[2025-04-02T17:09:39.248+0000] {logging_mixin.py:190} INFO - [2025-04-02T17:09:39.247+0000] {dagbag.py:588} INFO - Filling up the DagBag from /home/ubuntu/MLFlow/dags/airflow_custom_hooks/dvc_hook.py
[2025-04-02T17:09:39.251+0000] {processor.py:927} WARNING - No viable dags retrieved from /home/ubuntu/MLFlow/dags/airflow_custom_hooks/dvc_hook.py
[2025-04-02T17:09:39.276+0000] {processor.py:208} INFO - Processing /home/ubuntu/MLFlow/dags/airflow_custom_hooks/dvc_hook.py took 0.042 seconds
[2025-04-02T17:10:09.623+0000] {processor.py:186} INFO - Started process (PID=16512) to work on /home/ubuntu/MLFlow/dags/airflow_custom_hooks/dvc_hook.py
[2025-04-02T17:10:09.624+0000] {processor.py:914} INFO - Processing file /home/ubuntu/MLFlow/dags/airflow_custom_hooks/dvc_hook.py for tasks to queue
[2025-04-02T17:10:09.627+0000] {logging_mixin.py:190} INFO - [2025-04-02T17:10:09.626+0000] {dagbag.py:588} INFO - Filling up the DagBag from /home/ubuntu/MLFlow/dags/airflow_custom_hooks/dvc_hook.py
[2025-04-02T17:10:09.629+0000] {processor.py:927} WARNING - No viable dags retrieved from /home/ubuntu/MLFlow/dags/airflow_custom_hooks/dvc_hook.py
[2025-04-02T17:10:09.652+0000] {processor.py:208} INFO - Processing /home/ubuntu/MLFlow/dags/airflow_custom_hooks/dvc_hook.py took 0.036 seconds
[2025-04-02T17:10:40.018+0000] {processor.py:186} INFO - Started process (PID=16540) to work on /home/ubuntu/MLFlow/dags/airflow_custom_hooks/dvc_hook.py
[2025-04-02T17:10:40.019+0000] {processor.py:914} INFO - Processing file /home/ubuntu/MLFlow/dags/airflow_custom_hooks/dvc_hook.py for tasks to queue
[2025-04-02T17:10:40.022+0000] {logging_mixin.py:190} INFO - [2025-04-02T17:10:40.021+0000] {dagbag.py:588} INFO - Filling up the DagBag from /home/ubuntu/MLFlow/dags/airflow_custom_hooks/dvc_hook.py
[2025-04-02T17:10:40.026+0000] {processor.py:927} WARNING - No viable dags retrieved from /home/ubuntu/MLFlow/dags/airflow_custom_hooks/dvc_hook.py
[2025-04-02T17:10:40.059+0000] {processor.py:208} INFO - Processing /home/ubuntu/MLFlow/dags/airflow_custom_hooks/dvc_hook.py took 0.050 seconds
[2025-04-02T17:11:10.558+0000] {processor.py:186} INFO - Started process (PID=16594) to work on /home/ubuntu/MLFlow/dags/airflow_custom_hooks/dvc_hook.py
[2025-04-02T17:11:10.559+0000] {processor.py:914} INFO - Processing file /home/ubuntu/MLFlow/dags/airflow_custom_hooks/dvc_hook.py for tasks to queue
[2025-04-02T17:11:10.562+0000] {logging_mixin.py:190} INFO - [2025-04-02T17:11:10.562+0000] {dagbag.py:588} INFO - Filling up the DagBag from /home/ubuntu/MLFlow/dags/airflow_custom_hooks/dvc_hook.py
[2025-04-02T17:11:10.565+0000] {processor.py:927} WARNING - No viable dags retrieved from /home/ubuntu/MLFlow/dags/airflow_custom_hooks/dvc_hook.py
[2025-04-02T17:11:10.589+0000] {processor.py:208} INFO - Processing /home/ubuntu/MLFlow/dags/airflow_custom_hooks/dvc_hook.py took 0.039 seconds
[2025-04-02T17:11:41.087+0000] {processor.py:186} INFO - Started process (PID=16624) to work on /home/ubuntu/MLFlow/dags/airflow_custom_hooks/dvc_hook.py
[2025-04-02T17:11:41.088+0000] {processor.py:914} INFO - Processing file /home/ubuntu/MLFlow/dags/airflow_custom_hooks/dvc_hook.py for tasks to queue
[2025-04-02T17:11:41.090+0000] {logging_mixin.py:190} INFO - [2025-04-02T17:11:41.090+0000] {dagbag.py:588} INFO - Filling up the DagBag from /home/ubuntu/MLFlow/dags/airflow_custom_hooks/dvc_hook.py
[2025-04-02T17:11:41.092+0000] {processor.py:927} WARNING - No viable dags retrieved from /home/ubuntu/MLFlow/dags/airflow_custom_hooks/dvc_hook.py
[2025-04-02T17:11:41.113+0000] {processor.py:208} INFO - Processing /home/ubuntu/MLFlow/dags/airflow_custom_hooks/dvc_hook.py took 0.034 seconds
[2025-04-02T17:12:11.610+0000] {processor.py:186} INFO - Started process (PID=16656) to work on /home/ubuntu/MLFlow/dags/airflow_custom_hooks/dvc_hook.py
[2025-04-02T17:12:11.612+0000] {processor.py:914} INFO - Processing file /home/ubuntu/MLFlow/dags/airflow_custom_hooks/dvc_hook.py for tasks to queue
[2025-04-02T17:12:11.615+0000] {logging_mixin.py:190} INFO - [2025-04-02T17:12:11.614+0000] {dagbag.py:588} INFO - Filling up the DagBag from /home/ubuntu/MLFlow/dags/airflow_custom_hooks/dvc_hook.py
[2025-04-02T17:12:11.618+0000] {processor.py:927} WARNING - No viable dags retrieved from /home/ubuntu/MLFlow/dags/airflow_custom_hooks/dvc_hook.py
[2025-04-02T17:12:11.645+0000] {processor.py:208} INFO - Processing /home/ubuntu/MLFlow/dags/airflow_custom_hooks/dvc_hook.py took 0.044 seconds
[2025-04-02T17:12:42.315+0000] {processor.py:186} INFO - Started process (PID=16693) to work on /home/ubuntu/MLFlow/dags/airflow_custom_hooks/dvc_hook.py
[2025-04-02T17:12:42.316+0000] {processor.py:914} INFO - Processing file /home/ubuntu/MLFlow/dags/airflow_custom_hooks/dvc_hook.py for tasks to queue
[2025-04-02T17:12:42.319+0000] {logging_mixin.py:190} INFO - [2025-04-02T17:12:42.319+0000] {dagbag.py:588} INFO - Filling up the DagBag from /home/ubuntu/MLFlow/dags/airflow_custom_hooks/dvc_hook.py
[2025-04-02T17:12:42.322+0000] {processor.py:927} WARNING - No viable dags retrieved from /home/ubuntu/MLFlow/dags/airflow_custom_hooks/dvc_hook.py
[2025-04-02T17:12:42.351+0000] {processor.py:208} INFO - Processing /home/ubuntu/MLFlow/dags/airflow_custom_hooks/dvc_hook.py took 0.047 seconds
[2025-04-02T17:13:12.702+0000] {processor.py:186} INFO - Started process (PID=16731) to work on /home/ubuntu/MLFlow/dags/airflow_custom_hooks/dvc_hook.py
[2025-04-02T17:13:12.704+0000] {processor.py:914} INFO - Processing file /home/ubuntu/MLFlow/dags/airflow_custom_hooks/dvc_hook.py for tasks to queue
[2025-04-02T17:13:12.707+0000] {logging_mixin.py:190} INFO - [2025-04-02T17:13:12.706+0000] {dagbag.py:588} INFO - Filling up the DagBag from /home/ubuntu/MLFlow/dags/airflow_custom_hooks/dvc_hook.py
[2025-04-02T17:13:12.710+0000] {processor.py:927} WARNING - No viable dags retrieved from /home/ubuntu/MLFlow/dags/airflow_custom_hooks/dvc_hook.py
[2025-04-02T17:13:12.734+0000] {processor.py:208} INFO - Processing /home/ubuntu/MLFlow/dags/airflow_custom_hooks/dvc_hook.py took 0.042 seconds
[2025-04-02T17:14:42.783+0000] {processor.py:186} INFO - Started process (PID=17779) to work on /home/ubuntu/MLFlow/dags/airflow_custom_hooks/dvc_hook.py
[2025-04-02T17:14:42.785+0000] {processor.py:914} INFO - Processing file /home/ubuntu/MLFlow/dags/airflow_custom_hooks/dvc_hook.py for tasks to queue
[2025-04-02T17:14:42.790+0000] {logging_mixin.py:190} INFO - [2025-04-02T17:14:42.790+0000] {dagbag.py:588} INFO - Filling up the DagBag from /home/ubuntu/MLFlow/dags/airflow_custom_hooks/dvc_hook.py
[2025-04-02T17:14:42.799+0000] {processor.py:927} WARNING - No viable dags retrieved from /home/ubuntu/MLFlow/dags/airflow_custom_hooks/dvc_hook.py
[2025-04-02T17:14:42.869+0000] {processor.py:208} INFO - Processing /home/ubuntu/MLFlow/dags/airflow_custom_hooks/dvc_hook.py took 0.102 seconds
[2025-04-02T17:15:13.271+0000] {processor.py:186} INFO - Started process (PID=17896) to work on /home/ubuntu/MLFlow/dags/airflow_custom_hooks/dvc_hook.py
[2025-04-02T17:15:13.273+0000] {processor.py:914} INFO - Processing file /home/ubuntu/MLFlow/dags/airflow_custom_hooks/dvc_hook.py for tasks to queue
[2025-04-02T17:15:13.276+0000] {logging_mixin.py:190} INFO - [2025-04-02T17:15:13.275+0000] {dagbag.py:588} INFO - Filling up the DagBag from /home/ubuntu/MLFlow/dags/airflow_custom_hooks/dvc_hook.py
[2025-04-02T17:15:13.279+0000] {processor.py:927} WARNING - No viable dags retrieved from /home/ubuntu/MLFlow/dags/airflow_custom_hooks/dvc_hook.py
[2025-04-02T17:15:13.315+0000] {processor.py:208} INFO - Processing /home/ubuntu/MLFlow/dags/airflow_custom_hooks/dvc_hook.py took 0.053 seconds
[2025-04-02T17:15:43.706+0000] {processor.py:186} INFO - Started process (PID=17920) to work on /home/ubuntu/MLFlow/dags/airflow_custom_hooks/dvc_hook.py
[2025-04-02T17:15:43.707+0000] {processor.py:914} INFO - Processing file /home/ubuntu/MLFlow/dags/airflow_custom_hooks/dvc_hook.py for tasks to queue
[2025-04-02T17:15:43.710+0000] {logging_mixin.py:190} INFO - [2025-04-02T17:15:43.709+0000] {dagbag.py:588} INFO - Filling up the DagBag from /home/ubuntu/MLFlow/dags/airflow_custom_hooks/dvc_hook.py
[2025-04-02T17:15:43.714+0000] {processor.py:927} WARNING - No viable dags retrieved from /home/ubuntu/MLFlow/dags/airflow_custom_hooks/dvc_hook.py
[2025-04-02T17:15:43.771+0000] {processor.py:208} INFO - Processing /home/ubuntu/MLFlow/dags/airflow_custom_hooks/dvc_hook.py took 0.082 seconds
[2025-04-02T17:16:14.153+0000] {processor.py:186} INFO - Started process (PID=17944) to work on /home/ubuntu/MLFlow/dags/airflow_custom_hooks/dvc_hook.py
[2025-04-02T17:16:14.155+0000] {processor.py:914} INFO - Processing file /home/ubuntu/MLFlow/dags/airflow_custom_hooks/dvc_hook.py for tasks to queue
[2025-04-02T17:16:14.158+0000] {logging_mixin.py:190} INFO - [2025-04-02T17:16:14.157+0000] {dagbag.py:588} INFO - Filling up the DagBag from /home/ubuntu/MLFlow/dags/airflow_custom_hooks/dvc_hook.py
[2025-04-02T17:16:14.162+0000] {processor.py:927} WARNING - No viable dags retrieved from /home/ubuntu/MLFlow/dags/airflow_custom_hooks/dvc_hook.py
[2025-04-02T17:16:14.194+0000] {processor.py:208} INFO - Processing /home/ubuntu/MLFlow/dags/airflow_custom_hooks/dvc_hook.py took 0.050 seconds
[2025-04-02T17:16:44.532+0000] {processor.py:186} INFO - Started process (PID=17969) to work on /home/ubuntu/MLFlow/dags/airflow_custom_hooks/dvc_hook.py
[2025-04-02T17:16:44.533+0000] {processor.py:914} INFO - Processing file /home/ubuntu/MLFlow/dags/airflow_custom_hooks/dvc_hook.py for tasks to queue
[2025-04-02T17:16:44.536+0000] {logging_mixin.py:190} INFO - [2025-04-02T17:16:44.535+0000] {dagbag.py:588} INFO - Filling up the DagBag from /home/ubuntu/MLFlow/dags/airflow_custom_hooks/dvc_hook.py
[2025-04-02T17:16:44.539+0000] {processor.py:927} WARNING - No viable dags retrieved from /home/ubuntu/MLFlow/dags/airflow_custom_hooks/dvc_hook.py
[2025-04-02T17:16:44.573+0000] {processor.py:208} INFO - Processing /home/ubuntu/MLFlow/dags/airflow_custom_hooks/dvc_hook.py took 0.051 seconds
[2025-04-02T17:17:14.977+0000] {processor.py:186} INFO - Started process (PID=17993) to work on /home/ubuntu/MLFlow/dags/airflow_custom_hooks/dvc_hook.py
[2025-04-02T17:17:14.980+0000] {processor.py:914} INFO - Processing file /home/ubuntu/MLFlow/dags/airflow_custom_hooks/dvc_hook.py for tasks to queue
[2025-04-02T17:17:14.983+0000] {logging_mixin.py:190} INFO - [2025-04-02T17:17:14.982+0000] {dagbag.py:588} INFO - Filling up the DagBag from /home/ubuntu/MLFlow/dags/airflow_custom_hooks/dvc_hook.py
[2025-04-02T17:17:14.988+0000] {processor.py:927} WARNING - No viable dags retrieved from /home/ubuntu/MLFlow/dags/airflow_custom_hooks/dvc_hook.py
[2025-04-02T17:17:15.020+0000] {processor.py:208} INFO - Processing /home/ubuntu/MLFlow/dags/airflow_custom_hooks/dvc_hook.py took 0.057 seconds
[2025-04-02T17:17:45.347+0000] {processor.py:186} INFO - Started process (PID=18012) to work on /home/ubuntu/MLFlow/dags/airflow_custom_hooks/dvc_hook.py
[2025-04-02T17:17:45.348+0000] {processor.py:914} INFO - Processing file /home/ubuntu/MLFlow/dags/airflow_custom_hooks/dvc_hook.py for tasks to queue
[2025-04-02T17:17:45.351+0000] {logging_mixin.py:190} INFO - [2025-04-02T17:17:45.350+0000] {dagbag.py:588} INFO - Filling up the DagBag from /home/ubuntu/MLFlow/dags/airflow_custom_hooks/dvc_hook.py
[2025-04-02T17:17:45.354+0000] {processor.py:927} WARNING - No viable dags retrieved from /home/ubuntu/MLFlow/dags/airflow_custom_hooks/dvc_hook.py
[2025-04-02T17:17:45.383+0000] {processor.py:208} INFO - Processing /home/ubuntu/MLFlow/dags/airflow_custom_hooks/dvc_hook.py took 0.046 seconds
[2025-04-02T17:18:34.740+0000] {processor.py:186} INFO - Started process (PID=18980) to work on /home/ubuntu/MLFlow/dags/airflow_custom_hooks/dvc_hook.py
[2025-04-02T17:18:34.745+0000] {processor.py:914} INFO - Processing file /home/ubuntu/MLFlow/dags/airflow_custom_hooks/dvc_hook.py for tasks to queue
[2025-04-02T17:18:34.754+0000] {logging_mixin.py:190} INFO - [2025-04-02T17:18:34.753+0000] {dagbag.py:588} INFO - Filling up the DagBag from /home/ubuntu/MLFlow/dags/airflow_custom_hooks/dvc_hook.py
[2025-04-02T17:18:34.765+0000] {processor.py:927} WARNING - No viable dags retrieved from /home/ubuntu/MLFlow/dags/airflow_custom_hooks/dvc_hook.py
[2025-04-02T17:18:34.815+0000] {processor.py:208} INFO - Processing /home/ubuntu/MLFlow/dags/airflow_custom_hooks/dvc_hook.py took 0.084 seconds
[2025-04-02T17:19:05.292+0000] {processor.py:186} INFO - Started process (PID=19098) to work on /home/ubuntu/MLFlow/dags/airflow_custom_hooks/dvc_hook.py
[2025-04-02T17:19:05.294+0000] {processor.py:914} INFO - Processing file /home/ubuntu/MLFlow/dags/airflow_custom_hooks/dvc_hook.py for tasks to queue
[2025-04-02T17:19:05.297+0000] {logging_mixin.py:190} INFO - [2025-04-02T17:19:05.297+0000] {dagbag.py:588} INFO - Filling up the DagBag from /home/ubuntu/MLFlow/dags/airflow_custom_hooks/dvc_hook.py
[2025-04-02T17:19:05.301+0000] {processor.py:927} WARNING - No viable dags retrieved from /home/ubuntu/MLFlow/dags/airflow_custom_hooks/dvc_hook.py
[2025-04-02T17:19:05.329+0000] {processor.py:208} INFO - Processing /home/ubuntu/MLFlow/dags/airflow_custom_hooks/dvc_hook.py took 0.047 seconds
[2025-04-02T17:19:35.811+0000] {processor.py:186} INFO - Started process (PID=19414) to work on /home/ubuntu/MLFlow/dags/airflow_custom_hooks/dvc_hook.py
[2025-04-02T17:19:35.817+0000] {processor.py:914} INFO - Processing file /home/ubuntu/MLFlow/dags/airflow_custom_hooks/dvc_hook.py for tasks to queue
[2025-04-02T17:19:35.821+0000] {logging_mixin.py:190} INFO - [2025-04-02T17:19:35.820+0000] {dagbag.py:588} INFO - Filling up the DagBag from /home/ubuntu/MLFlow/dags/airflow_custom_hooks/dvc_hook.py
[2025-04-02T17:19:35.825+0000] {processor.py:927} WARNING - No viable dags retrieved from /home/ubuntu/MLFlow/dags/airflow_custom_hooks/dvc_hook.py
[2025-04-02T17:19:35.869+0000] {processor.py:208} INFO - Processing /home/ubuntu/MLFlow/dags/airflow_custom_hooks/dvc_hook.py took 0.081 seconds
[2025-04-02T17:20:06.234+0000] {processor.py:186} INFO - Started process (PID=19576) to work on /home/ubuntu/MLFlow/dags/airflow_custom_hooks/dvc_hook.py
[2025-04-02T17:20:06.235+0000] {processor.py:914} INFO - Processing file /home/ubuntu/MLFlow/dags/airflow_custom_hooks/dvc_hook.py for tasks to queue
[2025-04-02T17:20:06.239+0000] {logging_mixin.py:190} INFO - [2025-04-02T17:20:06.239+0000] {dagbag.py:588} INFO - Filling up the DagBag from /home/ubuntu/MLFlow/dags/airflow_custom_hooks/dvc_hook.py
[2025-04-02T17:20:06.243+0000] {processor.py:927} WARNING - No viable dags retrieved from /home/ubuntu/MLFlow/dags/airflow_custom_hooks/dvc_hook.py
[2025-04-02T17:20:06.275+0000] {processor.py:208} INFO - Processing /home/ubuntu/MLFlow/dags/airflow_custom_hooks/dvc_hook.py took 0.051 seconds
[2025-04-02T17:20:36.733+0000] {processor.py:186} INFO - Started process (PID=19702) to work on /home/ubuntu/MLFlow/dags/airflow_custom_hooks/dvc_hook.py
[2025-04-02T17:20:36.738+0000] {processor.py:914} INFO - Processing file /home/ubuntu/MLFlow/dags/airflow_custom_hooks/dvc_hook.py for tasks to queue
[2025-04-02T17:20:36.741+0000] {logging_mixin.py:190} INFO - [2025-04-02T17:20:36.741+0000] {dagbag.py:588} INFO - Filling up the DagBag from /home/ubuntu/MLFlow/dags/airflow_custom_hooks/dvc_hook.py
[2025-04-02T17:20:36.750+0000] {processor.py:927} WARNING - No viable dags retrieved from /home/ubuntu/MLFlow/dags/airflow_custom_hooks/dvc_hook.py
[2025-04-02T17:20:36.813+0000] {processor.py:208} INFO - Processing /home/ubuntu/MLFlow/dags/airflow_custom_hooks/dvc_hook.py took 0.119 seconds
[2025-04-02T17:21:07.264+0000] {processor.py:186} INFO - Started process (PID=19833) to work on /home/ubuntu/MLFlow/dags/airflow_custom_hooks/dvc_hook.py
[2025-04-02T17:21:07.266+0000] {processor.py:914} INFO - Processing file /home/ubuntu/MLFlow/dags/airflow_custom_hooks/dvc_hook.py for tasks to queue
[2025-04-02T17:21:07.269+0000] {logging_mixin.py:190} INFO - [2025-04-02T17:21:07.268+0000] {dagbag.py:588} INFO - Filling up the DagBag from /home/ubuntu/MLFlow/dags/airflow_custom_hooks/dvc_hook.py
[2025-04-02T17:21:07.273+0000] {processor.py:927} WARNING - No viable dags retrieved from /home/ubuntu/MLFlow/dags/airflow_custom_hooks/dvc_hook.py
[2025-04-02T17:21:07.307+0000] {processor.py:208} INFO - Processing /home/ubuntu/MLFlow/dags/airflow_custom_hooks/dvc_hook.py took 0.054 seconds
[2025-04-02T17:21:37.664+0000] {processor.py:186} INFO - Started process (PID=19955) to work on /home/ubuntu/MLFlow/dags/airflow_custom_hooks/dvc_hook.py
[2025-04-02T17:21:37.665+0000] {processor.py:914} INFO - Processing file /home/ubuntu/MLFlow/dags/airflow_custom_hooks/dvc_hook.py for tasks to queue
[2025-04-02T17:21:37.669+0000] {logging_mixin.py:190} INFO - [2025-04-02T17:21:37.668+0000] {dagbag.py:588} INFO - Filling up the DagBag from /home/ubuntu/MLFlow/dags/airflow_custom_hooks/dvc_hook.py
[2025-04-02T17:21:37.672+0000] {processor.py:927} WARNING - No viable dags retrieved from /home/ubuntu/MLFlow/dags/airflow_custom_hooks/dvc_hook.py
[2025-04-02T17:21:37.704+0000] {processor.py:208} INFO - Processing /home/ubuntu/MLFlow/dags/airflow_custom_hooks/dvc_hook.py took 0.050 seconds
[2025-04-02T17:22:08.109+0000] {processor.py:186} INFO - Started process (PID=20096) to work on /home/ubuntu/MLFlow/dags/airflow_custom_hooks/dvc_hook.py
[2025-04-02T17:22:08.112+0000] {processor.py:914} INFO - Processing file /home/ubuntu/MLFlow/dags/airflow_custom_hooks/dvc_hook.py for tasks to queue
[2025-04-02T17:22:08.116+0000] {logging_mixin.py:190} INFO - [2025-04-02T17:22:08.116+0000] {dagbag.py:588} INFO - Filling up the DagBag from /home/ubuntu/MLFlow/dags/airflow_custom_hooks/dvc_hook.py
[2025-04-02T17:22:08.120+0000] {processor.py:927} WARNING - No viable dags retrieved from /home/ubuntu/MLFlow/dags/airflow_custom_hooks/dvc_hook.py
[2025-04-02T17:22:08.156+0000] {processor.py:208} INFO - Processing /home/ubuntu/MLFlow/dags/airflow_custom_hooks/dvc_hook.py took 0.057 seconds
[2025-04-02T17:22:38.535+0000] {processor.py:186} INFO - Started process (PID=20214) to work on /home/ubuntu/MLFlow/dags/airflow_custom_hooks/dvc_hook.py
[2025-04-02T17:22:38.536+0000] {processor.py:914} INFO - Processing file /home/ubuntu/MLFlow/dags/airflow_custom_hooks/dvc_hook.py for tasks to queue
[2025-04-02T17:22:38.539+0000] {logging_mixin.py:190} INFO - [2025-04-02T17:22:38.538+0000] {dagbag.py:588} INFO - Filling up the DagBag from /home/ubuntu/MLFlow/dags/airflow_custom_hooks/dvc_hook.py
[2025-04-02T17:22:38.542+0000] {processor.py:927} WARNING - No viable dags retrieved from /home/ubuntu/MLFlow/dags/airflow_custom_hooks/dvc_hook.py
[2025-04-02T17:22:38.570+0000] {processor.py:208} INFO - Processing /home/ubuntu/MLFlow/dags/airflow_custom_hooks/dvc_hook.py took 0.046 seconds
[2025-04-02T17:23:08.950+0000] {processor.py:186} INFO - Started process (PID=20344) to work on /home/ubuntu/MLFlow/dags/airflow_custom_hooks/dvc_hook.py
[2025-04-02T17:23:08.952+0000] {processor.py:914} INFO - Processing file /home/ubuntu/MLFlow/dags/airflow_custom_hooks/dvc_hook.py for tasks to queue
[2025-04-02T17:23:08.955+0000] {logging_mixin.py:190} INFO - [2025-04-02T17:23:08.955+0000] {dagbag.py:588} INFO - Filling up the DagBag from /home/ubuntu/MLFlow/dags/airflow_custom_hooks/dvc_hook.py
[2025-04-02T17:23:08.958+0000] {processor.py:927} WARNING - No viable dags retrieved from /home/ubuntu/MLFlow/dags/airflow_custom_hooks/dvc_hook.py
[2025-04-02T17:23:08.983+0000] {processor.py:208} INFO - Processing /home/ubuntu/MLFlow/dags/airflow_custom_hooks/dvc_hook.py took 0.043 seconds
[2025-04-02T17:23:39.360+0000] {processor.py:186} INFO - Started process (PID=20456) to work on /home/ubuntu/MLFlow/dags/airflow_custom_hooks/dvc_hook.py
[2025-04-02T17:23:39.362+0000] {processor.py:914} INFO - Processing file /home/ubuntu/MLFlow/dags/airflow_custom_hooks/dvc_hook.py for tasks to queue
[2025-04-02T17:23:39.365+0000] {logging_mixin.py:190} INFO - [2025-04-02T17:23:39.364+0000] {dagbag.py:588} INFO - Filling up the DagBag from /home/ubuntu/MLFlow/dags/airflow_custom_hooks/dvc_hook.py
[2025-04-02T17:23:39.369+0000] {processor.py:927} WARNING - No viable dags retrieved from /home/ubuntu/MLFlow/dags/airflow_custom_hooks/dvc_hook.py
[2025-04-02T17:23:39.395+0000] {processor.py:208} INFO - Processing /home/ubuntu/MLFlow/dags/airflow_custom_hooks/dvc_hook.py took 0.044 seconds
[2025-04-02T17:24:09.990+0000] {processor.py:186} INFO - Started process (PID=20591) to work on /home/ubuntu/MLFlow/dags/airflow_custom_hooks/dvc_hook.py
[2025-04-02T17:24:09.992+0000] {processor.py:914} INFO - Processing file /home/ubuntu/MLFlow/dags/airflow_custom_hooks/dvc_hook.py for tasks to queue
[2025-04-02T17:24:09.997+0000] {logging_mixin.py:190} INFO - [2025-04-02T17:24:09.994+0000] {dagbag.py:588} INFO - Filling up the DagBag from /home/ubuntu/MLFlow/dags/airflow_custom_hooks/dvc_hook.py
[2025-04-02T17:24:10.006+0000] {processor.py:927} WARNING - No viable dags retrieved from /home/ubuntu/MLFlow/dags/airflow_custom_hooks/dvc_hook.py
[2025-04-02T17:24:10.057+0000] {processor.py:208} INFO - Processing /home/ubuntu/MLFlow/dags/airflow_custom_hooks/dvc_hook.py took 0.079 seconds
[2025-04-02T17:24:27.625+0000] {processor.py:186} INFO - Started process (PID=20674) to work on /home/ubuntu/MLFlow/dags/airflow_custom_hooks/dvc_hook.py
[2025-04-02T17:24:27.627+0000] {processor.py:914} INFO - Processing file /home/ubuntu/MLFlow/dags/airflow_custom_hooks/dvc_hook.py for tasks to queue
[2025-04-02T17:24:27.629+0000] {logging_mixin.py:190} INFO - [2025-04-02T17:24:27.629+0000] {dagbag.py:588} INFO - Filling up the DagBag from /home/ubuntu/MLFlow/dags/airflow_custom_hooks/dvc_hook.py
[2025-04-02T17:24:27.636+0000] {processor.py:927} WARNING - No viable dags retrieved from /home/ubuntu/MLFlow/dags/airflow_custom_hooks/dvc_hook.py
[2025-04-02T17:24:27.660+0000] {processor.py:208} INFO - Processing /home/ubuntu/MLFlow/dags/airflow_custom_hooks/dvc_hook.py took 0.048 seconds
[2025-04-02T17:24:58.553+0000] {processor.py:186} INFO - Started process (PID=20979) to work on /home/ubuntu/MLFlow/dags/airflow_custom_hooks/dvc_hook.py
[2025-04-02T17:24:58.555+0000] {processor.py:914} INFO - Processing file /home/ubuntu/MLFlow/dags/airflow_custom_hooks/dvc_hook.py for tasks to queue
[2025-04-02T17:24:58.558+0000] {logging_mixin.py:190} INFO - [2025-04-02T17:24:58.557+0000] {dagbag.py:588} INFO - Filling up the DagBag from /home/ubuntu/MLFlow/dags/airflow_custom_hooks/dvc_hook.py
[2025-04-02T17:24:58.560+0000] {processor.py:927} WARNING - No viable dags retrieved from /home/ubuntu/MLFlow/dags/airflow_custom_hooks/dvc_hook.py
[2025-04-02T17:24:58.582+0000] {processor.py:208} INFO - Processing /home/ubuntu/MLFlow/dags/airflow_custom_hooks/dvc_hook.py took 0.038 seconds
[2025-04-02T17:25:29.118+0000] {processor.py:186} INFO - Started process (PID=21116) to work on /home/ubuntu/MLFlow/dags/airflow_custom_hooks/dvc_hook.py
[2025-04-02T17:25:29.119+0000] {processor.py:914} INFO - Processing file /home/ubuntu/MLFlow/dags/airflow_custom_hooks/dvc_hook.py for tasks to queue
[2025-04-02T17:25:29.121+0000] {logging_mixin.py:190} INFO - [2025-04-02T17:25:29.120+0000] {dagbag.py:588} INFO - Filling up the DagBag from /home/ubuntu/MLFlow/dags/airflow_custom_hooks/dvc_hook.py
[2025-04-02T17:25:29.124+0000] {processor.py:927} WARNING - No viable dags retrieved from /home/ubuntu/MLFlow/dags/airflow_custom_hooks/dvc_hook.py
[2025-04-02T17:25:29.150+0000] {processor.py:208} INFO - Processing /home/ubuntu/MLFlow/dags/airflow_custom_hooks/dvc_hook.py took 0.047 seconds
[2025-04-02T17:25:59.761+0000] {processor.py:186} INFO - Started process (PID=21228) to work on /home/ubuntu/MLFlow/dags/airflow_custom_hooks/dvc_hook.py
[2025-04-02T17:25:59.772+0000] {processor.py:914} INFO - Processing file /home/ubuntu/MLFlow/dags/airflow_custom_hooks/dvc_hook.py for tasks to queue
[2025-04-02T17:25:59.775+0000] {logging_mixin.py:190} INFO - [2025-04-02T17:25:59.775+0000] {dagbag.py:588} INFO - Filling up the DagBag from /home/ubuntu/MLFlow/dags/airflow_custom_hooks/dvc_hook.py
[2025-04-02T17:25:59.787+0000] {processor.py:927} WARNING - No viable dags retrieved from /home/ubuntu/MLFlow/dags/airflow_custom_hooks/dvc_hook.py
[2025-04-02T17:25:59.844+0000] {processor.py:208} INFO - Processing /home/ubuntu/MLFlow/dags/airflow_custom_hooks/dvc_hook.py took 0.126 seconds
[2025-04-02T17:26:30.317+0000] {processor.py:186} INFO - Started process (PID=21368) to work on /home/ubuntu/MLFlow/dags/airflow_custom_hooks/dvc_hook.py
[2025-04-02T17:26:30.319+0000] {processor.py:914} INFO - Processing file /home/ubuntu/MLFlow/dags/airflow_custom_hooks/dvc_hook.py for tasks to queue
[2025-04-02T17:26:30.321+0000] {logging_mixin.py:190} INFO - [2025-04-02T17:26:30.321+0000] {dagbag.py:588} INFO - Filling up the DagBag from /home/ubuntu/MLFlow/dags/airflow_custom_hooks/dvc_hook.py
[2025-04-02T17:26:30.324+0000] {processor.py:927} WARNING - No viable dags retrieved from /home/ubuntu/MLFlow/dags/airflow_custom_hooks/dvc_hook.py
[2025-04-02T17:26:30.346+0000] {processor.py:208} INFO - Processing /home/ubuntu/MLFlow/dags/airflow_custom_hooks/dvc_hook.py took 0.037 seconds
[2025-04-02T17:27:00.790+0000] {processor.py:186} INFO - Started process (PID=21486) to work on /home/ubuntu/MLFlow/dags/airflow_custom_hooks/dvc_hook.py
[2025-04-02T17:27:00.793+0000] {processor.py:914} INFO - Processing file /home/ubuntu/MLFlow/dags/airflow_custom_hooks/dvc_hook.py for tasks to queue
[2025-04-02T17:27:00.796+0000] {logging_mixin.py:190} INFO - [2025-04-02T17:27:00.795+0000] {dagbag.py:588} INFO - Filling up the DagBag from /home/ubuntu/MLFlow/dags/airflow_custom_hooks/dvc_hook.py
[2025-04-02T17:27:00.799+0000] {processor.py:927} WARNING - No viable dags retrieved from /home/ubuntu/MLFlow/dags/airflow_custom_hooks/dvc_hook.py
[2025-04-02T17:27:00.835+0000] {processor.py:208} INFO - Processing /home/ubuntu/MLFlow/dags/airflow_custom_hooks/dvc_hook.py took 0.054 seconds
[2025-04-02T17:27:31.293+0000] {processor.py:186} INFO - Started process (PID=21617) to work on /home/ubuntu/MLFlow/dags/airflow_custom_hooks/dvc_hook.py
[2025-04-02T17:27:31.294+0000] {processor.py:914} INFO - Processing file /home/ubuntu/MLFlow/dags/airflow_custom_hooks/dvc_hook.py for tasks to queue
[2025-04-02T17:27:31.297+0000] {logging_mixin.py:190} INFO - [2025-04-02T17:27:31.296+0000] {dagbag.py:588} INFO - Filling up the DagBag from /home/ubuntu/MLFlow/dags/airflow_custom_hooks/dvc_hook.py
[2025-04-02T17:27:31.299+0000] {processor.py:927} WARNING - No viable dags retrieved from /home/ubuntu/MLFlow/dags/airflow_custom_hooks/dvc_hook.py
[2025-04-02T17:27:31.321+0000] {processor.py:208} INFO - Processing /home/ubuntu/MLFlow/dags/airflow_custom_hooks/dvc_hook.py took 0.040 seconds
[2025-04-02T17:28:01.811+0000] {processor.py:186} INFO - Started process (PID=21747) to work on /home/ubuntu/MLFlow/dags/airflow_custom_hooks/dvc_hook.py
[2025-04-02T17:28:01.813+0000] {processor.py:914} INFO - Processing file /home/ubuntu/MLFlow/dags/airflow_custom_hooks/dvc_hook.py for tasks to queue
[2025-04-02T17:28:01.817+0000] {logging_mixin.py:190} INFO - [2025-04-02T17:28:01.817+0000] {dagbag.py:588} INFO - Filling up the DagBag from /home/ubuntu/MLFlow/dags/airflow_custom_hooks/dvc_hook.py
[2025-04-02T17:28:01.822+0000] {processor.py:927} WARNING - No viable dags retrieved from /home/ubuntu/MLFlow/dags/airflow_custom_hooks/dvc_hook.py
[2025-04-02T17:28:01.855+0000] {processor.py:208} INFO - Processing /home/ubuntu/MLFlow/dags/airflow_custom_hooks/dvc_hook.py took 0.053 seconds
[2025-04-02T17:28:32.254+0000] {processor.py:186} INFO - Started process (PID=21874) to work on /home/ubuntu/MLFlow/dags/airflow_custom_hooks/dvc_hook.py
[2025-04-02T17:28:32.255+0000] {processor.py:914} INFO - Processing file /home/ubuntu/MLFlow/dags/airflow_custom_hooks/dvc_hook.py for tasks to queue
[2025-04-02T17:28:32.257+0000] {logging_mixin.py:190} INFO - [2025-04-02T17:28:32.257+0000] {dagbag.py:588} INFO - Filling up the DagBag from /home/ubuntu/MLFlow/dags/airflow_custom_hooks/dvc_hook.py
[2025-04-02T17:28:32.261+0000] {processor.py:927} WARNING - No viable dags retrieved from /home/ubuntu/MLFlow/dags/airflow_custom_hooks/dvc_hook.py
[2025-04-02T17:28:32.292+0000] {processor.py:208} INFO - Processing /home/ubuntu/MLFlow/dags/airflow_custom_hooks/dvc_hook.py took 0.047 seconds
[2025-04-02T17:29:02.806+0000] {processor.py:186} INFO - Started process (PID=22020) to work on /home/ubuntu/MLFlow/dags/airflow_custom_hooks/dvc_hook.py
[2025-04-02T17:29:02.808+0000] {processor.py:914} INFO - Processing file /home/ubuntu/MLFlow/dags/airflow_custom_hooks/dvc_hook.py for tasks to queue
[2025-04-02T17:29:02.810+0000] {logging_mixin.py:190} INFO - [2025-04-02T17:29:02.810+0000] {dagbag.py:588} INFO - Filling up the DagBag from /home/ubuntu/MLFlow/dags/airflow_custom_hooks/dvc_hook.py
[2025-04-02T17:29:02.813+0000] {processor.py:927} WARNING - No viable dags retrieved from /home/ubuntu/MLFlow/dags/airflow_custom_hooks/dvc_hook.py
[2025-04-02T17:29:02.841+0000] {processor.py:208} INFO - Processing /home/ubuntu/MLFlow/dags/airflow_custom_hooks/dvc_hook.py took 0.044 seconds
[2025-04-02T17:29:33.278+0000] {processor.py:186} INFO - Started process (PID=22132) to work on /home/ubuntu/MLFlow/dags/airflow_custom_hooks/dvc_hook.py
[2025-04-02T17:29:33.279+0000] {processor.py:914} INFO - Processing file /home/ubuntu/MLFlow/dags/airflow_custom_hooks/dvc_hook.py for tasks to queue
[2025-04-02T17:29:33.281+0000] {logging_mixin.py:190} INFO - [2025-04-02T17:29:33.281+0000] {dagbag.py:588} INFO - Filling up the DagBag from /home/ubuntu/MLFlow/dags/airflow_custom_hooks/dvc_hook.py
[2025-04-02T17:29:33.284+0000] {processor.py:927} WARNING - No viable dags retrieved from /home/ubuntu/MLFlow/dags/airflow_custom_hooks/dvc_hook.py
[2025-04-02T17:29:33.307+0000] {processor.py:208} INFO - Processing /home/ubuntu/MLFlow/dags/airflow_custom_hooks/dvc_hook.py took 0.038 seconds
[2025-04-02T17:30:03.619+0000] {processor.py:186} INFO - Started process (PID=22451) to work on /home/ubuntu/MLFlow/dags/airflow_custom_hooks/dvc_hook.py
[2025-04-02T17:30:03.622+0000] {processor.py:914} INFO - Processing file /home/ubuntu/MLFlow/dags/airflow_custom_hooks/dvc_hook.py for tasks to queue
[2025-04-02T17:30:03.625+0000] {logging_mixin.py:190} INFO - [2025-04-02T17:30:03.624+0000] {dagbag.py:588} INFO - Filling up the DagBag from /home/ubuntu/MLFlow/dags/airflow_custom_hooks/dvc_hook.py
[2025-04-02T17:30:03.628+0000] {processor.py:927} WARNING - No viable dags retrieved from /home/ubuntu/MLFlow/dags/airflow_custom_hooks/dvc_hook.py
[2025-04-02T17:30:03.656+0000] {processor.py:208} INFO - Processing /home/ubuntu/MLFlow/dags/airflow_custom_hooks/dvc_hook.py took 0.045 seconds
[2025-04-02T17:30:34.013+0000] {processor.py:186} INFO - Started process (PID=22566) to work on /home/ubuntu/MLFlow/dags/airflow_custom_hooks/dvc_hook.py
[2025-04-02T17:30:34.015+0000] {processor.py:914} INFO - Processing file /home/ubuntu/MLFlow/dags/airflow_custom_hooks/dvc_hook.py for tasks to queue
[2025-04-02T17:30:34.018+0000] {logging_mixin.py:190} INFO - [2025-04-02T17:30:34.017+0000] {dagbag.py:588} INFO - Filling up the DagBag from /home/ubuntu/MLFlow/dags/airflow_custom_hooks/dvc_hook.py
[2025-04-02T17:30:34.021+0000] {processor.py:927} WARNING - No viable dags retrieved from /home/ubuntu/MLFlow/dags/airflow_custom_hooks/dvc_hook.py
[2025-04-02T17:30:34.055+0000] {processor.py:208} INFO - Processing /home/ubuntu/MLFlow/dags/airflow_custom_hooks/dvc_hook.py took 0.050 seconds
[2025-04-02T17:31:04.511+0000] {processor.py:186} INFO - Started process (PID=22716) to work on /home/ubuntu/MLFlow/dags/airflow_custom_hooks/dvc_hook.py
[2025-04-02T17:31:04.513+0000] {processor.py:914} INFO - Processing file /home/ubuntu/MLFlow/dags/airflow_custom_hooks/dvc_hook.py for tasks to queue
[2025-04-02T17:31:04.517+0000] {logging_mixin.py:190} INFO - [2025-04-02T17:31:04.515+0000] {dagbag.py:588} INFO - Filling up the DagBag from /home/ubuntu/MLFlow/dags/airflow_custom_hooks/dvc_hook.py
[2025-04-02T17:31:04.521+0000] {processor.py:927} WARNING - No viable dags retrieved from /home/ubuntu/MLFlow/dags/airflow_custom_hooks/dvc_hook.py
[2025-04-02T17:31:04.559+0000] {processor.py:208} INFO - Processing /home/ubuntu/MLFlow/dags/airflow_custom_hooks/dvc_hook.py took 0.057 seconds
[2025-04-02T17:31:34.964+0000] {processor.py:186} INFO - Started process (PID=22842) to work on /home/ubuntu/MLFlow/dags/airflow_custom_hooks/dvc_hook.py
[2025-04-02T17:31:34.966+0000] {processor.py:914} INFO - Processing file /home/ubuntu/MLFlow/dags/airflow_custom_hooks/dvc_hook.py for tasks to queue
[2025-04-02T17:31:34.969+0000] {logging_mixin.py:190} INFO - [2025-04-02T17:31:34.969+0000] {dagbag.py:588} INFO - Filling up the DagBag from /home/ubuntu/MLFlow/dags/airflow_custom_hooks/dvc_hook.py
[2025-04-02T17:31:34.973+0000] {processor.py:927} WARNING - No viable dags retrieved from /home/ubuntu/MLFlow/dags/airflow_custom_hooks/dvc_hook.py
[2025-04-02T17:31:34.996+0000] {processor.py:208} INFO - Processing /home/ubuntu/MLFlow/dags/airflow_custom_hooks/dvc_hook.py took 0.041 seconds
[2025-04-02T17:32:05.615+0000] {processor.py:186} INFO - Started process (PID=23002) to work on /home/ubuntu/MLFlow/dags/airflow_custom_hooks/dvc_hook.py
[2025-04-02T17:32:05.616+0000] {processor.py:914} INFO - Processing file /home/ubuntu/MLFlow/dags/airflow_custom_hooks/dvc_hook.py for tasks to queue
[2025-04-02T17:32:05.619+0000] {logging_mixin.py:190} INFO - [2025-04-02T17:32:05.618+0000] {dagbag.py:588} INFO - Filling up the DagBag from /home/ubuntu/MLFlow/dags/airflow_custom_hooks/dvc_hook.py
[2025-04-02T17:32:05.621+0000] {processor.py:927} WARNING - No viable dags retrieved from /home/ubuntu/MLFlow/dags/airflow_custom_hooks/dvc_hook.py
[2025-04-02T17:32:05.643+0000] {processor.py:208} INFO - Processing /home/ubuntu/MLFlow/dags/airflow_custom_hooks/dvc_hook.py took 0.036 seconds
[2025-04-02T17:32:35.999+0000] {processor.py:186} INFO - Started process (PID=23136) to work on /home/ubuntu/MLFlow/dags/airflow_custom_hooks/dvc_hook.py
[2025-04-02T17:32:36.001+0000] {processor.py:914} INFO - Processing file /home/ubuntu/MLFlow/dags/airflow_custom_hooks/dvc_hook.py for tasks to queue
[2025-04-02T17:32:36.004+0000] {logging_mixin.py:190} INFO - [2025-04-02T17:32:36.003+0000] {dagbag.py:588} INFO - Filling up the DagBag from /home/ubuntu/MLFlow/dags/airflow_custom_hooks/dvc_hook.py
[2025-04-02T17:32:36.007+0000] {processor.py:927} WARNING - No viable dags retrieved from /home/ubuntu/MLFlow/dags/airflow_custom_hooks/dvc_hook.py
[2025-04-02T17:32:36.030+0000] {processor.py:208} INFO - Processing /home/ubuntu/MLFlow/dags/airflow_custom_hooks/dvc_hook.py took 0.038 seconds
[2025-04-02T17:33:06.387+0000] {processor.py:186} INFO - Started process (PID=23278) to work on /home/ubuntu/MLFlow/dags/airflow_custom_hooks/dvc_hook.py
[2025-04-02T17:33:06.388+0000] {processor.py:914} INFO - Processing file /home/ubuntu/MLFlow/dags/airflow_custom_hooks/dvc_hook.py for tasks to queue
[2025-04-02T17:33:06.392+0000] {logging_mixin.py:190} INFO - [2025-04-02T17:33:06.391+0000] {dagbag.py:588} INFO - Filling up the DagBag from /home/ubuntu/MLFlow/dags/airflow_custom_hooks/dvc_hook.py
[2025-04-02T17:33:06.395+0000] {processor.py:927} WARNING - No viable dags retrieved from /home/ubuntu/MLFlow/dags/airflow_custom_hooks/dvc_hook.py
[2025-04-02T17:33:06.445+0000] {processor.py:208} INFO - Processing /home/ubuntu/MLFlow/dags/airflow_custom_hooks/dvc_hook.py took 0.068 seconds
