[2025-04-02T17:03:53.108+0000] {local_task_job_runner.py:123} INFO - ::group::Pre task execution logs
[2025-04-02T17:03:53.126+0000] {taskinstance.py:2614} INFO - Dependencies all met for dep_context=non-requeueable deps ti=<TaskInstance: weather_data_collection.version_data scheduled__2025-04-02T17:01:00+00:00 [queued]>
[2025-04-02T17:03:53.135+0000] {taskinstance.py:2614} INFO - Dependencies all met for dep_context=requeueable deps ti=<TaskInstance: weather_data_collection.version_data scheduled__2025-04-02T17:01:00+00:00 [queued]>
[2025-04-02T17:03:53.135+0000] {taskinstance.py:2867} INFO - Starting attempt 1 of 2
[2025-04-02T17:03:53.154+0000] {taskinstance.py:2890} INFO - Executing <Task(PythonOperator): version_data> on 2025-04-02 17:01:00+00:00
[2025-04-02T17:03:53.161+0000] {standard_task_runner.py:72} INFO - Started process 11703 to run task
[2025-04-02T17:03:53.164+0000] {standard_task_runner.py:104} INFO - Running: ['airflow', 'tasks', 'run', 'weather_data_collection', 'version_data', 'scheduled__2025-04-02T17:01:00+00:00', '--job-id', '585', '--raw', '--subdir', 'DAGS_FOLDER/weather_dag.py', '--cfg-path', '/tmp/tmpm7wg6kj9']
[2025-04-02T17:03:53.167+0000] {standard_task_runner.py:105} INFO - Job 585: Subtask version_data
[2025-04-02T17:03:53.214+0000] {task_command.py:467} INFO - Running <TaskInstance: weather_data_collection.version_data scheduled__2025-04-02T17:01:00+00:00 [running]> on host ip-172-31-19-13.eu-west-1.compute.internal
[2025-04-02T17:03:53.347+0000] {taskinstance.py:3134} INFO - Exporting env vars: AIRFLOW_CTX_DAG_OWNER='airflow' AIRFLOW_CTX_DAG_ID='weather_data_collection' AIRFLOW_CTX_TASK_ID='version_data' AIRFLOW_CTX_EXECUTION_DATE='2025-04-02T17:01:00+00:00' AIRFLOW_CTX_TRY_NUMBER='1' AIRFLOW_CTX_DAG_RUN_ID='scheduled__2025-04-02T17:01:00+00:00'
[2025-04-02T17:03:53.348+0000] {taskinstance.py:732} INFO - ::endgroup::
[2025-04-02T17:03:54.225+0000] {dvc_hook.py:51} INFO - DVC remotes: origin	https://dagshub.com/fbarulli/MLFlow.dvc

[2025-04-02T17:03:56.205+0000] {dvc_hook.py:67} INFO - DVC add output: 
To track the changes with git, run:

	git add data_storage.dvc

To enable auto staging, run:

	dvc config core.autostage true

[2025-04-02T17:03:59.915+0000] {dvc_hook.py:87} INFO - DVC push output: 2025-04-02 17:03:56,542 DEBUG: v3.59.1 (pip), CPython 3.12.9 on Linux-5.15.0-1080-aws-x86_64-with-glibc2.31
2025-04-02 17:03:56,543 DEBUG: command: /home/ubuntu/miniconda/envs/mlflow/bin/dvc push -v
2025-04-02 17:03:57,586 DEBUG: Preparing to transfer data from '/home/ubuntu/MLFlow/.dvc/cache/files/md5' to 'https://dagshub.com/fbarulli/MLFlow.dvc/files/md5'
2025-04-02 17:03:57,586 DEBUG: Preparing to collect status from 'https://dagshub.com/fbarulli/MLFlow.dvc/files/md5'
2025-04-02 17:03:57,587 DEBUG: Collecting status from 'https://dagshub.com/fbarulli/MLFlow.dvc/files/md5'
2025-04-02 17:03:57,589 DEBUG: Querying 10 oids via object_exists
2025-04-02 17:03:57,993 DEBUG: Querying 1 oids via object_exists
2025-04-02 17:03:58,200 DEBUG: Querying 2 oids via object_exists
2025-04-02 17:03:58,458 DEBUG: Preparing to collect status from '/home/ubuntu/MLFlow/.dvc/cache/files/md5'
2025-04-02 17:03:58,459 DEBUG: Collecting status from '/home/ubuntu/MLFlow/.dvc/cache/files/md5'
2025-04-02 17:03:58,984 DEBUG: transfer dir: md5: 14eaaf907fbefae6bdf21b0d8afc6bea.dir with 1 files
2025-04-02 17:03:59,547 DEBUG: Indexing pushed dir 'md5: 14eaaf907fbefae6bdf21b0d8afc6bea.dir' with '1' nested files
2 files pushed
2025-04-02 17:03:59,589 DEBUG: Analytics is enabled.
2025-04-02 17:03:59,668 DEBUG: Trying to spawn ['daemon', 'analytics', '/tmp/tmpfkxc1qh2', '-v']
2025-04-02 17:03:59,683 DEBUG: Spawned ['daemon', 'analytics', '/tmp/tmpfkxc1qh2', '-v'] with pid 11742

[2025-04-02T17:03:59.916+0000] {python.py:240} INFO - Done. Returned value was: None
[2025-04-02T17:03:59.924+0000] {taskinstance.py:341} INFO - ::group::Post task execution logs
[2025-04-02T17:03:59.925+0000] {taskinstance.py:353} INFO - Marking task as SUCCESS. dag_id=weather_data_collection, task_id=version_data, run_id=scheduled__2025-04-02T17:01:00+00:00, execution_date=20250402T170100, start_date=20250402T170353, end_date=20250402T170359
[2025-04-02T17:04:00.023+0000] {local_task_job_runner.py:266} INFO - Task exited with return code 0
[2025-04-02T17:04:00.040+0000] {taskinstance.py:3901} INFO - 0 downstream tasks scheduled from follow-on schedule check
[2025-04-02T17:04:00.041+0000] {local_task_job_runner.py:245} INFO - ::endgroup::
