[2025-04-03T09:34:01.715+0000] {local_task_job_runner.py:123} INFO - ::group::Pre task execution logs
[2025-04-03T09:34:01.748+0000] {taskinstance.py:2614} INFO - Dependencies all met for dep_context=non-requeueable deps ti=<TaskInstance: weather_data_collection.collect_weather_data scheduled__2025-04-03T09:33:00+00:00 [queued]>
[2025-04-03T09:34:01.777+0000] {taskinstance.py:2614} INFO - Dependencies all met for dep_context=requeueable deps ti=<TaskInstance: weather_data_collection.collect_weather_data scheduled__2025-04-03T09:33:00+00:00 [queued]>
[2025-04-03T09:34:01.778+0000] {taskinstance.py:2867} INFO - Starting attempt 1 of 2
[2025-04-03T09:34:01.812+0000] {taskinstance.py:2890} INFO - Executing <Task(DockerOperator): collect_weather_data> on 2025-04-03 09:33:00+00:00
[2025-04-03T09:34:01.833+0000] {logging_mixin.py:190} WARNING - /home/ubuntu/miniconda/envs/mlflow/lib/python3.12/site-packages/***/task/task_runner/standard_task_runner.py:70 DeprecationWarning: This process (pid=36614) is multi-threaded, use of fork() may lead to deadlocks in the child.
[2025-04-03T09:34:01.839+0000] {standard_task_runner.py:72} INFO - Started process 36633 to run task
[2025-04-03T09:34:01.856+0000] {standard_task_runner.py:104} INFO - Running: ['***', 'tasks', 'run', 'weather_data_collection', 'collect_weather_data', 'scheduled__2025-04-03T09:33:00+00:00', '--job-id', '345', '--raw', '--subdir', 'DAGS_FOLDER/weather_dag.py', '--cfg-path', '/tmp/tmpcu33dh4v']
[2025-04-03T09:34:01.859+0000] {standard_task_runner.py:105} INFO - Job 345: Subtask collect_weather_data
[2025-04-03T09:34:02.015+0000] {task_command.py:467} INFO - Running <TaskInstance: weather_data_collection.collect_weather_data scheduled__2025-04-03T09:33:00+00:00 [running]> on host ip-172-31-19-13.eu-west-1.compute.internal
[2025-04-03T09:34:02.201+0000] {taskinstance.py:3134} INFO - Exporting env vars: AIRFLOW_CTX_DAG_OWNER='***' AIRFLOW_CTX_DAG_ID='weather_data_collection' AIRFLOW_CTX_TASK_ID='collect_weather_data' AIRFLOW_CTX_EXECUTION_DATE='2025-04-03T09:33:00+00:00' AIRFLOW_CTX_TRY_NUMBER='1' AIRFLOW_CTX_DAG_RUN_ID='scheduled__2025-04-03T09:33:00+00:00'
[2025-04-03T09:34:02.202+0000] {taskinstance.py:732} INFO - ::endgroup::
[2025-04-03T09:34:02.243+0000] {docker.py:353} INFO - Starting docker container from image weather-collector:light
[2025-04-03T09:34:04.095+0000] {docker.py:73} INFO -   0%|          | 0/5 [00:00<?, ?it/s]
[2025-04-03T09:34:04.287+0000] {docker.py:73} INFO -  60%|██████    | 3/5 [00:00<00:00, 15.60it/s]
[2025-04-03T09:34:04.463+0000] {docker.py:73} INFO - 100%|██████████| 5/5 [00:00<00:00, 13.21it/s]
[2025-04-03T09:34:04.556+0000] {docker.py:73} INFO - 100%|██████████| 5/5 [00:00<00:00, 10.85it/s]
[2025-04-03T09:34:04.558+0000] {docker.py:73} INFO -   0%|          | 0/5 [00:00<?, ?it/s]
[2025-04-03T09:34:04.559+0000] {docker.py:73} INFO - 100%|██████████| 5/5 [00:00<00:00, 3464.08it/s]
[2025-04-03T09:34:04.593+0000] {docker.py:73} INFO -        city country  ...  weather_description             datetime
[2025-04-03T09:34:04.597+0000] {docker.py:73} INFO - 0     Paris      FR  ...            clear sky  2025-04-03T09:34:04
[2025-04-03T09:34:04.598+0000] {docker.py:73} INFO - 1    London      GB  ...            clear sky  2025-04-03T09:34:04
[2025-04-03T09:34:04.599+0000] {docker.py:73} INFO - 2  New York      US  ...      overcast clouds  2025-04-03T09:34:04
[2025-04-03T09:34:04.599+0000] {docker.py:73} INFO - 3    Berlin      DE  ...            clear sky  2025-04-03T09:34:04
[2025-04-03T09:34:04.600+0000] {docker.py:73} INFO - 4     Tokyo      JP  ...        broken clouds  2025-04-03T09:34:04
[2025-04-03T09:34:04.601+0000] {docker.py:73} INFO - 
[2025-04-03T09:34:04.602+0000] {docker.py:73} INFO - [5 rows x 7 columns]
[2025-04-03T09:34:05.057+0000] {taskinstance.py:341} INFO - ::group::Post task execution logs
[2025-04-03T09:34:05.058+0000] {taskinstance.py:353} INFO - Marking task as SUCCESS. dag_id=weather_data_collection, task_id=collect_weather_data, run_id=scheduled__2025-04-03T09:33:00+00:00, execution_date=20250403T093300, start_date=20250403T093401, end_date=20250403T093405
[2025-04-03T09:34:05.119+0000] {local_task_job_runner.py:266} INFO - Task exited with return code 0
[2025-04-03T09:34:05.157+0000] {taskinstance.py:3901} INFO - 1 downstream tasks scheduled from follow-on schedule check
[2025-04-03T09:34:05.160+0000] {local_task_job_runner.py:245} INFO - ::endgroup::
