[2025-04-02T17:29:55.096+0000] {local_task_job_runner.py:123} INFO - ::group::Pre task execution logs
[2025-04-02T17:29:55.126+0000] {taskinstance.py:2614} INFO - Dependencies all met for dep_context=non-requeueable deps ti=<TaskInstance: weather_data_collection.collect_weather_data scheduled__2025-04-02T17:28:00+00:00 [queued]>
[2025-04-02T17:29:55.137+0000] {taskinstance.py:2614} INFO - Dependencies all met for dep_context=requeueable deps ti=<TaskInstance: weather_data_collection.collect_weather_data scheduled__2025-04-02T17:28:00+00:00 [queued]>
[2025-04-02T17:29:55.138+0000] {taskinstance.py:2867} INFO - Starting attempt 1 of 2
[2025-04-02T17:29:55.157+0000] {taskinstance.py:2890} INFO - Executing <Task(DockerOperator): collect_weather_data> on 2025-04-02 17:28:00+00:00
[2025-04-02T17:29:55.168+0000] {standard_task_runner.py:104} INFO - Running: ['***', 'tasks', 'run', 'weather_data_collection', 'collect_weather_data', 'scheduled__2025-04-02T17:28:00+00:00', '--job-id', '21', '--raw', '--subdir', 'DAGS_FOLDER/weather_dag.py', '--cfg-path', '/tmp/tmpnr1q35vu']
[2025-04-02T17:29:55.172+0000] {standard_task_runner.py:105} INFO - Job 21: Subtask collect_weather_data
[2025-04-02T17:29:55.173+0000] {logging_mixin.py:190} WARNING - /home/ubuntu/miniconda/envs/mlflow/lib/python3.12/site-packages/***/task/task_runner/standard_task_runner.py:70 DeprecationWarning: This process (pid=22250) is multi-threaded, use of fork() may lead to deadlocks in the child.
[2025-04-02T17:29:55.174+0000] {standard_task_runner.py:72} INFO - Started process 22256 to run task
[2025-04-02T17:29:55.267+0000] {task_command.py:467} INFO - Running <TaskInstance: weather_data_collection.collect_weather_data scheduled__2025-04-02T17:28:00+00:00 [running]> on host ip-172-31-19-13.eu-west-1.compute.internal
[2025-04-02T17:29:55.404+0000] {taskinstance.py:3134} INFO - Exporting env vars: AIRFLOW_CTX_DAG_OWNER='***' AIRFLOW_CTX_DAG_ID='weather_data_collection' AIRFLOW_CTX_TASK_ID='collect_weather_data' AIRFLOW_CTX_EXECUTION_DATE='2025-04-02T17:28:00+00:00' AIRFLOW_CTX_TRY_NUMBER='1' AIRFLOW_CTX_DAG_RUN_ID='scheduled__2025-04-02T17:28:00+00:00'
[2025-04-02T17:29:55.405+0000] {taskinstance.py:732} INFO - ::endgroup::
[2025-04-02T17:29:55.443+0000] {docker.py:353} INFO - Starting docker container from image weather-collector:light
[2025-04-02T17:29:57.101+0000] {docker.py:73} INFO -   0%|          | 0/5 [00:00<?, ?it/s]
[2025-04-02T17:29:57.282+0000] {docker.py:73} INFO -  60%|██████    | 3/5 [00:00<00:00, 16.63it/s]
[2025-04-02T17:29:57.475+0000] {docker.py:73} INFO - 100%|██████████| 5/5 [00:00<00:00, 12.83it/s]
[2025-04-02T17:29:57.568+0000] {docker.py:73} INFO - 100%|██████████| 5/5 [00:00<00:00, 10.71it/s]
[2025-04-02T17:29:57.570+0000] {docker.py:73} INFO -   0%|          | 0/5 [00:00<?, ?it/s]
[2025-04-02T17:29:57.572+0000] {docker.py:73} INFO - 100%|██████████| 5/5 [00:00<00:00, 3538.30it/s]
[2025-04-02T17:29:57.596+0000] {docker.py:73} INFO -        city country  ...  weather_description             datetime
[2025-04-02T17:29:57.596+0000] {docker.py:73} INFO - 0     Paris      FR  ...            clear sky  2025-04-02T17:29:57
[2025-04-02T17:29:57.597+0000] {docker.py:73} INFO - 1    London      GB  ...        broken clouds  2025-04-02T17:29:57
[2025-04-02T17:29:57.597+0000] {docker.py:73} INFO - 2  New York      US  ...            clear sky  2025-04-02T17:29:57
[2025-04-02T17:29:57.597+0000] {docker.py:73} INFO - 3    Berlin      DE  ...            clear sky  2025-04-02T17:29:57
[2025-04-02T17:29:57.597+0000] {docker.py:73} INFO - 4     Tokyo      JP  ...        broken clouds  2025-04-02T17:29:57
[2025-04-02T17:29:57.598+0000] {docker.py:73} INFO - 
[2025-04-02T17:29:57.598+0000] {docker.py:73} INFO - [5 rows x 7 columns]
[2025-04-02T17:29:58.052+0000] {taskinstance.py:341} INFO - ::group::Post task execution logs
[2025-04-02T17:29:58.052+0000] {taskinstance.py:353} INFO - Marking task as SUCCESS. dag_id=weather_data_collection, task_id=collect_weather_data, run_id=scheduled__2025-04-02T17:28:00+00:00, execution_date=20250402T172800, start_date=20250402T172955, end_date=20250402T172958
[2025-04-02T17:29:58.124+0000] {local_task_job_runner.py:266} INFO - Task exited with return code 0
[2025-04-02T17:29:58.161+0000] {taskinstance.py:3901} INFO - 1 downstream tasks scheduled from follow-on schedule check
[2025-04-02T17:29:58.163+0000] {local_task_job_runner.py:245} INFO - ::endgroup::
