[2025-04-03T09:08:00.633+0000] {local_task_job_runner.py:123} INFO - ::group::Pre task execution logs
[2025-04-03T09:08:00.665+0000] {taskinstance.py:2614} INFO - Dependencies all met for dep_context=non-requeueable deps ti=<TaskInstance: weather_data_collection.collect_weather_data scheduled__2025-04-03T09:07:00+00:00 [queued]>
[2025-04-03T09:08:00.681+0000] {taskinstance.py:2614} INFO - Dependencies all met for dep_context=requeueable deps ti=<TaskInstance: weather_data_collection.collect_weather_data scheduled__2025-04-03T09:07:00+00:00 [queued]>
[2025-04-03T09:08:00.681+0000] {taskinstance.py:2867} INFO - Starting attempt 1 of 2
[2025-04-03T09:08:00.705+0000] {taskinstance.py:2890} INFO - Executing <Task(DockerOperator): collect_weather_data> on 2025-04-03 09:07:00+00:00
[2025-04-03T09:08:00.723+0000] {standard_task_runner.py:104} INFO - Running: ['***', 'tasks', 'run', 'weather_data_collection', 'collect_weather_data', 'scheduled__2025-04-03T09:07:00+00:00', '--job-id', '267', '--raw', '--subdir', 'DAGS_FOLDER/weather_dag.py', '--cfg-path', '/tmp/tmpyahwpp1y']
[2025-04-03T09:08:00.729+0000] {standard_task_runner.py:105} INFO - Job 267: Subtask collect_weather_data
[2025-04-03T09:08:00.730+0000] {logging_mixin.py:190} WARNING - /home/ubuntu/miniconda/envs/mlflow/lib/python3.12/site-packages/***/task/task_runner/standard_task_runner.py:70 DeprecationWarning: This process (pid=26099) is multi-threaded, use of fork() may lead to deadlocks in the child.
[2025-04-03T09:08:00.731+0000] {standard_task_runner.py:72} INFO - Started process 26115 to run task
[2025-04-03T09:08:00.838+0000] {task_command.py:467} INFO - Running <TaskInstance: weather_data_collection.collect_weather_data scheduled__2025-04-03T09:07:00+00:00 [running]> on host ip-172-31-19-13.eu-west-1.compute.internal
[2025-04-03T09:08:01.000+0000] {taskinstance.py:3134} INFO - Exporting env vars: AIRFLOW_CTX_DAG_OWNER='***' AIRFLOW_CTX_DAG_ID='weather_data_collection' AIRFLOW_CTX_TASK_ID='collect_weather_data' AIRFLOW_CTX_EXECUTION_DATE='2025-04-03T09:07:00+00:00' AIRFLOW_CTX_TRY_NUMBER='1' AIRFLOW_CTX_DAG_RUN_ID='scheduled__2025-04-03T09:07:00+00:00'
[2025-04-03T09:08:01.002+0000] {taskinstance.py:732} INFO - ::endgroup::
[2025-04-03T09:08:01.048+0000] {docker.py:353} INFO - Starting docker container from image weather-collector:light
[2025-04-03T09:08:02.754+0000] {docker.py:73} INFO -   0%|          | 0/5 [00:00<?, ?it/s]
[2025-04-03T09:08:02.935+0000] {docker.py:73} INFO -  60%|██████    | 3/5 [00:00<00:00, 16.57it/s]
[2025-04-03T09:08:03.101+0000] {docker.py:73} INFO - 100%|██████████| 5/5 [00:00<00:00, 14.01it/s]
[2025-04-03T09:08:03.191+0000] {docker.py:73} INFO - 100%|██████████| 5/5 [00:00<00:00, 11.44it/s]
[2025-04-03T09:08:03.194+0000] {docker.py:73} INFO -   0%|          | 0/5 [00:00<?, ?it/s]
[2025-04-03T09:08:03.195+0000] {docker.py:73} INFO - 100%|██████████| 5/5 [00:00<00:00, 2956.23it/s]
[2025-04-03T09:08:03.231+0000] {docker.py:73} INFO -        city country  ...  weather_description             datetime
[2025-04-03T09:08:03.232+0000] {docker.py:73} INFO - 0     Paris      FR  ...            clear sky  2025-04-03T09:08:03
[2025-04-03T09:08:03.232+0000] {docker.py:73} INFO - 1    London      GB  ...            clear sky  2025-04-03T09:08:03
[2025-04-03T09:08:03.233+0000] {docker.py:73} INFO - 2  New York      US  ...      overcast clouds  2025-04-03T09:08:03
[2025-04-03T09:08:03.233+0000] {docker.py:73} INFO - 3    Berlin      DE  ...            clear sky  2025-04-03T09:08:03
[2025-04-03T09:08:03.233+0000] {docker.py:73} INFO - 4     Tokyo      JP  ...        broken clouds  2025-04-03T09:08:03
[2025-04-03T09:08:03.233+0000] {docker.py:73} INFO - 
[2025-04-03T09:08:03.234+0000] {docker.py:73} INFO - [5 rows x 7 columns]
[2025-04-03T09:08:03.700+0000] {taskinstance.py:341} INFO - ::group::Post task execution logs
[2025-04-03T09:08:03.700+0000] {taskinstance.py:353} INFO - Marking task as SUCCESS. dag_id=weather_data_collection, task_id=collect_weather_data, run_id=scheduled__2025-04-03T09:07:00+00:00, execution_date=20250403T090700, start_date=20250403T090800, end_date=20250403T090803
[2025-04-03T09:08:03.785+0000] {local_task_job_runner.py:266} INFO - Task exited with return code 0
[2025-04-03T09:08:03.825+0000] {taskinstance.py:3901} INFO - 1 downstream tasks scheduled from follow-on schedule check
[2025-04-03T09:08:03.827+0000] {local_task_job_runner.py:245} INFO - ::endgroup::
