[2025-04-02T17:23:01.186+0000] {local_task_job_runner.py:123} INFO - ::group::Pre task execution logs
[2025-04-02T17:23:01.215+0000] {taskinstance.py:2614} INFO - Dependencies all met for dep_context=non-requeueable deps ti=<TaskInstance: weather_data_monitoring.monitor_data scheduled__2025-04-02T17:22:00+00:00 [queued]>
[2025-04-02T17:23:01.233+0000] {taskinstance.py:2614} INFO - Dependencies all met for dep_context=requeueable deps ti=<TaskInstance: weather_data_monitoring.monitor_data scheduled__2025-04-02T17:22:00+00:00 [queued]>
[2025-04-02T17:23:01.234+0000] {taskinstance.py:2867} INFO - Starting attempt 1 of 2
[2025-04-02T17:23:01.262+0000] {taskinstance.py:2890} INFO - Executing <Task(PythonOperator): monitor_data> on 2025-04-02 17:22:00+00:00
[2025-04-02T17:23:01.275+0000] {standard_task_runner.py:104} INFO - Running: ['***', 'tasks', 'run', 'weather_data_monitoring', 'monitor_data', 'scheduled__2025-04-02T17:22:00+00:00', '--job-id', '10', '--raw', '--subdir', 'DAGS_FOLDER/weather_monitor_dag.py', '--cfg-path', '/tmp/tmp3wjeg1lg']
[2025-04-02T17:23:01.279+0000] {standard_task_runner.py:105} INFO - Job 10: Subtask monitor_data
[2025-04-02T17:23:01.281+0000] {logging_mixin.py:190} WARNING - /home/ubuntu/miniconda/envs/mlflow/lib/python3.12/site-packages/***/task/task_runner/standard_task_runner.py:70 DeprecationWarning: This process (pid=20299) is multi-threaded, use of fork() may lead to deadlocks in the child.
[2025-04-02T17:23:01.282+0000] {standard_task_runner.py:72} INFO - Started process 20305 to run task
[2025-04-02T17:23:01.369+0000] {task_command.py:467} INFO - Running <TaskInstance: weather_data_monitoring.monitor_data scheduled__2025-04-02T17:22:00+00:00 [running]> on host ip-172-31-19-13.eu-west-1.compute.internal
[2025-04-02T17:23:01.544+0000] {taskinstance.py:3134} INFO - Exporting env vars: AIRFLOW_CTX_DAG_OWNER='***' AIRFLOW_CTX_DAG_ID='weather_data_monitoring' AIRFLOW_CTX_TASK_ID='monitor_data' AIRFLOW_CTX_EXECUTION_DATE='2025-04-02T17:22:00+00:00' AIRFLOW_CTX_TRY_NUMBER='1' AIRFLOW_CTX_DAG_RUN_ID='scheduled__2025-04-02T17:22:00+00:00'
[2025-04-02T17:23:01.545+0000] {taskinstance.py:732} INFO - ::endgroup::
[2025-04-02T17:23:01.561+0000] {logging_mixin.py:190} INFO - Starting monitoring...
[2025-04-02T17:23:02.562+0000] {logging_mixin.py:190} INFO - Monitoring... 1/60 seconds
[2025-04-02T17:23:12.564+0000] {logging_mixin.py:190} INFO - Monitoring... 11/60 seconds
[2025-04-02T17:23:22.565+0000] {logging_mixin.py:190} INFO - Monitoring... 21/60 seconds
[2025-04-02T17:23:32.567+0000] {logging_mixin.py:190} INFO - Monitoring... 31/60 seconds
[2025-04-02T17:23:42.569+0000] {logging_mixin.py:190} INFO - Monitoring... 41/60 seconds
[2025-04-02T17:23:52.571+0000] {logging_mixin.py:190} INFO - Monitoring... 51/60 seconds
[2025-04-02T17:24:01.581+0000] {logging_mixin.py:190} INFO - Monitoring complete
[2025-04-02T17:24:01.582+0000] {python.py:240} INFO - Done. Returned value was: Monitoring successful
[2025-04-02T17:24:01.637+0000] {taskinstance.py:341} INFO - ::group::Post task execution logs
[2025-04-02T17:24:01.637+0000] {taskinstance.py:353} INFO - Marking task as SUCCESS. dag_id=weather_data_monitoring, task_id=monitor_data, run_id=scheduled__2025-04-02T17:22:00+00:00, execution_date=20250402T172200, start_date=20250402T172301, end_date=20250402T172401
[2025-04-02T17:24:01.760+0000] {local_task_job_runner.py:266} INFO - Task exited with return code 0
[2025-04-02T17:24:01.789+0000] {taskinstance.py:3901} INFO - 0 downstream tasks scheduled from follow-on schedule check
[2025-04-02T17:24:01.798+0000] {local_task_job_runner.py:245} INFO - ::endgroup::
