[2025-03-31T15:20:28.941+0000] {local_task_job_runner.py:123} INFO - ::group::Pre task execution logs
[2025-03-31T15:20:28.958+0000] {taskinstance.py:2614} INFO - Dependencies all met for dep_context=non-requeueable deps ti=<TaskInstance: weather_data_monitoring.monitor_data scheduled__2025-03-31T15:14:00+00:00 [queued]>
[2025-03-31T15:20:28.967+0000] {taskinstance.py:2614} INFO - Dependencies all met for dep_context=requeueable deps ti=<TaskInstance: weather_data_monitoring.monitor_data scheduled__2025-03-31T15:14:00+00:00 [queued]>
[2025-03-31T15:20:28.967+0000] {taskinstance.py:2867} INFO - Starting attempt 2 of 2
[2025-03-31T15:20:28.986+0000] {taskinstance.py:2890} INFO - Executing <Task(DockerOperator): monitor_data> on 2025-03-31 15:14:00+00:00
[2025-03-31T15:20:28.990+0000] {standard_task_runner.py:72} INFO - Started process 11710 to run task
[2025-03-31T15:20:28.994+0000] {standard_task_runner.py:104} INFO - Running: ['airflow', 'tasks', 'run', 'weather_data_monitoring', 'monitor_data', 'scheduled__2025-03-31T15:14:00+00:00', '--job-id', '369', '--raw', '--subdir', 'DAGS_FOLDER/weather_monitor_dag.py', '--cfg-path', '/tmp/tmpl36s5ohj']
[2025-03-31T15:20:28.997+0000] {standard_task_runner.py:105} INFO - Job 369: Subtask monitor_data
[2025-03-31T15:20:29.040+0000] {task_command.py:467} INFO - Running <TaskInstance: weather_data_monitoring.monitor_data scheduled__2025-03-31T15:14:00+00:00 [running]> on host ip-172-31-19-13.eu-west-1.compute.internal
[2025-03-31T15:20:29.113+0000] {taskinstance.py:3134} INFO - Exporting env vars: AIRFLOW_CTX_DAG_OWNER='airflow' AIRFLOW_CTX_DAG_ID='weather_data_monitoring' AIRFLOW_CTX_TASK_ID='monitor_data' AIRFLOW_CTX_EXECUTION_DATE='2025-03-31T15:14:00+00:00' AIRFLOW_CTX_TRY_NUMBER='2' AIRFLOW_CTX_DAG_RUN_ID='scheduled__2025-03-31T15:14:00+00:00'
[2025-03-31T15:20:29.114+0000] {taskinstance.py:732} INFO - ::endgroup::
[2025-03-31T15:20:29.163+0000] {docker.py:353} INFO - Starting docker container from image weather-monitor:light
[2025-03-31T15:20:42.166+0000] {docker.py:73} INFO - 2025/03/31 15:20:42 WARNING mlflow.utils.git_utils: Failed to import Git (the Git executable is probably not on your PATH), so Git SHA is not available. Error: Failed to initialize: Bad git executable.
[2025-03-31T15:20:42.167+0000] {docker.py:73} INFO - The git executable must be specified in one of the following ways:
[2025-03-31T15:20:42.167+0000] {docker.py:73} INFO -     - be included in your $PATH
[2025-03-31T15:20:42.167+0000] {docker.py:73} INFO -     - be set via $GIT_PYTHON_GIT_EXECUTABLE
[2025-03-31T15:20:42.167+0000] {docker.py:73} INFO -     - explicitly set via git.refresh(<full-path-to-git-executable>)
[2025-03-31T15:20:42.168+0000] {docker.py:73} INFO - 
[2025-03-31T15:20:42.168+0000] {docker.py:73} INFO - All git commands will error until this is rectified.
[2025-03-31T15:20:42.168+0000] {docker.py:73} INFO - 
[2025-03-31T15:20:42.168+0000] {docker.py:73} INFO - This initial message can be silenced or aggravated in the future by setting the
[2025-03-31T15:20:42.169+0000] {docker.py:73} INFO - $GIT_PYTHON_REFRESH environment variable. Use one of the following values:
[2025-03-31T15:20:42.169+0000] {docker.py:73} INFO -     - quiet|q|silence|s|silent|none|n|0: for no message or exception
[2025-03-31T15:20:42.170+0000] {docker.py:73} INFO -     - warn|w|warning|log|l|1: for a warning message (logging level CRITICAL, displayed by default)
[2025-03-31T15:20:42.171+0000] {docker.py:73} INFO -     - error|e|exception|raise|r|2: for a raised exception
[2025-03-31T15:20:42.171+0000] {docker.py:73} INFO - 
[2025-03-31T15:20:42.171+0000] {docker.py:73} INFO - Example:
[2025-03-31T15:20:42.171+0000] {docker.py:73} INFO -     export GIT_PYTHON_REFRESH=quiet
[2025-03-31T15:24:48.659+0000] {docker.py:73} INFO - Traceback (most recent call last):
[2025-03-31T15:24:48.659+0000] {docker.py:73} INFO -   File "/usr/local/lib/python3.12/site-packages/urllib3/connection.py", line 198, in _new_conn
[2025-03-31T15:24:48.670+0000] {docker.py:73} INFO -     sock = connection.create_connection(
[2025-03-31T15:24:48.671+0000] {docker.py:73} INFO -            ^^^^^^^^^^^^^^^^^^^^^^^^^^^^^
[2025-03-31T15:24:48.671+0000] {docker.py:73} INFO -   File "/usr/local/lib/python3.12/site-packages/urllib3/util/connection.py", line 85, in create_connection
[2025-03-31T15:24:48.672+0000] {docker.py:73} INFO -     raise err
[2025-03-31T15:24:48.672+0000] {docker.py:73} INFO -   File "/usr/local/lib/python3.12/site-packages/urllib3/util/connection.py", line 73, in create_connection
[2025-03-31T15:24:48.672+0000] {docker.py:73} INFO -     sock.connect(sa)
[2025-03-31T15:24:48.672+0000] {docker.py:73} INFO - ConnectionRefusedError: [Errno 111] Connection refused
[2025-03-31T15:24:48.672+0000] {docker.py:73} INFO - 
[2025-03-31T15:24:48.673+0000] {docker.py:73} INFO - The above exception was the direct cause of the following exception:
[2025-03-31T15:24:48.677+0000] {docker.py:73} INFO - 
[2025-03-31T15:24:48.677+0000] {docker.py:73} INFO - Traceback (most recent call last):
[2025-03-31T15:24:48.677+0000] {docker.py:73} INFO -   File "/usr/local/lib/python3.12/site-packages/urllib3/connectionpool.py", line 787, in urlopen
[2025-03-31T15:24:48.677+0000] {docker.py:73} INFO -     response = self._make_request(
[2025-03-31T15:24:48.678+0000] {docker.py:73} INFO -                ^^^^^^^^^^^^^^^^^^^
[2025-03-31T15:24:48.678+0000] {docker.py:73} INFO -   File "/usr/local/lib/python3.12/site-packages/urllib3/connectionpool.py", line 493, in _make_request
[2025-03-31T15:24:48.678+0000] {docker.py:73} INFO -     conn.request(
[2025-03-31T15:24:48.678+0000] {docker.py:73} INFO -   File "/usr/local/lib/python3.12/site-packages/urllib3/connection.py", line 445, in request
[2025-03-31T15:24:48.678+0000] {docker.py:73} INFO -     self.endheaders()
[2025-03-31T15:24:48.679+0000] {docker.py:73} INFO -   File "/usr/local/lib/python3.12/http/client.py", line 1333, in endheaders
[2025-03-31T15:24:48.679+0000] {docker.py:73} INFO -     self._send_output(message_body, encode_chunked=encode_chunked)
[2025-03-31T15:24:48.679+0000] {docker.py:73} INFO -   File "/usr/local/lib/python3.12/http/client.py", line 1093, in _send_output
[2025-03-31T15:24:48.680+0000] {docker.py:73} INFO -     self.send(msg)
[2025-03-31T15:24:48.680+0000] {docker.py:73} INFO -   File "/usr/local/lib/python3.12/http/client.py", line 1037, in send
[2025-03-31T15:24:48.680+0000] {docker.py:73} INFO -     self.connect()
[2025-03-31T15:24:48.680+0000] {docker.py:73} INFO -   File "/usr/local/lib/python3.12/site-packages/urllib3/connection.py", line 276, in connect
[2025-03-31T15:24:48.681+0000] {docker.py:73} INFO -     self.sock = self._new_conn()
[2025-03-31T15:24:48.681+0000] {docker.py:73} INFO -                 ^^^^^^^^^^^^^^^^
[2025-03-31T15:24:48.683+0000] {docker.py:73} INFO -   File "/usr/local/lib/python3.12/site-packages/urllib3/connection.py", line 213, in _new_conn
[2025-03-31T15:24:48.683+0000] {docker.py:73} INFO -     raise NewConnectionError(
[2025-03-31T15:24:48.684+0000] {docker.py:73} INFO - urllib3.exceptions.NewConnectionError: <urllib3.connection.HTTPConnection object at 0x7f36f03ae180>: Failed to establish a new connection: [Errno 111] Connection refused
[2025-03-31T15:24:48.684+0000] {docker.py:73} INFO - 
[2025-03-31T15:24:48.684+0000] {docker.py:73} INFO - The above exception was the direct cause of the following exception:
[2025-03-31T15:24:48.686+0000] {docker.py:73} INFO - 
[2025-03-31T15:24:48.688+0000] {docker.py:73} INFO - Traceback (most recent call last):
[2025-03-31T15:24:48.696+0000] {docker.py:73} INFO -   File "/usr/local/lib/python3.12/site-packages/requests/adapters.py", line 667, in send
[2025-03-31T15:24:48.701+0000] {docker.py:73} INFO -     resp = conn.urlopen(
[2025-03-31T15:24:48.704+0000] {docker.py:73} INFO -            ^^^^^^^^^^^^^
[2025-03-31T15:24:48.705+0000] {docker.py:73} INFO -   File "/usr/local/lib/python3.12/site-packages/urllib3/connectionpool.py", line 871, in urlopen
[2025-03-31T15:24:48.706+0000] {docker.py:73} INFO -     return self.urlopen(
[2025-03-31T15:24:48.707+0000] {docker.py:73} INFO -            ^^^^^^^^^^^^^
[2025-03-31T15:24:48.708+0000] {docker.py:73} INFO -   File "/usr/local/lib/python3.12/site-packages/urllib3/connectionpool.py", line 871, in urlopen
[2025-03-31T15:24:48.709+0000] {docker.py:73} INFO -     return self.urlopen(
[2025-03-31T15:24:48.709+0000] {docker.py:73} INFO -            ^^^^^^^^^^^^^
[2025-03-31T15:24:48.710+0000] {docker.py:73} INFO -   File "/usr/local/lib/python3.12/site-packages/urllib3/connectionpool.py", line 871, in urlopen
[2025-03-31T15:24:48.711+0000] {docker.py:73} INFO -     return self.urlopen(
[2025-03-31T15:24:48.711+0000] {docker.py:73} INFO -            ^^^^^^^^^^^^^
[2025-03-31T15:24:48.712+0000] {docker.py:73} INFO -   [Previous line repeated 4 more times]
[2025-03-31T15:24:48.713+0000] {docker.py:73} INFO -   File "/usr/local/lib/python3.12/site-packages/urllib3/connectionpool.py", line 841, in urlopen
[2025-03-31T15:24:48.713+0000] {docker.py:73} INFO -     retries = retries.increment(
[2025-03-31T15:24:48.714+0000] {docker.py:73} INFO -               ^^^^^^^^^^^^^^^^^^
[2025-03-31T15:24:48.715+0000] {docker.py:73} INFO -   File "/usr/local/lib/python3.12/site-packages/urllib3/util/retry.py", line 519, in increment
[2025-03-31T15:24:48.716+0000] {docker.py:73} INFO -     raise MaxRetryError(_pool, url, reason) from reason  # type: ignore[arg-type]
[2025-03-31T15:24:48.717+0000] {docker.py:73} INFO -     ^^^^^^^^^^^^^^^^^^^^^^^^^^^^^^^^^^^^^^^^^^^^^^^^^^^
[2025-03-31T15:24:48.717+0000] {docker.py:73} INFO - urllib3.exceptions.MaxRetryError: HTTPConnectionPool(host='localhost', port=5000): Max retries exceeded with url: /api/2.0/mlflow/runs/create (Caused by NewConnectionError('<urllib3.connection.HTTPConnection object at 0x7f36f03ae180>: Failed to establish a new connection: [Errno 111] Connection refused'))
[2025-03-31T15:24:48.718+0000] {docker.py:73} INFO - 
[2025-03-31T15:24:48.718+0000] {docker.py:73} INFO - During handling of the above exception, another exception occurred:
[2025-03-31T15:24:48.719+0000] {docker.py:73} INFO - 
[2025-03-31T15:24:48.720+0000] {docker.py:73} INFO - Traceback (most recent call last):
[2025-03-31T15:24:48.721+0000] {docker.py:73} INFO -   File "/usr/local/lib/python3.12/site-packages/mlflow/utils/rest_utils.py", line 181, in http_request
[2025-03-31T15:24:48.721+0000] {docker.py:73} INFO -     return _get_http_response_with_retries(
[2025-03-31T15:24:48.722+0000] {docker.py:73} INFO -            ^^^^^^^^^^^^^^^^^^^^^^^^^^^^^^^^
[2025-03-31T15:24:48.722+0000] {docker.py:73} INFO -   File "/usr/local/lib/python3.12/site-packages/mlflow/utils/request_utils.py", line 237, in _get_http_response_with_retries
[2025-03-31T15:24:48.723+0000] {docker.py:73} INFO -     return session.request(method, url, allow_redirects=allow_redirects, **kwargs)
[2025-03-31T15:24:48.724+0000] {docker.py:73} INFO -            ^^^^^^^^^^^^^^^^^^^^^^^^^^^^^^^^^^^^^^^^^^^^^^^^^^^^^^^^^^^^^^^^^^^^^^^
[2025-03-31T15:24:48.725+0000] {docker.py:73} INFO -   File "/usr/local/lib/python3.12/site-packages/requests/sessions.py", line 589, in request
[2025-03-31T15:24:48.725+0000] {docker.py:73} INFO -     resp = self.send(prep, **send_kwargs)
[2025-03-31T15:24:48.726+0000] {docker.py:73} INFO -            ^^^^^^^^^^^^^^^^^^^^^^^^^^^^^^
[2025-03-31T15:24:48.727+0000] {docker.py:73} INFO -   File "/usr/local/lib/python3.12/site-packages/requests/sessions.py", line 703, in send
[2025-03-31T15:24:48.727+0000] {docker.py:73} INFO -     r = adapter.send(request, **kwargs)
[2025-03-31T15:24:48.728+0000] {docker.py:73} INFO -         ^^^^^^^^^^^^^^^^^^^^^^^^^^^^^^^
[2025-03-31T15:24:48.729+0000] {docker.py:73} INFO -   File "/usr/local/lib/python3.12/site-packages/requests/adapters.py", line 700, in send
[2025-03-31T15:24:48.729+0000] {docker.py:73} INFO -     raise ConnectionError(e, request=request)
[2025-03-31T15:24:48.730+0000] {docker.py:73} INFO - requests.exceptions.ConnectionError: HTTPConnectionPool(host='localhost', port=5000): Max retries exceeded with url: /api/2.0/mlflow/runs/create (Caused by NewConnectionError('<urllib3.connection.HTTPConnection object at 0x7f36f03ae180>: Failed to establish a new connection: [Errno 111] Connection refused'))
[2025-03-31T15:24:48.730+0000] {docker.py:73} INFO - 
[2025-03-31T15:24:48.731+0000] {docker.py:73} INFO - During handling of the above exception, another exception occurred:
[2025-03-31T15:24:48.732+0000] {docker.py:73} INFO - 
[2025-03-31T15:24:48.732+0000] {docker.py:73} INFO - Traceback (most recent call last):
[2025-03-31T15:24:48.733+0000] {docker.py:73} INFO -   File "<frozen runpy>", line 198, in _run_module_as_main
[2025-03-31T15:24:48.733+0000] {docker.py:73} INFO -   File "<frozen runpy>", line 88, in _run_code
[2025-03-31T15:24:48.734+0000] {docker.py:73} INFO -   File "/app/src/monitoring/monitor_script.py", line 49, in <module>
[2025-03-31T15:24:48.735+0000] {docker.py:73} INFO -     monitor_data()
[2025-03-31T15:24:48.735+0000] {docker.py:73} INFO -   File "/app/src/monitoring/monitor_script.py", line 22, in monitor_data
[2025-03-31T15:24:48.736+0000] {docker.py:73} INFO -     with mlflow.start_run():
[2025-03-31T15:24:48.736+0000] {docker.py:73} INFO -          ^^^^^^^^^^^^^^^^^^
[2025-03-31T15:24:48.737+0000] {docker.py:73} INFO -   File "/usr/local/lib/python3.12/site-packages/mlflow/tracking/fluent.py", line 446, in start_run
[2025-03-31T15:24:48.738+0000] {docker.py:73} INFO -     active_run_obj = client.create_run(
[2025-03-31T15:24:48.738+0000] {docker.py:73} INFO -                      ^^^^^^^^^^^^^^^^^^
[2025-03-31T15:24:48.739+0000] {docker.py:73} INFO -   File "/usr/local/lib/python3.12/site-packages/mlflow/tracking/client.py", line 418, in create_run
[2025-03-31T15:24:48.740+0000] {docker.py:73} INFO -     return self._tracking_client.create_run(experiment_id, start_time, tags, run_name)
[2025-03-31T15:24:48.741+0000] {docker.py:73} INFO -            ^^^^^^^^^^^^^^^^^^^^^^^^^^^^^^^^^^^^^^^^^^^^^^^^^^^^^^^^^^^^^^^^^^^^^^^^^^^
[2025-03-31T15:24:48.741+0000] {docker.py:73} INFO -   File "/usr/local/lib/python3.12/site-packages/mlflow/tracking/_tracking_service/client.py", line 170, in create_run
[2025-03-31T15:24:48.743+0000] {docker.py:73} INFO -     return self.store.create_run(
[2025-03-31T15:24:48.744+0000] {docker.py:73} INFO -            ^^^^^^^^^^^^^^^^^^^^^^
[2025-03-31T15:24:48.744+0000] {docker.py:73} INFO -   File "/usr/local/lib/python3.12/site-packages/mlflow/store/tracking/rest_store.py", line 220, in create_run
[2025-03-31T15:24:48.745+0000] {docker.py:73} INFO -     response_proto = self._call_endpoint(CreateRun, req_body)
[2025-03-31T15:24:48.746+0000] {docker.py:73} INFO -                      ^^^^^^^^^^^^^^^^^^^^^^^^^^^^^^^^^^^^^^^^
[2025-03-31T15:24:48.746+0000] {docker.py:73} INFO -   File "/usr/local/lib/python3.12/site-packages/mlflow/store/tracking/rest_store.py", line 90, in _call_endpoint
[2025-03-31T15:24:48.747+0000] {docker.py:73} INFO -     return call_endpoint(self.get_host_creds(), endpoint, method, json_body, response_proto)
[2025-03-31T15:24:48.747+0000] {docker.py:73} INFO -            ^^^^^^^^^^^^^^^^^^^^^^^^^^^^^^^^^^^^^^^^^^^^^^^^^^^^^^^^^^^^^^^^^^^^^^^^^^^^^^^^^
[2025-03-31T15:24:48.748+0000] {docker.py:73} INFO -   File "/usr/local/lib/python3.12/site-packages/mlflow/utils/rest_utils.py", line 390, in call_endpoint
[2025-03-31T15:24:48.748+0000] {docker.py:73} INFO -     response = http_request(**call_kwargs)
[2025-03-31T15:24:48.749+0000] {docker.py:73} INFO -                ^^^^^^^^^^^^^^^^^^^^^^^^^^^
[2025-03-31T15:24:48.750+0000] {docker.py:73} INFO -   File "/usr/local/lib/python3.12/site-packages/mlflow/utils/rest_utils.py", line 204, in http_request
[2025-03-31T15:24:48.750+0000] {docker.py:73} INFO -     raise MlflowException(f"API request to {url} failed with exception {e}")
[2025-03-31T15:24:48.751+0000] {docker.py:73} INFO - mlflow.exceptions.MlflowException: API request to http://localhost:5000/api/2.0/mlflow/runs/create failed with exception HTTPConnectionPool(host='localhost', port=5000): Max retries exceeded with url: /api/2.0/mlflow/runs/create (Caused by NewConnectionError('<urllib3.connection.HTTPConnection object at 0x7f36f03ae180>: Failed to establish a new connection: [Errno 111] Connection refused'))
[2025-03-31T15:24:49.951+0000] {taskinstance.py:3313} ERROR - Task failed with exception
Traceback (most recent call last):
  File "/home/ubuntu/miniconda/envs/mlflow/lib/python3.12/site-packages/airflow/models/taskinstance.py", line 768, in _execute_task
    result = _execute_callable(context=context, **execute_callable_kwargs)
             ^^^^^^^^^^^^^^^^^^^^^^^^^^^^^^^^^^^^^^^^^^^^^^^^^^^^^^^^^^^^^
  File "/home/ubuntu/miniconda/envs/mlflow/lib/python3.12/site-packages/airflow/models/taskinstance.py", line 734, in _execute_callable
    return ExecutionCallableRunner(
           ^^^^^^^^^^^^^^^^^^^^^^^^
  File "/home/ubuntu/miniconda/envs/mlflow/lib/python3.12/site-packages/airflow/utils/operator_helpers.py", line 252, in run
    return self.func(*args, **kwargs)
           ^^^^^^^^^^^^^^^^^^^^^^^^^^
  File "/home/ubuntu/miniconda/envs/mlflow/lib/python3.12/site-packages/airflow/models/baseoperator.py", line 424, in wrapper
    return func(self, *args, **kwargs)
           ^^^^^^^^^^^^^^^^^^^^^^^^^^^
  File "/home/ubuntu/miniconda/envs/mlflow/lib/python3.12/site-packages/airflow/providers/docker/operators/docker.py", line 494, in execute
    return self._run_image()
           ^^^^^^^^^^^^^^^^^
  File "/home/ubuntu/miniconda/envs/mlflow/lib/python3.12/site-packages/airflow/providers/docker/operators/docker.py", line 358, in _run_image
    return self._run_image_with_mounts([*self.mounts, tmp_mount], add_tmp_variable=True)
           ^^^^^^^^^^^^^^^^^^^^^^^^^^^^^^^^^^^^^^^^^^^^^^^^^^^^^^^^^^^^^^^^^^^^^^^^^^^^^
  File "/home/ubuntu/miniconda/envs/mlflow/lib/python3.12/site-packages/airflow/providers/docker/operators/docker.py", line 428, in _run_image_with_mounts
    raise DockerContainerFailedException(f"Docker container failed: {result!r}", logs=log_lines)
airflow.providers.docker.exceptions.DockerContainerFailedException: Docker container failed: {'StatusCode': 1}
[2025-03-31T15:24:49.955+0000] {taskinstance.py:1226} INFO - Marking task as FAILED. dag_id=weather_data_monitoring, task_id=monitor_data, run_id=scheduled__2025-03-31T15:14:00+00:00, execution_date=20250331T151400, start_date=20250331T152028, end_date=20250331T152449
[2025-03-31T15:24:49.984+0000] {taskinstance.py:341} INFO - ::group::Post task execution logs
[2025-03-31T15:24:49.984+0000] {standard_task_runner.py:124} ERROR - Failed to execute job 369 for task monitor_data (Docker container failed: {'StatusCode': 1}; 11710)
Traceback (most recent call last):
  File "/home/ubuntu/miniconda/envs/mlflow/lib/python3.12/site-packages/airflow/task/task_runner/standard_task_runner.py", line 117, in _start_by_fork
    ret = args.func(args, dag=self.dag)
          ^^^^^^^^^^^^^^^^^^^^^^^^^^^^^
  File "/home/ubuntu/miniconda/envs/mlflow/lib/python3.12/site-packages/airflow/cli/cli_config.py", line 49, in command
    return func(*args, **kwargs)
           ^^^^^^^^^^^^^^^^^^^^^
  File "/home/ubuntu/miniconda/envs/mlflow/lib/python3.12/site-packages/airflow/utils/cli.py", line 116, in wrapper
    return f(*args, **kwargs)
           ^^^^^^^^^^^^^^^^^^
  File "/home/ubuntu/miniconda/envs/mlflow/lib/python3.12/site-packages/airflow/cli/commands/task_command.py", line 483, in task_run
    task_return_code = _run_task_by_selected_method(args, _dag, ti)
                       ^^^^^^^^^^^^^^^^^^^^^^^^^^^^^^^^^^^^^^^^^^^^
  File "/home/ubuntu/miniconda/envs/mlflow/lib/python3.12/site-packages/airflow/cli/commands/task_command.py", line 256, in _run_task_by_selected_method
    return _run_raw_task(args, ti)
           ^^^^^^^^^^^^^^^^^^^^^^^
  File "/home/ubuntu/miniconda/envs/mlflow/lib/python3.12/site-packages/airflow/cli/commands/task_command.py", line 341, in _run_raw_task
    return ti._run_raw_task(
           ^^^^^^^^^^^^^^^^^
  File "/home/ubuntu/miniconda/envs/mlflow/lib/python3.12/site-packages/airflow/utils/session.py", line 97, in wrapper
    return func(*args, session=session, **kwargs)
           ^^^^^^^^^^^^^^^^^^^^^^^^^^^^^^^^^^^^^^
  File "/home/ubuntu/miniconda/envs/mlflow/lib/python3.12/site-packages/airflow/models/taskinstance.py", line 3006, in _run_raw_task
    return _run_raw_task(
           ^^^^^^^^^^^^^^
  File "/home/ubuntu/miniconda/envs/mlflow/lib/python3.12/site-packages/airflow/models/taskinstance.py", line 274, in _run_raw_task
    TaskInstance._execute_task_with_callbacks(
  File "/home/ubuntu/miniconda/envs/mlflow/lib/python3.12/site-packages/airflow/models/taskinstance.py", line 3161, in _execute_task_with_callbacks
    result = self._execute_task(context, task_orig)
             ^^^^^^^^^^^^^^^^^^^^^^^^^^^^^^^^^^^^^^
  File "/home/ubuntu/miniconda/envs/mlflow/lib/python3.12/site-packages/airflow/models/taskinstance.py", line 3185, in _execute_task
    return _execute_task(self, context, task_orig)
           ^^^^^^^^^^^^^^^^^^^^^^^^^^^^^^^^^^^^^^^
  File "/home/ubuntu/miniconda/envs/mlflow/lib/python3.12/site-packages/airflow/models/taskinstance.py", line 768, in _execute_task
    result = _execute_callable(context=context, **execute_callable_kwargs)
             ^^^^^^^^^^^^^^^^^^^^^^^^^^^^^^^^^^^^^^^^^^^^^^^^^^^^^^^^^^^^^
  File "/home/ubuntu/miniconda/envs/mlflow/lib/python3.12/site-packages/airflow/models/taskinstance.py", line 734, in _execute_callable
    return ExecutionCallableRunner(
           ^^^^^^^^^^^^^^^^^^^^^^^^
  File "/home/ubuntu/miniconda/envs/mlflow/lib/python3.12/site-packages/airflow/utils/operator_helpers.py", line 252, in run
    return self.func(*args, **kwargs)
           ^^^^^^^^^^^^^^^^^^^^^^^^^^
  File "/home/ubuntu/miniconda/envs/mlflow/lib/python3.12/site-packages/airflow/models/baseoperator.py", line 424, in wrapper
    return func(self, *args, **kwargs)
           ^^^^^^^^^^^^^^^^^^^^^^^^^^^
  File "/home/ubuntu/miniconda/envs/mlflow/lib/python3.12/site-packages/airflow/providers/docker/operators/docker.py", line 494, in execute
    return self._run_image()
           ^^^^^^^^^^^^^^^^^
  File "/home/ubuntu/miniconda/envs/mlflow/lib/python3.12/site-packages/airflow/providers/docker/operators/docker.py", line 358, in _run_image
    return self._run_image_with_mounts([*self.mounts, tmp_mount], add_tmp_variable=True)
           ^^^^^^^^^^^^^^^^^^^^^^^^^^^^^^^^^^^^^^^^^^^^^^^^^^^^^^^^^^^^^^^^^^^^^^^^^^^^^
  File "/home/ubuntu/miniconda/envs/mlflow/lib/python3.12/site-packages/airflow/providers/docker/operators/docker.py", line 428, in _run_image_with_mounts
    raise DockerContainerFailedException(f"Docker container failed: {result!r}", logs=log_lines)
airflow.providers.docker.exceptions.DockerContainerFailedException: Docker container failed: {'StatusCode': 1}
[2025-03-31T15:24:50.006+0000] {local_task_job_runner.py:266} INFO - Task exited with return code 1
[2025-03-31T15:24:50.017+0000] {taskinstance.py:3901} INFO - 0 downstream tasks scheduled from follow-on schedule check
[2025-03-31T15:24:50.017+0000] {local_task_job_runner.py:245} INFO - ::endgroup::
