[2025-04-02T19:16:09.681+0000] {local_task_job_runner.py:123} INFO - ::group::Pre task execution logs
[2025-04-02T19:16:09.712+0000] {taskinstance.py:2614} INFO - Dependencies all met for dep_context=non-requeueable deps ti=<TaskInstance: weather_data_collection.collect_weather_data scheduled__2025-04-02T19:15:00+00:00 [queued]>
[2025-04-02T19:16:09.726+0000] {taskinstance.py:2614} INFO - Dependencies all met for dep_context=requeueable deps ti=<TaskInstance: weather_data_collection.collect_weather_data scheduled__2025-04-02T19:15:00+00:00 [queued]>
[2025-04-02T19:16:09.727+0000] {taskinstance.py:2867} INFO - Starting attempt 1 of 2
[2025-04-02T19:16:09.749+0000] {taskinstance.py:2890} INFO - Executing <Task(DockerOperator): collect_weather_data> on 2025-04-02 19:15:00+00:00
[2025-04-02T19:16:09.760+0000] {logging_mixin.py:190} WARNING - /home/ubuntu/miniconda/envs/mlflow/lib/python3.12/site-packages/***/task/task_runner/standard_task_runner.py:70 DeprecationWarning: This process (pid=47204) is multi-threaded, use of fork() may lead to deadlocks in the child.
[2025-04-02T19:16:09.762+0000] {standard_task_runner.py:72} INFO - Started process 47210 to run task
[2025-04-02T19:16:09.760+0000] {standard_task_runner.py:104} INFO - Running: ['***', 'tasks', 'run', 'weather_data_collection', 'collect_weather_data', 'scheduled__2025-04-02T19:15:00+00:00', '--job-id', '151', '--raw', '--subdir', 'DAGS_FOLDER/weather_dag.py', '--cfg-path', '/tmp/tmp_okvfc6l']
[2025-04-02T19:16:09.763+0000] {standard_task_runner.py:105} INFO - Job 151: Subtask collect_weather_data
[2025-04-02T19:16:09.854+0000] {task_command.py:467} INFO - Running <TaskInstance: weather_data_collection.collect_weather_data scheduled__2025-04-02T19:15:00+00:00 [running]> on host ip-172-31-19-13.eu-west-1.compute.internal
[2025-04-02T19:16:10.008+0000] {taskinstance.py:3134} INFO - Exporting env vars: AIRFLOW_CTX_DAG_OWNER='***' AIRFLOW_CTX_DAG_ID='weather_data_collection' AIRFLOW_CTX_TASK_ID='collect_weather_data' AIRFLOW_CTX_EXECUTION_DATE='2025-04-02T19:15:00+00:00' AIRFLOW_CTX_TRY_NUMBER='1' AIRFLOW_CTX_DAG_RUN_ID='scheduled__2025-04-02T19:15:00+00:00'
[2025-04-02T19:16:10.009+0000] {taskinstance.py:732} INFO - ::endgroup::
[2025-04-02T19:16:10.079+0000] {docker.py:353} INFO - Starting docker container from image weather-collector:light
[2025-04-02T19:16:11.710+0000] {docker.py:73} INFO -   0%|          | 0/5 [00:00<?, ?it/s]
[2025-04-02T19:16:11.815+0000] {docker.py:73} INFO -  40%|████      | 2/5 [00:00<00:00, 19.04it/s]
[2025-04-02T19:16:12.030+0000] {docker.py:73} INFO -  80%|████████  | 4/5 [00:00<00:00, 11.79it/s]
[2025-04-02T19:16:12.256+0000] {docker.py:73} INFO - 100%|██████████| 5/5 [00:00<00:00,  9.34it/s]
[2025-04-02T19:16:12.257+0000] {docker.py:73} INFO -   0%|          | 0/5 [00:00<?, ?it/s]
[2025-04-02T19:16:12.257+0000] {docker.py:73} INFO - 100%|██████████| 5/5 [00:00<00:00, 3366.22it/s]
[2025-04-02T19:16:12.287+0000] {docker.py:73} INFO -        city country  ...  weather_description             datetime
[2025-04-02T19:16:12.287+0000] {docker.py:73} INFO - 0     Paris      FR  ...            clear sky  2025-04-02T19:16:12
[2025-04-02T19:16:12.287+0000] {docker.py:73} INFO - 1    London      GB  ...            clear sky  2025-04-02T19:16:12
[2025-04-02T19:16:12.288+0000] {docker.py:73} INFO - 2  New York      US  ...            clear sky  2025-04-02T19:16:12
[2025-04-02T19:16:12.288+0000] {docker.py:73} INFO - 3    Berlin      DE  ...            clear sky  2025-04-02T19:16:12
[2025-04-02T19:16:12.288+0000] {docker.py:73} INFO - 4     Tokyo      JP  ...        broken clouds  2025-04-02T19:16:12
[2025-04-02T19:16:12.288+0000] {docker.py:73} INFO - 
[2025-04-02T19:16:12.289+0000] {docker.py:73} INFO - [5 rows x 7 columns]
[2025-04-02T19:16:12.742+0000] {taskinstance.py:341} INFO - ::group::Post task execution logs
[2025-04-02T19:16:12.743+0000] {taskinstance.py:353} INFO - Marking task as SUCCESS. dag_id=weather_data_collection, task_id=collect_weather_data, run_id=scheduled__2025-04-02T19:15:00+00:00, execution_date=20250402T191500, start_date=20250402T191609, end_date=20250402T191612
[2025-04-02T19:16:12.834+0000] {local_task_job_runner.py:266} INFO - Task exited with return code 0
[2025-04-02T19:16:12.870+0000] {taskinstance.py:3901} INFO - 1 downstream tasks scheduled from follow-on schedule check
[2025-04-02T19:16:12.872+0000] {local_task_job_runner.py:245} INFO - ::endgroup::
