[2025-03-26T18:05:12.172+0000] {local_task_job_runner.py:123} INFO - ::group::Pre task execution logs
[2025-03-26T18:05:12.188+0000] {taskinstance.py:2603} INFO - Dependencies all met for dep_context=non-requeueable deps ti=<TaskInstance: weather_data_collection.collect_weather_data scheduled__2025-03-26T18:04:00+00:00 [queued]>
[2025-03-26T18:05:12.198+0000] {taskinstance.py:2603} INFO - Dependencies all met for dep_context=requeueable deps ti=<TaskInstance: weather_data_collection.collect_weather_data scheduled__2025-03-26T18:04:00+00:00 [queued]>
[2025-03-26T18:05:12.198+0000] {taskinstance.py:2856} INFO - Starting attempt 1 of 2
[2025-03-26T18:05:12.228+0000] {taskinstance.py:2879} INFO - Executing <Task(DockerOperator): collect_weather_data> on 2025-03-26 18:04:00+00:00
[2025-03-26T18:05:12.235+0000] {standard_task_runner.py:72} INFO - Started process 20870 to run task
[2025-03-26T18:05:12.241+0000] {standard_task_runner.py:104} INFO - Running: ['airflow', 'tasks', 'run', 'weather_data_collection', 'collect_weather_data', 'scheduled__2025-03-26T18:04:00+00:00', '--job-id', '181', '--raw', '--subdir', 'DAGS_FOLDER/weather_dag.py', '--cfg-path', '/tmp/tmpwxpcn6yg']
[2025-03-26T18:05:12.243+0000] {standard_task_runner.py:105} INFO - Job 181: Subtask collect_weather_data
[2025-03-26T18:05:12.301+0000] {task_command.py:467} INFO - Running <TaskInstance: weather_data_collection.collect_weather_data scheduled__2025-03-26T18:04:00+00:00 [running]> on host ip-172-31-43-252.eu-west-1.compute.internal
[2025-03-26T18:05:12.407+0000] {taskinstance.py:3122} INFO - Exporting env vars: AIRFLOW_CTX_DAG_OWNER='airflow' AIRFLOW_CTX_DAG_ID='weather_data_collection' AIRFLOW_CTX_TASK_ID='collect_weather_data' AIRFLOW_CTX_EXECUTION_DATE='2025-03-26T18:04:00+00:00' AIRFLOW_CTX_TRY_NUMBER='1' AIRFLOW_CTX_DAG_RUN_ID='scheduled__2025-03-26T18:04:00+00:00'
[2025-03-26T18:05:12.407+0000] {taskinstance.py:731} INFO - ::endgroup::
[2025-03-26T18:05:12.466+0000] {docker.py:353} INFO - Starting docker container from image weather-collector:light
[2025-03-26T18:05:13.844+0000] {docker.py:73} INFO -   0%|          | 0/5 [00:00<?, ?it/s]
[2025-03-26T18:05:13.947+0000] {docker.py:73} INFO -  40%|████      | 2/5 [00:00<00:00, 19.55it/s]
[2025-03-26T18:05:14.145+0000] {docker.py:73} INFO -  80%|████████  | 4/5 [00:00<00:00, 12.58it/s]
[2025-03-26T18:05:14.343+0000] {docker.py:73} INFO - 100%|██████████| 5/5 [00:00<00:00, 10.03it/s]
[2025-03-26T18:05:14.345+0000] {docker.py:73} INFO -   0%|          | 0/5 [00:00<?, ?it/s]
[2025-03-26T18:05:14.347+0000] {docker.py:73} INFO - 100%|██████████| 5/5 [00:00<00:00, 2918.39it/s]
[2025-03-26T18:05:14.374+0000] {docker.py:73} INFO -        city country  ...  weather_description             datetime
[2025-03-26T18:05:14.375+0000] {docker.py:73} INFO - 0     Paris      FR  ...            clear sky  2025-03-26T18:05:14
[2025-03-26T18:05:14.376+0000] {docker.py:73} INFO - 1    London      GB  ...           few clouds  2025-03-26T18:05:14
[2025-03-26T18:05:14.376+0000] {docker.py:73} INFO - 2  New York      US  ...        broken clouds  2025-03-26T18:05:14
[2025-03-26T18:05:14.376+0000] {docker.py:73} INFO - 3    Berlin      DE  ...      overcast clouds  2025-03-26T18:05:14
[2025-03-26T18:05:14.377+0000] {docker.py:73} INFO - 4     Tokyo      JP  ...        broken clouds  2025-03-26T18:05:14
[2025-03-26T18:05:14.377+0000] {docker.py:73} INFO - 
[2025-03-26T18:05:14.377+0000] {docker.py:73} INFO - [5 rows x 7 columns]
[2025-03-26T18:05:14.824+0000] {taskinstance.py:340} INFO - ::group::Post task execution logs
[2025-03-26T18:05:14.825+0000] {taskinstance.py:352} INFO - Marking task as SUCCESS. dag_id=weather_data_collection, task_id=collect_weather_data, run_id=scheduled__2025-03-26T18:04:00+00:00, execution_date=20250326T180400, start_date=20250326T180512, end_date=20250326T180514
[2025-03-26T18:05:14.865+0000] {local_task_job_runner.py:261} INFO - Task exited with return code 0
[2025-03-26T18:05:14.900+0000] {taskinstance.py:3891} INFO - 1 downstream tasks scheduled from follow-on schedule check
[2025-03-26T18:05:14.908+0000] {local_task_job_runner.py:240} INFO - ::endgroup::
