[2025-04-02T17:19:20.133+0000] {local_task_job_runner.py:123} INFO - ::group::Pre task execution logs
[2025-04-02T17:19:20.165+0000] {taskinstance.py:2614} INFO - Dependencies all met for dep_context=non-requeueable deps ti=<TaskInstance: weather_data_collection.version_data scheduled__2025-04-02T17:18:00+00:00 [queued]>
[2025-04-02T17:19:20.180+0000] {taskinstance.py:2614} INFO - Dependencies all met for dep_context=requeueable deps ti=<TaskInstance: weather_data_collection.version_data scheduled__2025-04-02T17:18:00+00:00 [queued]>
[2025-04-02T17:19:20.181+0000] {taskinstance.py:2867} INFO - Starting attempt 1 of 2
[2025-04-02T17:19:20.197+0000] {taskinstance.py:2890} INFO - Executing <Task(PythonOperator): version_data> on 2025-04-02 17:18:00+00:00
[2025-04-02T17:19:20.208+0000] {standard_task_runner.py:104} INFO - Running: ['***', 'tasks', 'run', 'weather_data_collection', 'version_data', 'scheduled__2025-04-02T17:18:00+00:00', '--job-id', '6', '--raw', '--subdir', 'DAGS_FOLDER/weather_dag.py', '--cfg-path', '/tmp/tmpm8975gmq']
[2025-04-02T17:19:20.211+0000] {standard_task_runner.py:105} INFO - Job 6: Subtask version_data
[2025-04-02T17:19:20.212+0000] {logging_mixin.py:190} WARNING - /home/ubuntu/miniconda/envs/mlflow/lib/python3.12/site-packages/***/task/task_runner/standard_task_runner.py:70 DeprecationWarning: This process (pid=19291) is multi-threaded, use of fork() may lead to deadlocks in the child.
[2025-04-02T17:19:20.213+0000] {standard_task_runner.py:72} INFO - Started process 19297 to run task
[2025-04-02T17:19:20.286+0000] {task_command.py:467} INFO - Running <TaskInstance: weather_data_collection.version_data scheduled__2025-04-02T17:18:00+00:00 [running]> on host ip-172-31-19-13.eu-west-1.compute.internal
[2025-04-02T17:19:20.404+0000] {taskinstance.py:3134} INFO - Exporting env vars: AIRFLOW_CTX_DAG_OWNER='***' AIRFLOW_CTX_DAG_ID='weather_data_collection' AIRFLOW_CTX_TASK_ID='version_data' AIRFLOW_CTX_EXECUTION_DATE='2025-04-02T17:18:00+00:00' AIRFLOW_CTX_TRY_NUMBER='1' AIRFLOW_CTX_DAG_RUN_ID='scheduled__2025-04-02T17:18:00+00:00'
[2025-04-02T17:19:20.406+0000] {taskinstance.py:732} INFO - ::endgroup::
[2025-04-02T17:19:21.127+0000] {dvc_hook.py:51} INFO - DVC remotes: origin	https://dagshub.com/fbarulli/MLFlow.dvc

[2025-04-02T17:19:24.086+0000] {dvc_hook.py:67} INFO - DVC add output: 
[2025-04-02T17:19:26.826+0000] {dvc_hook.py:90} ERROR - DVC push error (attempt 1): 2025-04-02 17:19:26,513 ERROR: failed to transfer 'c9a5ada2f566f02aa6e2ec437c332a34' - 401, message='Unauthorized', url='https://dagshub.com/fbarulli/MLFlow.dvc/files/md5/c9/a5ada2f566f02aa6e2ec437c332a34'
Traceback (most recent call last):
  File "/home/ubuntu/miniconda/envs/mlflow/lib/python3.12/site-packages/dvc_objects/fs/generic.py", line 349, in transfer
    _try_links(
  File "/home/ubuntu/miniconda/envs/mlflow/lib/python3.12/site-packages/dvc_objects/fs/generic.py", line 281, in _try_links
    return copy(
           ^^^^^
  File "/home/ubuntu/miniconda/envs/mlflow/lib/python3.12/site-packages/dvc_objects/fs/generic.py", line 88, in copy
    return _put(
           ^^^^^
  File "/home/ubuntu/miniconda/envs/mlflow/lib/python3.12/site-packages/dvc_objects/fs/generic.py", line 161, in _put
    _put_one(from_paths[0], to_paths[0])
  File "/home/ubuntu/miniconda/envs/mlflow/lib/python3.12/site-packages/dvc_objects/fs/generic.py", line 151, in _put_one
    return to_fs.put_file(
           ^^^^^^^^^^^^^^^
  File "/home/ubuntu/miniconda/envs/mlflow/lib/python3.12/site-packages/dvc_objects/fs/base.py", line 635, in put_file
    self.fs.put_file(os.fspath(from_file), to_info, callback=callback, **kwargs)
  File "/home/ubuntu/miniconda/envs/mlflow/lib/python3.12/site-packages/fsspec/asyn.py", line 118, in wrapper
    return sync(self.loop, func, *args, **kwargs)
           ^^^^^^^^^^^^^^^^^^^^^^^^^^^^^^^^^^^^^^
  File "/home/ubuntu/miniconda/envs/mlflow/lib/python3.12/site-packages/fsspec/asyn.py", line 103, in sync
    raise return_result
  File "/home/ubuntu/miniconda/envs/mlflow/lib/python3.12/site-packages/fsspec/asyn.py", line 56, in _runner
    result[0] = await coro
                ^^^^^^^^^^
  File "/home/ubuntu/miniconda/envs/mlflow/lib/python3.12/site-packages/dvc_http/spec.py", line 11, in _put_file
    return await super()._put_file(*args, **kwargs)
           ^^^^^^^^^^^^^^^^^^^^^^^^^^^^^^^^^^^^^^^^
  File "/home/ubuntu/miniconda/envs/mlflow/lib/python3.12/site-packages/fsspec/implementations/http.py", line 317, in _put_file
    self._raise_not_found_for_status(resp, rpath)
  File "/home/ubuntu/miniconda/envs/mlflow/lib/python3.12/site-packages/fsspec/implementations/http.py", line 219, in _raise_not_found_for_status
    response.raise_for_status()
  File "/home/ubuntu/miniconda/envs/mlflow/lib/python3.12/site-packages/aiohttp/client_reqrep.py", line 1161, in raise_for_status
    raise ClientResponseError(
aiohttp.client_exceptions.ClientResponseError: 401, message='Unauthorized', url='https://dagshub.com/fbarulli/MLFlow.dvc/files/md5/c9/a5ada2f566f02aa6e2ec437c332a34'

2025-04-02 17:19:26,527 ERROR: failed to push data to the cloud - 2 files failed to upload
Traceback (most recent call last):
  File "/home/ubuntu/miniconda/envs/mlflow/lib/python3.12/site-packages/dvc/commands/data_sync.py", line 64, in run
    processed_files_count = self.repo.push(
                            ^^^^^^^^^^^^^^^
  File "/home/ubuntu/miniconda/envs/mlflow/lib/python3.12/site-packages/dvc/repo/__init__.py", line 58, in wrapper
    return f(repo, *args, **kwargs)
           ^^^^^^^^^^^^^^^^^^^^^^^^
  File "/home/ubuntu/miniconda/envs/mlflow/lib/python3.12/site-packages/dvc/repo/push.py", line 174, in push
    raise UploadError(failed_count)
dvc.exceptions.UploadError: 2 files failed to upload


[2025-04-02T17:19:34.306+0000] {dvc_hook.py:90} ERROR - DVC push error (attempt 2): 2025-04-02 17:19:33,972 ERROR: failed to transfer 'c9a5ada2f566f02aa6e2ec437c332a34' - 401, message='Unauthorized', url='https://dagshub.com/fbarulli/MLFlow.dvc/files/md5/c9/a5ada2f566f02aa6e2ec437c332a34'
Traceback (most recent call last):
  File "/home/ubuntu/miniconda/envs/mlflow/lib/python3.12/site-packages/dvc_objects/fs/generic.py", line 349, in transfer
    _try_links(
  File "/home/ubuntu/miniconda/envs/mlflow/lib/python3.12/site-packages/dvc_objects/fs/generic.py", line 281, in _try_links
    return copy(
           ^^^^^
  File "/home/ubuntu/miniconda/envs/mlflow/lib/python3.12/site-packages/dvc_objects/fs/generic.py", line 88, in copy
    return _put(
           ^^^^^
  File "/home/ubuntu/miniconda/envs/mlflow/lib/python3.12/site-packages/dvc_objects/fs/generic.py", line 161, in _put
    _put_one(from_paths[0], to_paths[0])
  File "/home/ubuntu/miniconda/envs/mlflow/lib/python3.12/site-packages/dvc_objects/fs/generic.py", line 151, in _put_one
    return to_fs.put_file(
           ^^^^^^^^^^^^^^^
  File "/home/ubuntu/miniconda/envs/mlflow/lib/python3.12/site-packages/dvc_objects/fs/base.py", line 635, in put_file
    self.fs.put_file(os.fspath(from_file), to_info, callback=callback, **kwargs)
  File "/home/ubuntu/miniconda/envs/mlflow/lib/python3.12/site-packages/fsspec/asyn.py", line 118, in wrapper
    return sync(self.loop, func, *args, **kwargs)
           ^^^^^^^^^^^^^^^^^^^^^^^^^^^^^^^^^^^^^^
  File "/home/ubuntu/miniconda/envs/mlflow/lib/python3.12/site-packages/fsspec/asyn.py", line 103, in sync
    raise return_result
  File "/home/ubuntu/miniconda/envs/mlflow/lib/python3.12/site-packages/fsspec/asyn.py", line 56, in _runner
    result[0] = await coro
                ^^^^^^^^^^
  File "/home/ubuntu/miniconda/envs/mlflow/lib/python3.12/site-packages/dvc_http/spec.py", line 11, in _put_file
    return await super()._put_file(*args, **kwargs)
           ^^^^^^^^^^^^^^^^^^^^^^^^^^^^^^^^^^^^^^^^
  File "/home/ubuntu/miniconda/envs/mlflow/lib/python3.12/site-packages/fsspec/implementations/http.py", line 317, in _put_file
    self._raise_not_found_for_status(resp, rpath)
  File "/home/ubuntu/miniconda/envs/mlflow/lib/python3.12/site-packages/fsspec/implementations/http.py", line 219, in _raise_not_found_for_status
    response.raise_for_status()
  File "/home/ubuntu/miniconda/envs/mlflow/lib/python3.12/site-packages/aiohttp/client_reqrep.py", line 1161, in raise_for_status
    raise ClientResponseError(
aiohttp.client_exceptions.ClientResponseError: 401, message='Unauthorized', url='https://dagshub.com/fbarulli/MLFlow.dvc/files/md5/c9/a5ada2f566f02aa6e2ec437c332a34'

2025-04-02 17:19:33,985 ERROR: failed to push data to the cloud - 2 files failed to upload
Traceback (most recent call last):
  File "/home/ubuntu/miniconda/envs/mlflow/lib/python3.12/site-packages/dvc/commands/data_sync.py", line 64, in run
    processed_files_count = self.repo.push(
                            ^^^^^^^^^^^^^^^
  File "/home/ubuntu/miniconda/envs/mlflow/lib/python3.12/site-packages/dvc/repo/__init__.py", line 58, in wrapper
    return f(repo, *args, **kwargs)
           ^^^^^^^^^^^^^^^^^^^^^^^^
  File "/home/ubuntu/miniconda/envs/mlflow/lib/python3.12/site-packages/dvc/repo/push.py", line 174, in push
    raise UploadError(failed_count)
dvc.exceptions.UploadError: 2 files failed to upload


[2025-04-02T17:19:41.988+0000] {dvc_hook.py:90} ERROR - DVC push error (attempt 3): 2025-04-02 17:19:41,644 ERROR: failed to transfer 'c9a5ada2f566f02aa6e2ec437c332a34' - 401, message='Unauthorized', url='https://dagshub.com/fbarulli/MLFlow.dvc/files/md5/c9/a5ada2f566f02aa6e2ec437c332a34'
Traceback (most recent call last):
  File "/home/ubuntu/miniconda/envs/mlflow/lib/python3.12/site-packages/dvc_objects/fs/generic.py", line 349, in transfer
    _try_links(
  File "/home/ubuntu/miniconda/envs/mlflow/lib/python3.12/site-packages/dvc_objects/fs/generic.py", line 281, in _try_links
    return copy(
           ^^^^^
  File "/home/ubuntu/miniconda/envs/mlflow/lib/python3.12/site-packages/dvc_objects/fs/generic.py", line 88, in copy
    return _put(
           ^^^^^
  File "/home/ubuntu/miniconda/envs/mlflow/lib/python3.12/site-packages/dvc_objects/fs/generic.py", line 161, in _put
    _put_one(from_paths[0], to_paths[0])
  File "/home/ubuntu/miniconda/envs/mlflow/lib/python3.12/site-packages/dvc_objects/fs/generic.py", line 151, in _put_one
    return to_fs.put_file(
           ^^^^^^^^^^^^^^^
  File "/home/ubuntu/miniconda/envs/mlflow/lib/python3.12/site-packages/dvc_objects/fs/base.py", line 635, in put_file
    self.fs.put_file(os.fspath(from_file), to_info, callback=callback, **kwargs)
  File "/home/ubuntu/miniconda/envs/mlflow/lib/python3.12/site-packages/fsspec/asyn.py", line 118, in wrapper
    return sync(self.loop, func, *args, **kwargs)
           ^^^^^^^^^^^^^^^^^^^^^^^^^^^^^^^^^^^^^^
  File "/home/ubuntu/miniconda/envs/mlflow/lib/python3.12/site-packages/fsspec/asyn.py", line 103, in sync
    raise return_result
  File "/home/ubuntu/miniconda/envs/mlflow/lib/python3.12/site-packages/fsspec/asyn.py", line 56, in _runner
    result[0] = await coro
                ^^^^^^^^^^
  File "/home/ubuntu/miniconda/envs/mlflow/lib/python3.12/site-packages/dvc_http/spec.py", line 11, in _put_file
    return await super()._put_file(*args, **kwargs)
           ^^^^^^^^^^^^^^^^^^^^^^^^^^^^^^^^^^^^^^^^
  File "/home/ubuntu/miniconda/envs/mlflow/lib/python3.12/site-packages/fsspec/implementations/http.py", line 317, in _put_file
    self._raise_not_found_for_status(resp, rpath)
  File "/home/ubuntu/miniconda/envs/mlflow/lib/python3.12/site-packages/fsspec/implementations/http.py", line 219, in _raise_not_found_for_status
    response.raise_for_status()
  File "/home/ubuntu/miniconda/envs/mlflow/lib/python3.12/site-packages/aiohttp/client_reqrep.py", line 1161, in raise_for_status
    raise ClientResponseError(
aiohttp.client_exceptions.ClientResponseError: 401, message='Unauthorized', url='https://dagshub.com/fbarulli/MLFlow.dvc/files/md5/c9/a5ada2f566f02aa6e2ec437c332a34'

2025-04-02 17:19:41,665 ERROR: failed to push data to the cloud - 2 files failed to upload
Traceback (most recent call last):
  File "/home/ubuntu/miniconda/envs/mlflow/lib/python3.12/site-packages/dvc/commands/data_sync.py", line 64, in run
    processed_files_count = self.repo.push(
                            ^^^^^^^^^^^^^^^
  File "/home/ubuntu/miniconda/envs/mlflow/lib/python3.12/site-packages/dvc/repo/__init__.py", line 58, in wrapper
    return f(repo, *args, **kwargs)
           ^^^^^^^^^^^^^^^^^^^^^^^^
  File "/home/ubuntu/miniconda/envs/mlflow/lib/python3.12/site-packages/dvc/repo/push.py", line 174, in push
    raise UploadError(failed_count)
dvc.exceptions.UploadError: 2 files failed to upload


[2025-04-02T17:19:41.989+0000] {taskinstance.py:3313} ERROR - Task failed with exception
Traceback (most recent call last):
  File "/home/ubuntu/miniconda/envs/mlflow/lib/python3.12/site-packages/airflow/models/taskinstance.py", line 768, in _execute_task
    result = _execute_callable(context=context, **execute_callable_kwargs)
             ^^^^^^^^^^^^^^^^^^^^^^^^^^^^^^^^^^^^^^^^^^^^^^^^^^^^^^^^^^^^^
  File "/home/ubuntu/miniconda/envs/mlflow/lib/python3.12/site-packages/airflow/models/taskinstance.py", line 734, in _execute_callable
    return ExecutionCallableRunner(
           ^^^^^^^^^^^^^^^^^^^^^^^^
  File "/home/ubuntu/miniconda/envs/mlflow/lib/python3.12/site-packages/airflow/utils/operator_helpers.py", line 252, in run
    return self.func(*args, **kwargs)
           ^^^^^^^^^^^^^^^^^^^^^^^^^^
  File "/home/ubuntu/miniconda/envs/mlflow/lib/python3.12/site-packages/airflow/models/baseoperator.py", line 424, in wrapper
    return func(self, *args, **kwargs)
           ^^^^^^^^^^^^^^^^^^^^^^^^^^^
  File "/home/ubuntu/miniconda/envs/mlflow/lib/python3.12/site-packages/airflow/operators/python.py", line 238, in execute
    return_value = self.execute_callable()
                   ^^^^^^^^^^^^^^^^^^^^^^^
  File "/home/ubuntu/miniconda/envs/mlflow/lib/python3.12/site-packages/airflow/operators/python.py", line 256, in execute_callable
    return runner.run(*self.op_args, **self.op_kwargs)
           ^^^^^^^^^^^^^^^^^^^^^^^^^^^^^^^^^^^^^^^^^^^
  File "/home/ubuntu/miniconda/envs/mlflow/lib/python3.12/site-packages/airflow/utils/operator_helpers.py", line 252, in run
    return self.func(*args, **kwargs)
           ^^^^^^^^^^^^^^^^^^^^^^^^^^
  File "/home/ubuntu/MLFlow/dags/weather_dag.py", line 31, in version_weather_data
    hook.add_and_push(
  File "/home/ubuntu/MLFlow/dags/airflow_custom_hooks/dvc_hook.py", line 78, in add_and_push
    result = subprocess.run(
             ^^^^^^^^^^^^^^^
  File "/home/ubuntu/miniconda/envs/mlflow/lib/python3.12/subprocess.py", line 573, in run
    raise CalledProcessError(retcode, process.args,
subprocess.CalledProcessError: Command '['dvc', 'push', '-v']' returned non-zero exit status 1.
[2025-04-02T17:19:42.015+0000] {taskinstance.py:1226} INFO - Marking task as UP_FOR_RETRY. dag_id=weather_data_collection, task_id=version_data, run_id=scheduled__2025-04-02T17:18:00+00:00, execution_date=20250402T171800, start_date=20250402T171920, end_date=20250402T171942
[2025-04-02T17:19:42.092+0000] {taskinstance.py:341} INFO - ::group::Post task execution logs
[2025-04-02T17:19:42.092+0000] {standard_task_runner.py:124} ERROR - Failed to execute job 6 for task version_data (Command '['dvc', 'push', '-v']' returned non-zero exit status 1.; 19297)
Traceback (most recent call last):
  File "/home/ubuntu/miniconda/envs/mlflow/lib/python3.12/site-packages/airflow/task/task_runner/standard_task_runner.py", line 117, in _start_by_fork
    ret = args.func(args, dag=self.dag)
          ^^^^^^^^^^^^^^^^^^^^^^^^^^^^^
  File "/home/ubuntu/miniconda/envs/mlflow/lib/python3.12/site-packages/airflow/cli/cli_config.py", line 49, in command
    return func(*args, **kwargs)
           ^^^^^^^^^^^^^^^^^^^^^
  File "/home/ubuntu/miniconda/envs/mlflow/lib/python3.12/site-packages/airflow/utils/cli.py", line 116, in wrapper
    return f(*args, **kwargs)
           ^^^^^^^^^^^^^^^^^^
  File "/home/ubuntu/miniconda/envs/mlflow/lib/python3.12/site-packages/airflow/cli/commands/task_command.py", line 483, in task_run
    task_return_code = _run_task_by_selected_method(args, _dag, ti)
                       ^^^^^^^^^^^^^^^^^^^^^^^^^^^^^^^^^^^^^^^^^^^^
  File "/home/ubuntu/miniconda/envs/mlflow/lib/python3.12/site-packages/airflow/cli/commands/task_command.py", line 256, in _run_task_by_selected_method
    return _run_raw_task(args, ti)
           ^^^^^^^^^^^^^^^^^^^^^^^
  File "/home/ubuntu/miniconda/envs/mlflow/lib/python3.12/site-packages/airflow/cli/commands/task_command.py", line 341, in _run_raw_task
    return ti._run_raw_task(
           ^^^^^^^^^^^^^^^^^
  File "/home/ubuntu/miniconda/envs/mlflow/lib/python3.12/site-packages/airflow/utils/session.py", line 97, in wrapper
    return func(*args, session=session, **kwargs)
           ^^^^^^^^^^^^^^^^^^^^^^^^^^^^^^^^^^^^^^
  File "/home/ubuntu/miniconda/envs/mlflow/lib/python3.12/site-packages/airflow/models/taskinstance.py", line 3006, in _run_raw_task
    return _run_raw_task(
           ^^^^^^^^^^^^^^
  File "/home/ubuntu/miniconda/envs/mlflow/lib/python3.12/site-packages/airflow/models/taskinstance.py", line 274, in _run_raw_task
    TaskInstance._execute_task_with_callbacks(
  File "/home/ubuntu/miniconda/envs/mlflow/lib/python3.12/site-packages/airflow/models/taskinstance.py", line 3161, in _execute_task_with_callbacks
    result = self._execute_task(context, task_orig)
             ^^^^^^^^^^^^^^^^^^^^^^^^^^^^^^^^^^^^^^
  File "/home/ubuntu/miniconda/envs/mlflow/lib/python3.12/site-packages/airflow/models/taskinstance.py", line 3185, in _execute_task
    return _execute_task(self, context, task_orig)
           ^^^^^^^^^^^^^^^^^^^^^^^^^^^^^^^^^^^^^^^
  File "/home/ubuntu/miniconda/envs/mlflow/lib/python3.12/site-packages/airflow/models/taskinstance.py", line 768, in _execute_task
    result = _execute_callable(context=context, **execute_callable_kwargs)
             ^^^^^^^^^^^^^^^^^^^^^^^^^^^^^^^^^^^^^^^^^^^^^^^^^^^^^^^^^^^^^
  File "/home/ubuntu/miniconda/envs/mlflow/lib/python3.12/site-packages/airflow/models/taskinstance.py", line 734, in _execute_callable
    return ExecutionCallableRunner(
           ^^^^^^^^^^^^^^^^^^^^^^^^
  File "/home/ubuntu/miniconda/envs/mlflow/lib/python3.12/site-packages/airflow/utils/operator_helpers.py", line 252, in run
    return self.func(*args, **kwargs)
           ^^^^^^^^^^^^^^^^^^^^^^^^^^
  File "/home/ubuntu/miniconda/envs/mlflow/lib/python3.12/site-packages/airflow/models/baseoperator.py", line 424, in wrapper
    return func(self, *args, **kwargs)
           ^^^^^^^^^^^^^^^^^^^^^^^^^^^
  File "/home/ubuntu/miniconda/envs/mlflow/lib/python3.12/site-packages/airflow/operators/python.py", line 238, in execute
    return_value = self.execute_callable()
                   ^^^^^^^^^^^^^^^^^^^^^^^
  File "/home/ubuntu/miniconda/envs/mlflow/lib/python3.12/site-packages/airflow/operators/python.py", line 256, in execute_callable
    return runner.run(*self.op_args, **self.op_kwargs)
           ^^^^^^^^^^^^^^^^^^^^^^^^^^^^^^^^^^^^^^^^^^^
  File "/home/ubuntu/miniconda/envs/mlflow/lib/python3.12/site-packages/airflow/utils/operator_helpers.py", line 252, in run
    return self.func(*args, **kwargs)
           ^^^^^^^^^^^^^^^^^^^^^^^^^^
  File "/home/ubuntu/MLFlow/dags/weather_dag.py", line 31, in version_weather_data
    hook.add_and_push(
  File "/home/ubuntu/MLFlow/dags/airflow_custom_hooks/dvc_hook.py", line 78, in add_and_push
    result = subprocess.run(
             ^^^^^^^^^^^^^^^
  File "/home/ubuntu/miniconda/envs/mlflow/lib/python3.12/subprocess.py", line 573, in run
    raise CalledProcessError(retcode, process.args,
subprocess.CalledProcessError: Command '['dvc', 'push', '-v']' returned non-zero exit status 1.
[2025-04-02T17:19:42.141+0000] {local_task_job_runner.py:266} INFO - Task exited with return code 1
[2025-04-02T17:19:42.185+0000] {taskinstance.py:3901} INFO - 0 downstream tasks scheduled from follow-on schedule check
[2025-04-02T17:19:42.193+0000] {local_task_job_runner.py:245} INFO - ::endgroup::
