[2025-03-25T12:46:14.460+0000] {manager.py:483} INFO - Processing files using up to 1 processes at a time 
[2025-03-25T12:46:14.460+0000] {manager.py:484} INFO - Process each file at most once every 30 seconds
[2025-03-25T12:46:14.460+0000] {manager.py:485} INFO - Checking for new files in /home/ubuntu/MLFlow/dags every 300 seconds
[2025-03-25T12:46:14.461+0000] {manager.py:821} INFO - Searching for files in /home/ubuntu/MLFlow/dags
[2025-03-25T12:46:14.462+0000] {manager.py:824} INFO - There are 1 files in /home/ubuntu/MLFlow/dags
[2025-03-25T12:46:15.058+0000] {manager.py:997} INFO - 
================================================================================
DAG File Processing Stats

File Path                                PID    Runtime      # DAGs    # Errors  Last Runtime    Last Run               Last # of DB Queries
---------------------------------------  -----  ---------  --------  ----------  --------------  -------------------  ----------------------
/home/ubuntu/MLFlow/dags/weather_dag.py                           1           0  0.52s           2025-03-25T12:46:15                      42
================================================================================
[2025-03-25T12:46:46.183+0000] {manager.py:997} INFO - 
================================================================================
DAG File Processing Stats

File Path                                PID    Runtime      # DAGs    # Errors  Last Runtime    Last Run               Last # of DB Queries
---------------------------------------  -----  ---------  --------  ----------  --------------  -------------------  ----------------------
/home/ubuntu/MLFlow/dags/weather_dag.py                           1           0  0.20s           2025-03-25T12:46:46                      12
================================================================================
[2025-03-25T12:47:16.486+0000] {manager.py:997} INFO - 
================================================================================
DAG File Processing Stats

File Path                                PID    Runtime      # DAGs    # Errors  Last Runtime    Last Run               Last # of DB Queries
---------------------------------------  -----  ---------  --------  ----------  --------------  -------------------  ----------------------
/home/ubuntu/MLFlow/dags/weather_dag.py                           1           0  0.21s           2025-03-25T12:47:16                      12
================================================================================
[2025-03-25T12:47:46.666+0000] {manager.py:997} INFO - 
================================================================================
DAG File Processing Stats

File Path                                PID    Runtime      # DAGs    # Errors  Last Runtime    Last Run               Last # of DB Queries
---------------------------------------  -----  ---------  --------  ----------  --------------  -------------------  ----------------------
/home/ubuntu/MLFlow/dags/weather_dag.py                           1           0  0.11s           2025-03-25T12:47:46                      12
================================================================================
[2025-03-25T12:48:17.048+0000] {manager.py:997} INFO - 
================================================================================
DAG File Processing Stats

File Path                                PID    Runtime      # DAGs    # Errors  Last Runtime    Last Run               Last # of DB Queries
---------------------------------------  -----  ---------  --------  ----------  --------------  -------------------  ----------------------
/home/ubuntu/MLFlow/dags/weather_dag.py                           1           0  0.20s           2025-03-25T12:48:17                      12
================================================================================
[2025-03-25T12:48:47.235+0000] {manager.py:997} INFO - 
================================================================================
DAG File Processing Stats

File Path                                PID    Runtime      # DAGs    # Errors  Last Runtime    Last Run               Last # of DB Queries
---------------------------------------  -----  ---------  --------  ----------  --------------  -------------------  ----------------------
/home/ubuntu/MLFlow/dags/weather_dag.py                           1           0  0.10s           2025-03-25T12:48:47                      12
================================================================================
[2025-03-25T12:49:17.620+0000] {manager.py:997} INFO - 
================================================================================
DAG File Processing Stats

File Path                                PID    Runtime      # DAGs    # Errors  Last Runtime    Last Run               Last # of DB Queries
---------------------------------------  -----  ---------  --------  ----------  --------------  -------------------  ----------------------
/home/ubuntu/MLFlow/dags/weather_dag.py                           1           0  0.20s           2025-03-25T12:49:17                      12
================================================================================
[2025-03-25T12:49:47.909+0000] {manager.py:997} INFO - 
================================================================================
DAG File Processing Stats

File Path                                PID    Runtime      # DAGs    # Errors  Last Runtime    Last Run               Last # of DB Queries
---------------------------------------  -----  ---------  --------  ----------  --------------  -------------------  ----------------------
/home/ubuntu/MLFlow/dags/weather_dag.py                           1           0  0.20s           2025-03-25T12:49:47                      12
================================================================================
[2025-03-25T12:50:18.080+0000] {manager.py:997} INFO - 
================================================================================
DAG File Processing Stats

File Path                                PID    Runtime      # DAGs    # Errors  Last Runtime    Last Run               Last # of DB Queries
---------------------------------------  -----  ---------  --------  ----------  --------------  -------------------  ----------------------
/home/ubuntu/MLFlow/dags/weather_dag.py                           1           0  0.11s           2025-03-25T12:50:18                      12
================================================================================
[2025-03-25T12:50:48.352+0000] {manager.py:997} INFO - 
================================================================================
DAG File Processing Stats

File Path                                PID    Runtime      # DAGs    # Errors  Last Runtime    Last Run               Last # of DB Queries
---------------------------------------  -----  ---------  --------  ----------  --------------  -------------------  ----------------------
/home/ubuntu/MLFlow/dags/weather_dag.py                           1           0  0.10s           2025-03-25T12:50:48                      12
================================================================================
[2025-03-25T12:51:14.587+0000] {manager.py:821} INFO - Searching for files in /home/ubuntu/MLFlow/dags
[2025-03-25T12:51:14.589+0000] {manager.py:824} INFO - There are 1 files in /home/ubuntu/MLFlow/dags
[2025-03-25T12:51:18.640+0000] {manager.py:997} INFO - 
================================================================================
DAG File Processing Stats

File Path                                PID    Runtime      # DAGs    # Errors  Last Runtime    Last Run               Last # of DB Queries
---------------------------------------  -----  ---------  --------  ----------  --------------  -------------------  ----------------------
/home/ubuntu/MLFlow/dags/weather_dag.py                           1           0  0.10s           2025-03-25T12:51:18                      12
================================================================================
[2025-03-25T12:51:48.926+0000] {manager.py:997} INFO - 
================================================================================
DAG File Processing Stats

File Path                                PID    Runtime      # DAGs    # Errors  Last Runtime    Last Run               Last # of DB Queries
---------------------------------------  -----  ---------  --------  ----------  --------------  -------------------  ----------------------
/home/ubuntu/MLFlow/dags/weather_dag.py                           1           0  0.10s           2025-03-25T12:51:48                      12
================================================================================
[2025-03-25T12:52:19.224+0000] {manager.py:997} INFO - 
================================================================================
DAG File Processing Stats

File Path                                PID    Runtime      # DAGs    # Errors  Last Runtime    Last Run               Last # of DB Queries
---------------------------------------  -----  ---------  --------  ----------  --------------  -------------------  ----------------------
/home/ubuntu/MLFlow/dags/weather_dag.py                           1           0  0.11s           2025-03-25T12:52:19                      12
================================================================================
[2025-03-25T12:52:49.490+0000] {manager.py:997} INFO - 
================================================================================
DAG File Processing Stats

File Path                                PID    Runtime      # DAGs    # Errors  Last Runtime    Last Run               Last # of DB Queries
---------------------------------------  -----  ---------  --------  ----------  --------------  -------------------  ----------------------
/home/ubuntu/MLFlow/dags/weather_dag.py                           1           0  0.10s           2025-03-25T12:52:49                      12
================================================================================
[2025-03-25T12:53:19.772+0000] {manager.py:997} INFO - 
================================================================================
DAG File Processing Stats

File Path                                PID    Runtime      # DAGs    # Errors  Last Runtime    Last Run               Last # of DB Queries
---------------------------------------  -----  ---------  --------  ----------  --------------  -------------------  ----------------------
/home/ubuntu/MLFlow/dags/weather_dag.py                           1           0  0.10s           2025-03-25T12:53:19                      12
================================================================================
[2025-03-25T12:53:50.052+0000] {manager.py:997} INFO - 
================================================================================
DAG File Processing Stats

File Path                                PID    Runtime      # DAGs    # Errors  Last Runtime    Last Run               Last # of DB Queries
---------------------------------------  -----  ---------  --------  ----------  --------------  -------------------  ----------------------
/home/ubuntu/MLFlow/dags/weather_dag.py                           1           0  0.10s           2025-03-25T12:53:50                      12
================================================================================
[2025-03-25T12:54:04.254+0000] {manager.py:483} INFO - Processing files using up to 1 processes at a time 
[2025-03-25T12:54:04.255+0000] {manager.py:484} INFO - Process each file at most once every 30 seconds
[2025-03-25T12:54:04.255+0000] {manager.py:485} INFO - Checking for new files in /home/ubuntu/MLFlow/dags every 300 seconds
[2025-03-25T12:54:04.256+0000] {manager.py:821} INFO - Searching for files in /home/ubuntu/MLFlow/dags
[2025-03-25T12:54:04.257+0000] {manager.py:824} INFO - There are 1 files in /home/ubuntu/MLFlow/dags
[2025-03-25T12:54:04.427+0000] {manager.py:997} INFO - 
================================================================================
DAG File Processing Stats

File Path                                PID    Runtime      # DAGs    # Errors  Last Runtime    Last Run               Last # of DB Queries
---------------------------------------  -----  ---------  --------  ----------  --------------  -------------------  ----------------------
/home/ubuntu/MLFlow/dags/weather_dag.py                           1           0  0.10s           2025-03-25T12:54:04                      12
================================================================================
[2025-03-25T12:54:20.345+0000] {manager.py:997} INFO - 
================================================================================
DAG File Processing Stats

File Path                                PID    Runtime      # DAGs    # Errors  Last Runtime    Last Run               Last # of DB Queries
---------------------------------------  -----  ---------  --------  ----------  --------------  -------------------  ----------------------
/home/ubuntu/MLFlow/dags/weather_dag.py                           1           0  0.11s           2025-03-25T12:54:20                      12
================================================================================
[2025-03-25T12:54:34.687+0000] {manager.py:997} INFO - 
================================================================================
DAG File Processing Stats

File Path                                PID    Runtime      # DAGs    # Errors  Last Runtime    Last Run               Last # of DB Queries
---------------------------------------  -----  ---------  --------  ----------  --------------  -------------------  ----------------------
/home/ubuntu/MLFlow/dags/weather_dag.py                           1           0  0.20s           2025-03-25T12:54:34                      12
================================================================================
[2025-03-25T12:54:50.636+0000] {manager.py:997} INFO - 
================================================================================
DAG File Processing Stats

File Path                                PID    Runtime      # DAGs    # Errors  Last Runtime    Last Run               Last # of DB Queries
---------------------------------------  -----  ---------  --------  ----------  --------------  -------------------  ----------------------
/home/ubuntu/MLFlow/dags/weather_dag.py                           1           0  0.10s           2025-03-25T12:54:50                      12
================================================================================
[2025-03-25T12:55:05.065+0000] {manager.py:997} INFO - 
================================================================================
DAG File Processing Stats

File Path                                PID    Runtime      # DAGs    # Errors  Last Runtime    Last Run               Last # of DB Queries
---------------------------------------  -----  ---------  --------  ----------  --------------  -------------------  ----------------------
/home/ubuntu/MLFlow/dags/weather_dag.py                           1           0  0.11s           2025-03-25T12:55:05                      12
================================================================================
[2025-03-25T12:55:21.047+0000] {manager.py:997} INFO - 
================================================================================
DAG File Processing Stats

File Path                                PID    Runtime      # DAGs    # Errors  Last Runtime    Last Run               Last # of DB Queries
---------------------------------------  -----  ---------  --------  ----------  --------------  -------------------  ----------------------
/home/ubuntu/MLFlow/dags/weather_dag.py                           1           0  0.20s           2025-03-25T12:55:21                      12
================================================================================
[2025-03-25T12:55:35.743+0000] {manager.py:997} INFO - 
================================================================================
DAG File Processing Stats

File Path                                PID    Runtime      # DAGs    # Errors  Last Runtime    Last Run               Last # of DB Queries
---------------------------------------  -----  ---------  --------  ----------  --------------  -------------------  ----------------------
/home/ubuntu/MLFlow/dags/weather_dag.py                           1           0  0.20s           2025-03-25T12:55:35                      12
================================================================================
[2025-03-25T12:55:51.329+0000] {manager.py:997} INFO - 
================================================================================
DAG File Processing Stats

File Path                                PID    Runtime      # DAGs    # Errors  Last Runtime    Last Run               Last # of DB Queries
---------------------------------------  -----  ---------  --------  ----------  --------------  -------------------  ----------------------
/home/ubuntu/MLFlow/dags/weather_dag.py                           1           0  0.20s           2025-03-25T12:55:51                      12
================================================================================
[2025-03-25T12:56:06.961+0000] {manager.py:997} INFO - 
================================================================================
DAG File Processing Stats

File Path                                PID    Runtime      # DAGs    # Errors  Last Runtime    Last Run               Last # of DB Queries
---------------------------------------  -----  ---------  --------  ----------  --------------  -------------------  ----------------------
/home/ubuntu/MLFlow/dags/weather_dag.py                           1           0  0.20s           2025-03-25T12:56:06                      12
================================================================================
[2025-03-25T12:56:14.590+0000] {manager.py:821} INFO - Searching for files in /home/ubuntu/MLFlow/dags
[2025-03-25T12:56:14.591+0000] {manager.py:824} INFO - There are 1 files in /home/ubuntu/MLFlow/dags
[2025-03-25T12:56:22.004+0000] {manager.py:997} INFO - 
================================================================================
DAG File Processing Stats

File Path                                PID    Runtime      # DAGs    # Errors  Last Runtime    Last Run               Last # of DB Queries
---------------------------------------  -----  ---------  --------  ----------  --------------  -------------------  ----------------------
/home/ubuntu/MLFlow/dags/weather_dag.py                           1           0  0.11s           2025-03-25T12:56:22                      12
================================================================================
[2025-03-25T12:56:37.111+0000] {manager.py:997} INFO - 
================================================================================
DAG File Processing Stats

File Path                                PID    Runtime      # DAGs    # Errors  Last Runtime    Last Run               Last # of DB Queries
---------------------------------------  -----  ---------  --------  ----------  --------------  -------------------  ----------------------
/home/ubuntu/MLFlow/dags/weather_dag.py                           1           0  0.11s           2025-03-25T12:56:37                      12
================================================================================
[2025-03-25T12:56:52.555+0000] {manager.py:997} INFO - 
================================================================================
DAG File Processing Stats

File Path                                PID    Runtime      # DAGs    # Errors  Last Runtime    Last Run               Last # of DB Queries
---------------------------------------  -----  ---------  --------  ----------  --------------  -------------------  ----------------------
/home/ubuntu/MLFlow/dags/weather_dag.py                           1           0  0.30s           2025-03-25T12:56:52                      12
================================================================================
[2025-03-25T12:57:07.521+0000] {manager.py:997} INFO - 
================================================================================
DAG File Processing Stats

File Path                                PID    Runtime      # DAGs    # Errors  Last Runtime    Last Run               Last # of DB Queries
---------------------------------------  -----  ---------  --------  ----------  --------------  -------------------  ----------------------
/home/ubuntu/MLFlow/dags/weather_dag.py                           1           0  0.20s           2025-03-25T12:57:07                      12
================================================================================
[2025-03-25T12:57:23.150+0000] {manager.py:997} INFO - 
================================================================================
DAG File Processing Stats

File Path                                PID    Runtime      # DAGs    # Errors  Last Runtime    Last Run               Last # of DB Queries
---------------------------------------  -----  ---------  --------  ----------  --------------  -------------------  ----------------------
/home/ubuntu/MLFlow/dags/weather_dag.py                           1           0  0.30s           2025-03-25T12:57:23                      12
================================================================================
[2025-03-25T12:57:37.816+0000] {manager.py:997} INFO - 
================================================================================
DAG File Processing Stats

File Path                                PID    Runtime      # DAGs    # Errors  Last Runtime    Last Run               Last # of DB Queries
---------------------------------------  -----  ---------  --------  ----------  --------------  -------------------  ----------------------
/home/ubuntu/MLFlow/dags/weather_dag.py                           1           0  0.20s           2025-03-25T12:57:37                      12
================================================================================
[2025-03-25T12:57:53.532+0000] {manager.py:997} INFO - 
================================================================================
DAG File Processing Stats

File Path                                PID    Runtime      # DAGs    # Errors  Last Runtime    Last Run               Last # of DB Queries
---------------------------------------  -----  ---------  --------  ----------  --------------  -------------------  ----------------------
/home/ubuntu/MLFlow/dags/weather_dag.py                           1           0  0.31s           2025-03-25T12:57:53                      12
================================================================================
[2025-03-25T12:58:08.021+0000] {manager.py:997} INFO - 
================================================================================
DAG File Processing Stats

File Path                                PID    Runtime      # DAGs    # Errors  Last Runtime    Last Run               Last # of DB Queries
---------------------------------------  -----  ---------  --------  ----------  --------------  -------------------  ----------------------
/home/ubuntu/MLFlow/dags/weather_dag.py                           1           0  0.11s           2025-03-25T12:58:08                      12
================================================================================
[2025-03-25T12:58:23.914+0000] {manager.py:997} INFO - 
================================================================================
DAG File Processing Stats

File Path                                PID    Runtime      # DAGs    # Errors  Last Runtime    Last Run               Last # of DB Queries
---------------------------------------  -----  ---------  --------  ----------  --------------  -------------------  ----------------------
/home/ubuntu/MLFlow/dags/weather_dag.py                           1           0  0.30s           2025-03-25T12:58:23                      12
================================================================================
[2025-03-25T12:58:38.380+0000] {manager.py:997} INFO - 
================================================================================
DAG File Processing Stats

File Path                                PID    Runtime      # DAGs    # Errors  Last Runtime    Last Run               Last # of DB Queries
---------------------------------------  -----  ---------  --------  ----------  --------------  -------------------  ----------------------
/home/ubuntu/MLFlow/dags/weather_dag.py                           1           0  0.20s           2025-03-25T12:58:38                      12
================================================================================
[2025-03-25T12:58:54.293+0000] {manager.py:997} INFO - 
================================================================================
DAG File Processing Stats

File Path                                PID    Runtime      # DAGs    # Errors  Last Runtime    Last Run               Last # of DB Queries
---------------------------------------  -----  ---------  --------  ----------  --------------  -------------------  ----------------------
/home/ubuntu/MLFlow/dags/weather_dag.py                           1           0  0.30s           2025-03-25T12:58:54                      12
================================================================================
[2025-03-25T12:59:04.403+0000] {manager.py:821} INFO - Searching for files in /home/ubuntu/MLFlow/dags
[2025-03-25T12:59:04.404+0000] {manager.py:824} INFO - There are 1 files in /home/ubuntu/MLFlow/dags
[2025-03-25T12:59:08.692+0000] {manager.py:997} INFO - 
================================================================================
DAG File Processing Stats

File Path                                PID    Runtime      # DAGs    # Errors  Last Runtime    Last Run               Last # of DB Queries
---------------------------------------  -----  ---------  --------  ----------  --------------  -------------------  ----------------------
/home/ubuntu/MLFlow/dags/weather_dag.py                           1           0  0.20s           2025-03-25T12:59:08                      12
================================================================================
[2025-03-25T12:59:24.677+0000] {manager.py:997} INFO - 
================================================================================
DAG File Processing Stats

File Path                                PID    Runtime      # DAGs    # Errors  Last Runtime    Last Run               Last # of DB Queries
---------------------------------------  -----  ---------  --------  ----------  --------------  -------------------  ----------------------
/home/ubuntu/MLFlow/dags/weather_dag.py                           1           0  0.30s           2025-03-25T12:59:24                      12
================================================================================
[2025-03-25T12:59:39.017+0000] {manager.py:997} INFO - 
================================================================================
DAG File Processing Stats

File Path                                PID    Runtime      # DAGs    # Errors  Last Runtime    Last Run               Last # of DB Queries
---------------------------------------  -----  ---------  --------  ----------  --------------  -------------------  ----------------------
/home/ubuntu/MLFlow/dags/weather_dag.py                           1           0  0.21s           2025-03-25T12:59:39                      12
================================================================================
[2025-03-25T12:59:55.070+0000] {manager.py:997} INFO - 
================================================================================
DAG File Processing Stats

File Path                                PID    Runtime      # DAGs    # Errors  Last Runtime    Last Run               Last # of DB Queries
---------------------------------------  -----  ---------  --------  ----------  --------------  -------------------  ----------------------
/home/ubuntu/MLFlow/dags/weather_dag.py                           1           0  0.30s           2025-03-25T12:59:55                      12
================================================================================
[2025-03-25T13:00:09.324+0000] {manager.py:997} INFO - 
================================================================================
DAG File Processing Stats

File Path                                PID    Runtime      # DAGs    # Errors  Last Runtime    Last Run               Last # of DB Queries
---------------------------------------  -----  ---------  --------  ----------  --------------  -------------------  ----------------------
/home/ubuntu/MLFlow/dags/weather_dag.py                           1           0  0.20s           2025-03-25T13:00:09                      12
================================================================================
[2025-03-25T13:00:25.364+0000] {manager.py:997} INFO - 
================================================================================
DAG File Processing Stats

File Path                                PID    Runtime      # DAGs    # Errors  Last Runtime    Last Run               Last # of DB Queries
---------------------------------------  -----  ---------  --------  ----------  --------------  -------------------  ----------------------
/home/ubuntu/MLFlow/dags/weather_dag.py                           1           0  0.21s           2025-03-25T13:00:25                      12
================================================================================
[2025-03-25T13:00:39.650+0000] {manager.py:997} INFO - 
================================================================================
DAG File Processing Stats

File Path                                PID    Runtime      # DAGs    # Errors  Last Runtime    Last Run               Last # of DB Queries
---------------------------------------  -----  ---------  --------  ----------  --------------  -------------------  ----------------------
/home/ubuntu/MLFlow/dags/weather_dag.py                           1           0  0.21s           2025-03-25T13:00:39                      12
================================================================================
[2025-03-25T13:00:55.663+0000] {manager.py:997} INFO - 
================================================================================
DAG File Processing Stats

File Path                                PID    Runtime      # DAGs    # Errors  Last Runtime    Last Run               Last # of DB Queries
---------------------------------------  -----  ---------  --------  ----------  --------------  -------------------  ----------------------
/home/ubuntu/MLFlow/dags/weather_dag.py                           1           0  0.21s           2025-03-25T13:00:55                      12
================================================================================
[2025-03-25T13:01:09.992+0000] {manager.py:997} INFO - 
================================================================================
DAG File Processing Stats

File Path                                PID    Runtime      # DAGs    # Errors  Last Runtime    Last Run               Last # of DB Queries
---------------------------------------  -----  ---------  --------  ----------  --------------  -------------------  ----------------------
/home/ubuntu/MLFlow/dags/weather_dag.py                           1           0  0.21s           2025-03-25T13:01:09                      12
================================================================================
[2025-03-25T13:01:15.589+0000] {manager.py:821} INFO - Searching for files in /home/ubuntu/MLFlow/dags
[2025-03-25T13:01:15.592+0000] {manager.py:824} INFO - There are 1 files in /home/ubuntu/MLFlow/dags
