[2025-03-26T12:54:39.846+0000] {processor.py:186} INFO - Started process (PID=100168) to work on /home/ubuntu/miniconda3/envs/mlflow/lib/python3.12/site-packages/airflow/example_dags/example_outlet_event_extra.py
[2025-03-26T12:54:39.846+0000] {processor.py:914} INFO - Processing file /home/ubuntu/miniconda3/envs/mlflow/lib/python3.12/site-packages/airflow/example_dags/example_outlet_event_extra.py for tasks to queue
[2025-03-26T12:54:39.848+0000] {logging_mixin.py:190} INFO - [2025-03-26T12:54:39.848+0000] {dagbag.py:588} INFO - Filling up the DagBag from /home/ubuntu/miniconda3/envs/mlflow/lib/python3.12/site-packages/airflow/example_dags/example_outlet_event_extra.py
[2025-03-26T12:54:39.865+0000] {processor.py:925} INFO - DAG(s) 'dataset_with_extra_from_classic_operator', 'dataset_with_extra_by_context', 'dataset_with_extra_by_yield' retrieved from /home/ubuntu/miniconda3/envs/mlflow/lib/python3.12/site-packages/airflow/example_dags/example_outlet_event_extra.py
[2025-03-26T12:54:39.991+0000] {logging_mixin.py:190} INFO - [2025-03-26T12:54:39.990+0000] {override.py:1930} INFO - Created Permission View: can read on DAG:dataset_with_extra_from_classic_operator
[2025-03-26T12:54:40.016+0000] {logging_mixin.py:190} INFO - [2025-03-26T12:54:40.015+0000] {override.py:1930} INFO - Created Permission View: can edit on DAG:dataset_with_extra_from_classic_operator
[2025-03-26T12:54:40.040+0000] {logging_mixin.py:190} INFO - [2025-03-26T12:54:40.040+0000] {override.py:1930} INFO - Created Permission View: can delete on DAG:dataset_with_extra_from_classic_operator
[2025-03-26T12:54:40.066+0000] {logging_mixin.py:190} INFO - [2025-03-26T12:54:40.065+0000] {override.py:1930} INFO - Created Permission View: can read on DAG Run:dataset_with_extra_from_classic_operator
[2025-03-26T12:54:40.084+0000] {logging_mixin.py:190} INFO - [2025-03-26T12:54:40.083+0000] {override.py:1930} INFO - Created Permission View: menu access on DAG Run:dataset_with_extra_from_classic_operator
[2025-03-26T12:54:40.102+0000] {logging_mixin.py:190} INFO - [2025-03-26T12:54:40.101+0000] {override.py:1930} INFO - Created Permission View: can create on DAG Run:dataset_with_extra_from_classic_operator
[2025-03-26T12:54:40.124+0000] {logging_mixin.py:190} INFO - [2025-03-26T12:54:40.124+0000] {override.py:1930} INFO - Created Permission View: can delete on DAG Run:dataset_with_extra_from_classic_operator
[2025-03-26T12:54:40.158+0000] {logging_mixin.py:190} INFO - [2025-03-26T12:54:40.158+0000] {override.py:1930} INFO - Created Permission View: can read on DAG:dataset_with_extra_by_context
[2025-03-26T12:54:40.171+0000] {logging_mixin.py:190} INFO - [2025-03-26T12:54:40.171+0000] {override.py:1930} INFO - Created Permission View: can edit on DAG:dataset_with_extra_by_context
[2025-03-26T12:54:40.189+0000] {logging_mixin.py:190} INFO - [2025-03-26T12:54:40.188+0000] {override.py:1930} INFO - Created Permission View: can delete on DAG:dataset_with_extra_by_context
[2025-03-26T12:54:40.214+0000] {logging_mixin.py:190} INFO - [2025-03-26T12:54:40.213+0000] {override.py:1930} INFO - Created Permission View: can read on DAG Run:dataset_with_extra_by_context
[2025-03-26T12:54:40.231+0000] {logging_mixin.py:190} INFO - [2025-03-26T12:54:40.230+0000] {override.py:1930} INFO - Created Permission View: menu access on DAG Run:dataset_with_extra_by_context
[2025-03-26T12:54:40.245+0000] {logging_mixin.py:190} INFO - [2025-03-26T12:54:40.245+0000] {override.py:1930} INFO - Created Permission View: can create on DAG Run:dataset_with_extra_by_context
[2025-03-26T12:54:40.259+0000] {logging_mixin.py:190} INFO - [2025-03-26T12:54:40.258+0000] {override.py:1930} INFO - Created Permission View: can delete on DAG Run:dataset_with_extra_by_context
[2025-03-26T12:54:40.294+0000] {logging_mixin.py:190} INFO - [2025-03-26T12:54:40.294+0000] {override.py:1930} INFO - Created Permission View: can read on DAG:dataset_with_extra_by_yield
[2025-03-26T12:54:40.309+0000] {logging_mixin.py:190} INFO - [2025-03-26T12:54:40.308+0000] {override.py:1930} INFO - Created Permission View: can edit on DAG:dataset_with_extra_by_yield
[2025-03-26T12:54:40.326+0000] {logging_mixin.py:190} INFO - [2025-03-26T12:54:40.325+0000] {override.py:1930} INFO - Created Permission View: can delete on DAG:dataset_with_extra_by_yield
[2025-03-26T12:54:40.345+0000] {logging_mixin.py:190} INFO - [2025-03-26T12:54:40.344+0000] {override.py:1930} INFO - Created Permission View: can read on DAG Run:dataset_with_extra_by_yield
[2025-03-26T12:54:40.356+0000] {logging_mixin.py:190} INFO - [2025-03-26T12:54:40.356+0000] {override.py:1930} INFO - Created Permission View: menu access on DAG Run:dataset_with_extra_by_yield
[2025-03-26T12:54:40.369+0000] {logging_mixin.py:190} INFO - [2025-03-26T12:54:40.368+0000] {override.py:1930} INFO - Created Permission View: can create on DAG Run:dataset_with_extra_by_yield
[2025-03-26T12:54:40.381+0000] {logging_mixin.py:190} INFO - [2025-03-26T12:54:40.380+0000] {override.py:1930} INFO - Created Permission View: can delete on DAG Run:dataset_with_extra_by_yield
[2025-03-26T12:54:40.381+0000] {logging_mixin.py:190} INFO - [2025-03-26T12:54:40.381+0000] {dag.py:3239} INFO - Sync 3 DAGs
[2025-03-26T12:54:40.398+0000] {logging_mixin.py:190} INFO - [2025-03-26T12:54:40.397+0000] {dag.py:3262} INFO - Creating ORM DAG for dataset_with_extra_by_yield
[2025-03-26T12:54:40.398+0000] {logging_mixin.py:190} INFO - [2025-03-26T12:54:40.398+0000] {dag.py:3262} INFO - Creating ORM DAG for dataset_with_extra_by_context
[2025-03-26T12:54:40.399+0000] {logging_mixin.py:190} INFO - [2025-03-26T12:54:40.399+0000] {dag.py:3262} INFO - Creating ORM DAG for dataset_with_extra_from_classic_operator
[2025-03-26T12:54:40.419+0000] {logging_mixin.py:190} INFO - [2025-03-26T12:54:40.419+0000] {dag.py:4180} INFO - Setting next_dagrun for dataset_with_extra_by_context to 2025-03-25 00:00:00+00:00, run_after=2025-03-26 00:00:00+00:00
[2025-03-26T12:54:40.421+0000] {logging_mixin.py:190} INFO - [2025-03-26T12:54:40.421+0000] {dag.py:4180} INFO - Setting next_dagrun for dataset_with_extra_by_yield to 2025-03-25 00:00:00+00:00, run_after=2025-03-26 00:00:00+00:00
[2025-03-26T12:54:40.425+0000] {logging_mixin.py:190} INFO - [2025-03-26T12:54:40.424+0000] {dag.py:4180} INFO - Setting next_dagrun for dataset_with_extra_from_classic_operator to 2025-03-25 00:00:00+00:00, run_after=2025-03-26 00:00:00+00:00
[2025-03-26T12:54:40.460+0000] {processor.py:208} INFO - Processing /home/ubuntu/miniconda3/envs/mlflow/lib/python3.12/site-packages/airflow/example_dags/example_outlet_event_extra.py took 0.620 seconds
[2025-03-26T12:55:49.208+0000] {processor.py:186} INFO - Started process (PID=100364) to work on /home/ubuntu/miniconda3/envs/mlflow/lib/python3.12/site-packages/airflow/example_dags/example_outlet_event_extra.py
[2025-03-26T12:55:49.210+0000] {processor.py:914} INFO - Processing file /home/ubuntu/miniconda3/envs/mlflow/lib/python3.12/site-packages/airflow/example_dags/example_outlet_event_extra.py for tasks to queue
[2025-03-26T12:55:49.212+0000] {logging_mixin.py:190} INFO - [2025-03-26T12:55:49.211+0000] {dagbag.py:588} INFO - Filling up the DagBag from /home/ubuntu/miniconda3/envs/mlflow/lib/python3.12/site-packages/airflow/example_dags/example_outlet_event_extra.py
[2025-03-26T12:55:49.230+0000] {processor.py:925} INFO - DAG(s) 'dataset_with_extra_by_yield', 'dataset_with_extra_from_classic_operator', 'dataset_with_extra_by_context' retrieved from /home/ubuntu/miniconda3/envs/mlflow/lib/python3.12/site-packages/airflow/example_dags/example_outlet_event_extra.py
[2025-03-26T12:55:49.255+0000] {logging_mixin.py:190} INFO - [2025-03-26T12:55:49.254+0000] {dag.py:3239} INFO - Sync 3 DAGs
[2025-03-26T12:55:49.288+0000] {logging_mixin.py:190} INFO - [2025-03-26T12:55:49.287+0000] {dag.py:4180} INFO - Setting next_dagrun for dataset_with_extra_by_context to 2025-03-25 00:00:00+00:00, run_after=2025-03-26 00:00:00+00:00
[2025-03-26T12:55:49.294+0000] {logging_mixin.py:190} INFO - [2025-03-26T12:55:49.294+0000] {dag.py:4180} INFO - Setting next_dagrun for dataset_with_extra_by_yield to 2025-03-25 00:00:00+00:00, run_after=2025-03-26 00:00:00+00:00
[2025-03-26T12:55:49.297+0000] {logging_mixin.py:190} INFO - [2025-03-26T12:55:49.297+0000] {dag.py:4180} INFO - Setting next_dagrun for dataset_with_extra_from_classic_operator to 2025-03-25 00:00:00+00:00, run_after=2025-03-26 00:00:00+00:00
[2025-03-26T12:55:49.338+0000] {processor.py:208} INFO - Processing /home/ubuntu/miniconda3/envs/mlflow/lib/python3.12/site-packages/airflow/example_dags/example_outlet_event_extra.py took 0.136 seconds
[2025-03-26T12:56:54.184+0000] {processor.py:186} INFO - Started process (PID=100580) to work on /home/ubuntu/miniconda3/envs/mlflow/lib/python3.12/site-packages/airflow/example_dags/example_outlet_event_extra.py
[2025-03-26T12:56:54.185+0000] {processor.py:914} INFO - Processing file /home/ubuntu/miniconda3/envs/mlflow/lib/python3.12/site-packages/airflow/example_dags/example_outlet_event_extra.py for tasks to queue
[2025-03-26T12:56:54.189+0000] {logging_mixin.py:190} INFO - [2025-03-26T12:56:54.188+0000] {dagbag.py:588} INFO - Filling up the DagBag from /home/ubuntu/miniconda3/envs/mlflow/lib/python3.12/site-packages/airflow/example_dags/example_outlet_event_extra.py
[2025-03-26T12:56:54.211+0000] {processor.py:925} INFO - DAG(s) 'dataset_with_extra_by_yield', 'dataset_with_extra_by_context', 'dataset_with_extra_from_classic_operator' retrieved from /home/ubuntu/miniconda3/envs/mlflow/lib/python3.12/site-packages/airflow/example_dags/example_outlet_event_extra.py
[2025-03-26T12:56:54.249+0000] {logging_mixin.py:190} INFO - [2025-03-26T12:56:54.248+0000] {dag.py:3239} INFO - Sync 3 DAGs
[2025-03-26T12:56:54.275+0000] {logging_mixin.py:190} INFO - [2025-03-26T12:56:54.275+0000] {dag.py:4180} INFO - Setting next_dagrun for dataset_with_extra_by_context to 2025-03-25 00:00:00+00:00, run_after=2025-03-26 00:00:00+00:00
[2025-03-26T12:56:54.281+0000] {logging_mixin.py:190} INFO - [2025-03-26T12:56:54.280+0000] {dag.py:4180} INFO - Setting next_dagrun for dataset_with_extra_by_yield to 2025-03-25 00:00:00+00:00, run_after=2025-03-26 00:00:00+00:00
[2025-03-26T12:56:54.283+0000] {logging_mixin.py:190} INFO - [2025-03-26T12:56:54.283+0000] {dag.py:4180} INFO - Setting next_dagrun for dataset_with_extra_from_classic_operator to 2025-03-25 00:00:00+00:00, run_after=2025-03-26 00:00:00+00:00
[2025-03-26T12:56:54.315+0000] {processor.py:208} INFO - Processing /home/ubuntu/miniconda3/envs/mlflow/lib/python3.12/site-packages/airflow/example_dags/example_outlet_event_extra.py took 0.138 seconds
[2025-03-26T12:58:01.571+0000] {processor.py:186} INFO - Started process (PID=100764) to work on /home/ubuntu/miniconda3/envs/mlflow/lib/python3.12/site-packages/airflow/example_dags/example_outlet_event_extra.py
[2025-03-26T12:58:01.574+0000] {processor.py:914} INFO - Processing file /home/ubuntu/miniconda3/envs/mlflow/lib/python3.12/site-packages/airflow/example_dags/example_outlet_event_extra.py for tasks to queue
[2025-03-26T12:58:01.583+0000] {logging_mixin.py:190} INFO - [2025-03-26T12:58:01.580+0000] {dagbag.py:588} INFO - Filling up the DagBag from /home/ubuntu/miniconda3/envs/mlflow/lib/python3.12/site-packages/airflow/example_dags/example_outlet_event_extra.py
[2025-03-26T12:58:01.600+0000] {processor.py:925} INFO - DAG(s) 'dataset_with_extra_by_context', 'dataset_with_extra_from_classic_operator', 'dataset_with_extra_by_yield' retrieved from /home/ubuntu/miniconda3/envs/mlflow/lib/python3.12/site-packages/airflow/example_dags/example_outlet_event_extra.py
[2025-03-26T12:58:01.627+0000] {logging_mixin.py:190} INFO - [2025-03-26T12:58:01.626+0000] {dag.py:3239} INFO - Sync 3 DAGs
[2025-03-26T12:58:01.655+0000] {logging_mixin.py:190} INFO - [2025-03-26T12:58:01.655+0000] {dag.py:4180} INFO - Setting next_dagrun for dataset_with_extra_by_context to 2025-03-25 00:00:00+00:00, run_after=2025-03-26 00:00:00+00:00
[2025-03-26T12:58:01.664+0000] {logging_mixin.py:190} INFO - [2025-03-26T12:58:01.664+0000] {dag.py:4180} INFO - Setting next_dagrun for dataset_with_extra_by_yield to 2025-03-25 00:00:00+00:00, run_after=2025-03-26 00:00:00+00:00
[2025-03-26T12:58:01.667+0000] {logging_mixin.py:190} INFO - [2025-03-26T12:58:01.667+0000] {dag.py:4180} INFO - Setting next_dagrun for dataset_with_extra_from_classic_operator to 2025-03-25 00:00:00+00:00, run_after=2025-03-26 00:00:00+00:00
[2025-03-26T12:58:01.704+0000] {processor.py:208} INFO - Processing /home/ubuntu/miniconda3/envs/mlflow/lib/python3.12/site-packages/airflow/example_dags/example_outlet_event_extra.py took 0.148 seconds
[2025-03-26T12:59:03.871+0000] {processor.py:186} INFO - Started process (PID=100887) to work on /home/ubuntu/miniconda3/envs/mlflow/lib/python3.12/site-packages/airflow/example_dags/example_outlet_event_extra.py
[2025-03-26T12:59:03.872+0000] {processor.py:914} INFO - Processing file /home/ubuntu/miniconda3/envs/mlflow/lib/python3.12/site-packages/airflow/example_dags/example_outlet_event_extra.py for tasks to queue
[2025-03-26T12:59:03.874+0000] {logging_mixin.py:190} INFO - [2025-03-26T12:59:03.874+0000] {dagbag.py:588} INFO - Filling up the DagBag from /home/ubuntu/miniconda3/envs/mlflow/lib/python3.12/site-packages/airflow/example_dags/example_outlet_event_extra.py
[2025-03-26T12:59:03.891+0000] {processor.py:925} INFO - DAG(s) 'dataset_with_extra_by_context', 'dataset_with_extra_from_classic_operator', 'dataset_with_extra_by_yield' retrieved from /home/ubuntu/miniconda3/envs/mlflow/lib/python3.12/site-packages/airflow/example_dags/example_outlet_event_extra.py
[2025-03-26T12:59:03.916+0000] {logging_mixin.py:190} INFO - [2025-03-26T12:59:03.916+0000] {dag.py:3239} INFO - Sync 3 DAGs
[2025-03-26T12:59:03.947+0000] {logging_mixin.py:190} INFO - [2025-03-26T12:59:03.946+0000] {dag.py:4180} INFO - Setting next_dagrun for dataset_with_extra_by_context to 2025-03-25 00:00:00+00:00, run_after=2025-03-26 00:00:00+00:00
[2025-03-26T12:59:03.953+0000] {logging_mixin.py:190} INFO - [2025-03-26T12:59:03.953+0000] {dag.py:4180} INFO - Setting next_dagrun for dataset_with_extra_by_yield to 2025-03-25 00:00:00+00:00, run_after=2025-03-26 00:00:00+00:00
[2025-03-26T12:59:03.957+0000] {logging_mixin.py:190} INFO - [2025-03-26T12:59:03.957+0000] {dag.py:4180} INFO - Setting next_dagrun for dataset_with_extra_from_classic_operator to 2025-03-25 00:00:00+00:00, run_after=2025-03-26 00:00:00+00:00
[2025-03-26T12:59:03.990+0000] {processor.py:208} INFO - Processing /home/ubuntu/miniconda3/envs/mlflow/lib/python3.12/site-packages/airflow/example_dags/example_outlet_event_extra.py took 0.126 seconds
[2025-03-26T13:00:07.216+0000] {processor.py:186} INFO - Started process (PID=101072) to work on /home/ubuntu/miniconda3/envs/mlflow/lib/python3.12/site-packages/airflow/example_dags/example_outlet_event_extra.py
[2025-03-26T13:00:07.217+0000] {processor.py:914} INFO - Processing file /home/ubuntu/miniconda3/envs/mlflow/lib/python3.12/site-packages/airflow/example_dags/example_outlet_event_extra.py for tasks to queue
[2025-03-26T13:00:07.220+0000] {logging_mixin.py:190} INFO - [2025-03-26T13:00:07.220+0000] {dagbag.py:588} INFO - Filling up the DagBag from /home/ubuntu/miniconda3/envs/mlflow/lib/python3.12/site-packages/airflow/example_dags/example_outlet_event_extra.py
[2025-03-26T13:00:07.236+0000] {processor.py:925} INFO - DAG(s) 'dataset_with_extra_by_context', 'dataset_with_extra_from_classic_operator', 'dataset_with_extra_by_yield' retrieved from /home/ubuntu/miniconda3/envs/mlflow/lib/python3.12/site-packages/airflow/example_dags/example_outlet_event_extra.py
[2025-03-26T13:00:07.260+0000] {logging_mixin.py:190} INFO - [2025-03-26T13:00:07.260+0000] {dag.py:3239} INFO - Sync 3 DAGs
[2025-03-26T13:00:07.295+0000] {logging_mixin.py:190} INFO - [2025-03-26T13:00:07.294+0000] {dag.py:4180} INFO - Setting next_dagrun for dataset_with_extra_by_context to 2025-03-25 00:00:00+00:00, run_after=2025-03-26 00:00:00+00:00
[2025-03-26T13:00:07.300+0000] {logging_mixin.py:190} INFO - [2025-03-26T13:00:07.300+0000] {dag.py:4180} INFO - Setting next_dagrun for dataset_with_extra_by_yield to 2025-03-25 00:00:00+00:00, run_after=2025-03-26 00:00:00+00:00
[2025-03-26T13:00:07.304+0000] {logging_mixin.py:190} INFO - [2025-03-26T13:00:07.303+0000] {dag.py:4180} INFO - Setting next_dagrun for dataset_with_extra_from_classic_operator to 2025-03-25 00:00:00+00:00, run_after=2025-03-26 00:00:00+00:00
[2025-03-26T13:00:07.335+0000] {processor.py:208} INFO - Processing /home/ubuntu/miniconda3/envs/mlflow/lib/python3.12/site-packages/airflow/example_dags/example_outlet_event_extra.py took 0.125 seconds
[2025-03-26T13:01:09.495+0000] {processor.py:186} INFO - Started process (PID=101153) to work on /home/ubuntu/miniconda3/envs/mlflow/lib/python3.12/site-packages/airflow/example_dags/example_outlet_event_extra.py
[2025-03-26T13:01:09.496+0000] {processor.py:914} INFO - Processing file /home/ubuntu/miniconda3/envs/mlflow/lib/python3.12/site-packages/airflow/example_dags/example_outlet_event_extra.py for tasks to queue
[2025-03-26T13:01:09.498+0000] {logging_mixin.py:190} INFO - [2025-03-26T13:01:09.498+0000] {dagbag.py:588} INFO - Filling up the DagBag from /home/ubuntu/miniconda3/envs/mlflow/lib/python3.12/site-packages/airflow/example_dags/example_outlet_event_extra.py
[2025-03-26T13:01:09.514+0000] {processor.py:925} INFO - DAG(s) 'dataset_with_extra_by_context', 'dataset_with_extra_by_yield', 'dataset_with_extra_from_classic_operator' retrieved from /home/ubuntu/miniconda3/envs/mlflow/lib/python3.12/site-packages/airflow/example_dags/example_outlet_event_extra.py
[2025-03-26T13:01:09.540+0000] {logging_mixin.py:190} INFO - [2025-03-26T13:01:09.539+0000] {dag.py:3239} INFO - Sync 3 DAGs
[2025-03-26T13:01:09.578+0000] {logging_mixin.py:190} INFO - [2025-03-26T13:01:09.578+0000] {dag.py:4180} INFO - Setting next_dagrun for dataset_with_extra_by_context to 2025-03-25 00:00:00+00:00, run_after=2025-03-26 00:00:00+00:00
[2025-03-26T13:01:09.585+0000] {logging_mixin.py:190} INFO - [2025-03-26T13:01:09.585+0000] {dag.py:4180} INFO - Setting next_dagrun for dataset_with_extra_by_yield to 2025-03-25 00:00:00+00:00, run_after=2025-03-26 00:00:00+00:00
[2025-03-26T13:01:09.589+0000] {logging_mixin.py:190} INFO - [2025-03-26T13:01:09.589+0000] {dag.py:4180} INFO - Setting next_dagrun for dataset_with_extra_from_classic_operator to 2025-03-25 00:00:00+00:00, run_after=2025-03-26 00:00:00+00:00
[2025-03-26T13:01:09.634+0000] {processor.py:208} INFO - Processing /home/ubuntu/miniconda3/envs/mlflow/lib/python3.12/site-packages/airflow/example_dags/example_outlet_event_extra.py took 0.146 seconds
