[2025-03-26T12:55:09.885+0000] {processor.py:186} INFO - Started process (PID=100241) to work on /home/ubuntu/miniconda3/envs/mlflow/lib/python3.12/site-packages/airflow/example_dags/example_dag_decorator.py
[2025-03-26T12:55:09.886+0000] {processor.py:914} INFO - Processing file /home/ubuntu/miniconda3/envs/mlflow/lib/python3.12/site-packages/airflow/example_dags/example_dag_decorator.py for tasks to queue
[2025-03-26T12:55:09.888+0000] {logging_mixin.py:190} INFO - [2025-03-26T12:55:09.888+0000] {dagbag.py:588} INFO - Filling up the DagBag from /home/ubuntu/miniconda3/envs/mlflow/lib/python3.12/site-packages/airflow/example_dags/example_dag_decorator.py
[2025-03-26T12:55:09.940+0000] {processor.py:925} INFO - DAG(s) 'example_dag_decorator' retrieved from /home/ubuntu/miniconda3/envs/mlflow/lib/python3.12/site-packages/airflow/example_dags/example_dag_decorator.py
[2025-03-26T12:55:10.072+0000] {logging_mixin.py:190} INFO - [2025-03-26T12:55:10.071+0000] {override.py:1930} INFO - Created Permission View: can read on DAG:example_dag_decorator
[2025-03-26T12:55:10.087+0000] {logging_mixin.py:190} INFO - [2025-03-26T12:55:10.087+0000] {override.py:1930} INFO - Created Permission View: can edit on DAG:example_dag_decorator
[2025-03-26T12:55:10.103+0000] {logging_mixin.py:190} INFO - [2025-03-26T12:55:10.103+0000] {override.py:1930} INFO - Created Permission View: can delete on DAG:example_dag_decorator
[2025-03-26T12:55:10.128+0000] {logging_mixin.py:190} INFO - [2025-03-26T12:55:10.128+0000] {override.py:1930} INFO - Created Permission View: can read on DAG Run:example_dag_decorator
[2025-03-26T12:55:10.145+0000] {logging_mixin.py:190} INFO - [2025-03-26T12:55:10.144+0000] {override.py:1930} INFO - Created Permission View: menu access on DAG Run:example_dag_decorator
[2025-03-26T12:55:10.160+0000] {logging_mixin.py:190} INFO - [2025-03-26T12:55:10.159+0000] {override.py:1930} INFO - Created Permission View: can create on DAG Run:example_dag_decorator
[2025-03-26T12:55:10.172+0000] {logging_mixin.py:190} INFO - [2025-03-26T12:55:10.172+0000] {override.py:1930} INFO - Created Permission View: can delete on DAG Run:example_dag_decorator
[2025-03-26T12:55:10.173+0000] {logging_mixin.py:190} INFO - [2025-03-26T12:55:10.173+0000] {dag.py:3239} INFO - Sync 1 DAGs
[2025-03-26T12:55:10.195+0000] {logging_mixin.py:190} INFO - [2025-03-26T12:55:10.194+0000] {dag.py:3262} INFO - Creating ORM DAG for example_dag_decorator
[2025-03-26T12:55:10.196+0000] {logging_mixin.py:190} INFO - [2025-03-26T12:55:10.196+0000] {dag.py:4180} INFO - Setting next_dagrun for example_dag_decorator to None, run_after=None
[2025-03-26T12:55:10.230+0000] {processor.py:208} INFO - Processing /home/ubuntu/miniconda3/envs/mlflow/lib/python3.12/site-packages/airflow/example_dags/example_dag_decorator.py took 0.351 seconds
[2025-03-26T12:56:20.307+0000] {processor.py:186} INFO - Started process (PID=100469) to work on /home/ubuntu/miniconda3/envs/mlflow/lib/python3.12/site-packages/airflow/example_dags/example_dag_decorator.py
[2025-03-26T12:56:20.308+0000] {processor.py:914} INFO - Processing file /home/ubuntu/miniconda3/envs/mlflow/lib/python3.12/site-packages/airflow/example_dags/example_dag_decorator.py for tasks to queue
[2025-03-26T12:56:20.312+0000] {logging_mixin.py:190} INFO - [2025-03-26T12:56:20.312+0000] {dagbag.py:588} INFO - Filling up the DagBag from /home/ubuntu/miniconda3/envs/mlflow/lib/python3.12/site-packages/airflow/example_dags/example_dag_decorator.py
[2025-03-26T12:56:20.376+0000] {processor.py:925} INFO - DAG(s) 'example_dag_decorator' retrieved from /home/ubuntu/miniconda3/envs/mlflow/lib/python3.12/site-packages/airflow/example_dags/example_dag_decorator.py
[2025-03-26T12:56:20.536+0000] {logging_mixin.py:190} INFO - [2025-03-26T12:56:20.535+0000] {dag.py:3239} INFO - Sync 1 DAGs
[2025-03-26T12:56:20.555+0000] {logging_mixin.py:190} INFO - [2025-03-26T12:56:20.555+0000] {dag.py:4180} INFO - Setting next_dagrun for example_dag_decorator to None, run_after=None
[2025-03-26T12:56:20.589+0000] {processor.py:208} INFO - Processing /home/ubuntu/miniconda3/envs/mlflow/lib/python3.12/site-packages/airflow/example_dags/example_dag_decorator.py took 0.292 seconds
[2025-03-26T12:57:25.849+0000] {processor.py:186} INFO - Started process (PID=100699) to work on /home/ubuntu/miniconda3/envs/mlflow/lib/python3.12/site-packages/airflow/example_dags/example_dag_decorator.py
[2025-03-26T12:57:25.852+0000] {processor.py:914} INFO - Processing file /home/ubuntu/miniconda3/envs/mlflow/lib/python3.12/site-packages/airflow/example_dags/example_dag_decorator.py for tasks to queue
[2025-03-26T12:57:25.854+0000] {logging_mixin.py:190} INFO - [2025-03-26T12:57:25.854+0000] {dagbag.py:588} INFO - Filling up the DagBag from /home/ubuntu/miniconda3/envs/mlflow/lib/python3.12/site-packages/airflow/example_dags/example_dag_decorator.py
[2025-03-26T12:57:25.907+0000] {processor.py:925} INFO - DAG(s) 'example_dag_decorator' retrieved from /home/ubuntu/miniconda3/envs/mlflow/lib/python3.12/site-packages/airflow/example_dags/example_dag_decorator.py
[2025-03-26T12:57:26.048+0000] {logging_mixin.py:190} INFO - [2025-03-26T12:57:26.048+0000] {dag.py:3239} INFO - Sync 1 DAGs
[2025-03-26T12:57:26.065+0000] {logging_mixin.py:190} INFO - [2025-03-26T12:57:26.065+0000] {dag.py:4180} INFO - Setting next_dagrun for example_dag_decorator to None, run_after=None
[2025-03-26T12:57:26.100+0000] {processor.py:208} INFO - Processing /home/ubuntu/miniconda3/envs/mlflow/lib/python3.12/site-packages/airflow/example_dags/example_dag_decorator.py took 0.262 seconds
[2025-03-26T12:58:31.630+0000] {processor.py:186} INFO - Started process (PID=100815) to work on /home/ubuntu/miniconda3/envs/mlflow/lib/python3.12/site-packages/airflow/example_dags/example_dag_decorator.py
[2025-03-26T12:58:31.631+0000] {processor.py:914} INFO - Processing file /home/ubuntu/miniconda3/envs/mlflow/lib/python3.12/site-packages/airflow/example_dags/example_dag_decorator.py for tasks to queue
[2025-03-26T12:58:31.635+0000] {logging_mixin.py:190} INFO - [2025-03-26T12:58:31.634+0000] {dagbag.py:588} INFO - Filling up the DagBag from /home/ubuntu/miniconda3/envs/mlflow/lib/python3.12/site-packages/airflow/example_dags/example_dag_decorator.py
[2025-03-26T12:58:31.683+0000] {processor.py:925} INFO - DAG(s) 'example_dag_decorator' retrieved from /home/ubuntu/miniconda3/envs/mlflow/lib/python3.12/site-packages/airflow/example_dags/example_dag_decorator.py
[2025-03-26T12:58:31.821+0000] {logging_mixin.py:190} INFO - [2025-03-26T12:58:31.821+0000] {dag.py:3239} INFO - Sync 1 DAGs
[2025-03-26T12:58:31.841+0000] {logging_mixin.py:190} INFO - [2025-03-26T12:58:31.840+0000] {dag.py:4180} INFO - Setting next_dagrun for example_dag_decorator to None, run_after=None
[2025-03-26T12:58:31.868+0000] {processor.py:208} INFO - Processing /home/ubuntu/miniconda3/envs/mlflow/lib/python3.12/site-packages/airflow/example_dags/example_dag_decorator.py took 0.247 seconds
[2025-03-26T12:59:34.179+0000] {processor.py:186} INFO - Started process (PID=100964) to work on /home/ubuntu/miniconda3/envs/mlflow/lib/python3.12/site-packages/airflow/example_dags/example_dag_decorator.py
[2025-03-26T12:59:34.181+0000] {processor.py:914} INFO - Processing file /home/ubuntu/miniconda3/envs/mlflow/lib/python3.12/site-packages/airflow/example_dags/example_dag_decorator.py for tasks to queue
[2025-03-26T12:59:34.183+0000] {logging_mixin.py:190} INFO - [2025-03-26T12:59:34.183+0000] {dagbag.py:588} INFO - Filling up the DagBag from /home/ubuntu/miniconda3/envs/mlflow/lib/python3.12/site-packages/airflow/example_dags/example_dag_decorator.py
[2025-03-26T12:59:34.228+0000] {processor.py:925} INFO - DAG(s) 'example_dag_decorator' retrieved from /home/ubuntu/miniconda3/envs/mlflow/lib/python3.12/site-packages/airflow/example_dags/example_dag_decorator.py
[2025-03-26T12:59:34.350+0000] {logging_mixin.py:190} INFO - [2025-03-26T12:59:34.350+0000] {dag.py:3239} INFO - Sync 1 DAGs
[2025-03-26T12:59:34.363+0000] {logging_mixin.py:190} INFO - [2025-03-26T12:59:34.363+0000] {dag.py:4180} INFO - Setting next_dagrun for example_dag_decorator to None, run_after=None
[2025-03-26T12:59:34.394+0000] {processor.py:208} INFO - Processing /home/ubuntu/miniconda3/envs/mlflow/lib/python3.12/site-packages/airflow/example_dags/example_dag_decorator.py took 0.225 seconds
[2025-03-26T13:00:36.462+0000] {processor.py:186} INFO - Started process (PID=101120) to work on /home/ubuntu/miniconda3/envs/mlflow/lib/python3.12/site-packages/airflow/example_dags/example_dag_decorator.py
[2025-03-26T13:00:36.463+0000] {processor.py:914} INFO - Processing file /home/ubuntu/miniconda3/envs/mlflow/lib/python3.12/site-packages/airflow/example_dags/example_dag_decorator.py for tasks to queue
[2025-03-26T13:00:36.465+0000] {logging_mixin.py:190} INFO - [2025-03-26T13:00:36.465+0000] {dagbag.py:588} INFO - Filling up the DagBag from /home/ubuntu/miniconda3/envs/mlflow/lib/python3.12/site-packages/airflow/example_dags/example_dag_decorator.py
[2025-03-26T13:00:36.510+0000] {processor.py:925} INFO - DAG(s) 'example_dag_decorator' retrieved from /home/ubuntu/miniconda3/envs/mlflow/lib/python3.12/site-packages/airflow/example_dags/example_dag_decorator.py
[2025-03-26T13:00:36.531+0000] {logging_mixin.py:190} INFO - [2025-03-26T13:00:36.531+0000] {dag.py:3239} INFO - Sync 1 DAGs
[2025-03-26T13:00:36.546+0000] {logging_mixin.py:190} INFO - [2025-03-26T13:00:36.546+0000] {dag.py:4180} INFO - Setting next_dagrun for example_dag_decorator to None, run_after=None
[2025-03-26T13:00:36.574+0000] {processor.py:208} INFO - Processing /home/ubuntu/miniconda3/envs/mlflow/lib/python3.12/site-packages/airflow/example_dags/example_dag_decorator.py took 0.118 seconds
[2025-03-26T13:01:42.236+0000] {processor.py:186} INFO - Started process (PID=101184) to work on /home/ubuntu/miniconda3/envs/mlflow/lib/python3.12/site-packages/airflow/example_dags/example_dag_decorator.py
[2025-03-26T13:01:42.238+0000] {processor.py:914} INFO - Processing file /home/ubuntu/miniconda3/envs/mlflow/lib/python3.12/site-packages/airflow/example_dags/example_dag_decorator.py for tasks to queue
[2025-03-26T13:01:42.240+0000] {logging_mixin.py:190} INFO - [2025-03-26T13:01:42.240+0000] {dagbag.py:588} INFO - Filling up the DagBag from /home/ubuntu/miniconda3/envs/mlflow/lib/python3.12/site-packages/airflow/example_dags/example_dag_decorator.py
[2025-03-26T13:01:42.284+0000] {processor.py:925} INFO - DAG(s) 'example_dag_decorator' retrieved from /home/ubuntu/miniconda3/envs/mlflow/lib/python3.12/site-packages/airflow/example_dags/example_dag_decorator.py
[2025-03-26T13:01:42.398+0000] {logging_mixin.py:190} INFO - [2025-03-26T13:01:42.398+0000] {dag.py:3239} INFO - Sync 1 DAGs
[2025-03-26T13:01:42.411+0000] {logging_mixin.py:190} INFO - [2025-03-26T13:01:42.411+0000] {dag.py:4180} INFO - Setting next_dagrun for example_dag_decorator to None, run_after=None
[2025-03-26T13:01:42.437+0000] {processor.py:208} INFO - Processing /home/ubuntu/miniconda3/envs/mlflow/lib/python3.12/site-packages/airflow/example_dags/example_dag_decorator.py took 0.207 seconds
