[2025-03-26T12:54:28.907+0000] {processor.py:186} INFO - Started process (PID=100147) to work on /home/ubuntu/miniconda3/envs/mlflow/lib/python3.12/site-packages/airflow/example_dags/example_xcomargs.py
[2025-03-26T12:54:28.908+0000] {processor.py:914} INFO - Processing file /home/ubuntu/miniconda3/envs/mlflow/lib/python3.12/site-packages/airflow/example_dags/example_xcomargs.py for tasks to queue
[2025-03-26T12:54:28.910+0000] {logging_mixin.py:190} INFO - [2025-03-26T12:54:28.910+0000] {dagbag.py:588} INFO - Filling up the DagBag from /home/ubuntu/miniconda3/envs/mlflow/lib/python3.12/site-packages/airflow/example_dags/example_xcomargs.py
[2025-03-26T12:54:28.925+0000] {processor.py:925} INFO - DAG(s) 'example_xcom_args_with_operators', 'example_xcom_args' retrieved from /home/ubuntu/miniconda3/envs/mlflow/lib/python3.12/site-packages/airflow/example_dags/example_xcomargs.py
[2025-03-26T12:54:29.071+0000] {logging_mixin.py:190} INFO - [2025-03-26T12:54:29.071+0000] {override.py:1930} INFO - Created Permission View: can read on DAG:example_xcom_args_with_operators
[2025-03-26T12:54:29.091+0000] {logging_mixin.py:190} INFO - [2025-03-26T12:54:29.090+0000] {override.py:1930} INFO - Created Permission View: can edit on DAG:example_xcom_args_with_operators
[2025-03-26T12:54:29.105+0000] {logging_mixin.py:190} INFO - [2025-03-26T12:54:29.105+0000] {override.py:1930} INFO - Created Permission View: can delete on DAG:example_xcom_args_with_operators
[2025-03-26T12:54:29.128+0000] {logging_mixin.py:190} INFO - [2025-03-26T12:54:29.128+0000] {override.py:1930} INFO - Created Permission View: can read on DAG Run:example_xcom_args_with_operators
[2025-03-26T12:54:29.142+0000] {logging_mixin.py:190} INFO - [2025-03-26T12:54:29.141+0000] {override.py:1930} INFO - Created Permission View: menu access on DAG Run:example_xcom_args_with_operators
[2025-03-26T12:54:29.155+0000] {logging_mixin.py:190} INFO - [2025-03-26T12:54:29.155+0000] {override.py:1930} INFO - Created Permission View: can create on DAG Run:example_xcom_args_with_operators
[2025-03-26T12:54:29.167+0000] {logging_mixin.py:190} INFO - [2025-03-26T12:54:29.167+0000] {override.py:1930} INFO - Created Permission View: can delete on DAG Run:example_xcom_args_with_operators
[2025-03-26T12:54:29.197+0000] {logging_mixin.py:190} INFO - [2025-03-26T12:54:29.196+0000] {override.py:1930} INFO - Created Permission View: can read on DAG:example_xcom_args
[2025-03-26T12:54:29.209+0000] {logging_mixin.py:190} INFO - [2025-03-26T12:54:29.209+0000] {override.py:1930} INFO - Created Permission View: can edit on DAG:example_xcom_args
[2025-03-26T12:54:29.223+0000] {logging_mixin.py:190} INFO - [2025-03-26T12:54:29.223+0000] {override.py:1930} INFO - Created Permission View: can delete on DAG:example_xcom_args
[2025-03-26T12:54:29.243+0000] {logging_mixin.py:190} INFO - [2025-03-26T12:54:29.243+0000] {override.py:1930} INFO - Created Permission View: can read on DAG Run:example_xcom_args
[2025-03-26T12:54:29.255+0000] {logging_mixin.py:190} INFO - [2025-03-26T12:54:29.255+0000] {override.py:1930} INFO - Created Permission View: menu access on DAG Run:example_xcom_args
[2025-03-26T12:54:29.269+0000] {logging_mixin.py:190} INFO - [2025-03-26T12:54:29.268+0000] {override.py:1930} INFO - Created Permission View: can create on DAG Run:example_xcom_args
[2025-03-26T12:54:29.281+0000] {logging_mixin.py:190} INFO - [2025-03-26T12:54:29.280+0000] {override.py:1930} INFO - Created Permission View: can delete on DAG Run:example_xcom_args
[2025-03-26T12:54:29.281+0000] {logging_mixin.py:190} INFO - [2025-03-26T12:54:29.281+0000] {dag.py:3239} INFO - Sync 2 DAGs
[2025-03-26T12:54:29.299+0000] {logging_mixin.py:190} INFO - [2025-03-26T12:54:29.299+0000] {dag.py:3262} INFO - Creating ORM DAG for example_xcom_args_with_operators
[2025-03-26T12:54:29.300+0000] {logging_mixin.py:190} INFO - [2025-03-26T12:54:29.300+0000] {dag.py:3262} INFO - Creating ORM DAG for example_xcom_args
[2025-03-26T12:54:29.301+0000] {logging_mixin.py:190} INFO - [2025-03-26T12:54:29.301+0000] {dag.py:4180} INFO - Setting next_dagrun for example_xcom_args to None, run_after=None
[2025-03-26T12:54:29.301+0000] {logging_mixin.py:190} INFO - [2025-03-26T12:54:29.301+0000] {dag.py:4180} INFO - Setting next_dagrun for example_xcom_args_with_operators to None, run_after=None
[2025-03-26T12:54:29.333+0000] {processor.py:208} INFO - Processing /home/ubuntu/miniconda3/envs/mlflow/lib/python3.12/site-packages/airflow/example_dags/example_xcomargs.py took 0.437 seconds
[2025-03-26T12:55:41.138+0000] {processor.py:186} INFO - Started process (PID=100312) to work on /home/ubuntu/miniconda3/envs/mlflow/lib/python3.12/site-packages/airflow/example_dags/example_xcomargs.py
[2025-03-26T12:55:41.139+0000] {processor.py:914} INFO - Processing file /home/ubuntu/miniconda3/envs/mlflow/lib/python3.12/site-packages/airflow/example_dags/example_xcomargs.py for tasks to queue
[2025-03-26T12:55:41.142+0000] {logging_mixin.py:190} INFO - [2025-03-26T12:55:41.141+0000] {dagbag.py:588} INFO - Filling up the DagBag from /home/ubuntu/miniconda3/envs/mlflow/lib/python3.12/site-packages/airflow/example_dags/example_xcomargs.py
[2025-03-26T12:55:41.154+0000] {processor.py:925} INFO - DAG(s) 'example_xcom_args_with_operators', 'example_xcom_args' retrieved from /home/ubuntu/miniconda3/envs/mlflow/lib/python3.12/site-packages/airflow/example_dags/example_xcomargs.py
[2025-03-26T12:55:41.178+0000] {logging_mixin.py:190} INFO - [2025-03-26T12:55:41.178+0000] {dag.py:3239} INFO - Sync 2 DAGs
[2025-03-26T12:55:41.194+0000] {logging_mixin.py:190} INFO - [2025-03-26T12:55:41.194+0000] {dag.py:4180} INFO - Setting next_dagrun for example_xcom_args to None, run_after=None
[2025-03-26T12:55:41.199+0000] {logging_mixin.py:190} INFO - [2025-03-26T12:55:41.198+0000] {dag.py:4180} INFO - Setting next_dagrun for example_xcom_args_with_operators to None, run_after=None
[2025-03-26T12:55:41.237+0000] {processor.py:208} INFO - Processing /home/ubuntu/miniconda3/envs/mlflow/lib/python3.12/site-packages/airflow/example_dags/example_xcomargs.py took 0.106 seconds
[2025-03-26T12:56:45.095+0000] {processor.py:186} INFO - Started process (PID=100540) to work on /home/ubuntu/miniconda3/envs/mlflow/lib/python3.12/site-packages/airflow/example_dags/example_xcomargs.py
[2025-03-26T12:56:45.097+0000] {processor.py:914} INFO - Processing file /home/ubuntu/miniconda3/envs/mlflow/lib/python3.12/site-packages/airflow/example_dags/example_xcomargs.py for tasks to queue
[2025-03-26T12:56:45.099+0000] {logging_mixin.py:190} INFO - [2025-03-26T12:56:45.098+0000] {dagbag.py:588} INFO - Filling up the DagBag from /home/ubuntu/miniconda3/envs/mlflow/lib/python3.12/site-packages/airflow/example_dags/example_xcomargs.py
[2025-03-26T12:56:45.112+0000] {processor.py:925} INFO - DAG(s) 'example_xcom_args_with_operators', 'example_xcom_args' retrieved from /home/ubuntu/miniconda3/envs/mlflow/lib/python3.12/site-packages/airflow/example_dags/example_xcomargs.py
[2025-03-26T12:56:45.135+0000] {logging_mixin.py:190} INFO - [2025-03-26T12:56:45.134+0000] {dag.py:3239} INFO - Sync 2 DAGs
[2025-03-26T12:56:45.159+0000] {logging_mixin.py:190} INFO - [2025-03-26T12:56:45.159+0000] {dag.py:4180} INFO - Setting next_dagrun for example_xcom_args to None, run_after=None
[2025-03-26T12:56:45.165+0000] {logging_mixin.py:190} INFO - [2025-03-26T12:56:45.165+0000] {dag.py:4180} INFO - Setting next_dagrun for example_xcom_args_with_operators to None, run_after=None
[2025-03-26T12:56:45.195+0000] {processor.py:208} INFO - Processing /home/ubuntu/miniconda3/envs/mlflow/lib/python3.12/site-packages/airflow/example_dags/example_xcomargs.py took 0.106 seconds
[2025-03-26T12:57:52.745+0000] {processor.py:186} INFO - Started process (PID=100748) to work on /home/ubuntu/miniconda3/envs/mlflow/lib/python3.12/site-packages/airflow/example_dags/example_xcomargs.py
[2025-03-26T12:57:52.748+0000] {processor.py:914} INFO - Processing file /home/ubuntu/miniconda3/envs/mlflow/lib/python3.12/site-packages/airflow/example_dags/example_xcomargs.py for tasks to queue
[2025-03-26T12:57:52.750+0000] {logging_mixin.py:190} INFO - [2025-03-26T12:57:52.750+0000] {dagbag.py:588} INFO - Filling up the DagBag from /home/ubuntu/miniconda3/envs/mlflow/lib/python3.12/site-packages/airflow/example_dags/example_xcomargs.py
[2025-03-26T12:57:52.768+0000] {processor.py:925} INFO - DAG(s) 'example_xcom_args_with_operators', 'example_xcom_args' retrieved from /home/ubuntu/miniconda3/envs/mlflow/lib/python3.12/site-packages/airflow/example_dags/example_xcomargs.py
[2025-03-26T12:57:52.791+0000] {logging_mixin.py:190} INFO - [2025-03-26T12:57:52.791+0000] {dag.py:3239} INFO - Sync 2 DAGs
[2025-03-26T12:57:52.809+0000] {logging_mixin.py:190} INFO - [2025-03-26T12:57:52.809+0000] {dag.py:4180} INFO - Setting next_dagrun for example_xcom_args to None, run_after=None
[2025-03-26T12:57:52.814+0000] {logging_mixin.py:190} INFO - [2025-03-26T12:57:52.814+0000] {dag.py:4180} INFO - Setting next_dagrun for example_xcom_args_with_operators to None, run_after=None
[2025-03-26T12:57:52.839+0000] {processor.py:208} INFO - Processing /home/ubuntu/miniconda3/envs/mlflow/lib/python3.12/site-packages/airflow/example_dags/example_xcomargs.py took 0.102 seconds
[2025-03-26T12:58:56.090+0000] {processor.py:186} INFO - Started process (PID=100859) to work on /home/ubuntu/miniconda3/envs/mlflow/lib/python3.12/site-packages/airflow/example_dags/example_xcomargs.py
[2025-03-26T12:58:56.091+0000] {processor.py:914} INFO - Processing file /home/ubuntu/miniconda3/envs/mlflow/lib/python3.12/site-packages/airflow/example_dags/example_xcomargs.py for tasks to queue
[2025-03-26T12:58:56.094+0000] {logging_mixin.py:190} INFO - [2025-03-26T12:58:56.093+0000] {dagbag.py:588} INFO - Filling up the DagBag from /home/ubuntu/miniconda3/envs/mlflow/lib/python3.12/site-packages/airflow/example_dags/example_xcomargs.py
[2025-03-26T12:58:56.107+0000] {processor.py:925} INFO - DAG(s) 'example_xcom_args', 'example_xcom_args_with_operators' retrieved from /home/ubuntu/miniconda3/envs/mlflow/lib/python3.12/site-packages/airflow/example_dags/example_xcomargs.py
[2025-03-26T12:58:56.128+0000] {logging_mixin.py:190} INFO - [2025-03-26T12:58:56.128+0000] {dag.py:3239} INFO - Sync 2 DAGs
[2025-03-26T12:58:56.144+0000] {logging_mixin.py:190} INFO - [2025-03-26T12:58:56.144+0000] {dag.py:4180} INFO - Setting next_dagrun for example_xcom_args to None, run_after=None
[2025-03-26T12:58:56.148+0000] {logging_mixin.py:190} INFO - [2025-03-26T12:58:56.148+0000] {dag.py:4180} INFO - Setting next_dagrun for example_xcom_args_with_operators to None, run_after=None
[2025-03-26T12:58:56.173+0000] {processor.py:208} INFO - Processing /home/ubuntu/miniconda3/envs/mlflow/lib/python3.12/site-packages/airflow/example_dags/example_xcomargs.py took 0.090 seconds
[2025-03-26T12:59:58.902+0000] {processor.py:186} INFO - Started process (PID=101060) to work on /home/ubuntu/miniconda3/envs/mlflow/lib/python3.12/site-packages/airflow/example_dags/example_xcomargs.py
[2025-03-26T12:59:58.904+0000] {processor.py:914} INFO - Processing file /home/ubuntu/miniconda3/envs/mlflow/lib/python3.12/site-packages/airflow/example_dags/example_xcomargs.py for tasks to queue
[2025-03-26T12:59:58.906+0000] {logging_mixin.py:190} INFO - [2025-03-26T12:59:58.906+0000] {dagbag.py:588} INFO - Filling up the DagBag from /home/ubuntu/miniconda3/envs/mlflow/lib/python3.12/site-packages/airflow/example_dags/example_xcomargs.py
[2025-03-26T12:59:58.918+0000] {processor.py:925} INFO - DAG(s) 'example_xcom_args_with_operators', 'example_xcom_args' retrieved from /home/ubuntu/miniconda3/envs/mlflow/lib/python3.12/site-packages/airflow/example_dags/example_xcomargs.py
[2025-03-26T12:59:58.938+0000] {logging_mixin.py:190} INFO - [2025-03-26T12:59:58.938+0000] {dag.py:3239} INFO - Sync 2 DAGs
[2025-03-26T12:59:58.954+0000] {logging_mixin.py:190} INFO - [2025-03-26T12:59:58.954+0000] {dag.py:4180} INFO - Setting next_dagrun for example_xcom_args to None, run_after=None
[2025-03-26T12:59:58.959+0000] {logging_mixin.py:190} INFO - [2025-03-26T12:59:58.959+0000] {dag.py:4180} INFO - Setting next_dagrun for example_xcom_args_with_operators to None, run_after=None
[2025-03-26T12:59:58.983+0000] {processor.py:208} INFO - Processing /home/ubuntu/miniconda3/envs/mlflow/lib/python3.12/site-packages/airflow/example_dags/example_xcomargs.py took 0.087 seconds
[2025-03-26T13:01:01.459+0000] {processor.py:186} INFO - Started process (PID=101145) to work on /home/ubuntu/miniconda3/envs/mlflow/lib/python3.12/site-packages/airflow/example_dags/example_xcomargs.py
[2025-03-26T13:01:01.460+0000] {processor.py:914} INFO - Processing file /home/ubuntu/miniconda3/envs/mlflow/lib/python3.12/site-packages/airflow/example_dags/example_xcomargs.py for tasks to queue
[2025-03-26T13:01:01.462+0000] {logging_mixin.py:190} INFO - [2025-03-26T13:01:01.462+0000] {dagbag.py:588} INFO - Filling up the DagBag from /home/ubuntu/miniconda3/envs/mlflow/lib/python3.12/site-packages/airflow/example_dags/example_xcomargs.py
[2025-03-26T13:01:01.474+0000] {processor.py:925} INFO - DAG(s) 'example_xcom_args', 'example_xcom_args_with_operators' retrieved from /home/ubuntu/miniconda3/envs/mlflow/lib/python3.12/site-packages/airflow/example_dags/example_xcomargs.py
[2025-03-26T13:01:01.498+0000] {logging_mixin.py:190} INFO - [2025-03-26T13:01:01.497+0000] {dag.py:3239} INFO - Sync 2 DAGs
[2025-03-26T13:01:01.515+0000] {logging_mixin.py:190} INFO - [2025-03-26T13:01:01.514+0000] {dag.py:4180} INFO - Setting next_dagrun for example_xcom_args to None, run_after=None
[2025-03-26T13:01:01.520+0000] {logging_mixin.py:190} INFO - [2025-03-26T13:01:01.519+0000] {dag.py:4180} INFO - Setting next_dagrun for example_xcom_args_with_operators to None, run_after=None
[2025-03-26T13:01:01.548+0000] {processor.py:208} INFO - Processing /home/ubuntu/miniconda3/envs/mlflow/lib/python3.12/site-packages/airflow/example_dags/example_xcomargs.py took 0.095 seconds
[2025-03-26T13:02:03.592+0000] {processor.py:186} INFO - Started process (PID=101213) to work on /home/ubuntu/miniconda3/envs/mlflow/lib/python3.12/site-packages/airflow/example_dags/example_xcomargs.py
[2025-03-26T13:02:03.594+0000] {processor.py:914} INFO - Processing file /home/ubuntu/miniconda3/envs/mlflow/lib/python3.12/site-packages/airflow/example_dags/example_xcomargs.py for tasks to queue
[2025-03-26T13:02:03.596+0000] {logging_mixin.py:190} INFO - [2025-03-26T13:02:03.595+0000] {dagbag.py:588} INFO - Filling up the DagBag from /home/ubuntu/miniconda3/envs/mlflow/lib/python3.12/site-packages/airflow/example_dags/example_xcomargs.py
[2025-03-26T13:02:03.607+0000] {processor.py:925} INFO - DAG(s) 'example_xcom_args_with_operators', 'example_xcom_args' retrieved from /home/ubuntu/miniconda3/envs/mlflow/lib/python3.12/site-packages/airflow/example_dags/example_xcomargs.py
[2025-03-26T13:02:03.627+0000] {logging_mixin.py:190} INFO - [2025-03-26T13:02:03.627+0000] {dag.py:3239} INFO - Sync 2 DAGs
[2025-03-26T13:02:03.643+0000] {logging_mixin.py:190} INFO - [2025-03-26T13:02:03.643+0000] {dag.py:4180} INFO - Setting next_dagrun for example_xcom_args to None, run_after=None
[2025-03-26T13:02:03.648+0000] {logging_mixin.py:190} INFO - [2025-03-26T13:02:03.647+0000] {dag.py:4180} INFO - Setting next_dagrun for example_xcom_args_with_operators to None, run_after=None
[2025-03-26T13:02:03.678+0000] {processor.py:208} INFO - Processing /home/ubuntu/miniconda3/envs/mlflow/lib/python3.12/site-packages/airflow/example_dags/example_xcomargs.py took 0.092 seconds
