[2025-03-26T12:54:35.825+0000] {processor.py:186} INFO - Started process (PID=100152) to work on /home/ubuntu/miniconda3/envs/mlflow/lib/python3.12/site-packages/airflow/example_dags/example_short_circuit_decorator.py
[2025-03-26T12:54:35.826+0000] {processor.py:914} INFO - Processing file /home/ubuntu/miniconda3/envs/mlflow/lib/python3.12/site-packages/airflow/example_dags/example_short_circuit_decorator.py for tasks to queue
[2025-03-26T12:54:35.829+0000] {logging_mixin.py:190} INFO - [2025-03-26T12:54:35.829+0000] {dagbag.py:588} INFO - Filling up the DagBag from /home/ubuntu/miniconda3/envs/mlflow/lib/python3.12/site-packages/airflow/example_dags/example_short_circuit_decorator.py
[2025-03-26T12:54:35.839+0000] {processor.py:925} INFO - DAG(s) 'example_short_circuit_decorator' retrieved from /home/ubuntu/miniconda3/envs/mlflow/lib/python3.12/site-packages/airflow/example_dags/example_short_circuit_decorator.py
[2025-03-26T12:54:35.987+0000] {logging_mixin.py:190} INFO - [2025-03-26T12:54:35.986+0000] {override.py:1930} INFO - Created Permission View: can read on DAG:example_short_circuit_decorator
[2025-03-26T12:54:36.003+0000] {logging_mixin.py:190} INFO - [2025-03-26T12:54:36.003+0000] {override.py:1930} INFO - Created Permission View: can edit on DAG:example_short_circuit_decorator
[2025-03-26T12:54:36.017+0000] {logging_mixin.py:190} INFO - [2025-03-26T12:54:36.016+0000] {override.py:1930} INFO - Created Permission View: can delete on DAG:example_short_circuit_decorator
[2025-03-26T12:54:36.039+0000] {logging_mixin.py:190} INFO - [2025-03-26T12:54:36.038+0000] {override.py:1930} INFO - Created Permission View: can read on DAG Run:example_short_circuit_decorator
[2025-03-26T12:54:36.051+0000] {logging_mixin.py:190} INFO - [2025-03-26T12:54:36.051+0000] {override.py:1930} INFO - Created Permission View: menu access on DAG Run:example_short_circuit_decorator
[2025-03-26T12:54:36.071+0000] {logging_mixin.py:190} INFO - [2025-03-26T12:54:36.068+0000] {override.py:1930} INFO - Created Permission View: can create on DAG Run:example_short_circuit_decorator
[2025-03-26T12:54:36.095+0000] {logging_mixin.py:190} INFO - [2025-03-26T12:54:36.091+0000] {override.py:1930} INFO - Created Permission View: can delete on DAG Run:example_short_circuit_decorator
[2025-03-26T12:54:36.096+0000] {logging_mixin.py:190} INFO - [2025-03-26T12:54:36.095+0000] {dag.py:3239} INFO - Sync 1 DAGs
[2025-03-26T12:54:36.119+0000] {logging_mixin.py:190} INFO - [2025-03-26T12:54:36.119+0000] {dag.py:3262} INFO - Creating ORM DAG for example_short_circuit_decorator
[2025-03-26T12:54:36.120+0000] {logging_mixin.py:190} INFO - [2025-03-26T12:54:36.120+0000] {dag.py:4180} INFO - Setting next_dagrun for example_short_circuit_decorator to None, run_after=None
[2025-03-26T12:54:36.151+0000] {processor.py:208} INFO - Processing /home/ubuntu/miniconda3/envs/mlflow/lib/python3.12/site-packages/airflow/example_dags/example_short_circuit_decorator.py took 0.332 seconds
[2025-03-26T12:55:46.482+0000] {processor.py:186} INFO - Started process (PID=100345) to work on /home/ubuntu/miniconda3/envs/mlflow/lib/python3.12/site-packages/airflow/example_dags/example_short_circuit_decorator.py
[2025-03-26T12:55:46.484+0000] {processor.py:914} INFO - Processing file /home/ubuntu/miniconda3/envs/mlflow/lib/python3.12/site-packages/airflow/example_dags/example_short_circuit_decorator.py for tasks to queue
[2025-03-26T12:55:46.487+0000] {logging_mixin.py:190} INFO - [2025-03-26T12:55:46.486+0000] {dagbag.py:588} INFO - Filling up the DagBag from /home/ubuntu/miniconda3/envs/mlflow/lib/python3.12/site-packages/airflow/example_dags/example_short_circuit_decorator.py
[2025-03-26T12:55:46.498+0000] {processor.py:925} INFO - DAG(s) 'example_short_circuit_decorator' retrieved from /home/ubuntu/miniconda3/envs/mlflow/lib/python3.12/site-packages/airflow/example_dags/example_short_circuit_decorator.py
[2025-03-26T12:55:46.522+0000] {logging_mixin.py:190} INFO - [2025-03-26T12:55:46.521+0000] {dag.py:3239} INFO - Sync 1 DAGs
[2025-03-26T12:55:46.542+0000] {logging_mixin.py:190} INFO - [2025-03-26T12:55:46.542+0000] {dag.py:4180} INFO - Setting next_dagrun for example_short_circuit_decorator to None, run_after=None
[2025-03-26T12:55:46.592+0000] {processor.py:208} INFO - Processing /home/ubuntu/miniconda3/envs/mlflow/lib/python3.12/site-packages/airflow/example_dags/example_short_circuit_decorator.py took 0.115 seconds
[2025-03-26T12:56:50.797+0000] {processor.py:186} INFO - Started process (PID=100577) to work on /home/ubuntu/miniconda3/envs/mlflow/lib/python3.12/site-packages/airflow/example_dags/example_short_circuit_decorator.py
[2025-03-26T12:56:50.799+0000] {processor.py:914} INFO - Processing file /home/ubuntu/miniconda3/envs/mlflow/lib/python3.12/site-packages/airflow/example_dags/example_short_circuit_decorator.py for tasks to queue
[2025-03-26T12:56:50.802+0000] {logging_mixin.py:190} INFO - [2025-03-26T12:56:50.801+0000] {dagbag.py:588} INFO - Filling up the DagBag from /home/ubuntu/miniconda3/envs/mlflow/lib/python3.12/site-packages/airflow/example_dags/example_short_circuit_decorator.py
[2025-03-26T12:56:50.815+0000] {processor.py:925} INFO - DAG(s) 'example_short_circuit_decorator' retrieved from /home/ubuntu/miniconda3/envs/mlflow/lib/python3.12/site-packages/airflow/example_dags/example_short_circuit_decorator.py
[2025-03-26T12:56:50.842+0000] {logging_mixin.py:190} INFO - [2025-03-26T12:56:50.842+0000] {dag.py:3239} INFO - Sync 1 DAGs
[2025-03-26T12:56:50.858+0000] {logging_mixin.py:190} INFO - [2025-03-26T12:56:50.858+0000] {dag.py:4180} INFO - Setting next_dagrun for example_short_circuit_decorator to None, run_after=None
[2025-03-26T12:56:50.892+0000] {processor.py:208} INFO - Processing /home/ubuntu/miniconda3/envs/mlflow/lib/python3.12/site-packages/airflow/example_dags/example_short_circuit_decorator.py took 0.103 seconds
[2025-03-26T12:57:57.985+0000] {processor.py:186} INFO - Started process (PID=100757) to work on /home/ubuntu/miniconda3/envs/mlflow/lib/python3.12/site-packages/airflow/example_dags/example_short_circuit_decorator.py
[2025-03-26T12:57:57.986+0000] {processor.py:914} INFO - Processing file /home/ubuntu/miniconda3/envs/mlflow/lib/python3.12/site-packages/airflow/example_dags/example_short_circuit_decorator.py for tasks to queue
[2025-03-26T12:57:57.989+0000] {logging_mixin.py:190} INFO - [2025-03-26T12:57:57.988+0000] {dagbag.py:588} INFO - Filling up the DagBag from /home/ubuntu/miniconda3/envs/mlflow/lib/python3.12/site-packages/airflow/example_dags/example_short_circuit_decorator.py
[2025-03-26T12:57:58.004+0000] {processor.py:925} INFO - DAG(s) 'example_short_circuit_decorator' retrieved from /home/ubuntu/miniconda3/envs/mlflow/lib/python3.12/site-packages/airflow/example_dags/example_short_circuit_decorator.py
[2025-03-26T12:57:58.026+0000] {logging_mixin.py:190} INFO - [2025-03-26T12:57:58.025+0000] {dag.py:3239} INFO - Sync 1 DAGs
[2025-03-26T12:57:58.041+0000] {logging_mixin.py:190} INFO - [2025-03-26T12:57:58.041+0000] {dag.py:4180} INFO - Setting next_dagrun for example_short_circuit_decorator to None, run_after=None
[2025-03-26T12:57:58.069+0000] {processor.py:208} INFO - Processing /home/ubuntu/miniconda3/envs/mlflow/lib/python3.12/site-packages/airflow/example_dags/example_short_circuit_decorator.py took 0.092 seconds
[2025-03-26T12:59:00.336+0000] {processor.py:186} INFO - Started process (PID=100868) to work on /home/ubuntu/miniconda3/envs/mlflow/lib/python3.12/site-packages/airflow/example_dags/example_short_circuit_decorator.py
[2025-03-26T12:59:00.338+0000] {processor.py:914} INFO - Processing file /home/ubuntu/miniconda3/envs/mlflow/lib/python3.12/site-packages/airflow/example_dags/example_short_circuit_decorator.py for tasks to queue
[2025-03-26T12:59:00.340+0000] {logging_mixin.py:190} INFO - [2025-03-26T12:59:00.339+0000] {dagbag.py:588} INFO - Filling up the DagBag from /home/ubuntu/miniconda3/envs/mlflow/lib/python3.12/site-packages/airflow/example_dags/example_short_circuit_decorator.py
[2025-03-26T12:59:00.351+0000] {processor.py:925} INFO - DAG(s) 'example_short_circuit_decorator' retrieved from /home/ubuntu/miniconda3/envs/mlflow/lib/python3.12/site-packages/airflow/example_dags/example_short_circuit_decorator.py
[2025-03-26T12:59:00.374+0000] {logging_mixin.py:190} INFO - [2025-03-26T12:59:00.373+0000] {dag.py:3239} INFO - Sync 1 DAGs
[2025-03-26T12:59:00.389+0000] {logging_mixin.py:190} INFO - [2025-03-26T12:59:00.389+0000] {dag.py:4180} INFO - Setting next_dagrun for example_short_circuit_decorator to None, run_after=None
[2025-03-26T12:59:00.423+0000] {processor.py:208} INFO - Processing /home/ubuntu/miniconda3/envs/mlflow/lib/python3.12/site-packages/airflow/example_dags/example_short_circuit_decorator.py took 0.093 seconds
[2025-03-26T13:00:04.066+0000] {processor.py:186} INFO - Started process (PID=101069) to work on /home/ubuntu/miniconda3/envs/mlflow/lib/python3.12/site-packages/airflow/example_dags/example_short_circuit_decorator.py
[2025-03-26T13:00:04.067+0000] {processor.py:914} INFO - Processing file /home/ubuntu/miniconda3/envs/mlflow/lib/python3.12/site-packages/airflow/example_dags/example_short_circuit_decorator.py for tasks to queue
[2025-03-26T13:00:04.070+0000] {logging_mixin.py:190} INFO - [2025-03-26T13:00:04.070+0000] {dagbag.py:588} INFO - Filling up the DagBag from /home/ubuntu/miniconda3/envs/mlflow/lib/python3.12/site-packages/airflow/example_dags/example_short_circuit_decorator.py
[2025-03-26T13:00:04.083+0000] {processor.py:925} INFO - DAG(s) 'example_short_circuit_decorator' retrieved from /home/ubuntu/miniconda3/envs/mlflow/lib/python3.12/site-packages/airflow/example_dags/example_short_circuit_decorator.py
[2025-03-26T13:00:04.106+0000] {logging_mixin.py:190} INFO - [2025-03-26T13:00:04.106+0000] {dag.py:3239} INFO - Sync 1 DAGs
[2025-03-26T13:00:04.122+0000] {logging_mixin.py:190} INFO - [2025-03-26T13:00:04.122+0000] {dag.py:4180} INFO - Setting next_dagrun for example_short_circuit_decorator to None, run_after=None
[2025-03-26T13:00:04.152+0000] {processor.py:208} INFO - Processing /home/ubuntu/miniconda3/envs/mlflow/lib/python3.12/site-packages/airflow/example_dags/example_short_circuit_decorator.py took 0.093 seconds
[2025-03-26T13:01:06.639+0000] {processor.py:186} INFO - Started process (PID=101150) to work on /home/ubuntu/miniconda3/envs/mlflow/lib/python3.12/site-packages/airflow/example_dags/example_short_circuit_decorator.py
[2025-03-26T13:01:06.640+0000] {processor.py:914} INFO - Processing file /home/ubuntu/miniconda3/envs/mlflow/lib/python3.12/site-packages/airflow/example_dags/example_short_circuit_decorator.py for tasks to queue
[2025-03-26T13:01:06.644+0000] {logging_mixin.py:190} INFO - [2025-03-26T13:01:06.643+0000] {dagbag.py:588} INFO - Filling up the DagBag from /home/ubuntu/miniconda3/envs/mlflow/lib/python3.12/site-packages/airflow/example_dags/example_short_circuit_decorator.py
[2025-03-26T13:01:06.656+0000] {processor.py:925} INFO - DAG(s) 'example_short_circuit_decorator' retrieved from /home/ubuntu/miniconda3/envs/mlflow/lib/python3.12/site-packages/airflow/example_dags/example_short_circuit_decorator.py
[2025-03-26T13:01:06.680+0000] {logging_mixin.py:190} INFO - [2025-03-26T13:01:06.679+0000] {dag.py:3239} INFO - Sync 1 DAGs
[2025-03-26T13:01:06.695+0000] {logging_mixin.py:190} INFO - [2025-03-26T13:01:06.694+0000] {dag.py:4180} INFO - Setting next_dagrun for example_short_circuit_decorator to None, run_after=None
[2025-03-26T13:01:06.721+0000] {processor.py:208} INFO - Processing /home/ubuntu/miniconda3/envs/mlflow/lib/python3.12/site-packages/airflow/example_dags/example_short_circuit_decorator.py took 0.092 seconds
