[2025-03-26T12:54:45.913+0000] {processor.py:186} INFO - Started process (PID=100186) to work on /home/ubuntu/miniconda3/envs/mlflow/lib/python3.12/site-packages/airflow/example_dags/example_sensor_decorator.py
[2025-03-26T12:54:45.914+0000] {processor.py:914} INFO - Processing file /home/ubuntu/miniconda3/envs/mlflow/lib/python3.12/site-packages/airflow/example_dags/example_sensor_decorator.py for tasks to queue
[2025-03-26T12:54:45.916+0000] {logging_mixin.py:190} INFO - [2025-03-26T12:54:45.916+0000] {dagbag.py:588} INFO - Filling up the DagBag from /home/ubuntu/miniconda3/envs/mlflow/lib/python3.12/site-packages/airflow/example_dags/example_sensor_decorator.py
[2025-03-26T12:54:45.925+0000] {processor.py:925} INFO - DAG(s) 'example_sensor_decorator' retrieved from /home/ubuntu/miniconda3/envs/mlflow/lib/python3.12/site-packages/airflow/example_dags/example_sensor_decorator.py
[2025-03-26T12:54:46.048+0000] {logging_mixin.py:190} INFO - [2025-03-26T12:54:46.048+0000] {override.py:1930} INFO - Created Permission View: can read on DAG:example_sensor_decorator
[2025-03-26T12:54:46.066+0000] {logging_mixin.py:190} INFO - [2025-03-26T12:54:46.065+0000] {override.py:1930} INFO - Created Permission View: can edit on DAG:example_sensor_decorator
[2025-03-26T12:54:46.085+0000] {logging_mixin.py:190} INFO - [2025-03-26T12:54:46.084+0000] {override.py:1930} INFO - Created Permission View: can delete on DAG:example_sensor_decorator
[2025-03-26T12:54:46.106+0000] {logging_mixin.py:190} INFO - [2025-03-26T12:54:46.106+0000] {override.py:1930} INFO - Created Permission View: can read on DAG Run:example_sensor_decorator
[2025-03-26T12:54:46.121+0000] {logging_mixin.py:190} INFO - [2025-03-26T12:54:46.120+0000] {override.py:1930} INFO - Created Permission View: menu access on DAG Run:example_sensor_decorator
[2025-03-26T12:54:46.136+0000] {logging_mixin.py:190} INFO - [2025-03-26T12:54:46.135+0000] {override.py:1930} INFO - Created Permission View: can create on DAG Run:example_sensor_decorator
[2025-03-26T12:54:46.151+0000] {logging_mixin.py:190} INFO - [2025-03-26T12:54:46.150+0000] {override.py:1930} INFO - Created Permission View: can delete on DAG Run:example_sensor_decorator
[2025-03-26T12:54:46.151+0000] {logging_mixin.py:190} INFO - [2025-03-26T12:54:46.151+0000] {dag.py:3239} INFO - Sync 1 DAGs
[2025-03-26T12:54:46.169+0000] {logging_mixin.py:190} INFO - [2025-03-26T12:54:46.169+0000] {dag.py:3262} INFO - Creating ORM DAG for example_sensor_decorator
[2025-03-26T12:54:46.170+0000] {logging_mixin.py:190} INFO - [2025-03-26T12:54:46.169+0000] {dag.py:4180} INFO - Setting next_dagrun for example_sensor_decorator to None, run_after=None
[2025-03-26T12:54:46.194+0000] {processor.py:208} INFO - Processing /home/ubuntu/miniconda3/envs/mlflow/lib/python3.12/site-packages/airflow/example_dags/example_sensor_decorator.py took 0.288 seconds
[2025-03-26T12:55:54.478+0000] {processor.py:186} INFO - Started process (PID=100381) to work on /home/ubuntu/miniconda3/envs/mlflow/lib/python3.12/site-packages/airflow/example_dags/example_sensor_decorator.py
[2025-03-26T12:55:54.480+0000] {processor.py:914} INFO - Processing file /home/ubuntu/miniconda3/envs/mlflow/lib/python3.12/site-packages/airflow/example_dags/example_sensor_decorator.py for tasks to queue
[2025-03-26T12:55:54.482+0000] {logging_mixin.py:190} INFO - [2025-03-26T12:55:54.482+0000] {dagbag.py:588} INFO - Filling up the DagBag from /home/ubuntu/miniconda3/envs/mlflow/lib/python3.12/site-packages/airflow/example_dags/example_sensor_decorator.py
[2025-03-26T12:55:54.491+0000] {processor.py:925} INFO - DAG(s) 'example_sensor_decorator' retrieved from /home/ubuntu/miniconda3/envs/mlflow/lib/python3.12/site-packages/airflow/example_dags/example_sensor_decorator.py
[2025-03-26T12:55:54.507+0000] {logging_mixin.py:190} INFO - [2025-03-26T12:55:54.506+0000] {dag.py:3239} INFO - Sync 1 DAGs
[2025-03-26T12:55:54.521+0000] {logging_mixin.py:190} INFO - [2025-03-26T12:55:54.521+0000] {dag.py:4180} INFO - Setting next_dagrun for example_sensor_decorator to None, run_after=None
[2025-03-26T12:55:54.548+0000] {processor.py:208} INFO - Processing /home/ubuntu/miniconda3/envs/mlflow/lib/python3.12/site-packages/airflow/example_dags/example_sensor_decorator.py took 0.078 seconds
[2025-03-26T12:56:59.436+0000] {processor.py:186} INFO - Started process (PID=100589) to work on /home/ubuntu/miniconda3/envs/mlflow/lib/python3.12/site-packages/airflow/example_dags/example_sensor_decorator.py
[2025-03-26T12:56:59.438+0000] {processor.py:914} INFO - Processing file /home/ubuntu/miniconda3/envs/mlflow/lib/python3.12/site-packages/airflow/example_dags/example_sensor_decorator.py for tasks to queue
[2025-03-26T12:56:59.440+0000] {logging_mixin.py:190} INFO - [2025-03-26T12:56:59.440+0000] {dagbag.py:588} INFO - Filling up the DagBag from /home/ubuntu/miniconda3/envs/mlflow/lib/python3.12/site-packages/airflow/example_dags/example_sensor_decorator.py
[2025-03-26T12:56:59.452+0000] {processor.py:925} INFO - DAG(s) 'example_sensor_decorator' retrieved from /home/ubuntu/miniconda3/envs/mlflow/lib/python3.12/site-packages/airflow/example_dags/example_sensor_decorator.py
[2025-03-26T12:56:59.470+0000] {logging_mixin.py:190} INFO - [2025-03-26T12:56:59.470+0000] {dag.py:3239} INFO - Sync 1 DAGs
[2025-03-26T12:56:59.486+0000] {logging_mixin.py:190} INFO - [2025-03-26T12:56:59.486+0000] {dag.py:4180} INFO - Setting next_dagrun for example_sensor_decorator to None, run_after=None
[2025-03-26T12:56:59.521+0000] {processor.py:208} INFO - Processing /home/ubuntu/miniconda3/envs/mlflow/lib/python3.12/site-packages/airflow/example_dags/example_sensor_decorator.py took 0.091 seconds
[2025-03-26T12:58:06.673+0000] {processor.py:186} INFO - Started process (PID=100773) to work on /home/ubuntu/miniconda3/envs/mlflow/lib/python3.12/site-packages/airflow/example_dags/example_sensor_decorator.py
[2025-03-26T12:58:06.676+0000] {processor.py:914} INFO - Processing file /home/ubuntu/miniconda3/envs/mlflow/lib/python3.12/site-packages/airflow/example_dags/example_sensor_decorator.py for tasks to queue
[2025-03-26T12:58:06.678+0000] {logging_mixin.py:190} INFO - [2025-03-26T12:58:06.678+0000] {dagbag.py:588} INFO - Filling up the DagBag from /home/ubuntu/miniconda3/envs/mlflow/lib/python3.12/site-packages/airflow/example_dags/example_sensor_decorator.py
[2025-03-26T12:58:06.692+0000] {processor.py:925} INFO - DAG(s) 'example_sensor_decorator' retrieved from /home/ubuntu/miniconda3/envs/mlflow/lib/python3.12/site-packages/airflow/example_dags/example_sensor_decorator.py
[2025-03-26T12:58:06.713+0000] {logging_mixin.py:190} INFO - [2025-03-26T12:58:06.712+0000] {dag.py:3239} INFO - Sync 1 DAGs
[2025-03-26T12:58:06.730+0000] {logging_mixin.py:190} INFO - [2025-03-26T12:58:06.730+0000] {dag.py:4180} INFO - Setting next_dagrun for example_sensor_decorator to None, run_after=None
[2025-03-26T12:58:06.764+0000] {processor.py:208} INFO - Processing /home/ubuntu/miniconda3/envs/mlflow/lib/python3.12/site-packages/airflow/example_dags/example_sensor_decorator.py took 0.103 seconds
[2025-03-26T12:59:08.349+0000] {processor.py:186} INFO - Started process (PID=100896) to work on /home/ubuntu/miniconda3/envs/mlflow/lib/python3.12/site-packages/airflow/example_dags/example_sensor_decorator.py
[2025-03-26T12:59:08.351+0000] {processor.py:914} INFO - Processing file /home/ubuntu/miniconda3/envs/mlflow/lib/python3.12/site-packages/airflow/example_dags/example_sensor_decorator.py for tasks to queue
[2025-03-26T12:59:08.355+0000] {logging_mixin.py:190} INFO - [2025-03-26T12:59:08.355+0000] {dagbag.py:588} INFO - Filling up the DagBag from /home/ubuntu/miniconda3/envs/mlflow/lib/python3.12/site-packages/airflow/example_dags/example_sensor_decorator.py
[2025-03-26T12:59:08.365+0000] {processor.py:925} INFO - DAG(s) 'example_sensor_decorator' retrieved from /home/ubuntu/miniconda3/envs/mlflow/lib/python3.12/site-packages/airflow/example_dags/example_sensor_decorator.py
[2025-03-26T12:59:08.381+0000] {logging_mixin.py:190} INFO - [2025-03-26T12:59:08.381+0000] {dag.py:3239} INFO - Sync 1 DAGs
[2025-03-26T12:59:08.396+0000] {logging_mixin.py:190} INFO - [2025-03-26T12:59:08.396+0000] {dag.py:4180} INFO - Setting next_dagrun for example_sensor_decorator to None, run_after=None
[2025-03-26T12:59:08.426+0000] {processor.py:208} INFO - Processing /home/ubuntu/miniconda3/envs/mlflow/lib/python3.12/site-packages/airflow/example_dags/example_sensor_decorator.py took 0.084 seconds
[2025-03-26T13:00:11.867+0000] {processor.py:186} INFO - Started process (PID=101081) to work on /home/ubuntu/miniconda3/envs/mlflow/lib/python3.12/site-packages/airflow/example_dags/example_sensor_decorator.py
[2025-03-26T13:00:11.868+0000] {processor.py:914} INFO - Processing file /home/ubuntu/miniconda3/envs/mlflow/lib/python3.12/site-packages/airflow/example_dags/example_sensor_decorator.py for tasks to queue
[2025-03-26T13:00:11.870+0000] {logging_mixin.py:190} INFO - [2025-03-26T13:00:11.870+0000] {dagbag.py:588} INFO - Filling up the DagBag from /home/ubuntu/miniconda3/envs/mlflow/lib/python3.12/site-packages/airflow/example_dags/example_sensor_decorator.py
[2025-03-26T13:00:11.879+0000] {processor.py:925} INFO - DAG(s) 'example_sensor_decorator' retrieved from /home/ubuntu/miniconda3/envs/mlflow/lib/python3.12/site-packages/airflow/example_dags/example_sensor_decorator.py
[2025-03-26T13:00:11.895+0000] {logging_mixin.py:190} INFO - [2025-03-26T13:00:11.895+0000] {dag.py:3239} INFO - Sync 1 DAGs
[2025-03-26T13:00:11.910+0000] {logging_mixin.py:190} INFO - [2025-03-26T13:00:11.910+0000] {dag.py:4180} INFO - Setting next_dagrun for example_sensor_decorator to None, run_after=None
[2025-03-26T13:00:11.937+0000] {processor.py:208} INFO - Processing /home/ubuntu/miniconda3/envs/mlflow/lib/python3.12/site-packages/airflow/example_dags/example_sensor_decorator.py took 0.077 seconds
[2025-03-26T13:01:15.488+0000] {processor.py:186} INFO - Started process (PID=101158) to work on /home/ubuntu/miniconda3/envs/mlflow/lib/python3.12/site-packages/airflow/example_dags/example_sensor_decorator.py
[2025-03-26T13:01:15.494+0000] {processor.py:914} INFO - Processing file /home/ubuntu/miniconda3/envs/mlflow/lib/python3.12/site-packages/airflow/example_dags/example_sensor_decorator.py for tasks to queue
[2025-03-26T13:01:15.502+0000] {logging_mixin.py:190} INFO - [2025-03-26T13:01:15.501+0000] {dagbag.py:588} INFO - Filling up the DagBag from /home/ubuntu/miniconda3/envs/mlflow/lib/python3.12/site-packages/airflow/example_dags/example_sensor_decorator.py
[2025-03-26T13:01:15.512+0000] {processor.py:925} INFO - DAG(s) 'example_sensor_decorator' retrieved from /home/ubuntu/miniconda3/envs/mlflow/lib/python3.12/site-packages/airflow/example_dags/example_sensor_decorator.py
[2025-03-26T13:01:15.538+0000] {logging_mixin.py:190} INFO - [2025-03-26T13:01:15.538+0000] {dag.py:3239} INFO - Sync 1 DAGs
[2025-03-26T13:01:15.561+0000] {logging_mixin.py:190} INFO - [2025-03-26T13:01:15.561+0000] {dag.py:4180} INFO - Setting next_dagrun for example_sensor_decorator to None, run_after=None
[2025-03-26T13:01:15.596+0000] {processor.py:208} INFO - Processing /home/ubuntu/miniconda3/envs/mlflow/lib/python3.12/site-packages/airflow/example_dags/example_sensor_decorator.py took 0.125 seconds
