[2025-03-26T12:55:05.499+0000] {processor.py:186} INFO - Started process (PID=100222) to work on /home/ubuntu/miniconda3/envs/mlflow/lib/python3.12/site-packages/airflow/example_dags/example_bash_operator.py
[2025-03-26T12:55:05.499+0000] {processor.py:914} INFO - Processing file /home/ubuntu/miniconda3/envs/mlflow/lib/python3.12/site-packages/airflow/example_dags/example_bash_operator.py for tasks to queue
[2025-03-26T12:55:05.504+0000] {logging_mixin.py:190} INFO - [2025-03-26T12:55:05.503+0000] {dagbag.py:588} INFO - Filling up the DagBag from /home/ubuntu/miniconda3/envs/mlflow/lib/python3.12/site-packages/airflow/example_dags/example_bash_operator.py
[2025-03-26T12:55:05.519+0000] {processor.py:925} INFO - DAG(s) 'example_bash_operator' retrieved from /home/ubuntu/miniconda3/envs/mlflow/lib/python3.12/site-packages/airflow/example_dags/example_bash_operator.py
[2025-03-26T12:55:05.681+0000] {logging_mixin.py:190} INFO - [2025-03-26T12:55:05.681+0000] {override.py:1930} INFO - Created Permission View: can read on DAG:example_bash_operator
[2025-03-26T12:55:05.703+0000] {logging_mixin.py:190} INFO - [2025-03-26T12:55:05.702+0000] {override.py:1930} INFO - Created Permission View: can edit on DAG:example_bash_operator
[2025-03-26T12:55:05.719+0000] {logging_mixin.py:190} INFO - [2025-03-26T12:55:05.718+0000] {override.py:1930} INFO - Created Permission View: can delete on DAG:example_bash_operator
[2025-03-26T12:55:05.739+0000] {logging_mixin.py:190} INFO - [2025-03-26T12:55:05.738+0000] {override.py:1930} INFO - Created Permission View: can read on DAG Run:example_bash_operator
[2025-03-26T12:55:05.751+0000] {logging_mixin.py:190} INFO - [2025-03-26T12:55:05.750+0000] {override.py:1930} INFO - Created Permission View: menu access on DAG Run:example_bash_operator
[2025-03-26T12:55:05.763+0000] {logging_mixin.py:190} INFO - [2025-03-26T12:55:05.763+0000] {override.py:1930} INFO - Created Permission View: can create on DAG Run:example_bash_operator
[2025-03-26T12:55:05.776+0000] {logging_mixin.py:190} INFO - [2025-03-26T12:55:05.775+0000] {override.py:1930} INFO - Created Permission View: can delete on DAG Run:example_bash_operator
[2025-03-26T12:55:05.776+0000] {logging_mixin.py:190} INFO - [2025-03-26T12:55:05.776+0000] {dag.py:3239} INFO - Sync 1 DAGs
[2025-03-26T12:55:05.791+0000] {logging_mixin.py:190} INFO - [2025-03-26T12:55:05.791+0000] {dag.py:3262} INFO - Creating ORM DAG for example_bash_operator
[2025-03-26T12:55:05.803+0000] {logging_mixin.py:190} INFO - [2025-03-26T12:55:05.803+0000] {dag.py:4180} INFO - Setting next_dagrun for example_bash_operator to 2025-03-25 00:00:00+00:00, run_after=2025-03-26 00:00:00+00:00
[2025-03-26T12:55:05.832+0000] {processor.py:208} INFO - Processing /home/ubuntu/miniconda3/envs/mlflow/lib/python3.12/site-packages/airflow/example_dags/example_bash_operator.py took 0.342 seconds
[2025-03-26T12:56:17.461+0000] {processor.py:186} INFO - Started process (PID=100466) to work on /home/ubuntu/miniconda3/envs/mlflow/lib/python3.12/site-packages/airflow/example_dags/example_bash_operator.py
[2025-03-26T12:56:17.462+0000] {processor.py:914} INFO - Processing file /home/ubuntu/miniconda3/envs/mlflow/lib/python3.12/site-packages/airflow/example_dags/example_bash_operator.py for tasks to queue
[2025-03-26T12:56:17.467+0000] {logging_mixin.py:190} INFO - [2025-03-26T12:56:17.466+0000] {dagbag.py:588} INFO - Filling up the DagBag from /home/ubuntu/miniconda3/envs/mlflow/lib/python3.12/site-packages/airflow/example_dags/example_bash_operator.py
[2025-03-26T12:56:17.487+0000] {processor.py:925} INFO - DAG(s) 'example_bash_operator' retrieved from /home/ubuntu/miniconda3/envs/mlflow/lib/python3.12/site-packages/airflow/example_dags/example_bash_operator.py
[2025-03-26T12:56:17.513+0000] {logging_mixin.py:190} INFO - [2025-03-26T12:56:17.512+0000] {dag.py:3239} INFO - Sync 1 DAGs
[2025-03-26T12:56:17.539+0000] {logging_mixin.py:190} INFO - [2025-03-26T12:56:17.539+0000] {dag.py:4180} INFO - Setting next_dagrun for example_bash_operator to 2025-03-25 00:00:00+00:00, run_after=2025-03-26 00:00:00+00:00
[2025-03-26T12:56:17.565+0000] {processor.py:208} INFO - Processing /home/ubuntu/miniconda3/envs/mlflow/lib/python3.12/site-packages/airflow/example_dags/example_bash_operator.py took 0.111 seconds
[2025-03-26T12:57:23.098+0000] {processor.py:186} INFO - Started process (PID=100696) to work on /home/ubuntu/miniconda3/envs/mlflow/lib/python3.12/site-packages/airflow/example_dags/example_bash_operator.py
[2025-03-26T12:57:23.100+0000] {processor.py:914} INFO - Processing file /home/ubuntu/miniconda3/envs/mlflow/lib/python3.12/site-packages/airflow/example_dags/example_bash_operator.py for tasks to queue
[2025-03-26T12:57:23.103+0000] {logging_mixin.py:190} INFO - [2025-03-26T12:57:23.102+0000] {dagbag.py:588} INFO - Filling up the DagBag from /home/ubuntu/miniconda3/envs/mlflow/lib/python3.12/site-packages/airflow/example_dags/example_bash_operator.py
[2025-03-26T12:57:23.125+0000] {processor.py:925} INFO - DAG(s) 'example_bash_operator' retrieved from /home/ubuntu/miniconda3/envs/mlflow/lib/python3.12/site-packages/airflow/example_dags/example_bash_operator.py
[2025-03-26T12:57:23.161+0000] {logging_mixin.py:190} INFO - [2025-03-26T12:57:23.160+0000] {dag.py:3239} INFO - Sync 1 DAGs
[2025-03-26T12:57:23.190+0000] {logging_mixin.py:190} INFO - [2025-03-26T12:57:23.190+0000] {dag.py:4180} INFO - Setting next_dagrun for example_bash_operator to 2025-03-25 00:00:00+00:00, run_after=2025-03-26 00:00:00+00:00
[2025-03-26T12:57:23.224+0000] {processor.py:208} INFO - Processing /home/ubuntu/miniconda3/envs/mlflow/lib/python3.12/site-packages/airflow/example_dags/example_bash_operator.py took 0.134 seconds
[2025-03-26T12:58:28.652+0000] {processor.py:186} INFO - Started process (PID=100812) to work on /home/ubuntu/miniconda3/envs/mlflow/lib/python3.12/site-packages/airflow/example_dags/example_bash_operator.py
[2025-03-26T12:58:28.656+0000] {processor.py:914} INFO - Processing file /home/ubuntu/miniconda3/envs/mlflow/lib/python3.12/site-packages/airflow/example_dags/example_bash_operator.py for tasks to queue
[2025-03-26T12:58:28.658+0000] {logging_mixin.py:190} INFO - [2025-03-26T12:58:28.658+0000] {dagbag.py:588} INFO - Filling up the DagBag from /home/ubuntu/miniconda3/envs/mlflow/lib/python3.12/site-packages/airflow/example_dags/example_bash_operator.py
[2025-03-26T12:58:28.673+0000] {processor.py:925} INFO - DAG(s) 'example_bash_operator' retrieved from /home/ubuntu/miniconda3/envs/mlflow/lib/python3.12/site-packages/airflow/example_dags/example_bash_operator.py
[2025-03-26T12:58:28.704+0000] {logging_mixin.py:190} INFO - [2025-03-26T12:58:28.703+0000] {dag.py:3239} INFO - Sync 1 DAGs
[2025-03-26T12:58:28.730+0000] {logging_mixin.py:190} INFO - [2025-03-26T12:58:28.730+0000] {dag.py:4180} INFO - Setting next_dagrun for example_bash_operator to 2025-03-25 00:00:00+00:00, run_after=2025-03-26 00:00:00+00:00
[2025-03-26T12:58:28.761+0000] {processor.py:208} INFO - Processing /home/ubuntu/miniconda3/envs/mlflow/lib/python3.12/site-packages/airflow/example_dags/example_bash_operator.py took 0.114 seconds
[2025-03-26T12:59:31.040+0000] {processor.py:186} INFO - Started process (PID=100951) to work on /home/ubuntu/miniconda3/envs/mlflow/lib/python3.12/site-packages/airflow/example_dags/example_bash_operator.py
[2025-03-26T12:59:31.042+0000] {processor.py:914} INFO - Processing file /home/ubuntu/miniconda3/envs/mlflow/lib/python3.12/site-packages/airflow/example_dags/example_bash_operator.py for tasks to queue
[2025-03-26T12:59:31.044+0000] {logging_mixin.py:190} INFO - [2025-03-26T12:59:31.044+0000] {dagbag.py:588} INFO - Filling up the DagBag from /home/ubuntu/miniconda3/envs/mlflow/lib/python3.12/site-packages/airflow/example_dags/example_bash_operator.py
[2025-03-26T12:59:31.062+0000] {processor.py:925} INFO - DAG(s) 'example_bash_operator' retrieved from /home/ubuntu/miniconda3/envs/mlflow/lib/python3.12/site-packages/airflow/example_dags/example_bash_operator.py
[2025-03-26T12:59:31.089+0000] {logging_mixin.py:190} INFO - [2025-03-26T12:59:31.089+0000] {dag.py:3239} INFO - Sync 1 DAGs
[2025-03-26T12:59:31.116+0000] {logging_mixin.py:190} INFO - [2025-03-26T12:59:31.115+0000] {dag.py:4180} INFO - Setting next_dagrun for example_bash_operator to 2025-03-25 00:00:00+00:00, run_after=2025-03-26 00:00:00+00:00
[2025-03-26T12:59:31.143+0000] {processor.py:208} INFO - Processing /home/ubuntu/miniconda3/envs/mlflow/lib/python3.12/site-packages/airflow/example_dags/example_bash_operator.py took 0.109 seconds
[2025-03-26T13:00:33.602+0000] {processor.py:186} INFO - Started process (PID=101117) to work on /home/ubuntu/miniconda3/envs/mlflow/lib/python3.12/site-packages/airflow/example_dags/example_bash_operator.py
[2025-03-26T13:00:33.604+0000] {processor.py:914} INFO - Processing file /home/ubuntu/miniconda3/envs/mlflow/lib/python3.12/site-packages/airflow/example_dags/example_bash_operator.py for tasks to queue
[2025-03-26T13:00:33.607+0000] {logging_mixin.py:190} INFO - [2025-03-26T13:00:33.606+0000] {dagbag.py:588} INFO - Filling up the DagBag from /home/ubuntu/miniconda3/envs/mlflow/lib/python3.12/site-packages/airflow/example_dags/example_bash_operator.py
[2025-03-26T13:00:33.628+0000] {processor.py:925} INFO - DAG(s) 'example_bash_operator' retrieved from /home/ubuntu/miniconda3/envs/mlflow/lib/python3.12/site-packages/airflow/example_dags/example_bash_operator.py
[2025-03-26T13:00:33.678+0000] {logging_mixin.py:190} INFO - [2025-03-26T13:00:33.678+0000] {dag.py:3239} INFO - Sync 1 DAGs
[2025-03-26T13:00:33.715+0000] {logging_mixin.py:190} INFO - [2025-03-26T13:00:33.715+0000] {dag.py:4180} INFO - Setting next_dagrun for example_bash_operator to 2025-03-25 00:00:00+00:00, run_after=2025-03-26 00:00:00+00:00
[2025-03-26T13:00:33.748+0000] {processor.py:208} INFO - Processing /home/ubuntu/miniconda3/envs/mlflow/lib/python3.12/site-packages/airflow/example_dags/example_bash_operator.py took 0.152 seconds
[2025-03-26T13:01:38.679+0000] {processor.py:186} INFO - Started process (PID=101181) to work on /home/ubuntu/miniconda3/envs/mlflow/lib/python3.12/site-packages/airflow/example_dags/example_bash_operator.py
[2025-03-26T13:01:38.681+0000] {processor.py:914} INFO - Processing file /home/ubuntu/miniconda3/envs/mlflow/lib/python3.12/site-packages/airflow/example_dags/example_bash_operator.py for tasks to queue
[2025-03-26T13:01:38.683+0000] {logging_mixin.py:190} INFO - [2025-03-26T13:01:38.682+0000] {dagbag.py:588} INFO - Filling up the DagBag from /home/ubuntu/miniconda3/envs/mlflow/lib/python3.12/site-packages/airflow/example_dags/example_bash_operator.py
[2025-03-26T13:01:38.698+0000] {processor.py:925} INFO - DAG(s) 'example_bash_operator' retrieved from /home/ubuntu/miniconda3/envs/mlflow/lib/python3.12/site-packages/airflow/example_dags/example_bash_operator.py
[2025-03-26T13:01:38.726+0000] {logging_mixin.py:190} INFO - [2025-03-26T13:01:38.726+0000] {dag.py:3239} INFO - Sync 1 DAGs
[2025-03-26T13:01:38.753+0000] {logging_mixin.py:190} INFO - [2025-03-26T13:01:38.752+0000] {dag.py:4180} INFO - Setting next_dagrun for example_bash_operator to 2025-03-25 00:00:00+00:00, run_after=2025-03-26 00:00:00+00:00
[2025-03-26T13:01:38.789+0000] {processor.py:208} INFO - Processing /home/ubuntu/miniconda3/envs/mlflow/lib/python3.12/site-packages/airflow/example_dags/example_bash_operator.py took 0.116 seconds
