[2025-03-26T12:54:53.558+0000] {processor.py:186} INFO - Started process (PID=100196) to work on /home/ubuntu/miniconda3/envs/mlflow/lib/python3.12/site-packages/airflow/example_dags/example_dynamic_task_mapping_with_no_taskflow_operators.py
[2025-03-26T12:54:53.559+0000] {processor.py:914} INFO - Processing file /home/ubuntu/miniconda3/envs/mlflow/lib/python3.12/site-packages/airflow/example_dags/example_dynamic_task_mapping_with_no_taskflow_operators.py for tasks to queue
[2025-03-26T12:54:53.561+0000] {logging_mixin.py:190} INFO - [2025-03-26T12:54:53.561+0000] {dagbag.py:588} INFO - Filling up the DagBag from /home/ubuntu/miniconda3/envs/mlflow/lib/python3.12/site-packages/airflow/example_dags/example_dynamic_task_mapping_with_no_taskflow_operators.py
[2025-03-26T12:54:53.571+0000] {processor.py:925} INFO - DAG(s) 'example_dynamic_task_mapping_with_no_taskflow_operators' retrieved from /home/ubuntu/miniconda3/envs/mlflow/lib/python3.12/site-packages/airflow/example_dags/example_dynamic_task_mapping_with_no_taskflow_operators.py
[2025-03-26T12:54:53.711+0000] {logging_mixin.py:190} INFO - [2025-03-26T12:54:53.711+0000] {override.py:1930} INFO - Created Permission View: can read on DAG:example_dynamic_task_mapping_with_no_taskflow_operators
[2025-03-26T12:54:53.729+0000] {logging_mixin.py:190} INFO - [2025-03-26T12:54:53.729+0000] {override.py:1930} INFO - Created Permission View: can edit on DAG:example_dynamic_task_mapping_with_no_taskflow_operators
[2025-03-26T12:54:53.743+0000] {logging_mixin.py:190} INFO - [2025-03-26T12:54:53.743+0000] {override.py:1930} INFO - Created Permission View: can delete on DAG:example_dynamic_task_mapping_with_no_taskflow_operators
[2025-03-26T12:54:53.767+0000] {logging_mixin.py:190} INFO - [2025-03-26T12:54:53.766+0000] {override.py:1930} INFO - Created Permission View: can read on DAG Run:example_dynamic_task_mapping_with_no_taskflow_operators
[2025-03-26T12:54:53.782+0000] {logging_mixin.py:190} INFO - [2025-03-26T12:54:53.781+0000] {override.py:1930} INFO - Created Permission View: menu access on DAG Run:example_dynamic_task_mapping_with_no_taskflow_operators
[2025-03-26T12:54:53.795+0000] {logging_mixin.py:190} INFO - [2025-03-26T12:54:53.794+0000] {override.py:1930} INFO - Created Permission View: can create on DAG Run:example_dynamic_task_mapping_with_no_taskflow_operators
[2025-03-26T12:54:53.808+0000] {logging_mixin.py:190} INFO - [2025-03-26T12:54:53.807+0000] {override.py:1930} INFO - Created Permission View: can delete on DAG Run:example_dynamic_task_mapping_with_no_taskflow_operators
[2025-03-26T12:54:53.809+0000] {logging_mixin.py:190} INFO - [2025-03-26T12:54:53.809+0000] {dag.py:3239} INFO - Sync 1 DAGs
[2025-03-26T12:54:53.828+0000] {logging_mixin.py:190} INFO - [2025-03-26T12:54:53.828+0000] {dag.py:3262} INFO - Creating ORM DAG for example_dynamic_task_mapping_with_no_taskflow_operators
[2025-03-26T12:54:53.829+0000] {logging_mixin.py:190} INFO - [2025-03-26T12:54:53.829+0000] {dag.py:4180} INFO - Setting next_dagrun for example_dynamic_task_mapping_with_no_taskflow_operators to None, run_after=None
[2025-03-26T12:54:53.866+0000] {processor.py:208} INFO - Processing /home/ubuntu/miniconda3/envs/mlflow/lib/python3.12/site-packages/airflow/example_dags/example_dynamic_task_mapping_with_no_taskflow_operators.py took 0.314 seconds
[2025-03-26T12:56:09.756+0000] {processor.py:186} INFO - Started process (PID=100442) to work on /home/ubuntu/miniconda3/envs/mlflow/lib/python3.12/site-packages/airflow/example_dags/example_dynamic_task_mapping_with_no_taskflow_operators.py
[2025-03-26T12:56:09.759+0000] {processor.py:914} INFO - Processing file /home/ubuntu/miniconda3/envs/mlflow/lib/python3.12/site-packages/airflow/example_dags/example_dynamic_task_mapping_with_no_taskflow_operators.py for tasks to queue
[2025-03-26T12:56:09.762+0000] {logging_mixin.py:190} INFO - [2025-03-26T12:56:09.761+0000] {dagbag.py:588} INFO - Filling up the DagBag from /home/ubuntu/miniconda3/envs/mlflow/lib/python3.12/site-packages/airflow/example_dags/example_dynamic_task_mapping_with_no_taskflow_operators.py
[2025-03-26T12:56:09.773+0000] {processor.py:925} INFO - DAG(s) 'example_dynamic_task_mapping_with_no_taskflow_operators' retrieved from /home/ubuntu/miniconda3/envs/mlflow/lib/python3.12/site-packages/airflow/example_dags/example_dynamic_task_mapping_with_no_taskflow_operators.py
[2025-03-26T12:56:09.789+0000] {logging_mixin.py:190} INFO - [2025-03-26T12:56:09.789+0000] {dag.py:3239} INFO - Sync 1 DAGs
[2025-03-26T12:56:09.804+0000] {logging_mixin.py:190} INFO - [2025-03-26T12:56:09.804+0000] {dag.py:4180} INFO - Setting next_dagrun for example_dynamic_task_mapping_with_no_taskflow_operators to None, run_after=None
[2025-03-26T12:56:09.834+0000] {processor.py:208} INFO - Processing /home/ubuntu/miniconda3/envs/mlflow/lib/python3.12/site-packages/airflow/example_dags/example_dynamic_task_mapping_with_no_taskflow_operators.py took 0.086 seconds
[2025-03-26T12:57:15.165+0000] {processor.py:186} INFO - Started process (PID=100655) to work on /home/ubuntu/miniconda3/envs/mlflow/lib/python3.12/site-packages/airflow/example_dags/example_dynamic_task_mapping_with_no_taskflow_operators.py
[2025-03-26T12:57:15.167+0000] {processor.py:914} INFO - Processing file /home/ubuntu/miniconda3/envs/mlflow/lib/python3.12/site-packages/airflow/example_dags/example_dynamic_task_mapping_with_no_taskflow_operators.py for tasks to queue
[2025-03-26T12:57:15.169+0000] {logging_mixin.py:190} INFO - [2025-03-26T12:57:15.169+0000] {dagbag.py:588} INFO - Filling up the DagBag from /home/ubuntu/miniconda3/envs/mlflow/lib/python3.12/site-packages/airflow/example_dags/example_dynamic_task_mapping_with_no_taskflow_operators.py
[2025-03-26T12:57:15.179+0000] {processor.py:925} INFO - DAG(s) 'example_dynamic_task_mapping_with_no_taskflow_operators' retrieved from /home/ubuntu/miniconda3/envs/mlflow/lib/python3.12/site-packages/airflow/example_dags/example_dynamic_task_mapping_with_no_taskflow_operators.py
[2025-03-26T12:57:15.198+0000] {logging_mixin.py:190} INFO - [2025-03-26T12:57:15.197+0000] {dag.py:3239} INFO - Sync 1 DAGs
[2025-03-26T12:57:15.217+0000] {logging_mixin.py:190} INFO - [2025-03-26T12:57:15.217+0000] {dag.py:4180} INFO - Setting next_dagrun for example_dynamic_task_mapping_with_no_taskflow_operators to None, run_after=None
[2025-03-26T12:57:15.251+0000] {processor.py:208} INFO - Processing /home/ubuntu/miniconda3/envs/mlflow/lib/python3.12/site-packages/airflow/example_dags/example_dynamic_task_mapping_with_no_taskflow_operators.py took 0.092 seconds
[2025-03-26T12:58:19.846+0000] {processor.py:186} INFO - Started process (PID=100795) to work on /home/ubuntu/miniconda3/envs/mlflow/lib/python3.12/site-packages/airflow/example_dags/example_dynamic_task_mapping_with_no_taskflow_operators.py
[2025-03-26T12:58:19.848+0000] {processor.py:914} INFO - Processing file /home/ubuntu/miniconda3/envs/mlflow/lib/python3.12/site-packages/airflow/example_dags/example_dynamic_task_mapping_with_no_taskflow_operators.py for tasks to queue
[2025-03-26T12:58:19.852+0000] {logging_mixin.py:190} INFO - [2025-03-26T12:58:19.851+0000] {dagbag.py:588} INFO - Filling up the DagBag from /home/ubuntu/miniconda3/envs/mlflow/lib/python3.12/site-packages/airflow/example_dags/example_dynamic_task_mapping_with_no_taskflow_operators.py
[2025-03-26T12:58:19.867+0000] {processor.py:925} INFO - DAG(s) 'example_dynamic_task_mapping_with_no_taskflow_operators' retrieved from /home/ubuntu/miniconda3/envs/mlflow/lib/python3.12/site-packages/airflow/example_dags/example_dynamic_task_mapping_with_no_taskflow_operators.py
[2025-03-26T12:58:19.889+0000] {logging_mixin.py:190} INFO - [2025-03-26T12:58:19.889+0000] {dag.py:3239} INFO - Sync 1 DAGs
[2025-03-26T12:58:19.904+0000] {logging_mixin.py:190} INFO - [2025-03-26T12:58:19.904+0000] {dag.py:4180} INFO - Setting next_dagrun for example_dynamic_task_mapping_with_no_taskflow_operators to None, run_after=None
[2025-03-26T12:58:19.932+0000] {processor.py:208} INFO - Processing /home/ubuntu/miniconda3/envs/mlflow/lib/python3.12/site-packages/airflow/example_dags/example_dynamic_task_mapping_with_no_taskflow_operators.py took 0.100 seconds
[2025-03-26T12:59:22.366+0000] {processor.py:186} INFO - Started process (PID=100921) to work on /home/ubuntu/miniconda3/envs/mlflow/lib/python3.12/site-packages/airflow/example_dags/example_dynamic_task_mapping_with_no_taskflow_operators.py
[2025-03-26T12:59:22.369+0000] {processor.py:914} INFO - Processing file /home/ubuntu/miniconda3/envs/mlflow/lib/python3.12/site-packages/airflow/example_dags/example_dynamic_task_mapping_with_no_taskflow_operators.py for tasks to queue
[2025-03-26T12:59:22.371+0000] {logging_mixin.py:190} INFO - [2025-03-26T12:59:22.371+0000] {dagbag.py:588} INFO - Filling up the DagBag from /home/ubuntu/miniconda3/envs/mlflow/lib/python3.12/site-packages/airflow/example_dags/example_dynamic_task_mapping_with_no_taskflow_operators.py
[2025-03-26T12:59:22.384+0000] {processor.py:925} INFO - DAG(s) 'example_dynamic_task_mapping_with_no_taskflow_operators' retrieved from /home/ubuntu/miniconda3/envs/mlflow/lib/python3.12/site-packages/airflow/example_dags/example_dynamic_task_mapping_with_no_taskflow_operators.py
[2025-03-26T12:59:22.411+0000] {logging_mixin.py:190} INFO - [2025-03-26T12:59:22.411+0000] {dag.py:3239} INFO - Sync 1 DAGs
[2025-03-26T12:59:22.432+0000] {logging_mixin.py:190} INFO - [2025-03-26T12:59:22.431+0000] {dag.py:4180} INFO - Setting next_dagrun for example_dynamic_task_mapping_with_no_taskflow_operators to None, run_after=None
[2025-03-26T12:59:22.461+0000] {processor.py:208} INFO - Processing /home/ubuntu/miniconda3/envs/mlflow/lib/python3.12/site-packages/airflow/example_dags/example_dynamic_task_mapping_with_no_taskflow_operators.py took 0.103 seconds
[2025-03-26T13:00:24.721+0000] {processor.py:186} INFO - Started process (PID=101105) to work on /home/ubuntu/miniconda3/envs/mlflow/lib/python3.12/site-packages/airflow/example_dags/example_dynamic_task_mapping_with_no_taskflow_operators.py
[2025-03-26T13:00:24.722+0000] {processor.py:914} INFO - Processing file /home/ubuntu/miniconda3/envs/mlflow/lib/python3.12/site-packages/airflow/example_dags/example_dynamic_task_mapping_with_no_taskflow_operators.py for tasks to queue
[2025-03-26T13:00:24.725+0000] {logging_mixin.py:190} INFO - [2025-03-26T13:00:24.724+0000] {dagbag.py:588} INFO - Filling up the DagBag from /home/ubuntu/miniconda3/envs/mlflow/lib/python3.12/site-packages/airflow/example_dags/example_dynamic_task_mapping_with_no_taskflow_operators.py
[2025-03-26T13:00:24.734+0000] {processor.py:925} INFO - DAG(s) 'example_dynamic_task_mapping_with_no_taskflow_operators' retrieved from /home/ubuntu/miniconda3/envs/mlflow/lib/python3.12/site-packages/airflow/example_dags/example_dynamic_task_mapping_with_no_taskflow_operators.py
[2025-03-26T13:00:24.752+0000] {logging_mixin.py:190} INFO - [2025-03-26T13:00:24.752+0000] {dag.py:3239} INFO - Sync 1 DAGs
[2025-03-26T13:00:24.767+0000] {logging_mixin.py:190} INFO - [2025-03-26T13:00:24.767+0000] {dag.py:4180} INFO - Setting next_dagrun for example_dynamic_task_mapping_with_no_taskflow_operators to None, run_after=None
[2025-03-26T13:00:24.796+0000] {processor.py:208} INFO - Processing /home/ubuntu/miniconda3/envs/mlflow/lib/python3.12/site-packages/airflow/example_dags/example_dynamic_task_mapping_with_no_taskflow_operators.py took 0.081 seconds
[2025-03-26T13:01:30.700+0000] {processor.py:186} INFO - Started process (PID=101173) to work on /home/ubuntu/miniconda3/envs/mlflow/lib/python3.12/site-packages/airflow/example_dags/example_dynamic_task_mapping_with_no_taskflow_operators.py
[2025-03-26T13:01:30.702+0000] {processor.py:914} INFO - Processing file /home/ubuntu/miniconda3/envs/mlflow/lib/python3.12/site-packages/airflow/example_dags/example_dynamic_task_mapping_with_no_taskflow_operators.py for tasks to queue
[2025-03-26T13:01:30.706+0000] {logging_mixin.py:190} INFO - [2025-03-26T13:01:30.705+0000] {dagbag.py:588} INFO - Filling up the DagBag from /home/ubuntu/miniconda3/envs/mlflow/lib/python3.12/site-packages/airflow/example_dags/example_dynamic_task_mapping_with_no_taskflow_operators.py
[2025-03-26T13:01:30.719+0000] {processor.py:925} INFO - DAG(s) 'example_dynamic_task_mapping_with_no_taskflow_operators' retrieved from /home/ubuntu/miniconda3/envs/mlflow/lib/python3.12/site-packages/airflow/example_dags/example_dynamic_task_mapping_with_no_taskflow_operators.py
[2025-03-26T13:01:30.746+0000] {logging_mixin.py:190} INFO - [2025-03-26T13:01:30.746+0000] {dag.py:3239} INFO - Sync 1 DAGs
[2025-03-26T13:01:30.768+0000] {logging_mixin.py:190} INFO - [2025-03-26T13:01:30.768+0000] {dag.py:4180} INFO - Setting next_dagrun for example_dynamic_task_mapping_with_no_taskflow_operators to None, run_after=None
[2025-03-26T13:01:30.795+0000] {processor.py:208} INFO - Processing /home/ubuntu/miniconda3/envs/mlflow/lib/python3.12/site-packages/airflow/example_dags/example_dynamic_task_mapping_with_no_taskflow_operators.py took 0.108 seconds
