[2025-03-26T12:54:30.465+0000] {processor.py:186} INFO - Started process (PID=100148) to work on /home/ubuntu/miniconda3/envs/mlflow/lib/python3.12/site-packages/airflow/example_dags/example_sensors.py
[2025-03-26T12:54:30.466+0000] {processor.py:914} INFO - Processing file /home/ubuntu/miniconda3/envs/mlflow/lib/python3.12/site-packages/airflow/example_dags/example_sensors.py for tasks to queue
[2025-03-26T12:54:30.468+0000] {logging_mixin.py:190} INFO - [2025-03-26T12:54:30.467+0000] {dagbag.py:588} INFO - Filling up the DagBag from /home/ubuntu/miniconda3/envs/mlflow/lib/python3.12/site-packages/airflow/example_dags/example_sensors.py
[2025-03-26T12:54:30.480+0000] {processor.py:925} INFO - DAG(s) 'example_sensors' retrieved from /home/ubuntu/miniconda3/envs/mlflow/lib/python3.12/site-packages/airflow/example_dags/example_sensors.py
[2025-03-26T12:54:30.623+0000] {logging_mixin.py:190} INFO - [2025-03-26T12:54:30.622+0000] {override.py:1930} INFO - Created Permission View: can read on DAG:example_sensors
[2025-03-26T12:54:30.646+0000] {logging_mixin.py:190} INFO - [2025-03-26T12:54:30.645+0000] {override.py:1930} INFO - Created Permission View: can edit on DAG:example_sensors
[2025-03-26T12:54:30.661+0000] {logging_mixin.py:190} INFO - [2025-03-26T12:54:30.660+0000] {override.py:1930} INFO - Created Permission View: can delete on DAG:example_sensors
[2025-03-26T12:54:30.687+0000] {logging_mixin.py:190} INFO - [2025-03-26T12:54:30.687+0000] {override.py:1930} INFO - Created Permission View: can read on DAG Run:example_sensors
[2025-03-26T12:54:30.702+0000] {logging_mixin.py:190} INFO - [2025-03-26T12:54:30.702+0000] {override.py:1930} INFO - Created Permission View: menu access on DAG Run:example_sensors
[2025-03-26T12:54:30.714+0000] {logging_mixin.py:190} INFO - [2025-03-26T12:54:30.714+0000] {override.py:1930} INFO - Created Permission View: can create on DAG Run:example_sensors
[2025-03-26T12:54:30.727+0000] {logging_mixin.py:190} INFO - [2025-03-26T12:54:30.726+0000] {override.py:1930} INFO - Created Permission View: can delete on DAG Run:example_sensors
[2025-03-26T12:54:30.727+0000] {logging_mixin.py:190} INFO - [2025-03-26T12:54:30.727+0000] {dag.py:3239} INFO - Sync 1 DAGs
[2025-03-26T12:54:30.742+0000] {logging_mixin.py:190} INFO - [2025-03-26T12:54:30.742+0000] {dag.py:3262} INFO - Creating ORM DAG for example_sensors
[2025-03-26T12:54:30.743+0000] {logging_mixin.py:190} INFO - [2025-03-26T12:54:30.743+0000] {dag.py:4180} INFO - Setting next_dagrun for example_sensors to None, run_after=None
[2025-03-26T12:54:30.775+0000] {processor.py:208} INFO - Processing /home/ubuntu/miniconda3/envs/mlflow/lib/python3.12/site-packages/airflow/example_dags/example_sensors.py took 0.316 seconds
[2025-03-26T12:55:42.420+0000] {processor.py:186} INFO - Started process (PID=100318) to work on /home/ubuntu/miniconda3/envs/mlflow/lib/python3.12/site-packages/airflow/example_dags/example_sensors.py
[2025-03-26T12:55:42.422+0000] {processor.py:914} INFO - Processing file /home/ubuntu/miniconda3/envs/mlflow/lib/python3.12/site-packages/airflow/example_dags/example_sensors.py for tasks to queue
[2025-03-26T12:55:42.426+0000] {logging_mixin.py:190} INFO - [2025-03-26T12:55:42.425+0000] {dagbag.py:588} INFO - Filling up the DagBag from /home/ubuntu/miniconda3/envs/mlflow/lib/python3.12/site-packages/airflow/example_dags/example_sensors.py
[2025-03-26T12:55:42.448+0000] {processor.py:925} INFO - DAG(s) 'example_sensors' retrieved from /home/ubuntu/miniconda3/envs/mlflow/lib/python3.12/site-packages/airflow/example_dags/example_sensors.py
[2025-03-26T12:55:42.484+0000] {logging_mixin.py:190} INFO - [2025-03-26T12:55:42.483+0000] {dag.py:3239} INFO - Sync 1 DAGs
[2025-03-26T12:55:42.499+0000] {logging_mixin.py:190} INFO - [2025-03-26T12:55:42.499+0000] {dag.py:4180} INFO - Setting next_dagrun for example_sensors to None, run_after=None
[2025-03-26T12:55:42.531+0000] {processor.py:208} INFO - Processing /home/ubuntu/miniconda3/envs/mlflow/lib/python3.12/site-packages/airflow/example_dags/example_sensors.py took 0.118 seconds
[2025-03-26T12:56:46.358+0000] {processor.py:186} INFO - Started process (PID=100545) to work on /home/ubuntu/miniconda3/envs/mlflow/lib/python3.12/site-packages/airflow/example_dags/example_sensors.py
[2025-03-26T12:56:46.360+0000] {processor.py:914} INFO - Processing file /home/ubuntu/miniconda3/envs/mlflow/lib/python3.12/site-packages/airflow/example_dags/example_sensors.py for tasks to queue
[2025-03-26T12:56:46.362+0000] {logging_mixin.py:190} INFO - [2025-03-26T12:56:46.362+0000] {dagbag.py:588} INFO - Filling up the DagBag from /home/ubuntu/miniconda3/envs/mlflow/lib/python3.12/site-packages/airflow/example_dags/example_sensors.py
[2025-03-26T12:56:46.377+0000] {processor.py:925} INFO - DAG(s) 'example_sensors' retrieved from /home/ubuntu/miniconda3/envs/mlflow/lib/python3.12/site-packages/airflow/example_dags/example_sensors.py
[2025-03-26T12:56:46.411+0000] {logging_mixin.py:190} INFO - [2025-03-26T12:56:46.411+0000] {dag.py:3239} INFO - Sync 1 DAGs
[2025-03-26T12:56:46.428+0000] {logging_mixin.py:190} INFO - [2025-03-26T12:56:46.428+0000] {dag.py:4180} INFO - Setting next_dagrun for example_sensors to None, run_after=None
[2025-03-26T12:56:46.459+0000] {processor.py:208} INFO - Processing /home/ubuntu/miniconda3/envs/mlflow/lib/python3.12/site-packages/airflow/example_dags/example_sensors.py took 0.107 seconds
[2025-03-26T12:57:53.993+0000] {processor.py:186} INFO - Started process (PID=100749) to work on /home/ubuntu/miniconda3/envs/mlflow/lib/python3.12/site-packages/airflow/example_dags/example_sensors.py
[2025-03-26T12:57:53.994+0000] {processor.py:914} INFO - Processing file /home/ubuntu/miniconda3/envs/mlflow/lib/python3.12/site-packages/airflow/example_dags/example_sensors.py for tasks to queue
[2025-03-26T12:57:53.997+0000] {logging_mixin.py:190} INFO - [2025-03-26T12:57:53.996+0000] {dagbag.py:588} INFO - Filling up the DagBag from /home/ubuntu/miniconda3/envs/mlflow/lib/python3.12/site-packages/airflow/example_dags/example_sensors.py
[2025-03-26T12:57:54.013+0000] {processor.py:925} INFO - DAG(s) 'example_sensors' retrieved from /home/ubuntu/miniconda3/envs/mlflow/lib/python3.12/site-packages/airflow/example_dags/example_sensors.py
[2025-03-26T12:57:54.038+0000] {logging_mixin.py:190} INFO - [2025-03-26T12:57:54.038+0000] {dag.py:3239} INFO - Sync 1 DAGs
[2025-03-26T12:57:54.054+0000] {logging_mixin.py:190} INFO - [2025-03-26T12:57:54.053+0000] {dag.py:4180} INFO - Setting next_dagrun for example_sensors to None, run_after=None
[2025-03-26T12:57:54.088+0000] {processor.py:208} INFO - Processing /home/ubuntu/miniconda3/envs/mlflow/lib/python3.12/site-packages/airflow/example_dags/example_sensors.py took 0.101 seconds
[2025-03-26T12:58:56.341+0000] {processor.py:186} INFO - Started process (PID=100860) to work on /home/ubuntu/miniconda3/envs/mlflow/lib/python3.12/site-packages/airflow/example_dags/example_sensors.py
[2025-03-26T12:58:56.342+0000] {processor.py:914} INFO - Processing file /home/ubuntu/miniconda3/envs/mlflow/lib/python3.12/site-packages/airflow/example_dags/example_sensors.py for tasks to queue
[2025-03-26T12:58:56.345+0000] {logging_mixin.py:190} INFO - [2025-03-26T12:58:56.344+0000] {dagbag.py:588} INFO - Filling up the DagBag from /home/ubuntu/miniconda3/envs/mlflow/lib/python3.12/site-packages/airflow/example_dags/example_sensors.py
[2025-03-26T12:58:56.357+0000] {processor.py:925} INFO - DAG(s) 'example_sensors' retrieved from /home/ubuntu/miniconda3/envs/mlflow/lib/python3.12/site-packages/airflow/example_dags/example_sensors.py
[2025-03-26T12:58:56.383+0000] {logging_mixin.py:190} INFO - [2025-03-26T12:58:56.383+0000] {dag.py:3239} INFO - Sync 1 DAGs
[2025-03-26T12:58:56.398+0000] {logging_mixin.py:190} INFO - [2025-03-26T12:58:56.398+0000] {dag.py:4180} INFO - Setting next_dagrun for example_sensors to None, run_after=None
[2025-03-26T12:58:56.427+0000] {processor.py:208} INFO - Processing /home/ubuntu/miniconda3/envs/mlflow/lib/python3.12/site-packages/airflow/example_dags/example_sensors.py took 0.092 seconds
[2025-03-26T12:59:59.297+0000] {processor.py:186} INFO - Started process (PID=101061) to work on /home/ubuntu/miniconda3/envs/mlflow/lib/python3.12/site-packages/airflow/example_dags/example_sensors.py
[2025-03-26T12:59:59.298+0000] {processor.py:914} INFO - Processing file /home/ubuntu/miniconda3/envs/mlflow/lib/python3.12/site-packages/airflow/example_dags/example_sensors.py for tasks to queue
[2025-03-26T12:59:59.300+0000] {logging_mixin.py:190} INFO - [2025-03-26T12:59:59.300+0000] {dagbag.py:588} INFO - Filling up the DagBag from /home/ubuntu/miniconda3/envs/mlflow/lib/python3.12/site-packages/airflow/example_dags/example_sensors.py
[2025-03-26T12:59:59.314+0000] {processor.py:925} INFO - DAG(s) 'example_sensors' retrieved from /home/ubuntu/miniconda3/envs/mlflow/lib/python3.12/site-packages/airflow/example_dags/example_sensors.py
[2025-03-26T12:59:59.339+0000] {logging_mixin.py:190} INFO - [2025-03-26T12:59:59.338+0000] {dag.py:3239} INFO - Sync 1 DAGs
[2025-03-26T12:59:59.356+0000] {logging_mixin.py:190} INFO - [2025-03-26T12:59:59.355+0000] {dag.py:4180} INFO - Setting next_dagrun for example_sensors to None, run_after=None
[2025-03-26T12:59:59.386+0000] {processor.py:208} INFO - Processing /home/ubuntu/miniconda3/envs/mlflow/lib/python3.12/site-packages/airflow/example_dags/example_sensors.py took 0.096 seconds
[2025-03-26T13:01:02.639+0000] {processor.py:186} INFO - Started process (PID=101146) to work on /home/ubuntu/miniconda3/envs/mlflow/lib/python3.12/site-packages/airflow/example_dags/example_sensors.py
[2025-03-26T13:01:02.642+0000] {processor.py:914} INFO - Processing file /home/ubuntu/miniconda3/envs/mlflow/lib/python3.12/site-packages/airflow/example_dags/example_sensors.py for tasks to queue
[2025-03-26T13:01:02.645+0000] {logging_mixin.py:190} INFO - [2025-03-26T13:01:02.645+0000] {dagbag.py:588} INFO - Filling up the DagBag from /home/ubuntu/miniconda3/envs/mlflow/lib/python3.12/site-packages/airflow/example_dags/example_sensors.py
[2025-03-26T13:01:02.658+0000] {processor.py:925} INFO - DAG(s) 'example_sensors' retrieved from /home/ubuntu/miniconda3/envs/mlflow/lib/python3.12/site-packages/airflow/example_dags/example_sensors.py
[2025-03-26T13:01:02.686+0000] {logging_mixin.py:190} INFO - [2025-03-26T13:01:02.685+0000] {dag.py:3239} INFO - Sync 1 DAGs
[2025-03-26T13:01:02.702+0000] {logging_mixin.py:190} INFO - [2025-03-26T13:01:02.701+0000] {dag.py:4180} INFO - Setting next_dagrun for example_sensors to None, run_after=None
[2025-03-26T13:01:02.735+0000] {processor.py:208} INFO - Processing /home/ubuntu/miniconda3/envs/mlflow/lib/python3.12/site-packages/airflow/example_dags/example_sensors.py took 0.102 seconds
[2025-03-26T13:02:04.772+0000] {processor.py:186} INFO - Started process (PID=101217) to work on /home/ubuntu/miniconda3/envs/mlflow/lib/python3.12/site-packages/airflow/example_dags/example_sensors.py
[2025-03-26T13:02:04.773+0000] {processor.py:914} INFO - Processing file /home/ubuntu/miniconda3/envs/mlflow/lib/python3.12/site-packages/airflow/example_dags/example_sensors.py for tasks to queue
[2025-03-26T13:02:04.776+0000] {logging_mixin.py:190} INFO - [2025-03-26T13:02:04.776+0000] {dagbag.py:588} INFO - Filling up the DagBag from /home/ubuntu/miniconda3/envs/mlflow/lib/python3.12/site-packages/airflow/example_dags/example_sensors.py
[2025-03-26T13:02:04.790+0000] {processor.py:925} INFO - DAG(s) 'example_sensors' retrieved from /home/ubuntu/miniconda3/envs/mlflow/lib/python3.12/site-packages/airflow/example_dags/example_sensors.py
[2025-03-26T13:02:04.821+0000] {logging_mixin.py:190} INFO - [2025-03-26T13:02:04.821+0000] {dag.py:3239} INFO - Sync 1 DAGs
[2025-03-26T13:02:04.850+0000] {logging_mixin.py:190} INFO - [2025-03-26T13:02:04.849+0000] {dag.py:4180} INFO - Setting next_dagrun for example_sensors to None, run_after=None
[2025-03-26T13:02:04.878+0000] {processor.py:208} INFO - Processing /home/ubuntu/miniconda3/envs/mlflow/lib/python3.12/site-packages/airflow/example_dags/example_sensors.py took 0.112 seconds
