[2025-03-26T12:55:16.032+0000] {processor.py:186} INFO - Started process (PID=100254) to work on /home/ubuntu/miniconda3/envs/mlflow/lib/python3.12/site-packages/airflow/example_dags/example_branch_day_of_week_operator.py
[2025-03-26T12:55:16.034+0000] {processor.py:914} INFO - Processing file /home/ubuntu/miniconda3/envs/mlflow/lib/python3.12/site-packages/airflow/example_dags/example_branch_day_of_week_operator.py for tasks to queue
[2025-03-26T12:55:16.037+0000] {logging_mixin.py:190} INFO - [2025-03-26T12:55:16.036+0000] {dagbag.py:588} INFO - Filling up the DagBag from /home/ubuntu/miniconda3/envs/mlflow/lib/python3.12/site-packages/airflow/example_dags/example_branch_day_of_week_operator.py
[2025-03-26T12:55:16.053+0000] {processor.py:925} INFO - DAG(s) 'example_weekday_branch_operator' retrieved from /home/ubuntu/miniconda3/envs/mlflow/lib/python3.12/site-packages/airflow/example_dags/example_branch_day_of_week_operator.py
[2025-03-26T12:55:16.209+0000] {logging_mixin.py:190} INFO - [2025-03-26T12:55:16.208+0000] {override.py:1930} INFO - Created Permission View: can read on DAG:example_weekday_branch_operator
[2025-03-26T12:55:16.227+0000] {logging_mixin.py:190} INFO - [2025-03-26T12:55:16.226+0000] {override.py:1930} INFO - Created Permission View: can edit on DAG:example_weekday_branch_operator
[2025-03-26T12:55:16.242+0000] {logging_mixin.py:190} INFO - [2025-03-26T12:55:16.241+0000] {override.py:1930} INFO - Created Permission View: can delete on DAG:example_weekday_branch_operator
[2025-03-26T12:55:16.265+0000] {logging_mixin.py:190} INFO - [2025-03-26T12:55:16.265+0000] {override.py:1930} INFO - Created Permission View: can read on DAG Run:example_weekday_branch_operator
[2025-03-26T12:55:16.280+0000] {logging_mixin.py:190} INFO - [2025-03-26T12:55:16.279+0000] {override.py:1930} INFO - Created Permission View: menu access on DAG Run:example_weekday_branch_operator
[2025-03-26T12:55:16.294+0000] {logging_mixin.py:190} INFO - [2025-03-26T12:55:16.294+0000] {override.py:1930} INFO - Created Permission View: can create on DAG Run:example_weekday_branch_operator
[2025-03-26T12:55:16.310+0000] {logging_mixin.py:190} INFO - [2025-03-26T12:55:16.309+0000] {override.py:1930} INFO - Created Permission View: can delete on DAG Run:example_weekday_branch_operator
[2025-03-26T12:55:16.312+0000] {logging_mixin.py:190} INFO - [2025-03-26T12:55:16.312+0000] {dag.py:3239} INFO - Sync 1 DAGs
[2025-03-26T12:55:16.333+0000] {logging_mixin.py:190} INFO - [2025-03-26T12:55:16.333+0000] {dag.py:3262} INFO - Creating ORM DAG for example_weekday_branch_operator
[2025-03-26T12:55:16.349+0000] {logging_mixin.py:190} INFO - [2025-03-26T12:55:16.348+0000] {dag.py:4180} INFO - Setting next_dagrun for example_weekday_branch_operator to 2025-03-25 00:00:00+00:00, run_after=2025-03-26 00:00:00+00:00
[2025-03-26T12:55:16.382+0000] {processor.py:208} INFO - Processing /home/ubuntu/miniconda3/envs/mlflow/lib/python3.12/site-packages/airflow/example_dags/example_branch_day_of_week_operator.py took 0.361 seconds
[2025-03-26T12:56:25.678+0000] {processor.py:186} INFO - Started process (PID=100474) to work on /home/ubuntu/miniconda3/envs/mlflow/lib/python3.12/site-packages/airflow/example_dags/example_branch_day_of_week_operator.py
[2025-03-26T12:56:25.680+0000] {processor.py:914} INFO - Processing file /home/ubuntu/miniconda3/envs/mlflow/lib/python3.12/site-packages/airflow/example_dags/example_branch_day_of_week_operator.py for tasks to queue
[2025-03-26T12:56:25.682+0000] {logging_mixin.py:190} INFO - [2025-03-26T12:56:25.681+0000] {dagbag.py:588} INFO - Filling up the DagBag from /home/ubuntu/miniconda3/envs/mlflow/lib/python3.12/site-packages/airflow/example_dags/example_branch_day_of_week_operator.py
[2025-03-26T12:56:25.693+0000] {processor.py:925} INFO - DAG(s) 'example_weekday_branch_operator' retrieved from /home/ubuntu/miniconda3/envs/mlflow/lib/python3.12/site-packages/airflow/example_dags/example_branch_day_of_week_operator.py
[2025-03-26T12:56:25.712+0000] {logging_mixin.py:190} INFO - [2025-03-26T12:56:25.712+0000] {dag.py:3239} INFO - Sync 1 DAGs
[2025-03-26T12:56:25.737+0000] {logging_mixin.py:190} INFO - [2025-03-26T12:56:25.737+0000] {dag.py:4180} INFO - Setting next_dagrun for example_weekday_branch_operator to 2025-03-25 00:00:00+00:00, run_after=2025-03-26 00:00:00+00:00
[2025-03-26T12:56:25.770+0000] {processor.py:208} INFO - Processing /home/ubuntu/miniconda3/envs/mlflow/lib/python3.12/site-packages/airflow/example_dags/example_branch_day_of_week_operator.py took 0.097 seconds
[2025-03-26T12:57:32.184+0000] {processor.py:186} INFO - Started process (PID=100712) to work on /home/ubuntu/miniconda3/envs/mlflow/lib/python3.12/site-packages/airflow/example_dags/example_branch_day_of_week_operator.py
[2025-03-26T12:57:32.185+0000] {processor.py:914} INFO - Processing file /home/ubuntu/miniconda3/envs/mlflow/lib/python3.12/site-packages/airflow/example_dags/example_branch_day_of_week_operator.py for tasks to queue
[2025-03-26T12:57:32.188+0000] {logging_mixin.py:190} INFO - [2025-03-26T12:57:32.187+0000] {dagbag.py:588} INFO - Filling up the DagBag from /home/ubuntu/miniconda3/envs/mlflow/lib/python3.12/site-packages/airflow/example_dags/example_branch_day_of_week_operator.py
[2025-03-26T12:57:32.203+0000] {processor.py:925} INFO - DAG(s) 'example_weekday_branch_operator' retrieved from /home/ubuntu/miniconda3/envs/mlflow/lib/python3.12/site-packages/airflow/example_dags/example_branch_day_of_week_operator.py
[2025-03-26T12:57:32.227+0000] {logging_mixin.py:190} INFO - [2025-03-26T12:57:32.226+0000] {dag.py:3239} INFO - Sync 1 DAGs
[2025-03-26T12:57:32.258+0000] {logging_mixin.py:190} INFO - [2025-03-26T12:57:32.258+0000] {dag.py:4180} INFO - Setting next_dagrun for example_weekday_branch_operator to 2025-03-25 00:00:00+00:00, run_after=2025-03-26 00:00:00+00:00
[2025-03-26T12:57:32.292+0000] {processor.py:208} INFO - Processing /home/ubuntu/miniconda3/envs/mlflow/lib/python3.12/site-packages/airflow/example_dags/example_branch_day_of_week_operator.py took 0.115 seconds
[2025-03-26T12:58:36.897+0000] {processor.py:186} INFO - Started process (PID=100828) to work on /home/ubuntu/miniconda3/envs/mlflow/lib/python3.12/site-packages/airflow/example_dags/example_branch_day_of_week_operator.py
[2025-03-26T12:58:36.899+0000] {processor.py:914} INFO - Processing file /home/ubuntu/miniconda3/envs/mlflow/lib/python3.12/site-packages/airflow/example_dags/example_branch_day_of_week_operator.py for tasks to queue
[2025-03-26T12:58:36.905+0000] {logging_mixin.py:190} INFO - [2025-03-26T12:58:36.903+0000] {dagbag.py:588} INFO - Filling up the DagBag from /home/ubuntu/miniconda3/envs/mlflow/lib/python3.12/site-packages/airflow/example_dags/example_branch_day_of_week_operator.py
[2025-03-26T12:58:36.921+0000] {processor.py:925} INFO - DAG(s) 'example_weekday_branch_operator' retrieved from /home/ubuntu/miniconda3/envs/mlflow/lib/python3.12/site-packages/airflow/example_dags/example_branch_day_of_week_operator.py
[2025-03-26T12:58:36.944+0000] {logging_mixin.py:190} INFO - [2025-03-26T12:58:36.944+0000] {dag.py:3239} INFO - Sync 1 DAGs
[2025-03-26T12:58:36.976+0000] {logging_mixin.py:190} INFO - [2025-03-26T12:58:36.976+0000] {dag.py:4180} INFO - Setting next_dagrun for example_weekday_branch_operator to 2025-03-25 00:00:00+00:00, run_after=2025-03-26 00:00:00+00:00
[2025-03-26T12:58:37.010+0000] {processor.py:208} INFO - Processing /home/ubuntu/miniconda3/envs/mlflow/lib/python3.12/site-packages/airflow/example_dags/example_branch_day_of_week_operator.py took 0.124 seconds
[2025-03-26T12:59:40.141+0000] {processor.py:186} INFO - Started process (PID=101000) to work on /home/ubuntu/miniconda3/envs/mlflow/lib/python3.12/site-packages/airflow/example_dags/example_branch_day_of_week_operator.py
[2025-03-26T12:59:40.143+0000] {processor.py:914} INFO - Processing file /home/ubuntu/miniconda3/envs/mlflow/lib/python3.12/site-packages/airflow/example_dags/example_branch_day_of_week_operator.py for tasks to queue
[2025-03-26T12:59:40.146+0000] {logging_mixin.py:190} INFO - [2025-03-26T12:59:40.145+0000] {dagbag.py:588} INFO - Filling up the DagBag from /home/ubuntu/miniconda3/envs/mlflow/lib/python3.12/site-packages/airflow/example_dags/example_branch_day_of_week_operator.py
[2025-03-26T12:59:40.158+0000] {processor.py:925} INFO - DAG(s) 'example_weekday_branch_operator' retrieved from /home/ubuntu/miniconda3/envs/mlflow/lib/python3.12/site-packages/airflow/example_dags/example_branch_day_of_week_operator.py
[2025-03-26T12:59:40.175+0000] {logging_mixin.py:190} INFO - [2025-03-26T12:59:40.174+0000] {dag.py:3239} INFO - Sync 1 DAGs
[2025-03-26T12:59:40.206+0000] {logging_mixin.py:190} INFO - [2025-03-26T12:59:40.206+0000] {dag.py:4180} INFO - Setting next_dagrun for example_weekday_branch_operator to 2025-03-25 00:00:00+00:00, run_after=2025-03-26 00:00:00+00:00
[2025-03-26T12:59:40.238+0000] {processor.py:208} INFO - Processing /home/ubuntu/miniconda3/envs/mlflow/lib/python3.12/site-packages/airflow/example_dags/example_branch_day_of_week_operator.py took 0.104 seconds
[2025-03-26T13:00:41.754+0000] {processor.py:186} INFO - Started process (PID=101125) to work on /home/ubuntu/miniconda3/envs/mlflow/lib/python3.12/site-packages/airflow/example_dags/example_branch_day_of_week_operator.py
[2025-03-26T13:00:41.756+0000] {processor.py:914} INFO - Processing file /home/ubuntu/miniconda3/envs/mlflow/lib/python3.12/site-packages/airflow/example_dags/example_branch_day_of_week_operator.py for tasks to queue
[2025-03-26T13:00:41.758+0000] {logging_mixin.py:190} INFO - [2025-03-26T13:00:41.758+0000] {dagbag.py:588} INFO - Filling up the DagBag from /home/ubuntu/miniconda3/envs/mlflow/lib/python3.12/site-packages/airflow/example_dags/example_branch_day_of_week_operator.py
[2025-03-26T13:00:41.769+0000] {processor.py:925} INFO - DAG(s) 'example_weekday_branch_operator' retrieved from /home/ubuntu/miniconda3/envs/mlflow/lib/python3.12/site-packages/airflow/example_dags/example_branch_day_of_week_operator.py
[2025-03-26T13:00:41.787+0000] {logging_mixin.py:190} INFO - [2025-03-26T13:00:41.787+0000] {dag.py:3239} INFO - Sync 1 DAGs
[2025-03-26T13:00:41.814+0000] {logging_mixin.py:190} INFO - [2025-03-26T13:00:41.814+0000] {dag.py:4180} INFO - Setting next_dagrun for example_weekday_branch_operator to 2025-03-25 00:00:00+00:00, run_after=2025-03-26 00:00:00+00:00
[2025-03-26T13:00:41.842+0000] {processor.py:208} INFO - Processing /home/ubuntu/miniconda3/envs/mlflow/lib/python3.12/site-packages/airflow/example_dags/example_branch_day_of_week_operator.py took 0.094 seconds
[2025-03-26T13:01:47.613+0000] {processor.py:186} INFO - Started process (PID=101189) to work on /home/ubuntu/miniconda3/envs/mlflow/lib/python3.12/site-packages/airflow/example_dags/example_branch_day_of_week_operator.py
[2025-03-26T13:01:47.614+0000] {processor.py:914} INFO - Processing file /home/ubuntu/miniconda3/envs/mlflow/lib/python3.12/site-packages/airflow/example_dags/example_branch_day_of_week_operator.py for tasks to queue
[2025-03-26T13:01:47.616+0000] {logging_mixin.py:190} INFO - [2025-03-26T13:01:47.616+0000] {dagbag.py:588} INFO - Filling up the DagBag from /home/ubuntu/miniconda3/envs/mlflow/lib/python3.12/site-packages/airflow/example_dags/example_branch_day_of_week_operator.py
[2025-03-26T13:01:47.631+0000] {processor.py:925} INFO - DAG(s) 'example_weekday_branch_operator' retrieved from /home/ubuntu/miniconda3/envs/mlflow/lib/python3.12/site-packages/airflow/example_dags/example_branch_day_of_week_operator.py
[2025-03-26T13:01:47.656+0000] {logging_mixin.py:190} INFO - [2025-03-26T13:01:47.655+0000] {dag.py:3239} INFO - Sync 1 DAGs
[2025-03-26T13:01:47.693+0000] {logging_mixin.py:190} INFO - [2025-03-26T13:01:47.693+0000] {dag.py:4180} INFO - Setting next_dagrun for example_weekday_branch_operator to 2025-03-25 00:00:00+00:00, run_after=2025-03-26 00:00:00+00:00
[2025-03-26T13:01:47.729+0000] {processor.py:208} INFO - Processing /home/ubuntu/miniconda3/envs/mlflow/lib/python3.12/site-packages/airflow/example_dags/example_branch_day_of_week_operator.py took 0.123 seconds
