[2025-03-26T12:54:32.903+0000] {processor.py:186} INFO - Started process (PID=100150) to work on /home/ubuntu/miniconda3/envs/mlflow/lib/python3.12/site-packages/airflow/example_dags/example_setup_teardown_taskflow.py
[2025-03-26T12:54:32.904+0000] {processor.py:914} INFO - Processing file /home/ubuntu/miniconda3/envs/mlflow/lib/python3.12/site-packages/airflow/example_dags/example_setup_teardown_taskflow.py for tasks to queue
[2025-03-26T12:54:32.906+0000] {logging_mixin.py:190} INFO - [2025-03-26T12:54:32.906+0000] {dagbag.py:588} INFO - Filling up the DagBag from /home/ubuntu/miniconda3/envs/mlflow/lib/python3.12/site-packages/airflow/example_dags/example_setup_teardown_taskflow.py
[2025-03-26T12:54:32.919+0000] {processor.py:925} INFO - DAG(s) 'example_setup_teardown_taskflow' retrieved from /home/ubuntu/miniconda3/envs/mlflow/lib/python3.12/site-packages/airflow/example_dags/example_setup_teardown_taskflow.py
[2025-03-26T12:54:33.120+0000] {logging_mixin.py:190} INFO - [2025-03-26T12:54:33.119+0000] {override.py:1930} INFO - Created Permission View: can read on DAG:example_setup_teardown_taskflow
[2025-03-26T12:54:33.137+0000] {logging_mixin.py:190} INFO - [2025-03-26T12:54:33.137+0000] {override.py:1930} INFO - Created Permission View: can edit on DAG:example_setup_teardown_taskflow
[2025-03-26T12:54:33.151+0000] {logging_mixin.py:190} INFO - [2025-03-26T12:54:33.151+0000] {override.py:1930} INFO - Created Permission View: can delete on DAG:example_setup_teardown_taskflow
[2025-03-26T12:54:33.173+0000] {logging_mixin.py:190} INFO - [2025-03-26T12:54:33.172+0000] {override.py:1930} INFO - Created Permission View: can read on DAG Run:example_setup_teardown_taskflow
[2025-03-26T12:54:33.186+0000] {logging_mixin.py:190} INFO - [2025-03-26T12:54:33.184+0000] {override.py:1930} INFO - Created Permission View: menu access on DAG Run:example_setup_teardown_taskflow
[2025-03-26T12:54:33.207+0000] {logging_mixin.py:190} INFO - [2025-03-26T12:54:33.206+0000] {override.py:1930} INFO - Created Permission View: can create on DAG Run:example_setup_teardown_taskflow
[2025-03-26T12:54:33.222+0000] {logging_mixin.py:190} INFO - [2025-03-26T12:54:33.222+0000] {override.py:1930} INFO - Created Permission View: can delete on DAG Run:example_setup_teardown_taskflow
[2025-03-26T12:54:33.223+0000] {logging_mixin.py:190} INFO - [2025-03-26T12:54:33.223+0000] {dag.py:3239} INFO - Sync 1 DAGs
[2025-03-26T12:54:33.244+0000] {logging_mixin.py:190} INFO - [2025-03-26T12:54:33.244+0000] {dag.py:3262} INFO - Creating ORM DAG for example_setup_teardown_taskflow
[2025-03-26T12:54:33.246+0000] {logging_mixin.py:190} INFO - [2025-03-26T12:54:33.245+0000] {dag.py:4180} INFO - Setting next_dagrun for example_setup_teardown_taskflow to None, run_after=None
[2025-03-26T12:54:33.274+0000] {processor.py:208} INFO - Processing /home/ubuntu/miniconda3/envs/mlflow/lib/python3.12/site-packages/airflow/example_dags/example_setup_teardown_taskflow.py took 0.379 seconds
[2025-03-26T12:55:43.898+0000] {processor.py:186} INFO - Started process (PID=100333) to work on /home/ubuntu/miniconda3/envs/mlflow/lib/python3.12/site-packages/airflow/example_dags/example_setup_teardown_taskflow.py
[2025-03-26T12:55:43.899+0000] {processor.py:914} INFO - Processing file /home/ubuntu/miniconda3/envs/mlflow/lib/python3.12/site-packages/airflow/example_dags/example_setup_teardown_taskflow.py for tasks to queue
[2025-03-26T12:55:43.901+0000] {logging_mixin.py:190} INFO - [2025-03-26T12:55:43.901+0000] {dagbag.py:588} INFO - Filling up the DagBag from /home/ubuntu/miniconda3/envs/mlflow/lib/python3.12/site-packages/airflow/example_dags/example_setup_teardown_taskflow.py
[2025-03-26T12:55:43.917+0000] {processor.py:925} INFO - DAG(s) 'example_setup_teardown_taskflow' retrieved from /home/ubuntu/miniconda3/envs/mlflow/lib/python3.12/site-packages/airflow/example_dags/example_setup_teardown_taskflow.py
[2025-03-26T12:55:43.939+0000] {logging_mixin.py:190} INFO - [2025-03-26T12:55:43.939+0000] {dag.py:3239} INFO - Sync 1 DAGs
[2025-03-26T12:55:43.954+0000] {logging_mixin.py:190} INFO - [2025-03-26T12:55:43.954+0000] {dag.py:4180} INFO - Setting next_dagrun for example_setup_teardown_taskflow to None, run_after=None
[2025-03-26T12:55:43.994+0000] {processor.py:208} INFO - Processing /home/ubuntu/miniconda3/envs/mlflow/lib/python3.12/site-packages/airflow/example_dags/example_setup_teardown_taskflow.py took 0.105 seconds
[2025-03-26T12:56:48.366+0000] {processor.py:186} INFO - Started process (PID=100571) to work on /home/ubuntu/miniconda3/envs/mlflow/lib/python3.12/site-packages/airflow/example_dags/example_setup_teardown_taskflow.py
[2025-03-26T12:56:48.368+0000] {processor.py:914} INFO - Processing file /home/ubuntu/miniconda3/envs/mlflow/lib/python3.12/site-packages/airflow/example_dags/example_setup_teardown_taskflow.py for tasks to queue
[2025-03-26T12:56:48.371+0000] {logging_mixin.py:190} INFO - [2025-03-26T12:56:48.370+0000] {dagbag.py:588} INFO - Filling up the DagBag from /home/ubuntu/miniconda3/envs/mlflow/lib/python3.12/site-packages/airflow/example_dags/example_setup_teardown_taskflow.py
[2025-03-26T12:56:48.384+0000] {processor.py:925} INFO - DAG(s) 'example_setup_teardown_taskflow' retrieved from /home/ubuntu/miniconda3/envs/mlflow/lib/python3.12/site-packages/airflow/example_dags/example_setup_teardown_taskflow.py
[2025-03-26T12:56:48.404+0000] {logging_mixin.py:190} INFO - [2025-03-26T12:56:48.404+0000] {dag.py:3239} INFO - Sync 1 DAGs
[2025-03-26T12:56:48.420+0000] {logging_mixin.py:190} INFO - [2025-03-26T12:56:48.419+0000] {dag.py:4180} INFO - Setting next_dagrun for example_setup_teardown_taskflow to None, run_after=None
[2025-03-26T12:56:48.446+0000] {processor.py:208} INFO - Processing /home/ubuntu/miniconda3/envs/mlflow/lib/python3.12/site-packages/airflow/example_dags/example_setup_teardown_taskflow.py took 0.088 seconds
[2025-03-26T12:57:56.537+0000] {processor.py:186} INFO - Started process (PID=100755) to work on /home/ubuntu/miniconda3/envs/mlflow/lib/python3.12/site-packages/airflow/example_dags/example_setup_teardown_taskflow.py
[2025-03-26T12:57:56.538+0000] {processor.py:914} INFO - Processing file /home/ubuntu/miniconda3/envs/mlflow/lib/python3.12/site-packages/airflow/example_dags/example_setup_teardown_taskflow.py for tasks to queue
[2025-03-26T12:57:56.540+0000] {logging_mixin.py:190} INFO - [2025-03-26T12:57:56.540+0000] {dagbag.py:588} INFO - Filling up the DagBag from /home/ubuntu/miniconda3/envs/mlflow/lib/python3.12/site-packages/airflow/example_dags/example_setup_teardown_taskflow.py
[2025-03-26T12:57:56.553+0000] {processor.py:925} INFO - DAG(s) 'example_setup_teardown_taskflow' retrieved from /home/ubuntu/miniconda3/envs/mlflow/lib/python3.12/site-packages/airflow/example_dags/example_setup_teardown_taskflow.py
[2025-03-26T12:57:56.572+0000] {logging_mixin.py:190} INFO - [2025-03-26T12:57:56.572+0000] {dag.py:3239} INFO - Sync 1 DAGs
[2025-03-26T12:57:56.588+0000] {logging_mixin.py:190} INFO - [2025-03-26T12:57:56.588+0000] {dag.py:4180} INFO - Setting next_dagrun for example_setup_teardown_taskflow to None, run_after=None
[2025-03-26T12:57:56.614+0000] {processor.py:208} INFO - Processing /home/ubuntu/miniconda3/envs/mlflow/lib/python3.12/site-packages/airflow/example_dags/example_setup_teardown_taskflow.py took 0.084 seconds
[2025-03-26T12:58:58.092+0000] {processor.py:186} INFO - Started process (PID=100866) to work on /home/ubuntu/miniconda3/envs/mlflow/lib/python3.12/site-packages/airflow/example_dags/example_setup_teardown_taskflow.py
[2025-03-26T12:58:58.093+0000] {processor.py:914} INFO - Processing file /home/ubuntu/miniconda3/envs/mlflow/lib/python3.12/site-packages/airflow/example_dags/example_setup_teardown_taskflow.py for tasks to queue
[2025-03-26T12:58:58.095+0000] {logging_mixin.py:190} INFO - [2025-03-26T12:58:58.095+0000] {dagbag.py:588} INFO - Filling up the DagBag from /home/ubuntu/miniconda3/envs/mlflow/lib/python3.12/site-packages/airflow/example_dags/example_setup_teardown_taskflow.py
[2025-03-26T12:58:58.112+0000] {processor.py:925} INFO - DAG(s) 'example_setup_teardown_taskflow' retrieved from /home/ubuntu/miniconda3/envs/mlflow/lib/python3.12/site-packages/airflow/example_dags/example_setup_teardown_taskflow.py
[2025-03-26T12:58:58.138+0000] {logging_mixin.py:190} INFO - [2025-03-26T12:58:58.138+0000] {dag.py:3239} INFO - Sync 1 DAGs
[2025-03-26T12:58:58.156+0000] {logging_mixin.py:190} INFO - [2025-03-26T12:58:58.155+0000] {dag.py:4180} INFO - Setting next_dagrun for example_setup_teardown_taskflow to None, run_after=None
[2025-03-26T12:58:58.184+0000] {processor.py:208} INFO - Processing /home/ubuntu/miniconda3/envs/mlflow/lib/python3.12/site-packages/airflow/example_dags/example_setup_teardown_taskflow.py took 0.099 seconds
[2025-03-26T13:00:01.646+0000] {processor.py:186} INFO - Started process (PID=101063) to work on /home/ubuntu/miniconda3/envs/mlflow/lib/python3.12/site-packages/airflow/example_dags/example_setup_teardown_taskflow.py
[2025-03-26T13:00:01.648+0000] {processor.py:914} INFO - Processing file /home/ubuntu/miniconda3/envs/mlflow/lib/python3.12/site-packages/airflow/example_dags/example_setup_teardown_taskflow.py for tasks to queue
[2025-03-26T13:00:01.651+0000] {logging_mixin.py:190} INFO - [2025-03-26T13:00:01.650+0000] {dagbag.py:588} INFO - Filling up the DagBag from /home/ubuntu/miniconda3/envs/mlflow/lib/python3.12/site-packages/airflow/example_dags/example_setup_teardown_taskflow.py
[2025-03-26T13:00:01.668+0000] {processor.py:925} INFO - DAG(s) 'example_setup_teardown_taskflow' retrieved from /home/ubuntu/miniconda3/envs/mlflow/lib/python3.12/site-packages/airflow/example_dags/example_setup_teardown_taskflow.py
[2025-03-26T13:00:01.691+0000] {logging_mixin.py:190} INFO - [2025-03-26T13:00:01.691+0000] {dag.py:3239} INFO - Sync 1 DAGs
[2025-03-26T13:00:01.714+0000] {logging_mixin.py:190} INFO - [2025-03-26T13:00:01.713+0000] {dag.py:4180} INFO - Setting next_dagrun for example_setup_teardown_taskflow to None, run_after=None
[2025-03-26T13:00:01.745+0000] {processor.py:208} INFO - Processing /home/ubuntu/miniconda3/envs/mlflow/lib/python3.12/site-packages/airflow/example_dags/example_setup_teardown_taskflow.py took 0.109 seconds
[2025-03-26T13:01:04.299+0000] {processor.py:186} INFO - Started process (PID=101148) to work on /home/ubuntu/miniconda3/envs/mlflow/lib/python3.12/site-packages/airflow/example_dags/example_setup_teardown_taskflow.py
[2025-03-26T13:01:04.301+0000] {processor.py:914} INFO - Processing file /home/ubuntu/miniconda3/envs/mlflow/lib/python3.12/site-packages/airflow/example_dags/example_setup_teardown_taskflow.py for tasks to queue
[2025-03-26T13:01:04.303+0000] {logging_mixin.py:190} INFO - [2025-03-26T13:01:04.303+0000] {dagbag.py:588} INFO - Filling up the DagBag from /home/ubuntu/miniconda3/envs/mlflow/lib/python3.12/site-packages/airflow/example_dags/example_setup_teardown_taskflow.py
[2025-03-26T13:01:04.319+0000] {processor.py:925} INFO - DAG(s) 'example_setup_teardown_taskflow' retrieved from /home/ubuntu/miniconda3/envs/mlflow/lib/python3.12/site-packages/airflow/example_dags/example_setup_teardown_taskflow.py
[2025-03-26T13:01:04.341+0000] {logging_mixin.py:190} INFO - [2025-03-26T13:01:04.341+0000] {dag.py:3239} INFO - Sync 1 DAGs
[2025-03-26T13:01:04.356+0000] {logging_mixin.py:190} INFO - [2025-03-26T13:01:04.355+0000] {dag.py:4180} INFO - Setting next_dagrun for example_setup_teardown_taskflow to None, run_after=None
[2025-03-26T13:01:04.389+0000] {processor.py:208} INFO - Processing /home/ubuntu/miniconda3/envs/mlflow/lib/python3.12/site-packages/airflow/example_dags/example_setup_teardown_taskflow.py took 0.096 seconds
