[2025-03-26T12:55:12.141+0000] {processor.py:186} INFO - Started process (PID=100247) to work on /home/ubuntu/miniconda3/envs/mlflow/lib/python3.12/site-packages/airflow/example_dags/example_external_task_marker_dag.py
[2025-03-26T12:55:12.142+0000] {processor.py:914} INFO - Processing file /home/ubuntu/miniconda3/envs/mlflow/lib/python3.12/site-packages/airflow/example_dags/example_external_task_marker_dag.py for tasks to queue
[2025-03-26T12:55:12.145+0000] {logging_mixin.py:190} INFO - [2025-03-26T12:55:12.144+0000] {dagbag.py:588} INFO - Filling up the DagBag from /home/ubuntu/miniconda3/envs/mlflow/lib/python3.12/site-packages/airflow/example_dags/example_external_task_marker_dag.py
[2025-03-26T12:55:12.153+0000] {processor.py:925} INFO - DAG(s) 'example_external_task_marker_parent', 'example_external_task_marker_child' retrieved from /home/ubuntu/miniconda3/envs/mlflow/lib/python3.12/site-packages/airflow/example_dags/example_external_task_marker_dag.py
[2025-03-26T12:55:12.280+0000] {logging_mixin.py:190} INFO - [2025-03-26T12:55:12.279+0000] {override.py:1930} INFO - Created Permission View: can read on DAG:example_external_task_marker_parent
[2025-03-26T12:55:12.297+0000] {logging_mixin.py:190} INFO - [2025-03-26T12:55:12.296+0000] {override.py:1930} INFO - Created Permission View: can edit on DAG:example_external_task_marker_parent
[2025-03-26T12:55:12.309+0000] {logging_mixin.py:190} INFO - [2025-03-26T12:55:12.308+0000] {override.py:1930} INFO - Created Permission View: can delete on DAG:example_external_task_marker_parent
[2025-03-26T12:55:12.329+0000] {logging_mixin.py:190} INFO - [2025-03-26T12:55:12.329+0000] {override.py:1930} INFO - Created Permission View: can read on DAG Run:example_external_task_marker_parent
[2025-03-26T12:55:12.342+0000] {logging_mixin.py:190} INFO - [2025-03-26T12:55:12.341+0000] {override.py:1930} INFO - Created Permission View: menu access on DAG Run:example_external_task_marker_parent
[2025-03-26T12:55:12.354+0000] {logging_mixin.py:190} INFO - [2025-03-26T12:55:12.353+0000] {override.py:1930} INFO - Created Permission View: can create on DAG Run:example_external_task_marker_parent
[2025-03-26T12:55:12.369+0000] {logging_mixin.py:190} INFO - [2025-03-26T12:55:12.368+0000] {override.py:1930} INFO - Created Permission View: can delete on DAG Run:example_external_task_marker_parent
[2025-03-26T12:55:12.398+0000] {logging_mixin.py:190} INFO - [2025-03-26T12:55:12.398+0000] {override.py:1930} INFO - Created Permission View: can read on DAG:example_external_task_marker_child
[2025-03-26T12:55:12.410+0000] {logging_mixin.py:190} INFO - [2025-03-26T12:55:12.410+0000] {override.py:1930} INFO - Created Permission View: can edit on DAG:example_external_task_marker_child
[2025-03-26T12:55:12.423+0000] {logging_mixin.py:190} INFO - [2025-03-26T12:55:12.423+0000] {override.py:1930} INFO - Created Permission View: can delete on DAG:example_external_task_marker_child
[2025-03-26T12:55:12.442+0000] {logging_mixin.py:190} INFO - [2025-03-26T12:55:12.441+0000] {override.py:1930} INFO - Created Permission View: can read on DAG Run:example_external_task_marker_child
[2025-03-26T12:55:12.454+0000] {logging_mixin.py:190} INFO - [2025-03-26T12:55:12.453+0000] {override.py:1930} INFO - Created Permission View: menu access on DAG Run:example_external_task_marker_child
[2025-03-26T12:55:12.467+0000] {logging_mixin.py:190} INFO - [2025-03-26T12:55:12.467+0000] {override.py:1930} INFO - Created Permission View: can create on DAG Run:example_external_task_marker_child
[2025-03-26T12:55:12.480+0000] {logging_mixin.py:190} INFO - [2025-03-26T12:55:12.480+0000] {override.py:1930} INFO - Created Permission View: can delete on DAG Run:example_external_task_marker_child
[2025-03-26T12:55:12.481+0000] {logging_mixin.py:190} INFO - [2025-03-26T12:55:12.481+0000] {dag.py:3239} INFO - Sync 2 DAGs
[2025-03-26T12:55:12.496+0000] {logging_mixin.py:190} INFO - [2025-03-26T12:55:12.495+0000] {dag.py:3262} INFO - Creating ORM DAG for example_external_task_marker_parent
[2025-03-26T12:55:12.497+0000] {logging_mixin.py:190} INFO - [2025-03-26T12:55:12.496+0000] {dag.py:3262} INFO - Creating ORM DAG for example_external_task_marker_child
[2025-03-26T12:55:12.497+0000] {logging_mixin.py:190} INFO - [2025-03-26T12:55:12.497+0000] {dag.py:4180} INFO - Setting next_dagrun for example_external_task_marker_child to None, run_after=None
[2025-03-26T12:55:12.498+0000] {logging_mixin.py:190} INFO - [2025-03-26T12:55:12.498+0000] {dag.py:4180} INFO - Setting next_dagrun for example_external_task_marker_parent to None, run_after=None
[2025-03-26T12:55:12.529+0000] {processor.py:208} INFO - Processing /home/ubuntu/miniconda3/envs/mlflow/lib/python3.12/site-packages/airflow/example_dags/example_external_task_marker_dag.py took 0.395 seconds
[2025-03-26T12:56:22.931+0000] {processor.py:186} INFO - Started process (PID=100471) to work on /home/ubuntu/miniconda3/envs/mlflow/lib/python3.12/site-packages/airflow/example_dags/example_external_task_marker_dag.py
[2025-03-26T12:56:22.933+0000] {processor.py:914} INFO - Processing file /home/ubuntu/miniconda3/envs/mlflow/lib/python3.12/site-packages/airflow/example_dags/example_external_task_marker_dag.py for tasks to queue
[2025-03-26T12:56:22.936+0000] {logging_mixin.py:190} INFO - [2025-03-26T12:56:22.935+0000] {dagbag.py:588} INFO - Filling up the DagBag from /home/ubuntu/miniconda3/envs/mlflow/lib/python3.12/site-packages/airflow/example_dags/example_external_task_marker_dag.py
[2025-03-26T12:56:22.947+0000] {processor.py:925} INFO - DAG(s) 'example_external_task_marker_parent', 'example_external_task_marker_child' retrieved from /home/ubuntu/miniconda3/envs/mlflow/lib/python3.12/site-packages/airflow/example_dags/example_external_task_marker_dag.py
[2025-03-26T12:56:22.968+0000] {logging_mixin.py:190} INFO - [2025-03-26T12:56:22.968+0000] {dag.py:3239} INFO - Sync 2 DAGs
[2025-03-26T12:56:22.984+0000] {logging_mixin.py:190} INFO - [2025-03-26T12:56:22.984+0000] {dag.py:4180} INFO - Setting next_dagrun for example_external_task_marker_child to None, run_after=None
[2025-03-26T12:56:22.988+0000] {logging_mixin.py:190} INFO - [2025-03-26T12:56:22.988+0000] {dag.py:4180} INFO - Setting next_dagrun for example_external_task_marker_parent to None, run_after=None
[2025-03-26T12:56:23.015+0000] {processor.py:208} INFO - Processing /home/ubuntu/miniconda3/envs/mlflow/lib/python3.12/site-packages/airflow/example_dags/example_external_task_marker_dag.py took 0.092 seconds
[2025-03-26T12:57:28.383+0000] {processor.py:186} INFO - Started process (PID=100705) to work on /home/ubuntu/miniconda3/envs/mlflow/lib/python3.12/site-packages/airflow/example_dags/example_external_task_marker_dag.py
[2025-03-26T12:57:28.386+0000] {processor.py:914} INFO - Processing file /home/ubuntu/miniconda3/envs/mlflow/lib/python3.12/site-packages/airflow/example_dags/example_external_task_marker_dag.py for tasks to queue
[2025-03-26T12:57:28.389+0000] {logging_mixin.py:190} INFO - [2025-03-26T12:57:28.388+0000] {dagbag.py:588} INFO - Filling up the DagBag from /home/ubuntu/miniconda3/envs/mlflow/lib/python3.12/site-packages/airflow/example_dags/example_external_task_marker_dag.py
[2025-03-26T12:57:28.403+0000] {processor.py:925} INFO - DAG(s) 'example_external_task_marker_parent', 'example_external_task_marker_child' retrieved from /home/ubuntu/miniconda3/envs/mlflow/lib/python3.12/site-packages/airflow/example_dags/example_external_task_marker_dag.py
[2025-03-26T12:57:28.433+0000] {logging_mixin.py:190} INFO - [2025-03-26T12:57:28.432+0000] {dag.py:3239} INFO - Sync 2 DAGs
[2025-03-26T12:57:28.457+0000] {logging_mixin.py:190} INFO - [2025-03-26T12:57:28.456+0000] {dag.py:4180} INFO - Setting next_dagrun for example_external_task_marker_child to None, run_after=None
[2025-03-26T12:57:28.461+0000] {logging_mixin.py:190} INFO - [2025-03-26T12:57:28.461+0000] {dag.py:4180} INFO - Setting next_dagrun for example_external_task_marker_parent to None, run_after=None
[2025-03-26T12:57:28.493+0000] {processor.py:208} INFO - Processing /home/ubuntu/miniconda3/envs/mlflow/lib/python3.12/site-packages/airflow/example_dags/example_external_task_marker_dag.py took 0.120 seconds
[2025-03-26T12:58:34.225+0000] {processor.py:186} INFO - Started process (PID=100821) to work on /home/ubuntu/miniconda3/envs/mlflow/lib/python3.12/site-packages/airflow/example_dags/example_external_task_marker_dag.py
[2025-03-26T12:58:34.226+0000] {processor.py:914} INFO - Processing file /home/ubuntu/miniconda3/envs/mlflow/lib/python3.12/site-packages/airflow/example_dags/example_external_task_marker_dag.py for tasks to queue
[2025-03-26T12:58:34.228+0000] {logging_mixin.py:190} INFO - [2025-03-26T12:58:34.228+0000] {dagbag.py:588} INFO - Filling up the DagBag from /home/ubuntu/miniconda3/envs/mlflow/lib/python3.12/site-packages/airflow/example_dags/example_external_task_marker_dag.py
[2025-03-26T12:58:34.238+0000] {processor.py:925} INFO - DAG(s) 'example_external_task_marker_child', 'example_external_task_marker_parent' retrieved from /home/ubuntu/miniconda3/envs/mlflow/lib/python3.12/site-packages/airflow/example_dags/example_external_task_marker_dag.py
[2025-03-26T12:58:34.263+0000] {logging_mixin.py:190} INFO - [2025-03-26T12:58:34.263+0000] {dag.py:3239} INFO - Sync 2 DAGs
[2025-03-26T12:58:34.279+0000] {logging_mixin.py:190} INFO - [2025-03-26T12:58:34.279+0000] {dag.py:4180} INFO - Setting next_dagrun for example_external_task_marker_child to None, run_after=None
[2025-03-26T12:58:34.285+0000] {logging_mixin.py:190} INFO - [2025-03-26T12:58:34.285+0000] {dag.py:4180} INFO - Setting next_dagrun for example_external_task_marker_parent to None, run_after=None
[2025-03-26T12:58:34.310+0000] {processor.py:208} INFO - Processing /home/ubuntu/miniconda3/envs/mlflow/lib/python3.12/site-packages/airflow/example_dags/example_external_task_marker_dag.py took 0.093 seconds
[2025-03-26T12:59:36.787+0000] {processor.py:186} INFO - Started process (PID=100993) to work on /home/ubuntu/miniconda3/envs/mlflow/lib/python3.12/site-packages/airflow/example_dags/example_external_task_marker_dag.py
[2025-03-26T12:59:36.789+0000] {processor.py:914} INFO - Processing file /home/ubuntu/miniconda3/envs/mlflow/lib/python3.12/site-packages/airflow/example_dags/example_external_task_marker_dag.py for tasks to queue
[2025-03-26T12:59:36.791+0000] {logging_mixin.py:190} INFO - [2025-03-26T12:59:36.790+0000] {dagbag.py:588} INFO - Filling up the DagBag from /home/ubuntu/miniconda3/envs/mlflow/lib/python3.12/site-packages/airflow/example_dags/example_external_task_marker_dag.py
[2025-03-26T12:59:36.800+0000] {processor.py:925} INFO - DAG(s) 'example_external_task_marker_parent', 'example_external_task_marker_child' retrieved from /home/ubuntu/miniconda3/envs/mlflow/lib/python3.12/site-packages/airflow/example_dags/example_external_task_marker_dag.py
[2025-03-26T12:59:36.824+0000] {logging_mixin.py:190} INFO - [2025-03-26T12:59:36.823+0000] {dag.py:3239} INFO - Sync 2 DAGs
[2025-03-26T12:59:36.840+0000] {logging_mixin.py:190} INFO - [2025-03-26T12:59:36.840+0000] {dag.py:4180} INFO - Setting next_dagrun for example_external_task_marker_child to None, run_after=None
[2025-03-26T12:59:36.844+0000] {logging_mixin.py:190} INFO - [2025-03-26T12:59:36.844+0000] {dag.py:4180} INFO - Setting next_dagrun for example_external_task_marker_parent to None, run_after=None
[2025-03-26T12:59:36.872+0000] {processor.py:208} INFO - Processing /home/ubuntu/miniconda3/envs/mlflow/lib/python3.12/site-packages/airflow/example_dags/example_external_task_marker_dag.py took 0.091 seconds
[2025-03-26T13:00:38.977+0000] {processor.py:186} INFO - Started process (PID=101122) to work on /home/ubuntu/miniconda3/envs/mlflow/lib/python3.12/site-packages/airflow/example_dags/example_external_task_marker_dag.py
[2025-03-26T13:00:38.978+0000] {processor.py:914} INFO - Processing file /home/ubuntu/miniconda3/envs/mlflow/lib/python3.12/site-packages/airflow/example_dags/example_external_task_marker_dag.py for tasks to queue
[2025-03-26T13:00:38.981+0000] {logging_mixin.py:190} INFO - [2025-03-26T13:00:38.980+0000] {dagbag.py:588} INFO - Filling up the DagBag from /home/ubuntu/miniconda3/envs/mlflow/lib/python3.12/site-packages/airflow/example_dags/example_external_task_marker_dag.py
[2025-03-26T13:00:38.991+0000] {processor.py:925} INFO - DAG(s) 'example_external_task_marker_child', 'example_external_task_marker_parent' retrieved from /home/ubuntu/miniconda3/envs/mlflow/lib/python3.12/site-packages/airflow/example_dags/example_external_task_marker_dag.py
[2025-03-26T13:00:39.017+0000] {logging_mixin.py:190} INFO - [2025-03-26T13:00:39.017+0000] {dag.py:3239} INFO - Sync 2 DAGs
[2025-03-26T13:00:39.038+0000] {logging_mixin.py:190} INFO - [2025-03-26T13:00:39.038+0000] {dag.py:4180} INFO - Setting next_dagrun for example_external_task_marker_child to None, run_after=None
[2025-03-26T13:00:39.043+0000] {logging_mixin.py:190} INFO - [2025-03-26T13:00:39.042+0000] {dag.py:4180} INFO - Setting next_dagrun for example_external_task_marker_parent to None, run_after=None
[2025-03-26T13:00:39.069+0000] {processor.py:208} INFO - Processing /home/ubuntu/miniconda3/envs/mlflow/lib/python3.12/site-packages/airflow/example_dags/example_external_task_marker_dag.py took 0.099 seconds
[2025-03-26T13:01:43.969+0000] {processor.py:186} INFO - Started process (PID=101186) to work on /home/ubuntu/miniconda3/envs/mlflow/lib/python3.12/site-packages/airflow/example_dags/example_external_task_marker_dag.py
[2025-03-26T13:01:43.970+0000] {processor.py:914} INFO - Processing file /home/ubuntu/miniconda3/envs/mlflow/lib/python3.12/site-packages/airflow/example_dags/example_external_task_marker_dag.py for tasks to queue
[2025-03-26T13:01:43.972+0000] {logging_mixin.py:190} INFO - [2025-03-26T13:01:43.972+0000] {dagbag.py:588} INFO - Filling up the DagBag from /home/ubuntu/miniconda3/envs/mlflow/lib/python3.12/site-packages/airflow/example_dags/example_external_task_marker_dag.py
[2025-03-26T13:01:43.981+0000] {processor.py:925} INFO - DAG(s) 'example_external_task_marker_parent', 'example_external_task_marker_child' retrieved from /home/ubuntu/miniconda3/envs/mlflow/lib/python3.12/site-packages/airflow/example_dags/example_external_task_marker_dag.py
[2025-03-26T13:01:44.002+0000] {logging_mixin.py:190} INFO - [2025-03-26T13:01:44.001+0000] {dag.py:3239} INFO - Sync 2 DAGs
[2025-03-26T13:01:44.016+0000] {logging_mixin.py:190} INFO - [2025-03-26T13:01:44.016+0000] {dag.py:4180} INFO - Setting next_dagrun for example_external_task_marker_child to None, run_after=None
[2025-03-26T13:01:44.021+0000] {logging_mixin.py:190} INFO - [2025-03-26T13:01:44.020+0000] {dag.py:4180} INFO - Setting next_dagrun for example_external_task_marker_parent to None, run_after=None
[2025-03-26T13:01:44.043+0000] {processor.py:208} INFO - Processing /home/ubuntu/miniconda3/envs/mlflow/lib/python3.12/site-packages/airflow/example_dags/example_external_task_marker_dag.py took 0.083 seconds
