[2025-03-26T12:54:43.853+0000] {processor.py:186} INFO - Started process (PID=100184) to work on /home/ubuntu/miniconda3/envs/mlflow/lib/python3.12/site-packages/airflow/example_dags/example_skip_dag.py
[2025-03-26T12:54:43.854+0000] {processor.py:914} INFO - Processing file /home/ubuntu/miniconda3/envs/mlflow/lib/python3.12/site-packages/airflow/example_dags/example_skip_dag.py for tasks to queue
[2025-03-26T12:54:43.857+0000] {logging_mixin.py:190} INFO - [2025-03-26T12:54:43.856+0000] {dagbag.py:588} INFO - Filling up the DagBag from /home/ubuntu/miniconda3/envs/mlflow/lib/python3.12/site-packages/airflow/example_dags/example_skip_dag.py
[2025-03-26T12:54:43.866+0000] {processor.py:925} INFO - DAG(s) 'example_skip_dag' retrieved from /home/ubuntu/miniconda3/envs/mlflow/lib/python3.12/site-packages/airflow/example_dags/example_skip_dag.py
[2025-03-26T12:54:43.995+0000] {logging_mixin.py:190} INFO - [2025-03-26T12:54:43.994+0000] {override.py:1930} INFO - Created Permission View: can read on DAG:example_skip_dag
[2025-03-26T12:54:44.011+0000] {logging_mixin.py:190} INFO - [2025-03-26T12:54:44.011+0000] {override.py:1930} INFO - Created Permission View: can edit on DAG:example_skip_dag
[2025-03-26T12:54:44.024+0000] {logging_mixin.py:190} INFO - [2025-03-26T12:54:44.023+0000] {override.py:1930} INFO - Created Permission View: can delete on DAG:example_skip_dag
[2025-03-26T12:54:44.046+0000] {logging_mixin.py:190} INFO - [2025-03-26T12:54:44.046+0000] {override.py:1930} INFO - Created Permission View: can read on DAG Run:example_skip_dag
[2025-03-26T12:54:44.062+0000] {logging_mixin.py:190} INFO - [2025-03-26T12:54:44.062+0000] {override.py:1930} INFO - Created Permission View: menu access on DAG Run:example_skip_dag
[2025-03-26T12:54:44.078+0000] {logging_mixin.py:190} INFO - [2025-03-26T12:54:44.078+0000] {override.py:1930} INFO - Created Permission View: can create on DAG Run:example_skip_dag
[2025-03-26T12:54:44.092+0000] {logging_mixin.py:190} INFO - [2025-03-26T12:54:44.092+0000] {override.py:1930} INFO - Created Permission View: can delete on DAG Run:example_skip_dag
[2025-03-26T12:54:44.094+0000] {logging_mixin.py:190} INFO - [2025-03-26T12:54:44.094+0000] {dag.py:3239} INFO - Sync 1 DAGs
[2025-03-26T12:54:44.113+0000] {logging_mixin.py:190} INFO - [2025-03-26T12:54:44.113+0000] {dag.py:3262} INFO - Creating ORM DAG for example_skip_dag
[2025-03-26T12:54:44.123+0000] {logging_mixin.py:190} INFO - [2025-03-26T12:54:44.123+0000] {dag.py:4180} INFO - Setting next_dagrun for example_skip_dag to 2025-03-25 00:00:00+00:00, run_after=2025-03-26 00:00:00+00:00
[2025-03-26T12:54:44.149+0000] {processor.py:208} INFO - Processing /home/ubuntu/miniconda3/envs/mlflow/lib/python3.12/site-packages/airflow/example_dags/example_skip_dag.py took 0.309 seconds
[2025-03-26T12:55:52.822+0000] {processor.py:186} INFO - Started process (PID=100379) to work on /home/ubuntu/miniconda3/envs/mlflow/lib/python3.12/site-packages/airflow/example_dags/example_skip_dag.py
[2025-03-26T12:55:52.823+0000] {processor.py:914} INFO - Processing file /home/ubuntu/miniconda3/envs/mlflow/lib/python3.12/site-packages/airflow/example_dags/example_skip_dag.py for tasks to queue
[2025-03-26T12:55:52.825+0000] {logging_mixin.py:190} INFO - [2025-03-26T12:55:52.825+0000] {dagbag.py:588} INFO - Filling up the DagBag from /home/ubuntu/miniconda3/envs/mlflow/lib/python3.12/site-packages/airflow/example_dags/example_skip_dag.py
[2025-03-26T12:55:52.835+0000] {processor.py:925} INFO - DAG(s) 'example_skip_dag' retrieved from /home/ubuntu/miniconda3/envs/mlflow/lib/python3.12/site-packages/airflow/example_dags/example_skip_dag.py
[2025-03-26T12:55:52.857+0000] {logging_mixin.py:190} INFO - [2025-03-26T12:55:52.857+0000] {dag.py:3239} INFO - Sync 1 DAGs
[2025-03-26T12:55:52.886+0000] {logging_mixin.py:190} INFO - [2025-03-26T12:55:52.886+0000] {dag.py:4180} INFO - Setting next_dagrun for example_skip_dag to 2025-03-25 00:00:00+00:00, run_after=2025-03-26 00:00:00+00:00
[2025-03-26T12:55:52.920+0000] {processor.py:208} INFO - Processing /home/ubuntu/miniconda3/envs/mlflow/lib/python3.12/site-packages/airflow/example_dags/example_skip_dag.py took 0.104 seconds
[2025-03-26T12:56:56.913+0000] {processor.py:186} INFO - Started process (PID=100587) to work on /home/ubuntu/miniconda3/envs/mlflow/lib/python3.12/site-packages/airflow/example_dags/example_skip_dag.py
[2025-03-26T12:56:56.915+0000] {processor.py:914} INFO - Processing file /home/ubuntu/miniconda3/envs/mlflow/lib/python3.12/site-packages/airflow/example_dags/example_skip_dag.py for tasks to queue
[2025-03-26T12:56:56.917+0000] {logging_mixin.py:190} INFO - [2025-03-26T12:56:56.917+0000] {dagbag.py:588} INFO - Filling up the DagBag from /home/ubuntu/miniconda3/envs/mlflow/lib/python3.12/site-packages/airflow/example_dags/example_skip_dag.py
[2025-03-26T12:56:56.929+0000] {processor.py:925} INFO - DAG(s) 'example_skip_dag' retrieved from /home/ubuntu/miniconda3/envs/mlflow/lib/python3.12/site-packages/airflow/example_dags/example_skip_dag.py
[2025-03-26T12:56:56.951+0000] {logging_mixin.py:190} INFO - [2025-03-26T12:56:56.951+0000] {dag.py:3239} INFO - Sync 1 DAGs
[2025-03-26T12:56:56.980+0000] {logging_mixin.py:190} INFO - [2025-03-26T12:56:56.979+0000] {dag.py:4180} INFO - Setting next_dagrun for example_skip_dag to 2025-03-25 00:00:00+00:00, run_after=2025-03-26 00:00:00+00:00
[2025-03-26T12:56:57.013+0000] {processor.py:208} INFO - Processing /home/ubuntu/miniconda3/envs/mlflow/lib/python3.12/site-packages/airflow/example_dags/example_skip_dag.py took 0.110 seconds
[2025-03-26T12:58:04.241+0000] {processor.py:186} INFO - Started process (PID=100767) to work on /home/ubuntu/miniconda3/envs/mlflow/lib/python3.12/site-packages/airflow/example_dags/example_skip_dag.py
[2025-03-26T12:58:04.243+0000] {processor.py:914} INFO - Processing file /home/ubuntu/miniconda3/envs/mlflow/lib/python3.12/site-packages/airflow/example_dags/example_skip_dag.py for tasks to queue
[2025-03-26T12:58:04.245+0000] {logging_mixin.py:190} INFO - [2025-03-26T12:58:04.245+0000] {dagbag.py:588} INFO - Filling up the DagBag from /home/ubuntu/miniconda3/envs/mlflow/lib/python3.12/site-packages/airflow/example_dags/example_skip_dag.py
[2025-03-26T12:58:04.258+0000] {processor.py:925} INFO - DAG(s) 'example_skip_dag' retrieved from /home/ubuntu/miniconda3/envs/mlflow/lib/python3.12/site-packages/airflow/example_dags/example_skip_dag.py
[2025-03-26T12:58:04.278+0000] {logging_mixin.py:190} INFO - [2025-03-26T12:58:04.278+0000] {dag.py:3239} INFO - Sync 1 DAGs
[2025-03-26T12:58:04.306+0000] {logging_mixin.py:190} INFO - [2025-03-26T12:58:04.306+0000] {dag.py:4180} INFO - Setting next_dagrun for example_skip_dag to 2025-03-25 00:00:00+00:00, run_after=2025-03-26 00:00:00+00:00
[2025-03-26T12:58:04.335+0000] {processor.py:208} INFO - Processing /home/ubuntu/miniconda3/envs/mlflow/lib/python3.12/site-packages/airflow/example_dags/example_skip_dag.py took 0.099 seconds
[2025-03-26T12:59:06.823+0000] {processor.py:186} INFO - Started process (PID=100890) to work on /home/ubuntu/miniconda3/envs/mlflow/lib/python3.12/site-packages/airflow/example_dags/example_skip_dag.py
[2025-03-26T12:59:06.824+0000] {processor.py:914} INFO - Processing file /home/ubuntu/miniconda3/envs/mlflow/lib/python3.12/site-packages/airflow/example_dags/example_skip_dag.py for tasks to queue
[2025-03-26T12:59:06.827+0000] {logging_mixin.py:190} INFO - [2025-03-26T12:59:06.826+0000] {dagbag.py:588} INFO - Filling up the DagBag from /home/ubuntu/miniconda3/envs/mlflow/lib/python3.12/site-packages/airflow/example_dags/example_skip_dag.py
[2025-03-26T12:59:06.842+0000] {processor.py:925} INFO - DAG(s) 'example_skip_dag' retrieved from /home/ubuntu/miniconda3/envs/mlflow/lib/python3.12/site-packages/airflow/example_dags/example_skip_dag.py
[2025-03-26T12:59:06.867+0000] {logging_mixin.py:190} INFO - [2025-03-26T12:59:06.867+0000] {dag.py:3239} INFO - Sync 1 DAGs
[2025-03-26T12:59:06.901+0000] {logging_mixin.py:190} INFO - [2025-03-26T12:59:06.900+0000] {dag.py:4180} INFO - Setting next_dagrun for example_skip_dag to 2025-03-25 00:00:00+00:00, run_after=2025-03-26 00:00:00+00:00
[2025-03-26T12:59:06.930+0000] {processor.py:208} INFO - Processing /home/ubuntu/miniconda3/envs/mlflow/lib/python3.12/site-packages/airflow/example_dags/example_skip_dag.py took 0.116 seconds
[2025-03-26T13:00:09.461+0000] {processor.py:186} INFO - Started process (PID=101079) to work on /home/ubuntu/miniconda3/envs/mlflow/lib/python3.12/site-packages/airflow/example_dags/example_skip_dag.py
[2025-03-26T13:00:09.463+0000] {processor.py:914} INFO - Processing file /home/ubuntu/miniconda3/envs/mlflow/lib/python3.12/site-packages/airflow/example_dags/example_skip_dag.py for tasks to queue
[2025-03-26T13:00:09.465+0000] {logging_mixin.py:190} INFO - [2025-03-26T13:00:09.465+0000] {dagbag.py:588} INFO - Filling up the DagBag from /home/ubuntu/miniconda3/envs/mlflow/lib/python3.12/site-packages/airflow/example_dags/example_skip_dag.py
[2025-03-26T13:00:09.475+0000] {processor.py:925} INFO - DAG(s) 'example_skip_dag' retrieved from /home/ubuntu/miniconda3/envs/mlflow/lib/python3.12/site-packages/airflow/example_dags/example_skip_dag.py
[2025-03-26T13:00:09.495+0000] {logging_mixin.py:190} INFO - [2025-03-26T13:00:09.494+0000] {dag.py:3239} INFO - Sync 1 DAGs
[2025-03-26T13:00:09.520+0000] {logging_mixin.py:190} INFO - [2025-03-26T13:00:09.520+0000] {dag.py:4180} INFO - Setting next_dagrun for example_skip_dag to 2025-03-25 00:00:00+00:00, run_after=2025-03-26 00:00:00+00:00
[2025-03-26T13:00:09.546+0000] {processor.py:208} INFO - Processing /home/ubuntu/miniconda3/envs/mlflow/lib/python3.12/site-packages/airflow/example_dags/example_skip_dag.py took 0.092 seconds
[2025-03-26T13:01:12.973+0000] {processor.py:186} INFO - Started process (PID=101156) to work on /home/ubuntu/miniconda3/envs/mlflow/lib/python3.12/site-packages/airflow/example_dags/example_skip_dag.py
[2025-03-26T13:01:12.974+0000] {processor.py:914} INFO - Processing file /home/ubuntu/miniconda3/envs/mlflow/lib/python3.12/site-packages/airflow/example_dags/example_skip_dag.py for tasks to queue
[2025-03-26T13:01:12.978+0000] {logging_mixin.py:190} INFO - [2025-03-26T13:01:12.977+0000] {dagbag.py:588} INFO - Filling up the DagBag from /home/ubuntu/miniconda3/envs/mlflow/lib/python3.12/site-packages/airflow/example_dags/example_skip_dag.py
[2025-03-26T13:01:12.992+0000] {processor.py:925} INFO - DAG(s) 'example_skip_dag' retrieved from /home/ubuntu/miniconda3/envs/mlflow/lib/python3.12/site-packages/airflow/example_dags/example_skip_dag.py
[2025-03-26T13:01:13.019+0000] {logging_mixin.py:190} INFO - [2025-03-26T13:01:13.019+0000] {dag.py:3239} INFO - Sync 1 DAGs
[2025-03-26T13:01:13.050+0000] {logging_mixin.py:190} INFO - [2025-03-26T13:01:13.049+0000] {dag.py:4180} INFO - Setting next_dagrun for example_skip_dag to 2025-03-25 00:00:00+00:00, run_after=2025-03-26 00:00:00+00:00
[2025-03-26T13:01:13.077+0000] {processor.py:208} INFO - Processing /home/ubuntu/miniconda3/envs/mlflow/lib/python3.12/site-packages/airflow/example_dags/example_skip_dag.py took 0.115 seconds
