[2025-03-26T12:55:04.118+0000] {processor.py:186} INFO - Started process (PID=100221) to work on /home/ubuntu/miniconda3/envs/mlflow/lib/python3.12/site-packages/airflow/example_dags/example_dynamic_task_mapping.py
[2025-03-26T12:55:04.118+0000] {processor.py:914} INFO - Processing file /home/ubuntu/miniconda3/envs/mlflow/lib/python3.12/site-packages/airflow/example_dags/example_dynamic_task_mapping.py for tasks to queue
[2025-03-26T12:55:04.121+0000] {logging_mixin.py:190} INFO - [2025-03-26T12:55:04.120+0000] {dagbag.py:588} INFO - Filling up the DagBag from /home/ubuntu/miniconda3/envs/mlflow/lib/python3.12/site-packages/airflow/example_dags/example_dynamic_task_mapping.py
[2025-03-26T12:55:04.130+0000] {processor.py:925} INFO - DAG(s) 'example_dynamic_task_mapping' retrieved from /home/ubuntu/miniconda3/envs/mlflow/lib/python3.12/site-packages/airflow/example_dags/example_dynamic_task_mapping.py
[2025-03-26T12:55:04.261+0000] {logging_mixin.py:190} INFO - [2025-03-26T12:55:04.260+0000] {override.py:1930} INFO - Created Permission View: can read on DAG:example_dynamic_task_mapping
[2025-03-26T12:55:04.279+0000] {logging_mixin.py:190} INFO - [2025-03-26T12:55:04.279+0000] {override.py:1930} INFO - Created Permission View: can edit on DAG:example_dynamic_task_mapping
[2025-03-26T12:55:04.293+0000] {logging_mixin.py:190} INFO - [2025-03-26T12:55:04.292+0000] {override.py:1930} INFO - Created Permission View: can delete on DAG:example_dynamic_task_mapping
[2025-03-26T12:55:04.313+0000] {logging_mixin.py:190} INFO - [2025-03-26T12:55:04.313+0000] {override.py:1930} INFO - Created Permission View: can read on DAG Run:example_dynamic_task_mapping
[2025-03-26T12:55:04.326+0000] {logging_mixin.py:190} INFO - [2025-03-26T12:55:04.326+0000] {override.py:1930} INFO - Created Permission View: menu access on DAG Run:example_dynamic_task_mapping
[2025-03-26T12:55:04.340+0000] {logging_mixin.py:190} INFO - [2025-03-26T12:55:04.340+0000] {override.py:1930} INFO - Created Permission View: can create on DAG Run:example_dynamic_task_mapping
[2025-03-26T12:55:04.353+0000] {logging_mixin.py:190} INFO - [2025-03-26T12:55:04.353+0000] {override.py:1930} INFO - Created Permission View: can delete on DAG Run:example_dynamic_task_mapping
[2025-03-26T12:55:04.354+0000] {logging_mixin.py:190} INFO - [2025-03-26T12:55:04.353+0000] {dag.py:3239} INFO - Sync 1 DAGs
[2025-03-26T12:55:04.378+0000] {logging_mixin.py:190} INFO - [2025-03-26T12:55:04.377+0000] {dag.py:3262} INFO - Creating ORM DAG for example_dynamic_task_mapping
[2025-03-26T12:55:04.379+0000] {logging_mixin.py:190} INFO - [2025-03-26T12:55:04.378+0000] {dag.py:4180} INFO - Setting next_dagrun for example_dynamic_task_mapping to None, run_after=None
[2025-03-26T12:55:04.409+0000] {processor.py:208} INFO - Processing /home/ubuntu/miniconda3/envs/mlflow/lib/python3.12/site-packages/airflow/example_dags/example_dynamic_task_mapping.py took 0.297 seconds
[2025-03-26T12:56:16.304+0000] {processor.py:186} INFO - Started process (PID=100465) to work on /home/ubuntu/miniconda3/envs/mlflow/lib/python3.12/site-packages/airflow/example_dags/example_dynamic_task_mapping.py
[2025-03-26T12:56:16.305+0000] {processor.py:914} INFO - Processing file /home/ubuntu/miniconda3/envs/mlflow/lib/python3.12/site-packages/airflow/example_dags/example_dynamic_task_mapping.py for tasks to queue
[2025-03-26T12:56:16.308+0000] {logging_mixin.py:190} INFO - [2025-03-26T12:56:16.308+0000] {dagbag.py:588} INFO - Filling up the DagBag from /home/ubuntu/miniconda3/envs/mlflow/lib/python3.12/site-packages/airflow/example_dags/example_dynamic_task_mapping.py
[2025-03-26T12:56:16.317+0000] {processor.py:925} INFO - DAG(s) 'example_dynamic_task_mapping' retrieved from /home/ubuntu/miniconda3/envs/mlflow/lib/python3.12/site-packages/airflow/example_dags/example_dynamic_task_mapping.py
[2025-03-26T12:56:16.334+0000] {logging_mixin.py:190} INFO - [2025-03-26T12:56:16.333+0000] {dag.py:3239} INFO - Sync 1 DAGs
[2025-03-26T12:56:16.350+0000] {logging_mixin.py:190} INFO - [2025-03-26T12:56:16.350+0000] {dag.py:4180} INFO - Setting next_dagrun for example_dynamic_task_mapping to None, run_after=None
[2025-03-26T12:56:16.382+0000] {processor.py:208} INFO - Processing /home/ubuntu/miniconda3/envs/mlflow/lib/python3.12/site-packages/airflow/example_dags/example_dynamic_task_mapping.py took 0.084 seconds
[2025-03-26T12:57:22.399+0000] {processor.py:186} INFO - Started process (PID=100695) to work on /home/ubuntu/miniconda3/envs/mlflow/lib/python3.12/site-packages/airflow/example_dags/example_dynamic_task_mapping.py
[2025-03-26T12:57:22.400+0000] {processor.py:914} INFO - Processing file /home/ubuntu/miniconda3/envs/mlflow/lib/python3.12/site-packages/airflow/example_dags/example_dynamic_task_mapping.py for tasks to queue
[2025-03-26T12:57:22.403+0000] {logging_mixin.py:190} INFO - [2025-03-26T12:57:22.402+0000] {dagbag.py:588} INFO - Filling up the DagBag from /home/ubuntu/miniconda3/envs/mlflow/lib/python3.12/site-packages/airflow/example_dags/example_dynamic_task_mapping.py
[2025-03-26T12:57:22.413+0000] {processor.py:925} INFO - DAG(s) 'example_dynamic_task_mapping' retrieved from /home/ubuntu/miniconda3/envs/mlflow/lib/python3.12/site-packages/airflow/example_dags/example_dynamic_task_mapping.py
[2025-03-26T12:57:22.432+0000] {logging_mixin.py:190} INFO - [2025-03-26T12:57:22.432+0000] {dag.py:3239} INFO - Sync 1 DAGs
[2025-03-26T12:57:22.448+0000] {logging_mixin.py:190} INFO - [2025-03-26T12:57:22.448+0000] {dag.py:4180} INFO - Setting next_dagrun for example_dynamic_task_mapping to None, run_after=None
[2025-03-26T12:57:22.476+0000] {processor.py:208} INFO - Processing /home/ubuntu/miniconda3/envs/mlflow/lib/python3.12/site-packages/airflow/example_dags/example_dynamic_task_mapping.py took 0.083 seconds
[2025-03-26T12:58:27.501+0000] {processor.py:186} INFO - Started process (PID=100811) to work on /home/ubuntu/miniconda3/envs/mlflow/lib/python3.12/site-packages/airflow/example_dags/example_dynamic_task_mapping.py
[2025-03-26T12:58:27.504+0000] {processor.py:914} INFO - Processing file /home/ubuntu/miniconda3/envs/mlflow/lib/python3.12/site-packages/airflow/example_dags/example_dynamic_task_mapping.py for tasks to queue
[2025-03-26T12:58:27.507+0000] {logging_mixin.py:190} INFO - [2025-03-26T12:58:27.506+0000] {dagbag.py:588} INFO - Filling up the DagBag from /home/ubuntu/miniconda3/envs/mlflow/lib/python3.12/site-packages/airflow/example_dags/example_dynamic_task_mapping.py
[2025-03-26T12:58:27.516+0000] {processor.py:925} INFO - DAG(s) 'example_dynamic_task_mapping' retrieved from /home/ubuntu/miniconda3/envs/mlflow/lib/python3.12/site-packages/airflow/example_dags/example_dynamic_task_mapping.py
[2025-03-26T12:58:27.533+0000] {logging_mixin.py:190} INFO - [2025-03-26T12:58:27.533+0000] {dag.py:3239} INFO - Sync 1 DAGs
[2025-03-26T12:58:27.549+0000] {logging_mixin.py:190} INFO - [2025-03-26T12:58:27.549+0000] {dag.py:4180} INFO - Setting next_dagrun for example_dynamic_task_mapping to None, run_after=None
[2025-03-26T12:58:27.575+0000] {processor.py:208} INFO - Processing /home/ubuntu/miniconda3/envs/mlflow/lib/python3.12/site-packages/airflow/example_dags/example_dynamic_task_mapping.py took 0.079 seconds
[2025-03-26T12:59:29.889+0000] {processor.py:186} INFO - Started process (PID=100932) to work on /home/ubuntu/miniconda3/envs/mlflow/lib/python3.12/site-packages/airflow/example_dags/example_dynamic_task_mapping.py
[2025-03-26T12:59:29.891+0000] {processor.py:914} INFO - Processing file /home/ubuntu/miniconda3/envs/mlflow/lib/python3.12/site-packages/airflow/example_dags/example_dynamic_task_mapping.py for tasks to queue
[2025-03-26T12:59:29.893+0000] {logging_mixin.py:190} INFO - [2025-03-26T12:59:29.893+0000] {dagbag.py:588} INFO - Filling up the DagBag from /home/ubuntu/miniconda3/envs/mlflow/lib/python3.12/site-packages/airflow/example_dags/example_dynamic_task_mapping.py
[2025-03-26T12:59:29.904+0000] {processor.py:925} INFO - DAG(s) 'example_dynamic_task_mapping' retrieved from /home/ubuntu/miniconda3/envs/mlflow/lib/python3.12/site-packages/airflow/example_dags/example_dynamic_task_mapping.py
[2025-03-26T12:59:29.924+0000] {logging_mixin.py:190} INFO - [2025-03-26T12:59:29.922+0000] {dag.py:3239} INFO - Sync 1 DAGs
[2025-03-26T12:59:29.942+0000] {logging_mixin.py:190} INFO - [2025-03-26T12:59:29.942+0000] {dag.py:4180} INFO - Setting next_dagrun for example_dynamic_task_mapping to None, run_after=None
[2025-03-26T12:59:29.971+0000] {processor.py:208} INFO - Processing /home/ubuntu/miniconda3/envs/mlflow/lib/python3.12/site-packages/airflow/example_dags/example_dynamic_task_mapping.py took 0.089 seconds
[2025-03-26T13:00:32.447+0000] {processor.py:186} INFO - Started process (PID=101116) to work on /home/ubuntu/miniconda3/envs/mlflow/lib/python3.12/site-packages/airflow/example_dags/example_dynamic_task_mapping.py
[2025-03-26T13:00:32.449+0000] {processor.py:914} INFO - Processing file /home/ubuntu/miniconda3/envs/mlflow/lib/python3.12/site-packages/airflow/example_dags/example_dynamic_task_mapping.py for tasks to queue
[2025-03-26T13:00:32.451+0000] {logging_mixin.py:190} INFO - [2025-03-26T13:00:32.451+0000] {dagbag.py:588} INFO - Filling up the DagBag from /home/ubuntu/miniconda3/envs/mlflow/lib/python3.12/site-packages/airflow/example_dags/example_dynamic_task_mapping.py
[2025-03-26T13:00:32.462+0000] {processor.py:925} INFO - DAG(s) 'example_dynamic_task_mapping' retrieved from /home/ubuntu/miniconda3/envs/mlflow/lib/python3.12/site-packages/airflow/example_dags/example_dynamic_task_mapping.py
[2025-03-26T13:00:32.480+0000] {logging_mixin.py:190} INFO - [2025-03-26T13:00:32.480+0000] {dag.py:3239} INFO - Sync 1 DAGs
[2025-03-26T13:00:32.497+0000] {logging_mixin.py:190} INFO - [2025-03-26T13:00:32.496+0000] {dag.py:4180} INFO - Setting next_dagrun for example_dynamic_task_mapping to None, run_after=None
[2025-03-26T13:00:32.528+0000] {processor.py:208} INFO - Processing /home/ubuntu/miniconda3/envs/mlflow/lib/python3.12/site-packages/airflow/example_dags/example_dynamic_task_mapping.py took 0.087 seconds
[2025-03-26T13:01:37.501+0000] {processor.py:186} INFO - Started process (PID=101180) to work on /home/ubuntu/miniconda3/envs/mlflow/lib/python3.12/site-packages/airflow/example_dags/example_dynamic_task_mapping.py
[2025-03-26T13:01:37.503+0000] {processor.py:914} INFO - Processing file /home/ubuntu/miniconda3/envs/mlflow/lib/python3.12/site-packages/airflow/example_dags/example_dynamic_task_mapping.py for tasks to queue
[2025-03-26T13:01:37.505+0000] {logging_mixin.py:190} INFO - [2025-03-26T13:01:37.504+0000] {dagbag.py:588} INFO - Filling up the DagBag from /home/ubuntu/miniconda3/envs/mlflow/lib/python3.12/site-packages/airflow/example_dags/example_dynamic_task_mapping.py
[2025-03-26T13:01:37.516+0000] {processor.py:925} INFO - DAG(s) 'example_dynamic_task_mapping' retrieved from /home/ubuntu/miniconda3/envs/mlflow/lib/python3.12/site-packages/airflow/example_dags/example_dynamic_task_mapping.py
[2025-03-26T13:01:37.534+0000] {logging_mixin.py:190} INFO - [2025-03-26T13:01:37.534+0000] {dag.py:3239} INFO - Sync 1 DAGs
[2025-03-26T13:01:37.550+0000] {logging_mixin.py:190} INFO - [2025-03-26T13:01:37.550+0000] {dag.py:4180} INFO - Setting next_dagrun for example_dynamic_task_mapping to None, run_after=None
[2025-03-26T13:01:37.580+0000] {processor.py:208} INFO - Processing /home/ubuntu/miniconda3/envs/mlflow/lib/python3.12/site-packages/airflow/example_dags/example_dynamic_task_mapping.py took 0.087 seconds
