[2025-03-26T12:55:02.568+0000] {processor.py:186} INFO - Started process (PID=100217) to work on /home/ubuntu/miniconda3/envs/mlflow/lib/python3.12/site-packages/airflow/example_dags/example_inlet_event_extra.py
[2025-03-26T12:55:02.569+0000] {processor.py:914} INFO - Processing file /home/ubuntu/miniconda3/envs/mlflow/lib/python3.12/site-packages/airflow/example_dags/example_inlet_event_extra.py for tasks to queue
[2025-03-26T12:55:02.574+0000] {logging_mixin.py:190} INFO - [2025-03-26T12:55:02.573+0000] {dagbag.py:588} INFO - Filling up the DagBag from /home/ubuntu/miniconda3/envs/mlflow/lib/python3.12/site-packages/airflow/example_dags/example_inlet_event_extra.py
[2025-03-26T12:55:02.589+0000] {processor.py:925} INFO - DAG(s) 'read_dataset_event_from_classic', 'read_dataset_event' retrieved from /home/ubuntu/miniconda3/envs/mlflow/lib/python3.12/site-packages/airflow/example_dags/example_inlet_event_extra.py
[2025-03-26T12:55:02.716+0000] {logging_mixin.py:190} INFO - [2025-03-26T12:55:02.714+0000] {override.py:1930} INFO - Created Permission View: can read on DAG:read_dataset_event_from_classic
[2025-03-26T12:55:02.746+0000] {logging_mixin.py:190} INFO - [2025-03-26T12:55:02.746+0000] {override.py:1930} INFO - Created Permission View: can edit on DAG:read_dataset_event_from_classic
[2025-03-26T12:55:02.763+0000] {logging_mixin.py:190} INFO - [2025-03-26T12:55:02.760+0000] {override.py:1930} INFO - Created Permission View: can delete on DAG:read_dataset_event_from_classic
[2025-03-26T12:55:02.793+0000] {logging_mixin.py:190} INFO - [2025-03-26T12:55:02.792+0000] {override.py:1930} INFO - Created Permission View: can read on DAG Run:read_dataset_event_from_classic
[2025-03-26T12:55:02.814+0000] {logging_mixin.py:190} INFO - [2025-03-26T12:55:02.813+0000] {override.py:1930} INFO - Created Permission View: menu access on DAG Run:read_dataset_event_from_classic
[2025-03-26T12:55:02.828+0000] {logging_mixin.py:190} INFO - [2025-03-26T12:55:02.828+0000] {override.py:1930} INFO - Created Permission View: can create on DAG Run:read_dataset_event_from_classic
[2025-03-26T12:55:02.846+0000] {logging_mixin.py:190} INFO - [2025-03-26T12:55:02.845+0000] {override.py:1930} INFO - Created Permission View: can delete on DAG Run:read_dataset_event_from_classic
[2025-03-26T12:55:02.878+0000] {logging_mixin.py:190} INFO - [2025-03-26T12:55:02.877+0000] {override.py:1930} INFO - Created Permission View: can read on DAG:read_dataset_event
[2025-03-26T12:55:02.895+0000] {logging_mixin.py:190} INFO - [2025-03-26T12:55:02.891+0000] {override.py:1930} INFO - Created Permission View: can edit on DAG:read_dataset_event
[2025-03-26T12:55:02.909+0000] {logging_mixin.py:190} INFO - [2025-03-26T12:55:02.909+0000] {override.py:1930} INFO - Created Permission View: can delete on DAG:read_dataset_event
[2025-03-26T12:55:02.931+0000] {logging_mixin.py:190} INFO - [2025-03-26T12:55:02.930+0000] {override.py:1930} INFO - Created Permission View: can read on DAG Run:read_dataset_event
[2025-03-26T12:55:02.944+0000] {logging_mixin.py:190} INFO - [2025-03-26T12:55:02.943+0000] {override.py:1930} INFO - Created Permission View: menu access on DAG Run:read_dataset_event
[2025-03-26T12:55:02.957+0000] {logging_mixin.py:190} INFO - [2025-03-26T12:55:02.956+0000] {override.py:1930} INFO - Created Permission View: can create on DAG Run:read_dataset_event
[2025-03-26T12:55:02.970+0000] {logging_mixin.py:190} INFO - [2025-03-26T12:55:02.970+0000] {override.py:1930} INFO - Created Permission View: can delete on DAG Run:read_dataset_event
[2025-03-26T12:55:02.971+0000] {logging_mixin.py:190} INFO - [2025-03-26T12:55:02.971+0000] {dag.py:3239} INFO - Sync 2 DAGs
[2025-03-26T12:55:02.992+0000] {logging_mixin.py:190} INFO - [2025-03-26T12:55:02.991+0000] {dag.py:3262} INFO - Creating ORM DAG for read_dataset_event_from_classic
[2025-03-26T12:55:02.992+0000] {logging_mixin.py:190} INFO - [2025-03-26T12:55:02.992+0000] {dag.py:3262} INFO - Creating ORM DAG for read_dataset_event
[2025-03-26T12:55:03.007+0000] {logging_mixin.py:190} INFO - [2025-03-26T12:55:03.007+0000] {dag.py:4180} INFO - Setting next_dagrun for read_dataset_event to 2025-03-25 00:00:00+00:00, run_after=2025-03-26 00:00:00+00:00
[2025-03-26T12:55:03.010+0000] {logging_mixin.py:190} INFO - [2025-03-26T12:55:03.010+0000] {dag.py:4180} INFO - Setting next_dagrun for read_dataset_event_from_classic to 2025-03-25 00:00:00+00:00, run_after=2025-03-26 00:00:00+00:00
[2025-03-26T12:55:03.046+0000] {processor.py:208} INFO - Processing /home/ubuntu/miniconda3/envs/mlflow/lib/python3.12/site-packages/airflow/example_dags/example_inlet_event_extra.py took 0.486 seconds
[2025-03-26T12:56:15.131+0000] {processor.py:186} INFO - Started process (PID=100464) to work on /home/ubuntu/miniconda3/envs/mlflow/lib/python3.12/site-packages/airflow/example_dags/example_inlet_event_extra.py
[2025-03-26T12:56:15.132+0000] {processor.py:914} INFO - Processing file /home/ubuntu/miniconda3/envs/mlflow/lib/python3.12/site-packages/airflow/example_dags/example_inlet_event_extra.py for tasks to queue
[2025-03-26T12:56:15.134+0000] {logging_mixin.py:190} INFO - [2025-03-26T12:56:15.134+0000] {dagbag.py:588} INFO - Filling up the DagBag from /home/ubuntu/miniconda3/envs/mlflow/lib/python3.12/site-packages/airflow/example_dags/example_inlet_event_extra.py
[2025-03-26T12:56:15.148+0000] {processor.py:925} INFO - DAG(s) 'read_dataset_event', 'read_dataset_event_from_classic' retrieved from /home/ubuntu/miniconda3/envs/mlflow/lib/python3.12/site-packages/airflow/example_dags/example_inlet_event_extra.py
[2025-03-26T12:56:15.166+0000] {logging_mixin.py:190} INFO - [2025-03-26T12:56:15.165+0000] {dag.py:3239} INFO - Sync 2 DAGs
[2025-03-26T12:56:15.192+0000] {logging_mixin.py:190} INFO - [2025-03-26T12:56:15.192+0000] {dag.py:4180} INFO - Setting next_dagrun for read_dataset_event to 2025-03-25 00:00:00+00:00, run_after=2025-03-26 00:00:00+00:00
[2025-03-26T12:56:15.198+0000] {logging_mixin.py:190} INFO - [2025-03-26T12:56:15.197+0000] {dag.py:4180} INFO - Setting next_dagrun for read_dataset_event_from_classic to 2025-03-25 00:00:00+00:00, run_after=2025-03-26 00:00:00+00:00
[2025-03-26T12:56:15.221+0000] {processor.py:208} INFO - Processing /home/ubuntu/miniconda3/envs/mlflow/lib/python3.12/site-packages/airflow/example_dags/example_inlet_event_extra.py took 0.096 seconds
[2025-03-26T12:57:21.150+0000] {processor.py:186} INFO - Started process (PID=100694) to work on /home/ubuntu/miniconda3/envs/mlflow/lib/python3.12/site-packages/airflow/example_dags/example_inlet_event_extra.py
[2025-03-26T12:57:21.151+0000] {processor.py:914} INFO - Processing file /home/ubuntu/miniconda3/envs/mlflow/lib/python3.12/site-packages/airflow/example_dags/example_inlet_event_extra.py for tasks to queue
[2025-03-26T12:57:21.153+0000] {logging_mixin.py:190} INFO - [2025-03-26T12:57:21.153+0000] {dagbag.py:588} INFO - Filling up the DagBag from /home/ubuntu/miniconda3/envs/mlflow/lib/python3.12/site-packages/airflow/example_dags/example_inlet_event_extra.py
[2025-03-26T12:57:21.174+0000] {processor.py:925} INFO - DAG(s) 'read_dataset_event', 'read_dataset_event_from_classic' retrieved from /home/ubuntu/miniconda3/envs/mlflow/lib/python3.12/site-packages/airflow/example_dags/example_inlet_event_extra.py
[2025-03-26T12:57:21.199+0000] {logging_mixin.py:190} INFO - [2025-03-26T12:57:21.199+0000] {dag.py:3239} INFO - Sync 2 DAGs
[2025-03-26T12:57:21.231+0000] {logging_mixin.py:190} INFO - [2025-03-26T12:57:21.231+0000] {dag.py:4180} INFO - Setting next_dagrun for read_dataset_event to 2025-03-25 00:00:00+00:00, run_after=2025-03-26 00:00:00+00:00
[2025-03-26T12:57:21.237+0000] {logging_mixin.py:190} INFO - [2025-03-26T12:57:21.237+0000] {dag.py:4180} INFO - Setting next_dagrun for read_dataset_event_from_classic to 2025-03-25 00:00:00+00:00, run_after=2025-03-26 00:00:00+00:00
[2025-03-26T12:57:21.276+0000] {processor.py:208} INFO - Processing /home/ubuntu/miniconda3/envs/mlflow/lib/python3.12/site-packages/airflow/example_dags/example_inlet_event_extra.py took 0.133 seconds
[2025-03-26T12:58:26.362+0000] {processor.py:186} INFO - Started process (PID=100806) to work on /home/ubuntu/miniconda3/envs/mlflow/lib/python3.12/site-packages/airflow/example_dags/example_inlet_event_extra.py
[2025-03-26T12:58:26.364+0000] {processor.py:914} INFO - Processing file /home/ubuntu/miniconda3/envs/mlflow/lib/python3.12/site-packages/airflow/example_dags/example_inlet_event_extra.py for tasks to queue
[2025-03-26T12:58:26.367+0000] {logging_mixin.py:190} INFO - [2025-03-26T12:58:26.366+0000] {dagbag.py:588} INFO - Filling up the DagBag from /home/ubuntu/miniconda3/envs/mlflow/lib/python3.12/site-packages/airflow/example_dags/example_inlet_event_extra.py
[2025-03-26T12:58:26.385+0000] {processor.py:925} INFO - DAG(s) 'read_dataset_event', 'read_dataset_event_from_classic' retrieved from /home/ubuntu/miniconda3/envs/mlflow/lib/python3.12/site-packages/airflow/example_dags/example_inlet_event_extra.py
[2025-03-26T12:58:26.416+0000] {logging_mixin.py:190} INFO - [2025-03-26T12:58:26.415+0000] {dag.py:3239} INFO - Sync 2 DAGs
[2025-03-26T12:58:26.450+0000] {logging_mixin.py:190} INFO - [2025-03-26T12:58:26.450+0000] {dag.py:4180} INFO - Setting next_dagrun for read_dataset_event to 2025-03-25 00:00:00+00:00, run_after=2025-03-26 00:00:00+00:00
[2025-03-26T12:58:26.458+0000] {logging_mixin.py:190} INFO - [2025-03-26T12:58:26.458+0000] {dag.py:4180} INFO - Setting next_dagrun for read_dataset_event_from_classic to 2025-03-25 00:00:00+00:00, run_after=2025-03-26 00:00:00+00:00
[2025-03-26T12:58:26.496+0000] {processor.py:208} INFO - Processing /home/ubuntu/miniconda3/envs/mlflow/lib/python3.12/site-packages/airflow/example_dags/example_inlet_event_extra.py took 0.141 seconds
[2025-03-26T12:59:28.641+0000] {processor.py:186} INFO - Started process (PID=100931) to work on /home/ubuntu/miniconda3/envs/mlflow/lib/python3.12/site-packages/airflow/example_dags/example_inlet_event_extra.py
[2025-03-26T12:59:28.643+0000] {processor.py:914} INFO - Processing file /home/ubuntu/miniconda3/envs/mlflow/lib/python3.12/site-packages/airflow/example_dags/example_inlet_event_extra.py for tasks to queue
[2025-03-26T12:59:28.647+0000] {logging_mixin.py:190} INFO - [2025-03-26T12:59:28.646+0000] {dagbag.py:588} INFO - Filling up the DagBag from /home/ubuntu/miniconda3/envs/mlflow/lib/python3.12/site-packages/airflow/example_dags/example_inlet_event_extra.py
[2025-03-26T12:59:28.671+0000] {processor.py:925} INFO - DAG(s) 'read_dataset_event', 'read_dataset_event_from_classic' retrieved from /home/ubuntu/miniconda3/envs/mlflow/lib/python3.12/site-packages/airflow/example_dags/example_inlet_event_extra.py
[2025-03-26T12:59:28.706+0000] {logging_mixin.py:190} INFO - [2025-03-26T12:59:28.706+0000] {dag.py:3239} INFO - Sync 2 DAGs
[2025-03-26T12:59:28.736+0000] {logging_mixin.py:190} INFO - [2025-03-26T12:59:28.736+0000] {dag.py:4180} INFO - Setting next_dagrun for read_dataset_event to 2025-03-25 00:00:00+00:00, run_after=2025-03-26 00:00:00+00:00
[2025-03-26T12:59:28.742+0000] {logging_mixin.py:190} INFO - [2025-03-26T12:59:28.742+0000] {dag.py:4180} INFO - Setting next_dagrun for read_dataset_event_from_classic to 2025-03-25 00:00:00+00:00, run_after=2025-03-26 00:00:00+00:00
[2025-03-26T12:59:28.769+0000] {processor.py:208} INFO - Processing /home/ubuntu/miniconda3/envs/mlflow/lib/python3.12/site-packages/airflow/example_dags/example_inlet_event_extra.py took 0.139 seconds
[2025-03-26T13:00:31.185+0000] {processor.py:186} INFO - Started process (PID=101115) to work on /home/ubuntu/miniconda3/envs/mlflow/lib/python3.12/site-packages/airflow/example_dags/example_inlet_event_extra.py
[2025-03-26T13:00:31.187+0000] {processor.py:914} INFO - Processing file /home/ubuntu/miniconda3/envs/mlflow/lib/python3.12/site-packages/airflow/example_dags/example_inlet_event_extra.py for tasks to queue
[2025-03-26T13:00:31.189+0000] {logging_mixin.py:190} INFO - [2025-03-26T13:00:31.189+0000] {dagbag.py:588} INFO - Filling up the DagBag from /home/ubuntu/miniconda3/envs/mlflow/lib/python3.12/site-packages/airflow/example_dags/example_inlet_event_extra.py
[2025-03-26T13:00:31.204+0000] {processor.py:925} INFO - DAG(s) 'read_dataset_event_from_classic', 'read_dataset_event' retrieved from /home/ubuntu/miniconda3/envs/mlflow/lib/python3.12/site-packages/airflow/example_dags/example_inlet_event_extra.py
[2025-03-26T13:00:31.225+0000] {logging_mixin.py:190} INFO - [2025-03-26T13:00:31.225+0000] {dag.py:3239} INFO - Sync 2 DAGs
[2025-03-26T13:00:31.256+0000] {logging_mixin.py:190} INFO - [2025-03-26T13:00:31.256+0000] {dag.py:4180} INFO - Setting next_dagrun for read_dataset_event to 2025-03-25 00:00:00+00:00, run_after=2025-03-26 00:00:00+00:00
[2025-03-26T13:00:31.262+0000] {logging_mixin.py:190} INFO - [2025-03-26T13:00:31.262+0000] {dag.py:4180} INFO - Setting next_dagrun for read_dataset_event_from_classic to 2025-03-25 00:00:00+00:00, run_after=2025-03-26 00:00:00+00:00
[2025-03-26T13:00:31.286+0000] {processor.py:208} INFO - Processing /home/ubuntu/miniconda3/envs/mlflow/lib/python3.12/site-packages/airflow/example_dags/example_inlet_event_extra.py took 0.108 seconds
[2025-03-26T13:01:37.211+0000] {processor.py:186} INFO - Started process (PID=101179) to work on /home/ubuntu/miniconda3/envs/mlflow/lib/python3.12/site-packages/airflow/example_dags/example_inlet_event_extra.py
[2025-03-26T13:01:37.214+0000] {processor.py:914} INFO - Processing file /home/ubuntu/miniconda3/envs/mlflow/lib/python3.12/site-packages/airflow/example_dags/example_inlet_event_extra.py for tasks to queue
[2025-03-26T13:01:37.216+0000] {logging_mixin.py:190} INFO - [2025-03-26T13:01:37.216+0000] {dagbag.py:588} INFO - Filling up the DagBag from /home/ubuntu/miniconda3/envs/mlflow/lib/python3.12/site-packages/airflow/example_dags/example_inlet_event_extra.py
[2025-03-26T13:01:37.234+0000] {processor.py:925} INFO - DAG(s) 'read_dataset_event', 'read_dataset_event_from_classic' retrieved from /home/ubuntu/miniconda3/envs/mlflow/lib/python3.12/site-packages/airflow/example_dags/example_inlet_event_extra.py
[2025-03-26T13:01:37.256+0000] {logging_mixin.py:190} INFO - [2025-03-26T13:01:37.256+0000] {dag.py:3239} INFO - Sync 2 DAGs
[2025-03-26T13:01:37.286+0000] {logging_mixin.py:190} INFO - [2025-03-26T13:01:37.285+0000] {dag.py:4180} INFO - Setting next_dagrun for read_dataset_event to 2025-03-25 00:00:00+00:00, run_after=2025-03-26 00:00:00+00:00
[2025-03-26T13:01:37.293+0000] {logging_mixin.py:190} INFO - [2025-03-26T13:01:37.293+0000] {dag.py:4180} INFO - Setting next_dagrun for read_dataset_event_from_classic to 2025-03-25 00:00:00+00:00, run_after=2025-03-26 00:00:00+00:00
[2025-03-26T13:01:37.318+0000] {processor.py:208} INFO - Processing /home/ubuntu/miniconda3/envs/mlflow/lib/python3.12/site-packages/airflow/example_dags/example_inlet_event_extra.py took 0.115 seconds
