[2025-03-26T12:54:16.490+0000] {processor.py:186} INFO - Started process (PID=100138) to work on /home/ubuntu/miniconda3/envs/mlflow/lib/python3.12/site-packages/airflow/example_dags/example_python_operator.py
[2025-03-26T12:54:16.491+0000] {processor.py:914} INFO - Processing file /home/ubuntu/miniconda3/envs/mlflow/lib/python3.12/site-packages/airflow/example_dags/example_python_operator.py for tasks to queue
[2025-03-26T12:54:16.493+0000] {logging_mixin.py:190} INFO - [2025-03-26T12:54:16.493+0000] {dagbag.py:588} INFO - Filling up the DagBag from /home/ubuntu/miniconda3/envs/mlflow/lib/python3.12/site-packages/airflow/example_dags/example_python_operator.py
[2025-03-26T12:54:16.513+0000] {processor.py:925} INFO - DAG(s) 'example_python_operator' retrieved from /home/ubuntu/miniconda3/envs/mlflow/lib/python3.12/site-packages/airflow/example_dags/example_python_operator.py
[2025-03-26T12:54:16.659+0000] {logging_mixin.py:190} INFO - [2025-03-26T12:54:16.658+0000] {override.py:1930} INFO - Created Permission View: can read on DAG:example_python_operator
[2025-03-26T12:54:16.680+0000] {logging_mixin.py:190} INFO - [2025-03-26T12:54:16.680+0000] {override.py:1930} INFO - Created Permission View: can edit on DAG:example_python_operator
[2025-03-26T12:54:16.708+0000] {logging_mixin.py:190} INFO - [2025-03-26T12:54:16.708+0000] {override.py:1930} INFO - Created Permission View: can delete on DAG:example_python_operator
[2025-03-26T12:54:16.735+0000] {logging_mixin.py:190} INFO - [2025-03-26T12:54:16.734+0000] {override.py:1930} INFO - Created Permission View: can read on DAG Run:example_python_operator
[2025-03-26T12:54:16.752+0000] {logging_mixin.py:190} INFO - [2025-03-26T12:54:16.751+0000] {override.py:1930} INFO - Created Permission View: menu access on DAG Run:example_python_operator
[2025-03-26T12:54:16.768+0000] {logging_mixin.py:190} INFO - [2025-03-26T12:54:16.767+0000] {override.py:1930} INFO - Created Permission View: can create on DAG Run:example_python_operator
[2025-03-26T12:54:16.780+0000] {logging_mixin.py:190} INFO - [2025-03-26T12:54:16.779+0000] {override.py:1930} INFO - Created Permission View: can delete on DAG Run:example_python_operator
[2025-03-26T12:54:16.780+0000] {logging_mixin.py:190} INFO - [2025-03-26T12:54:16.780+0000] {dag.py:3239} INFO - Sync 1 DAGs
[2025-03-26T12:54:16.795+0000] {logging_mixin.py:190} INFO - [2025-03-26T12:54:16.794+0000] {dag.py:3262} INFO - Creating ORM DAG for example_python_operator
[2025-03-26T12:54:16.796+0000] {logging_mixin.py:190} INFO - [2025-03-26T12:54:16.795+0000] {dag.py:4180} INFO - Setting next_dagrun for example_python_operator to None, run_after=None
[2025-03-26T12:54:16.830+0000] {processor.py:208} INFO - Processing /home/ubuntu/miniconda3/envs/mlflow/lib/python3.12/site-packages/airflow/example_dags/example_python_operator.py took 0.346 seconds
[2025-03-26T12:55:31.758+0000] {processor.py:186} INFO - Started process (PID=100299) to work on /home/ubuntu/miniconda3/envs/mlflow/lib/python3.12/site-packages/airflow/example_dags/example_python_operator.py
[2025-03-26T12:55:31.759+0000] {processor.py:914} INFO - Processing file /home/ubuntu/miniconda3/envs/mlflow/lib/python3.12/site-packages/airflow/example_dags/example_python_operator.py for tasks to queue
[2025-03-26T12:55:31.762+0000] {logging_mixin.py:190} INFO - [2025-03-26T12:55:31.761+0000] {dagbag.py:588} INFO - Filling up the DagBag from /home/ubuntu/miniconda3/envs/mlflow/lib/python3.12/site-packages/airflow/example_dags/example_python_operator.py
[2025-03-26T12:55:31.778+0000] {processor.py:925} INFO - DAG(s) 'example_python_operator' retrieved from /home/ubuntu/miniconda3/envs/mlflow/lib/python3.12/site-packages/airflow/example_dags/example_python_operator.py
[2025-03-26T12:55:31.808+0000] {logging_mixin.py:190} INFO - [2025-03-26T12:55:31.807+0000] {dag.py:3239} INFO - Sync 1 DAGs
[2025-03-26T12:55:31.827+0000] {logging_mixin.py:190} INFO - [2025-03-26T12:55:31.827+0000] {dag.py:4180} INFO - Setting next_dagrun for example_python_operator to None, run_after=None
[2025-03-26T12:55:31.858+0000] {processor.py:208} INFO - Processing /home/ubuntu/miniconda3/envs/mlflow/lib/python3.12/site-packages/airflow/example_dags/example_python_operator.py took 0.108 seconds
[2025-03-26T12:56:34.865+0000] {processor.py:186} INFO - Started process (PID=100483) to work on /home/ubuntu/miniconda3/envs/mlflow/lib/python3.12/site-packages/airflow/example_dags/example_python_operator.py
[2025-03-26T12:56:34.866+0000] {processor.py:914} INFO - Processing file /home/ubuntu/miniconda3/envs/mlflow/lib/python3.12/site-packages/airflow/example_dags/example_python_operator.py for tasks to queue
[2025-03-26T12:56:34.868+0000] {logging_mixin.py:190} INFO - [2025-03-26T12:56:34.868+0000] {dagbag.py:588} INFO - Filling up the DagBag from /home/ubuntu/miniconda3/envs/mlflow/lib/python3.12/site-packages/airflow/example_dags/example_python_operator.py
[2025-03-26T12:56:34.890+0000] {processor.py:925} INFO - DAG(s) 'example_python_operator' retrieved from /home/ubuntu/miniconda3/envs/mlflow/lib/python3.12/site-packages/airflow/example_dags/example_python_operator.py
[2025-03-26T12:56:34.913+0000] {logging_mixin.py:190} INFO - [2025-03-26T12:56:34.913+0000] {dag.py:3239} INFO - Sync 1 DAGs
[2025-03-26T12:56:34.929+0000] {logging_mixin.py:190} INFO - [2025-03-26T12:56:34.929+0000] {dag.py:4180} INFO - Setting next_dagrun for example_python_operator to None, run_after=None
[2025-03-26T12:56:34.961+0000] {processor.py:208} INFO - Processing /home/ubuntu/miniconda3/envs/mlflow/lib/python3.12/site-packages/airflow/example_dags/example_python_operator.py took 0.102 seconds
[2025-03-26T12:57:43.280+0000] {processor.py:186} INFO - Started process (PID=100730) to work on /home/ubuntu/miniconda3/envs/mlflow/lib/python3.12/site-packages/airflow/example_dags/example_python_operator.py
[2025-03-26T12:57:43.282+0000] {processor.py:914} INFO - Processing file /home/ubuntu/miniconda3/envs/mlflow/lib/python3.12/site-packages/airflow/example_dags/example_python_operator.py for tasks to queue
[2025-03-26T12:57:43.286+0000] {logging_mixin.py:190} INFO - [2025-03-26T12:57:43.285+0000] {dagbag.py:588} INFO - Filling up the DagBag from /home/ubuntu/miniconda3/envs/mlflow/lib/python3.12/site-packages/airflow/example_dags/example_python_operator.py
[2025-03-26T12:57:43.302+0000] {processor.py:925} INFO - DAG(s) 'example_python_operator' retrieved from /home/ubuntu/miniconda3/envs/mlflow/lib/python3.12/site-packages/airflow/example_dags/example_python_operator.py
[2025-03-26T12:57:43.322+0000] {logging_mixin.py:190} INFO - [2025-03-26T12:57:43.322+0000] {dag.py:3239} INFO - Sync 1 DAGs
[2025-03-26T12:57:43.337+0000] {logging_mixin.py:190} INFO - [2025-03-26T12:57:43.336+0000] {dag.py:4180} INFO - Setting next_dagrun for example_python_operator to None, run_after=None
[2025-03-26T12:57:43.365+0000] {processor.py:208} INFO - Processing /home/ubuntu/miniconda3/envs/mlflow/lib/python3.12/site-packages/airflow/example_dags/example_python_operator.py took 0.091 seconds
[2025-03-26T12:58:46.157+0000] {processor.py:186} INFO - Started process (PID=100842) to work on /home/ubuntu/miniconda3/envs/mlflow/lib/python3.12/site-packages/airflow/example_dags/example_python_operator.py
[2025-03-26T12:58:46.158+0000] {processor.py:914} INFO - Processing file /home/ubuntu/miniconda3/envs/mlflow/lib/python3.12/site-packages/airflow/example_dags/example_python_operator.py for tasks to queue
[2025-03-26T12:58:46.161+0000] {logging_mixin.py:190} INFO - [2025-03-26T12:58:46.160+0000] {dagbag.py:588} INFO - Filling up the DagBag from /home/ubuntu/miniconda3/envs/mlflow/lib/python3.12/site-packages/airflow/example_dags/example_python_operator.py
[2025-03-26T12:58:46.175+0000] {processor.py:925} INFO - DAG(s) 'example_python_operator' retrieved from /home/ubuntu/miniconda3/envs/mlflow/lib/python3.12/site-packages/airflow/example_dags/example_python_operator.py
[2025-03-26T12:58:46.193+0000] {logging_mixin.py:190} INFO - [2025-03-26T12:58:46.193+0000] {dag.py:3239} INFO - Sync 1 DAGs
[2025-03-26T12:58:46.208+0000] {logging_mixin.py:190} INFO - [2025-03-26T12:58:46.208+0000] {dag.py:4180} INFO - Setting next_dagrun for example_python_operator to None, run_after=None
[2025-03-26T12:58:46.236+0000] {processor.py:208} INFO - Processing /home/ubuntu/miniconda3/envs/mlflow/lib/python3.12/site-packages/airflow/example_dags/example_python_operator.py took 0.086 seconds
[2025-03-26T12:59:50.300+0000] {processor.py:186} INFO - Started process (PID=101043) to work on /home/ubuntu/miniconda3/envs/mlflow/lib/python3.12/site-packages/airflow/example_dags/example_python_operator.py
[2025-03-26T12:59:50.301+0000] {processor.py:914} INFO - Processing file /home/ubuntu/miniconda3/envs/mlflow/lib/python3.12/site-packages/airflow/example_dags/example_python_operator.py for tasks to queue
[2025-03-26T12:59:50.304+0000] {logging_mixin.py:190} INFO - [2025-03-26T12:59:50.303+0000] {dagbag.py:588} INFO - Filling up the DagBag from /home/ubuntu/miniconda3/envs/mlflow/lib/python3.12/site-packages/airflow/example_dags/example_python_operator.py
[2025-03-26T12:59:50.317+0000] {processor.py:925} INFO - DAG(s) 'example_python_operator' retrieved from /home/ubuntu/miniconda3/envs/mlflow/lib/python3.12/site-packages/airflow/example_dags/example_python_operator.py
[2025-03-26T12:59:50.338+0000] {logging_mixin.py:190} INFO - [2025-03-26T12:59:50.338+0000] {dag.py:3239} INFO - Sync 1 DAGs
[2025-03-26T12:59:50.354+0000] {logging_mixin.py:190} INFO - [2025-03-26T12:59:50.354+0000] {dag.py:4180} INFO - Setting next_dagrun for example_python_operator to None, run_after=None
[2025-03-26T12:59:50.384+0000] {processor.py:208} INFO - Processing /home/ubuntu/miniconda3/envs/mlflow/lib/python3.12/site-packages/airflow/example_dags/example_python_operator.py took 0.090 seconds
[2025-03-26T13:00:51.739+0000] {processor.py:186} INFO - Started process (PID=101136) to work on /home/ubuntu/miniconda3/envs/mlflow/lib/python3.12/site-packages/airflow/example_dags/example_python_operator.py
[2025-03-26T13:00:51.740+0000] {processor.py:914} INFO - Processing file /home/ubuntu/miniconda3/envs/mlflow/lib/python3.12/site-packages/airflow/example_dags/example_python_operator.py for tasks to queue
[2025-03-26T13:00:51.745+0000] {logging_mixin.py:190} INFO - [2025-03-26T13:00:51.744+0000] {dagbag.py:588} INFO - Filling up the DagBag from /home/ubuntu/miniconda3/envs/mlflow/lib/python3.12/site-packages/airflow/example_dags/example_python_operator.py
[2025-03-26T13:00:51.761+0000] {processor.py:925} INFO - DAG(s) 'example_python_operator' retrieved from /home/ubuntu/miniconda3/envs/mlflow/lib/python3.12/site-packages/airflow/example_dags/example_python_operator.py
[2025-03-26T13:00:51.784+0000] {logging_mixin.py:190} INFO - [2025-03-26T13:00:51.783+0000] {dag.py:3239} INFO - Sync 1 DAGs
[2025-03-26T13:00:51.805+0000] {logging_mixin.py:190} INFO - [2025-03-26T13:00:51.805+0000] {dag.py:4180} INFO - Setting next_dagrun for example_python_operator to None, run_after=None
[2025-03-26T13:00:51.839+0000] {processor.py:208} INFO - Processing /home/ubuntu/miniconda3/envs/mlflow/lib/python3.12/site-packages/airflow/example_dags/example_python_operator.py took 0.112 seconds
[2025-03-26T13:01:55.577+0000] {processor.py:186} INFO - Started process (PID=101199) to work on /home/ubuntu/miniconda3/envs/mlflow/lib/python3.12/site-packages/airflow/example_dags/example_python_operator.py
[2025-03-26T13:01:55.578+0000] {processor.py:914} INFO - Processing file /home/ubuntu/miniconda3/envs/mlflow/lib/python3.12/site-packages/airflow/example_dags/example_python_operator.py for tasks to queue
[2025-03-26T13:01:55.580+0000] {logging_mixin.py:190} INFO - [2025-03-26T13:01:55.580+0000] {dagbag.py:588} INFO - Filling up the DagBag from /home/ubuntu/miniconda3/envs/mlflow/lib/python3.12/site-packages/airflow/example_dags/example_python_operator.py
[2025-03-26T13:01:55.594+0000] {processor.py:925} INFO - DAG(s) 'example_python_operator' retrieved from /home/ubuntu/miniconda3/envs/mlflow/lib/python3.12/site-packages/airflow/example_dags/example_python_operator.py
[2025-03-26T13:01:55.613+0000] {logging_mixin.py:190} INFO - [2025-03-26T13:01:55.613+0000] {dag.py:3239} INFO - Sync 1 DAGs
[2025-03-26T13:01:55.628+0000] {logging_mixin.py:190} INFO - [2025-03-26T13:01:55.628+0000] {dag.py:4180} INFO - Setting next_dagrun for example_python_operator to None, run_after=None
[2025-03-26T13:01:55.655+0000] {processor.py:208} INFO - Processing /home/ubuntu/miniconda3/envs/mlflow/lib/python3.12/site-packages/airflow/example_dags/example_python_operator.py took 0.089 seconds
