[2025-03-26T12:55:08.134+0000] {processor.py:186} INFO - Started process (PID=100237) to work on /home/ubuntu/miniconda3/envs/mlflow/lib/python3.12/site-packages/airflow/example_dags/example_dataset_alias_with_no_taskflow.py
[2025-03-26T12:55:08.135+0000] {processor.py:914} INFO - Processing file /home/ubuntu/miniconda3/envs/mlflow/lib/python3.12/site-packages/airflow/example_dags/example_dataset_alias_with_no_taskflow.py for tasks to queue
[2025-03-26T12:55:08.137+0000] {logging_mixin.py:190} INFO - [2025-03-26T12:55:08.136+0000] {dagbag.py:588} INFO - Filling up the DagBag from /home/ubuntu/miniconda3/envs/mlflow/lib/python3.12/site-packages/airflow/example_dags/example_dataset_alias_with_no_taskflow.py
[2025-03-26T12:55:08.155+0000] {processor.py:925} INFO - DAG(s) 'dataset_alias_example_alias_consumer_with_no_taskflow', 'dataset_alias_example_alias_producer_with_no_taskflow', 'dataset_s3_bucket_consumer_with_no_taskflow', 'dataset_s3_bucket_producer_with_no_taskflow' retrieved from /home/ubuntu/miniconda3/envs/mlflow/lib/python3.12/site-packages/airflow/example_dags/example_dataset_alias_with_no_taskflow.py
[2025-03-26T12:55:08.287+0000] {logging_mixin.py:190} INFO - [2025-03-26T12:55:08.286+0000] {override.py:1930} INFO - Created Permission View: can read on DAG:dataset_alias_example_alias_consumer_with_no_taskflow
[2025-03-26T12:55:08.304+0000] {logging_mixin.py:190} INFO - [2025-03-26T12:55:08.304+0000] {override.py:1930} INFO - Created Permission View: can edit on DAG:dataset_alias_example_alias_consumer_with_no_taskflow
[2025-03-26T12:55:08.317+0000] {logging_mixin.py:190} INFO - [2025-03-26T12:55:08.316+0000] {override.py:1930} INFO - Created Permission View: can delete on DAG:dataset_alias_example_alias_consumer_with_no_taskflow
[2025-03-26T12:55:08.339+0000] {logging_mixin.py:190} INFO - [2025-03-26T12:55:08.339+0000] {override.py:1930} INFO - Created Permission View: can read on DAG Run:dataset_alias_example_alias_consumer_with_no_taskflow
[2025-03-26T12:55:08.353+0000] {logging_mixin.py:190} INFO - [2025-03-26T12:55:08.353+0000] {override.py:1930} INFO - Created Permission View: menu access on DAG Run:dataset_alias_example_alias_consumer_with_no_taskflow
[2025-03-26T12:55:08.369+0000] {logging_mixin.py:190} INFO - [2025-03-26T12:55:08.368+0000] {override.py:1930} INFO - Created Permission View: can create on DAG Run:dataset_alias_example_alias_consumer_with_no_taskflow
[2025-03-26T12:55:08.385+0000] {logging_mixin.py:190} INFO - [2025-03-26T12:55:08.384+0000] {override.py:1930} INFO - Created Permission View: can delete on DAG Run:dataset_alias_example_alias_consumer_with_no_taskflow
[2025-03-26T12:55:08.415+0000] {logging_mixin.py:190} INFO - [2025-03-26T12:55:08.415+0000] {override.py:1930} INFO - Created Permission View: can read on DAG:dataset_alias_example_alias_producer_with_no_taskflow
[2025-03-26T12:55:08.427+0000] {logging_mixin.py:190} INFO - [2025-03-26T12:55:08.426+0000] {override.py:1930} INFO - Created Permission View: can edit on DAG:dataset_alias_example_alias_producer_with_no_taskflow
[2025-03-26T12:55:08.439+0000] {logging_mixin.py:190} INFO - [2025-03-26T12:55:08.439+0000] {override.py:1930} INFO - Created Permission View: can delete on DAG:dataset_alias_example_alias_producer_with_no_taskflow
[2025-03-26T12:55:08.461+0000] {logging_mixin.py:190} INFO - [2025-03-26T12:55:08.460+0000] {override.py:1930} INFO - Created Permission View: can read on DAG Run:dataset_alias_example_alias_producer_with_no_taskflow
[2025-03-26T12:55:08.472+0000] {logging_mixin.py:190} INFO - [2025-03-26T12:55:08.472+0000] {override.py:1930} INFO - Created Permission View: menu access on DAG Run:dataset_alias_example_alias_producer_with_no_taskflow
[2025-03-26T12:55:08.485+0000] {logging_mixin.py:190} INFO - [2025-03-26T12:55:08.485+0000] {override.py:1930} INFO - Created Permission View: can create on DAG Run:dataset_alias_example_alias_producer_with_no_taskflow
[2025-03-26T12:55:08.502+0000] {logging_mixin.py:190} INFO - [2025-03-26T12:55:08.502+0000] {override.py:1930} INFO - Created Permission View: can delete on DAG Run:dataset_alias_example_alias_producer_with_no_taskflow
[2025-03-26T12:55:08.529+0000] {logging_mixin.py:190} INFO - [2025-03-26T12:55:08.528+0000] {override.py:1930} INFO - Created Permission View: can read on DAG:dataset_s3_bucket_consumer_with_no_taskflow
[2025-03-26T12:55:08.541+0000] {logging_mixin.py:190} INFO - [2025-03-26T12:55:08.540+0000] {override.py:1930} INFO - Created Permission View: can edit on DAG:dataset_s3_bucket_consumer_with_no_taskflow
[2025-03-26T12:55:08.553+0000] {logging_mixin.py:190} INFO - [2025-03-26T12:55:08.552+0000] {override.py:1930} INFO - Created Permission View: can delete on DAG:dataset_s3_bucket_consumer_with_no_taskflow
[2025-03-26T12:55:08.571+0000] {logging_mixin.py:190} INFO - [2025-03-26T12:55:08.571+0000] {override.py:1930} INFO - Created Permission View: can read on DAG Run:dataset_s3_bucket_consumer_with_no_taskflow
[2025-03-26T12:55:08.584+0000] {logging_mixin.py:190} INFO - [2025-03-26T12:55:08.583+0000] {override.py:1930} INFO - Created Permission View: menu access on DAG Run:dataset_s3_bucket_consumer_with_no_taskflow
[2025-03-26T12:55:08.597+0000] {logging_mixin.py:190} INFO - [2025-03-26T12:55:08.596+0000] {override.py:1930} INFO - Created Permission View: can create on DAG Run:dataset_s3_bucket_consumer_with_no_taskflow
[2025-03-26T12:55:08.615+0000] {logging_mixin.py:190} INFO - [2025-03-26T12:55:08.612+0000] {override.py:1930} INFO - Created Permission View: can delete on DAG Run:dataset_s3_bucket_consumer_with_no_taskflow
[2025-03-26T12:55:08.643+0000] {logging_mixin.py:190} INFO - [2025-03-26T12:55:08.643+0000] {override.py:1930} INFO - Created Permission View: can read on DAG:dataset_s3_bucket_producer_with_no_taskflow
[2025-03-26T12:55:08.658+0000] {logging_mixin.py:190} INFO - [2025-03-26T12:55:08.657+0000] {override.py:1930} INFO - Created Permission View: can edit on DAG:dataset_s3_bucket_producer_with_no_taskflow
[2025-03-26T12:55:08.669+0000] {logging_mixin.py:190} INFO - [2025-03-26T12:55:08.669+0000] {override.py:1930} INFO - Created Permission View: can delete on DAG:dataset_s3_bucket_producer_with_no_taskflow
[2025-03-26T12:55:08.688+0000] {logging_mixin.py:190} INFO - [2025-03-26T12:55:08.688+0000] {override.py:1930} INFO - Created Permission View: can read on DAG Run:dataset_s3_bucket_producer_with_no_taskflow
[2025-03-26T12:55:08.700+0000] {logging_mixin.py:190} INFO - [2025-03-26T12:55:08.700+0000] {override.py:1930} INFO - Created Permission View: menu access on DAG Run:dataset_s3_bucket_producer_with_no_taskflow
[2025-03-26T12:55:08.712+0000] {logging_mixin.py:190} INFO - [2025-03-26T12:55:08.712+0000] {override.py:1930} INFO - Created Permission View: can create on DAG Run:dataset_s3_bucket_producer_with_no_taskflow
[2025-03-26T12:55:08.728+0000] {logging_mixin.py:190} INFO - [2025-03-26T12:55:08.727+0000] {override.py:1930} INFO - Created Permission View: can delete on DAG Run:dataset_s3_bucket_producer_with_no_taskflow
[2025-03-26T12:55:08.728+0000] {logging_mixin.py:190} INFO - [2025-03-26T12:55:08.728+0000] {dag.py:3239} INFO - Sync 4 DAGs
[2025-03-26T12:55:08.743+0000] {logging_mixin.py:190} INFO - [2025-03-26T12:55:08.743+0000] {dag.py:3262} INFO - Creating ORM DAG for dataset_alias_example_alias_producer_with_no_taskflow
[2025-03-26T12:55:08.744+0000] {logging_mixin.py:190} INFO - [2025-03-26T12:55:08.744+0000] {dag.py:3262} INFO - Creating ORM DAG for dataset_s3_bucket_producer_with_no_taskflow
[2025-03-26T12:55:08.745+0000] {logging_mixin.py:190} INFO - [2025-03-26T12:55:08.744+0000] {dag.py:3262} INFO - Creating ORM DAG for dataset_alias_example_alias_consumer_with_no_taskflow
[2025-03-26T12:55:08.745+0000] {logging_mixin.py:190} INFO - [2025-03-26T12:55:08.745+0000] {dag.py:3262} INFO - Creating ORM DAG for dataset_s3_bucket_consumer_with_no_taskflow
[2025-03-26T12:55:08.755+0000] {logging_mixin.py:190} INFO - [2025-03-26T12:55:08.755+0000] {dag.py:4180} INFO - Setting next_dagrun for dataset_alias_example_alias_consumer_with_no_taskflow to None, run_after=None
[2025-03-26T12:55:08.756+0000] {logging_mixin.py:190} INFO - [2025-03-26T12:55:08.756+0000] {dag.py:4180} INFO - Setting next_dagrun for dataset_alias_example_alias_producer_with_no_taskflow to None, run_after=None
[2025-03-26T12:55:08.757+0000] {logging_mixin.py:190} INFO - [2025-03-26T12:55:08.757+0000] {dag.py:4180} INFO - Setting next_dagrun for dataset_s3_bucket_consumer_with_no_taskflow to None, run_after=None
[2025-03-26T12:55:08.758+0000] {logging_mixin.py:190} INFO - [2025-03-26T12:55:08.758+0000] {dag.py:4180} INFO - Setting next_dagrun for dataset_s3_bucket_producer_with_no_taskflow to None, run_after=None
[2025-03-26T12:55:08.801+0000] {processor.py:208} INFO - Processing /home/ubuntu/miniconda3/envs/mlflow/lib/python3.12/site-packages/airflow/example_dags/example_dataset_alias_with_no_taskflow.py took 0.673 seconds
[2025-03-26T12:56:19.341+0000] {processor.py:186} INFO - Started process (PID=100468) to work on /home/ubuntu/miniconda3/envs/mlflow/lib/python3.12/site-packages/airflow/example_dags/example_dataset_alias_with_no_taskflow.py
[2025-03-26T12:56:19.343+0000] {processor.py:914} INFO - Processing file /home/ubuntu/miniconda3/envs/mlflow/lib/python3.12/site-packages/airflow/example_dags/example_dataset_alias_with_no_taskflow.py for tasks to queue
[2025-03-26T12:56:19.345+0000] {logging_mixin.py:190} INFO - [2025-03-26T12:56:19.345+0000] {dagbag.py:588} INFO - Filling up the DagBag from /home/ubuntu/miniconda3/envs/mlflow/lib/python3.12/site-packages/airflow/example_dags/example_dataset_alias_with_no_taskflow.py
[2025-03-26T12:56:19.368+0000] {processor.py:925} INFO - DAG(s) 'dataset_s3_bucket_producer_with_no_taskflow', 'dataset_s3_bucket_consumer_with_no_taskflow', 'dataset_alias_example_alias_producer_with_no_taskflow', 'dataset_alias_example_alias_consumer_with_no_taskflow' retrieved from /home/ubuntu/miniconda3/envs/mlflow/lib/python3.12/site-packages/airflow/example_dags/example_dataset_alias_with_no_taskflow.py
[2025-03-26T12:56:19.393+0000] {logging_mixin.py:190} INFO - [2025-03-26T12:56:19.392+0000] {dag.py:3239} INFO - Sync 4 DAGs
[2025-03-26T12:56:19.418+0000] {logging_mixin.py:190} INFO - [2025-03-26T12:56:19.418+0000] {dag.py:4180} INFO - Setting next_dagrun for dataset_alias_example_alias_consumer_with_no_taskflow to None, run_after=None
[2025-03-26T12:56:19.421+0000] {logging_mixin.py:190} INFO - [2025-03-26T12:56:19.421+0000] {dag.py:4180} INFO - Setting next_dagrun for dataset_alias_example_alias_producer_with_no_taskflow to None, run_after=None
[2025-03-26T12:56:19.422+0000] {logging_mixin.py:190} INFO - [2025-03-26T12:56:19.422+0000] {dag.py:4180} INFO - Setting next_dagrun for dataset_s3_bucket_consumer_with_no_taskflow to None, run_after=None
[2025-03-26T12:56:19.423+0000] {logging_mixin.py:190} INFO - [2025-03-26T12:56:19.423+0000] {dag.py:4180} INFO - Setting next_dagrun for dataset_s3_bucket_producer_with_no_taskflow to None, run_after=None
[2025-03-26T12:56:19.457+0000] {processor.py:208} INFO - Processing /home/ubuntu/miniconda3/envs/mlflow/lib/python3.12/site-packages/airflow/example_dags/example_dataset_alias_with_no_taskflow.py took 0.121 seconds
[2025-03-26T12:57:25.540+0000] {processor.py:186} INFO - Started process (PID=100698) to work on /home/ubuntu/miniconda3/envs/mlflow/lib/python3.12/site-packages/airflow/example_dags/example_dataset_alias_with_no_taskflow.py
[2025-03-26T12:57:25.542+0000] {processor.py:914} INFO - Processing file /home/ubuntu/miniconda3/envs/mlflow/lib/python3.12/site-packages/airflow/example_dags/example_dataset_alias_with_no_taskflow.py for tasks to queue
[2025-03-26T12:57:25.544+0000] {logging_mixin.py:190} INFO - [2025-03-26T12:57:25.544+0000] {dagbag.py:588} INFO - Filling up the DagBag from /home/ubuntu/miniconda3/envs/mlflow/lib/python3.12/site-packages/airflow/example_dags/example_dataset_alias_with_no_taskflow.py
[2025-03-26T12:57:25.569+0000] {processor.py:925} INFO - DAG(s) 'dataset_alias_example_alias_producer_with_no_taskflow', 'dataset_s3_bucket_consumer_with_no_taskflow', 'dataset_s3_bucket_producer_with_no_taskflow', 'dataset_alias_example_alias_consumer_with_no_taskflow' retrieved from /home/ubuntu/miniconda3/envs/mlflow/lib/python3.12/site-packages/airflow/example_dags/example_dataset_alias_with_no_taskflow.py
[2025-03-26T12:57:25.595+0000] {logging_mixin.py:190} INFO - [2025-03-26T12:57:25.594+0000] {dag.py:3239} INFO - Sync 4 DAGs
[2025-03-26T12:57:25.622+0000] {logging_mixin.py:190} INFO - [2025-03-26T12:57:25.622+0000] {dag.py:4180} INFO - Setting next_dagrun for dataset_alias_example_alias_consumer_with_no_taskflow to None, run_after=None
[2025-03-26T12:57:25.627+0000] {logging_mixin.py:190} INFO - [2025-03-26T12:57:25.627+0000] {dag.py:4180} INFO - Setting next_dagrun for dataset_alias_example_alias_producer_with_no_taskflow to None, run_after=None
[2025-03-26T12:57:25.628+0000] {logging_mixin.py:190} INFO - [2025-03-26T12:57:25.628+0000] {dag.py:4180} INFO - Setting next_dagrun for dataset_s3_bucket_consumer_with_no_taskflow to None, run_after=None
[2025-03-26T12:57:25.629+0000] {logging_mixin.py:190} INFO - [2025-03-26T12:57:25.629+0000] {dag.py:4180} INFO - Setting next_dagrun for dataset_s3_bucket_producer_with_no_taskflow to None, run_after=None
[2025-03-26T12:57:25.672+0000] {processor.py:208} INFO - Processing /home/ubuntu/miniconda3/envs/mlflow/lib/python3.12/site-packages/airflow/example_dags/example_dataset_alias_with_no_taskflow.py took 0.142 seconds
[2025-03-26T12:58:30.362+0000] {processor.py:186} INFO - Started process (PID=100814) to work on /home/ubuntu/miniconda3/envs/mlflow/lib/python3.12/site-packages/airflow/example_dags/example_dataset_alias_with_no_taskflow.py
[2025-03-26T12:58:30.364+0000] {processor.py:914} INFO - Processing file /home/ubuntu/miniconda3/envs/mlflow/lib/python3.12/site-packages/airflow/example_dags/example_dataset_alias_with_no_taskflow.py for tasks to queue
[2025-03-26T12:58:30.366+0000] {logging_mixin.py:190} INFO - [2025-03-26T12:58:30.366+0000] {dagbag.py:588} INFO - Filling up the DagBag from /home/ubuntu/miniconda3/envs/mlflow/lib/python3.12/site-packages/airflow/example_dags/example_dataset_alias_with_no_taskflow.py
[2025-03-26T12:58:30.391+0000] {processor.py:925} INFO - DAG(s) 'dataset_alias_example_alias_consumer_with_no_taskflow', 'dataset_s3_bucket_producer_with_no_taskflow', 'dataset_s3_bucket_consumer_with_no_taskflow', 'dataset_alias_example_alias_producer_with_no_taskflow' retrieved from /home/ubuntu/miniconda3/envs/mlflow/lib/python3.12/site-packages/airflow/example_dags/example_dataset_alias_with_no_taskflow.py
[2025-03-26T12:58:30.415+0000] {logging_mixin.py:190} INFO - [2025-03-26T12:58:30.415+0000] {dag.py:3239} INFO - Sync 4 DAGs
[2025-03-26T12:58:30.451+0000] {logging_mixin.py:190} INFO - [2025-03-26T12:58:30.450+0000] {dag.py:4180} INFO - Setting next_dagrun for dataset_alias_example_alias_consumer_with_no_taskflow to None, run_after=None
[2025-03-26T12:58:30.454+0000] {logging_mixin.py:190} INFO - [2025-03-26T12:58:30.454+0000] {dag.py:4180} INFO - Setting next_dagrun for dataset_alias_example_alias_producer_with_no_taskflow to None, run_after=None
[2025-03-26T12:58:30.455+0000] {logging_mixin.py:190} INFO - [2025-03-26T12:58:30.455+0000] {dag.py:4180} INFO - Setting next_dagrun for dataset_s3_bucket_consumer_with_no_taskflow to None, run_after=None
[2025-03-26T12:58:30.456+0000] {logging_mixin.py:190} INFO - [2025-03-26T12:58:30.456+0000] {dag.py:4180} INFO - Setting next_dagrun for dataset_s3_bucket_producer_with_no_taskflow to None, run_after=None
[2025-03-26T12:58:30.486+0000] {processor.py:208} INFO - Processing /home/ubuntu/miniconda3/envs/mlflow/lib/python3.12/site-packages/airflow/example_dags/example_dataset_alias_with_no_taskflow.py took 0.131 seconds
[2025-03-26T12:59:32.897+0000] {processor.py:186} INFO - Started process (PID=100963) to work on /home/ubuntu/miniconda3/envs/mlflow/lib/python3.12/site-packages/airflow/example_dags/example_dataset_alias_with_no_taskflow.py
[2025-03-26T12:59:32.899+0000] {processor.py:914} INFO - Processing file /home/ubuntu/miniconda3/envs/mlflow/lib/python3.12/site-packages/airflow/example_dags/example_dataset_alias_with_no_taskflow.py for tasks to queue
[2025-03-26T12:59:32.901+0000] {logging_mixin.py:190} INFO - [2025-03-26T12:59:32.900+0000] {dagbag.py:588} INFO - Filling up the DagBag from /home/ubuntu/miniconda3/envs/mlflow/lib/python3.12/site-packages/airflow/example_dags/example_dataset_alias_with_no_taskflow.py
[2025-03-26T12:59:32.927+0000] {processor.py:925} INFO - DAG(s) 'dataset_alias_example_alias_consumer_with_no_taskflow', 'dataset_s3_bucket_producer_with_no_taskflow', 'dataset_s3_bucket_consumer_with_no_taskflow', 'dataset_alias_example_alias_producer_with_no_taskflow' retrieved from /home/ubuntu/miniconda3/envs/mlflow/lib/python3.12/site-packages/airflow/example_dags/example_dataset_alias_with_no_taskflow.py
[2025-03-26T12:59:32.954+0000] {logging_mixin.py:190} INFO - [2025-03-26T12:59:32.954+0000] {dag.py:3239} INFO - Sync 4 DAGs
[2025-03-26T12:59:32.979+0000] {logging_mixin.py:190} INFO - [2025-03-26T12:59:32.979+0000] {dag.py:4180} INFO - Setting next_dagrun for dataset_alias_example_alias_consumer_with_no_taskflow to None, run_after=None
[2025-03-26T12:59:32.983+0000] {logging_mixin.py:190} INFO - [2025-03-26T12:59:32.983+0000] {dag.py:4180} INFO - Setting next_dagrun for dataset_alias_example_alias_producer_with_no_taskflow to None, run_after=None
[2025-03-26T12:59:32.984+0000] {logging_mixin.py:190} INFO - [2025-03-26T12:59:32.984+0000] {dag.py:4180} INFO - Setting next_dagrun for dataset_s3_bucket_consumer_with_no_taskflow to None, run_after=None
[2025-03-26T12:59:32.985+0000] {logging_mixin.py:190} INFO - [2025-03-26T12:59:32.985+0000] {dag.py:4180} INFO - Setting next_dagrun for dataset_s3_bucket_producer_with_no_taskflow to None, run_after=None
[2025-03-26T12:59:33.020+0000] {processor.py:208} INFO - Processing /home/ubuntu/miniconda3/envs/mlflow/lib/python3.12/site-packages/airflow/example_dags/example_dataset_alias_with_no_taskflow.py took 0.129 seconds
[2025-03-26T13:00:35.199+0000] {processor.py:186} INFO - Started process (PID=101119) to work on /home/ubuntu/miniconda3/envs/mlflow/lib/python3.12/site-packages/airflow/example_dags/example_dataset_alias_with_no_taskflow.py
[2025-03-26T13:00:35.201+0000] {processor.py:914} INFO - Processing file /home/ubuntu/miniconda3/envs/mlflow/lib/python3.12/site-packages/airflow/example_dags/example_dataset_alias_with_no_taskflow.py for tasks to queue
[2025-03-26T13:00:35.203+0000] {logging_mixin.py:190} INFO - [2025-03-26T13:00:35.202+0000] {dagbag.py:588} INFO - Filling up the DagBag from /home/ubuntu/miniconda3/envs/mlflow/lib/python3.12/site-packages/airflow/example_dags/example_dataset_alias_with_no_taskflow.py
[2025-03-26T13:00:35.243+0000] {processor.py:925} INFO - DAG(s) 'dataset_s3_bucket_producer_with_no_taskflow', 'dataset_s3_bucket_consumer_with_no_taskflow', 'dataset_alias_example_alias_consumer_with_no_taskflow', 'dataset_alias_example_alias_producer_with_no_taskflow' retrieved from /home/ubuntu/miniconda3/envs/mlflow/lib/python3.12/site-packages/airflow/example_dags/example_dataset_alias_with_no_taskflow.py
[2025-03-26T13:00:35.269+0000] {logging_mixin.py:190} INFO - [2025-03-26T13:00:35.268+0000] {dag.py:3239} INFO - Sync 4 DAGs
[2025-03-26T13:00:35.294+0000] {logging_mixin.py:190} INFO - [2025-03-26T13:00:35.294+0000] {dag.py:4180} INFO - Setting next_dagrun for dataset_alias_example_alias_consumer_with_no_taskflow to None, run_after=None
[2025-03-26T13:00:35.297+0000] {logging_mixin.py:190} INFO - [2025-03-26T13:00:35.297+0000] {dag.py:4180} INFO - Setting next_dagrun for dataset_alias_example_alias_producer_with_no_taskflow to None, run_after=None
[2025-03-26T13:00:35.298+0000] {logging_mixin.py:190} INFO - [2025-03-26T13:00:35.298+0000] {dag.py:4180} INFO - Setting next_dagrun for dataset_s3_bucket_consumer_with_no_taskflow to None, run_after=None
[2025-03-26T13:00:35.299+0000] {logging_mixin.py:190} INFO - [2025-03-26T13:00:35.299+0000] {dag.py:4180} INFO - Setting next_dagrun for dataset_s3_bucket_producer_with_no_taskflow to None, run_after=None
[2025-03-26T13:00:35.333+0000] {processor.py:208} INFO - Processing /home/ubuntu/miniconda3/envs/mlflow/lib/python3.12/site-packages/airflow/example_dags/example_dataset_alias_with_no_taskflow.py took 0.155 seconds
[2025-03-26T13:01:40.951+0000] {processor.py:186} INFO - Started process (PID=101183) to work on /home/ubuntu/miniconda3/envs/mlflow/lib/python3.12/site-packages/airflow/example_dags/example_dataset_alias_with_no_taskflow.py
[2025-03-26T13:01:40.953+0000] {processor.py:914} INFO - Processing file /home/ubuntu/miniconda3/envs/mlflow/lib/python3.12/site-packages/airflow/example_dags/example_dataset_alias_with_no_taskflow.py for tasks to queue
[2025-03-26T13:01:40.955+0000] {logging_mixin.py:190} INFO - [2025-03-26T13:01:40.955+0000] {dagbag.py:588} INFO - Filling up the DagBag from /home/ubuntu/miniconda3/envs/mlflow/lib/python3.12/site-packages/airflow/example_dags/example_dataset_alias_with_no_taskflow.py
[2025-03-26T13:01:40.981+0000] {processor.py:925} INFO - DAG(s) 'dataset_alias_example_alias_producer_with_no_taskflow', 'dataset_alias_example_alias_consumer_with_no_taskflow', 'dataset_s3_bucket_consumer_with_no_taskflow', 'dataset_s3_bucket_producer_with_no_taskflow' retrieved from /home/ubuntu/miniconda3/envs/mlflow/lib/python3.12/site-packages/airflow/example_dags/example_dataset_alias_with_no_taskflow.py
[2025-03-26T13:01:41.006+0000] {logging_mixin.py:190} INFO - [2025-03-26T13:01:41.006+0000] {dag.py:3239} INFO - Sync 4 DAGs
[2025-03-26T13:01:41.031+0000] {logging_mixin.py:190} INFO - [2025-03-26T13:01:41.031+0000] {dag.py:4180} INFO - Setting next_dagrun for dataset_alias_example_alias_consumer_with_no_taskflow to None, run_after=None
[2025-03-26T13:01:41.034+0000] {logging_mixin.py:190} INFO - [2025-03-26T13:01:41.034+0000] {dag.py:4180} INFO - Setting next_dagrun for dataset_alias_example_alias_producer_with_no_taskflow to None, run_after=None
[2025-03-26T13:01:41.035+0000] {logging_mixin.py:190} INFO - [2025-03-26T13:01:41.035+0000] {dag.py:4180} INFO - Setting next_dagrun for dataset_s3_bucket_consumer_with_no_taskflow to None, run_after=None
[2025-03-26T13:01:41.038+0000] {logging_mixin.py:190} INFO - [2025-03-26T13:01:41.038+0000] {dag.py:4180} INFO - Setting next_dagrun for dataset_s3_bucket_producer_with_no_taskflow to None, run_after=None
[2025-03-26T13:01:41.074+0000] {processor.py:208} INFO - Processing /home/ubuntu/miniconda3/envs/mlflow/lib/python3.12/site-packages/airflow/example_dags/example_dataset_alias_with_no_taskflow.py took 0.129 seconds
