[2025-03-26T12:54:47.261+0000] {processor.py:186} INFO - Started process (PID=100187) to work on /home/ubuntu/miniconda3/envs/mlflow/lib/python3.12/site-packages/airflow/example_dags/example_workday_timetable.py
[2025-03-26T12:54:47.262+0000] {processor.py:914} INFO - Processing file /home/ubuntu/miniconda3/envs/mlflow/lib/python3.12/site-packages/airflow/example_dags/example_workday_timetable.py for tasks to queue
[2025-03-26T12:54:47.265+0000] {logging_mixin.py:190} INFO - [2025-03-26T12:54:47.264+0000] {dagbag.py:588} INFO - Filling up the DagBag from /home/ubuntu/miniconda3/envs/mlflow/lib/python3.12/site-packages/airflow/example_dags/example_workday_timetable.py
[2025-03-26T12:54:47.271+0000] {processor.py:925} INFO - DAG(s) 'example_workday_timetable' retrieved from /home/ubuntu/miniconda3/envs/mlflow/lib/python3.12/site-packages/airflow/example_dags/example_workday_timetable.py
[2025-03-26T12:54:47.410+0000] {logging_mixin.py:190} INFO - [2025-03-26T12:54:47.409+0000] {override.py:1930} INFO - Created Permission View: can read on DAG:example_workday_timetable
[2025-03-26T12:54:47.430+0000] {logging_mixin.py:190} INFO - [2025-03-26T12:54:47.429+0000] {override.py:1930} INFO - Created Permission View: can edit on DAG:example_workday_timetable
[2025-03-26T12:54:47.444+0000] {logging_mixin.py:190} INFO - [2025-03-26T12:54:47.444+0000] {override.py:1930} INFO - Created Permission View: can delete on DAG:example_workday_timetable
[2025-03-26T12:54:47.468+0000] {logging_mixin.py:190} INFO - [2025-03-26T12:54:47.467+0000] {override.py:1930} INFO - Created Permission View: can read on DAG Run:example_workday_timetable
[2025-03-26T12:54:47.483+0000] {logging_mixin.py:190} INFO - [2025-03-26T12:54:47.482+0000] {override.py:1930} INFO - Created Permission View: menu access on DAG Run:example_workday_timetable
[2025-03-26T12:54:47.499+0000] {logging_mixin.py:190} INFO - [2025-03-26T12:54:47.499+0000] {override.py:1930} INFO - Created Permission View: can create on DAG Run:example_workday_timetable
[2025-03-26T12:54:47.515+0000] {logging_mixin.py:190} INFO - [2025-03-26T12:54:47.514+0000] {override.py:1930} INFO - Created Permission View: can delete on DAG Run:example_workday_timetable
[2025-03-26T12:54:47.516+0000] {logging_mixin.py:190} INFO - [2025-03-26T12:54:47.515+0000] {dag.py:3239} INFO - Sync 1 DAGs
[2025-03-26T12:54:47.539+0000] {logging_mixin.py:190} INFO - [2025-03-26T12:54:47.539+0000] {dag.py:3262} INFO - Creating ORM DAG for example_workday_timetable
[2025-03-26T12:54:47.624+0000] {logging_mixin.py:190} INFO - [2025-03-26T12:54:47.624+0000] {dag.py:4180} INFO - Setting next_dagrun for example_workday_timetable to 2021-01-04 00:00:00+00:00, run_after=2021-01-05 00:00:00+00:00
[2025-03-26T12:54:47.665+0000] {processor.py:208} INFO - Processing /home/ubuntu/miniconda3/envs/mlflow/lib/python3.12/site-packages/airflow/example_dags/example_workday_timetable.py took 0.410 seconds
[2025-03-26T12:55:55.642+0000] {processor.py:186} INFO - Started process (PID=100382) to work on /home/ubuntu/miniconda3/envs/mlflow/lib/python3.12/site-packages/airflow/example_dags/example_workday_timetable.py
[2025-03-26T12:55:55.643+0000] {processor.py:914} INFO - Processing file /home/ubuntu/miniconda3/envs/mlflow/lib/python3.12/site-packages/airflow/example_dags/example_workday_timetable.py for tasks to queue
[2025-03-26T12:55:55.647+0000] {logging_mixin.py:190} INFO - [2025-03-26T12:55:55.646+0000] {dagbag.py:588} INFO - Filling up the DagBag from /home/ubuntu/miniconda3/envs/mlflow/lib/python3.12/site-packages/airflow/example_dags/example_workday_timetable.py
[2025-03-26T12:55:55.654+0000] {processor.py:925} INFO - DAG(s) 'example_workday_timetable' retrieved from /home/ubuntu/miniconda3/envs/mlflow/lib/python3.12/site-packages/airflow/example_dags/example_workday_timetable.py
[2025-03-26T12:55:55.674+0000] {logging_mixin.py:190} INFO - [2025-03-26T12:55:55.674+0000] {dag.py:3239} INFO - Sync 1 DAGs
[2025-03-26T12:55:55.746+0000] {logging_mixin.py:190} INFO - [2025-03-26T12:55:55.746+0000] {dag.py:4180} INFO - Setting next_dagrun for example_workday_timetable to 2021-01-04 00:00:00+00:00, run_after=2021-01-05 00:00:00+00:00
[2025-03-26T12:55:55.774+0000] {processor.py:208} INFO - Processing /home/ubuntu/miniconda3/envs/mlflow/lib/python3.12/site-packages/airflow/example_dags/example_workday_timetable.py took 0.139 seconds
[2025-03-26T12:57:00.597+0000] {processor.py:186} INFO - Started process (PID=100590) to work on /home/ubuntu/miniconda3/envs/mlflow/lib/python3.12/site-packages/airflow/example_dags/example_workday_timetable.py
[2025-03-26T12:57:00.598+0000] {processor.py:914} INFO - Processing file /home/ubuntu/miniconda3/envs/mlflow/lib/python3.12/site-packages/airflow/example_dags/example_workday_timetable.py for tasks to queue
[2025-03-26T12:57:00.602+0000] {logging_mixin.py:190} INFO - [2025-03-26T12:57:00.601+0000] {dagbag.py:588} INFO - Filling up the DagBag from /home/ubuntu/miniconda3/envs/mlflow/lib/python3.12/site-packages/airflow/example_dags/example_workday_timetable.py
[2025-03-26T12:57:00.609+0000] {processor.py:925} INFO - DAG(s) 'example_workday_timetable' retrieved from /home/ubuntu/miniconda3/envs/mlflow/lib/python3.12/site-packages/airflow/example_dags/example_workday_timetable.py
[2025-03-26T12:57:00.626+0000] {logging_mixin.py:190} INFO - [2025-03-26T12:57:00.626+0000] {dag.py:3239} INFO - Sync 1 DAGs
[2025-03-26T12:57:00.704+0000] {logging_mixin.py:190} INFO - [2025-03-26T12:57:00.704+0000] {dag.py:4180} INFO - Setting next_dagrun for example_workday_timetable to 2021-01-04 00:00:00+00:00, run_after=2021-01-05 00:00:00+00:00
[2025-03-26T12:57:00.735+0000] {processor.py:208} INFO - Processing /home/ubuntu/miniconda3/envs/mlflow/lib/python3.12/site-packages/airflow/example_dags/example_workday_timetable.py took 0.145 seconds
[2025-03-26T12:58:06.985+0000] {processor.py:186} INFO - Started process (PID=100774) to work on /home/ubuntu/miniconda3/envs/mlflow/lib/python3.12/site-packages/airflow/example_dags/example_workday_timetable.py
[2025-03-26T12:58:06.987+0000] {processor.py:914} INFO - Processing file /home/ubuntu/miniconda3/envs/mlflow/lib/python3.12/site-packages/airflow/example_dags/example_workday_timetable.py for tasks to queue
[2025-03-26T12:58:06.989+0000] {logging_mixin.py:190} INFO - [2025-03-26T12:58:06.989+0000] {dagbag.py:588} INFO - Filling up the DagBag from /home/ubuntu/miniconda3/envs/mlflow/lib/python3.12/site-packages/airflow/example_dags/example_workday_timetable.py
[2025-03-26T12:58:06.996+0000] {processor.py:925} INFO - DAG(s) 'example_workday_timetable' retrieved from /home/ubuntu/miniconda3/envs/mlflow/lib/python3.12/site-packages/airflow/example_dags/example_workday_timetable.py
[2025-03-26T12:58:07.011+0000] {logging_mixin.py:190} INFO - [2025-03-26T12:58:07.011+0000] {dag.py:3239} INFO - Sync 1 DAGs
[2025-03-26T12:58:07.086+0000] {logging_mixin.py:190} INFO - [2025-03-26T12:58:07.086+0000] {dag.py:4180} INFO - Setting next_dagrun for example_workday_timetable to 2021-01-04 00:00:00+00:00, run_after=2021-01-05 00:00:00+00:00
[2025-03-26T12:58:07.112+0000] {processor.py:208} INFO - Processing /home/ubuntu/miniconda3/envs/mlflow/lib/python3.12/site-packages/airflow/example_dags/example_workday_timetable.py took 0.133 seconds
[2025-03-26T12:59:09.504+0000] {processor.py:186} INFO - Started process (PID=100897) to work on /home/ubuntu/miniconda3/envs/mlflow/lib/python3.12/site-packages/airflow/example_dags/example_workday_timetable.py
[2025-03-26T12:59:09.506+0000] {processor.py:914} INFO - Processing file /home/ubuntu/miniconda3/envs/mlflow/lib/python3.12/site-packages/airflow/example_dags/example_workday_timetable.py for tasks to queue
[2025-03-26T12:59:09.508+0000] {logging_mixin.py:190} INFO - [2025-03-26T12:59:09.508+0000] {dagbag.py:588} INFO - Filling up the DagBag from /home/ubuntu/miniconda3/envs/mlflow/lib/python3.12/site-packages/airflow/example_dags/example_workday_timetable.py
[2025-03-26T12:59:09.514+0000] {processor.py:925} INFO - DAG(s) 'example_workday_timetable' retrieved from /home/ubuntu/miniconda3/envs/mlflow/lib/python3.12/site-packages/airflow/example_dags/example_workday_timetable.py
[2025-03-26T12:59:09.530+0000] {logging_mixin.py:190} INFO - [2025-03-26T12:59:09.529+0000] {dag.py:3239} INFO - Sync 1 DAGs
[2025-03-26T12:59:09.608+0000] {logging_mixin.py:190} INFO - [2025-03-26T12:59:09.608+0000] {dag.py:4180} INFO - Setting next_dagrun for example_workday_timetable to 2021-01-04 00:00:00+00:00, run_after=2021-01-05 00:00:00+00:00
[2025-03-26T12:59:09.637+0000] {processor.py:208} INFO - Processing /home/ubuntu/miniconda3/envs/mlflow/lib/python3.12/site-packages/airflow/example_dags/example_workday_timetable.py took 0.139 seconds
[2025-03-26T13:00:13.024+0000] {processor.py:186} INFO - Started process (PID=101086) to work on /home/ubuntu/miniconda3/envs/mlflow/lib/python3.12/site-packages/airflow/example_dags/example_workday_timetable.py
[2025-03-26T13:00:13.026+0000] {processor.py:914} INFO - Processing file /home/ubuntu/miniconda3/envs/mlflow/lib/python3.12/site-packages/airflow/example_dags/example_workday_timetable.py for tasks to queue
[2025-03-26T13:00:13.028+0000] {logging_mixin.py:190} INFO - [2025-03-26T13:00:13.028+0000] {dagbag.py:588} INFO - Filling up the DagBag from /home/ubuntu/miniconda3/envs/mlflow/lib/python3.12/site-packages/airflow/example_dags/example_workday_timetable.py
[2025-03-26T13:00:13.037+0000] {processor.py:925} INFO - DAG(s) 'example_workday_timetable' retrieved from /home/ubuntu/miniconda3/envs/mlflow/lib/python3.12/site-packages/airflow/example_dags/example_workday_timetable.py
[2025-03-26T13:00:13.055+0000] {logging_mixin.py:190} INFO - [2025-03-26T13:00:13.055+0000] {dag.py:3239} INFO - Sync 1 DAGs
[2025-03-26T13:00:13.129+0000] {logging_mixin.py:190} INFO - [2025-03-26T13:00:13.128+0000] {dag.py:4180} INFO - Setting next_dagrun for example_workday_timetable to 2021-01-04 00:00:00+00:00, run_after=2021-01-05 00:00:00+00:00
[2025-03-26T13:00:13.156+0000] {processor.py:208} INFO - Processing /home/ubuntu/miniconda3/envs/mlflow/lib/python3.12/site-packages/airflow/example_dags/example_workday_timetable.py took 0.142 seconds
[2025-03-26T13:01:16.727+0000] {processor.py:186} INFO - Started process (PID=101159) to work on /home/ubuntu/miniconda3/envs/mlflow/lib/python3.12/site-packages/airflow/example_dags/example_workday_timetable.py
[2025-03-26T13:01:16.730+0000] {processor.py:914} INFO - Processing file /home/ubuntu/miniconda3/envs/mlflow/lib/python3.12/site-packages/airflow/example_dags/example_workday_timetable.py for tasks to queue
[2025-03-26T13:01:16.733+0000] {logging_mixin.py:190} INFO - [2025-03-26T13:01:16.732+0000] {dagbag.py:588} INFO - Filling up the DagBag from /home/ubuntu/miniconda3/envs/mlflow/lib/python3.12/site-packages/airflow/example_dags/example_workday_timetable.py
[2025-03-26T13:01:16.741+0000] {processor.py:925} INFO - DAG(s) 'example_workday_timetable' retrieved from /home/ubuntu/miniconda3/envs/mlflow/lib/python3.12/site-packages/airflow/example_dags/example_workday_timetable.py
[2025-03-26T13:01:16.757+0000] {logging_mixin.py:190} INFO - [2025-03-26T13:01:16.757+0000] {dag.py:3239} INFO - Sync 1 DAGs
[2025-03-26T13:01:16.829+0000] {logging_mixin.py:190} INFO - [2025-03-26T13:01:16.829+0000] {dag.py:4180} INFO - Setting next_dagrun for example_workday_timetable to 2021-01-04 00:00:00+00:00, run_after=2021-01-05 00:00:00+00:00
[2025-03-26T13:01:16.857+0000] {processor.py:208} INFO - Processing /home/ubuntu/miniconda3/envs/mlflow/lib/python3.12/site-packages/airflow/example_dags/example_workday_timetable.py took 0.138 seconds
