[2025-03-26T12:54:34.379+0000] {processor.py:186} INFO - Started process (PID=100151) to work on /home/ubuntu/miniconda3/envs/mlflow/lib/python3.12/site-packages/airflow/example_dags/example_task_group_decorator.py
[2025-03-26T12:54:34.380+0000] {processor.py:914} INFO - Processing file /home/ubuntu/miniconda3/envs/mlflow/lib/python3.12/site-packages/airflow/example_dags/example_task_group_decorator.py for tasks to queue
[2025-03-26T12:54:34.386+0000] {logging_mixin.py:190} INFO - [2025-03-26T12:54:34.386+0000] {dagbag.py:588} INFO - Filling up the DagBag from /home/ubuntu/miniconda3/envs/mlflow/lib/python3.12/site-packages/airflow/example_dags/example_task_group_decorator.py
[2025-03-26T12:54:34.409+0000] {processor.py:925} INFO - DAG(s) 'example_task_group_decorator' retrieved from /home/ubuntu/miniconda3/envs/mlflow/lib/python3.12/site-packages/airflow/example_dags/example_task_group_decorator.py
[2025-03-26T12:54:34.577+0000] {logging_mixin.py:190} INFO - [2025-03-26T12:54:34.577+0000] {override.py:1930} INFO - Created Permission View: can read on DAG:example_task_group_decorator
[2025-03-26T12:54:34.598+0000] {logging_mixin.py:190} INFO - [2025-03-26T12:54:34.597+0000] {override.py:1930} INFO - Created Permission View: can edit on DAG:example_task_group_decorator
[2025-03-26T12:54:34.617+0000] {logging_mixin.py:190} INFO - [2025-03-26T12:54:34.616+0000] {override.py:1930} INFO - Created Permission View: can delete on DAG:example_task_group_decorator
[2025-03-26T12:54:34.640+0000] {logging_mixin.py:190} INFO - [2025-03-26T12:54:34.639+0000] {override.py:1930} INFO - Created Permission View: can read on DAG Run:example_task_group_decorator
[2025-03-26T12:54:34.656+0000] {logging_mixin.py:190} INFO - [2025-03-26T12:54:34.656+0000] {override.py:1930} INFO - Created Permission View: menu access on DAG Run:example_task_group_decorator
[2025-03-26T12:54:34.669+0000] {logging_mixin.py:190} INFO - [2025-03-26T12:54:34.668+0000] {override.py:1930} INFO - Created Permission View: can create on DAG Run:example_task_group_decorator
[2025-03-26T12:54:34.681+0000] {logging_mixin.py:190} INFO - [2025-03-26T12:54:34.681+0000] {override.py:1930} INFO - Created Permission View: can delete on DAG Run:example_task_group_decorator
[2025-03-26T12:54:34.682+0000] {logging_mixin.py:190} INFO - [2025-03-26T12:54:34.682+0000] {dag.py:3239} INFO - Sync 1 DAGs
[2025-03-26T12:54:34.698+0000] {logging_mixin.py:190} INFO - [2025-03-26T12:54:34.697+0000] {dag.py:3262} INFO - Creating ORM DAG for example_task_group_decorator
[2025-03-26T12:54:34.699+0000] {logging_mixin.py:190} INFO - [2025-03-26T12:54:34.699+0000] {dag.py:4180} INFO - Setting next_dagrun for example_task_group_decorator to None, run_after=None
[2025-03-26T12:54:34.731+0000] {processor.py:208} INFO - Processing /home/ubuntu/miniconda3/envs/mlflow/lib/python3.12/site-packages/airflow/example_dags/example_task_group_decorator.py took 0.360 seconds
[2025-03-26T12:55:45.229+0000] {processor.py:186} INFO - Started process (PID=100342) to work on /home/ubuntu/miniconda3/envs/mlflow/lib/python3.12/site-packages/airflow/example_dags/example_task_group_decorator.py
[2025-03-26T12:55:45.240+0000] {processor.py:914} INFO - Processing file /home/ubuntu/miniconda3/envs/mlflow/lib/python3.12/site-packages/airflow/example_dags/example_task_group_decorator.py for tasks to queue
[2025-03-26T12:55:45.242+0000] {logging_mixin.py:190} INFO - [2025-03-26T12:55:45.242+0000] {dagbag.py:588} INFO - Filling up the DagBag from /home/ubuntu/miniconda3/envs/mlflow/lib/python3.12/site-packages/airflow/example_dags/example_task_group_decorator.py
[2025-03-26T12:55:45.284+0000] {processor.py:925} INFO - DAG(s) 'example_task_group_decorator' retrieved from /home/ubuntu/miniconda3/envs/mlflow/lib/python3.12/site-packages/airflow/example_dags/example_task_group_decorator.py
[2025-03-26T12:55:45.308+0000] {logging_mixin.py:190} INFO - [2025-03-26T12:55:45.307+0000] {dag.py:3239} INFO - Sync 1 DAGs
[2025-03-26T12:55:45.324+0000] {logging_mixin.py:190} INFO - [2025-03-26T12:55:45.324+0000] {dag.py:4180} INFO - Setting next_dagrun for example_task_group_decorator to None, run_after=None
[2025-03-26T12:55:45.354+0000] {processor.py:208} INFO - Processing /home/ubuntu/miniconda3/envs/mlflow/lib/python3.12/site-packages/airflow/example_dags/example_task_group_decorator.py took 0.131 seconds
[2025-03-26T12:56:49.540+0000] {processor.py:186} INFO - Started process (PID=100572) to work on /home/ubuntu/miniconda3/envs/mlflow/lib/python3.12/site-packages/airflow/example_dags/example_task_group_decorator.py
[2025-03-26T12:56:49.541+0000] {processor.py:914} INFO - Processing file /home/ubuntu/miniconda3/envs/mlflow/lib/python3.12/site-packages/airflow/example_dags/example_task_group_decorator.py for tasks to queue
[2025-03-26T12:56:49.543+0000] {logging_mixin.py:190} INFO - [2025-03-26T12:56:49.543+0000] {dagbag.py:588} INFO - Filling up the DagBag from /home/ubuntu/miniconda3/envs/mlflow/lib/python3.12/site-packages/airflow/example_dags/example_task_group_decorator.py
[2025-03-26T12:56:49.564+0000] {processor.py:925} INFO - DAG(s) 'example_task_group_decorator' retrieved from /home/ubuntu/miniconda3/envs/mlflow/lib/python3.12/site-packages/airflow/example_dags/example_task_group_decorator.py
[2025-03-26T12:56:49.592+0000] {logging_mixin.py:190} INFO - [2025-03-26T12:56:49.591+0000] {dag.py:3239} INFO - Sync 1 DAGs
[2025-03-26T12:56:49.609+0000] {logging_mixin.py:190} INFO - [2025-03-26T12:56:49.609+0000] {dag.py:4180} INFO - Setting next_dagrun for example_task_group_decorator to None, run_after=None
[2025-03-26T12:56:49.641+0000] {processor.py:208} INFO - Processing /home/ubuntu/miniconda3/envs/mlflow/lib/python3.12/site-packages/airflow/example_dags/example_task_group_decorator.py took 0.108 seconds
[2025-03-26T12:57:56.732+0000] {processor.py:186} INFO - Started process (PID=100756) to work on /home/ubuntu/miniconda3/envs/mlflow/lib/python3.12/site-packages/airflow/example_dags/example_task_group_decorator.py
[2025-03-26T12:57:56.734+0000] {processor.py:914} INFO - Processing file /home/ubuntu/miniconda3/envs/mlflow/lib/python3.12/site-packages/airflow/example_dags/example_task_group_decorator.py for tasks to queue
[2025-03-26T12:57:56.736+0000] {logging_mixin.py:190} INFO - [2025-03-26T12:57:56.735+0000] {dagbag.py:588} INFO - Filling up the DagBag from /home/ubuntu/miniconda3/envs/mlflow/lib/python3.12/site-packages/airflow/example_dags/example_task_group_decorator.py
[2025-03-26T12:57:56.755+0000] {processor.py:925} INFO - DAG(s) 'example_task_group_decorator' retrieved from /home/ubuntu/miniconda3/envs/mlflow/lib/python3.12/site-packages/airflow/example_dags/example_task_group_decorator.py
[2025-03-26T12:57:56.779+0000] {logging_mixin.py:190} INFO - [2025-03-26T12:57:56.778+0000] {dag.py:3239} INFO - Sync 1 DAGs
[2025-03-26T12:57:56.801+0000] {logging_mixin.py:190} INFO - [2025-03-26T12:57:56.801+0000] {dag.py:4180} INFO - Setting next_dagrun for example_task_group_decorator to None, run_after=None
[2025-03-26T12:57:56.833+0000] {processor.py:208} INFO - Processing /home/ubuntu/miniconda3/envs/mlflow/lib/python3.12/site-packages/airflow/example_dags/example_task_group_decorator.py took 0.108 seconds
[2025-03-26T12:58:59.346+0000] {processor.py:186} INFO - Started process (PID=100867) to work on /home/ubuntu/miniconda3/envs/mlflow/lib/python3.12/site-packages/airflow/example_dags/example_task_group_decorator.py
[2025-03-26T12:58:59.347+0000] {processor.py:914} INFO - Processing file /home/ubuntu/miniconda3/envs/mlflow/lib/python3.12/site-packages/airflow/example_dags/example_task_group_decorator.py for tasks to queue
[2025-03-26T12:58:59.353+0000] {logging_mixin.py:190} INFO - [2025-03-26T12:58:59.351+0000] {dagbag.py:588} INFO - Filling up the DagBag from /home/ubuntu/miniconda3/envs/mlflow/lib/python3.12/site-packages/airflow/example_dags/example_task_group_decorator.py
[2025-03-26T12:58:59.372+0000] {processor.py:925} INFO - DAG(s) 'example_task_group_decorator' retrieved from /home/ubuntu/miniconda3/envs/mlflow/lib/python3.12/site-packages/airflow/example_dags/example_task_group_decorator.py
[2025-03-26T12:58:59.396+0000] {logging_mixin.py:190} INFO - [2025-03-26T12:58:59.395+0000] {dag.py:3239} INFO - Sync 1 DAGs
[2025-03-26T12:58:59.410+0000] {logging_mixin.py:190} INFO - [2025-03-26T12:58:59.410+0000] {dag.py:4180} INFO - Setting next_dagrun for example_task_group_decorator to None, run_after=None
[2025-03-26T12:58:59.441+0000] {processor.py:208} INFO - Processing /home/ubuntu/miniconda3/envs/mlflow/lib/python3.12/site-packages/airflow/example_dags/example_task_group_decorator.py took 0.103 seconds
[2025-03-26T13:00:02.871+0000] {processor.py:186} INFO - Started process (PID=101068) to work on /home/ubuntu/miniconda3/envs/mlflow/lib/python3.12/site-packages/airflow/example_dags/example_task_group_decorator.py
[2025-03-26T13:00:02.873+0000] {processor.py:914} INFO - Processing file /home/ubuntu/miniconda3/envs/mlflow/lib/python3.12/site-packages/airflow/example_dags/example_task_group_decorator.py for tasks to queue
[2025-03-26T13:00:02.875+0000] {logging_mixin.py:190} INFO - [2025-03-26T13:00:02.874+0000] {dagbag.py:588} INFO - Filling up the DagBag from /home/ubuntu/miniconda3/envs/mlflow/lib/python3.12/site-packages/airflow/example_dags/example_task_group_decorator.py
[2025-03-26T13:00:02.895+0000] {processor.py:925} INFO - DAG(s) 'example_task_group_decorator' retrieved from /home/ubuntu/miniconda3/envs/mlflow/lib/python3.12/site-packages/airflow/example_dags/example_task_group_decorator.py
[2025-03-26T13:00:02.919+0000] {logging_mixin.py:190} INFO - [2025-03-26T13:00:02.918+0000] {dag.py:3239} INFO - Sync 1 DAGs
[2025-03-26T13:00:02.934+0000] {logging_mixin.py:190} INFO - [2025-03-26T13:00:02.934+0000] {dag.py:4180} INFO - Setting next_dagrun for example_task_group_decorator to None, run_after=None
[2025-03-26T13:00:02.964+0000] {processor.py:208} INFO - Processing /home/ubuntu/miniconda3/envs/mlflow/lib/python3.12/site-packages/airflow/example_dags/example_task_group_decorator.py took 0.102 seconds
[2025-03-26T13:01:05.558+0000] {processor.py:186} INFO - Started process (PID=101149) to work on /home/ubuntu/miniconda3/envs/mlflow/lib/python3.12/site-packages/airflow/example_dags/example_task_group_decorator.py
[2025-03-26T13:01:05.560+0000] {processor.py:914} INFO - Processing file /home/ubuntu/miniconda3/envs/mlflow/lib/python3.12/site-packages/airflow/example_dags/example_task_group_decorator.py for tasks to queue
[2025-03-26T13:01:05.562+0000] {logging_mixin.py:190} INFO - [2025-03-26T13:01:05.561+0000] {dagbag.py:588} INFO - Filling up the DagBag from /home/ubuntu/miniconda3/envs/mlflow/lib/python3.12/site-packages/airflow/example_dags/example_task_group_decorator.py
[2025-03-26T13:01:05.585+0000] {processor.py:925} INFO - DAG(s) 'example_task_group_decorator' retrieved from /home/ubuntu/miniconda3/envs/mlflow/lib/python3.12/site-packages/airflow/example_dags/example_task_group_decorator.py
[2025-03-26T13:01:05.609+0000] {logging_mixin.py:190} INFO - [2025-03-26T13:01:05.609+0000] {dag.py:3239} INFO - Sync 1 DAGs
[2025-03-26T13:01:05.623+0000] {logging_mixin.py:190} INFO - [2025-03-26T13:01:05.623+0000] {dag.py:4180} INFO - Setting next_dagrun for example_task_group_decorator to None, run_after=None
[2025-03-26T13:01:05.655+0000] {processor.py:208} INFO - Processing /home/ubuntu/miniconda3/envs/mlflow/lib/python3.12/site-packages/airflow/example_dags/example_task_group_decorator.py took 0.104 seconds
