[2025-03-26T12:54:52.096+0000] {processor.py:186} INFO - Started process (PID=100195) to work on /home/ubuntu/miniconda3/envs/mlflow/lib/python3.12/site-packages/airflow/example_dags/example_nested_branch_dag.py
[2025-03-26T12:54:52.097+0000] {processor.py:914} INFO - Processing file /home/ubuntu/miniconda3/envs/mlflow/lib/python3.12/site-packages/airflow/example_dags/example_nested_branch_dag.py for tasks to queue
[2025-03-26T12:54:52.099+0000] {logging_mixin.py:190} INFO - [2025-03-26T12:54:52.099+0000] {dagbag.py:588} INFO - Filling up the DagBag from /home/ubuntu/miniconda3/envs/mlflow/lib/python3.12/site-packages/airflow/example_dags/example_nested_branch_dag.py
[2025-03-26T12:54:52.114+0000] {processor.py:925} INFO - DAG(s) 'example_nested_branch_dag' retrieved from /home/ubuntu/miniconda3/envs/mlflow/lib/python3.12/site-packages/airflow/example_dags/example_nested_branch_dag.py
[2025-03-26T12:54:52.255+0000] {logging_mixin.py:190} INFO - [2025-03-26T12:54:52.254+0000] {override.py:1930} INFO - Created Permission View: can read on DAG:example_nested_branch_dag
[2025-03-26T12:54:52.278+0000] {logging_mixin.py:190} INFO - [2025-03-26T12:54:52.278+0000] {override.py:1930} INFO - Created Permission View: can edit on DAG:example_nested_branch_dag
[2025-03-26T12:54:52.294+0000] {logging_mixin.py:190} INFO - [2025-03-26T12:54:52.293+0000] {override.py:1930} INFO - Created Permission View: can delete on DAG:example_nested_branch_dag
[2025-03-26T12:54:52.317+0000] {logging_mixin.py:190} INFO - [2025-03-26T12:54:52.316+0000] {override.py:1930} INFO - Created Permission View: can read on DAG Run:example_nested_branch_dag
[2025-03-26T12:54:52.335+0000] {logging_mixin.py:190} INFO - [2025-03-26T12:54:52.334+0000] {override.py:1930} INFO - Created Permission View: menu access on DAG Run:example_nested_branch_dag
[2025-03-26T12:54:52.349+0000] {logging_mixin.py:190} INFO - [2025-03-26T12:54:52.349+0000] {override.py:1930} INFO - Created Permission View: can create on DAG Run:example_nested_branch_dag
[2025-03-26T12:54:52.362+0000] {logging_mixin.py:190} INFO - [2025-03-26T12:54:52.362+0000] {override.py:1930} INFO - Created Permission View: can delete on DAG Run:example_nested_branch_dag
[2025-03-26T12:54:52.363+0000] {logging_mixin.py:190} INFO - [2025-03-26T12:54:52.363+0000] {dag.py:3239} INFO - Sync 1 DAGs
[2025-03-26T12:54:52.385+0000] {logging_mixin.py:190} INFO - [2025-03-26T12:54:52.384+0000] {dag.py:3262} INFO - Creating ORM DAG for example_nested_branch_dag
[2025-03-26T12:54:52.400+0000] {logging_mixin.py:190} INFO - [2025-03-26T12:54:52.400+0000] {dag.py:4180} INFO - Setting next_dagrun for example_nested_branch_dag to 2025-03-25 00:00:00+00:00, run_after=2025-03-26 00:00:00+00:00
[2025-03-26T12:54:52.425+0000] {processor.py:208} INFO - Processing /home/ubuntu/miniconda3/envs/mlflow/lib/python3.12/site-packages/airflow/example_dags/example_nested_branch_dag.py took 0.335 seconds
[2025-03-26T12:56:08.512+0000] {processor.py:186} INFO - Started process (PID=100441) to work on /home/ubuntu/miniconda3/envs/mlflow/lib/python3.12/site-packages/airflow/example_dags/example_nested_branch_dag.py
[2025-03-26T12:56:08.513+0000] {processor.py:914} INFO - Processing file /home/ubuntu/miniconda3/envs/mlflow/lib/python3.12/site-packages/airflow/example_dags/example_nested_branch_dag.py for tasks to queue
[2025-03-26T12:56:08.517+0000] {logging_mixin.py:190} INFO - [2025-03-26T12:56:08.517+0000] {dagbag.py:588} INFO - Filling up the DagBag from /home/ubuntu/miniconda3/envs/mlflow/lib/python3.12/site-packages/airflow/example_dags/example_nested_branch_dag.py
[2025-03-26T12:56:08.530+0000] {processor.py:925} INFO - DAG(s) 'example_nested_branch_dag' retrieved from /home/ubuntu/miniconda3/envs/mlflow/lib/python3.12/site-packages/airflow/example_dags/example_nested_branch_dag.py
[2025-03-26T12:56:08.555+0000] {logging_mixin.py:190} INFO - [2025-03-26T12:56:08.555+0000] {dag.py:3239} INFO - Sync 1 DAGs
[2025-03-26T12:56:08.583+0000] {logging_mixin.py:190} INFO - [2025-03-26T12:56:08.582+0000] {dag.py:4180} INFO - Setting next_dagrun for example_nested_branch_dag to 2025-03-25 00:00:00+00:00, run_after=2025-03-26 00:00:00+00:00
[2025-03-26T12:56:08.612+0000] {processor.py:208} INFO - Processing /home/ubuntu/miniconda3/envs/mlflow/lib/python3.12/site-packages/airflow/example_dags/example_nested_branch_dag.py took 0.114 seconds
[2025-03-26T12:57:13.912+0000] {processor.py:186} INFO - Started process (PID=100654) to work on /home/ubuntu/miniconda3/envs/mlflow/lib/python3.12/site-packages/airflow/example_dags/example_nested_branch_dag.py
[2025-03-26T12:57:13.914+0000] {processor.py:914} INFO - Processing file /home/ubuntu/miniconda3/envs/mlflow/lib/python3.12/site-packages/airflow/example_dags/example_nested_branch_dag.py for tasks to queue
[2025-03-26T12:57:13.917+0000] {logging_mixin.py:190} INFO - [2025-03-26T12:57:13.917+0000] {dagbag.py:588} INFO - Filling up the DagBag from /home/ubuntu/miniconda3/envs/mlflow/lib/python3.12/site-packages/airflow/example_dags/example_nested_branch_dag.py
[2025-03-26T12:57:13.934+0000] {processor.py:925} INFO - DAG(s) 'example_nested_branch_dag' retrieved from /home/ubuntu/miniconda3/envs/mlflow/lib/python3.12/site-packages/airflow/example_dags/example_nested_branch_dag.py
[2025-03-26T12:57:13.956+0000] {logging_mixin.py:190} INFO - [2025-03-26T12:57:13.956+0000] {dag.py:3239} INFO - Sync 1 DAGs
[2025-03-26T12:57:13.994+0000] {logging_mixin.py:190} INFO - [2025-03-26T12:57:13.993+0000] {dag.py:4180} INFO - Setting next_dagrun for example_nested_branch_dag to 2025-03-25 00:00:00+00:00, run_after=2025-03-26 00:00:00+00:00
[2025-03-26T12:57:14.022+0000] {processor.py:208} INFO - Processing /home/ubuntu/miniconda3/envs/mlflow/lib/python3.12/site-packages/airflow/example_dags/example_nested_branch_dag.py took 0.116 seconds
[2025-03-26T12:58:19.510+0000] {processor.py:186} INFO - Started process (PID=100794) to work on /home/ubuntu/miniconda3/envs/mlflow/lib/python3.12/site-packages/airflow/example_dags/example_nested_branch_dag.py
[2025-03-26T12:58:19.511+0000] {processor.py:914} INFO - Processing file /home/ubuntu/miniconda3/envs/mlflow/lib/python3.12/site-packages/airflow/example_dags/example_nested_branch_dag.py for tasks to queue
[2025-03-26T12:58:19.514+0000] {logging_mixin.py:190} INFO - [2025-03-26T12:58:19.513+0000] {dagbag.py:588} INFO - Filling up the DagBag from /home/ubuntu/miniconda3/envs/mlflow/lib/python3.12/site-packages/airflow/example_dags/example_nested_branch_dag.py
[2025-03-26T12:58:19.527+0000] {processor.py:925} INFO - DAG(s) 'example_nested_branch_dag' retrieved from /home/ubuntu/miniconda3/envs/mlflow/lib/python3.12/site-packages/airflow/example_dags/example_nested_branch_dag.py
[2025-03-26T12:58:19.547+0000] {logging_mixin.py:190} INFO - [2025-03-26T12:58:19.546+0000] {dag.py:3239} INFO - Sync 1 DAGs
[2025-03-26T12:58:19.572+0000] {logging_mixin.py:190} INFO - [2025-03-26T12:58:19.572+0000] {dag.py:4180} INFO - Setting next_dagrun for example_nested_branch_dag to 2025-03-25 00:00:00+00:00, run_after=2025-03-26 00:00:00+00:00
[2025-03-26T12:58:19.599+0000] {processor.py:208} INFO - Processing /home/ubuntu/miniconda3/envs/mlflow/lib/python3.12/site-packages/airflow/example_dags/example_nested_branch_dag.py took 0.094 seconds
[2025-03-26T12:59:21.550+0000] {processor.py:186} INFO - Started process (PID=100916) to work on /home/ubuntu/miniconda3/envs/mlflow/lib/python3.12/site-packages/airflow/example_dags/example_nested_branch_dag.py
[2025-03-26T12:59:21.551+0000] {processor.py:914} INFO - Processing file /home/ubuntu/miniconda3/envs/mlflow/lib/python3.12/site-packages/airflow/example_dags/example_nested_branch_dag.py for tasks to queue
[2025-03-26T12:59:21.554+0000] {logging_mixin.py:190} INFO - [2025-03-26T12:59:21.554+0000] {dagbag.py:588} INFO - Filling up the DagBag from /home/ubuntu/miniconda3/envs/mlflow/lib/python3.12/site-packages/airflow/example_dags/example_nested_branch_dag.py
[2025-03-26T12:59:21.572+0000] {processor.py:925} INFO - DAG(s) 'example_nested_branch_dag' retrieved from /home/ubuntu/miniconda3/envs/mlflow/lib/python3.12/site-packages/airflow/example_dags/example_nested_branch_dag.py
[2025-03-26T12:59:21.593+0000] {logging_mixin.py:190} INFO - [2025-03-26T12:59:21.592+0000] {dag.py:3239} INFO - Sync 1 DAGs
[2025-03-26T12:59:21.620+0000] {logging_mixin.py:190} INFO - [2025-03-26T12:59:21.620+0000] {dag.py:4180} INFO - Setting next_dagrun for example_nested_branch_dag to 2025-03-25 00:00:00+00:00, run_after=2025-03-26 00:00:00+00:00
[2025-03-26T12:59:21.647+0000] {processor.py:208} INFO - Processing /home/ubuntu/miniconda3/envs/mlflow/lib/python3.12/site-packages/airflow/example_dags/example_nested_branch_dag.py took 0.105 seconds
[2025-03-26T13:00:23.623+0000] {processor.py:186} INFO - Started process (PID=101104) to work on /home/ubuntu/miniconda3/envs/mlflow/lib/python3.12/site-packages/airflow/example_dags/example_nested_branch_dag.py
[2025-03-26T13:00:23.625+0000] {processor.py:914} INFO - Processing file /home/ubuntu/miniconda3/envs/mlflow/lib/python3.12/site-packages/airflow/example_dags/example_nested_branch_dag.py for tasks to queue
[2025-03-26T13:00:23.629+0000] {logging_mixin.py:190} INFO - [2025-03-26T13:00:23.627+0000] {dagbag.py:588} INFO - Filling up the DagBag from /home/ubuntu/miniconda3/envs/mlflow/lib/python3.12/site-packages/airflow/example_dags/example_nested_branch_dag.py
[2025-03-26T13:00:23.650+0000] {processor.py:925} INFO - DAG(s) 'example_nested_branch_dag' retrieved from /home/ubuntu/miniconda3/envs/mlflow/lib/python3.12/site-packages/airflow/example_dags/example_nested_branch_dag.py
[2025-03-26T13:00:23.672+0000] {logging_mixin.py:190} INFO - [2025-03-26T13:00:23.672+0000] {dag.py:3239} INFO - Sync 1 DAGs
[2025-03-26T13:00:23.709+0000] {logging_mixin.py:190} INFO - [2025-03-26T13:00:23.709+0000] {dag.py:4180} INFO - Setting next_dagrun for example_nested_branch_dag to 2025-03-25 00:00:00+00:00, run_after=2025-03-26 00:00:00+00:00
[2025-03-26T13:00:23.739+0000] {processor.py:208} INFO - Processing /home/ubuntu/miniconda3/envs/mlflow/lib/python3.12/site-packages/airflow/example_dags/example_nested_branch_dag.py took 0.123 seconds
[2025-03-26T13:01:29.444+0000] {processor.py:186} INFO - Started process (PID=101172) to work on /home/ubuntu/miniconda3/envs/mlflow/lib/python3.12/site-packages/airflow/example_dags/example_nested_branch_dag.py
[2025-03-26T13:01:29.445+0000] {processor.py:914} INFO - Processing file /home/ubuntu/miniconda3/envs/mlflow/lib/python3.12/site-packages/airflow/example_dags/example_nested_branch_dag.py for tasks to queue
[2025-03-26T13:01:29.448+0000] {logging_mixin.py:190} INFO - [2025-03-26T13:01:29.448+0000] {dagbag.py:588} INFO - Filling up the DagBag from /home/ubuntu/miniconda3/envs/mlflow/lib/python3.12/site-packages/airflow/example_dags/example_nested_branch_dag.py
[2025-03-26T13:01:29.465+0000] {processor.py:925} INFO - DAG(s) 'example_nested_branch_dag' retrieved from /home/ubuntu/miniconda3/envs/mlflow/lib/python3.12/site-packages/airflow/example_dags/example_nested_branch_dag.py
[2025-03-26T13:01:29.492+0000] {logging_mixin.py:190} INFO - [2025-03-26T13:01:29.492+0000] {dag.py:3239} INFO - Sync 1 DAGs
[2025-03-26T13:01:29.519+0000] {logging_mixin.py:190} INFO - [2025-03-26T13:01:29.518+0000] {dag.py:4180} INFO - Setting next_dagrun for example_nested_branch_dag to 2025-03-25 00:00:00+00:00, run_after=2025-03-26 00:00:00+00:00
[2025-03-26T13:01:29.550+0000] {processor.py:208} INFO - Processing /home/ubuntu/miniconda3/envs/mlflow/lib/python3.12/site-packages/airflow/example_dags/example_nested_branch_dag.py took 0.113 seconds
