[2025-03-26T12:54:27.423+0000] {processor.py:186} INFO - Started process (PID=100146) to work on /home/ubuntu/miniconda3/envs/mlflow/lib/python3.12/site-packages/airflow/example_dags/example_subdag_operator.py
[2025-03-26T12:54:27.423+0000] {processor.py:914} INFO - Processing file /home/ubuntu/miniconda3/envs/mlflow/lib/python3.12/site-packages/airflow/example_dags/example_subdag_operator.py for tasks to queue
[2025-03-26T12:54:27.425+0000] {logging_mixin.py:190} INFO - [2025-03-26T12:54:27.425+0000] {dagbag.py:588} INFO - Filling up the DagBag from /home/ubuntu/miniconda3/envs/mlflow/lib/python3.12/site-packages/airflow/example_dags/example_subdag_operator.py
[2025-03-26T12:54:27.448+0000] {processor.py:925} INFO - DAG(s) 'example_subdag_operator.section-1', 'example_subdag_operator.section-2', 'example_subdag_operator' retrieved from /home/ubuntu/miniconda3/envs/mlflow/lib/python3.12/site-packages/airflow/example_dags/example_subdag_operator.py
[2025-03-26T12:54:27.575+0000] {logging_mixin.py:190} INFO - [2025-03-26T12:54:27.575+0000] {override.py:1930} INFO - Created Permission View: can read on DAG:example_subdag_operator
[2025-03-26T12:54:27.597+0000] {logging_mixin.py:190} INFO - [2025-03-26T12:54:27.596+0000] {override.py:1930} INFO - Created Permission View: can edit on DAG:example_subdag_operator
[2025-03-26T12:54:27.610+0000] {logging_mixin.py:190} INFO - [2025-03-26T12:54:27.609+0000] {override.py:1930} INFO - Created Permission View: can delete on DAG:example_subdag_operator
[2025-03-26T12:54:27.633+0000] {logging_mixin.py:190} INFO - [2025-03-26T12:54:27.632+0000] {override.py:1930} INFO - Created Permission View: can read on DAG Run:example_subdag_operator
[2025-03-26T12:54:27.652+0000] {logging_mixin.py:190} INFO - [2025-03-26T12:54:27.651+0000] {override.py:1930} INFO - Created Permission View: menu access on DAG Run:example_subdag_operator
[2025-03-26T12:54:27.667+0000] {logging_mixin.py:190} INFO - [2025-03-26T12:54:27.667+0000] {override.py:1930} INFO - Created Permission View: can create on DAG Run:example_subdag_operator
[2025-03-26T12:54:27.684+0000] {logging_mixin.py:190} INFO - [2025-03-26T12:54:27.683+0000] {override.py:1930} INFO - Created Permission View: can delete on DAG Run:example_subdag_operator
[2025-03-26T12:54:27.684+0000] {logging_mixin.py:190} INFO - [2025-03-26T12:54:27.684+0000] {dag.py:3239} INFO - Sync 3 DAGs
[2025-03-26T12:54:27.707+0000] {logging_mixin.py:190} INFO - [2025-03-26T12:54:27.706+0000] {dag.py:3262} INFO - Creating ORM DAG for example_subdag_operator.section-2
[2025-03-26T12:54:27.707+0000] {logging_mixin.py:190} INFO - [2025-03-26T12:54:27.707+0000] {dag.py:3262} INFO - Creating ORM DAG for example_subdag_operator
[2025-03-26T12:54:27.708+0000] {logging_mixin.py:190} INFO - [2025-03-26T12:54:27.708+0000] {dag.py:3262} INFO - Creating ORM DAG for example_subdag_operator.section-1
[2025-03-26T12:54:27.719+0000] {logging_mixin.py:190} INFO - [2025-03-26T12:54:27.719+0000] {dag.py:4180} INFO - Setting next_dagrun for example_subdag_operator to 2022-01-01 00:00:00+00:00, run_after=2022-01-01 00:00:00+00:00
[2025-03-26T12:54:27.720+0000] {logging_mixin.py:190} INFO - [2025-03-26T12:54:27.720+0000] {dag.py:4180} INFO - Setting next_dagrun for example_subdag_operator.section-1 to None, run_after=None
[2025-03-26T12:54:27.720+0000] {logging_mixin.py:190} INFO - [2025-03-26T12:54:27.720+0000] {dag.py:4180} INFO - Setting next_dagrun for example_subdag_operator.section-2 to None, run_after=None
[2025-03-26T12:54:27.735+0000] {logging_mixin.py:190} INFO - [2025-03-26T12:54:27.735+0000] {dag.py:3239} INFO - Sync 2 DAGs
[2025-03-26T12:54:27.740+0000] {logging_mixin.py:190} INFO - [2025-03-26T12:54:27.740+0000] {dag.py:4180} INFO - Setting next_dagrun for example_subdag_operator.section-1 to None, run_after=None
[2025-03-26T12:54:27.745+0000] {logging_mixin.py:190} INFO - [2025-03-26T12:54:27.744+0000] {dag.py:4180} INFO - Setting next_dagrun for example_subdag_operator.section-2 to None, run_after=None
[2025-03-26T12:54:27.782+0000] {processor.py:208} INFO - Processing /home/ubuntu/miniconda3/envs/mlflow/lib/python3.12/site-packages/airflow/example_dags/example_subdag_operator.py took 0.365 seconds
[2025-03-26T12:55:39.892+0000] {processor.py:186} INFO - Started process (PID=100311) to work on /home/ubuntu/miniconda3/envs/mlflow/lib/python3.12/site-packages/airflow/example_dags/example_subdag_operator.py
[2025-03-26T12:55:39.894+0000] {processor.py:914} INFO - Processing file /home/ubuntu/miniconda3/envs/mlflow/lib/python3.12/site-packages/airflow/example_dags/example_subdag_operator.py for tasks to queue
[2025-03-26T12:55:39.897+0000] {logging_mixin.py:190} INFO - [2025-03-26T12:55:39.896+0000] {dagbag.py:588} INFO - Filling up the DagBag from /home/ubuntu/miniconda3/envs/mlflow/lib/python3.12/site-packages/airflow/example_dags/example_subdag_operator.py
[2025-03-26T12:55:39.927+0000] {processor.py:925} INFO - DAG(s) 'example_subdag_operator.section-1', 'example_subdag_operator.section-2', 'example_subdag_operator' retrieved from /home/ubuntu/miniconda3/envs/mlflow/lib/python3.12/site-packages/airflow/example_dags/example_subdag_operator.py
[2025-03-26T12:55:39.946+0000] {logging_mixin.py:190} INFO - [2025-03-26T12:55:39.945+0000] {dag.py:3239} INFO - Sync 3 DAGs
[2025-03-26T12:55:39.970+0000] {logging_mixin.py:190} INFO - [2025-03-26T12:55:39.969+0000] {dag.py:4180} INFO - Setting next_dagrun for example_subdag_operator to 2022-01-01 00:00:00+00:00, run_after=2022-01-01 00:00:00+00:00
[2025-03-26T12:55:39.974+0000] {logging_mixin.py:190} INFO - [2025-03-26T12:55:39.974+0000] {dag.py:4180} INFO - Setting next_dagrun for example_subdag_operator.section-1 to None, run_after=None
[2025-03-26T12:55:39.975+0000] {logging_mixin.py:190} INFO - [2025-03-26T12:55:39.975+0000] {dag.py:4180} INFO - Setting next_dagrun for example_subdag_operator.section-2 to None, run_after=None
[2025-03-26T12:55:39.984+0000] {logging_mixin.py:190} INFO - [2025-03-26T12:55:39.984+0000] {dag.py:3239} INFO - Sync 2 DAGs
[2025-03-26T12:55:39.989+0000] {logging_mixin.py:190} INFO - [2025-03-26T12:55:39.989+0000] {dag.py:4180} INFO - Setting next_dagrun for example_subdag_operator.section-1 to None, run_after=None
[2025-03-26T12:55:39.990+0000] {logging_mixin.py:190} INFO - [2025-03-26T12:55:39.989+0000] {dag.py:4180} INFO - Setting next_dagrun for example_subdag_operator.section-2 to None, run_after=None
[2025-03-26T12:55:40.008+0000] {processor.py:208} INFO - Processing /home/ubuntu/miniconda3/envs/mlflow/lib/python3.12/site-packages/airflow/example_dags/example_subdag_operator.py took 0.125 seconds
[2025-03-26T12:56:43.833+0000] {processor.py:186} INFO - Started process (PID=100539) to work on /home/ubuntu/miniconda3/envs/mlflow/lib/python3.12/site-packages/airflow/example_dags/example_subdag_operator.py
[2025-03-26T12:56:43.834+0000] {processor.py:914} INFO - Processing file /home/ubuntu/miniconda3/envs/mlflow/lib/python3.12/site-packages/airflow/example_dags/example_subdag_operator.py for tasks to queue
[2025-03-26T12:56:43.836+0000] {logging_mixin.py:190} INFO - [2025-03-26T12:56:43.836+0000] {dagbag.py:588} INFO - Filling up the DagBag from /home/ubuntu/miniconda3/envs/mlflow/lib/python3.12/site-packages/airflow/example_dags/example_subdag_operator.py
[2025-03-26T12:56:43.860+0000] {processor.py:925} INFO - DAG(s) 'example_subdag_operator.section-1', 'example_subdag_operator.section-2', 'example_subdag_operator' retrieved from /home/ubuntu/miniconda3/envs/mlflow/lib/python3.12/site-packages/airflow/example_dags/example_subdag_operator.py
[2025-03-26T12:56:43.879+0000] {logging_mixin.py:190} INFO - [2025-03-26T12:56:43.879+0000] {dag.py:3239} INFO - Sync 3 DAGs
[2025-03-26T12:56:43.906+0000] {logging_mixin.py:190} INFO - [2025-03-26T12:56:43.905+0000] {dag.py:4180} INFO - Setting next_dagrun for example_subdag_operator to 2022-01-01 00:00:00+00:00, run_after=2022-01-01 00:00:00+00:00
[2025-03-26T12:56:43.910+0000] {logging_mixin.py:190} INFO - [2025-03-26T12:56:43.910+0000] {dag.py:4180} INFO - Setting next_dagrun for example_subdag_operator.section-1 to None, run_after=None
[2025-03-26T12:56:43.911+0000] {logging_mixin.py:190} INFO - [2025-03-26T12:56:43.911+0000] {dag.py:4180} INFO - Setting next_dagrun for example_subdag_operator.section-2 to None, run_after=None
[2025-03-26T12:56:43.920+0000] {logging_mixin.py:190} INFO - [2025-03-26T12:56:43.919+0000] {dag.py:3239} INFO - Sync 2 DAGs
[2025-03-26T12:56:43.924+0000] {logging_mixin.py:190} INFO - [2025-03-26T12:56:43.924+0000] {dag.py:4180} INFO - Setting next_dagrun for example_subdag_operator.section-1 to None, run_after=None
[2025-03-26T12:56:43.925+0000] {logging_mixin.py:190} INFO - [2025-03-26T12:56:43.925+0000] {dag.py:4180} INFO - Setting next_dagrun for example_subdag_operator.section-2 to None, run_after=None
[2025-03-26T12:56:43.945+0000] {processor.py:208} INFO - Processing /home/ubuntu/miniconda3/envs/mlflow/lib/python3.12/site-packages/airflow/example_dags/example_subdag_operator.py took 0.118 seconds
[2025-03-26T12:57:51.494+0000] {processor.py:186} INFO - Started process (PID=100747) to work on /home/ubuntu/miniconda3/envs/mlflow/lib/python3.12/site-packages/airflow/example_dags/example_subdag_operator.py
[2025-03-26T12:57:51.496+0000] {processor.py:914} INFO - Processing file /home/ubuntu/miniconda3/envs/mlflow/lib/python3.12/site-packages/airflow/example_dags/example_subdag_operator.py for tasks to queue
[2025-03-26T12:57:51.498+0000] {logging_mixin.py:190} INFO - [2025-03-26T12:57:51.498+0000] {dagbag.py:588} INFO - Filling up the DagBag from /home/ubuntu/miniconda3/envs/mlflow/lib/python3.12/site-packages/airflow/example_dags/example_subdag_operator.py
[2025-03-26T12:57:51.524+0000] {processor.py:925} INFO - DAG(s) 'example_subdag_operator.section-1', 'example_subdag_operator.section-2', 'example_subdag_operator' retrieved from /home/ubuntu/miniconda3/envs/mlflow/lib/python3.12/site-packages/airflow/example_dags/example_subdag_operator.py
[2025-03-26T12:57:51.543+0000] {logging_mixin.py:190} INFO - [2025-03-26T12:57:51.543+0000] {dag.py:3239} INFO - Sync 3 DAGs
[2025-03-26T12:57:51.568+0000] {logging_mixin.py:190} INFO - [2025-03-26T12:57:51.567+0000] {dag.py:4180} INFO - Setting next_dagrun for example_subdag_operator to 2022-01-01 00:00:00+00:00, run_after=2022-01-01 00:00:00+00:00
[2025-03-26T12:57:51.572+0000] {logging_mixin.py:190} INFO - [2025-03-26T12:57:51.571+0000] {dag.py:4180} INFO - Setting next_dagrun for example_subdag_operator.section-1 to None, run_after=None
[2025-03-26T12:57:51.573+0000] {logging_mixin.py:190} INFO - [2025-03-26T12:57:51.573+0000] {dag.py:4180} INFO - Setting next_dagrun for example_subdag_operator.section-2 to None, run_after=None
[2025-03-26T12:57:51.580+0000] {logging_mixin.py:190} INFO - [2025-03-26T12:57:51.579+0000] {dag.py:3239} INFO - Sync 2 DAGs
[2025-03-26T12:57:51.585+0000] {logging_mixin.py:190} INFO - [2025-03-26T12:57:51.585+0000] {dag.py:4180} INFO - Setting next_dagrun for example_subdag_operator.section-1 to None, run_after=None
[2025-03-26T12:57:51.586+0000] {logging_mixin.py:190} INFO - [2025-03-26T12:57:51.585+0000] {dag.py:4180} INFO - Setting next_dagrun for example_subdag_operator.section-2 to None, run_after=None
[2025-03-26T12:57:51.606+0000] {processor.py:208} INFO - Processing /home/ubuntu/miniconda3/envs/mlflow/lib/python3.12/site-packages/airflow/example_dags/example_subdag_operator.py took 0.117 seconds
[2025-03-26T12:58:54.846+0000] {processor.py:186} INFO - Started process (PID=100858) to work on /home/ubuntu/miniconda3/envs/mlflow/lib/python3.12/site-packages/airflow/example_dags/example_subdag_operator.py
[2025-03-26T12:58:54.848+0000] {processor.py:914} INFO - Processing file /home/ubuntu/miniconda3/envs/mlflow/lib/python3.12/site-packages/airflow/example_dags/example_subdag_operator.py for tasks to queue
[2025-03-26T12:58:54.850+0000] {logging_mixin.py:190} INFO - [2025-03-26T12:58:54.850+0000] {dagbag.py:588} INFO - Filling up the DagBag from /home/ubuntu/miniconda3/envs/mlflow/lib/python3.12/site-packages/airflow/example_dags/example_subdag_operator.py
[2025-03-26T12:58:54.876+0000] {processor.py:925} INFO - DAG(s) 'example_subdag_operator.section-1', 'example_subdag_operator.section-2', 'example_subdag_operator' retrieved from /home/ubuntu/miniconda3/envs/mlflow/lib/python3.12/site-packages/airflow/example_dags/example_subdag_operator.py
[2025-03-26T12:58:54.903+0000] {logging_mixin.py:190} INFO - [2025-03-26T12:58:54.903+0000] {dag.py:3239} INFO - Sync 3 DAGs
[2025-03-26T12:58:54.938+0000] {logging_mixin.py:190} INFO - [2025-03-26T12:58:54.938+0000] {dag.py:4180} INFO - Setting next_dagrun for example_subdag_operator to 2022-01-01 00:00:00+00:00, run_after=2022-01-01 00:00:00+00:00
[2025-03-26T12:58:54.944+0000] {logging_mixin.py:190} INFO - [2025-03-26T12:58:54.944+0000] {dag.py:4180} INFO - Setting next_dagrun for example_subdag_operator.section-1 to None, run_after=None
[2025-03-26T12:58:54.945+0000] {logging_mixin.py:190} INFO - [2025-03-26T12:58:54.945+0000] {dag.py:4180} INFO - Setting next_dagrun for example_subdag_operator.section-2 to None, run_after=None
[2025-03-26T12:58:54.953+0000] {logging_mixin.py:190} INFO - [2025-03-26T12:58:54.952+0000] {dag.py:3239} INFO - Sync 2 DAGs
[2025-03-26T12:58:54.958+0000] {logging_mixin.py:190} INFO - [2025-03-26T12:58:54.957+0000] {dag.py:4180} INFO - Setting next_dagrun for example_subdag_operator.section-1 to None, run_after=None
[2025-03-26T12:58:54.958+0000] {logging_mixin.py:190} INFO - [2025-03-26T12:58:54.958+0000] {dag.py:4180} INFO - Setting next_dagrun for example_subdag_operator.section-2 to None, run_after=None
[2025-03-26T12:58:54.979+0000] {processor.py:208} INFO - Processing /home/ubuntu/miniconda3/envs/mlflow/lib/python3.12/site-packages/airflow/example_dags/example_subdag_operator.py took 0.139 seconds
[2025-03-26T12:59:58.558+0000] {processor.py:186} INFO - Started process (PID=101059) to work on /home/ubuntu/miniconda3/envs/mlflow/lib/python3.12/site-packages/airflow/example_dags/example_subdag_operator.py
[2025-03-26T12:59:58.559+0000] {processor.py:914} INFO - Processing file /home/ubuntu/miniconda3/envs/mlflow/lib/python3.12/site-packages/airflow/example_dags/example_subdag_operator.py for tasks to queue
[2025-03-26T12:59:58.561+0000] {logging_mixin.py:190} INFO - [2025-03-26T12:59:58.561+0000] {dagbag.py:588} INFO - Filling up the DagBag from /home/ubuntu/miniconda3/envs/mlflow/lib/python3.12/site-packages/airflow/example_dags/example_subdag_operator.py
[2025-03-26T12:59:58.585+0000] {processor.py:925} INFO - DAG(s) 'example_subdag_operator.section-1', 'example_subdag_operator.section-2', 'example_subdag_operator' retrieved from /home/ubuntu/miniconda3/envs/mlflow/lib/python3.12/site-packages/airflow/example_dags/example_subdag_operator.py
[2025-03-26T12:59:58.606+0000] {logging_mixin.py:190} INFO - [2025-03-26T12:59:58.605+0000] {dag.py:3239} INFO - Sync 3 DAGs
[2025-03-26T12:59:58.632+0000] {logging_mixin.py:190} INFO - [2025-03-26T12:59:58.631+0000] {dag.py:4180} INFO - Setting next_dagrun for example_subdag_operator to 2022-01-01 00:00:00+00:00, run_after=2022-01-01 00:00:00+00:00
[2025-03-26T12:59:58.636+0000] {logging_mixin.py:190} INFO - [2025-03-26T12:59:58.635+0000] {dag.py:4180} INFO - Setting next_dagrun for example_subdag_operator.section-1 to None, run_after=None
[2025-03-26T12:59:58.637+0000] {logging_mixin.py:190} INFO - [2025-03-26T12:59:58.637+0000] {dag.py:4180} INFO - Setting next_dagrun for example_subdag_operator.section-2 to None, run_after=None
[2025-03-26T12:59:58.644+0000] {logging_mixin.py:190} INFO - [2025-03-26T12:59:58.644+0000] {dag.py:3239} INFO - Sync 2 DAGs
[2025-03-26T12:59:58.650+0000] {logging_mixin.py:190} INFO - [2025-03-26T12:59:58.649+0000] {dag.py:4180} INFO - Setting next_dagrun for example_subdag_operator.section-1 to None, run_after=None
[2025-03-26T12:59:58.650+0000] {logging_mixin.py:190} INFO - [2025-03-26T12:59:58.650+0000] {dag.py:4180} INFO - Setting next_dagrun for example_subdag_operator.section-2 to None, run_after=None
[2025-03-26T12:59:58.670+0000] {processor.py:208} INFO - Processing /home/ubuntu/miniconda3/envs/mlflow/lib/python3.12/site-packages/airflow/example_dags/example_subdag_operator.py took 0.118 seconds
[2025-03-26T13:01:00.282+0000] {processor.py:186} INFO - Started process (PID=101144) to work on /home/ubuntu/miniconda3/envs/mlflow/lib/python3.12/site-packages/airflow/example_dags/example_subdag_operator.py
[2025-03-26T13:01:00.284+0000] {processor.py:914} INFO - Processing file /home/ubuntu/miniconda3/envs/mlflow/lib/python3.12/site-packages/airflow/example_dags/example_subdag_operator.py for tasks to queue
[2025-03-26T13:01:00.287+0000] {logging_mixin.py:190} INFO - [2025-03-26T13:01:00.286+0000] {dagbag.py:588} INFO - Filling up the DagBag from /home/ubuntu/miniconda3/envs/mlflow/lib/python3.12/site-packages/airflow/example_dags/example_subdag_operator.py
[2025-03-26T13:01:00.311+0000] {processor.py:925} INFO - DAG(s) 'example_subdag_operator.section-1', 'example_subdag_operator.section-2', 'example_subdag_operator' retrieved from /home/ubuntu/miniconda3/envs/mlflow/lib/python3.12/site-packages/airflow/example_dags/example_subdag_operator.py
[2025-03-26T13:01:00.332+0000] {logging_mixin.py:190} INFO - [2025-03-26T13:01:00.331+0000] {dag.py:3239} INFO - Sync 3 DAGs
[2025-03-26T13:01:00.356+0000] {logging_mixin.py:190} INFO - [2025-03-26T13:01:00.356+0000] {dag.py:4180} INFO - Setting next_dagrun for example_subdag_operator to 2022-01-01 00:00:00+00:00, run_after=2022-01-01 00:00:00+00:00
[2025-03-26T13:01:00.361+0000] {logging_mixin.py:190} INFO - [2025-03-26T13:01:00.360+0000] {dag.py:4180} INFO - Setting next_dagrun for example_subdag_operator.section-1 to None, run_after=None
[2025-03-26T13:01:00.362+0000] {logging_mixin.py:190} INFO - [2025-03-26T13:01:00.362+0000] {dag.py:4180} INFO - Setting next_dagrun for example_subdag_operator.section-2 to None, run_after=None
[2025-03-26T13:01:00.369+0000] {logging_mixin.py:190} INFO - [2025-03-26T13:01:00.369+0000] {dag.py:3239} INFO - Sync 2 DAGs
[2025-03-26T13:01:00.375+0000] {logging_mixin.py:190} INFO - [2025-03-26T13:01:00.374+0000] {dag.py:4180} INFO - Setting next_dagrun for example_subdag_operator.section-1 to None, run_after=None
[2025-03-26T13:01:00.375+0000] {logging_mixin.py:190} INFO - [2025-03-26T13:01:00.375+0000] {dag.py:4180} INFO - Setting next_dagrun for example_subdag_operator.section-2 to None, run_after=None
[2025-03-26T13:01:00.402+0000] {processor.py:208} INFO - Processing /home/ubuntu/miniconda3/envs/mlflow/lib/python3.12/site-packages/airflow/example_dags/example_subdag_operator.py took 0.127 seconds
[2025-03-26T13:02:03.284+0000] {processor.py:186} INFO - Started process (PID=101212) to work on /home/ubuntu/miniconda3/envs/mlflow/lib/python3.12/site-packages/airflow/example_dags/example_subdag_operator.py
[2025-03-26T13:02:03.286+0000] {processor.py:914} INFO - Processing file /home/ubuntu/miniconda3/envs/mlflow/lib/python3.12/site-packages/airflow/example_dags/example_subdag_operator.py for tasks to queue
[2025-03-26T13:02:03.288+0000] {logging_mixin.py:190} INFO - [2025-03-26T13:02:03.288+0000] {dagbag.py:588} INFO - Filling up the DagBag from /home/ubuntu/miniconda3/envs/mlflow/lib/python3.12/site-packages/airflow/example_dags/example_subdag_operator.py
[2025-03-26T13:02:03.320+0000] {processor.py:925} INFO - DAG(s) 'example_subdag_operator.section-1', 'example_subdag_operator.section-2', 'example_subdag_operator' retrieved from /home/ubuntu/miniconda3/envs/mlflow/lib/python3.12/site-packages/airflow/example_dags/example_subdag_operator.py
[2025-03-26T13:02:03.341+0000] {logging_mixin.py:190} INFO - [2025-03-26T13:02:03.341+0000] {dag.py:3239} INFO - Sync 3 DAGs
[2025-03-26T13:02:03.369+0000] {logging_mixin.py:190} INFO - [2025-03-26T13:02:03.369+0000] {dag.py:4180} INFO - Setting next_dagrun for example_subdag_operator to 2022-01-01 00:00:00+00:00, run_after=2022-01-01 00:00:00+00:00
[2025-03-26T13:02:03.373+0000] {logging_mixin.py:190} INFO - [2025-03-26T13:02:03.373+0000] {dag.py:4180} INFO - Setting next_dagrun for example_subdag_operator.section-1 to None, run_after=None
[2025-03-26T13:02:03.374+0000] {logging_mixin.py:190} INFO - [2025-03-26T13:02:03.374+0000] {dag.py:4180} INFO - Setting next_dagrun for example_subdag_operator.section-2 to None, run_after=None
[2025-03-26T13:02:03.382+0000] {logging_mixin.py:190} INFO - [2025-03-26T13:02:03.382+0000] {dag.py:3239} INFO - Sync 2 DAGs
[2025-03-26T13:02:03.387+0000] {logging_mixin.py:190} INFO - [2025-03-26T13:02:03.387+0000] {dag.py:4180} INFO - Setting next_dagrun for example_subdag_operator.section-1 to None, run_after=None
[2025-03-26T13:02:03.387+0000] {logging_mixin.py:190} INFO - [2025-03-26T13:02:03.387+0000] {dag.py:4180} INFO - Setting next_dagrun for example_subdag_operator.section-2 to None, run_after=None
[2025-03-26T13:02:03.413+0000] {processor.py:208} INFO - Processing /home/ubuntu/miniconda3/envs/mlflow/lib/python3.12/site-packages/airflow/example_dags/example_subdag_operator.py took 0.135 seconds
