[2025-03-26T12:54:21.957+0000] {processor.py:186} INFO - Started process (PID=100142) to work on /home/ubuntu/miniconda3/envs/mlflow/lib/python3.12/site-packages/airflow/example_dags/example_params_ui_tutorial.py
[2025-03-26T12:54:21.958+0000] {processor.py:914} INFO - Processing file /home/ubuntu/miniconda3/envs/mlflow/lib/python3.12/site-packages/airflow/example_dags/example_params_ui_tutorial.py for tasks to queue
[2025-03-26T12:54:21.960+0000] {logging_mixin.py:190} INFO - [2025-03-26T12:54:21.960+0000] {dagbag.py:588} INFO - Filling up the DagBag from /home/ubuntu/miniconda3/envs/mlflow/lib/python3.12/site-packages/airflow/example_dags/example_params_ui_tutorial.py
[2025-03-26T12:54:21.970+0000] {processor.py:925} INFO - DAG(s) 'example_params_ui_tutorial' retrieved from /home/ubuntu/miniconda3/envs/mlflow/lib/python3.12/site-packages/airflow/example_dags/example_params_ui_tutorial.py
[2025-03-26T12:54:22.149+0000] {logging_mixin.py:190} INFO - [2025-03-26T12:54:22.148+0000] {override.py:1930} INFO - Created Permission View: can read on DAG:example_params_ui_tutorial
[2025-03-26T12:54:22.166+0000] {logging_mixin.py:190} INFO - [2025-03-26T12:54:22.165+0000] {override.py:1930} INFO - Created Permission View: can edit on DAG:example_params_ui_tutorial
[2025-03-26T12:54:22.182+0000] {logging_mixin.py:190} INFO - [2025-03-26T12:54:22.181+0000] {override.py:1930} INFO - Created Permission View: can delete on DAG:example_params_ui_tutorial
[2025-03-26T12:54:22.206+0000] {logging_mixin.py:190} INFO - [2025-03-26T12:54:22.205+0000] {override.py:1930} INFO - Created Permission View: can read on DAG Run:example_params_ui_tutorial
[2025-03-26T12:54:22.224+0000] {logging_mixin.py:190} INFO - [2025-03-26T12:54:22.223+0000] {override.py:1930} INFO - Created Permission View: menu access on DAG Run:example_params_ui_tutorial
[2025-03-26T12:54:22.237+0000] {logging_mixin.py:190} INFO - [2025-03-26T12:54:22.236+0000] {override.py:1930} INFO - Created Permission View: can create on DAG Run:example_params_ui_tutorial
[2025-03-26T12:54:22.249+0000] {logging_mixin.py:190} INFO - [2025-03-26T12:54:22.249+0000] {override.py:1930} INFO - Created Permission View: can delete on DAG Run:example_params_ui_tutorial
[2025-03-26T12:54:22.250+0000] {logging_mixin.py:190} INFO - [2025-03-26T12:54:22.250+0000] {dag.py:3239} INFO - Sync 1 DAGs
[2025-03-26T12:54:22.264+0000] {logging_mixin.py:190} INFO - [2025-03-26T12:54:22.264+0000] {dag.py:3262} INFO - Creating ORM DAG for example_params_ui_tutorial
[2025-03-26T12:54:22.265+0000] {logging_mixin.py:190} INFO - [2025-03-26T12:54:22.265+0000] {dag.py:4180} INFO - Setting next_dagrun for example_params_ui_tutorial to None, run_after=None
[2025-03-26T12:54:22.293+0000] {processor.py:208} INFO - Processing /home/ubuntu/miniconda3/envs/mlflow/lib/python3.12/site-packages/airflow/example_dags/example_params_ui_tutorial.py took 0.342 seconds
[2025-03-26T12:55:34.923+0000] {processor.py:186} INFO - Started process (PID=100303) to work on /home/ubuntu/miniconda3/envs/mlflow/lib/python3.12/site-packages/airflow/example_dags/example_params_ui_tutorial.py
[2025-03-26T12:55:34.925+0000] {processor.py:914} INFO - Processing file /home/ubuntu/miniconda3/envs/mlflow/lib/python3.12/site-packages/airflow/example_dags/example_params_ui_tutorial.py for tasks to queue
[2025-03-26T12:55:34.931+0000] {logging_mixin.py:190} INFO - [2025-03-26T12:55:34.931+0000] {dagbag.py:588} INFO - Filling up the DagBag from /home/ubuntu/miniconda3/envs/mlflow/lib/python3.12/site-packages/airflow/example_dags/example_params_ui_tutorial.py
[2025-03-26T12:55:34.945+0000] {processor.py:925} INFO - DAG(s) 'example_params_ui_tutorial' retrieved from /home/ubuntu/miniconda3/envs/mlflow/lib/python3.12/site-packages/airflow/example_dags/example_params_ui_tutorial.py
[2025-03-26T12:55:35.008+0000] {logging_mixin.py:190} INFO - [2025-03-26T12:55:35.007+0000] {dag.py:3239} INFO - Sync 1 DAGs
[2025-03-26T12:55:35.030+0000] {logging_mixin.py:190} INFO - [2025-03-26T12:55:35.030+0000] {dag.py:4180} INFO - Setting next_dagrun for example_params_ui_tutorial to None, run_after=None
[2025-03-26T12:55:35.065+0000] {processor.py:208} INFO - Processing /home/ubuntu/miniconda3/envs/mlflow/lib/python3.12/site-packages/airflow/example_dags/example_params_ui_tutorial.py took 0.154 seconds
[2025-03-26T12:56:39.814+0000] {processor.py:186} INFO - Started process (PID=100506) to work on /home/ubuntu/miniconda3/envs/mlflow/lib/python3.12/site-packages/airflow/example_dags/example_params_ui_tutorial.py
[2025-03-26T12:56:39.815+0000] {processor.py:914} INFO - Processing file /home/ubuntu/miniconda3/envs/mlflow/lib/python3.12/site-packages/airflow/example_dags/example_params_ui_tutorial.py for tasks to queue
[2025-03-26T12:56:39.818+0000] {logging_mixin.py:190} INFO - [2025-03-26T12:56:39.818+0000] {dagbag.py:588} INFO - Filling up the DagBag from /home/ubuntu/miniconda3/envs/mlflow/lib/python3.12/site-packages/airflow/example_dags/example_params_ui_tutorial.py
[2025-03-26T12:56:39.834+0000] {processor.py:925} INFO - DAG(s) 'example_params_ui_tutorial' retrieved from /home/ubuntu/miniconda3/envs/mlflow/lib/python3.12/site-packages/airflow/example_dags/example_params_ui_tutorial.py
[2025-03-26T12:56:39.886+0000] {logging_mixin.py:190} INFO - [2025-03-26T12:56:39.886+0000] {dag.py:3239} INFO - Sync 1 DAGs
[2025-03-26T12:56:39.901+0000] {logging_mixin.py:190} INFO - [2025-03-26T12:56:39.901+0000] {dag.py:4180} INFO - Setting next_dagrun for example_params_ui_tutorial to None, run_after=None
[2025-03-26T12:56:39.928+0000] {processor.py:208} INFO - Processing /home/ubuntu/miniconda3/envs/mlflow/lib/python3.12/site-packages/airflow/example_dags/example_params_ui_tutorial.py took 0.122 seconds
[2025-03-26T12:57:46.471+0000] {processor.py:186} INFO - Started process (PID=100739) to work on /home/ubuntu/miniconda3/envs/mlflow/lib/python3.12/site-packages/airflow/example_dags/example_params_ui_tutorial.py
[2025-03-26T12:57:46.473+0000] {processor.py:914} INFO - Processing file /home/ubuntu/miniconda3/envs/mlflow/lib/python3.12/site-packages/airflow/example_dags/example_params_ui_tutorial.py for tasks to queue
[2025-03-26T12:57:46.476+0000] {logging_mixin.py:190} INFO - [2025-03-26T12:57:46.475+0000] {dagbag.py:588} INFO - Filling up the DagBag from /home/ubuntu/miniconda3/envs/mlflow/lib/python3.12/site-packages/airflow/example_dags/example_params_ui_tutorial.py
[2025-03-26T12:57:46.487+0000] {processor.py:925} INFO - DAG(s) 'example_params_ui_tutorial' retrieved from /home/ubuntu/miniconda3/envs/mlflow/lib/python3.12/site-packages/airflow/example_dags/example_params_ui_tutorial.py
[2025-03-26T12:57:46.550+0000] {logging_mixin.py:190} INFO - [2025-03-26T12:57:46.549+0000] {dag.py:3239} INFO - Sync 1 DAGs
[2025-03-26T12:57:46.573+0000] {logging_mixin.py:190} INFO - [2025-03-26T12:57:46.573+0000] {dag.py:4180} INFO - Setting next_dagrun for example_params_ui_tutorial to None, run_after=None
[2025-03-26T12:57:46.607+0000] {processor.py:208} INFO - Processing /home/ubuntu/miniconda3/envs/mlflow/lib/python3.12/site-packages/airflow/example_dags/example_params_ui_tutorial.py took 0.143 seconds
[2025-03-26T12:58:49.918+0000] {processor.py:186} INFO - Started process (PID=100850) to work on /home/ubuntu/miniconda3/envs/mlflow/lib/python3.12/site-packages/airflow/example_dags/example_params_ui_tutorial.py
[2025-03-26T12:58:49.919+0000] {processor.py:914} INFO - Processing file /home/ubuntu/miniconda3/envs/mlflow/lib/python3.12/site-packages/airflow/example_dags/example_params_ui_tutorial.py for tasks to queue
[2025-03-26T12:58:49.922+0000] {logging_mixin.py:190} INFO - [2025-03-26T12:58:49.922+0000] {dagbag.py:588} INFO - Filling up the DagBag from /home/ubuntu/miniconda3/envs/mlflow/lib/python3.12/site-packages/airflow/example_dags/example_params_ui_tutorial.py
[2025-03-26T12:58:49.932+0000] {processor.py:925} INFO - DAG(s) 'example_params_ui_tutorial' retrieved from /home/ubuntu/miniconda3/envs/mlflow/lib/python3.12/site-packages/airflow/example_dags/example_params_ui_tutorial.py
[2025-03-26T12:58:49.981+0000] {logging_mixin.py:190} INFO - [2025-03-26T12:58:49.981+0000] {dag.py:3239} INFO - Sync 1 DAGs
[2025-03-26T12:58:49.998+0000] {logging_mixin.py:190} INFO - [2025-03-26T12:58:49.997+0000] {dag.py:4180} INFO - Setting next_dagrun for example_params_ui_tutorial to None, run_after=None
[2025-03-26T12:58:50.030+0000] {processor.py:208} INFO - Processing /home/ubuntu/miniconda3/envs/mlflow/lib/python3.12/site-packages/airflow/example_dags/example_params_ui_tutorial.py took 0.118 seconds
[2025-03-26T12:59:53.639+0000] {processor.py:186} INFO - Started process (PID=101051) to work on /home/ubuntu/miniconda3/envs/mlflow/lib/python3.12/site-packages/airflow/example_dags/example_params_ui_tutorial.py
[2025-03-26T12:59:53.641+0000] {processor.py:914} INFO - Processing file /home/ubuntu/miniconda3/envs/mlflow/lib/python3.12/site-packages/airflow/example_dags/example_params_ui_tutorial.py for tasks to queue
[2025-03-26T12:59:53.643+0000] {logging_mixin.py:190} INFO - [2025-03-26T12:59:53.643+0000] {dagbag.py:588} INFO - Filling up the DagBag from /home/ubuntu/miniconda3/envs/mlflow/lib/python3.12/site-packages/airflow/example_dags/example_params_ui_tutorial.py
[2025-03-26T12:59:53.658+0000] {processor.py:925} INFO - DAG(s) 'example_params_ui_tutorial' retrieved from /home/ubuntu/miniconda3/envs/mlflow/lib/python3.12/site-packages/airflow/example_dags/example_params_ui_tutorial.py
[2025-03-26T12:59:53.712+0000] {logging_mixin.py:190} INFO - [2025-03-26T12:59:53.712+0000] {dag.py:3239} INFO - Sync 1 DAGs
[2025-03-26T12:59:53.727+0000] {logging_mixin.py:190} INFO - [2025-03-26T12:59:53.727+0000] {dag.py:4180} INFO - Setting next_dagrun for example_params_ui_tutorial to None, run_after=None
[2025-03-26T12:59:53.757+0000] {processor.py:208} INFO - Processing /home/ubuntu/miniconda3/envs/mlflow/lib/python3.12/site-packages/airflow/example_dags/example_params_ui_tutorial.py took 0.123 seconds
[2025-03-26T13:00:56.193+0000] {processor.py:186} INFO - Started process (PID=101140) to work on /home/ubuntu/miniconda3/envs/mlflow/lib/python3.12/site-packages/airflow/example_dags/example_params_ui_tutorial.py
[2025-03-26T13:00:56.195+0000] {processor.py:914} INFO - Processing file /home/ubuntu/miniconda3/envs/mlflow/lib/python3.12/site-packages/airflow/example_dags/example_params_ui_tutorial.py for tasks to queue
[2025-03-26T13:00:56.197+0000] {logging_mixin.py:190} INFO - [2025-03-26T13:00:56.196+0000] {dagbag.py:588} INFO - Filling up the DagBag from /home/ubuntu/miniconda3/envs/mlflow/lib/python3.12/site-packages/airflow/example_dags/example_params_ui_tutorial.py
[2025-03-26T13:00:56.207+0000] {processor.py:925} INFO - DAG(s) 'example_params_ui_tutorial' retrieved from /home/ubuntu/miniconda3/envs/mlflow/lib/python3.12/site-packages/airflow/example_dags/example_params_ui_tutorial.py
[2025-03-26T13:00:56.256+0000] {logging_mixin.py:190} INFO - [2025-03-26T13:00:56.256+0000] {dag.py:3239} INFO - Sync 1 DAGs
[2025-03-26T13:00:56.271+0000] {logging_mixin.py:190} INFO - [2025-03-26T13:00:56.270+0000] {dag.py:4180} INFO - Setting next_dagrun for example_params_ui_tutorial to None, run_after=None
[2025-03-26T13:00:56.297+0000] {processor.py:208} INFO - Processing /home/ubuntu/miniconda3/envs/mlflow/lib/python3.12/site-packages/airflow/example_dags/example_params_ui_tutorial.py took 0.110 seconds
[2025-03-26T13:01:59.590+0000] {processor.py:186} INFO - Started process (PID=101203) to work on /home/ubuntu/miniconda3/envs/mlflow/lib/python3.12/site-packages/airflow/example_dags/example_params_ui_tutorial.py
[2025-03-26T13:01:59.592+0000] {processor.py:914} INFO - Processing file /home/ubuntu/miniconda3/envs/mlflow/lib/python3.12/site-packages/airflow/example_dags/example_params_ui_tutorial.py for tasks to queue
[2025-03-26T13:01:59.595+0000] {logging_mixin.py:190} INFO - [2025-03-26T13:01:59.594+0000] {dagbag.py:588} INFO - Filling up the DagBag from /home/ubuntu/miniconda3/envs/mlflow/lib/python3.12/site-packages/airflow/example_dags/example_params_ui_tutorial.py
[2025-03-26T13:01:59.610+0000] {processor.py:925} INFO - DAG(s) 'example_params_ui_tutorial' retrieved from /home/ubuntu/miniconda3/envs/mlflow/lib/python3.12/site-packages/airflow/example_dags/example_params_ui_tutorial.py
[2025-03-26T13:01:59.662+0000] {logging_mixin.py:190} INFO - [2025-03-26T13:01:59.662+0000] {dag.py:3239} INFO - Sync 1 DAGs
[2025-03-26T13:01:59.678+0000] {logging_mixin.py:190} INFO - [2025-03-26T13:01:59.677+0000] {dag.py:4180} INFO - Setting next_dagrun for example_params_ui_tutorial to None, run_after=None
[2025-03-26T13:01:59.704+0000] {processor.py:208} INFO - Processing /home/ubuntu/miniconda3/envs/mlflow/lib/python3.12/site-packages/airflow/example_dags/example_params_ui_tutorial.py took 0.122 seconds
