[2025-03-26T12:54:17.957+0000] {processor.py:186} INFO - Started process (PID=100139) to work on /home/ubuntu/miniconda3/envs/mlflow/lib/python3.12/site-packages/airflow/example_dags/example_xcom.py
[2025-03-26T12:54:17.957+0000] {processor.py:914} INFO - Processing file /home/ubuntu/miniconda3/envs/mlflow/lib/python3.12/site-packages/airflow/example_dags/example_xcom.py for tasks to queue
[2025-03-26T12:54:17.960+0000] {logging_mixin.py:190} INFO - [2025-03-26T12:54:17.959+0000] {dagbag.py:588} INFO - Filling up the DagBag from /home/ubuntu/miniconda3/envs/mlflow/lib/python3.12/site-packages/airflow/example_dags/example_xcom.py
[2025-03-26T12:54:17.976+0000] {processor.py:925} INFO - DAG(s) 'example_xcom' retrieved from /home/ubuntu/miniconda3/envs/mlflow/lib/python3.12/site-packages/airflow/example_dags/example_xcom.py
[2025-03-26T12:54:18.137+0000] {logging_mixin.py:190} INFO - [2025-03-26T12:54:18.136+0000] {override.py:1930} INFO - Created Permission View: can read on DAG:example_xcom
[2025-03-26T12:54:18.154+0000] {logging_mixin.py:190} INFO - [2025-03-26T12:54:18.153+0000] {override.py:1930} INFO - Created Permission View: can edit on DAG:example_xcom
[2025-03-26T12:54:18.166+0000] {logging_mixin.py:190} INFO - [2025-03-26T12:54:18.166+0000] {override.py:1930} INFO - Created Permission View: can delete on DAG:example_xcom
[2025-03-26T12:54:18.195+0000] {logging_mixin.py:190} INFO - [2025-03-26T12:54:18.195+0000] {override.py:1930} INFO - Created Permission View: can read on DAG Run:example_xcom
[2025-03-26T12:54:18.210+0000] {logging_mixin.py:190} INFO - [2025-03-26T12:54:18.209+0000] {override.py:1930} INFO - Created Permission View: menu access on DAG Run:example_xcom
[2025-03-26T12:54:18.223+0000] {logging_mixin.py:190} INFO - [2025-03-26T12:54:18.223+0000] {override.py:1930} INFO - Created Permission View: can create on DAG Run:example_xcom
[2025-03-26T12:54:18.235+0000] {logging_mixin.py:190} INFO - [2025-03-26T12:54:18.235+0000] {override.py:1930} INFO - Created Permission View: can delete on DAG Run:example_xcom
[2025-03-26T12:54:18.236+0000] {logging_mixin.py:190} INFO - [2025-03-26T12:54:18.236+0000] {dag.py:3239} INFO - Sync 1 DAGs
[2025-03-26T12:54:18.251+0000] {logging_mixin.py:190} INFO - [2025-03-26T12:54:18.250+0000] {dag.py:3262} INFO - Creating ORM DAG for example_xcom
[2025-03-26T12:54:18.261+0000] {logging_mixin.py:190} INFO - [2025-03-26T12:54:18.261+0000] {dag.py:4180} INFO - Setting next_dagrun for example_xcom to 2021-01-01 00:00:00+00:00, run_after=2021-01-01 00:00:00+00:00
[2025-03-26T12:54:18.289+0000] {processor.py:208} INFO - Processing /home/ubuntu/miniconda3/envs/mlflow/lib/python3.12/site-packages/airflow/example_dags/example_xcom.py took 0.338 seconds
[2025-03-26T12:55:32.440+0000] {processor.py:186} INFO - Started process (PID=100300) to work on /home/ubuntu/miniconda3/envs/mlflow/lib/python3.12/site-packages/airflow/example_dags/example_xcom.py
[2025-03-26T12:55:32.442+0000] {processor.py:914} INFO - Processing file /home/ubuntu/miniconda3/envs/mlflow/lib/python3.12/site-packages/airflow/example_dags/example_xcom.py for tasks to queue
[2025-03-26T12:55:32.444+0000] {logging_mixin.py:190} INFO - [2025-03-26T12:55:32.444+0000] {dagbag.py:588} INFO - Filling up the DagBag from /home/ubuntu/miniconda3/envs/mlflow/lib/python3.12/site-packages/airflow/example_dags/example_xcom.py
[2025-03-26T12:55:32.457+0000] {processor.py:925} INFO - DAG(s) 'example_xcom' retrieved from /home/ubuntu/miniconda3/envs/mlflow/lib/python3.12/site-packages/airflow/example_dags/example_xcom.py
[2025-03-26T12:55:32.475+0000] {logging_mixin.py:190} INFO - [2025-03-26T12:55:32.474+0000] {dag.py:3239} INFO - Sync 1 DAGs
[2025-03-26T12:55:32.500+0000] {logging_mixin.py:190} INFO - [2025-03-26T12:55:32.500+0000] {dag.py:4180} INFO - Setting next_dagrun for example_xcom to 2021-01-01 00:00:00+00:00, run_after=2021-01-01 00:00:00+00:00
[2025-03-26T12:55:32.528+0000] {processor.py:208} INFO - Processing /home/ubuntu/miniconda3/envs/mlflow/lib/python3.12/site-packages/airflow/example_dags/example_xcom.py took 0.094 seconds
[2025-03-26T12:56:36.033+0000] {processor.py:186} INFO - Started process (PID=100488) to work on /home/ubuntu/miniconda3/envs/mlflow/lib/python3.12/site-packages/airflow/example_dags/example_xcom.py
[2025-03-26T12:56:36.035+0000] {processor.py:914} INFO - Processing file /home/ubuntu/miniconda3/envs/mlflow/lib/python3.12/site-packages/airflow/example_dags/example_xcom.py for tasks to queue
[2025-03-26T12:56:36.037+0000] {logging_mixin.py:190} INFO - [2025-03-26T12:56:36.037+0000] {dagbag.py:588} INFO - Filling up the DagBag from /home/ubuntu/miniconda3/envs/mlflow/lib/python3.12/site-packages/airflow/example_dags/example_xcom.py
[2025-03-26T12:56:36.049+0000] {processor.py:925} INFO - DAG(s) 'example_xcom' retrieved from /home/ubuntu/miniconda3/envs/mlflow/lib/python3.12/site-packages/airflow/example_dags/example_xcom.py
[2025-03-26T12:56:36.067+0000] {logging_mixin.py:190} INFO - [2025-03-26T12:56:36.067+0000] {dag.py:3239} INFO - Sync 1 DAGs
[2025-03-26T12:56:36.095+0000] {logging_mixin.py:190} INFO - [2025-03-26T12:56:36.095+0000] {dag.py:4180} INFO - Setting next_dagrun for example_xcom to 2021-01-01 00:00:00+00:00, run_after=2021-01-01 00:00:00+00:00
[2025-03-26T12:56:36.132+0000] {processor.py:208} INFO - Processing /home/ubuntu/miniconda3/envs/mlflow/lib/python3.12/site-packages/airflow/example_dags/example_xcom.py took 0.104 seconds
[2025-03-26T12:57:43.821+0000] {processor.py:186} INFO - Started process (PID=100731) to work on /home/ubuntu/miniconda3/envs/mlflow/lib/python3.12/site-packages/airflow/example_dags/example_xcom.py
[2025-03-26T12:57:43.822+0000] {processor.py:914} INFO - Processing file /home/ubuntu/miniconda3/envs/mlflow/lib/python3.12/site-packages/airflow/example_dags/example_xcom.py for tasks to queue
[2025-03-26T12:57:43.824+0000] {logging_mixin.py:190} INFO - [2025-03-26T12:57:43.824+0000] {dagbag.py:588} INFO - Filling up the DagBag from /home/ubuntu/miniconda3/envs/mlflow/lib/python3.12/site-packages/airflow/example_dags/example_xcom.py
[2025-03-26T12:57:43.836+0000] {processor.py:925} INFO - DAG(s) 'example_xcom' retrieved from /home/ubuntu/miniconda3/envs/mlflow/lib/python3.12/site-packages/airflow/example_dags/example_xcom.py
[2025-03-26T12:57:43.854+0000] {logging_mixin.py:190} INFO - [2025-03-26T12:57:43.854+0000] {dag.py:3239} INFO - Sync 1 DAGs
[2025-03-26T12:57:43.879+0000] {logging_mixin.py:190} INFO - [2025-03-26T12:57:43.879+0000] {dag.py:4180} INFO - Setting next_dagrun for example_xcom to 2021-01-01 00:00:00+00:00, run_after=2021-01-01 00:00:00+00:00
[2025-03-26T12:57:43.910+0000] {processor.py:208} INFO - Processing /home/ubuntu/miniconda3/envs/mlflow/lib/python3.12/site-packages/airflow/example_dags/example_xcom.py took 0.096 seconds
[2025-03-26T12:58:47.323+0000] {processor.py:186} INFO - Started process (PID=100847) to work on /home/ubuntu/miniconda3/envs/mlflow/lib/python3.12/site-packages/airflow/example_dags/example_xcom.py
[2025-03-26T12:58:47.324+0000] {processor.py:914} INFO - Processing file /home/ubuntu/miniconda3/envs/mlflow/lib/python3.12/site-packages/airflow/example_dags/example_xcom.py for tasks to queue
[2025-03-26T12:58:47.327+0000] {logging_mixin.py:190} INFO - [2025-03-26T12:58:47.327+0000] {dagbag.py:588} INFO - Filling up the DagBag from /home/ubuntu/miniconda3/envs/mlflow/lib/python3.12/site-packages/airflow/example_dags/example_xcom.py
[2025-03-26T12:58:47.342+0000] {processor.py:925} INFO - DAG(s) 'example_xcom' retrieved from /home/ubuntu/miniconda3/envs/mlflow/lib/python3.12/site-packages/airflow/example_dags/example_xcom.py
[2025-03-26T12:58:47.370+0000] {logging_mixin.py:190} INFO - [2025-03-26T12:58:47.369+0000] {dag.py:3239} INFO - Sync 1 DAGs
[2025-03-26T12:58:47.398+0000] {logging_mixin.py:190} INFO - [2025-03-26T12:58:47.398+0000] {dag.py:4180} INFO - Setting next_dagrun for example_xcom to 2021-01-01 00:00:00+00:00, run_after=2021-01-01 00:00:00+00:00
[2025-03-26T12:58:47.428+0000] {processor.py:208} INFO - Processing /home/ubuntu/miniconda3/envs/mlflow/lib/python3.12/site-packages/airflow/example_dags/example_xcom.py took 0.114 seconds
[2025-03-26T12:59:50.787+0000] {processor.py:186} INFO - Started process (PID=101044) to work on /home/ubuntu/miniconda3/envs/mlflow/lib/python3.12/site-packages/airflow/example_dags/example_xcom.py
[2025-03-26T12:59:50.788+0000] {processor.py:914} INFO - Processing file /home/ubuntu/miniconda3/envs/mlflow/lib/python3.12/site-packages/airflow/example_dags/example_xcom.py for tasks to queue
[2025-03-26T12:59:50.790+0000] {logging_mixin.py:190} INFO - [2025-03-26T12:59:50.790+0000] {dagbag.py:588} INFO - Filling up the DagBag from /home/ubuntu/miniconda3/envs/mlflow/lib/python3.12/site-packages/airflow/example_dags/example_xcom.py
[2025-03-26T12:59:50.802+0000] {processor.py:925} INFO - DAG(s) 'example_xcom' retrieved from /home/ubuntu/miniconda3/envs/mlflow/lib/python3.12/site-packages/airflow/example_dags/example_xcom.py
[2025-03-26T12:59:50.821+0000] {logging_mixin.py:190} INFO - [2025-03-26T12:59:50.821+0000] {dag.py:3239} INFO - Sync 1 DAGs
[2025-03-26T12:59:50.845+0000] {logging_mixin.py:190} INFO - [2025-03-26T12:59:50.845+0000] {dag.py:4180} INFO - Setting next_dagrun for example_xcom to 2021-01-01 00:00:00+00:00, run_after=2021-01-01 00:00:00+00:00
[2025-03-26T12:59:50.870+0000] {processor.py:208} INFO - Processing /home/ubuntu/miniconda3/envs/mlflow/lib/python3.12/site-packages/airflow/example_dags/example_xcom.py took 0.090 seconds
[2025-03-26T13:00:52.990+0000] {processor.py:186} INFO - Started process (PID=101137) to work on /home/ubuntu/miniconda3/envs/mlflow/lib/python3.12/site-packages/airflow/example_dags/example_xcom.py
[2025-03-26T13:00:52.992+0000] {processor.py:914} INFO - Processing file /home/ubuntu/miniconda3/envs/mlflow/lib/python3.12/site-packages/airflow/example_dags/example_xcom.py for tasks to queue
[2025-03-26T13:00:52.994+0000] {logging_mixin.py:190} INFO - [2025-03-26T13:00:52.994+0000] {dagbag.py:588} INFO - Filling up the DagBag from /home/ubuntu/miniconda3/envs/mlflow/lib/python3.12/site-packages/airflow/example_dags/example_xcom.py
[2025-03-26T13:00:53.005+0000] {processor.py:925} INFO - DAG(s) 'example_xcom' retrieved from /home/ubuntu/miniconda3/envs/mlflow/lib/python3.12/site-packages/airflow/example_dags/example_xcom.py
[2025-03-26T13:00:53.025+0000] {logging_mixin.py:190} INFO - [2025-03-26T13:00:53.024+0000] {dag.py:3239} INFO - Sync 1 DAGs
[2025-03-26T13:00:53.050+0000] {logging_mixin.py:190} INFO - [2025-03-26T13:00:53.049+0000] {dag.py:4180} INFO - Setting next_dagrun for example_xcom to 2021-01-01 00:00:00+00:00, run_after=2021-01-01 00:00:00+00:00
[2025-03-26T13:00:53.078+0000] {processor.py:208} INFO - Processing /home/ubuntu/miniconda3/envs/mlflow/lib/python3.12/site-packages/airflow/example_dags/example_xcom.py took 0.094 seconds
[2025-03-26T13:01:56.721+0000] {processor.py:186} INFO - Started process (PID=101200) to work on /home/ubuntu/miniconda3/envs/mlflow/lib/python3.12/site-packages/airflow/example_dags/example_xcom.py
[2025-03-26T13:01:56.722+0000] {processor.py:914} INFO - Processing file /home/ubuntu/miniconda3/envs/mlflow/lib/python3.12/site-packages/airflow/example_dags/example_xcom.py for tasks to queue
[2025-03-26T13:01:56.724+0000] {logging_mixin.py:190} INFO - [2025-03-26T13:01:56.724+0000] {dagbag.py:588} INFO - Filling up the DagBag from /home/ubuntu/miniconda3/envs/mlflow/lib/python3.12/site-packages/airflow/example_dags/example_xcom.py
[2025-03-26T13:01:56.735+0000] {processor.py:925} INFO - DAG(s) 'example_xcom' retrieved from /home/ubuntu/miniconda3/envs/mlflow/lib/python3.12/site-packages/airflow/example_dags/example_xcom.py
[2025-03-26T13:01:56.753+0000] {logging_mixin.py:190} INFO - [2025-03-26T13:01:56.752+0000] {dag.py:3239} INFO - Sync 1 DAGs
[2025-03-26T13:01:56.777+0000] {logging_mixin.py:190} INFO - [2025-03-26T13:01:56.777+0000] {dag.py:4180} INFO - Setting next_dagrun for example_xcom to 2021-01-01 00:00:00+00:00, run_after=2021-01-01 00:00:00+00:00
[2025-03-26T13:01:56.816+0000] {processor.py:208} INFO - Processing /home/ubuntu/miniconda3/envs/mlflow/lib/python3.12/site-packages/airflow/example_dags/example_xcom.py took 0.101 seconds
