[2025-03-26T12:54:37.284+0000] {processor.py:186} INFO - Started process (PID=100162) to work on /home/ubuntu/miniconda3/envs/mlflow/lib/python3.12/site-packages/airflow/example_dags/example_short_circuit_operator.py
[2025-03-26T12:54:37.285+0000] {processor.py:914} INFO - Processing file /home/ubuntu/miniconda3/envs/mlflow/lib/python3.12/site-packages/airflow/example_dags/example_short_circuit_operator.py for tasks to queue
[2025-03-26T12:54:37.288+0000] {logging_mixin.py:190} INFO - [2025-03-26T12:54:37.288+0000] {dagbag.py:588} INFO - Filling up the DagBag from /home/ubuntu/miniconda3/envs/mlflow/lib/python3.12/site-packages/airflow/example_dags/example_short_circuit_operator.py
[2025-03-26T12:54:37.299+0000] {processor.py:925} INFO - DAG(s) 'example_short_circuit_operator' retrieved from /home/ubuntu/miniconda3/envs/mlflow/lib/python3.12/site-packages/airflow/example_dags/example_short_circuit_operator.py
[2025-03-26T12:54:37.467+0000] {logging_mixin.py:190} INFO - [2025-03-26T12:54:37.466+0000] {override.py:1930} INFO - Created Permission View: can read on DAG:example_short_circuit_operator
[2025-03-26T12:54:37.486+0000] {logging_mixin.py:190} INFO - [2025-03-26T12:54:37.485+0000] {override.py:1930} INFO - Created Permission View: can edit on DAG:example_short_circuit_operator
[2025-03-26T12:54:37.514+0000] {logging_mixin.py:190} INFO - [2025-03-26T12:54:37.513+0000] {override.py:1930} INFO - Created Permission View: can delete on DAG:example_short_circuit_operator
[2025-03-26T12:54:37.539+0000] {logging_mixin.py:190} INFO - [2025-03-26T12:54:37.539+0000] {override.py:1930} INFO - Created Permission View: can read on DAG Run:example_short_circuit_operator
[2025-03-26T12:54:37.552+0000] {logging_mixin.py:190} INFO - [2025-03-26T12:54:37.551+0000] {override.py:1930} INFO - Created Permission View: menu access on DAG Run:example_short_circuit_operator
[2025-03-26T12:54:37.563+0000] {logging_mixin.py:190} INFO - [2025-03-26T12:54:37.563+0000] {override.py:1930} INFO - Created Permission View: can create on DAG Run:example_short_circuit_operator
[2025-03-26T12:54:37.577+0000] {logging_mixin.py:190} INFO - [2025-03-26T12:54:37.576+0000] {override.py:1930} INFO - Created Permission View: can delete on DAG Run:example_short_circuit_operator
[2025-03-26T12:54:37.578+0000] {logging_mixin.py:190} INFO - [2025-03-26T12:54:37.578+0000] {dag.py:3239} INFO - Sync 1 DAGs
[2025-03-26T12:54:37.618+0000] {logging_mixin.py:190} INFO - [2025-03-26T12:54:37.617+0000] {dag.py:3262} INFO - Creating ORM DAG for example_short_circuit_operator
[2025-03-26T12:54:37.620+0000] {logging_mixin.py:190} INFO - [2025-03-26T12:54:37.619+0000] {dag.py:4180} INFO - Setting next_dagrun for example_short_circuit_operator to None, run_after=None
[2025-03-26T12:54:37.660+0000] {processor.py:208} INFO - Processing /home/ubuntu/miniconda3/envs/mlflow/lib/python3.12/site-packages/airflow/example_dags/example_short_circuit_operator.py took 0.383 seconds
[2025-03-26T12:55:47.658+0000] {processor.py:186} INFO - Started process (PID=100359) to work on /home/ubuntu/miniconda3/envs/mlflow/lib/python3.12/site-packages/airflow/example_dags/example_short_circuit_operator.py
[2025-03-26T12:55:47.660+0000] {processor.py:914} INFO - Processing file /home/ubuntu/miniconda3/envs/mlflow/lib/python3.12/site-packages/airflow/example_dags/example_short_circuit_operator.py for tasks to queue
[2025-03-26T12:55:47.665+0000] {logging_mixin.py:190} INFO - [2025-03-26T12:55:47.665+0000] {dagbag.py:588} INFO - Filling up the DagBag from /home/ubuntu/miniconda3/envs/mlflow/lib/python3.12/site-packages/airflow/example_dags/example_short_circuit_operator.py
[2025-03-26T12:55:47.680+0000] {processor.py:925} INFO - DAG(s) 'example_short_circuit_operator' retrieved from /home/ubuntu/miniconda3/envs/mlflow/lib/python3.12/site-packages/airflow/example_dags/example_short_circuit_operator.py
[2025-03-26T12:55:47.711+0000] {logging_mixin.py:190} INFO - [2025-03-26T12:55:47.710+0000] {dag.py:3239} INFO - Sync 1 DAGs
[2025-03-26T12:55:47.727+0000] {logging_mixin.py:190} INFO - [2025-03-26T12:55:47.727+0000] {dag.py:4180} INFO - Setting next_dagrun for example_short_circuit_operator to None, run_after=None
[2025-03-26T12:55:47.770+0000] {processor.py:208} INFO - Processing /home/ubuntu/miniconda3/envs/mlflow/lib/python3.12/site-packages/airflow/example_dags/example_short_circuit_operator.py took 0.132 seconds
[2025-03-26T12:56:51.645+0000] {processor.py:186} INFO - Started process (PID=100578) to work on /home/ubuntu/miniconda3/envs/mlflow/lib/python3.12/site-packages/airflow/example_dags/example_short_circuit_operator.py
[2025-03-26T12:56:51.647+0000] {processor.py:914} INFO - Processing file /home/ubuntu/miniconda3/envs/mlflow/lib/python3.12/site-packages/airflow/example_dags/example_short_circuit_operator.py for tasks to queue
[2025-03-26T12:56:51.651+0000] {logging_mixin.py:190} INFO - [2025-03-26T12:56:51.650+0000] {dagbag.py:588} INFO - Filling up the DagBag from /home/ubuntu/miniconda3/envs/mlflow/lib/python3.12/site-packages/airflow/example_dags/example_short_circuit_operator.py
[2025-03-26T12:56:51.664+0000] {processor.py:925} INFO - DAG(s) 'example_short_circuit_operator' retrieved from /home/ubuntu/miniconda3/envs/mlflow/lib/python3.12/site-packages/airflow/example_dags/example_short_circuit_operator.py
[2025-03-26T12:56:51.688+0000] {logging_mixin.py:190} INFO - [2025-03-26T12:56:51.688+0000] {dag.py:3239} INFO - Sync 1 DAGs
[2025-03-26T12:56:51.705+0000] {logging_mixin.py:190} INFO - [2025-03-26T12:56:51.705+0000] {dag.py:4180} INFO - Setting next_dagrun for example_short_circuit_operator to None, run_after=None
[2025-03-26T12:56:51.736+0000] {processor.py:208} INFO - Processing /home/ubuntu/miniconda3/envs/mlflow/lib/python3.12/site-packages/airflow/example_dags/example_short_circuit_operator.py took 0.101 seconds
[2025-03-26T12:57:59.134+0000] {processor.py:186} INFO - Started process (PID=100758) to work on /home/ubuntu/miniconda3/envs/mlflow/lib/python3.12/site-packages/airflow/example_dags/example_short_circuit_operator.py
[2025-03-26T12:57:59.135+0000] {processor.py:914} INFO - Processing file /home/ubuntu/miniconda3/envs/mlflow/lib/python3.12/site-packages/airflow/example_dags/example_short_circuit_operator.py for tasks to queue
[2025-03-26T12:57:59.138+0000] {logging_mixin.py:190} INFO - [2025-03-26T12:57:59.137+0000] {dagbag.py:588} INFO - Filling up the DagBag from /home/ubuntu/miniconda3/envs/mlflow/lib/python3.12/site-packages/airflow/example_dags/example_short_circuit_operator.py
[2025-03-26T12:57:59.148+0000] {processor.py:925} INFO - DAG(s) 'example_short_circuit_operator' retrieved from /home/ubuntu/miniconda3/envs/mlflow/lib/python3.12/site-packages/airflow/example_dags/example_short_circuit_operator.py
[2025-03-26T12:57:59.170+0000] {logging_mixin.py:190} INFO - [2025-03-26T12:57:59.169+0000] {dag.py:3239} INFO - Sync 1 DAGs
[2025-03-26T12:57:59.187+0000] {logging_mixin.py:190} INFO - [2025-03-26T12:57:59.187+0000] {dag.py:4180} INFO - Setting next_dagrun for example_short_circuit_operator to None, run_after=None
[2025-03-26T12:57:59.235+0000] {processor.py:208} INFO - Processing /home/ubuntu/miniconda3/envs/mlflow/lib/python3.12/site-packages/airflow/example_dags/example_short_circuit_operator.py took 0.107 seconds
[2025-03-26T12:59:01.557+0000] {processor.py:186} INFO - Started process (PID=100878) to work on /home/ubuntu/miniconda3/envs/mlflow/lib/python3.12/site-packages/airflow/example_dags/example_short_circuit_operator.py
[2025-03-26T12:59:01.558+0000] {processor.py:914} INFO - Processing file /home/ubuntu/miniconda3/envs/mlflow/lib/python3.12/site-packages/airflow/example_dags/example_short_circuit_operator.py for tasks to queue
[2025-03-26T12:59:01.561+0000] {logging_mixin.py:190} INFO - [2025-03-26T12:59:01.560+0000] {dagbag.py:588} INFO - Filling up the DagBag from /home/ubuntu/miniconda3/envs/mlflow/lib/python3.12/site-packages/airflow/example_dags/example_short_circuit_operator.py
[2025-03-26T12:59:01.575+0000] {processor.py:925} INFO - DAG(s) 'example_short_circuit_operator' retrieved from /home/ubuntu/miniconda3/envs/mlflow/lib/python3.12/site-packages/airflow/example_dags/example_short_circuit_operator.py
[2025-03-26T12:59:01.597+0000] {logging_mixin.py:190} INFO - [2025-03-26T12:59:01.597+0000] {dag.py:3239} INFO - Sync 1 DAGs
[2025-03-26T12:59:01.613+0000] {logging_mixin.py:190} INFO - [2025-03-26T12:59:01.612+0000] {dag.py:4180} INFO - Setting next_dagrun for example_short_circuit_operator to None, run_after=None
[2025-03-26T12:59:01.646+0000] {processor.py:208} INFO - Processing /home/ubuntu/miniconda3/envs/mlflow/lib/python3.12/site-packages/airflow/example_dags/example_short_circuit_operator.py took 0.096 seconds
[2025-03-26T13:00:05.239+0000] {processor.py:186} INFO - Started process (PID=101070) to work on /home/ubuntu/miniconda3/envs/mlflow/lib/python3.12/site-packages/airflow/example_dags/example_short_circuit_operator.py
[2025-03-26T13:00:05.241+0000] {processor.py:914} INFO - Processing file /home/ubuntu/miniconda3/envs/mlflow/lib/python3.12/site-packages/airflow/example_dags/example_short_circuit_operator.py for tasks to queue
[2025-03-26T13:00:05.244+0000] {logging_mixin.py:190} INFO - [2025-03-26T13:00:05.244+0000] {dagbag.py:588} INFO - Filling up the DagBag from /home/ubuntu/miniconda3/envs/mlflow/lib/python3.12/site-packages/airflow/example_dags/example_short_circuit_operator.py
[2025-03-26T13:00:05.254+0000] {processor.py:925} INFO - DAG(s) 'example_short_circuit_operator' retrieved from /home/ubuntu/miniconda3/envs/mlflow/lib/python3.12/site-packages/airflow/example_dags/example_short_circuit_operator.py
[2025-03-26T13:00:05.276+0000] {logging_mixin.py:190} INFO - [2025-03-26T13:00:05.276+0000] {dag.py:3239} INFO - Sync 1 DAGs
[2025-03-26T13:00:05.291+0000] {logging_mixin.py:190} INFO - [2025-03-26T13:00:05.290+0000] {dag.py:4180} INFO - Setting next_dagrun for example_short_circuit_operator to None, run_after=None
[2025-03-26T13:00:05.317+0000] {processor.py:208} INFO - Processing /home/ubuntu/miniconda3/envs/mlflow/lib/python3.12/site-packages/airflow/example_dags/example_short_circuit_operator.py took 0.085 seconds
[2025-03-26T13:01:06.988+0000] {processor.py:186} INFO - Started process (PID=101151) to work on /home/ubuntu/miniconda3/envs/mlflow/lib/python3.12/site-packages/airflow/example_dags/example_short_circuit_operator.py
[2025-03-26T13:01:06.992+0000] {processor.py:914} INFO - Processing file /home/ubuntu/miniconda3/envs/mlflow/lib/python3.12/site-packages/airflow/example_dags/example_short_circuit_operator.py for tasks to queue
[2025-03-26T13:01:06.996+0000] {logging_mixin.py:190} INFO - [2025-03-26T13:01:06.994+0000] {dagbag.py:588} INFO - Filling up the DagBag from /home/ubuntu/miniconda3/envs/mlflow/lib/python3.12/site-packages/airflow/example_dags/example_short_circuit_operator.py
[2025-03-26T13:01:07.006+0000] {processor.py:925} INFO - DAG(s) 'example_short_circuit_operator' retrieved from /home/ubuntu/miniconda3/envs/mlflow/lib/python3.12/site-packages/airflow/example_dags/example_short_circuit_operator.py
[2025-03-26T13:01:07.028+0000] {logging_mixin.py:190} INFO - [2025-03-26T13:01:07.027+0000] {dag.py:3239} INFO - Sync 1 DAGs
[2025-03-26T13:01:07.044+0000] {logging_mixin.py:190} INFO - [2025-03-26T13:01:07.043+0000] {dag.py:4180} INFO - Setting next_dagrun for example_short_circuit_operator to None, run_after=None
[2025-03-26T13:01:07.078+0000] {processor.py:208} INFO - Processing /home/ubuntu/miniconda3/envs/mlflow/lib/python3.12/site-packages/airflow/example_dags/example_short_circuit_operator.py took 0.097 seconds
