[2025-03-26T12:54:43.092+0000] {processor.py:186} INFO - Started process (PID=100183) to work on /home/ubuntu/miniconda3/envs/mlflow/lib/python3.12/site-packages/airflow/example_dags/example_trigger_target_dag.py
[2025-03-26T12:54:43.093+0000] {processor.py:914} INFO - Processing file /home/ubuntu/miniconda3/envs/mlflow/lib/python3.12/site-packages/airflow/example_dags/example_trigger_target_dag.py for tasks to queue
[2025-03-26T12:54:43.095+0000] {logging_mixin.py:190} INFO - [2025-03-26T12:54:43.094+0000] {dagbag.py:588} INFO - Filling up the DagBag from /home/ubuntu/miniconda3/envs/mlflow/lib/python3.12/site-packages/airflow/example_dags/example_trigger_target_dag.py
[2025-03-26T12:54:43.104+0000] {processor.py:925} INFO - DAG(s) 'example_trigger_target_dag' retrieved from /home/ubuntu/miniconda3/envs/mlflow/lib/python3.12/site-packages/airflow/example_dags/example_trigger_target_dag.py
[2025-03-26T12:54:43.231+0000] {logging_mixin.py:190} INFO - [2025-03-26T12:54:43.230+0000] {override.py:1930} INFO - Created Permission View: can read on DAG:example_trigger_target_dag
[2025-03-26T12:54:43.247+0000] {logging_mixin.py:190} INFO - [2025-03-26T12:54:43.246+0000] {override.py:1930} INFO - Created Permission View: can edit on DAG:example_trigger_target_dag
[2025-03-26T12:54:43.259+0000] {logging_mixin.py:190} INFO - [2025-03-26T12:54:43.258+0000] {override.py:1930} INFO - Created Permission View: can delete on DAG:example_trigger_target_dag
[2025-03-26T12:54:43.278+0000] {logging_mixin.py:190} INFO - [2025-03-26T12:54:43.278+0000] {override.py:1930} INFO - Created Permission View: can read on DAG Run:example_trigger_target_dag
[2025-03-26T12:54:43.291+0000] {logging_mixin.py:190} INFO - [2025-03-26T12:54:43.291+0000] {override.py:1930} INFO - Created Permission View: menu access on DAG Run:example_trigger_target_dag
[2025-03-26T12:54:43.304+0000] {logging_mixin.py:190} INFO - [2025-03-26T12:54:43.304+0000] {override.py:1930} INFO - Created Permission View: can create on DAG Run:example_trigger_target_dag
[2025-03-26T12:54:43.317+0000] {logging_mixin.py:190} INFO - [2025-03-26T12:54:43.317+0000] {override.py:1930} INFO - Created Permission View: can delete on DAG Run:example_trigger_target_dag
[2025-03-26T12:54:43.317+0000] {logging_mixin.py:190} INFO - [2025-03-26T12:54:43.317+0000] {dag.py:3239} INFO - Sync 1 DAGs
[2025-03-26T12:54:43.333+0000] {logging_mixin.py:190} INFO - [2025-03-26T12:54:43.333+0000] {dag.py:3262} INFO - Creating ORM DAG for example_trigger_target_dag
[2025-03-26T12:54:43.334+0000] {logging_mixin.py:190} INFO - [2025-03-26T12:54:43.333+0000] {dag.py:4180} INFO - Setting next_dagrun for example_trigger_target_dag to None, run_after=None
[2025-03-26T12:54:43.360+0000] {processor.py:208} INFO - Processing /home/ubuntu/miniconda3/envs/mlflow/lib/python3.12/site-packages/airflow/example_dags/example_trigger_target_dag.py took 0.274 seconds
[2025-03-26T12:55:51.662+0000] {processor.py:186} INFO - Started process (PID=100366) to work on /home/ubuntu/miniconda3/envs/mlflow/lib/python3.12/site-packages/airflow/example_dags/example_trigger_target_dag.py
[2025-03-26T12:55:51.664+0000] {processor.py:914} INFO - Processing file /home/ubuntu/miniconda3/envs/mlflow/lib/python3.12/site-packages/airflow/example_dags/example_trigger_target_dag.py for tasks to queue
[2025-03-26T12:55:51.667+0000] {logging_mixin.py:190} INFO - [2025-03-26T12:55:51.667+0000] {dagbag.py:588} INFO - Filling up the DagBag from /home/ubuntu/miniconda3/envs/mlflow/lib/python3.12/site-packages/airflow/example_dags/example_trigger_target_dag.py
[2025-03-26T12:55:51.677+0000] {processor.py:925} INFO - DAG(s) 'example_trigger_target_dag' retrieved from /home/ubuntu/miniconda3/envs/mlflow/lib/python3.12/site-packages/airflow/example_dags/example_trigger_target_dag.py
[2025-03-26T12:55:51.697+0000] {logging_mixin.py:190} INFO - [2025-03-26T12:55:51.697+0000] {dag.py:3239} INFO - Sync 1 DAGs
[2025-03-26T12:55:51.713+0000] {logging_mixin.py:190} INFO - [2025-03-26T12:55:51.713+0000] {dag.py:4180} INFO - Setting next_dagrun for example_trigger_target_dag to None, run_after=None
[2025-03-26T12:55:51.745+0000] {processor.py:208} INFO - Processing /home/ubuntu/miniconda3/envs/mlflow/lib/python3.12/site-packages/airflow/example_dags/example_trigger_target_dag.py took 0.090 seconds
[2025-03-26T12:56:56.504+0000] {processor.py:186} INFO - Started process (PID=100586) to work on /home/ubuntu/miniconda3/envs/mlflow/lib/python3.12/site-packages/airflow/example_dags/example_trigger_target_dag.py
[2025-03-26T12:56:56.505+0000] {processor.py:914} INFO - Processing file /home/ubuntu/miniconda3/envs/mlflow/lib/python3.12/site-packages/airflow/example_dags/example_trigger_target_dag.py for tasks to queue
[2025-03-26T12:56:56.508+0000] {logging_mixin.py:190} INFO - [2025-03-26T12:56:56.507+0000] {dagbag.py:588} INFO - Filling up the DagBag from /home/ubuntu/miniconda3/envs/mlflow/lib/python3.12/site-packages/airflow/example_dags/example_trigger_target_dag.py
[2025-03-26T12:56:56.517+0000] {processor.py:925} INFO - DAG(s) 'example_trigger_target_dag' retrieved from /home/ubuntu/miniconda3/envs/mlflow/lib/python3.12/site-packages/airflow/example_dags/example_trigger_target_dag.py
[2025-03-26T12:56:56.533+0000] {logging_mixin.py:190} INFO - [2025-03-26T12:56:56.533+0000] {dag.py:3239} INFO - Sync 1 DAGs
[2025-03-26T12:56:56.549+0000] {logging_mixin.py:190} INFO - [2025-03-26T12:56:56.549+0000] {dag.py:4180} INFO - Setting next_dagrun for example_trigger_target_dag to None, run_after=None
[2025-03-26T12:56:56.578+0000] {processor.py:208} INFO - Processing /home/ubuntu/miniconda3/envs/mlflow/lib/python3.12/site-packages/airflow/example_dags/example_trigger_target_dag.py took 0.081 seconds
[2025-03-26T12:58:03.713+0000] {processor.py:186} INFO - Started process (PID=100766) to work on /home/ubuntu/miniconda3/envs/mlflow/lib/python3.12/site-packages/airflow/example_dags/example_trigger_target_dag.py
[2025-03-26T12:58:03.714+0000] {processor.py:914} INFO - Processing file /home/ubuntu/miniconda3/envs/mlflow/lib/python3.12/site-packages/airflow/example_dags/example_trigger_target_dag.py for tasks to queue
[2025-03-26T12:58:03.716+0000] {logging_mixin.py:190} INFO - [2025-03-26T12:58:03.716+0000] {dagbag.py:588} INFO - Filling up the DagBag from /home/ubuntu/miniconda3/envs/mlflow/lib/python3.12/site-packages/airflow/example_dags/example_trigger_target_dag.py
[2025-03-26T12:58:03.726+0000] {processor.py:925} INFO - DAG(s) 'example_trigger_target_dag' retrieved from /home/ubuntu/miniconda3/envs/mlflow/lib/python3.12/site-packages/airflow/example_dags/example_trigger_target_dag.py
[2025-03-26T12:58:03.742+0000] {logging_mixin.py:190} INFO - [2025-03-26T12:58:03.742+0000] {dag.py:3239} INFO - Sync 1 DAGs
[2025-03-26T12:58:03.757+0000] {logging_mixin.py:190} INFO - [2025-03-26T12:58:03.757+0000] {dag.py:4180} INFO - Setting next_dagrun for example_trigger_target_dag to None, run_after=None
[2025-03-26T12:58:03.788+0000] {processor.py:208} INFO - Processing /home/ubuntu/miniconda3/envs/mlflow/lib/python3.12/site-packages/airflow/example_dags/example_trigger_target_dag.py took 0.081 seconds
[2025-03-26T12:59:06.291+0000] {processor.py:186} INFO - Started process (PID=100889) to work on /home/ubuntu/miniconda3/envs/mlflow/lib/python3.12/site-packages/airflow/example_dags/example_trigger_target_dag.py
[2025-03-26T12:59:06.292+0000] {processor.py:914} INFO - Processing file /home/ubuntu/miniconda3/envs/mlflow/lib/python3.12/site-packages/airflow/example_dags/example_trigger_target_dag.py for tasks to queue
[2025-03-26T12:59:06.294+0000] {logging_mixin.py:190} INFO - [2025-03-26T12:59:06.294+0000] {dagbag.py:588} INFO - Filling up the DagBag from /home/ubuntu/miniconda3/envs/mlflow/lib/python3.12/site-packages/airflow/example_dags/example_trigger_target_dag.py
[2025-03-26T12:59:06.303+0000] {processor.py:925} INFO - DAG(s) 'example_trigger_target_dag' retrieved from /home/ubuntu/miniconda3/envs/mlflow/lib/python3.12/site-packages/airflow/example_dags/example_trigger_target_dag.py
[2025-03-26T12:59:06.319+0000] {logging_mixin.py:190} INFO - [2025-03-26T12:59:06.319+0000] {dag.py:3239} INFO - Sync 1 DAGs
[2025-03-26T12:59:06.340+0000] {logging_mixin.py:190} INFO - [2025-03-26T12:59:06.339+0000] {dag.py:4180} INFO - Setting next_dagrun for example_trigger_target_dag to None, run_after=None
[2025-03-26T12:59:06.376+0000] {processor.py:208} INFO - Processing /home/ubuntu/miniconda3/envs/mlflow/lib/python3.12/site-packages/airflow/example_dags/example_trigger_target_dag.py took 0.091 seconds
[2025-03-26T13:00:09.244+0000] {processor.py:186} INFO - Started process (PID=101078) to work on /home/ubuntu/miniconda3/envs/mlflow/lib/python3.12/site-packages/airflow/example_dags/example_trigger_target_dag.py
[2025-03-26T13:00:09.245+0000] {processor.py:914} INFO - Processing file /home/ubuntu/miniconda3/envs/mlflow/lib/python3.12/site-packages/airflow/example_dags/example_trigger_target_dag.py for tasks to queue
[2025-03-26T13:00:09.247+0000] {logging_mixin.py:190} INFO - [2025-03-26T13:00:09.247+0000] {dagbag.py:588} INFO - Filling up the DagBag from /home/ubuntu/miniconda3/envs/mlflow/lib/python3.12/site-packages/airflow/example_dags/example_trigger_target_dag.py
[2025-03-26T13:00:09.256+0000] {processor.py:925} INFO - DAG(s) 'example_trigger_target_dag' retrieved from /home/ubuntu/miniconda3/envs/mlflow/lib/python3.12/site-packages/airflow/example_dags/example_trigger_target_dag.py
[2025-03-26T13:00:09.278+0000] {logging_mixin.py:190} INFO - [2025-03-26T13:00:09.278+0000] {dag.py:3239} INFO - Sync 1 DAGs
[2025-03-26T13:00:09.302+0000] {logging_mixin.py:190} INFO - [2025-03-26T13:00:09.301+0000] {dag.py:4180} INFO - Setting next_dagrun for example_trigger_target_dag to None, run_after=None
[2025-03-26T13:00:09.334+0000] {processor.py:208} INFO - Processing /home/ubuntu/miniconda3/envs/mlflow/lib/python3.12/site-packages/airflow/example_dags/example_trigger_target_dag.py took 0.096 seconds
[2025-03-26T13:01:11.699+0000] {processor.py:186} INFO - Started process (PID=101155) to work on /home/ubuntu/miniconda3/envs/mlflow/lib/python3.12/site-packages/airflow/example_dags/example_trigger_target_dag.py
[2025-03-26T13:01:11.700+0000] {processor.py:914} INFO - Processing file /home/ubuntu/miniconda3/envs/mlflow/lib/python3.12/site-packages/airflow/example_dags/example_trigger_target_dag.py for tasks to queue
[2025-03-26T13:01:11.702+0000] {logging_mixin.py:190} INFO - [2025-03-26T13:01:11.702+0000] {dagbag.py:588} INFO - Filling up the DagBag from /home/ubuntu/miniconda3/envs/mlflow/lib/python3.12/site-packages/airflow/example_dags/example_trigger_target_dag.py
[2025-03-26T13:01:11.743+0000] {processor.py:925} INFO - DAG(s) 'example_trigger_target_dag' retrieved from /home/ubuntu/miniconda3/envs/mlflow/lib/python3.12/site-packages/airflow/example_dags/example_trigger_target_dag.py
[2025-03-26T13:01:11.759+0000] {logging_mixin.py:190} INFO - [2025-03-26T13:01:11.759+0000] {dag.py:3239} INFO - Sync 1 DAGs
[2025-03-26T13:01:11.775+0000] {logging_mixin.py:190} INFO - [2025-03-26T13:01:11.775+0000] {dag.py:4180} INFO - Setting next_dagrun for example_trigger_target_dag to None, run_after=None
[2025-03-26T13:01:11.803+0000] {processor.py:208} INFO - Processing /home/ubuntu/miniconda3/envs/mlflow/lib/python3.12/site-packages/airflow/example_dags/example_trigger_target_dag.py took 0.110 seconds
