[2025-03-26T12:55:16.969+0000] {processor.py:186} INFO - Started process (PID=100255) to work on /home/ubuntu/miniconda3/envs/mlflow/lib/python3.12/site-packages/airflow/example_dags/example_latest_only_with_trigger.py
[2025-03-26T12:55:16.970+0000] {processor.py:914} INFO - Processing file /home/ubuntu/miniconda3/envs/mlflow/lib/python3.12/site-packages/airflow/example_dags/example_latest_only_with_trigger.py for tasks to queue
[2025-03-26T12:55:16.972+0000] {logging_mixin.py:190} INFO - [2025-03-26T12:55:16.972+0000] {dagbag.py:588} INFO - Filling up the DagBag from /home/ubuntu/miniconda3/envs/mlflow/lib/python3.12/site-packages/airflow/example_dags/example_latest_only_with_trigger.py
[2025-03-26T12:55:16.982+0000] {processor.py:925} INFO - DAG(s) 'latest_only_with_trigger' retrieved from /home/ubuntu/miniconda3/envs/mlflow/lib/python3.12/site-packages/airflow/example_dags/example_latest_only_with_trigger.py
[2025-03-26T12:55:17.129+0000] {logging_mixin.py:190} INFO - [2025-03-26T12:55:17.128+0000] {override.py:1930} INFO - Created Permission View: can read on DAG:latest_only_with_trigger
[2025-03-26T12:55:17.148+0000] {logging_mixin.py:190} INFO - [2025-03-26T12:55:17.147+0000] {override.py:1930} INFO - Created Permission View: can edit on DAG:latest_only_with_trigger
[2025-03-26T12:55:17.169+0000] {logging_mixin.py:190} INFO - [2025-03-26T12:55:17.169+0000] {override.py:1930} INFO - Created Permission View: can delete on DAG:latest_only_with_trigger
[2025-03-26T12:55:17.193+0000] {logging_mixin.py:190} INFO - [2025-03-26T12:55:17.193+0000] {override.py:1930} INFO - Created Permission View: can read on DAG Run:latest_only_with_trigger
[2025-03-26T12:55:17.206+0000] {logging_mixin.py:190} INFO - [2025-03-26T12:55:17.206+0000] {override.py:1930} INFO - Created Permission View: menu access on DAG Run:latest_only_with_trigger
[2025-03-26T12:55:17.220+0000] {logging_mixin.py:190} INFO - [2025-03-26T12:55:17.220+0000] {override.py:1930} INFO - Created Permission View: can create on DAG Run:latest_only_with_trigger
[2025-03-26T12:55:17.236+0000] {logging_mixin.py:190} INFO - [2025-03-26T12:55:17.235+0000] {override.py:1930} INFO - Created Permission View: can delete on DAG Run:latest_only_with_trigger
[2025-03-26T12:55:17.236+0000] {logging_mixin.py:190} INFO - [2025-03-26T12:55:17.236+0000] {dag.py:3239} INFO - Sync 1 DAGs
[2025-03-26T12:55:17.252+0000] {logging_mixin.py:190} INFO - [2025-03-26T12:55:17.252+0000] {dag.py:3262} INFO - Creating ORM DAG for latest_only_with_trigger
[2025-03-26T12:55:17.263+0000] {logging_mixin.py:190} INFO - [2025-03-26T12:55:17.263+0000] {dag.py:4180} INFO - Setting next_dagrun for latest_only_with_trigger to 2025-03-26 08:00:00+00:00, run_after=2025-03-26 12:00:00+00:00
[2025-03-26T12:55:17.296+0000] {processor.py:208} INFO - Processing /home/ubuntu/miniconda3/envs/mlflow/lib/python3.12/site-packages/airflow/example_dags/example_latest_only_with_trigger.py took 0.337 seconds
[2025-03-26T12:56:26.871+0000] {processor.py:186} INFO - Started process (PID=100475) to work on /home/ubuntu/miniconda3/envs/mlflow/lib/python3.12/site-packages/airflow/example_dags/example_latest_only_with_trigger.py
[2025-03-26T12:56:26.874+0000] {processor.py:914} INFO - Processing file /home/ubuntu/miniconda3/envs/mlflow/lib/python3.12/site-packages/airflow/example_dags/example_latest_only_with_trigger.py for tasks to queue
[2025-03-26T12:56:26.876+0000] {logging_mixin.py:190} INFO - [2025-03-26T12:56:26.875+0000] {dagbag.py:588} INFO - Filling up the DagBag from /home/ubuntu/miniconda3/envs/mlflow/lib/python3.12/site-packages/airflow/example_dags/example_latest_only_with_trigger.py
[2025-03-26T12:56:26.886+0000] {processor.py:925} INFO - DAG(s) 'latest_only_with_trigger' retrieved from /home/ubuntu/miniconda3/envs/mlflow/lib/python3.12/site-packages/airflow/example_dags/example_latest_only_with_trigger.py
[2025-03-26T12:56:26.904+0000] {logging_mixin.py:190} INFO - [2025-03-26T12:56:26.904+0000] {dag.py:3239} INFO - Sync 1 DAGs
[2025-03-26T12:56:26.930+0000] {logging_mixin.py:190} INFO - [2025-03-26T12:56:26.930+0000] {dag.py:4180} INFO - Setting next_dagrun for latest_only_with_trigger to 2025-03-26 08:00:00+00:00, run_after=2025-03-26 12:00:00+00:00
[2025-03-26T12:56:26.956+0000] {processor.py:208} INFO - Processing /home/ubuntu/miniconda3/envs/mlflow/lib/python3.12/site-packages/airflow/example_dags/example_latest_only_with_trigger.py took 0.094 seconds
[2025-03-26T12:57:33.458+0000] {processor.py:186} INFO - Started process (PID=100713) to work on /home/ubuntu/miniconda3/envs/mlflow/lib/python3.12/site-packages/airflow/example_dags/example_latest_only_with_trigger.py
[2025-03-26T12:57:33.462+0000] {processor.py:914} INFO - Processing file /home/ubuntu/miniconda3/envs/mlflow/lib/python3.12/site-packages/airflow/example_dags/example_latest_only_with_trigger.py for tasks to queue
[2025-03-26T12:57:33.465+0000] {logging_mixin.py:190} INFO - [2025-03-26T12:57:33.465+0000] {dagbag.py:588} INFO - Filling up the DagBag from /home/ubuntu/miniconda3/envs/mlflow/lib/python3.12/site-packages/airflow/example_dags/example_latest_only_with_trigger.py
[2025-03-26T12:57:33.477+0000] {processor.py:925} INFO - DAG(s) 'latest_only_with_trigger' retrieved from /home/ubuntu/miniconda3/envs/mlflow/lib/python3.12/site-packages/airflow/example_dags/example_latest_only_with_trigger.py
[2025-03-26T12:57:33.494+0000] {logging_mixin.py:190} INFO - [2025-03-26T12:57:33.494+0000] {dag.py:3239} INFO - Sync 1 DAGs
[2025-03-26T12:57:33.521+0000] {logging_mixin.py:190} INFO - [2025-03-26T12:57:33.521+0000] {dag.py:4180} INFO - Setting next_dagrun for latest_only_with_trigger to 2025-03-26 08:00:00+00:00, run_after=2025-03-26 12:00:00+00:00
[2025-03-26T12:57:33.553+0000] {processor.py:208} INFO - Processing /home/ubuntu/miniconda3/envs/mlflow/lib/python3.12/site-packages/airflow/example_dags/example_latest_only_with_trigger.py took 0.110 seconds
[2025-03-26T12:58:37.654+0000] {processor.py:186} INFO - Started process (PID=100829) to work on /home/ubuntu/miniconda3/envs/mlflow/lib/python3.12/site-packages/airflow/example_dags/example_latest_only_with_trigger.py
[2025-03-26T12:58:37.655+0000] {processor.py:914} INFO - Processing file /home/ubuntu/miniconda3/envs/mlflow/lib/python3.12/site-packages/airflow/example_dags/example_latest_only_with_trigger.py for tasks to queue
[2025-03-26T12:58:37.658+0000] {logging_mixin.py:190} INFO - [2025-03-26T12:58:37.658+0000] {dagbag.py:588} INFO - Filling up the DagBag from /home/ubuntu/miniconda3/envs/mlflow/lib/python3.12/site-packages/airflow/example_dags/example_latest_only_with_trigger.py
[2025-03-26T12:58:37.676+0000] {processor.py:925} INFO - DAG(s) 'latest_only_with_trigger' retrieved from /home/ubuntu/miniconda3/envs/mlflow/lib/python3.12/site-packages/airflow/example_dags/example_latest_only_with_trigger.py
[2025-03-26T12:58:37.693+0000] {logging_mixin.py:190} INFO - [2025-03-26T12:58:37.693+0000] {dag.py:3239} INFO - Sync 1 DAGs
[2025-03-26T12:58:37.717+0000] {logging_mixin.py:190} INFO - [2025-03-26T12:58:37.717+0000] {dag.py:4180} INFO - Setting next_dagrun for latest_only_with_trigger to 2025-03-26 08:00:00+00:00, run_after=2025-03-26 12:00:00+00:00
[2025-03-26T12:58:37.742+0000] {processor.py:208} INFO - Processing /home/ubuntu/miniconda3/envs/mlflow/lib/python3.12/site-packages/airflow/example_dags/example_latest_only_with_trigger.py took 0.094 seconds
[2025-03-26T12:59:41.395+0000] {processor.py:186} INFO - Started process (PID=101025) to work on /home/ubuntu/miniconda3/envs/mlflow/lib/python3.12/site-packages/airflow/example_dags/example_latest_only_with_trigger.py
[2025-03-26T12:59:41.397+0000] {processor.py:914} INFO - Processing file /home/ubuntu/miniconda3/envs/mlflow/lib/python3.12/site-packages/airflow/example_dags/example_latest_only_with_trigger.py for tasks to queue
[2025-03-26T12:59:41.399+0000] {logging_mixin.py:190} INFO - [2025-03-26T12:59:41.399+0000] {dagbag.py:588} INFO - Filling up the DagBag from /home/ubuntu/miniconda3/envs/mlflow/lib/python3.12/site-packages/airflow/example_dags/example_latest_only_with_trigger.py
[2025-03-26T12:59:41.413+0000] {processor.py:925} INFO - DAG(s) 'latest_only_with_trigger' retrieved from /home/ubuntu/miniconda3/envs/mlflow/lib/python3.12/site-packages/airflow/example_dags/example_latest_only_with_trigger.py
[2025-03-26T12:59:41.444+0000] {logging_mixin.py:190} INFO - [2025-03-26T12:59:41.443+0000] {dag.py:3239} INFO - Sync 1 DAGs
[2025-03-26T12:59:41.482+0000] {logging_mixin.py:190} INFO - [2025-03-26T12:59:41.482+0000] {dag.py:4180} INFO - Setting next_dagrun for latest_only_with_trigger to 2025-03-26 08:00:00+00:00, run_after=2025-03-26 12:00:00+00:00
[2025-03-26T12:59:41.534+0000] {processor.py:208} INFO - Processing /home/ubuntu/miniconda3/envs/mlflow/lib/python3.12/site-packages/airflow/example_dags/example_latest_only_with_trigger.py took 0.146 seconds
[2025-03-26T13:00:42.920+0000] {processor.py:186} INFO - Started process (PID=101126) to work on /home/ubuntu/miniconda3/envs/mlflow/lib/python3.12/site-packages/airflow/example_dags/example_latest_only_with_trigger.py
[2025-03-26T13:00:42.922+0000] {processor.py:914} INFO - Processing file /home/ubuntu/miniconda3/envs/mlflow/lib/python3.12/site-packages/airflow/example_dags/example_latest_only_with_trigger.py for tasks to queue
[2025-03-26T13:00:42.925+0000] {logging_mixin.py:190} INFO - [2025-03-26T13:00:42.924+0000] {dagbag.py:588} INFO - Filling up the DagBag from /home/ubuntu/miniconda3/envs/mlflow/lib/python3.12/site-packages/airflow/example_dags/example_latest_only_with_trigger.py
[2025-03-26T13:00:42.940+0000] {processor.py:925} INFO - DAG(s) 'latest_only_with_trigger' retrieved from /home/ubuntu/miniconda3/envs/mlflow/lib/python3.12/site-packages/airflow/example_dags/example_latest_only_with_trigger.py
[2025-03-26T13:00:42.966+0000] {logging_mixin.py:190} INFO - [2025-03-26T13:00:42.966+0000] {dag.py:3239} INFO - Sync 1 DAGs
[2025-03-26T13:00:42.993+0000] {logging_mixin.py:190} INFO - [2025-03-26T13:00:42.992+0000] {dag.py:4180} INFO - Setting next_dagrun for latest_only_with_trigger to 2025-03-26 08:00:00+00:00, run_after=2025-03-26 12:00:00+00:00
[2025-03-26T13:00:43.031+0000] {processor.py:208} INFO - Processing /home/ubuntu/miniconda3/envs/mlflow/lib/python3.12/site-packages/airflow/example_dags/example_latest_only_with_trigger.py took 0.118 seconds
[2025-03-26T13:01:47.954+0000] {processor.py:186} INFO - Started process (PID=101190) to work on /home/ubuntu/miniconda3/envs/mlflow/lib/python3.12/site-packages/airflow/example_dags/example_latest_only_with_trigger.py
[2025-03-26T13:01:47.955+0000] {processor.py:914} INFO - Processing file /home/ubuntu/miniconda3/envs/mlflow/lib/python3.12/site-packages/airflow/example_dags/example_latest_only_with_trigger.py for tasks to queue
[2025-03-26T13:01:47.958+0000] {logging_mixin.py:190} INFO - [2025-03-26T13:01:47.957+0000] {dagbag.py:588} INFO - Filling up the DagBag from /home/ubuntu/miniconda3/envs/mlflow/lib/python3.12/site-packages/airflow/example_dags/example_latest_only_with_trigger.py
[2025-03-26T13:01:47.966+0000] {processor.py:925} INFO - DAG(s) 'latest_only_with_trigger' retrieved from /home/ubuntu/miniconda3/envs/mlflow/lib/python3.12/site-packages/airflow/example_dags/example_latest_only_with_trigger.py
[2025-03-26T13:01:47.984+0000] {logging_mixin.py:190} INFO - [2025-03-26T13:01:47.984+0000] {dag.py:3239} INFO - Sync 1 DAGs
[2025-03-26T13:01:48.016+0000] {logging_mixin.py:190} INFO - [2025-03-26T13:01:48.015+0000] {dag.py:4180} INFO - Setting next_dagrun for latest_only_with_trigger to 2025-03-26 08:00:00+00:00, run_after=2025-03-26 12:00:00+00:00
[2025-03-26T13:01:48.058+0000] {processor.py:208} INFO - Processing /home/ubuntu/miniconda3/envs/mlflow/lib/python3.12/site-packages/airflow/example_dags/example_latest_only_with_trigger.py took 0.110 seconds
