[2025-03-26T12:54:49.313+0000] {processor.py:186} INFO - Started process (PID=100193) to work on /home/ubuntu/miniconda3/envs/mlflow/lib/python3.12/site-packages/airflow/example_dags/example_dataset_alias.py
[2025-03-26T12:54:49.313+0000] {processor.py:914} INFO - Processing file /home/ubuntu/miniconda3/envs/mlflow/lib/python3.12/site-packages/airflow/example_dags/example_dataset_alias.py for tasks to queue
[2025-03-26T12:54:49.316+0000] {logging_mixin.py:190} INFO - [2025-03-26T12:54:49.316+0000] {dagbag.py:588} INFO - Filling up the DagBag from /home/ubuntu/miniconda3/envs/mlflow/lib/python3.12/site-packages/airflow/example_dags/example_dataset_alias.py
[2025-03-26T12:54:49.338+0000] {processor.py:925} INFO - DAG(s) 'dataset_s3_bucket_consumer', 'dataset_alias_example_alias_producer', 'dataset_alias_example_alias_consumer', 'dataset_s3_bucket_producer' retrieved from /home/ubuntu/miniconda3/envs/mlflow/lib/python3.12/site-packages/airflow/example_dags/example_dataset_alias.py
[2025-03-26T12:54:49.473+0000] {logging_mixin.py:190} INFO - [2025-03-26T12:54:49.472+0000] {override.py:1930} INFO - Created Permission View: can read on DAG:dataset_s3_bucket_consumer
[2025-03-26T12:54:49.498+0000] {logging_mixin.py:190} INFO - [2025-03-26T12:54:49.497+0000] {override.py:1930} INFO - Created Permission View: can edit on DAG:dataset_s3_bucket_consumer
[2025-03-26T12:54:49.513+0000] {logging_mixin.py:190} INFO - [2025-03-26T12:54:49.512+0000] {override.py:1930} INFO - Created Permission View: can delete on DAG:dataset_s3_bucket_consumer
[2025-03-26T12:54:49.536+0000] {logging_mixin.py:190} INFO - [2025-03-26T12:54:49.535+0000] {override.py:1930} INFO - Created Permission View: can read on DAG Run:dataset_s3_bucket_consumer
[2025-03-26T12:54:49.549+0000] {logging_mixin.py:190} INFO - [2025-03-26T12:54:49.549+0000] {override.py:1930} INFO - Created Permission View: menu access on DAG Run:dataset_s3_bucket_consumer
[2025-03-26T12:54:49.564+0000] {logging_mixin.py:190} INFO - [2025-03-26T12:54:49.563+0000] {override.py:1930} INFO - Created Permission View: can create on DAG Run:dataset_s3_bucket_consumer
[2025-03-26T12:54:49.578+0000] {logging_mixin.py:190} INFO - [2025-03-26T12:54:49.578+0000] {override.py:1930} INFO - Created Permission View: can delete on DAG Run:dataset_s3_bucket_consumer
[2025-03-26T12:54:49.613+0000] {logging_mixin.py:190} INFO - [2025-03-26T12:54:49.613+0000] {override.py:1930} INFO - Created Permission View: can read on DAG:dataset_alias_example_alias_producer
[2025-03-26T12:54:49.628+0000] {logging_mixin.py:190} INFO - [2025-03-26T12:54:49.628+0000] {override.py:1930} INFO - Created Permission View: can edit on DAG:dataset_alias_example_alias_producer
[2025-03-26T12:54:49.642+0000] {logging_mixin.py:190} INFO - [2025-03-26T12:54:49.641+0000] {override.py:1930} INFO - Created Permission View: can delete on DAG:dataset_alias_example_alias_producer
[2025-03-26T12:54:49.668+0000] {logging_mixin.py:190} INFO - [2025-03-26T12:54:49.667+0000] {override.py:1930} INFO - Created Permission View: can read on DAG Run:dataset_alias_example_alias_producer
[2025-03-26T12:54:49.682+0000] {logging_mixin.py:190} INFO - [2025-03-26T12:54:49.682+0000] {override.py:1930} INFO - Created Permission View: menu access on DAG Run:dataset_alias_example_alias_producer
[2025-03-26T12:54:49.701+0000] {logging_mixin.py:190} INFO - [2025-03-26T12:54:49.701+0000] {override.py:1930} INFO - Created Permission View: can create on DAG Run:dataset_alias_example_alias_producer
[2025-03-26T12:54:49.723+0000] {logging_mixin.py:190} INFO - [2025-03-26T12:54:49.722+0000] {override.py:1930} INFO - Created Permission View: can delete on DAG Run:dataset_alias_example_alias_producer
[2025-03-26T12:54:49.759+0000] {logging_mixin.py:190} INFO - [2025-03-26T12:54:49.757+0000] {override.py:1930} INFO - Created Permission View: can read on DAG:dataset_alias_example_alias_consumer
[2025-03-26T12:54:49.773+0000] {logging_mixin.py:190} INFO - [2025-03-26T12:54:49.772+0000] {override.py:1930} INFO - Created Permission View: can edit on DAG:dataset_alias_example_alias_consumer
[2025-03-26T12:54:49.788+0000] {logging_mixin.py:190} INFO - [2025-03-26T12:54:49.786+0000] {override.py:1930} INFO - Created Permission View: can delete on DAG:dataset_alias_example_alias_consumer
[2025-03-26T12:54:49.813+0000] {logging_mixin.py:190} INFO - [2025-03-26T12:54:49.813+0000] {override.py:1930} INFO - Created Permission View: can read on DAG Run:dataset_alias_example_alias_consumer
[2025-03-26T12:54:49.829+0000] {logging_mixin.py:190} INFO - [2025-03-26T12:54:49.828+0000] {override.py:1930} INFO - Created Permission View: menu access on DAG Run:dataset_alias_example_alias_consumer
[2025-03-26T12:54:49.840+0000] {logging_mixin.py:190} INFO - [2025-03-26T12:54:49.840+0000] {override.py:1930} INFO - Created Permission View: can create on DAG Run:dataset_alias_example_alias_consumer
[2025-03-26T12:54:49.853+0000] {logging_mixin.py:190} INFO - [2025-03-26T12:54:49.853+0000] {override.py:1930} INFO - Created Permission View: can delete on DAG Run:dataset_alias_example_alias_consumer
[2025-03-26T12:54:49.881+0000] {logging_mixin.py:190} INFO - [2025-03-26T12:54:49.880+0000] {override.py:1930} INFO - Created Permission View: can read on DAG:dataset_s3_bucket_producer
[2025-03-26T12:54:49.896+0000] {logging_mixin.py:190} INFO - [2025-03-26T12:54:49.895+0000] {override.py:1930} INFO - Created Permission View: can edit on DAG:dataset_s3_bucket_producer
[2025-03-26T12:54:49.909+0000] {logging_mixin.py:190} INFO - [2025-03-26T12:54:49.908+0000] {override.py:1930} INFO - Created Permission View: can delete on DAG:dataset_s3_bucket_producer
[2025-03-26T12:54:49.928+0000] {logging_mixin.py:190} INFO - [2025-03-26T12:54:49.928+0000] {override.py:1930} INFO - Created Permission View: can read on DAG Run:dataset_s3_bucket_producer
[2025-03-26T12:54:49.941+0000] {logging_mixin.py:190} INFO - [2025-03-26T12:54:49.940+0000] {override.py:1930} INFO - Created Permission View: menu access on DAG Run:dataset_s3_bucket_producer
[2025-03-26T12:54:49.955+0000] {logging_mixin.py:190} INFO - [2025-03-26T12:54:49.954+0000] {override.py:1930} INFO - Created Permission View: can create on DAG Run:dataset_s3_bucket_producer
[2025-03-26T12:54:49.971+0000] {logging_mixin.py:190} INFO - [2025-03-26T12:54:49.970+0000] {override.py:1930} INFO - Created Permission View: can delete on DAG Run:dataset_s3_bucket_producer
[2025-03-26T12:54:49.972+0000] {logging_mixin.py:190} INFO - [2025-03-26T12:54:49.972+0000] {dag.py:3239} INFO - Sync 4 DAGs
[2025-03-26T12:54:49.992+0000] {logging_mixin.py:190} INFO - [2025-03-26T12:54:49.992+0000] {dag.py:3262} INFO - Creating ORM DAG for dataset_s3_bucket_consumer
[2025-03-26T12:54:49.993+0000] {logging_mixin.py:190} INFO - [2025-03-26T12:54:49.993+0000] {dag.py:3262} INFO - Creating ORM DAG for dataset_alias_example_alias_consumer
[2025-03-26T12:54:49.993+0000] {logging_mixin.py:190} INFO - [2025-03-26T12:54:49.993+0000] {dag.py:3262} INFO - Creating ORM DAG for dataset_s3_bucket_producer
[2025-03-26T12:54:49.994+0000] {logging_mixin.py:190} INFO - [2025-03-26T12:54:49.994+0000] {dag.py:3262} INFO - Creating ORM DAG for dataset_alias_example_alias_producer
[2025-03-26T12:54:50.003+0000] {logging_mixin.py:190} INFO - [2025-03-26T12:54:50.003+0000] {dag.py:4180} INFO - Setting next_dagrun for dataset_alias_example_alias_consumer to None, run_after=None
[2025-03-26T12:54:50.004+0000] {logging_mixin.py:190} INFO - [2025-03-26T12:54:50.004+0000] {dag.py:4180} INFO - Setting next_dagrun for dataset_alias_example_alias_producer to None, run_after=None
[2025-03-26T12:54:50.005+0000] {logging_mixin.py:190} INFO - [2025-03-26T12:54:50.005+0000] {dag.py:4180} INFO - Setting next_dagrun for dataset_s3_bucket_consumer to None, run_after=None
[2025-03-26T12:54:50.005+0000] {logging_mixin.py:190} INFO - [2025-03-26T12:54:50.005+0000] {dag.py:4180} INFO - Setting next_dagrun for dataset_s3_bucket_producer to None, run_after=None
[2025-03-26T12:54:50.043+0000] {processor.py:208} INFO - Processing /home/ubuntu/miniconda3/envs/mlflow/lib/python3.12/site-packages/airflow/example_dags/example_dataset_alias.py took 0.739 seconds
[2025-03-26T12:56:06.006+0000] {processor.py:186} INFO - Started process (PID=100422) to work on /home/ubuntu/miniconda3/envs/mlflow/lib/python3.12/site-packages/airflow/example_dags/example_dataset_alias.py
[2025-03-26T12:56:06.008+0000] {processor.py:914} INFO - Processing file /home/ubuntu/miniconda3/envs/mlflow/lib/python3.12/site-packages/airflow/example_dags/example_dataset_alias.py for tasks to queue
[2025-03-26T12:56:06.012+0000] {logging_mixin.py:190} INFO - [2025-03-26T12:56:06.011+0000] {dagbag.py:588} INFO - Filling up the DagBag from /home/ubuntu/miniconda3/envs/mlflow/lib/python3.12/site-packages/airflow/example_dags/example_dataset_alias.py
[2025-03-26T12:56:06.045+0000] {processor.py:925} INFO - DAG(s) 'dataset_s3_bucket_consumer', 'dataset_s3_bucket_producer', 'dataset_alias_example_alias_consumer', 'dataset_alias_example_alias_producer' retrieved from /home/ubuntu/miniconda3/envs/mlflow/lib/python3.12/site-packages/airflow/example_dags/example_dataset_alias.py
[2025-03-26T12:56:06.108+0000] {logging_mixin.py:190} INFO - [2025-03-26T12:56:06.106+0000] {dag.py:3239} INFO - Sync 4 DAGs
[2025-03-26T12:56:06.137+0000] {logging_mixin.py:190} INFO - [2025-03-26T12:56:06.135+0000] {dag.py:4180} INFO - Setting next_dagrun for dataset_alias_example_alias_consumer to None, run_after=None
[2025-03-26T12:56:06.142+0000] {logging_mixin.py:190} INFO - [2025-03-26T12:56:06.142+0000] {dag.py:4180} INFO - Setting next_dagrun for dataset_alias_example_alias_producer to None, run_after=None
[2025-03-26T12:56:06.145+0000] {logging_mixin.py:190} INFO - [2025-03-26T12:56:06.143+0000] {dag.py:4180} INFO - Setting next_dagrun for dataset_s3_bucket_consumer to None, run_after=None
[2025-03-26T12:56:06.150+0000] {logging_mixin.py:190} INFO - [2025-03-26T12:56:06.150+0000] {dag.py:4180} INFO - Setting next_dagrun for dataset_s3_bucket_producer to None, run_after=None
[2025-03-26T12:56:06.190+0000] {processor.py:208} INFO - Processing /home/ubuntu/miniconda3/envs/mlflow/lib/python3.12/site-packages/airflow/example_dags/example_dataset_alias.py took 0.216 seconds
[2025-03-26T12:57:12.318+0000] {processor.py:186} INFO - Started process (PID=100646) to work on /home/ubuntu/miniconda3/envs/mlflow/lib/python3.12/site-packages/airflow/example_dags/example_dataset_alias.py
[2025-03-26T12:57:12.319+0000] {processor.py:914} INFO - Processing file /home/ubuntu/miniconda3/envs/mlflow/lib/python3.12/site-packages/airflow/example_dags/example_dataset_alias.py for tasks to queue
[2025-03-26T12:57:12.322+0000] {logging_mixin.py:190} INFO - [2025-03-26T12:57:12.321+0000] {dagbag.py:588} INFO - Filling up the DagBag from /home/ubuntu/miniconda3/envs/mlflow/lib/python3.12/site-packages/airflow/example_dags/example_dataset_alias.py
[2025-03-26T12:57:12.351+0000] {processor.py:925} INFO - DAG(s) 'dataset_alias_example_alias_consumer', 'dataset_s3_bucket_consumer', 'dataset_alias_example_alias_producer', 'dataset_s3_bucket_producer' retrieved from /home/ubuntu/miniconda3/envs/mlflow/lib/python3.12/site-packages/airflow/example_dags/example_dataset_alias.py
[2025-03-26T12:57:12.376+0000] {logging_mixin.py:190} INFO - [2025-03-26T12:57:12.375+0000] {dag.py:3239} INFO - Sync 4 DAGs
[2025-03-26T12:57:12.401+0000] {logging_mixin.py:190} INFO - [2025-03-26T12:57:12.400+0000] {dag.py:4180} INFO - Setting next_dagrun for dataset_alias_example_alias_consumer to None, run_after=None
[2025-03-26T12:57:12.404+0000] {logging_mixin.py:190} INFO - [2025-03-26T12:57:12.403+0000] {dag.py:4180} INFO - Setting next_dagrun for dataset_alias_example_alias_producer to None, run_after=None
[2025-03-26T12:57:12.405+0000] {logging_mixin.py:190} INFO - [2025-03-26T12:57:12.405+0000] {dag.py:4180} INFO - Setting next_dagrun for dataset_s3_bucket_consumer to None, run_after=None
[2025-03-26T12:57:12.406+0000] {logging_mixin.py:190} INFO - [2025-03-26T12:57:12.406+0000] {dag.py:4180} INFO - Setting next_dagrun for dataset_s3_bucket_producer to None, run_after=None
[2025-03-26T12:57:12.436+0000] {processor.py:208} INFO - Processing /home/ubuntu/miniconda3/envs/mlflow/lib/python3.12/site-packages/airflow/example_dags/example_dataset_alias.py took 0.126 seconds
[2025-03-26T12:58:17.251+0000] {processor.py:186} INFO - Started process (PID=100792) to work on /home/ubuntu/miniconda3/envs/mlflow/lib/python3.12/site-packages/airflow/example_dags/example_dataset_alias.py
[2025-03-26T12:58:17.252+0000] {processor.py:914} INFO - Processing file /home/ubuntu/miniconda3/envs/mlflow/lib/python3.12/site-packages/airflow/example_dags/example_dataset_alias.py for tasks to queue
[2025-03-26T12:58:17.255+0000] {logging_mixin.py:190} INFO - [2025-03-26T12:58:17.254+0000] {dagbag.py:588} INFO - Filling up the DagBag from /home/ubuntu/miniconda3/envs/mlflow/lib/python3.12/site-packages/airflow/example_dags/example_dataset_alias.py
[2025-03-26T12:58:17.285+0000] {processor.py:925} INFO - DAG(s) 'dataset_alias_example_alias_producer', 'dataset_s3_bucket_consumer', 'dataset_alias_example_alias_consumer', 'dataset_s3_bucket_producer' retrieved from /home/ubuntu/miniconda3/envs/mlflow/lib/python3.12/site-packages/airflow/example_dags/example_dataset_alias.py
[2025-03-26T12:58:17.311+0000] {logging_mixin.py:190} INFO - [2025-03-26T12:58:17.311+0000] {dag.py:3239} INFO - Sync 4 DAGs
[2025-03-26T12:58:17.336+0000] {logging_mixin.py:190} INFO - [2025-03-26T12:58:17.336+0000] {dag.py:4180} INFO - Setting next_dagrun for dataset_alias_example_alias_consumer to None, run_after=None
[2025-03-26T12:58:17.341+0000] {logging_mixin.py:190} INFO - [2025-03-26T12:58:17.341+0000] {dag.py:4180} INFO - Setting next_dagrun for dataset_alias_example_alias_producer to None, run_after=None
[2025-03-26T12:58:17.343+0000] {logging_mixin.py:190} INFO - [2025-03-26T12:58:17.342+0000] {dag.py:4180} INFO - Setting next_dagrun for dataset_s3_bucket_consumer to None, run_after=None
[2025-03-26T12:58:17.344+0000] {logging_mixin.py:190} INFO - [2025-03-26T12:58:17.344+0000] {dag.py:4180} INFO - Setting next_dagrun for dataset_s3_bucket_producer to None, run_after=None
[2025-03-26T12:58:17.382+0000] {processor.py:208} INFO - Processing /home/ubuntu/miniconda3/envs/mlflow/lib/python3.12/site-packages/airflow/example_dags/example_dataset_alias.py took 0.138 seconds
[2025-03-26T12:59:19.642+0000] {processor.py:186} INFO - Started process (PID=100914) to work on /home/ubuntu/miniconda3/envs/mlflow/lib/python3.12/site-packages/airflow/example_dags/example_dataset_alias.py
[2025-03-26T12:59:19.644+0000] {processor.py:914} INFO - Processing file /home/ubuntu/miniconda3/envs/mlflow/lib/python3.12/site-packages/airflow/example_dags/example_dataset_alias.py for tasks to queue
[2025-03-26T12:59:19.647+0000] {logging_mixin.py:190} INFO - [2025-03-26T12:59:19.646+0000] {dagbag.py:588} INFO - Filling up the DagBag from /home/ubuntu/miniconda3/envs/mlflow/lib/python3.12/site-packages/airflow/example_dags/example_dataset_alias.py
[2025-03-26T12:59:19.673+0000] {processor.py:925} INFO - DAG(s) 'dataset_alias_example_alias_producer', 'dataset_s3_bucket_producer', 'dataset_s3_bucket_consumer', 'dataset_alias_example_alias_consumer' retrieved from /home/ubuntu/miniconda3/envs/mlflow/lib/python3.12/site-packages/airflow/example_dags/example_dataset_alias.py
[2025-03-26T12:59:19.698+0000] {logging_mixin.py:190} INFO - [2025-03-26T12:59:19.698+0000] {dag.py:3239} INFO - Sync 4 DAGs
[2025-03-26T12:59:19.728+0000] {logging_mixin.py:190} INFO - [2025-03-26T12:59:19.727+0000] {dag.py:4180} INFO - Setting next_dagrun for dataset_alias_example_alias_consumer to None, run_after=None
[2025-03-26T12:59:19.731+0000] {logging_mixin.py:190} INFO - [2025-03-26T12:59:19.731+0000] {dag.py:4180} INFO - Setting next_dagrun for dataset_alias_example_alias_producer to None, run_after=None
[2025-03-26T12:59:19.732+0000] {logging_mixin.py:190} INFO - [2025-03-26T12:59:19.732+0000] {dag.py:4180} INFO - Setting next_dagrun for dataset_s3_bucket_consumer to None, run_after=None
[2025-03-26T12:59:19.734+0000] {logging_mixin.py:190} INFO - [2025-03-26T12:59:19.733+0000] {dag.py:4180} INFO - Setting next_dagrun for dataset_s3_bucket_producer to None, run_after=None
[2025-03-26T12:59:19.768+0000] {processor.py:208} INFO - Processing /home/ubuntu/miniconda3/envs/mlflow/lib/python3.12/site-packages/airflow/example_dags/example_dataset_alias.py took 0.132 seconds
[2025-03-26T13:00:21.217+0000] {processor.py:186} INFO - Started process (PID=101098) to work on /home/ubuntu/miniconda3/envs/mlflow/lib/python3.12/site-packages/airflow/example_dags/example_dataset_alias.py
[2025-03-26T13:00:21.220+0000] {processor.py:914} INFO - Processing file /home/ubuntu/miniconda3/envs/mlflow/lib/python3.12/site-packages/airflow/example_dags/example_dataset_alias.py for tasks to queue
[2025-03-26T13:00:21.222+0000] {logging_mixin.py:190} INFO - [2025-03-26T13:00:21.221+0000] {dagbag.py:588} INFO - Filling up the DagBag from /home/ubuntu/miniconda3/envs/mlflow/lib/python3.12/site-packages/airflow/example_dags/example_dataset_alias.py
[2025-03-26T13:00:21.252+0000] {processor.py:925} INFO - DAG(s) 'dataset_alias_example_alias_consumer', 'dataset_alias_example_alias_producer', 'dataset_s3_bucket_consumer', 'dataset_s3_bucket_producer' retrieved from /home/ubuntu/miniconda3/envs/mlflow/lib/python3.12/site-packages/airflow/example_dags/example_dataset_alias.py
[2025-03-26T13:00:21.278+0000] {logging_mixin.py:190} INFO - [2025-03-26T13:00:21.277+0000] {dag.py:3239} INFO - Sync 4 DAGs
[2025-03-26T13:00:21.308+0000] {logging_mixin.py:190} INFO - [2025-03-26T13:00:21.308+0000] {dag.py:4180} INFO - Setting next_dagrun for dataset_alias_example_alias_consumer to None, run_after=None
[2025-03-26T13:00:21.311+0000] {logging_mixin.py:190} INFO - [2025-03-26T13:00:21.311+0000] {dag.py:4180} INFO - Setting next_dagrun for dataset_alias_example_alias_producer to None, run_after=None
[2025-03-26T13:00:21.313+0000] {logging_mixin.py:190} INFO - [2025-03-26T13:00:21.312+0000] {dag.py:4180} INFO - Setting next_dagrun for dataset_s3_bucket_consumer to None, run_after=None
[2025-03-26T13:00:21.316+0000] {logging_mixin.py:190} INFO - [2025-03-26T13:00:21.315+0000] {dag.py:4180} INFO - Setting next_dagrun for dataset_s3_bucket_producer to None, run_after=None
[2025-03-26T13:00:21.348+0000] {processor.py:208} INFO - Processing /home/ubuntu/miniconda3/envs/mlflow/lib/python3.12/site-packages/airflow/example_dags/example_dataset_alias.py took 0.138 seconds
[2025-03-26T13:01:27.026+0000] {processor.py:186} INFO - Started process (PID=101170) to work on /home/ubuntu/miniconda3/envs/mlflow/lib/python3.12/site-packages/airflow/example_dags/example_dataset_alias.py
[2025-03-26T13:01:27.027+0000] {processor.py:914} INFO - Processing file /home/ubuntu/miniconda3/envs/mlflow/lib/python3.12/site-packages/airflow/example_dags/example_dataset_alias.py for tasks to queue
[2025-03-26T13:01:27.030+0000] {logging_mixin.py:190} INFO - [2025-03-26T13:01:27.030+0000] {dagbag.py:588} INFO - Filling up the DagBag from /home/ubuntu/miniconda3/envs/mlflow/lib/python3.12/site-packages/airflow/example_dags/example_dataset_alias.py
[2025-03-26T13:01:27.068+0000] {processor.py:925} INFO - DAG(s) 'dataset_s3_bucket_consumer', 'dataset_s3_bucket_producer', 'dataset_alias_example_alias_consumer', 'dataset_alias_example_alias_producer' retrieved from /home/ubuntu/miniconda3/envs/mlflow/lib/python3.12/site-packages/airflow/example_dags/example_dataset_alias.py
[2025-03-26T13:01:27.097+0000] {logging_mixin.py:190} INFO - [2025-03-26T13:01:27.097+0000] {dag.py:3239} INFO - Sync 4 DAGs
[2025-03-26T13:01:27.120+0000] {logging_mixin.py:190} INFO - [2025-03-26T13:01:27.120+0000] {dag.py:4180} INFO - Setting next_dagrun for dataset_alias_example_alias_consumer to None, run_after=None
[2025-03-26T13:01:27.123+0000] {logging_mixin.py:190} INFO - [2025-03-26T13:01:27.123+0000] {dag.py:4180} INFO - Setting next_dagrun for dataset_alias_example_alias_producer to None, run_after=None
[2025-03-26T13:01:27.125+0000] {logging_mixin.py:190} INFO - [2025-03-26T13:01:27.124+0000] {dag.py:4180} INFO - Setting next_dagrun for dataset_s3_bucket_consumer to None, run_after=None
[2025-03-26T13:01:27.126+0000] {logging_mixin.py:190} INFO - [2025-03-26T13:01:27.125+0000] {dag.py:4180} INFO - Setting next_dagrun for dataset_s3_bucket_producer to None, run_after=None
[2025-03-26T13:01:27.154+0000] {processor.py:208} INFO - Processing /home/ubuntu/miniconda3/envs/mlflow/lib/python3.12/site-packages/airflow/example_dags/example_dataset_alias.py took 0.135 seconds
