[2025-03-26T12:54:56.500+0000] {processor.py:186} INFO - Started process (PID=100198) to work on /home/ubuntu/miniconda3/envs/mlflow/lib/python3.12/site-packages/airflow/example_dags/example_branch_operator_decorator.py
[2025-03-26T12:54:56.501+0000] {processor.py:914} INFO - Processing file /home/ubuntu/miniconda3/envs/mlflow/lib/python3.12/site-packages/airflow/example_dags/example_branch_operator_decorator.py for tasks to queue
[2025-03-26T12:54:56.504+0000] {logging_mixin.py:190} INFO - [2025-03-26T12:54:56.503+0000] {dagbag.py:588} INFO - Filling up the DagBag from /home/ubuntu/miniconda3/envs/mlflow/lib/python3.12/site-packages/airflow/example_dags/example_branch_operator_decorator.py
[2025-03-26T12:54:56.537+0000] {processor.py:925} INFO - DAG(s) 'example_branch_python_operator_decorator' retrieved from /home/ubuntu/miniconda3/envs/mlflow/lib/python3.12/site-packages/airflow/example_dags/example_branch_operator_decorator.py
[2025-03-26T12:54:56.683+0000] {logging_mixin.py:190} INFO - [2025-03-26T12:54:56.682+0000] {override.py:1930} INFO - Created Permission View: can read on DAG:example_branch_python_operator_decorator
[2025-03-26T12:54:56.704+0000] {logging_mixin.py:190} INFO - [2025-03-26T12:54:56.704+0000] {override.py:1930} INFO - Created Permission View: can edit on DAG:example_branch_python_operator_decorator
[2025-03-26T12:54:56.719+0000] {logging_mixin.py:190} INFO - [2025-03-26T12:54:56.718+0000] {override.py:1930} INFO - Created Permission View: can delete on DAG:example_branch_python_operator_decorator
[2025-03-26T12:54:56.738+0000] {logging_mixin.py:190} INFO - [2025-03-26T12:54:56.738+0000] {override.py:1930} INFO - Created Permission View: can read on DAG Run:example_branch_python_operator_decorator
[2025-03-26T12:54:56.750+0000] {logging_mixin.py:190} INFO - [2025-03-26T12:54:56.750+0000] {override.py:1930} INFO - Created Permission View: menu access on DAG Run:example_branch_python_operator_decorator
[2025-03-26T12:54:56.764+0000] {logging_mixin.py:190} INFO - [2025-03-26T12:54:56.763+0000] {override.py:1930} INFO - Created Permission View: can create on DAG Run:example_branch_python_operator_decorator
[2025-03-26T12:54:56.778+0000] {logging_mixin.py:190} INFO - [2025-03-26T12:54:56.777+0000] {override.py:1930} INFO - Created Permission View: can delete on DAG Run:example_branch_python_operator_decorator
[2025-03-26T12:54:56.778+0000] {logging_mixin.py:190} INFO - [2025-03-26T12:54:56.778+0000] {dag.py:3239} INFO - Sync 1 DAGs
[2025-03-26T12:54:56.798+0000] {logging_mixin.py:190} INFO - [2025-03-26T12:54:56.798+0000] {dag.py:3262} INFO - Creating ORM DAG for example_branch_python_operator_decorator
[2025-03-26T12:54:56.813+0000] {logging_mixin.py:190} INFO - [2025-03-26T12:54:56.813+0000] {dag.py:4180} INFO - Setting next_dagrun for example_branch_python_operator_decorator to 2025-03-25 00:00:00+00:00, run_after=2025-03-26 00:00:00+00:00
[2025-03-26T12:54:56.839+0000] {processor.py:208} INFO - Processing /home/ubuntu/miniconda3/envs/mlflow/lib/python3.12/site-packages/airflow/example_dags/example_branch_operator_decorator.py took 0.346 seconds
[2025-03-26T12:56:11.138+0000] {processor.py:186} INFO - Started process (PID=100444) to work on /home/ubuntu/miniconda3/envs/mlflow/lib/python3.12/site-packages/airflow/example_dags/example_branch_operator_decorator.py
[2025-03-26T12:56:11.140+0000] {processor.py:914} INFO - Processing file /home/ubuntu/miniconda3/envs/mlflow/lib/python3.12/site-packages/airflow/example_dags/example_branch_operator_decorator.py for tasks to queue
[2025-03-26T12:56:11.142+0000] {logging_mixin.py:190} INFO - [2025-03-26T12:56:11.142+0000] {dagbag.py:588} INFO - Filling up the DagBag from /home/ubuntu/miniconda3/envs/mlflow/lib/python3.12/site-packages/airflow/example_dags/example_branch_operator_decorator.py
[2025-03-26T12:56:11.170+0000] {processor.py:925} INFO - DAG(s) 'example_branch_python_operator_decorator' retrieved from /home/ubuntu/miniconda3/envs/mlflow/lib/python3.12/site-packages/airflow/example_dags/example_branch_operator_decorator.py
[2025-03-26T12:56:11.202+0000] {logging_mixin.py:190} INFO - [2025-03-26T12:56:11.202+0000] {dag.py:3239} INFO - Sync 1 DAGs
[2025-03-26T12:56:11.228+0000] {logging_mixin.py:190} INFO - [2025-03-26T12:56:11.228+0000] {dag.py:4180} INFO - Setting next_dagrun for example_branch_python_operator_decorator to 2025-03-25 00:00:00+00:00, run_after=2025-03-26 00:00:00+00:00
[2025-03-26T12:56:11.257+0000] {processor.py:208} INFO - Processing /home/ubuntu/miniconda3/envs/mlflow/lib/python3.12/site-packages/airflow/example_dags/example_branch_operator_decorator.py took 0.126 seconds
[2025-03-26T12:57:16.841+0000] {processor.py:186} INFO - Started process (PID=100679) to work on /home/ubuntu/miniconda3/envs/mlflow/lib/python3.12/site-packages/airflow/example_dags/example_branch_operator_decorator.py
[2025-03-26T12:57:16.842+0000] {processor.py:914} INFO - Processing file /home/ubuntu/miniconda3/envs/mlflow/lib/python3.12/site-packages/airflow/example_dags/example_branch_operator_decorator.py for tasks to queue
[2025-03-26T12:57:16.845+0000] {logging_mixin.py:190} INFO - [2025-03-26T12:57:16.844+0000] {dagbag.py:588} INFO - Filling up the DagBag from /home/ubuntu/miniconda3/envs/mlflow/lib/python3.12/site-packages/airflow/example_dags/example_branch_operator_decorator.py
[2025-03-26T12:57:16.874+0000] {processor.py:925} INFO - DAG(s) 'example_branch_python_operator_decorator' retrieved from /home/ubuntu/miniconda3/envs/mlflow/lib/python3.12/site-packages/airflow/example_dags/example_branch_operator_decorator.py
[2025-03-26T12:57:16.909+0000] {logging_mixin.py:190} INFO - [2025-03-26T12:57:16.909+0000] {dag.py:3239} INFO - Sync 1 DAGs
[2025-03-26T12:57:16.937+0000] {logging_mixin.py:190} INFO - [2025-03-26T12:57:16.937+0000] {dag.py:4180} INFO - Setting next_dagrun for example_branch_python_operator_decorator to 2025-03-25 00:00:00+00:00, run_after=2025-03-26 00:00:00+00:00
[2025-03-26T12:57:16.968+0000] {processor.py:208} INFO - Processing /home/ubuntu/miniconda3/envs/mlflow/lib/python3.12/site-packages/airflow/example_dags/example_branch_operator_decorator.py took 0.135 seconds
[2025-03-26T12:58:22.251+0000] {processor.py:186} INFO - Started process (PID=100801) to work on /home/ubuntu/miniconda3/envs/mlflow/lib/python3.12/site-packages/airflow/example_dags/example_branch_operator_decorator.py
[2025-03-26T12:58:22.253+0000] {processor.py:914} INFO - Processing file /home/ubuntu/miniconda3/envs/mlflow/lib/python3.12/site-packages/airflow/example_dags/example_branch_operator_decorator.py for tasks to queue
[2025-03-26T12:58:22.255+0000] {logging_mixin.py:190} INFO - [2025-03-26T12:58:22.255+0000] {dagbag.py:588} INFO - Filling up the DagBag from /home/ubuntu/miniconda3/envs/mlflow/lib/python3.12/site-packages/airflow/example_dags/example_branch_operator_decorator.py
[2025-03-26T12:58:22.294+0000] {processor.py:925} INFO - DAG(s) 'example_branch_python_operator_decorator' retrieved from /home/ubuntu/miniconda3/envs/mlflow/lib/python3.12/site-packages/airflow/example_dags/example_branch_operator_decorator.py
[2025-03-26T12:58:22.324+0000] {logging_mixin.py:190} INFO - [2025-03-26T12:58:22.324+0000] {dag.py:3239} INFO - Sync 1 DAGs
[2025-03-26T12:58:22.352+0000] {logging_mixin.py:190} INFO - [2025-03-26T12:58:22.352+0000] {dag.py:4180} INFO - Setting next_dagrun for example_branch_python_operator_decorator to 2025-03-25 00:00:00+00:00, run_after=2025-03-26 00:00:00+00:00
[2025-03-26T12:58:22.378+0000] {processor.py:208} INFO - Processing /home/ubuntu/miniconda3/envs/mlflow/lib/python3.12/site-packages/airflow/example_dags/example_branch_operator_decorator.py took 0.134 seconds
[2025-03-26T12:59:24.776+0000] {processor.py:186} INFO - Started process (PID=100923) to work on /home/ubuntu/miniconda3/envs/mlflow/lib/python3.12/site-packages/airflow/example_dags/example_branch_operator_decorator.py
[2025-03-26T12:59:24.778+0000] {processor.py:914} INFO - Processing file /home/ubuntu/miniconda3/envs/mlflow/lib/python3.12/site-packages/airflow/example_dags/example_branch_operator_decorator.py for tasks to queue
[2025-03-26T12:59:24.781+0000] {logging_mixin.py:190} INFO - [2025-03-26T12:59:24.780+0000] {dagbag.py:588} INFO - Filling up the DagBag from /home/ubuntu/miniconda3/envs/mlflow/lib/python3.12/site-packages/airflow/example_dags/example_branch_operator_decorator.py
[2025-03-26T12:59:24.814+0000] {processor.py:925} INFO - DAG(s) 'example_branch_python_operator_decorator' retrieved from /home/ubuntu/miniconda3/envs/mlflow/lib/python3.12/site-packages/airflow/example_dags/example_branch_operator_decorator.py
[2025-03-26T12:59:24.855+0000] {logging_mixin.py:190} INFO - [2025-03-26T12:59:24.855+0000] {dag.py:3239} INFO - Sync 1 DAGs
[2025-03-26T12:59:24.883+0000] {logging_mixin.py:190} INFO - [2025-03-26T12:59:24.883+0000] {dag.py:4180} INFO - Setting next_dagrun for example_branch_python_operator_decorator to 2025-03-25 00:00:00+00:00, run_after=2025-03-26 00:00:00+00:00
[2025-03-26T12:59:24.913+0000] {processor.py:208} INFO - Processing /home/ubuntu/miniconda3/envs/mlflow/lib/python3.12/site-packages/airflow/example_dags/example_branch_operator_decorator.py took 0.146 seconds
[2025-03-26T13:00:27.179+0000] {processor.py:186} INFO - Started process (PID=101107) to work on /home/ubuntu/miniconda3/envs/mlflow/lib/python3.12/site-packages/airflow/example_dags/example_branch_operator_decorator.py
[2025-03-26T13:00:27.180+0000] {processor.py:914} INFO - Processing file /home/ubuntu/miniconda3/envs/mlflow/lib/python3.12/site-packages/airflow/example_dags/example_branch_operator_decorator.py for tasks to queue
[2025-03-26T13:00:27.182+0000] {logging_mixin.py:190} INFO - [2025-03-26T13:00:27.182+0000] {dagbag.py:588} INFO - Filling up the DagBag from /home/ubuntu/miniconda3/envs/mlflow/lib/python3.12/site-packages/airflow/example_dags/example_branch_operator_decorator.py
[2025-03-26T13:00:27.210+0000] {processor.py:925} INFO - DAG(s) 'example_branch_python_operator_decorator' retrieved from /home/ubuntu/miniconda3/envs/mlflow/lib/python3.12/site-packages/airflow/example_dags/example_branch_operator_decorator.py
[2025-03-26T13:00:27.243+0000] {logging_mixin.py:190} INFO - [2025-03-26T13:00:27.243+0000] {dag.py:3239} INFO - Sync 1 DAGs
[2025-03-26T13:00:27.286+0000] {logging_mixin.py:190} INFO - [2025-03-26T13:00:27.286+0000] {dag.py:4180} INFO - Setting next_dagrun for example_branch_python_operator_decorator to 2025-03-25 00:00:00+00:00, run_after=2025-03-26 00:00:00+00:00
[2025-03-26T13:00:27.323+0000] {processor.py:208} INFO - Processing /home/ubuntu/miniconda3/envs/mlflow/lib/python3.12/site-packages/airflow/example_dags/example_branch_operator_decorator.py took 0.154 seconds
[2025-03-26T13:01:32.288+0000] {processor.py:186} INFO - Started process (PID=101175) to work on /home/ubuntu/miniconda3/envs/mlflow/lib/python3.12/site-packages/airflow/example_dags/example_branch_operator_decorator.py
[2025-03-26T13:01:32.289+0000] {processor.py:914} INFO - Processing file /home/ubuntu/miniconda3/envs/mlflow/lib/python3.12/site-packages/airflow/example_dags/example_branch_operator_decorator.py for tasks to queue
[2025-03-26T13:01:32.291+0000] {logging_mixin.py:190} INFO - [2025-03-26T13:01:32.291+0000] {dagbag.py:588} INFO - Filling up the DagBag from /home/ubuntu/miniconda3/envs/mlflow/lib/python3.12/site-packages/airflow/example_dags/example_branch_operator_decorator.py
[2025-03-26T13:01:32.317+0000] {processor.py:925} INFO - DAG(s) 'example_branch_python_operator_decorator' retrieved from /home/ubuntu/miniconda3/envs/mlflow/lib/python3.12/site-packages/airflow/example_dags/example_branch_operator_decorator.py
[2025-03-26T13:01:32.344+0000] {logging_mixin.py:190} INFO - [2025-03-26T13:01:32.344+0000] {dag.py:3239} INFO - Sync 1 DAGs
[2025-03-26T13:01:32.368+0000] {logging_mixin.py:190} INFO - [2025-03-26T13:01:32.368+0000] {dag.py:4180} INFO - Setting next_dagrun for example_branch_python_operator_decorator to 2025-03-25 00:00:00+00:00, run_after=2025-03-26 00:00:00+00:00
[2025-03-26T13:01:32.403+0000] {processor.py:208} INFO - Processing /home/ubuntu/miniconda3/envs/mlflow/lib/python3.12/site-packages/airflow/example_dags/example_branch_operator_decorator.py took 0.121 seconds
