[2025-03-26T12:54:48.834+0000] {processor.py:186} INFO - Started process (PID=100192) to work on /home/ubuntu/miniconda3/envs/mlflow/lib/python3.12/site-packages/airflow/example_dags/example_branch_python_dop_operator_3.py
[2025-03-26T12:54:48.836+0000] {processor.py:914} INFO - Processing file /home/ubuntu/miniconda3/envs/mlflow/lib/python3.12/site-packages/airflow/example_dags/example_branch_python_dop_operator_3.py for tasks to queue
[2025-03-26T12:54:48.841+0000] {logging_mixin.py:190} INFO - [2025-03-26T12:54:48.840+0000] {dagbag.py:588} INFO - Filling up the DagBag from /home/ubuntu/miniconda3/envs/mlflow/lib/python3.12/site-packages/airflow/example_dags/example_branch_python_dop_operator_3.py
[2025-03-26T12:54:48.863+0000] {processor.py:925} INFO - DAG(s) 'example_branch_dop_operator_v3' retrieved from /home/ubuntu/miniconda3/envs/mlflow/lib/python3.12/site-packages/airflow/example_dags/example_branch_python_dop_operator_3.py
[2025-03-26T12:54:49.035+0000] {logging_mixin.py:190} INFO - [2025-03-26T12:54:49.034+0000] {override.py:1930} INFO - Created Permission View: can read on DAG:example_branch_dop_operator_v3
[2025-03-26T12:54:49.052+0000] {logging_mixin.py:190} INFO - [2025-03-26T12:54:49.052+0000] {override.py:1930} INFO - Created Permission View: can edit on DAG:example_branch_dop_operator_v3
[2025-03-26T12:54:49.064+0000] {logging_mixin.py:190} INFO - [2025-03-26T12:54:49.063+0000] {override.py:1930} INFO - Created Permission View: can delete on DAG:example_branch_dop_operator_v3
[2025-03-26T12:54:49.083+0000] {logging_mixin.py:190} INFO - [2025-03-26T12:54:49.082+0000] {override.py:1930} INFO - Created Permission View: can read on DAG Run:example_branch_dop_operator_v3
[2025-03-26T12:54:49.095+0000] {logging_mixin.py:190} INFO - [2025-03-26T12:54:49.095+0000] {override.py:1930} INFO - Created Permission View: menu access on DAG Run:example_branch_dop_operator_v3
[2025-03-26T12:54:49.107+0000] {logging_mixin.py:190} INFO - [2025-03-26T12:54:49.106+0000] {override.py:1930} INFO - Created Permission View: can create on DAG Run:example_branch_dop_operator_v3
[2025-03-26T12:54:49.119+0000] {logging_mixin.py:190} INFO - [2025-03-26T12:54:49.119+0000] {override.py:1930} INFO - Created Permission View: can delete on DAG Run:example_branch_dop_operator_v3
[2025-03-26T12:54:49.120+0000] {logging_mixin.py:190} INFO - [2025-03-26T12:54:49.120+0000] {dag.py:3239} INFO - Sync 1 DAGs
[2025-03-26T12:54:49.139+0000] {logging_mixin.py:190} INFO - [2025-03-26T12:54:49.138+0000] {dag.py:3262} INFO - Creating ORM DAG for example_branch_dop_operator_v3
[2025-03-26T12:54:49.157+0000] {logging_mixin.py:190} INFO - [2025-03-26T12:54:49.157+0000] {dag.py:4180} INFO - Setting next_dagrun for example_branch_dop_operator_v3 to 2025-03-26 12:53:00+00:00, run_after=2025-03-26 12:54:00+00:00
[2025-03-26T12:54:49.184+0000] {processor.py:208} INFO - Processing /home/ubuntu/miniconda3/envs/mlflow/lib/python3.12/site-packages/airflow/example_dags/example_branch_python_dop_operator_3.py took 0.363 seconds
[2025-03-26T12:56:04.679+0000] {processor.py:186} INFO - Started process (PID=100417) to work on /home/ubuntu/miniconda3/envs/mlflow/lib/python3.12/site-packages/airflow/example_dags/example_branch_python_dop_operator_3.py
[2025-03-26T12:56:04.681+0000] {processor.py:914} INFO - Processing file /home/ubuntu/miniconda3/envs/mlflow/lib/python3.12/site-packages/airflow/example_dags/example_branch_python_dop_operator_3.py for tasks to queue
[2025-03-26T12:56:04.683+0000] {logging_mixin.py:190} INFO - [2025-03-26T12:56:04.683+0000] {dagbag.py:588} INFO - Filling up the DagBag from /home/ubuntu/miniconda3/envs/mlflow/lib/python3.12/site-packages/airflow/example_dags/example_branch_python_dop_operator_3.py
[2025-03-26T12:56:04.696+0000] {processor.py:925} INFO - DAG(s) 'example_branch_dop_operator_v3' retrieved from /home/ubuntu/miniconda3/envs/mlflow/lib/python3.12/site-packages/airflow/example_dags/example_branch_python_dop_operator_3.py
[2025-03-26T12:56:04.715+0000] {logging_mixin.py:190} INFO - [2025-03-26T12:56:04.714+0000] {dag.py:3239} INFO - Sync 1 DAGs
[2025-03-26T12:56:04.750+0000] {logging_mixin.py:190} INFO - [2025-03-26T12:56:04.749+0000] {dag.py:4180} INFO - Setting next_dagrun for example_branch_dop_operator_v3 to 2025-03-26 12:55:00+00:00, run_after=2025-03-26 12:56:00+00:00
[2025-03-26T12:56:04.784+0000] {processor.py:208} INFO - Processing /home/ubuntu/miniconda3/envs/mlflow/lib/python3.12/site-packages/airflow/example_dags/example_branch_python_dop_operator_3.py took 0.113 seconds
[2025-03-26T12:57:11.061+0000] {processor.py:186} INFO - Started process (PID=100627) to work on /home/ubuntu/miniconda3/envs/mlflow/lib/python3.12/site-packages/airflow/example_dags/example_branch_python_dop_operator_3.py
[2025-03-26T12:57:11.062+0000] {processor.py:914} INFO - Processing file /home/ubuntu/miniconda3/envs/mlflow/lib/python3.12/site-packages/airflow/example_dags/example_branch_python_dop_operator_3.py for tasks to queue
[2025-03-26T12:57:11.064+0000] {logging_mixin.py:190} INFO - [2025-03-26T12:57:11.064+0000] {dagbag.py:588} INFO - Filling up the DagBag from /home/ubuntu/miniconda3/envs/mlflow/lib/python3.12/site-packages/airflow/example_dags/example_branch_python_dop_operator_3.py
[2025-03-26T12:57:11.078+0000] {processor.py:925} INFO - DAG(s) 'example_branch_dop_operator_v3' retrieved from /home/ubuntu/miniconda3/envs/mlflow/lib/python3.12/site-packages/airflow/example_dags/example_branch_python_dop_operator_3.py
[2025-03-26T12:57:11.101+0000] {logging_mixin.py:190} INFO - [2025-03-26T12:57:11.101+0000] {dag.py:3239} INFO - Sync 1 DAGs
[2025-03-26T12:57:11.135+0000] {logging_mixin.py:190} INFO - [2025-03-26T12:57:11.135+0000] {dag.py:4180} INFO - Setting next_dagrun for example_branch_dop_operator_v3 to 2025-03-26 12:56:00+00:00, run_after=2025-03-26 12:57:00+00:00
[2025-03-26T12:57:11.167+0000] {processor.py:208} INFO - Processing /home/ubuntu/miniconda3/envs/mlflow/lib/python3.12/site-packages/airflow/example_dags/example_branch_python_dop_operator_3.py took 0.112 seconds
[2025-03-26T12:58:16.985+0000] {processor.py:186} INFO - Started process (PID=100791) to work on /home/ubuntu/miniconda3/envs/mlflow/lib/python3.12/site-packages/airflow/example_dags/example_branch_python_dop_operator_3.py
[2025-03-26T12:58:16.986+0000] {processor.py:914} INFO - Processing file /home/ubuntu/miniconda3/envs/mlflow/lib/python3.12/site-packages/airflow/example_dags/example_branch_python_dop_operator_3.py for tasks to queue
[2025-03-26T12:58:16.990+0000] {logging_mixin.py:190} INFO - [2025-03-26T12:58:16.990+0000] {dagbag.py:588} INFO - Filling up the DagBag from /home/ubuntu/miniconda3/envs/mlflow/lib/python3.12/site-packages/airflow/example_dags/example_branch_python_dop_operator_3.py
[2025-03-26T12:58:17.007+0000] {processor.py:925} INFO - DAG(s) 'example_branch_dop_operator_v3' retrieved from /home/ubuntu/miniconda3/envs/mlflow/lib/python3.12/site-packages/airflow/example_dags/example_branch_python_dop_operator_3.py
[2025-03-26T12:58:17.026+0000] {logging_mixin.py:190} INFO - [2025-03-26T12:58:17.025+0000] {dag.py:3239} INFO - Sync 1 DAGs
[2025-03-26T12:58:17.064+0000] {logging_mixin.py:190} INFO - [2025-03-26T12:58:17.064+0000] {dag.py:4180} INFO - Setting next_dagrun for example_branch_dop_operator_v3 to 2025-03-26 12:57:00+00:00, run_after=2025-03-26 12:58:00+00:00
[2025-03-26T12:58:17.093+0000] {processor.py:208} INFO - Processing /home/ubuntu/miniconda3/envs/mlflow/lib/python3.12/site-packages/airflow/example_dags/example_branch_python_dop_operator_3.py took 0.115 seconds
[2025-03-26T12:59:18.370+0000] {processor.py:186} INFO - Started process (PID=100913) to work on /home/ubuntu/miniconda3/envs/mlflow/lib/python3.12/site-packages/airflow/example_dags/example_branch_python_dop_operator_3.py
[2025-03-26T12:59:18.372+0000] {processor.py:914} INFO - Processing file /home/ubuntu/miniconda3/envs/mlflow/lib/python3.12/site-packages/airflow/example_dags/example_branch_python_dop_operator_3.py for tasks to queue
[2025-03-26T12:59:18.374+0000] {logging_mixin.py:190} INFO - [2025-03-26T12:59:18.374+0000] {dagbag.py:588} INFO - Filling up the DagBag from /home/ubuntu/miniconda3/envs/mlflow/lib/python3.12/site-packages/airflow/example_dags/example_branch_python_dop_operator_3.py
[2025-03-26T12:59:18.388+0000] {processor.py:925} INFO - DAG(s) 'example_branch_dop_operator_v3' retrieved from /home/ubuntu/miniconda3/envs/mlflow/lib/python3.12/site-packages/airflow/example_dags/example_branch_python_dop_operator_3.py
[2025-03-26T12:59:18.406+0000] {logging_mixin.py:190} INFO - [2025-03-26T12:59:18.406+0000] {dag.py:3239} INFO - Sync 1 DAGs
[2025-03-26T12:59:18.439+0000] {logging_mixin.py:190} INFO - [2025-03-26T12:59:18.438+0000] {dag.py:4180} INFO - Setting next_dagrun for example_branch_dop_operator_v3 to 2025-03-26 12:58:00+00:00, run_after=2025-03-26 12:59:00+00:00
[2025-03-26T12:59:18.476+0000] {processor.py:208} INFO - Processing /home/ubuntu/miniconda3/envs/mlflow/lib/python3.12/site-packages/airflow/example_dags/example_branch_python_dop_operator_3.py took 0.115 seconds
[2025-03-26T13:00:20.725+0000] {processor.py:186} INFO - Started process (PID=101097) to work on /home/ubuntu/miniconda3/envs/mlflow/lib/python3.12/site-packages/airflow/example_dags/example_branch_python_dop_operator_3.py
[2025-03-26T13:00:20.727+0000] {processor.py:914} INFO - Processing file /home/ubuntu/miniconda3/envs/mlflow/lib/python3.12/site-packages/airflow/example_dags/example_branch_python_dop_operator_3.py for tasks to queue
[2025-03-26T13:00:20.730+0000] {logging_mixin.py:190} INFO - [2025-03-26T13:00:20.729+0000] {dagbag.py:588} INFO - Filling up the DagBag from /home/ubuntu/miniconda3/envs/mlflow/lib/python3.12/site-packages/airflow/example_dags/example_branch_python_dop_operator_3.py
[2025-03-26T13:00:20.741+0000] {processor.py:925} INFO - DAG(s) 'example_branch_dop_operator_v3' retrieved from /home/ubuntu/miniconda3/envs/mlflow/lib/python3.12/site-packages/airflow/example_dags/example_branch_python_dop_operator_3.py
[2025-03-26T13:00:20.758+0000] {logging_mixin.py:190} INFO - [2025-03-26T13:00:20.758+0000] {dag.py:3239} INFO - Sync 1 DAGs
[2025-03-26T13:00:20.792+0000] {logging_mixin.py:190} INFO - [2025-03-26T13:00:20.792+0000] {dag.py:4180} INFO - Setting next_dagrun for example_branch_dop_operator_v3 to 2025-03-26 12:59:00+00:00, run_after=2025-03-26 13:00:00+00:00
[2025-03-26T13:00:20.823+0000] {processor.py:208} INFO - Processing /home/ubuntu/miniconda3/envs/mlflow/lib/python3.12/site-packages/airflow/example_dags/example_branch_python_dop_operator_3.py took 0.104 seconds
[2025-03-26T13:01:25.818+0000] {processor.py:186} INFO - Started process (PID=101169) to work on /home/ubuntu/miniconda3/envs/mlflow/lib/python3.12/site-packages/airflow/example_dags/example_branch_python_dop_operator_3.py
[2025-03-26T13:01:25.820+0000] {processor.py:914} INFO - Processing file /home/ubuntu/miniconda3/envs/mlflow/lib/python3.12/site-packages/airflow/example_dags/example_branch_python_dop_operator_3.py for tasks to queue
[2025-03-26T13:01:25.823+0000] {logging_mixin.py:190} INFO - [2025-03-26T13:01:25.823+0000] {dagbag.py:588} INFO - Filling up the DagBag from /home/ubuntu/miniconda3/envs/mlflow/lib/python3.12/site-packages/airflow/example_dags/example_branch_python_dop_operator_3.py
[2025-03-26T13:01:25.840+0000] {processor.py:925} INFO - DAG(s) 'example_branch_dop_operator_v3' retrieved from /home/ubuntu/miniconda3/envs/mlflow/lib/python3.12/site-packages/airflow/example_dags/example_branch_python_dop_operator_3.py
[2025-03-26T13:01:25.860+0000] {logging_mixin.py:190} INFO - [2025-03-26T13:01:25.859+0000] {dag.py:3239} INFO - Sync 1 DAGs
[2025-03-26T13:01:25.896+0000] {logging_mixin.py:190} INFO - [2025-03-26T13:01:25.896+0000] {dag.py:4180} INFO - Setting next_dagrun for example_branch_dop_operator_v3 to 2025-03-26 13:00:00+00:00, run_after=2025-03-26 13:01:00+00:00
[2025-03-26T13:01:25.926+0000] {processor.py:208} INFO - Processing /home/ubuntu/miniconda3/envs/mlflow/lib/python3.12/site-packages/airflow/example_dags/example_branch_python_dop_operator_3.py took 0.116 seconds
