[2025-03-26T12:55:11.341+0000] {processor.py:186} INFO - Started process (PID=100246) to work on /home/ubuntu/miniconda3/envs/mlflow/lib/python3.12/site-packages/airflow/example_dags/example_branch_labels.py
[2025-03-26T12:55:11.343+0000] {processor.py:914} INFO - Processing file /home/ubuntu/miniconda3/envs/mlflow/lib/python3.12/site-packages/airflow/example_dags/example_branch_labels.py for tasks to queue
[2025-03-26T12:55:11.345+0000] {logging_mixin.py:190} INFO - [2025-03-26T12:55:11.345+0000] {dagbag.py:588} INFO - Filling up the DagBag from /home/ubuntu/miniconda3/envs/mlflow/lib/python3.12/site-packages/airflow/example_dags/example_branch_labels.py
[2025-03-26T12:55:11.369+0000] {processor.py:925} INFO - DAG(s) 'example_branch_labels' retrieved from /home/ubuntu/miniconda3/envs/mlflow/lib/python3.12/site-packages/airflow/example_dags/example_branch_labels.py
[2025-03-26T12:55:11.563+0000] {logging_mixin.py:190} INFO - [2025-03-26T12:55:11.562+0000] {override.py:1930} INFO - Created Permission View: can read on DAG:example_branch_labels
[2025-03-26T12:55:11.582+0000] {logging_mixin.py:190} INFO - [2025-03-26T12:55:11.581+0000] {override.py:1930} INFO - Created Permission View: can edit on DAG:example_branch_labels
[2025-03-26T12:55:11.597+0000] {logging_mixin.py:190} INFO - [2025-03-26T12:55:11.597+0000] {override.py:1930} INFO - Created Permission View: can delete on DAG:example_branch_labels
[2025-03-26T12:55:11.622+0000] {logging_mixin.py:190} INFO - [2025-03-26T12:55:11.620+0000] {override.py:1930} INFO - Created Permission View: can read on DAG Run:example_branch_labels
[2025-03-26T12:55:11.640+0000] {logging_mixin.py:190} INFO - [2025-03-26T12:55:11.639+0000] {override.py:1930} INFO - Created Permission View: menu access on DAG Run:example_branch_labels
[2025-03-26T12:55:11.656+0000] {logging_mixin.py:190} INFO - [2025-03-26T12:55:11.655+0000] {override.py:1930} INFO - Created Permission View: can create on DAG Run:example_branch_labels
[2025-03-26T12:55:11.668+0000] {logging_mixin.py:190} INFO - [2025-03-26T12:55:11.667+0000] {override.py:1930} INFO - Created Permission View: can delete on DAG Run:example_branch_labels
[2025-03-26T12:55:11.669+0000] {logging_mixin.py:190} INFO - [2025-03-26T12:55:11.669+0000] {dag.py:3239} INFO - Sync 1 DAGs
[2025-03-26T12:55:11.684+0000] {logging_mixin.py:190} INFO - [2025-03-26T12:55:11.683+0000] {dag.py:3262} INFO - Creating ORM DAG for example_branch_labels
[2025-03-26T12:55:11.697+0000] {logging_mixin.py:190} INFO - [2025-03-26T12:55:11.697+0000] {dag.py:4180} INFO - Setting next_dagrun for example_branch_labels to 2025-03-25 00:00:00+00:00, run_after=2025-03-26 00:00:00+00:00
[2025-03-26T12:55:11.725+0000] {processor.py:208} INFO - Processing /home/ubuntu/miniconda3/envs/mlflow/lib/python3.12/site-packages/airflow/example_dags/example_branch_labels.py took 0.395 seconds
[2025-03-26T12:56:21.678+0000] {processor.py:186} INFO - Started process (PID=100470) to work on /home/ubuntu/miniconda3/envs/mlflow/lib/python3.12/site-packages/airflow/example_dags/example_branch_labels.py
[2025-03-26T12:56:21.679+0000] {processor.py:914} INFO - Processing file /home/ubuntu/miniconda3/envs/mlflow/lib/python3.12/site-packages/airflow/example_dags/example_branch_labels.py for tasks to queue
[2025-03-26T12:56:21.681+0000] {logging_mixin.py:190} INFO - [2025-03-26T12:56:21.681+0000] {dagbag.py:588} INFO - Filling up the DagBag from /home/ubuntu/miniconda3/envs/mlflow/lib/python3.12/site-packages/airflow/example_dags/example_branch_labels.py
[2025-03-26T12:56:21.693+0000] {processor.py:925} INFO - DAG(s) 'example_branch_labels' retrieved from /home/ubuntu/miniconda3/envs/mlflow/lib/python3.12/site-packages/airflow/example_dags/example_branch_labels.py
[2025-03-26T12:56:21.711+0000] {logging_mixin.py:190} INFO - [2025-03-26T12:56:21.711+0000] {dag.py:3239} INFO - Sync 1 DAGs
[2025-03-26T12:56:21.739+0000] {logging_mixin.py:190} INFO - [2025-03-26T12:56:21.738+0000] {dag.py:4180} INFO - Setting next_dagrun for example_branch_labels to 2025-03-25 00:00:00+00:00, run_after=2025-03-26 00:00:00+00:00
[2025-03-26T12:56:21.770+0000] {processor.py:208} INFO - Processing /home/ubuntu/miniconda3/envs/mlflow/lib/python3.12/site-packages/airflow/example_dags/example_branch_labels.py took 0.098 seconds
[2025-03-26T12:57:27.202+0000] {processor.py:186} INFO - Started process (PID=100704) to work on /home/ubuntu/miniconda3/envs/mlflow/lib/python3.12/site-packages/airflow/example_dags/example_branch_labels.py
[2025-03-26T12:57:27.203+0000] {processor.py:914} INFO - Processing file /home/ubuntu/miniconda3/envs/mlflow/lib/python3.12/site-packages/airflow/example_dags/example_branch_labels.py for tasks to queue
[2025-03-26T12:57:27.205+0000] {logging_mixin.py:190} INFO - [2025-03-26T12:57:27.205+0000] {dagbag.py:588} INFO - Filling up the DagBag from /home/ubuntu/miniconda3/envs/mlflow/lib/python3.12/site-packages/airflow/example_dags/example_branch_labels.py
[2025-03-26T12:57:27.219+0000] {processor.py:925} INFO - DAG(s) 'example_branch_labels' retrieved from /home/ubuntu/miniconda3/envs/mlflow/lib/python3.12/site-packages/airflow/example_dags/example_branch_labels.py
[2025-03-26T12:57:27.238+0000] {logging_mixin.py:190} INFO - [2025-03-26T12:57:27.238+0000] {dag.py:3239} INFO - Sync 1 DAGs
[2025-03-26T12:57:27.266+0000] {logging_mixin.py:190} INFO - [2025-03-26T12:57:27.266+0000] {dag.py:4180} INFO - Setting next_dagrun for example_branch_labels to 2025-03-25 00:00:00+00:00, run_after=2025-03-26 00:00:00+00:00
[2025-03-26T12:57:27.301+0000] {processor.py:208} INFO - Processing /home/ubuntu/miniconda3/envs/mlflow/lib/python3.12/site-packages/airflow/example_dags/example_branch_labels.py took 0.105 seconds
[2025-03-26T12:58:32.973+0000] {processor.py:186} INFO - Started process (PID=100820) to work on /home/ubuntu/miniconda3/envs/mlflow/lib/python3.12/site-packages/airflow/example_dags/example_branch_labels.py
[2025-03-26T12:58:32.976+0000] {processor.py:914} INFO - Processing file /home/ubuntu/miniconda3/envs/mlflow/lib/python3.12/site-packages/airflow/example_dags/example_branch_labels.py for tasks to queue
[2025-03-26T12:58:32.978+0000] {logging_mixin.py:190} INFO - [2025-03-26T12:58:32.978+0000] {dagbag.py:588} INFO - Filling up the DagBag from /home/ubuntu/miniconda3/envs/mlflow/lib/python3.12/site-packages/airflow/example_dags/example_branch_labels.py
[2025-03-26T12:58:32.991+0000] {processor.py:925} INFO - DAG(s) 'example_branch_labels' retrieved from /home/ubuntu/miniconda3/envs/mlflow/lib/python3.12/site-packages/airflow/example_dags/example_branch_labels.py
[2025-03-26T12:58:33.011+0000] {logging_mixin.py:190} INFO - [2025-03-26T12:58:33.011+0000] {dag.py:3239} INFO - Sync 1 DAGs
[2025-03-26T12:58:33.043+0000] {logging_mixin.py:190} INFO - [2025-03-26T12:58:33.043+0000] {dag.py:4180} INFO - Setting next_dagrun for example_branch_labels to 2025-03-25 00:00:00+00:00, run_after=2025-03-26 00:00:00+00:00
[2025-03-26T12:58:33.071+0000] {processor.py:208} INFO - Processing /home/ubuntu/miniconda3/envs/mlflow/lib/python3.12/site-packages/airflow/example_dags/example_branch_labels.py took 0.104 seconds
[2025-03-26T12:59:35.522+0000] {processor.py:186} INFO - Started process (PID=100983) to work on /home/ubuntu/miniconda3/envs/mlflow/lib/python3.12/site-packages/airflow/example_dags/example_branch_labels.py
[2025-03-26T12:59:35.523+0000] {processor.py:914} INFO - Processing file /home/ubuntu/miniconda3/envs/mlflow/lib/python3.12/site-packages/airflow/example_dags/example_branch_labels.py for tasks to queue
[2025-03-26T12:59:35.526+0000] {logging_mixin.py:190} INFO - [2025-03-26T12:59:35.525+0000] {dagbag.py:588} INFO - Filling up the DagBag from /home/ubuntu/miniconda3/envs/mlflow/lib/python3.12/site-packages/airflow/example_dags/example_branch_labels.py
[2025-03-26T12:59:35.537+0000] {processor.py:925} INFO - DAG(s) 'example_branch_labels' retrieved from /home/ubuntu/miniconda3/envs/mlflow/lib/python3.12/site-packages/airflow/example_dags/example_branch_labels.py
[2025-03-26T12:59:35.561+0000] {logging_mixin.py:190} INFO - [2025-03-26T12:59:35.561+0000] {dag.py:3239} INFO - Sync 1 DAGs
[2025-03-26T12:59:35.594+0000] {logging_mixin.py:190} INFO - [2025-03-26T12:59:35.594+0000] {dag.py:4180} INFO - Setting next_dagrun for example_branch_labels to 2025-03-25 00:00:00+00:00, run_after=2025-03-26 00:00:00+00:00
[2025-03-26T12:59:35.623+0000] {processor.py:208} INFO - Processing /home/ubuntu/miniconda3/envs/mlflow/lib/python3.12/site-packages/airflow/example_dags/example_branch_labels.py took 0.107 seconds
[2025-03-26T13:00:37.731+0000] {processor.py:186} INFO - Started process (PID=101121) to work on /home/ubuntu/miniconda3/envs/mlflow/lib/python3.12/site-packages/airflow/example_dags/example_branch_labels.py
[2025-03-26T13:00:37.733+0000] {processor.py:914} INFO - Processing file /home/ubuntu/miniconda3/envs/mlflow/lib/python3.12/site-packages/airflow/example_dags/example_branch_labels.py for tasks to queue
[2025-03-26T13:00:37.735+0000] {logging_mixin.py:190} INFO - [2025-03-26T13:00:37.735+0000] {dagbag.py:588} INFO - Filling up the DagBag from /home/ubuntu/miniconda3/envs/mlflow/lib/python3.12/site-packages/airflow/example_dags/example_branch_labels.py
[2025-03-26T13:00:37.746+0000] {processor.py:925} INFO - DAG(s) 'example_branch_labels' retrieved from /home/ubuntu/miniconda3/envs/mlflow/lib/python3.12/site-packages/airflow/example_dags/example_branch_labels.py
[2025-03-26T13:00:37.764+0000] {logging_mixin.py:190} INFO - [2025-03-26T13:00:37.763+0000] {dag.py:3239} INFO - Sync 1 DAGs
[2025-03-26T13:00:37.791+0000] {logging_mixin.py:190} INFO - [2025-03-26T13:00:37.790+0000] {dag.py:4180} INFO - Setting next_dagrun for example_branch_labels to 2025-03-25 00:00:00+00:00, run_after=2025-03-26 00:00:00+00:00
[2025-03-26T13:00:37.822+0000] {processor.py:208} INFO - Processing /home/ubuntu/miniconda3/envs/mlflow/lib/python3.12/site-packages/airflow/example_dags/example_branch_labels.py took 0.097 seconds
[2025-03-26T13:01:42.686+0000] {processor.py:186} INFO - Started process (PID=101185) to work on /home/ubuntu/miniconda3/envs/mlflow/lib/python3.12/site-packages/airflow/example_dags/example_branch_labels.py
[2025-03-26T13:01:42.688+0000] {processor.py:914} INFO - Processing file /home/ubuntu/miniconda3/envs/mlflow/lib/python3.12/site-packages/airflow/example_dags/example_branch_labels.py for tasks to queue
[2025-03-26T13:01:42.692+0000] {logging_mixin.py:190} INFO - [2025-03-26T13:01:42.691+0000] {dagbag.py:588} INFO - Filling up the DagBag from /home/ubuntu/miniconda3/envs/mlflow/lib/python3.12/site-packages/airflow/example_dags/example_branch_labels.py
[2025-03-26T13:01:42.708+0000] {processor.py:925} INFO - DAG(s) 'example_branch_labels' retrieved from /home/ubuntu/miniconda3/envs/mlflow/lib/python3.12/site-packages/airflow/example_dags/example_branch_labels.py
[2025-03-26T13:01:42.735+0000] {logging_mixin.py:190} INFO - [2025-03-26T13:01:42.734+0000] {dag.py:3239} INFO - Sync 1 DAGs
[2025-03-26T13:01:42.762+0000] {logging_mixin.py:190} INFO - [2025-03-26T13:01:42.762+0000] {dag.py:4180} INFO - Setting next_dagrun for example_branch_labels to 2025-03-25 00:00:00+00:00, run_after=2025-03-26 00:00:00+00:00
[2025-03-26T13:01:42.789+0000] {processor.py:208} INFO - Processing /home/ubuntu/miniconda3/envs/mlflow/lib/python3.12/site-packages/airflow/example_dags/example_branch_labels.py took 0.113 seconds
