[2025-03-26T12:54:20.873+0000] {processor.py:186} INFO - Started process (PID=100141) to work on /home/ubuntu/miniconda3/envs/mlflow/lib/python3.12/site-packages/airflow/example_dags/example_trigger_controller_dag.py
[2025-03-26T12:54:20.874+0000] {processor.py:914} INFO - Processing file /home/ubuntu/miniconda3/envs/mlflow/lib/python3.12/site-packages/airflow/example_dags/example_trigger_controller_dag.py for tasks to queue
[2025-03-26T12:54:20.877+0000] {logging_mixin.py:190} INFO - [2025-03-26T12:54:20.877+0000] {dagbag.py:588} INFO - Filling up the DagBag from /home/ubuntu/miniconda3/envs/mlflow/lib/python3.12/site-packages/airflow/example_dags/example_trigger_controller_dag.py
[2025-03-26T12:54:20.886+0000] {processor.py:925} INFO - DAG(s) 'example_trigger_controller_dag' retrieved from /home/ubuntu/miniconda3/envs/mlflow/lib/python3.12/site-packages/airflow/example_dags/example_trigger_controller_dag.py
[2025-03-26T12:54:21.068+0000] {logging_mixin.py:190} INFO - [2025-03-26T12:54:21.066+0000] {override.py:1930} INFO - Created Permission View: can read on DAG:example_trigger_controller_dag
[2025-03-26T12:54:21.099+0000] {logging_mixin.py:190} INFO - [2025-03-26T12:54:21.098+0000] {override.py:1930} INFO - Created Permission View: can edit on DAG:example_trigger_controller_dag
[2025-03-26T12:54:21.114+0000] {logging_mixin.py:190} INFO - [2025-03-26T12:54:21.113+0000] {override.py:1930} INFO - Created Permission View: can delete on DAG:example_trigger_controller_dag
[2025-03-26T12:54:21.138+0000] {logging_mixin.py:190} INFO - [2025-03-26T12:54:21.137+0000] {override.py:1930} INFO - Created Permission View: can read on DAG Run:example_trigger_controller_dag
[2025-03-26T12:54:21.151+0000] {logging_mixin.py:190} INFO - [2025-03-26T12:54:21.150+0000] {override.py:1930} INFO - Created Permission View: menu access on DAG Run:example_trigger_controller_dag
[2025-03-26T12:54:21.164+0000] {logging_mixin.py:190} INFO - [2025-03-26T12:54:21.164+0000] {override.py:1930} INFO - Created Permission View: can create on DAG Run:example_trigger_controller_dag
[2025-03-26T12:54:21.180+0000] {logging_mixin.py:190} INFO - [2025-03-26T12:54:21.180+0000] {override.py:1930} INFO - Created Permission View: can delete on DAG Run:example_trigger_controller_dag
[2025-03-26T12:54:21.181+0000] {logging_mixin.py:190} INFO - [2025-03-26T12:54:21.181+0000] {dag.py:3239} INFO - Sync 1 DAGs
[2025-03-26T12:54:21.203+0000] {logging_mixin.py:190} INFO - [2025-03-26T12:54:21.202+0000] {dag.py:3262} INFO - Creating ORM DAG for example_trigger_controller_dag
[2025-03-26T12:54:21.218+0000] {logging_mixin.py:190} INFO - [2025-03-26T12:54:21.217+0000] {dag.py:4180} INFO - Setting next_dagrun for example_trigger_controller_dag to 2021-01-01 00:00:00+00:00, run_after=2021-01-01 00:00:00+00:00
[2025-03-26T12:54:21.252+0000] {processor.py:208} INFO - Processing /home/ubuntu/miniconda3/envs/mlflow/lib/python3.12/site-packages/airflow/example_dags/example_trigger_controller_dag.py took 0.389 seconds
[2025-03-26T12:55:33.749+0000] {processor.py:186} INFO - Started process (PID=100302) to work on /home/ubuntu/miniconda3/envs/mlflow/lib/python3.12/site-packages/airflow/example_dags/example_trigger_controller_dag.py
[2025-03-26T12:55:33.751+0000] {processor.py:914} INFO - Processing file /home/ubuntu/miniconda3/envs/mlflow/lib/python3.12/site-packages/airflow/example_dags/example_trigger_controller_dag.py for tasks to queue
[2025-03-26T12:55:33.753+0000] {logging_mixin.py:190} INFO - [2025-03-26T12:55:33.753+0000] {dagbag.py:588} INFO - Filling up the DagBag from /home/ubuntu/miniconda3/envs/mlflow/lib/python3.12/site-packages/airflow/example_dags/example_trigger_controller_dag.py
[2025-03-26T12:55:33.763+0000] {processor.py:925} INFO - DAG(s) 'example_trigger_controller_dag' retrieved from /home/ubuntu/miniconda3/envs/mlflow/lib/python3.12/site-packages/airflow/example_dags/example_trigger_controller_dag.py
[2025-03-26T12:55:33.783+0000] {logging_mixin.py:190} INFO - [2025-03-26T12:55:33.783+0000] {dag.py:3239} INFO - Sync 1 DAGs
[2025-03-26T12:55:33.809+0000] {logging_mixin.py:190} INFO - [2025-03-26T12:55:33.808+0000] {dag.py:4180} INFO - Setting next_dagrun for example_trigger_controller_dag to 2021-01-01 00:00:00+00:00, run_after=2021-01-01 00:00:00+00:00
[2025-03-26T12:55:33.835+0000] {processor.py:208} INFO - Processing /home/ubuntu/miniconda3/envs/mlflow/lib/python3.12/site-packages/airflow/example_dags/example_trigger_controller_dag.py took 0.093 seconds
[2025-03-26T12:56:38.558+0000] {processor.py:186} INFO - Started process (PID=100505) to work on /home/ubuntu/miniconda3/envs/mlflow/lib/python3.12/site-packages/airflow/example_dags/example_trigger_controller_dag.py
[2025-03-26T12:56:38.564+0000] {processor.py:914} INFO - Processing file /home/ubuntu/miniconda3/envs/mlflow/lib/python3.12/site-packages/airflow/example_dags/example_trigger_controller_dag.py for tasks to queue
[2025-03-26T12:56:38.567+0000] {logging_mixin.py:190} INFO - [2025-03-26T12:56:38.567+0000] {dagbag.py:588} INFO - Filling up the DagBag from /home/ubuntu/miniconda3/envs/mlflow/lib/python3.12/site-packages/airflow/example_dags/example_trigger_controller_dag.py
[2025-03-26T12:56:38.576+0000] {processor.py:925} INFO - DAG(s) 'example_trigger_controller_dag' retrieved from /home/ubuntu/miniconda3/envs/mlflow/lib/python3.12/site-packages/airflow/example_dags/example_trigger_controller_dag.py
[2025-03-26T12:56:38.595+0000] {logging_mixin.py:190} INFO - [2025-03-26T12:56:38.595+0000] {dag.py:3239} INFO - Sync 1 DAGs
[2025-03-26T12:56:38.632+0000] {logging_mixin.py:190} INFO - [2025-03-26T12:56:38.631+0000] {dag.py:4180} INFO - Setting next_dagrun for example_trigger_controller_dag to 2021-01-01 00:00:00+00:00, run_after=2021-01-01 00:00:00+00:00
[2025-03-26T12:56:38.665+0000] {processor.py:208} INFO - Processing /home/ubuntu/miniconda3/envs/mlflow/lib/python3.12/site-packages/airflow/example_dags/example_trigger_controller_dag.py took 0.114 seconds
[2025-03-26T12:57:46.149+0000] {processor.py:186} INFO - Started process (PID=100734) to work on /home/ubuntu/miniconda3/envs/mlflow/lib/python3.12/site-packages/airflow/example_dags/example_trigger_controller_dag.py
[2025-03-26T12:57:46.150+0000] {processor.py:914} INFO - Processing file /home/ubuntu/miniconda3/envs/mlflow/lib/python3.12/site-packages/airflow/example_dags/example_trigger_controller_dag.py for tasks to queue
[2025-03-26T12:57:46.153+0000] {logging_mixin.py:190} INFO - [2025-03-26T12:57:46.152+0000] {dagbag.py:588} INFO - Filling up the DagBag from /home/ubuntu/miniconda3/envs/mlflow/lib/python3.12/site-packages/airflow/example_dags/example_trigger_controller_dag.py
[2025-03-26T12:57:46.162+0000] {processor.py:925} INFO - DAG(s) 'example_trigger_controller_dag' retrieved from /home/ubuntu/miniconda3/envs/mlflow/lib/python3.12/site-packages/airflow/example_dags/example_trigger_controller_dag.py
[2025-03-26T12:57:46.185+0000] {logging_mixin.py:190} INFO - [2025-03-26T12:57:46.184+0000] {dag.py:3239} INFO - Sync 1 DAGs
[2025-03-26T12:57:46.216+0000] {logging_mixin.py:190} INFO - [2025-03-26T12:57:46.216+0000] {dag.py:4180} INFO - Setting next_dagrun for example_trigger_controller_dag to 2021-01-01 00:00:00+00:00, run_after=2021-01-01 00:00:00+00:00
[2025-03-26T12:57:46.249+0000] {processor.py:208} INFO - Processing /home/ubuntu/miniconda3/envs/mlflow/lib/python3.12/site-packages/airflow/example_dags/example_trigger_controller_dag.py took 0.106 seconds
[2025-03-26T12:58:49.099+0000] {processor.py:186} INFO - Started process (PID=100849) to work on /home/ubuntu/miniconda3/envs/mlflow/lib/python3.12/site-packages/airflow/example_dags/example_trigger_controller_dag.py
[2025-03-26T12:58:49.101+0000] {processor.py:914} INFO - Processing file /home/ubuntu/miniconda3/envs/mlflow/lib/python3.12/site-packages/airflow/example_dags/example_trigger_controller_dag.py for tasks to queue
[2025-03-26T12:58:49.106+0000] {logging_mixin.py:190} INFO - [2025-03-26T12:58:49.105+0000] {dagbag.py:588} INFO - Filling up the DagBag from /home/ubuntu/miniconda3/envs/mlflow/lib/python3.12/site-packages/airflow/example_dags/example_trigger_controller_dag.py
[2025-03-26T12:58:49.115+0000] {processor.py:925} INFO - DAG(s) 'example_trigger_controller_dag' retrieved from /home/ubuntu/miniconda3/envs/mlflow/lib/python3.12/site-packages/airflow/example_dags/example_trigger_controller_dag.py
[2025-03-26T12:58:49.133+0000] {logging_mixin.py:190} INFO - [2025-03-26T12:58:49.133+0000] {dag.py:3239} INFO - Sync 1 DAGs
[2025-03-26T12:58:49.158+0000] {logging_mixin.py:190} INFO - [2025-03-26T12:58:49.158+0000] {dag.py:4180} INFO - Setting next_dagrun for example_trigger_controller_dag to 2021-01-01 00:00:00+00:00, run_after=2021-01-01 00:00:00+00:00
[2025-03-26T12:58:49.188+0000] {processor.py:208} INFO - Processing /home/ubuntu/miniconda3/envs/mlflow/lib/python3.12/site-packages/airflow/example_dags/example_trigger_controller_dag.py took 0.099 seconds
[2025-03-26T12:59:53.107+0000] {processor.py:186} INFO - Started process (PID=101050) to work on /home/ubuntu/miniconda3/envs/mlflow/lib/python3.12/site-packages/airflow/example_dags/example_trigger_controller_dag.py
[2025-03-26T12:59:53.108+0000] {processor.py:914} INFO - Processing file /home/ubuntu/miniconda3/envs/mlflow/lib/python3.12/site-packages/airflow/example_dags/example_trigger_controller_dag.py for tasks to queue
[2025-03-26T12:59:53.110+0000] {logging_mixin.py:190} INFO - [2025-03-26T12:59:53.110+0000] {dagbag.py:588} INFO - Filling up the DagBag from /home/ubuntu/miniconda3/envs/mlflow/lib/python3.12/site-packages/airflow/example_dags/example_trigger_controller_dag.py
[2025-03-26T12:59:53.118+0000] {processor.py:925} INFO - DAG(s) 'example_trigger_controller_dag' retrieved from /home/ubuntu/miniconda3/envs/mlflow/lib/python3.12/site-packages/airflow/example_dags/example_trigger_controller_dag.py
[2025-03-26T12:59:53.141+0000] {logging_mixin.py:190} INFO - [2025-03-26T12:59:53.140+0000] {dag.py:3239} INFO - Sync 1 DAGs
[2025-03-26T12:59:53.166+0000] {logging_mixin.py:190} INFO - [2025-03-26T12:59:53.166+0000] {dag.py:4180} INFO - Setting next_dagrun for example_trigger_controller_dag to 2021-01-01 00:00:00+00:00, run_after=2021-01-01 00:00:00+00:00
[2025-03-26T12:59:53.193+0000] {processor.py:208} INFO - Processing /home/ubuntu/miniconda3/envs/mlflow/lib/python3.12/site-packages/airflow/example_dags/example_trigger_controller_dag.py took 0.092 seconds
[2025-03-26T13:00:55.299+0000] {processor.py:186} INFO - Started process (PID=101139) to work on /home/ubuntu/miniconda3/envs/mlflow/lib/python3.12/site-packages/airflow/example_dags/example_trigger_controller_dag.py
[2025-03-26T13:00:55.300+0000] {processor.py:914} INFO - Processing file /home/ubuntu/miniconda3/envs/mlflow/lib/python3.12/site-packages/airflow/example_dags/example_trigger_controller_dag.py for tasks to queue
[2025-03-26T13:00:55.302+0000] {logging_mixin.py:190} INFO - [2025-03-26T13:00:55.302+0000] {dagbag.py:588} INFO - Filling up the DagBag from /home/ubuntu/miniconda3/envs/mlflow/lib/python3.12/site-packages/airflow/example_dags/example_trigger_controller_dag.py
[2025-03-26T13:00:55.310+0000] {processor.py:925} INFO - DAG(s) 'example_trigger_controller_dag' retrieved from /home/ubuntu/miniconda3/envs/mlflow/lib/python3.12/site-packages/airflow/example_dags/example_trigger_controller_dag.py
[2025-03-26T13:00:55.326+0000] {logging_mixin.py:190} INFO - [2025-03-26T13:00:55.325+0000] {dag.py:3239} INFO - Sync 1 DAGs
[2025-03-26T13:00:55.352+0000] {logging_mixin.py:190} INFO - [2025-03-26T13:00:55.351+0000] {dag.py:4180} INFO - Setting next_dagrun for example_trigger_controller_dag to 2021-01-01 00:00:00+00:00, run_after=2021-01-01 00:00:00+00:00
[2025-03-26T13:00:55.382+0000] {processor.py:208} INFO - Processing /home/ubuntu/miniconda3/envs/mlflow/lib/python3.12/site-packages/airflow/example_dags/example_trigger_controller_dag.py took 0.089 seconds
[2025-03-26T13:01:58.417+0000] {processor.py:186} INFO - Started process (PID=101202) to work on /home/ubuntu/miniconda3/envs/mlflow/lib/python3.12/site-packages/airflow/example_dags/example_trigger_controller_dag.py
[2025-03-26T13:01:58.418+0000] {processor.py:914} INFO - Processing file /home/ubuntu/miniconda3/envs/mlflow/lib/python3.12/site-packages/airflow/example_dags/example_trigger_controller_dag.py for tasks to queue
[2025-03-26T13:01:58.420+0000] {logging_mixin.py:190} INFO - [2025-03-26T13:01:58.420+0000] {dagbag.py:588} INFO - Filling up the DagBag from /home/ubuntu/miniconda3/envs/mlflow/lib/python3.12/site-packages/airflow/example_dags/example_trigger_controller_dag.py
[2025-03-26T13:01:58.428+0000] {processor.py:925} INFO - DAG(s) 'example_trigger_controller_dag' retrieved from /home/ubuntu/miniconda3/envs/mlflow/lib/python3.12/site-packages/airflow/example_dags/example_trigger_controller_dag.py
[2025-03-26T13:01:58.445+0000] {logging_mixin.py:190} INFO - [2025-03-26T13:01:58.444+0000] {dag.py:3239} INFO - Sync 1 DAGs
[2025-03-26T13:01:58.470+0000] {logging_mixin.py:190} INFO - [2025-03-26T13:01:58.469+0000] {dag.py:4180} INFO - Setting next_dagrun for example_trigger_controller_dag to 2021-01-01 00:00:00+00:00, run_after=2021-01-01 00:00:00+00:00
[2025-03-26T13:01:58.499+0000] {processor.py:208} INFO - Processing /home/ubuntu/miniconda3/envs/mlflow/lib/python3.12/site-packages/airflow/example_dags/example_trigger_controller_dag.py took 0.088 seconds
