[2025-03-26T12:55:17.628+0000] {processor.py:186} INFO - Started process (PID=100256) to work on /home/ubuntu/miniconda3/envs/mlflow/lib/python3.12/site-packages/airflow/example_dags/example_bash_decorator.py
[2025-03-26T12:55:17.629+0000] {processor.py:914} INFO - Processing file /home/ubuntu/miniconda3/envs/mlflow/lib/python3.12/site-packages/airflow/example_dags/example_bash_decorator.py for tasks to queue
[2025-03-26T12:55:17.634+0000] {logging_mixin.py:190} INFO - [2025-03-26T12:55:17.634+0000] {dagbag.py:588} INFO - Filling up the DagBag from /home/ubuntu/miniconda3/envs/mlflow/lib/python3.12/site-packages/airflow/example_dags/example_bash_decorator.py
[2025-03-26T12:55:17.662+0000] {processor.py:925} INFO - DAG(s) 'example_bash_decorator' retrieved from /home/ubuntu/miniconda3/envs/mlflow/lib/python3.12/site-packages/airflow/example_dags/example_bash_decorator.py
[2025-03-26T12:55:17.814+0000] {logging_mixin.py:190} INFO - [2025-03-26T12:55:17.813+0000] {override.py:1930} INFO - Created Permission View: can read on DAG:example_bash_decorator
[2025-03-26T12:55:17.831+0000] {logging_mixin.py:190} INFO - [2025-03-26T12:55:17.830+0000] {override.py:1930} INFO - Created Permission View: can edit on DAG:example_bash_decorator
[2025-03-26T12:55:17.844+0000] {logging_mixin.py:190} INFO - [2025-03-26T12:55:17.843+0000] {override.py:1930} INFO - Created Permission View: can delete on DAG:example_bash_decorator
[2025-03-26T12:55:17.868+0000] {logging_mixin.py:190} INFO - [2025-03-26T12:55:17.867+0000] {override.py:1930} INFO - Created Permission View: can read on DAG Run:example_bash_decorator
[2025-03-26T12:55:17.886+0000] {logging_mixin.py:190} INFO - [2025-03-26T12:55:17.885+0000] {override.py:1930} INFO - Created Permission View: menu access on DAG Run:example_bash_decorator
[2025-03-26T12:55:17.900+0000] {logging_mixin.py:190} INFO - [2025-03-26T12:55:17.900+0000] {override.py:1930} INFO - Created Permission View: can create on DAG Run:example_bash_decorator
[2025-03-26T12:55:17.913+0000] {logging_mixin.py:190} INFO - [2025-03-26T12:55:17.913+0000] {override.py:1930} INFO - Created Permission View: can delete on DAG Run:example_bash_decorator
[2025-03-26T12:55:17.914+0000] {logging_mixin.py:190} INFO - [2025-03-26T12:55:17.914+0000] {dag.py:3239} INFO - Sync 1 DAGs
[2025-03-26T12:55:17.933+0000] {logging_mixin.py:190} INFO - [2025-03-26T12:55:17.932+0000] {dag.py:3262} INFO - Creating ORM DAG for example_bash_decorator
[2025-03-26T12:55:17.933+0000] {logging_mixin.py:190} INFO - [2025-03-26T12:55:17.933+0000] {dag.py:4180} INFO - Setting next_dagrun for example_bash_decorator to None, run_after=None
[2025-03-26T12:55:17.962+0000] {processor.py:208} INFO - Processing /home/ubuntu/miniconda3/envs/mlflow/lib/python3.12/site-packages/airflow/example_dags/example_bash_decorator.py took 0.350 seconds
[2025-03-26T12:56:28.026+0000] {processor.py:186} INFO - Started process (PID=100476) to work on /home/ubuntu/miniconda3/envs/mlflow/lib/python3.12/site-packages/airflow/example_dags/example_bash_decorator.py
[2025-03-26T12:56:28.027+0000] {processor.py:914} INFO - Processing file /home/ubuntu/miniconda3/envs/mlflow/lib/python3.12/site-packages/airflow/example_dags/example_bash_decorator.py for tasks to queue
[2025-03-26T12:56:28.029+0000] {logging_mixin.py:190} INFO - [2025-03-26T12:56:28.029+0000] {dagbag.py:588} INFO - Filling up the DagBag from /home/ubuntu/miniconda3/envs/mlflow/lib/python3.12/site-packages/airflow/example_dags/example_bash_decorator.py
[2025-03-26T12:56:28.046+0000] {processor.py:925} INFO - DAG(s) 'example_bash_decorator' retrieved from /home/ubuntu/miniconda3/envs/mlflow/lib/python3.12/site-packages/airflow/example_dags/example_bash_decorator.py
[2025-03-26T12:56:28.068+0000] {logging_mixin.py:190} INFO - [2025-03-26T12:56:28.067+0000] {dag.py:3239} INFO - Sync 1 DAGs
[2025-03-26T12:56:28.083+0000] {logging_mixin.py:190} INFO - [2025-03-26T12:56:28.083+0000] {dag.py:4180} INFO - Setting next_dagrun for example_bash_decorator to None, run_after=None
[2025-03-26T12:56:28.114+0000] {processor.py:208} INFO - Processing /home/ubuntu/miniconda3/envs/mlflow/lib/python3.12/site-packages/airflow/example_dags/example_bash_decorator.py took 0.095 seconds
[2025-03-26T12:57:33.879+0000] {processor.py:186} INFO - Started process (PID=100714) to work on /home/ubuntu/miniconda3/envs/mlflow/lib/python3.12/site-packages/airflow/example_dags/example_bash_decorator.py
[2025-03-26T12:57:33.881+0000] {processor.py:914} INFO - Processing file /home/ubuntu/miniconda3/envs/mlflow/lib/python3.12/site-packages/airflow/example_dags/example_bash_decorator.py for tasks to queue
[2025-03-26T12:57:33.886+0000] {logging_mixin.py:190} INFO - [2025-03-26T12:57:33.885+0000] {dagbag.py:588} INFO - Filling up the DagBag from /home/ubuntu/miniconda3/envs/mlflow/lib/python3.12/site-packages/airflow/example_dags/example_bash_decorator.py
[2025-03-26T12:57:33.909+0000] {processor.py:925} INFO - DAG(s) 'example_bash_decorator' retrieved from /home/ubuntu/miniconda3/envs/mlflow/lib/python3.12/site-packages/airflow/example_dags/example_bash_decorator.py
[2025-03-26T12:57:33.932+0000] {logging_mixin.py:190} INFO - [2025-03-26T12:57:33.931+0000] {dag.py:3239} INFO - Sync 1 DAGs
[2025-03-26T12:57:33.947+0000] {logging_mixin.py:190} INFO - [2025-03-26T12:57:33.947+0000] {dag.py:4180} INFO - Setting next_dagrun for example_bash_decorator to None, run_after=None
[2025-03-26T12:57:33.976+0000] {processor.py:208} INFO - Processing /home/ubuntu/miniconda3/envs/mlflow/lib/python3.12/site-packages/airflow/example_dags/example_bash_decorator.py took 0.103 seconds
[2025-03-26T12:58:38.810+0000] {processor.py:186} INFO - Started process (PID=100830) to work on /home/ubuntu/miniconda3/envs/mlflow/lib/python3.12/site-packages/airflow/example_dags/example_bash_decorator.py
[2025-03-26T12:58:38.812+0000] {processor.py:914} INFO - Processing file /home/ubuntu/miniconda3/envs/mlflow/lib/python3.12/site-packages/airflow/example_dags/example_bash_decorator.py for tasks to queue
[2025-03-26T12:58:38.814+0000] {logging_mixin.py:190} INFO - [2025-03-26T12:58:38.813+0000] {dagbag.py:588} INFO - Filling up the DagBag from /home/ubuntu/miniconda3/envs/mlflow/lib/python3.12/site-packages/airflow/example_dags/example_bash_decorator.py
[2025-03-26T12:58:38.831+0000] {processor.py:925} INFO - DAG(s) 'example_bash_decorator' retrieved from /home/ubuntu/miniconda3/envs/mlflow/lib/python3.12/site-packages/airflow/example_dags/example_bash_decorator.py
[2025-03-26T12:58:38.852+0000] {logging_mixin.py:190} INFO - [2025-03-26T12:58:38.852+0000] {dag.py:3239} INFO - Sync 1 DAGs
[2025-03-26T12:58:38.867+0000] {logging_mixin.py:190} INFO - [2025-03-26T12:58:38.867+0000] {dag.py:4180} INFO - Setting next_dagrun for example_bash_decorator to None, run_after=None
[2025-03-26T12:58:38.892+0000] {processor.py:208} INFO - Processing /home/ubuntu/miniconda3/envs/mlflow/lib/python3.12/site-packages/airflow/example_dags/example_bash_decorator.py took 0.088 seconds
[2025-03-26T12:59:42.651+0000] {processor.py:186} INFO - Started process (PID=101030) to work on /home/ubuntu/miniconda3/envs/mlflow/lib/python3.12/site-packages/airflow/example_dags/example_bash_decorator.py
[2025-03-26T12:59:42.652+0000] {processor.py:914} INFO - Processing file /home/ubuntu/miniconda3/envs/mlflow/lib/python3.12/site-packages/airflow/example_dags/example_bash_decorator.py for tasks to queue
[2025-03-26T12:59:42.654+0000] {logging_mixin.py:190} INFO - [2025-03-26T12:59:42.654+0000] {dagbag.py:588} INFO - Filling up the DagBag from /home/ubuntu/miniconda3/envs/mlflow/lib/python3.12/site-packages/airflow/example_dags/example_bash_decorator.py
[2025-03-26T12:59:42.671+0000] {processor.py:925} INFO - DAG(s) 'example_bash_decorator' retrieved from /home/ubuntu/miniconda3/envs/mlflow/lib/python3.12/site-packages/airflow/example_dags/example_bash_decorator.py
[2025-03-26T12:59:42.704+0000] {logging_mixin.py:190} INFO - [2025-03-26T12:59:42.703+0000] {dag.py:3239} INFO - Sync 1 DAGs
[2025-03-26T12:59:42.720+0000] {logging_mixin.py:190} INFO - [2025-03-26T12:59:42.719+0000] {dag.py:4180} INFO - Setting next_dagrun for example_bash_decorator to None, run_after=None
[2025-03-26T12:59:42.746+0000] {processor.py:208} INFO - Processing /home/ubuntu/miniconda3/envs/mlflow/lib/python3.12/site-packages/airflow/example_dags/example_bash_decorator.py took 0.101 seconds
[2025-03-26T13:00:44.173+0000] {processor.py:186} INFO - Started process (PID=101127) to work on /home/ubuntu/miniconda3/envs/mlflow/lib/python3.12/site-packages/airflow/example_dags/example_bash_decorator.py
[2025-03-26T13:00:44.174+0000] {processor.py:914} INFO - Processing file /home/ubuntu/miniconda3/envs/mlflow/lib/python3.12/site-packages/airflow/example_dags/example_bash_decorator.py for tasks to queue
[2025-03-26T13:00:44.179+0000] {logging_mixin.py:190} INFO - [2025-03-26T13:00:44.177+0000] {dagbag.py:588} INFO - Filling up the DagBag from /home/ubuntu/miniconda3/envs/mlflow/lib/python3.12/site-packages/airflow/example_dags/example_bash_decorator.py
[2025-03-26T13:00:44.202+0000] {processor.py:925} INFO - DAG(s) 'example_bash_decorator' retrieved from /home/ubuntu/miniconda3/envs/mlflow/lib/python3.12/site-packages/airflow/example_dags/example_bash_decorator.py
[2025-03-26T13:00:44.225+0000] {logging_mixin.py:190} INFO - [2025-03-26T13:00:44.224+0000] {dag.py:3239} INFO - Sync 1 DAGs
[2025-03-26T13:00:44.240+0000] {logging_mixin.py:190} INFO - [2025-03-26T13:00:44.240+0000] {dag.py:4180} INFO - Setting next_dagrun for example_bash_decorator to None, run_after=None
[2025-03-26T13:00:44.273+0000] {processor.py:208} INFO - Processing /home/ubuntu/miniconda3/envs/mlflow/lib/python3.12/site-packages/airflow/example_dags/example_bash_decorator.py took 0.107 seconds
[2025-03-26T13:01:49.249+0000] {processor.py:186} INFO - Started process (PID=101192) to work on /home/ubuntu/miniconda3/envs/mlflow/lib/python3.12/site-packages/airflow/example_dags/example_bash_decorator.py
[2025-03-26T13:01:49.250+0000] {processor.py:914} INFO - Processing file /home/ubuntu/miniconda3/envs/mlflow/lib/python3.12/site-packages/airflow/example_dags/example_bash_decorator.py for tasks to queue
[2025-03-26T13:01:49.253+0000] {logging_mixin.py:190} INFO - [2025-03-26T13:01:49.252+0000] {dagbag.py:588} INFO - Filling up the DagBag from /home/ubuntu/miniconda3/envs/mlflow/lib/python3.12/site-packages/airflow/example_dags/example_bash_decorator.py
[2025-03-26T13:01:49.273+0000] {processor.py:925} INFO - DAG(s) 'example_bash_decorator' retrieved from /home/ubuntu/miniconda3/envs/mlflow/lib/python3.12/site-packages/airflow/example_dags/example_bash_decorator.py
[2025-03-26T13:01:49.296+0000] {logging_mixin.py:190} INFO - [2025-03-26T13:01:49.295+0000] {dag.py:3239} INFO - Sync 1 DAGs
[2025-03-26T13:01:49.311+0000] {logging_mixin.py:190} INFO - [2025-03-26T13:01:49.311+0000] {dag.py:4180} INFO - Setting next_dagrun for example_bash_decorator to None, run_after=None
[2025-03-26T13:01:49.338+0000] {processor.py:208} INFO - Processing /home/ubuntu/miniconda3/envs/mlflow/lib/python3.12/site-packages/airflow/example_dags/example_bash_decorator.py took 0.096 seconds
