[2025-03-26T12:55:14.576+0000] {processor.py:186} INFO - Started process (PID=100249) to work on /home/ubuntu/miniconda3/envs/mlflow/lib/python3.12/site-packages/airflow/example_dags/example_branch_operator.py
[2025-03-26T12:55:14.577+0000] {processor.py:914} INFO - Processing file /home/ubuntu/miniconda3/envs/mlflow/lib/python3.12/site-packages/airflow/example_dags/example_branch_operator.py for tasks to queue
[2025-03-26T12:55:14.579+0000] {logging_mixin.py:190} INFO - [2025-03-26T12:55:14.579+0000] {dagbag.py:588} INFO - Filling up the DagBag from /home/ubuntu/miniconda3/envs/mlflow/lib/python3.12/site-packages/airflow/example_dags/example_branch_operator.py
[2025-03-26T12:55:14.603+0000] {processor.py:925} INFO - DAG(s) 'example_branch_operator' retrieved from /home/ubuntu/miniconda3/envs/mlflow/lib/python3.12/site-packages/airflow/example_dags/example_branch_operator.py
[2025-03-26T12:55:14.764+0000] {logging_mixin.py:190} INFO - [2025-03-26T12:55:14.763+0000] {override.py:1930} INFO - Created Permission View: can read on DAG:example_branch_operator
[2025-03-26T12:55:14.784+0000] {logging_mixin.py:190} INFO - [2025-03-26T12:55:14.783+0000] {override.py:1930} INFO - Created Permission View: can edit on DAG:example_branch_operator
[2025-03-26T12:55:14.800+0000] {logging_mixin.py:190} INFO - [2025-03-26T12:55:14.800+0000] {override.py:1930} INFO - Created Permission View: can delete on DAG:example_branch_operator
[2025-03-26T12:55:14.826+0000] {logging_mixin.py:190} INFO - [2025-03-26T12:55:14.825+0000] {override.py:1930} INFO - Created Permission View: can read on DAG Run:example_branch_operator
[2025-03-26T12:55:14.839+0000] {logging_mixin.py:190} INFO - [2025-03-26T12:55:14.839+0000] {override.py:1930} INFO - Created Permission View: menu access on DAG Run:example_branch_operator
[2025-03-26T12:55:14.857+0000] {logging_mixin.py:190} INFO - [2025-03-26T12:55:14.856+0000] {override.py:1930} INFO - Created Permission View: can create on DAG Run:example_branch_operator
[2025-03-26T12:55:14.881+0000] {logging_mixin.py:190} INFO - [2025-03-26T12:55:14.880+0000] {override.py:1930} INFO - Created Permission View: can delete on DAG Run:example_branch_operator
[2025-03-26T12:55:14.882+0000] {logging_mixin.py:190} INFO - [2025-03-26T12:55:14.881+0000] {dag.py:3239} INFO - Sync 1 DAGs
[2025-03-26T12:55:14.902+0000] {logging_mixin.py:190} INFO - [2025-03-26T12:55:14.902+0000] {dag.py:3262} INFO - Creating ORM DAG for example_branch_operator
[2025-03-26T12:55:14.915+0000] {logging_mixin.py:190} INFO - [2025-03-26T12:55:14.914+0000] {dag.py:4180} INFO - Setting next_dagrun for example_branch_operator to 2025-03-25 00:00:00+00:00, run_after=2025-03-26 00:00:00+00:00
[2025-03-26T12:55:14.947+0000] {processor.py:208} INFO - Processing /home/ubuntu/miniconda3/envs/mlflow/lib/python3.12/site-packages/airflow/example_dags/example_branch_operator.py took 0.377 seconds
[2025-03-26T12:56:24.610+0000] {processor.py:186} INFO - Started process (PID=100473) to work on /home/ubuntu/miniconda3/envs/mlflow/lib/python3.12/site-packages/airflow/example_dags/example_branch_operator.py
[2025-03-26T12:56:24.611+0000] {processor.py:914} INFO - Processing file /home/ubuntu/miniconda3/envs/mlflow/lib/python3.12/site-packages/airflow/example_dags/example_branch_operator.py for tasks to queue
[2025-03-26T12:56:24.614+0000] {logging_mixin.py:190} INFO - [2025-03-26T12:56:24.613+0000] {dagbag.py:588} INFO - Filling up the DagBag from /home/ubuntu/miniconda3/envs/mlflow/lib/python3.12/site-packages/airflow/example_dags/example_branch_operator.py
[2025-03-26T12:56:24.640+0000] {processor.py:925} INFO - DAG(s) 'example_branch_operator' retrieved from /home/ubuntu/miniconda3/envs/mlflow/lib/python3.12/site-packages/airflow/example_dags/example_branch_operator.py
[2025-03-26T12:56:24.671+0000] {logging_mixin.py:190} INFO - [2025-03-26T12:56:24.670+0000] {dag.py:3239} INFO - Sync 1 DAGs
[2025-03-26T12:56:24.701+0000] {logging_mixin.py:190} INFO - [2025-03-26T12:56:24.701+0000] {dag.py:4180} INFO - Setting next_dagrun for example_branch_operator to 2025-03-25 00:00:00+00:00, run_after=2025-03-26 00:00:00+00:00
[2025-03-26T12:56:24.732+0000] {processor.py:208} INFO - Processing /home/ubuntu/miniconda3/envs/mlflow/lib/python3.12/site-packages/airflow/example_dags/example_branch_operator.py took 0.129 seconds
[2025-03-26T12:57:30.925+0000] {processor.py:186} INFO - Started process (PID=100707) to work on /home/ubuntu/miniconda3/envs/mlflow/lib/python3.12/site-packages/airflow/example_dags/example_branch_operator.py
[2025-03-26T12:57:30.927+0000] {processor.py:914} INFO - Processing file /home/ubuntu/miniconda3/envs/mlflow/lib/python3.12/site-packages/airflow/example_dags/example_branch_operator.py for tasks to queue
[2025-03-26T12:57:30.930+0000] {logging_mixin.py:190} INFO - [2025-03-26T12:57:30.929+0000] {dagbag.py:588} INFO - Filling up the DagBag from /home/ubuntu/miniconda3/envs/mlflow/lib/python3.12/site-packages/airflow/example_dags/example_branch_operator.py
[2025-03-26T12:57:30.957+0000] {processor.py:925} INFO - DAG(s) 'example_branch_operator' retrieved from /home/ubuntu/miniconda3/envs/mlflow/lib/python3.12/site-packages/airflow/example_dags/example_branch_operator.py
[2025-03-26T12:57:30.988+0000] {logging_mixin.py:190} INFO - [2025-03-26T12:57:30.987+0000] {dag.py:3239} INFO - Sync 1 DAGs
[2025-03-26T12:57:31.021+0000] {logging_mixin.py:190} INFO - [2025-03-26T12:57:31.020+0000] {dag.py:4180} INFO - Setting next_dagrun for example_branch_operator to 2025-03-25 00:00:00+00:00, run_after=2025-03-26 00:00:00+00:00
[2025-03-26T12:57:31.052+0000] {processor.py:208} INFO - Processing /home/ubuntu/miniconda3/envs/mlflow/lib/python3.12/site-packages/airflow/example_dags/example_branch_operator.py took 0.133 seconds
[2025-03-26T12:58:35.629+0000] {processor.py:186} INFO - Started process (PID=100823) to work on /home/ubuntu/miniconda3/envs/mlflow/lib/python3.12/site-packages/airflow/example_dags/example_branch_operator.py
[2025-03-26T12:58:35.630+0000] {processor.py:914} INFO - Processing file /home/ubuntu/miniconda3/envs/mlflow/lib/python3.12/site-packages/airflow/example_dags/example_branch_operator.py for tasks to queue
[2025-03-26T12:58:35.632+0000] {logging_mixin.py:190} INFO - [2025-03-26T12:58:35.631+0000] {dagbag.py:588} INFO - Filling up the DagBag from /home/ubuntu/miniconda3/envs/mlflow/lib/python3.12/site-packages/airflow/example_dags/example_branch_operator.py
[2025-03-26T12:58:35.653+0000] {processor.py:925} INFO - DAG(s) 'example_branch_operator' retrieved from /home/ubuntu/miniconda3/envs/mlflow/lib/python3.12/site-packages/airflow/example_dags/example_branch_operator.py
[2025-03-26T12:58:35.685+0000] {logging_mixin.py:190} INFO - [2025-03-26T12:58:35.684+0000] {dag.py:3239} INFO - Sync 1 DAGs
[2025-03-26T12:58:35.711+0000] {logging_mixin.py:190} INFO - [2025-03-26T12:58:35.710+0000] {dag.py:4180} INFO - Setting next_dagrun for example_branch_operator to 2025-03-25 00:00:00+00:00, run_after=2025-03-26 00:00:00+00:00
[2025-03-26T12:58:35.742+0000] {processor.py:208} INFO - Processing /home/ubuntu/miniconda3/envs/mlflow/lib/python3.12/site-packages/airflow/example_dags/example_branch_operator.py took 0.119 seconds
[2025-03-26T12:59:38.889+0000] {processor.py:186} INFO - Started process (PID=100999) to work on /home/ubuntu/miniconda3/envs/mlflow/lib/python3.12/site-packages/airflow/example_dags/example_branch_operator.py
[2025-03-26T12:59:38.890+0000] {processor.py:914} INFO - Processing file /home/ubuntu/miniconda3/envs/mlflow/lib/python3.12/site-packages/airflow/example_dags/example_branch_operator.py for tasks to queue
[2025-03-26T12:59:38.893+0000] {logging_mixin.py:190} INFO - [2025-03-26T12:59:38.892+0000] {dagbag.py:588} INFO - Filling up the DagBag from /home/ubuntu/miniconda3/envs/mlflow/lib/python3.12/site-packages/airflow/example_dags/example_branch_operator.py
[2025-03-26T12:59:38.915+0000] {processor.py:925} INFO - DAG(s) 'example_branch_operator' retrieved from /home/ubuntu/miniconda3/envs/mlflow/lib/python3.12/site-packages/airflow/example_dags/example_branch_operator.py
[2025-03-26T12:59:38.954+0000] {logging_mixin.py:190} INFO - [2025-03-26T12:59:38.954+0000] {dag.py:3239} INFO - Sync 1 DAGs
[2025-03-26T12:59:38.982+0000] {logging_mixin.py:190} INFO - [2025-03-26T12:59:38.982+0000] {dag.py:4180} INFO - Setting next_dagrun for example_branch_operator to 2025-03-25 00:00:00+00:00, run_after=2025-03-26 00:00:00+00:00
[2025-03-26T12:59:39.013+0000] {processor.py:208} INFO - Processing /home/ubuntu/miniconda3/envs/mlflow/lib/python3.12/site-packages/airflow/example_dags/example_branch_operator.py took 0.130 seconds
[2025-03-26T13:00:40.470+0000] {processor.py:186} INFO - Started process (PID=101124) to work on /home/ubuntu/miniconda3/envs/mlflow/lib/python3.12/site-packages/airflow/example_dags/example_branch_operator.py
[2025-03-26T13:00:40.481+0000] {processor.py:914} INFO - Processing file /home/ubuntu/miniconda3/envs/mlflow/lib/python3.12/site-packages/airflow/example_dags/example_branch_operator.py for tasks to queue
[2025-03-26T13:00:40.483+0000] {logging_mixin.py:190} INFO - [2025-03-26T13:00:40.483+0000] {dagbag.py:588} INFO - Filling up the DagBag from /home/ubuntu/miniconda3/envs/mlflow/lib/python3.12/site-packages/airflow/example_dags/example_branch_operator.py
[2025-03-26T13:00:40.518+0000] {processor.py:925} INFO - DAG(s) 'example_branch_operator' retrieved from /home/ubuntu/miniconda3/envs/mlflow/lib/python3.12/site-packages/airflow/example_dags/example_branch_operator.py
[2025-03-26T13:00:40.563+0000] {logging_mixin.py:190} INFO - [2025-03-26T13:00:40.562+0000] {dag.py:3239} INFO - Sync 1 DAGs
[2025-03-26T13:00:40.589+0000] {logging_mixin.py:190} INFO - [2025-03-26T13:00:40.589+0000] {dag.py:4180} INFO - Setting next_dagrun for example_branch_operator to 2025-03-25 00:00:00+00:00, run_after=2025-03-26 00:00:00+00:00
[2025-03-26T13:00:40.618+0000] {processor.py:208} INFO - Processing /home/ubuntu/miniconda3/envs/mlflow/lib/python3.12/site-packages/airflow/example_dags/example_branch_operator.py took 0.156 seconds
[2025-03-26T13:01:46.368+0000] {processor.py:186} INFO - Started process (PID=101188) to work on /home/ubuntu/miniconda3/envs/mlflow/lib/python3.12/site-packages/airflow/example_dags/example_branch_operator.py
[2025-03-26T13:01:46.370+0000] {processor.py:914} INFO - Processing file /home/ubuntu/miniconda3/envs/mlflow/lib/python3.12/site-packages/airflow/example_dags/example_branch_operator.py for tasks to queue
[2025-03-26T13:01:46.373+0000] {logging_mixin.py:190} INFO - [2025-03-26T13:01:46.373+0000] {dagbag.py:588} INFO - Filling up the DagBag from /home/ubuntu/miniconda3/envs/mlflow/lib/python3.12/site-packages/airflow/example_dags/example_branch_operator.py
[2025-03-26T13:01:46.400+0000] {processor.py:925} INFO - DAG(s) 'example_branch_operator' retrieved from /home/ubuntu/miniconda3/envs/mlflow/lib/python3.12/site-packages/airflow/example_dags/example_branch_operator.py
[2025-03-26T13:01:46.433+0000] {logging_mixin.py:190} INFO - [2025-03-26T13:01:46.432+0000] {dag.py:3239} INFO - Sync 1 DAGs
[2025-03-26T13:01:46.464+0000] {logging_mixin.py:190} INFO - [2025-03-26T13:01:46.464+0000] {dag.py:4180} INFO - Setting next_dagrun for example_branch_operator to 2025-03-25 00:00:00+00:00, run_after=2025-03-26 00:00:00+00:00
[2025-03-26T13:01:46.496+0000] {processor.py:208} INFO - Processing /home/ubuntu/miniconda3/envs/mlflow/lib/python3.12/site-packages/airflow/example_dags/example_branch_operator.py took 0.135 seconds
