[2025-03-26T12:55:13.131+0000] {processor.py:186} INFO - Started process (PID=100248) to work on /home/ubuntu/miniconda3/envs/mlflow/lib/python3.12/site-packages/airflow/example_dags/example_complex.py
[2025-03-26T12:55:13.132+0000] {processor.py:914} INFO - Processing file /home/ubuntu/miniconda3/envs/mlflow/lib/python3.12/site-packages/airflow/example_dags/example_complex.py for tasks to queue
[2025-03-26T12:55:13.135+0000] {logging_mixin.py:190} INFO - [2025-03-26T12:55:13.134+0000] {dagbag.py:588} INFO - Filling up the DagBag from /home/ubuntu/miniconda3/envs/mlflow/lib/python3.12/site-packages/airflow/example_dags/example_complex.py
[2025-03-26T12:55:13.156+0000] {processor.py:925} INFO - DAG(s) 'example_complex' retrieved from /home/ubuntu/miniconda3/envs/mlflow/lib/python3.12/site-packages/airflow/example_dags/example_complex.py
[2025-03-26T12:55:13.309+0000] {logging_mixin.py:190} INFO - [2025-03-26T12:55:13.308+0000] {override.py:1930} INFO - Created Permission View: can read on DAG:example_complex
[2025-03-26T12:55:13.327+0000] {logging_mixin.py:190} INFO - [2025-03-26T12:55:13.326+0000] {override.py:1930} INFO - Created Permission View: can edit on DAG:example_complex
[2025-03-26T12:55:13.339+0000] {logging_mixin.py:190} INFO - [2025-03-26T12:55:13.339+0000] {override.py:1930} INFO - Created Permission View: can delete on DAG:example_complex
[2025-03-26T12:55:13.359+0000] {logging_mixin.py:190} INFO - [2025-03-26T12:55:13.359+0000] {override.py:1930} INFO - Created Permission View: can read on DAG Run:example_complex
[2025-03-26T12:55:13.373+0000] {logging_mixin.py:190} INFO - [2025-03-26T12:55:13.372+0000] {override.py:1930} INFO - Created Permission View: menu access on DAG Run:example_complex
[2025-03-26T12:55:13.386+0000] {logging_mixin.py:190} INFO - [2025-03-26T12:55:13.386+0000] {override.py:1930} INFO - Created Permission View: can create on DAG Run:example_complex
[2025-03-26T12:55:13.399+0000] {logging_mixin.py:190} INFO - [2025-03-26T12:55:13.398+0000] {override.py:1930} INFO - Created Permission View: can delete on DAG Run:example_complex
[2025-03-26T12:55:13.399+0000] {logging_mixin.py:190} INFO - [2025-03-26T12:55:13.399+0000] {dag.py:3239} INFO - Sync 1 DAGs
[2025-03-26T12:55:13.414+0000] {logging_mixin.py:190} INFO - [2025-03-26T12:55:13.413+0000] {dag.py:3262} INFO - Creating ORM DAG for example_complex
[2025-03-26T12:55:13.414+0000] {logging_mixin.py:190} INFO - [2025-03-26T12:55:13.414+0000] {dag.py:4180} INFO - Setting next_dagrun for example_complex to None, run_after=None
[2025-03-26T12:55:13.441+0000] {processor.py:208} INFO - Processing /home/ubuntu/miniconda3/envs/mlflow/lib/python3.12/site-packages/airflow/example_dags/example_complex.py took 0.327 seconds
[2025-03-26T12:56:24.083+0000] {processor.py:186} INFO - Started process (PID=100472) to work on /home/ubuntu/miniconda3/envs/mlflow/lib/python3.12/site-packages/airflow/example_dags/example_complex.py
[2025-03-26T12:56:24.087+0000] {processor.py:914} INFO - Processing file /home/ubuntu/miniconda3/envs/mlflow/lib/python3.12/site-packages/airflow/example_dags/example_complex.py for tasks to queue
[2025-03-26T12:56:24.094+0000] {logging_mixin.py:190} INFO - [2025-03-26T12:56:24.093+0000] {dagbag.py:588} INFO - Filling up the DagBag from /home/ubuntu/miniconda3/envs/mlflow/lib/python3.12/site-packages/airflow/example_dags/example_complex.py
[2025-03-26T12:56:24.110+0000] {processor.py:925} INFO - DAG(s) 'example_complex' retrieved from /home/ubuntu/miniconda3/envs/mlflow/lib/python3.12/site-packages/airflow/example_dags/example_complex.py
[2025-03-26T12:56:24.142+0000] {logging_mixin.py:190} INFO - [2025-03-26T12:56:24.141+0000] {dag.py:3239} INFO - Sync 1 DAGs
[2025-03-26T12:56:24.157+0000] {logging_mixin.py:190} INFO - [2025-03-26T12:56:24.157+0000] {dag.py:4180} INFO - Setting next_dagrun for example_complex to None, run_after=None
[2025-03-26T12:56:24.184+0000] {processor.py:208} INFO - Processing /home/ubuntu/miniconda3/envs/mlflow/lib/python3.12/site-packages/airflow/example_dags/example_complex.py took 0.107 seconds
[2025-03-26T12:57:29.675+0000] {processor.py:186} INFO - Started process (PID=100706) to work on /home/ubuntu/miniconda3/envs/mlflow/lib/python3.12/site-packages/airflow/example_dags/example_complex.py
[2025-03-26T12:57:29.677+0000] {processor.py:914} INFO - Processing file /home/ubuntu/miniconda3/envs/mlflow/lib/python3.12/site-packages/airflow/example_dags/example_complex.py for tasks to queue
[2025-03-26T12:57:29.679+0000] {logging_mixin.py:190} INFO - [2025-03-26T12:57:29.679+0000] {dagbag.py:588} INFO - Filling up the DagBag from /home/ubuntu/miniconda3/envs/mlflow/lib/python3.12/site-packages/airflow/example_dags/example_complex.py
[2025-03-26T12:57:29.694+0000] {processor.py:925} INFO - DAG(s) 'example_complex' retrieved from /home/ubuntu/miniconda3/envs/mlflow/lib/python3.12/site-packages/airflow/example_dags/example_complex.py
[2025-03-26T12:57:29.735+0000] {logging_mixin.py:190} INFO - [2025-03-26T12:57:29.734+0000] {dag.py:3239} INFO - Sync 1 DAGs
[2025-03-26T12:57:29.751+0000] {logging_mixin.py:190} INFO - [2025-03-26T12:57:29.751+0000] {dag.py:4180} INFO - Setting next_dagrun for example_complex to None, run_after=None
[2025-03-26T12:57:29.783+0000] {processor.py:208} INFO - Processing /home/ubuntu/miniconda3/envs/mlflow/lib/python3.12/site-packages/airflow/example_dags/example_complex.py took 0.122 seconds
[2025-03-26T12:58:34.667+0000] {processor.py:186} INFO - Started process (PID=100822) to work on /home/ubuntu/miniconda3/envs/mlflow/lib/python3.12/site-packages/airflow/example_dags/example_complex.py
[2025-03-26T12:58:34.669+0000] {processor.py:914} INFO - Processing file /home/ubuntu/miniconda3/envs/mlflow/lib/python3.12/site-packages/airflow/example_dags/example_complex.py for tasks to queue
[2025-03-26T12:58:34.673+0000] {logging_mixin.py:190} INFO - [2025-03-26T12:58:34.671+0000] {dagbag.py:588} INFO - Filling up the DagBag from /home/ubuntu/miniconda3/envs/mlflow/lib/python3.12/site-packages/airflow/example_dags/example_complex.py
[2025-03-26T12:58:34.695+0000] {processor.py:925} INFO - DAG(s) 'example_complex' retrieved from /home/ubuntu/miniconda3/envs/mlflow/lib/python3.12/site-packages/airflow/example_dags/example_complex.py
[2025-03-26T12:58:34.728+0000] {logging_mixin.py:190} INFO - [2025-03-26T12:58:34.728+0000] {dag.py:3239} INFO - Sync 1 DAGs
[2025-03-26T12:58:34.745+0000] {logging_mixin.py:190} INFO - [2025-03-26T12:58:34.745+0000] {dag.py:4180} INFO - Setting next_dagrun for example_complex to None, run_after=None
[2025-03-26T12:58:34.771+0000] {processor.py:208} INFO - Processing /home/ubuntu/miniconda3/envs/mlflow/lib/python3.12/site-packages/airflow/example_dags/example_complex.py took 0.110 seconds
[2025-03-26T12:59:37.939+0000] {processor.py:186} INFO - Started process (PID=100998) to work on /home/ubuntu/miniconda3/envs/mlflow/lib/python3.12/site-packages/airflow/example_dags/example_complex.py
[2025-03-26T12:59:37.940+0000] {processor.py:914} INFO - Processing file /home/ubuntu/miniconda3/envs/mlflow/lib/python3.12/site-packages/airflow/example_dags/example_complex.py for tasks to queue
[2025-03-26T12:59:37.942+0000] {logging_mixin.py:190} INFO - [2025-03-26T12:59:37.942+0000] {dagbag.py:588} INFO - Filling up the DagBag from /home/ubuntu/miniconda3/envs/mlflow/lib/python3.12/site-packages/airflow/example_dags/example_complex.py
[2025-03-26T12:59:37.963+0000] {processor.py:925} INFO - DAG(s) 'example_complex' retrieved from /home/ubuntu/miniconda3/envs/mlflow/lib/python3.12/site-packages/airflow/example_dags/example_complex.py
[2025-03-26T12:59:38.008+0000] {logging_mixin.py:190} INFO - [2025-03-26T12:59:38.007+0000] {dag.py:3239} INFO - Sync 1 DAGs
[2025-03-26T12:59:38.023+0000] {logging_mixin.py:190} INFO - [2025-03-26T12:59:38.022+0000] {dag.py:4180} INFO - Setting next_dagrun for example_complex to None, run_after=None
[2025-03-26T12:59:38.050+0000] {processor.py:208} INFO - Processing /home/ubuntu/miniconda3/envs/mlflow/lib/python3.12/site-packages/airflow/example_dags/example_complex.py took 0.117 seconds
[2025-03-26T13:00:39.844+0000] {processor.py:186} INFO - Started process (PID=101123) to work on /home/ubuntu/miniconda3/envs/mlflow/lib/python3.12/site-packages/airflow/example_dags/example_complex.py
[2025-03-26T13:00:39.845+0000] {processor.py:914} INFO - Processing file /home/ubuntu/miniconda3/envs/mlflow/lib/python3.12/site-packages/airflow/example_dags/example_complex.py for tasks to queue
[2025-03-26T13:00:39.847+0000] {logging_mixin.py:190} INFO - [2025-03-26T13:00:39.847+0000] {dagbag.py:588} INFO - Filling up the DagBag from /home/ubuntu/miniconda3/envs/mlflow/lib/python3.12/site-packages/airflow/example_dags/example_complex.py
[2025-03-26T13:00:39.861+0000] {processor.py:925} INFO - DAG(s) 'example_complex' retrieved from /home/ubuntu/miniconda3/envs/mlflow/lib/python3.12/site-packages/airflow/example_dags/example_complex.py
[2025-03-26T13:00:39.903+0000] {logging_mixin.py:190} INFO - [2025-03-26T13:00:39.903+0000] {dag.py:3239} INFO - Sync 1 DAGs
[2025-03-26T13:00:39.922+0000] {logging_mixin.py:190} INFO - [2025-03-26T13:00:39.921+0000] {dag.py:4180} INFO - Setting next_dagrun for example_complex to None, run_after=None
[2025-03-26T13:00:39.965+0000] {processor.py:208} INFO - Processing /home/ubuntu/miniconda3/envs/mlflow/lib/python3.12/site-packages/airflow/example_dags/example_complex.py took 0.127 seconds
[2025-03-26T13:01:45.113+0000] {processor.py:186} INFO - Started process (PID=101187) to work on /home/ubuntu/miniconda3/envs/mlflow/lib/python3.12/site-packages/airflow/example_dags/example_complex.py
[2025-03-26T13:01:45.114+0000] {processor.py:914} INFO - Processing file /home/ubuntu/miniconda3/envs/mlflow/lib/python3.12/site-packages/airflow/example_dags/example_complex.py for tasks to queue
[2025-03-26T13:01:45.116+0000] {logging_mixin.py:190} INFO - [2025-03-26T13:01:45.116+0000] {dagbag.py:588} INFO - Filling up the DagBag from /home/ubuntu/miniconda3/envs/mlflow/lib/python3.12/site-packages/airflow/example_dags/example_complex.py
[2025-03-26T13:01:45.130+0000] {processor.py:925} INFO - DAG(s) 'example_complex' retrieved from /home/ubuntu/miniconda3/envs/mlflow/lib/python3.12/site-packages/airflow/example_dags/example_complex.py
[2025-03-26T13:01:45.165+0000] {logging_mixin.py:190} INFO - [2025-03-26T13:01:45.165+0000] {dag.py:3239} INFO - Sync 1 DAGs
[2025-03-26T13:01:45.182+0000] {logging_mixin.py:190} INFO - [2025-03-26T13:01:45.182+0000] {dag.py:4180} INFO - Setting next_dagrun for example_complex to None, run_after=None
[2025-03-26T13:01:45.209+0000] {processor.py:208} INFO - Processing /home/ubuntu/miniconda3/envs/mlflow/lib/python3.12/site-packages/airflow/example_dags/example_complex.py took 0.102 seconds
