[2025-03-26T12:54:23.427+0000] {processor.py:186} INFO - Started process (PID=100143) to work on /home/ubuntu/miniconda3/envs/mlflow/lib/python3.12/site-packages/airflow/example_dags/example_time_delta_sensor_async.py
[2025-03-26T12:54:23.430+0000] {processor.py:914} INFO - Processing file /home/ubuntu/miniconda3/envs/mlflow/lib/python3.12/site-packages/airflow/example_dags/example_time_delta_sensor_async.py for tasks to queue
[2025-03-26T12:54:23.434+0000] {logging_mixin.py:190} INFO - [2025-03-26T12:54:23.434+0000] {dagbag.py:588} INFO - Filling up the DagBag from /home/ubuntu/miniconda3/envs/mlflow/lib/python3.12/site-packages/airflow/example_dags/example_time_delta_sensor_async.py
[2025-03-26T12:54:23.442+0000] {processor.py:925} INFO - DAG(s) 'example_time_delta_sensor_async' retrieved from /home/ubuntu/miniconda3/envs/mlflow/lib/python3.12/site-packages/airflow/example_dags/example_time_delta_sensor_async.py
[2025-03-26T12:54:23.582+0000] {logging_mixin.py:190} INFO - [2025-03-26T12:54:23.580+0000] {override.py:1930} INFO - Created Permission View: can read on DAG:example_time_delta_sensor_async
[2025-03-26T12:54:23.599+0000] {logging_mixin.py:190} INFO - [2025-03-26T12:54:23.599+0000] {override.py:1930} INFO - Created Permission View: can edit on DAG:example_time_delta_sensor_async
[2025-03-26T12:54:23.613+0000] {logging_mixin.py:190} INFO - [2025-03-26T12:54:23.612+0000] {override.py:1930} INFO - Created Permission View: can delete on DAG:example_time_delta_sensor_async
[2025-03-26T12:54:23.638+0000] {logging_mixin.py:190} INFO - [2025-03-26T12:54:23.637+0000] {override.py:1930} INFO - Created Permission View: can read on DAG Run:example_time_delta_sensor_async
[2025-03-26T12:54:23.652+0000] {logging_mixin.py:190} INFO - [2025-03-26T12:54:23.652+0000] {override.py:1930} INFO - Created Permission View: menu access on DAG Run:example_time_delta_sensor_async
[2025-03-26T12:54:23.665+0000] {logging_mixin.py:190} INFO - [2025-03-26T12:54:23.664+0000] {override.py:1930} INFO - Created Permission View: can create on DAG Run:example_time_delta_sensor_async
[2025-03-26T12:54:23.679+0000] {logging_mixin.py:190} INFO - [2025-03-26T12:54:23.679+0000] {override.py:1930} INFO - Created Permission View: can delete on DAG Run:example_time_delta_sensor_async
[2025-03-26T12:54:23.680+0000] {logging_mixin.py:190} INFO - [2025-03-26T12:54:23.680+0000] {dag.py:3239} INFO - Sync 1 DAGs
[2025-03-26T12:54:23.699+0000] {logging_mixin.py:190} INFO - [2025-03-26T12:54:23.698+0000] {dag.py:3262} INFO - Creating ORM DAG for example_time_delta_sensor_async
[2025-03-26T12:54:23.699+0000] {logging_mixin.py:190} INFO - [2025-03-26T12:54:23.699+0000] {dag.py:4180} INFO - Setting next_dagrun for example_time_delta_sensor_async to None, run_after=None
[2025-03-26T12:54:23.738+0000] {processor.py:208} INFO - Processing /home/ubuntu/miniconda3/envs/mlflow/lib/python3.12/site-packages/airflow/example_dags/example_time_delta_sensor_async.py took 0.318 seconds
[2025-03-26T12:55:36.179+0000] {processor.py:186} INFO - Started process (PID=100304) to work on /home/ubuntu/miniconda3/envs/mlflow/lib/python3.12/site-packages/airflow/example_dags/example_time_delta_sensor_async.py
[2025-03-26T12:55:36.186+0000] {processor.py:914} INFO - Processing file /home/ubuntu/miniconda3/envs/mlflow/lib/python3.12/site-packages/airflow/example_dags/example_time_delta_sensor_async.py for tasks to queue
[2025-03-26T12:55:36.189+0000] {logging_mixin.py:190} INFO - [2025-03-26T12:55:36.188+0000] {dagbag.py:588} INFO - Filling up the DagBag from /home/ubuntu/miniconda3/envs/mlflow/lib/python3.12/site-packages/airflow/example_dags/example_time_delta_sensor_async.py
[2025-03-26T12:55:36.198+0000] {processor.py:925} INFO - DAG(s) 'example_time_delta_sensor_async' retrieved from /home/ubuntu/miniconda3/envs/mlflow/lib/python3.12/site-packages/airflow/example_dags/example_time_delta_sensor_async.py
[2025-03-26T12:55:36.216+0000] {logging_mixin.py:190} INFO - [2025-03-26T12:55:36.216+0000] {dag.py:3239} INFO - Sync 1 DAGs
[2025-03-26T12:55:36.232+0000] {logging_mixin.py:190} INFO - [2025-03-26T12:55:36.232+0000] {dag.py:4180} INFO - Setting next_dagrun for example_time_delta_sensor_async to None, run_after=None
[2025-03-26T12:55:36.269+0000] {processor.py:208} INFO - Processing /home/ubuntu/miniconda3/envs/mlflow/lib/python3.12/site-packages/airflow/example_dags/example_time_delta_sensor_async.py took 0.102 seconds
[2025-03-26T12:56:41.065+0000] {processor.py:186} INFO - Started process (PID=100511) to work on /home/ubuntu/miniconda3/envs/mlflow/lib/python3.12/site-packages/airflow/example_dags/example_time_delta_sensor_async.py
[2025-03-26T12:56:41.067+0000] {processor.py:914} INFO - Processing file /home/ubuntu/miniconda3/envs/mlflow/lib/python3.12/site-packages/airflow/example_dags/example_time_delta_sensor_async.py for tasks to queue
[2025-03-26T12:56:41.069+0000] {logging_mixin.py:190} INFO - [2025-03-26T12:56:41.068+0000] {dagbag.py:588} INFO - Filling up the DagBag from /home/ubuntu/miniconda3/envs/mlflow/lib/python3.12/site-packages/airflow/example_dags/example_time_delta_sensor_async.py
[2025-03-26T12:56:41.079+0000] {processor.py:925} INFO - DAG(s) 'example_time_delta_sensor_async' retrieved from /home/ubuntu/miniconda3/envs/mlflow/lib/python3.12/site-packages/airflow/example_dags/example_time_delta_sensor_async.py
[2025-03-26T12:56:41.098+0000] {logging_mixin.py:190} INFO - [2025-03-26T12:56:41.097+0000] {dag.py:3239} INFO - Sync 1 DAGs
[2025-03-26T12:56:41.115+0000] {logging_mixin.py:190} INFO - [2025-03-26T12:56:41.115+0000] {dag.py:4180} INFO - Setting next_dagrun for example_time_delta_sensor_async to None, run_after=None
[2025-03-26T12:56:41.146+0000] {processor.py:208} INFO - Processing /home/ubuntu/miniconda3/envs/mlflow/lib/python3.12/site-packages/airflow/example_dags/example_time_delta_sensor_async.py took 0.089 seconds
[2025-03-26T12:57:47.737+0000] {processor.py:186} INFO - Started process (PID=100740) to work on /home/ubuntu/miniconda3/envs/mlflow/lib/python3.12/site-packages/airflow/example_dags/example_time_delta_sensor_async.py
[2025-03-26T12:57:47.742+0000] {processor.py:914} INFO - Processing file /home/ubuntu/miniconda3/envs/mlflow/lib/python3.12/site-packages/airflow/example_dags/example_time_delta_sensor_async.py for tasks to queue
[2025-03-26T12:57:47.747+0000] {logging_mixin.py:190} INFO - [2025-03-26T12:57:47.746+0000] {dagbag.py:588} INFO - Filling up the DagBag from /home/ubuntu/miniconda3/envs/mlflow/lib/python3.12/site-packages/airflow/example_dags/example_time_delta_sensor_async.py
[2025-03-26T12:57:47.757+0000] {processor.py:925} INFO - DAG(s) 'example_time_delta_sensor_async' retrieved from /home/ubuntu/miniconda3/envs/mlflow/lib/python3.12/site-packages/airflow/example_dags/example_time_delta_sensor_async.py
[2025-03-26T12:57:47.775+0000] {logging_mixin.py:190} INFO - [2025-03-26T12:57:47.774+0000] {dag.py:3239} INFO - Sync 1 DAGs
[2025-03-26T12:57:47.791+0000] {logging_mixin.py:190} INFO - [2025-03-26T12:57:47.791+0000] {dag.py:4180} INFO - Setting next_dagrun for example_time_delta_sensor_async to None, run_after=None
[2025-03-26T12:57:47.827+0000] {processor.py:208} INFO - Processing /home/ubuntu/miniconda3/envs/mlflow/lib/python3.12/site-packages/airflow/example_dags/example_time_delta_sensor_async.py took 0.108 seconds
[2025-03-26T12:58:51.172+0000] {processor.py:186} INFO - Started process (PID=100851) to work on /home/ubuntu/miniconda3/envs/mlflow/lib/python3.12/site-packages/airflow/example_dags/example_time_delta_sensor_async.py
[2025-03-26T12:58:51.174+0000] {processor.py:914} INFO - Processing file /home/ubuntu/miniconda3/envs/mlflow/lib/python3.12/site-packages/airflow/example_dags/example_time_delta_sensor_async.py for tasks to queue
[2025-03-26T12:58:51.176+0000] {logging_mixin.py:190} INFO - [2025-03-26T12:58:51.176+0000] {dagbag.py:588} INFO - Filling up the DagBag from /home/ubuntu/miniconda3/envs/mlflow/lib/python3.12/site-packages/airflow/example_dags/example_time_delta_sensor_async.py
[2025-03-26T12:58:51.187+0000] {processor.py:925} INFO - DAG(s) 'example_time_delta_sensor_async' retrieved from /home/ubuntu/miniconda3/envs/mlflow/lib/python3.12/site-packages/airflow/example_dags/example_time_delta_sensor_async.py
[2025-03-26T12:58:51.206+0000] {logging_mixin.py:190} INFO - [2025-03-26T12:58:51.205+0000] {dag.py:3239} INFO - Sync 1 DAGs
[2025-03-26T12:58:51.223+0000] {logging_mixin.py:190} INFO - [2025-03-26T12:58:51.223+0000] {dag.py:4180} INFO - Setting next_dagrun for example_time_delta_sensor_async to None, run_after=None
[2025-03-26T12:58:51.253+0000] {processor.py:208} INFO - Processing /home/ubuntu/miniconda3/envs/mlflow/lib/python3.12/site-packages/airflow/example_dags/example_time_delta_sensor_async.py took 0.088 seconds
[2025-03-26T12:59:54.907+0000] {processor.py:186} INFO - Started process (PID=101052) to work on /home/ubuntu/miniconda3/envs/mlflow/lib/python3.12/site-packages/airflow/example_dags/example_time_delta_sensor_async.py
[2025-03-26T12:59:54.909+0000] {processor.py:914} INFO - Processing file /home/ubuntu/miniconda3/envs/mlflow/lib/python3.12/site-packages/airflow/example_dags/example_time_delta_sensor_async.py for tasks to queue
[2025-03-26T12:59:54.912+0000] {logging_mixin.py:190} INFO - [2025-03-26T12:59:54.911+0000] {dagbag.py:588} INFO - Filling up the DagBag from /home/ubuntu/miniconda3/envs/mlflow/lib/python3.12/site-packages/airflow/example_dags/example_time_delta_sensor_async.py
[2025-03-26T12:59:54.921+0000] {processor.py:925} INFO - DAG(s) 'example_time_delta_sensor_async' retrieved from /home/ubuntu/miniconda3/envs/mlflow/lib/python3.12/site-packages/airflow/example_dags/example_time_delta_sensor_async.py
[2025-03-26T12:59:54.937+0000] {logging_mixin.py:190} INFO - [2025-03-26T12:59:54.936+0000] {dag.py:3239} INFO - Sync 1 DAGs
[2025-03-26T12:59:54.951+0000] {logging_mixin.py:190} INFO - [2025-03-26T12:59:54.951+0000] {dag.py:4180} INFO - Setting next_dagrun for example_time_delta_sensor_async to None, run_after=None
[2025-03-26T12:59:54.978+0000] {processor.py:208} INFO - Processing /home/ubuntu/miniconda3/envs/mlflow/lib/python3.12/site-packages/airflow/example_dags/example_time_delta_sensor_async.py took 0.082 seconds
[2025-03-26T13:00:57.462+0000] {processor.py:186} INFO - Started process (PID=101141) to work on /home/ubuntu/miniconda3/envs/mlflow/lib/python3.12/site-packages/airflow/example_dags/example_time_delta_sensor_async.py
[2025-03-26T13:00:57.463+0000] {processor.py:914} INFO - Processing file /home/ubuntu/miniconda3/envs/mlflow/lib/python3.12/site-packages/airflow/example_dags/example_time_delta_sensor_async.py for tasks to queue
[2025-03-26T13:00:57.465+0000] {logging_mixin.py:190} INFO - [2025-03-26T13:00:57.465+0000] {dagbag.py:588} INFO - Filling up the DagBag from /home/ubuntu/miniconda3/envs/mlflow/lib/python3.12/site-packages/airflow/example_dags/example_time_delta_sensor_async.py
[2025-03-26T13:00:57.473+0000] {processor.py:925} INFO - DAG(s) 'example_time_delta_sensor_async' retrieved from /home/ubuntu/miniconda3/envs/mlflow/lib/python3.12/site-packages/airflow/example_dags/example_time_delta_sensor_async.py
[2025-03-26T13:00:57.489+0000] {logging_mixin.py:190} INFO - [2025-03-26T13:00:57.488+0000] {dag.py:3239} INFO - Sync 1 DAGs
[2025-03-26T13:00:57.504+0000] {logging_mixin.py:190} INFO - [2025-03-26T13:00:57.503+0000] {dag.py:4180} INFO - Setting next_dagrun for example_time_delta_sensor_async to None, run_after=None
[2025-03-26T13:00:57.530+0000] {processor.py:208} INFO - Processing /home/ubuntu/miniconda3/envs/mlflow/lib/python3.12/site-packages/airflow/example_dags/example_time_delta_sensor_async.py took 0.074 seconds
[2025-03-26T13:02:00.631+0000] {processor.py:186} INFO - Started process (PID=101204) to work on /home/ubuntu/miniconda3/envs/mlflow/lib/python3.12/site-packages/airflow/example_dags/example_time_delta_sensor_async.py
[2025-03-26T13:02:00.633+0000] {processor.py:914} INFO - Processing file /home/ubuntu/miniconda3/envs/mlflow/lib/python3.12/site-packages/airflow/example_dags/example_time_delta_sensor_async.py for tasks to queue
[2025-03-26T13:02:00.636+0000] {logging_mixin.py:190} INFO - [2025-03-26T13:02:00.635+0000] {dagbag.py:588} INFO - Filling up the DagBag from /home/ubuntu/miniconda3/envs/mlflow/lib/python3.12/site-packages/airflow/example_dags/example_time_delta_sensor_async.py
[2025-03-26T13:02:00.649+0000] {processor.py:925} INFO - DAG(s) 'example_time_delta_sensor_async' retrieved from /home/ubuntu/miniconda3/envs/mlflow/lib/python3.12/site-packages/airflow/example_dags/example_time_delta_sensor_async.py
[2025-03-26T13:02:00.668+0000] {logging_mixin.py:190} INFO - [2025-03-26T13:02:00.668+0000] {dag.py:3239} INFO - Sync 1 DAGs
[2025-03-26T13:02:00.685+0000] {logging_mixin.py:190} INFO - [2025-03-26T13:02:00.685+0000] {dag.py:4180} INFO - Setting next_dagrun for example_time_delta_sensor_async to None, run_after=None
[2025-03-26T13:02:00.713+0000] {processor.py:208} INFO - Processing /home/ubuntu/miniconda3/envs/mlflow/lib/python3.12/site-packages/airflow/example_dags/example_time_delta_sensor_async.py took 0.088 seconds
