[2025-03-26T12:54:55.019+0000] {processor.py:186} INFO - Started process (PID=100197) to work on /home/ubuntu/miniconda3/envs/mlflow/lib/python3.12/site-packages/airflow/example_dags/example_display_name.py
[2025-03-26T12:54:55.020+0000] {processor.py:914} INFO - Processing file /home/ubuntu/miniconda3/envs/mlflow/lib/python3.12/site-packages/airflow/example_dags/example_display_name.py for tasks to queue
[2025-03-26T12:54:55.022+0000] {logging_mixin.py:190} INFO - [2025-03-26T12:54:55.022+0000] {dagbag.py:588} INFO - Filling up the DagBag from /home/ubuntu/miniconda3/envs/mlflow/lib/python3.12/site-packages/airflow/example_dags/example_display_name.py
[2025-03-26T12:54:55.031+0000] {processor.py:925} INFO - DAG(s) 'example_display_name' retrieved from /home/ubuntu/miniconda3/envs/mlflow/lib/python3.12/site-packages/airflow/example_dags/example_display_name.py
[2025-03-26T12:54:55.165+0000] {logging_mixin.py:190} INFO - [2025-03-26T12:54:55.164+0000] {override.py:1930} INFO - Created Permission View: can read on DAG:example_display_name
[2025-03-26T12:54:55.182+0000] {logging_mixin.py:190} INFO - [2025-03-26T12:54:55.181+0000] {override.py:1930} INFO - Created Permission View: can edit on DAG:example_display_name
[2025-03-26T12:54:55.195+0000] {logging_mixin.py:190} INFO - [2025-03-26T12:54:55.194+0000] {override.py:1930} INFO - Created Permission View: can delete on DAG:example_display_name
[2025-03-26T12:54:55.216+0000] {logging_mixin.py:190} INFO - [2025-03-26T12:54:55.215+0000] {override.py:1930} INFO - Created Permission View: can read on DAG Run:example_display_name
[2025-03-26T12:54:55.234+0000] {logging_mixin.py:190} INFO - [2025-03-26T12:54:55.234+0000] {override.py:1930} INFO - Created Permission View: menu access on DAG Run:example_display_name
[2025-03-26T12:54:55.261+0000] {logging_mixin.py:190} INFO - [2025-03-26T12:54:55.261+0000] {override.py:1930} INFO - Created Permission View: can create on DAG Run:example_display_name
[2025-03-26T12:54:55.276+0000] {logging_mixin.py:190} INFO - [2025-03-26T12:54:55.276+0000] {override.py:1930} INFO - Created Permission View: can delete on DAG Run:example_display_name
[2025-03-26T12:54:55.276+0000] {logging_mixin.py:190} INFO - [2025-03-26T12:54:55.276+0000] {dag.py:3239} INFO - Sync 1 DAGs
[2025-03-26T12:54:55.294+0000] {logging_mixin.py:190} INFO - [2025-03-26T12:54:55.294+0000] {dag.py:3262} INFO - Creating ORM DAG for example_display_name
[2025-03-26T12:54:55.295+0000] {logging_mixin.py:190} INFO - [2025-03-26T12:54:55.294+0000] {dag.py:4180} INFO - Setting next_dagrun for example_display_name to None, run_after=None
[2025-03-26T12:54:55.330+0000] {processor.py:208} INFO - Processing /home/ubuntu/miniconda3/envs/mlflow/lib/python3.12/site-packages/airflow/example_dags/example_display_name.py took 0.317 seconds
[2025-03-26T12:56:09.969+0000] {processor.py:186} INFO - Started process (PID=100443) to work on /home/ubuntu/miniconda3/envs/mlflow/lib/python3.12/site-packages/airflow/example_dags/example_display_name.py
[2025-03-26T12:56:09.970+0000] {processor.py:914} INFO - Processing file /home/ubuntu/miniconda3/envs/mlflow/lib/python3.12/site-packages/airflow/example_dags/example_display_name.py for tasks to queue
[2025-03-26T12:56:09.973+0000] {logging_mixin.py:190} INFO - [2025-03-26T12:56:09.972+0000] {dagbag.py:588} INFO - Filling up the DagBag from /home/ubuntu/miniconda3/envs/mlflow/lib/python3.12/site-packages/airflow/example_dags/example_display_name.py
[2025-03-26T12:56:09.981+0000] {processor.py:925} INFO - DAG(s) 'example_display_name' retrieved from /home/ubuntu/miniconda3/envs/mlflow/lib/python3.12/site-packages/airflow/example_dags/example_display_name.py
[2025-03-26T12:56:09.997+0000] {logging_mixin.py:190} INFO - [2025-03-26T12:56:09.996+0000] {dag.py:3239} INFO - Sync 1 DAGs
[2025-03-26T12:56:10.012+0000] {logging_mixin.py:190} INFO - [2025-03-26T12:56:10.011+0000] {dag.py:4180} INFO - Setting next_dagrun for example_display_name to None, run_after=None
[2025-03-26T12:56:10.039+0000] {processor.py:208} INFO - Processing /home/ubuntu/miniconda3/envs/mlflow/lib/python3.12/site-packages/airflow/example_dags/example_display_name.py took 0.076 seconds
[2025-03-26T12:57:15.670+0000] {processor.py:186} INFO - Started process (PID=100656) to work on /home/ubuntu/miniconda3/envs/mlflow/lib/python3.12/site-packages/airflow/example_dags/example_display_name.py
[2025-03-26T12:57:15.672+0000] {processor.py:914} INFO - Processing file /home/ubuntu/miniconda3/envs/mlflow/lib/python3.12/site-packages/airflow/example_dags/example_display_name.py for tasks to queue
[2025-03-26T12:57:15.675+0000] {logging_mixin.py:190} INFO - [2025-03-26T12:57:15.674+0000] {dagbag.py:588} INFO - Filling up the DagBag from /home/ubuntu/miniconda3/envs/mlflow/lib/python3.12/site-packages/airflow/example_dags/example_display_name.py
[2025-03-26T12:57:15.684+0000] {processor.py:925} INFO - DAG(s) 'example_display_name' retrieved from /home/ubuntu/miniconda3/envs/mlflow/lib/python3.12/site-packages/airflow/example_dags/example_display_name.py
[2025-03-26T12:57:15.705+0000] {logging_mixin.py:190} INFO - [2025-03-26T12:57:15.705+0000] {dag.py:3239} INFO - Sync 1 DAGs
[2025-03-26T12:57:15.724+0000] {logging_mixin.py:190} INFO - [2025-03-26T12:57:15.723+0000] {dag.py:4180} INFO - Setting next_dagrun for example_display_name to None, run_after=None
[2025-03-26T12:57:15.757+0000] {processor.py:208} INFO - Processing /home/ubuntu/miniconda3/envs/mlflow/lib/python3.12/site-packages/airflow/example_dags/example_display_name.py took 0.095 seconds
[2025-03-26T12:58:21.100+0000] {processor.py:186} INFO - Started process (PID=100796) to work on /home/ubuntu/miniconda3/envs/mlflow/lib/python3.12/site-packages/airflow/example_dags/example_display_name.py
[2025-03-26T12:58:21.101+0000] {processor.py:914} INFO - Processing file /home/ubuntu/miniconda3/envs/mlflow/lib/python3.12/site-packages/airflow/example_dags/example_display_name.py for tasks to queue
[2025-03-26T12:58:21.105+0000] {logging_mixin.py:190} INFO - [2025-03-26T12:58:21.104+0000] {dagbag.py:588} INFO - Filling up the DagBag from /home/ubuntu/miniconda3/envs/mlflow/lib/python3.12/site-packages/airflow/example_dags/example_display_name.py
[2025-03-26T12:58:21.113+0000] {processor.py:925} INFO - DAG(s) 'example_display_name' retrieved from /home/ubuntu/miniconda3/envs/mlflow/lib/python3.12/site-packages/airflow/example_dags/example_display_name.py
[2025-03-26T12:58:21.129+0000] {logging_mixin.py:190} INFO - [2025-03-26T12:58:21.129+0000] {dag.py:3239} INFO - Sync 1 DAGs
[2025-03-26T12:58:21.145+0000] {logging_mixin.py:190} INFO - [2025-03-26T12:58:21.144+0000] {dag.py:4180} INFO - Setting next_dagrun for example_display_name to None, run_after=None
[2025-03-26T12:58:21.173+0000] {processor.py:208} INFO - Processing /home/ubuntu/miniconda3/envs/mlflow/lib/python3.12/site-packages/airflow/example_dags/example_display_name.py took 0.080 seconds
[2025-03-26T12:59:23.625+0000] {processor.py:186} INFO - Started process (PID=100922) to work on /home/ubuntu/miniconda3/envs/mlflow/lib/python3.12/site-packages/airflow/example_dags/example_display_name.py
[2025-03-26T12:59:23.627+0000] {processor.py:914} INFO - Processing file /home/ubuntu/miniconda3/envs/mlflow/lib/python3.12/site-packages/airflow/example_dags/example_display_name.py for tasks to queue
[2025-03-26T12:59:23.629+0000] {logging_mixin.py:190} INFO - [2025-03-26T12:59:23.628+0000] {dagbag.py:588} INFO - Filling up the DagBag from /home/ubuntu/miniconda3/envs/mlflow/lib/python3.12/site-packages/airflow/example_dags/example_display_name.py
[2025-03-26T12:59:23.638+0000] {processor.py:925} INFO - DAG(s) 'example_display_name' retrieved from /home/ubuntu/miniconda3/envs/mlflow/lib/python3.12/site-packages/airflow/example_dags/example_display_name.py
[2025-03-26T12:59:23.655+0000] {logging_mixin.py:190} INFO - [2025-03-26T12:59:23.655+0000] {dag.py:3239} INFO - Sync 1 DAGs
[2025-03-26T12:59:23.671+0000] {logging_mixin.py:190} INFO - [2025-03-26T12:59:23.670+0000] {dag.py:4180} INFO - Setting next_dagrun for example_display_name to None, run_after=None
[2025-03-26T12:59:23.701+0000] {processor.py:208} INFO - Processing /home/ubuntu/miniconda3/envs/mlflow/lib/python3.12/site-packages/airflow/example_dags/example_display_name.py took 0.082 seconds
[2025-03-26T13:00:25.914+0000] {processor.py:186} INFO - Started process (PID=101106) to work on /home/ubuntu/miniconda3/envs/mlflow/lib/python3.12/site-packages/airflow/example_dags/example_display_name.py
[2025-03-26T13:00:25.916+0000] {processor.py:914} INFO - Processing file /home/ubuntu/miniconda3/envs/mlflow/lib/python3.12/site-packages/airflow/example_dags/example_display_name.py for tasks to queue
[2025-03-26T13:00:25.918+0000] {logging_mixin.py:190} INFO - [2025-03-26T13:00:25.918+0000] {dagbag.py:588} INFO - Filling up the DagBag from /home/ubuntu/miniconda3/envs/mlflow/lib/python3.12/site-packages/airflow/example_dags/example_display_name.py
[2025-03-26T13:00:25.931+0000] {processor.py:925} INFO - DAG(s) 'example_display_name' retrieved from /home/ubuntu/miniconda3/envs/mlflow/lib/python3.12/site-packages/airflow/example_dags/example_display_name.py
[2025-03-26T13:00:25.951+0000] {logging_mixin.py:190} INFO - [2025-03-26T13:00:25.950+0000] {dag.py:3239} INFO - Sync 1 DAGs
[2025-03-26T13:00:25.972+0000] {logging_mixin.py:190} INFO - [2025-03-26T13:00:25.971+0000] {dag.py:4180} INFO - Setting next_dagrun for example_display_name to None, run_after=None
[2025-03-26T13:00:26.007+0000] {processor.py:208} INFO - Processing /home/ubuntu/miniconda3/envs/mlflow/lib/python3.12/site-packages/airflow/example_dags/example_display_name.py took 0.103 seconds
[2025-03-26T13:01:31.951+0000] {processor.py:186} INFO - Started process (PID=101174) to work on /home/ubuntu/miniconda3/envs/mlflow/lib/python3.12/site-packages/airflow/example_dags/example_display_name.py
[2025-03-26T13:01:31.953+0000] {processor.py:914} INFO - Processing file /home/ubuntu/miniconda3/envs/mlflow/lib/python3.12/site-packages/airflow/example_dags/example_display_name.py for tasks to queue
[2025-03-26T13:01:31.955+0000] {logging_mixin.py:190} INFO - [2025-03-26T13:01:31.954+0000] {dagbag.py:588} INFO - Filling up the DagBag from /home/ubuntu/miniconda3/envs/mlflow/lib/python3.12/site-packages/airflow/example_dags/example_display_name.py
[2025-03-26T13:01:31.964+0000] {processor.py:925} INFO - DAG(s) 'example_display_name' retrieved from /home/ubuntu/miniconda3/envs/mlflow/lib/python3.12/site-packages/airflow/example_dags/example_display_name.py
[2025-03-26T13:01:31.981+0000] {logging_mixin.py:190} INFO - [2025-03-26T13:01:31.980+0000] {dag.py:3239} INFO - Sync 1 DAGs
[2025-03-26T13:01:31.997+0000] {logging_mixin.py:190} INFO - [2025-03-26T13:01:31.997+0000] {dag.py:4180} INFO - Setting next_dagrun for example_display_name to None, run_after=None
[2025-03-26T13:01:32.028+0000] {processor.py:208} INFO - Processing /home/ubuntu/miniconda3/envs/mlflow/lib/python3.12/site-packages/airflow/example_dags/example_display_name.py took 0.083 seconds
