[2025-03-26T12:54:51.181+0000] {processor.py:186} INFO - Started process (PID=100194) to work on /home/ubuntu/miniconda3/envs/mlflow/lib/python3.12/site-packages/airflow/example_dags/example_latest_only.py
[2025-03-26T12:54:51.182+0000] {processor.py:914} INFO - Processing file /home/ubuntu/miniconda3/envs/mlflow/lib/python3.12/site-packages/airflow/example_dags/example_latest_only.py for tasks to queue
[2025-03-26T12:54:51.184+0000] {logging_mixin.py:190} INFO - [2025-03-26T12:54:51.184+0000] {dagbag.py:588} INFO - Filling up the DagBag from /home/ubuntu/miniconda3/envs/mlflow/lib/python3.12/site-packages/airflow/example_dags/example_latest_only.py
[2025-03-26T12:54:51.193+0000] {processor.py:925} INFO - DAG(s) 'latest_only' retrieved from /home/ubuntu/miniconda3/envs/mlflow/lib/python3.12/site-packages/airflow/example_dags/example_latest_only.py
[2025-03-26T12:54:51.331+0000] {logging_mixin.py:190} INFO - [2025-03-26T12:54:51.330+0000] {override.py:1930} INFO - Created Permission View: can read on DAG:latest_only
[2025-03-26T12:54:51.347+0000] {logging_mixin.py:190} INFO - [2025-03-26T12:54:51.346+0000] {override.py:1930} INFO - Created Permission View: can edit on DAG:latest_only
[2025-03-26T12:54:51.359+0000] {logging_mixin.py:190} INFO - [2025-03-26T12:54:51.359+0000] {override.py:1930} INFO - Created Permission View: can delete on DAG:latest_only
[2025-03-26T12:54:51.381+0000] {logging_mixin.py:190} INFO - [2025-03-26T12:54:51.381+0000] {override.py:1930} INFO - Created Permission View: can read on DAG Run:latest_only
[2025-03-26T12:54:51.396+0000] {logging_mixin.py:190} INFO - [2025-03-26T12:54:51.396+0000] {override.py:1930} INFO - Created Permission View: menu access on DAG Run:latest_only
[2025-03-26T12:54:51.410+0000] {logging_mixin.py:190} INFO - [2025-03-26T12:54:51.409+0000] {override.py:1930} INFO - Created Permission View: can create on DAG Run:latest_only
[2025-03-26T12:54:51.426+0000] {logging_mixin.py:190} INFO - [2025-03-26T12:54:51.425+0000] {override.py:1930} INFO - Created Permission View: can delete on DAG Run:latest_only
[2025-03-26T12:54:51.427+0000] {logging_mixin.py:190} INFO - [2025-03-26T12:54:51.427+0000] {dag.py:3239} INFO - Sync 1 DAGs
[2025-03-26T12:54:51.452+0000] {logging_mixin.py:190} INFO - [2025-03-26T12:54:51.452+0000] {dag.py:3262} INFO - Creating ORM DAG for latest_only
[2025-03-26T12:54:51.465+0000] {logging_mixin.py:190} INFO - [2025-03-26T12:54:51.465+0000] {dag.py:4180} INFO - Setting next_dagrun for latest_only to 2025-03-26 08:00:00+00:00, run_after=2025-03-26 12:00:00+00:00
[2025-03-26T12:54:51.502+0000] {processor.py:208} INFO - Processing /home/ubuntu/miniconda3/envs/mlflow/lib/python3.12/site-packages/airflow/example_dags/example_latest_only.py took 0.329 seconds
[2025-03-26T12:56:07.343+0000] {processor.py:186} INFO - Started process (PID=100433) to work on /home/ubuntu/miniconda3/envs/mlflow/lib/python3.12/site-packages/airflow/example_dags/example_latest_only.py
[2025-03-26T12:56:07.344+0000] {processor.py:914} INFO - Processing file /home/ubuntu/miniconda3/envs/mlflow/lib/python3.12/site-packages/airflow/example_dags/example_latest_only.py for tasks to queue
[2025-03-26T12:56:07.348+0000] {logging_mixin.py:190} INFO - [2025-03-26T12:56:07.348+0000] {dagbag.py:588} INFO - Filling up the DagBag from /home/ubuntu/miniconda3/envs/mlflow/lib/python3.12/site-packages/airflow/example_dags/example_latest_only.py
[2025-03-26T12:56:07.358+0000] {processor.py:925} INFO - DAG(s) 'latest_only' retrieved from /home/ubuntu/miniconda3/envs/mlflow/lib/python3.12/site-packages/airflow/example_dags/example_latest_only.py
[2025-03-26T12:56:07.378+0000] {logging_mixin.py:190} INFO - [2025-03-26T12:56:07.378+0000] {dag.py:3239} INFO - Sync 1 DAGs
[2025-03-26T12:56:07.403+0000] {logging_mixin.py:190} INFO - [2025-03-26T12:56:07.403+0000] {dag.py:4180} INFO - Setting next_dagrun for latest_only to 2025-03-26 08:00:00+00:00, run_after=2025-03-26 12:00:00+00:00
[2025-03-26T12:56:07.430+0000] {processor.py:208} INFO - Processing /home/ubuntu/miniconda3/envs/mlflow/lib/python3.12/site-packages/airflow/example_dags/example_latest_only.py took 0.096 seconds
[2025-03-26T12:57:12.747+0000] {processor.py:186} INFO - Started process (PID=100653) to work on /home/ubuntu/miniconda3/envs/mlflow/lib/python3.12/site-packages/airflow/example_dags/example_latest_only.py
[2025-03-26T12:57:12.748+0000] {processor.py:914} INFO - Processing file /home/ubuntu/miniconda3/envs/mlflow/lib/python3.12/site-packages/airflow/example_dags/example_latest_only.py for tasks to queue
[2025-03-26T12:57:12.750+0000] {logging_mixin.py:190} INFO - [2025-03-26T12:57:12.750+0000] {dagbag.py:588} INFO - Filling up the DagBag from /home/ubuntu/miniconda3/envs/mlflow/lib/python3.12/site-packages/airflow/example_dags/example_latest_only.py
[2025-03-26T12:57:12.758+0000] {processor.py:925} INFO - DAG(s) 'latest_only' retrieved from /home/ubuntu/miniconda3/envs/mlflow/lib/python3.12/site-packages/airflow/example_dags/example_latest_only.py
[2025-03-26T12:57:12.776+0000] {logging_mixin.py:190} INFO - [2025-03-26T12:57:12.776+0000] {dag.py:3239} INFO - Sync 1 DAGs
[2025-03-26T12:57:12.801+0000] {logging_mixin.py:190} INFO - [2025-03-26T12:57:12.800+0000] {dag.py:4180} INFO - Setting next_dagrun for latest_only to 2025-03-26 08:00:00+00:00, run_after=2025-03-26 12:00:00+00:00
[2025-03-26T12:57:12.829+0000] {processor.py:208} INFO - Processing /home/ubuntu/miniconda3/envs/mlflow/lib/python3.12/site-packages/airflow/example_dags/example_latest_only.py took 0.089 seconds
[2025-03-26T12:58:18.502+0000] {processor.py:186} INFO - Started process (PID=100793) to work on /home/ubuntu/miniconda3/envs/mlflow/lib/python3.12/site-packages/airflow/example_dags/example_latest_only.py
[2025-03-26T12:58:18.504+0000] {processor.py:914} INFO - Processing file /home/ubuntu/miniconda3/envs/mlflow/lib/python3.12/site-packages/airflow/example_dags/example_latest_only.py for tasks to queue
[2025-03-26T12:58:18.506+0000] {logging_mixin.py:190} INFO - [2025-03-26T12:58:18.505+0000] {dagbag.py:588} INFO - Filling up the DagBag from /home/ubuntu/miniconda3/envs/mlflow/lib/python3.12/site-packages/airflow/example_dags/example_latest_only.py
[2025-03-26T12:58:18.514+0000] {processor.py:925} INFO - DAG(s) 'latest_only' retrieved from /home/ubuntu/miniconda3/envs/mlflow/lib/python3.12/site-packages/airflow/example_dags/example_latest_only.py
[2025-03-26T12:58:18.533+0000] {logging_mixin.py:190} INFO - [2025-03-26T12:58:18.532+0000] {dag.py:3239} INFO - Sync 1 DAGs
[2025-03-26T12:58:18.561+0000] {logging_mixin.py:190} INFO - [2025-03-26T12:58:18.560+0000] {dag.py:4180} INFO - Setting next_dagrun for latest_only to 2025-03-26 08:00:00+00:00, run_after=2025-03-26 12:00:00+00:00
[2025-03-26T12:58:18.593+0000] {processor.py:208} INFO - Processing /home/ubuntu/miniconda3/envs/mlflow/lib/python3.12/site-packages/airflow/example_dags/example_latest_only.py took 0.098 seconds
[2025-03-26T12:59:20.307+0000] {processor.py:186} INFO - Started process (PID=100915) to work on /home/ubuntu/miniconda3/envs/mlflow/lib/python3.12/site-packages/airflow/example_dags/example_latest_only.py
[2025-03-26T12:59:20.309+0000] {processor.py:914} INFO - Processing file /home/ubuntu/miniconda3/envs/mlflow/lib/python3.12/site-packages/airflow/example_dags/example_latest_only.py for tasks to queue
[2025-03-26T12:59:20.313+0000] {logging_mixin.py:190} INFO - [2025-03-26T12:59:20.312+0000] {dagbag.py:588} INFO - Filling up the DagBag from /home/ubuntu/miniconda3/envs/mlflow/lib/python3.12/site-packages/airflow/example_dags/example_latest_only.py
[2025-03-26T12:59:20.323+0000] {processor.py:925} INFO - DAG(s) 'latest_only' retrieved from /home/ubuntu/miniconda3/envs/mlflow/lib/python3.12/site-packages/airflow/example_dags/example_latest_only.py
[2025-03-26T12:59:20.343+0000] {logging_mixin.py:190} INFO - [2025-03-26T12:59:20.342+0000] {dag.py:3239} INFO - Sync 1 DAGs
[2025-03-26T12:59:20.370+0000] {logging_mixin.py:190} INFO - [2025-03-26T12:59:20.370+0000] {dag.py:4180} INFO - Setting next_dagrun for latest_only to 2025-03-26 08:00:00+00:00, run_after=2025-03-26 12:00:00+00:00
[2025-03-26T12:59:20.400+0000] {processor.py:208} INFO - Processing /home/ubuntu/miniconda3/envs/mlflow/lib/python3.12/site-packages/airflow/example_dags/example_latest_only.py took 0.107 seconds
[2025-03-26T13:00:22.468+0000] {processor.py:186} INFO - Started process (PID=101099) to work on /home/ubuntu/miniconda3/envs/mlflow/lib/python3.12/site-packages/airflow/example_dags/example_latest_only.py
[2025-03-26T13:00:22.470+0000] {processor.py:914} INFO - Processing file /home/ubuntu/miniconda3/envs/mlflow/lib/python3.12/site-packages/airflow/example_dags/example_latest_only.py for tasks to queue
[2025-03-26T13:00:22.472+0000] {logging_mixin.py:190} INFO - [2025-03-26T13:00:22.472+0000] {dagbag.py:588} INFO - Filling up the DagBag from /home/ubuntu/miniconda3/envs/mlflow/lib/python3.12/site-packages/airflow/example_dags/example_latest_only.py
[2025-03-26T13:00:22.480+0000] {processor.py:925} INFO - DAG(s) 'latest_only' retrieved from /home/ubuntu/miniconda3/envs/mlflow/lib/python3.12/site-packages/airflow/example_dags/example_latest_only.py
[2025-03-26T13:00:22.499+0000] {logging_mixin.py:190} INFO - [2025-03-26T13:00:22.499+0000] {dag.py:3239} INFO - Sync 1 DAGs
[2025-03-26T13:00:22.523+0000] {logging_mixin.py:190} INFO - [2025-03-26T13:00:22.523+0000] {dag.py:4180} INFO - Setting next_dagrun for latest_only to 2025-03-26 08:00:00+00:00, run_after=2025-03-26 12:00:00+00:00
[2025-03-26T13:00:22.549+0000] {processor.py:208} INFO - Processing /home/ubuntu/miniconda3/envs/mlflow/lib/python3.12/site-packages/airflow/example_dags/example_latest_only.py took 0.087 seconds
[2025-03-26T13:01:28.294+0000] {processor.py:186} INFO - Started process (PID=101171) to work on /home/ubuntu/miniconda3/envs/mlflow/lib/python3.12/site-packages/airflow/example_dags/example_latest_only.py
[2025-03-26T13:01:28.295+0000] {processor.py:914} INFO - Processing file /home/ubuntu/miniconda3/envs/mlflow/lib/python3.12/site-packages/airflow/example_dags/example_latest_only.py for tasks to queue
[2025-03-26T13:01:28.298+0000] {logging_mixin.py:190} INFO - [2025-03-26T13:01:28.297+0000] {dagbag.py:588} INFO - Filling up the DagBag from /home/ubuntu/miniconda3/envs/mlflow/lib/python3.12/site-packages/airflow/example_dags/example_latest_only.py
[2025-03-26T13:01:28.306+0000] {processor.py:925} INFO - DAG(s) 'latest_only' retrieved from /home/ubuntu/miniconda3/envs/mlflow/lib/python3.12/site-packages/airflow/example_dags/example_latest_only.py
[2025-03-26T13:01:28.323+0000] {logging_mixin.py:190} INFO - [2025-03-26T13:01:28.322+0000] {dag.py:3239} INFO - Sync 1 DAGs
[2025-03-26T13:01:28.348+0000] {logging_mixin.py:190} INFO - [2025-03-26T13:01:28.347+0000] {dag.py:4180} INFO - Setting next_dagrun for latest_only to 2025-03-26 08:00:00+00:00, run_after=2025-03-26 12:00:00+00:00
[2025-03-26T13:01:28.375+0000] {processor.py:208} INFO - Processing /home/ubuntu/miniconda3/envs/mlflow/lib/python3.12/site-packages/airflow/example_dags/example_latest_only.py took 0.088 seconds
