[2025-03-26T12:54:31.346+0000] {processor.py:186} INFO - Started process (PID=100149) to work on /home/ubuntu/miniconda3/envs/mlflow/lib/python3.12/site-packages/airflow/example_dags/example_task_group.py
[2025-03-26T12:54:31.347+0000] {processor.py:914} INFO - Processing file /home/ubuntu/miniconda3/envs/mlflow/lib/python3.12/site-packages/airflow/example_dags/example_task_group.py for tasks to queue
[2025-03-26T12:54:31.357+0000] {logging_mixin.py:190} INFO - [2025-03-26T12:54:31.353+0000] {dagbag.py:588} INFO - Filling up the DagBag from /home/ubuntu/miniconda3/envs/mlflow/lib/python3.12/site-packages/airflow/example_dags/example_task_group.py
[2025-03-26T12:54:31.373+0000] {processor.py:925} INFO - DAG(s) 'example_task_group' retrieved from /home/ubuntu/miniconda3/envs/mlflow/lib/python3.12/site-packages/airflow/example_dags/example_task_group.py
[2025-03-26T12:54:31.571+0000] {logging_mixin.py:190} INFO - [2025-03-26T12:54:31.571+0000] {override.py:1930} INFO - Created Permission View: can read on DAG:example_task_group
[2025-03-26T12:54:31.590+0000] {logging_mixin.py:190} INFO - [2025-03-26T12:54:31.589+0000] {override.py:1930} INFO - Created Permission View: can edit on DAG:example_task_group
[2025-03-26T12:54:31.606+0000] {logging_mixin.py:190} INFO - [2025-03-26T12:54:31.605+0000] {override.py:1930} INFO - Created Permission View: can delete on DAG:example_task_group
[2025-03-26T12:54:31.646+0000] {logging_mixin.py:190} INFO - [2025-03-26T12:54:31.646+0000] {override.py:1930} INFO - Created Permission View: can read on DAG Run:example_task_group
[2025-03-26T12:54:31.665+0000] {logging_mixin.py:190} INFO - [2025-03-26T12:54:31.665+0000] {override.py:1930} INFO - Created Permission View: menu access on DAG Run:example_task_group
[2025-03-26T12:54:31.700+0000] {logging_mixin.py:190} INFO - [2025-03-26T12:54:31.699+0000] {override.py:1930} INFO - Created Permission View: can create on DAG Run:example_task_group
[2025-03-26T12:54:31.726+0000] {logging_mixin.py:190} INFO - [2025-03-26T12:54:31.726+0000] {override.py:1930} INFO - Created Permission View: can delete on DAG Run:example_task_group
[2025-03-26T12:54:31.727+0000] {logging_mixin.py:190} INFO - [2025-03-26T12:54:31.727+0000] {dag.py:3239} INFO - Sync 1 DAGs
[2025-03-26T12:54:31.747+0000] {logging_mixin.py:190} INFO - [2025-03-26T12:54:31.747+0000] {dag.py:3262} INFO - Creating ORM DAG for example_task_group
[2025-03-26T12:54:31.750+0000] {logging_mixin.py:190} INFO - [2025-03-26T12:54:31.749+0000] {dag.py:4180} INFO - Setting next_dagrun for example_task_group to None, run_after=None
[2025-03-26T12:54:31.794+0000] {processor.py:208} INFO - Processing /home/ubuntu/miniconda3/envs/mlflow/lib/python3.12/site-packages/airflow/example_dags/example_task_group.py took 0.466 seconds
[2025-03-26T12:55:43.680+0000] {processor.py:186} INFO - Started process (PID=100332) to work on /home/ubuntu/miniconda3/envs/mlflow/lib/python3.12/site-packages/airflow/example_dags/example_task_group.py
[2025-03-26T12:55:43.682+0000] {processor.py:914} INFO - Processing file /home/ubuntu/miniconda3/envs/mlflow/lib/python3.12/site-packages/airflow/example_dags/example_task_group.py for tasks to queue
[2025-03-26T12:55:43.684+0000] {logging_mixin.py:190} INFO - [2025-03-26T12:55:43.684+0000] {dagbag.py:588} INFO - Filling up the DagBag from /home/ubuntu/miniconda3/envs/mlflow/lib/python3.12/site-packages/airflow/example_dags/example_task_group.py
[2025-03-26T12:55:43.695+0000] {processor.py:925} INFO - DAG(s) 'example_task_group' retrieved from /home/ubuntu/miniconda3/envs/mlflow/lib/python3.12/site-packages/airflow/example_dags/example_task_group.py
[2025-03-26T12:55:43.714+0000] {logging_mixin.py:190} INFO - [2025-03-26T12:55:43.714+0000] {dag.py:3239} INFO - Sync 1 DAGs
[2025-03-26T12:55:43.730+0000] {logging_mixin.py:190} INFO - [2025-03-26T12:55:43.730+0000] {dag.py:4180} INFO - Setting next_dagrun for example_task_group to None, run_after=None
[2025-03-26T12:55:43.768+0000] {processor.py:208} INFO - Processing /home/ubuntu/miniconda3/envs/mlflow/lib/python3.12/site-packages/airflow/example_dags/example_task_group.py took 0.095 seconds
[2025-03-26T12:56:47.638+0000] {processor.py:186} INFO - Started process (PID=100564) to work on /home/ubuntu/miniconda3/envs/mlflow/lib/python3.12/site-packages/airflow/example_dags/example_task_group.py
[2025-03-26T12:56:47.641+0000] {processor.py:914} INFO - Processing file /home/ubuntu/miniconda3/envs/mlflow/lib/python3.12/site-packages/airflow/example_dags/example_task_group.py for tasks to queue
[2025-03-26T12:56:47.643+0000] {logging_mixin.py:190} INFO - [2025-03-26T12:56:47.643+0000] {dagbag.py:588} INFO - Filling up the DagBag from /home/ubuntu/miniconda3/envs/mlflow/lib/python3.12/site-packages/airflow/example_dags/example_task_group.py
[2025-03-26T12:56:47.657+0000] {processor.py:925} INFO - DAG(s) 'example_task_group' retrieved from /home/ubuntu/miniconda3/envs/mlflow/lib/python3.12/site-packages/airflow/example_dags/example_task_group.py
[2025-03-26T12:56:47.682+0000] {logging_mixin.py:190} INFO - [2025-03-26T12:56:47.681+0000] {dag.py:3239} INFO - Sync 1 DAGs
[2025-03-26T12:56:47.699+0000] {logging_mixin.py:190} INFO - [2025-03-26T12:56:47.699+0000] {dag.py:4180} INFO - Setting next_dagrun for example_task_group to None, run_after=None
[2025-03-26T12:56:47.733+0000] {processor.py:208} INFO - Processing /home/ubuntu/miniconda3/envs/mlflow/lib/python3.12/site-packages/airflow/example_dags/example_task_group.py took 0.101 seconds
[2025-03-26T12:57:55.283+0000] {processor.py:186} INFO - Started process (PID=100750) to work on /home/ubuntu/miniconda3/envs/mlflow/lib/python3.12/site-packages/airflow/example_dags/example_task_group.py
[2025-03-26T12:57:55.284+0000] {processor.py:914} INFO - Processing file /home/ubuntu/miniconda3/envs/mlflow/lib/python3.12/site-packages/airflow/example_dags/example_task_group.py for tasks to queue
[2025-03-26T12:57:55.287+0000] {logging_mixin.py:190} INFO - [2025-03-26T12:57:55.286+0000] {dagbag.py:588} INFO - Filling up the DagBag from /home/ubuntu/miniconda3/envs/mlflow/lib/python3.12/site-packages/airflow/example_dags/example_task_group.py
[2025-03-26T12:57:55.303+0000] {processor.py:925} INFO - DAG(s) 'example_task_group' retrieved from /home/ubuntu/miniconda3/envs/mlflow/lib/python3.12/site-packages/airflow/example_dags/example_task_group.py
[2025-03-26T12:57:55.326+0000] {logging_mixin.py:190} INFO - [2025-03-26T12:57:55.325+0000] {dag.py:3239} INFO - Sync 1 DAGs
[2025-03-26T12:57:55.341+0000] {logging_mixin.py:190} INFO - [2025-03-26T12:57:55.341+0000] {dag.py:4180} INFO - Setting next_dagrun for example_task_group to None, run_after=None
[2025-03-26T12:57:55.371+0000] {processor.py:208} INFO - Processing /home/ubuntu/miniconda3/envs/mlflow/lib/python3.12/site-packages/airflow/example_dags/example_task_group.py took 0.104 seconds
[2025-03-26T12:58:57.510+0000] {processor.py:186} INFO - Started process (PID=100865) to work on /home/ubuntu/miniconda3/envs/mlflow/lib/python3.12/site-packages/airflow/example_dags/example_task_group.py
[2025-03-26T12:58:57.511+0000] {processor.py:914} INFO - Processing file /home/ubuntu/miniconda3/envs/mlflow/lib/python3.12/site-packages/airflow/example_dags/example_task_group.py for tasks to queue
[2025-03-26T12:58:57.513+0000] {logging_mixin.py:190} INFO - [2025-03-26T12:58:57.513+0000] {dagbag.py:588} INFO - Filling up the DagBag from /home/ubuntu/miniconda3/envs/mlflow/lib/python3.12/site-packages/airflow/example_dags/example_task_group.py
[2025-03-26T12:58:57.523+0000] {processor.py:925} INFO - DAG(s) 'example_task_group' retrieved from /home/ubuntu/miniconda3/envs/mlflow/lib/python3.12/site-packages/airflow/example_dags/example_task_group.py
[2025-03-26T12:58:57.541+0000] {logging_mixin.py:190} INFO - [2025-03-26T12:58:57.541+0000] {dag.py:3239} INFO - Sync 1 DAGs
[2025-03-26T12:58:57.556+0000] {logging_mixin.py:190} INFO - [2025-03-26T12:58:57.556+0000] {dag.py:4180} INFO - Setting next_dagrun for example_task_group to None, run_after=None
[2025-03-26T12:58:57.589+0000] {processor.py:208} INFO - Processing /home/ubuntu/miniconda3/envs/mlflow/lib/python3.12/site-packages/airflow/example_dags/example_task_group.py took 0.086 seconds
[2025-03-26T13:00:00.463+0000] {processor.py:186} INFO - Started process (PID=101062) to work on /home/ubuntu/miniconda3/envs/mlflow/lib/python3.12/site-packages/airflow/example_dags/example_task_group.py
[2025-03-26T13:00:00.465+0000] {processor.py:914} INFO - Processing file /home/ubuntu/miniconda3/envs/mlflow/lib/python3.12/site-packages/airflow/example_dags/example_task_group.py for tasks to queue
[2025-03-26T13:00:00.467+0000] {logging_mixin.py:190} INFO - [2025-03-26T13:00:00.466+0000] {dagbag.py:588} INFO - Filling up the DagBag from /home/ubuntu/miniconda3/envs/mlflow/lib/python3.12/site-packages/airflow/example_dags/example_task_group.py
[2025-03-26T13:00:00.477+0000] {processor.py:925} INFO - DAG(s) 'example_task_group' retrieved from /home/ubuntu/miniconda3/envs/mlflow/lib/python3.12/site-packages/airflow/example_dags/example_task_group.py
[2025-03-26T13:00:00.499+0000] {logging_mixin.py:190} INFO - [2025-03-26T13:00:00.498+0000] {dag.py:3239} INFO - Sync 1 DAGs
[2025-03-26T13:00:00.516+0000] {logging_mixin.py:190} INFO - [2025-03-26T13:00:00.516+0000] {dag.py:4180} INFO - Setting next_dagrun for example_task_group to None, run_after=None
[2025-03-26T13:00:00.551+0000] {processor.py:208} INFO - Processing /home/ubuntu/miniconda3/envs/mlflow/lib/python3.12/site-packages/airflow/example_dags/example_task_group.py took 0.095 seconds
[2025-03-26T13:01:03.129+0000] {processor.py:186} INFO - Started process (PID=101147) to work on /home/ubuntu/miniconda3/envs/mlflow/lib/python3.12/site-packages/airflow/example_dags/example_task_group.py
[2025-03-26T13:01:03.131+0000] {processor.py:914} INFO - Processing file /home/ubuntu/miniconda3/envs/mlflow/lib/python3.12/site-packages/airflow/example_dags/example_task_group.py for tasks to queue
[2025-03-26T13:01:03.134+0000] {logging_mixin.py:190} INFO - [2025-03-26T13:01:03.133+0000] {dagbag.py:588} INFO - Filling up the DagBag from /home/ubuntu/miniconda3/envs/mlflow/lib/python3.12/site-packages/airflow/example_dags/example_task_group.py
[2025-03-26T13:01:03.146+0000] {processor.py:925} INFO - DAG(s) 'example_task_group' retrieved from /home/ubuntu/miniconda3/envs/mlflow/lib/python3.12/site-packages/airflow/example_dags/example_task_group.py
[2025-03-26T13:01:03.166+0000] {logging_mixin.py:190} INFO - [2025-03-26T13:01:03.165+0000] {dag.py:3239} INFO - Sync 1 DAGs
[2025-03-26T13:01:03.181+0000] {logging_mixin.py:190} INFO - [2025-03-26T13:01:03.181+0000] {dag.py:4180} INFO - Setting next_dagrun for example_task_group to None, run_after=None
[2025-03-26T13:01:03.208+0000] {processor.py:208} INFO - Processing /home/ubuntu/miniconda3/envs/mlflow/lib/python3.12/site-packages/airflow/example_dags/example_task_group.py took 0.090 seconds
