[2025-03-26T12:55:06.969+0000] {processor.py:186} INFO - Started process (PID=100227) to work on /home/ubuntu/miniconda3/envs/mlflow/lib/python3.12/site-packages/airflow/example_dags/example_kubernetes_executor.py
[2025-03-26T12:55:06.969+0000] {processor.py:914} INFO - Processing file /home/ubuntu/miniconda3/envs/mlflow/lib/python3.12/site-packages/airflow/example_dags/example_kubernetes_executor.py for tasks to queue
[2025-03-26T12:55:06.972+0000] {logging_mixin.py:190} INFO - [2025-03-26T12:55:06.971+0000] {dagbag.py:588} INFO - Filling up the DagBag from /home/ubuntu/miniconda3/envs/mlflow/lib/python3.12/site-packages/airflow/example_dags/example_kubernetes_executor.py
[2025-03-26T12:55:06.975+0000] {logging_mixin.py:190} INFO - [2025-03-26T12:55:06.975+0000] {example_kubernetes_executor.py:39} WARNING - The example_kubernetes_executor example DAG requires the kubernetes provider. Please install it with: pip install apache-airflow[cncf.kubernetes]
[2025-03-26T12:55:06.975+0000] {processor.py:927} WARNING - No viable dags retrieved from /home/ubuntu/miniconda3/envs/mlflow/lib/python3.12/site-packages/airflow/example_dags/example_kubernetes_executor.py
[2025-03-26T12:55:06.987+0000] {processor.py:208} INFO - Processing /home/ubuntu/miniconda3/envs/mlflow/lib/python3.12/site-packages/airflow/example_dags/example_kubernetes_executor.py took 0.024 seconds
[2025-03-26T12:56:18.195+0000] {processor.py:186} INFO - Started process (PID=100467) to work on /home/ubuntu/miniconda3/envs/mlflow/lib/python3.12/site-packages/airflow/example_dags/example_kubernetes_executor.py
[2025-03-26T12:56:18.198+0000] {processor.py:914} INFO - Processing file /home/ubuntu/miniconda3/envs/mlflow/lib/python3.12/site-packages/airflow/example_dags/example_kubernetes_executor.py for tasks to queue
[2025-03-26T12:56:18.202+0000] {logging_mixin.py:190} INFO - [2025-03-26T12:56:18.202+0000] {dagbag.py:588} INFO - Filling up the DagBag from /home/ubuntu/miniconda3/envs/mlflow/lib/python3.12/site-packages/airflow/example_dags/example_kubernetes_executor.py
[2025-03-26T12:56:18.206+0000] {logging_mixin.py:190} INFO - [2025-03-26T12:56:18.206+0000] {example_kubernetes_executor.py:39} WARNING - The example_kubernetes_executor example DAG requires the kubernetes provider. Please install it with: pip install apache-airflow[cncf.kubernetes]
[2025-03-26T12:56:18.206+0000] {processor.py:927} WARNING - No viable dags retrieved from /home/ubuntu/miniconda3/envs/mlflow/lib/python3.12/site-packages/airflow/example_dags/example_kubernetes_executor.py
[2025-03-26T12:56:18.220+0000] {processor.py:208} INFO - Processing /home/ubuntu/miniconda3/envs/mlflow/lib/python3.12/site-packages/airflow/example_dags/example_kubernetes_executor.py took 0.043 seconds
[2025-03-26T12:57:24.382+0000] {processor.py:186} INFO - Started process (PID=100697) to work on /home/ubuntu/miniconda3/envs/mlflow/lib/python3.12/site-packages/airflow/example_dags/example_kubernetes_executor.py
[2025-03-26T12:57:24.383+0000] {processor.py:914} INFO - Processing file /home/ubuntu/miniconda3/envs/mlflow/lib/python3.12/site-packages/airflow/example_dags/example_kubernetes_executor.py for tasks to queue
[2025-03-26T12:57:24.386+0000] {logging_mixin.py:190} INFO - [2025-03-26T12:57:24.385+0000] {dagbag.py:588} INFO - Filling up the DagBag from /home/ubuntu/miniconda3/envs/mlflow/lib/python3.12/site-packages/airflow/example_dags/example_kubernetes_executor.py
[2025-03-26T12:57:24.389+0000] {logging_mixin.py:190} INFO - [2025-03-26T12:57:24.389+0000] {example_kubernetes_executor.py:39} WARNING - The example_kubernetes_executor example DAG requires the kubernetes provider. Please install it with: pip install apache-airflow[cncf.kubernetes]
[2025-03-26T12:57:24.389+0000] {processor.py:927} WARNING - No viable dags retrieved from /home/ubuntu/miniconda3/envs/mlflow/lib/python3.12/site-packages/airflow/example_dags/example_kubernetes_executor.py
[2025-03-26T12:57:24.402+0000] {processor.py:208} INFO - Processing /home/ubuntu/miniconda3/envs/mlflow/lib/python3.12/site-packages/airflow/example_dags/example_kubernetes_executor.py took 0.028 seconds
[2025-03-26T12:58:29.905+0000] {processor.py:186} INFO - Started process (PID=100813) to work on /home/ubuntu/miniconda3/envs/mlflow/lib/python3.12/site-packages/airflow/example_dags/example_kubernetes_executor.py
[2025-03-26T12:58:29.907+0000] {processor.py:914} INFO - Processing file /home/ubuntu/miniconda3/envs/mlflow/lib/python3.12/site-packages/airflow/example_dags/example_kubernetes_executor.py for tasks to queue
[2025-03-26T12:58:29.909+0000] {logging_mixin.py:190} INFO - [2025-03-26T12:58:29.909+0000] {dagbag.py:588} INFO - Filling up the DagBag from /home/ubuntu/miniconda3/envs/mlflow/lib/python3.12/site-packages/airflow/example_dags/example_kubernetes_executor.py
[2025-03-26T12:58:29.913+0000] {logging_mixin.py:190} INFO - [2025-03-26T12:58:29.912+0000] {example_kubernetes_executor.py:39} WARNING - The example_kubernetes_executor example DAG requires the kubernetes provider. Please install it with: pip install apache-airflow[cncf.kubernetes]
[2025-03-26T12:58:29.913+0000] {processor.py:927} WARNING - No viable dags retrieved from /home/ubuntu/miniconda3/envs/mlflow/lib/python3.12/site-packages/airflow/example_dags/example_kubernetes_executor.py
[2025-03-26T12:58:29.924+0000] {processor.py:208} INFO - Processing /home/ubuntu/miniconda3/envs/mlflow/lib/python3.12/site-packages/airflow/example_dags/example_kubernetes_executor.py took 0.026 seconds
[2025-03-26T12:59:32.290+0000] {processor.py:186} INFO - Started process (PID=100962) to work on /home/ubuntu/miniconda3/envs/mlflow/lib/python3.12/site-packages/airflow/example_dags/example_kubernetes_executor.py
[2025-03-26T12:59:32.292+0000] {processor.py:914} INFO - Processing file /home/ubuntu/miniconda3/envs/mlflow/lib/python3.12/site-packages/airflow/example_dags/example_kubernetes_executor.py for tasks to queue
[2025-03-26T12:59:32.294+0000] {logging_mixin.py:190} INFO - [2025-03-26T12:59:32.294+0000] {dagbag.py:588} INFO - Filling up the DagBag from /home/ubuntu/miniconda3/envs/mlflow/lib/python3.12/site-packages/airflow/example_dags/example_kubernetes_executor.py
[2025-03-26T12:59:32.297+0000] {logging_mixin.py:190} INFO - [2025-03-26T12:59:32.297+0000] {example_kubernetes_executor.py:39} WARNING - The example_kubernetes_executor example DAG requires the kubernetes provider. Please install it with: pip install apache-airflow[cncf.kubernetes]
[2025-03-26T12:59:32.297+0000] {processor.py:927} WARNING - No viable dags retrieved from /home/ubuntu/miniconda3/envs/mlflow/lib/python3.12/site-packages/airflow/example_dags/example_kubernetes_executor.py
[2025-03-26T12:59:32.309+0000] {processor.py:208} INFO - Processing /home/ubuntu/miniconda3/envs/mlflow/lib/python3.12/site-packages/airflow/example_dags/example_kubernetes_executor.py took 0.027 seconds
[2025-03-26T13:00:34.856+0000] {processor.py:186} INFO - Started process (PID=101118) to work on /home/ubuntu/miniconda3/envs/mlflow/lib/python3.12/site-packages/airflow/example_dags/example_kubernetes_executor.py
[2025-03-26T13:00:34.859+0000] {processor.py:914} INFO - Processing file /home/ubuntu/miniconda3/envs/mlflow/lib/python3.12/site-packages/airflow/example_dags/example_kubernetes_executor.py for tasks to queue
[2025-03-26T13:00:34.862+0000] {logging_mixin.py:190} INFO - [2025-03-26T13:00:34.862+0000] {dagbag.py:588} INFO - Filling up the DagBag from /home/ubuntu/miniconda3/envs/mlflow/lib/python3.12/site-packages/airflow/example_dags/example_kubernetes_executor.py
[2025-03-26T13:00:34.866+0000] {logging_mixin.py:190} INFO - [2025-03-26T13:00:34.866+0000] {example_kubernetes_executor.py:39} WARNING - The example_kubernetes_executor example DAG requires the kubernetes provider. Please install it with: pip install apache-airflow[cncf.kubernetes]
[2025-03-26T13:00:34.866+0000] {processor.py:927} WARNING - No viable dags retrieved from /home/ubuntu/miniconda3/envs/mlflow/lib/python3.12/site-packages/airflow/example_dags/example_kubernetes_executor.py
[2025-03-26T13:00:34.876+0000] {processor.py:208} INFO - Processing /home/ubuntu/miniconda3/envs/mlflow/lib/python3.12/site-packages/airflow/example_dags/example_kubernetes_executor.py took 0.029 seconds
[2025-03-26T13:01:39.942+0000] {processor.py:186} INFO - Started process (PID=101182) to work on /home/ubuntu/miniconda3/envs/mlflow/lib/python3.12/site-packages/airflow/example_dags/example_kubernetes_executor.py
[2025-03-26T13:01:39.943+0000] {processor.py:914} INFO - Processing file /home/ubuntu/miniconda3/envs/mlflow/lib/python3.12/site-packages/airflow/example_dags/example_kubernetes_executor.py for tasks to queue
[2025-03-26T13:01:39.945+0000] {logging_mixin.py:190} INFO - [2025-03-26T13:01:39.945+0000] {dagbag.py:588} INFO - Filling up the DagBag from /home/ubuntu/miniconda3/envs/mlflow/lib/python3.12/site-packages/airflow/example_dags/example_kubernetes_executor.py
[2025-03-26T13:01:39.948+0000] {logging_mixin.py:190} INFO - [2025-03-26T13:01:39.948+0000] {example_kubernetes_executor.py:39} WARNING - The example_kubernetes_executor example DAG requires the kubernetes provider. Please install it with: pip install apache-airflow[cncf.kubernetes]
[2025-03-26T13:01:39.949+0000] {processor.py:927} WARNING - No viable dags retrieved from /home/ubuntu/miniconda3/envs/mlflow/lib/python3.12/site-packages/airflow/example_dags/example_kubernetes_executor.py
[2025-03-26T13:01:39.959+0000] {processor.py:208} INFO - Processing /home/ubuntu/miniconda3/envs/mlflow/lib/python3.12/site-packages/airflow/example_dags/example_kubernetes_executor.py took 0.024 seconds
