[2025-03-26T12:55:00.347+0000] {processor.py:186} INFO - Started process (PID=100201) to work on /home/ubuntu/miniconda3/envs/mlflow/lib/python3.12/site-packages/airflow/example_dags/example_datasets.py
[2025-03-26T12:55:00.348+0000] {processor.py:914} INFO - Processing file /home/ubuntu/miniconda3/envs/mlflow/lib/python3.12/site-packages/airflow/example_dags/example_datasets.py for tasks to queue
[2025-03-26T12:55:00.350+0000] {logging_mixin.py:190} INFO - [2025-03-26T12:55:00.350+0000] {dagbag.py:588} INFO - Filling up the DagBag from /home/ubuntu/miniconda3/envs/mlflow/lib/python3.12/site-packages/airflow/example_dags/example_datasets.py
[2025-03-26T12:55:00.367+0000] {processor.py:925} INFO - DAG(s) 'consume_1_or_both_2_and_3_with_dataset_expressions', 'dataset_produces_1', 'conditional_dataset_and_time_based_timetable', 'consume_1_or_2_with_dataset_expressions', 'dataset_consumes_unknown_never_scheduled', 'dataset_consumes_1_never_scheduled', 'dataset_consumes_1_and_2', 'dataset_consumes_1', 'dataset_produces_2', 'consume_1_and_2_with_dataset_expressions' retrieved from /home/ubuntu/miniconda3/envs/mlflow/lib/python3.12/site-packages/airflow/example_dags/example_datasets.py
[2025-03-26T12:55:00.489+0000] {logging_mixin.py:190} INFO - [2025-03-26T12:55:00.489+0000] {override.py:1930} INFO - Created Permission View: can read on DAG:consume_1_or_both_2_and_3_with_dataset_expressions
[2025-03-26T12:55:00.507+0000] {logging_mixin.py:190} INFO - [2025-03-26T12:55:00.507+0000] {override.py:1930} INFO - Created Permission View: can edit on DAG:consume_1_or_both_2_and_3_with_dataset_expressions
[2025-03-26T12:55:00.521+0000] {logging_mixin.py:190} INFO - [2025-03-26T12:55:00.520+0000] {override.py:1930} INFO - Created Permission View: can delete on DAG:consume_1_or_both_2_and_3_with_dataset_expressions
[2025-03-26T12:55:00.549+0000] {logging_mixin.py:190} INFO - [2025-03-26T12:55:00.548+0000] {override.py:1930} INFO - Created Permission View: can read on DAG Run:consume_1_or_both_2_and_3_with_dataset_expressions
[2025-03-26T12:55:00.565+0000] {logging_mixin.py:190} INFO - [2025-03-26T12:55:00.564+0000] {override.py:1930} INFO - Created Permission View: menu access on DAG Run:consume_1_or_both_2_and_3_with_dataset_expressions
[2025-03-26T12:55:00.584+0000] {logging_mixin.py:190} INFO - [2025-03-26T12:55:00.583+0000] {override.py:1930} INFO - Created Permission View: can create on DAG Run:consume_1_or_both_2_and_3_with_dataset_expressions
[2025-03-26T12:55:00.599+0000] {logging_mixin.py:190} INFO - [2025-03-26T12:55:00.598+0000] {override.py:1930} INFO - Created Permission View: can delete on DAG Run:consume_1_or_both_2_and_3_with_dataset_expressions
[2025-03-26T12:55:00.626+0000] {logging_mixin.py:190} INFO - [2025-03-26T12:55:00.625+0000] {override.py:1930} INFO - Created Permission View: can read on DAG:dataset_produces_1
[2025-03-26T12:55:00.637+0000] {logging_mixin.py:190} INFO - [2025-03-26T12:55:00.637+0000] {override.py:1930} INFO - Created Permission View: can edit on DAG:dataset_produces_1
[2025-03-26T12:55:00.650+0000] {logging_mixin.py:190} INFO - [2025-03-26T12:55:00.649+0000] {override.py:1930} INFO - Created Permission View: can delete on DAG:dataset_produces_1
[2025-03-26T12:55:00.670+0000] {logging_mixin.py:190} INFO - [2025-03-26T12:55:00.669+0000] {override.py:1930} INFO - Created Permission View: can read on DAG Run:dataset_produces_1
[2025-03-26T12:55:00.681+0000] {logging_mixin.py:190} INFO - [2025-03-26T12:55:00.681+0000] {override.py:1930} INFO - Created Permission View: menu access on DAG Run:dataset_produces_1
[2025-03-26T12:55:00.693+0000] {logging_mixin.py:190} INFO - [2025-03-26T12:55:00.692+0000] {override.py:1930} INFO - Created Permission View: can create on DAG Run:dataset_produces_1
[2025-03-26T12:55:00.705+0000] {logging_mixin.py:190} INFO - [2025-03-26T12:55:00.704+0000] {override.py:1930} INFO - Created Permission View: can delete on DAG Run:dataset_produces_1
[2025-03-26T12:55:00.731+0000] {logging_mixin.py:190} INFO - [2025-03-26T12:55:00.730+0000] {override.py:1930} INFO - Created Permission View: can read on DAG:conditional_dataset_and_time_based_timetable
[2025-03-26T12:55:00.743+0000] {logging_mixin.py:190} INFO - [2025-03-26T12:55:00.742+0000] {override.py:1930} INFO - Created Permission View: can edit on DAG:conditional_dataset_and_time_based_timetable
[2025-03-26T12:55:00.754+0000] {logging_mixin.py:190} INFO - [2025-03-26T12:55:00.754+0000] {override.py:1930} INFO - Created Permission View: can delete on DAG:conditional_dataset_and_time_based_timetable
[2025-03-26T12:55:00.775+0000] {logging_mixin.py:190} INFO - [2025-03-26T12:55:00.774+0000] {override.py:1930} INFO - Created Permission View: can read on DAG Run:conditional_dataset_and_time_based_timetable
[2025-03-26T12:55:00.789+0000] {logging_mixin.py:190} INFO - [2025-03-26T12:55:00.789+0000] {override.py:1930} INFO - Created Permission View: menu access on DAG Run:conditional_dataset_and_time_based_timetable
[2025-03-26T12:55:00.807+0000] {logging_mixin.py:190} INFO - [2025-03-26T12:55:00.806+0000] {override.py:1930} INFO - Created Permission View: can create on DAG Run:conditional_dataset_and_time_based_timetable
[2025-03-26T12:55:00.824+0000] {logging_mixin.py:190} INFO - [2025-03-26T12:55:00.823+0000] {override.py:1930} INFO - Created Permission View: can delete on DAG Run:conditional_dataset_and_time_based_timetable
[2025-03-26T12:55:00.851+0000] {logging_mixin.py:190} INFO - [2025-03-26T12:55:00.851+0000] {override.py:1930} INFO - Created Permission View: can read on DAG:consume_1_or_2_with_dataset_expressions
[2025-03-26T12:55:00.863+0000] {logging_mixin.py:190} INFO - [2025-03-26T12:55:00.863+0000] {override.py:1930} INFO - Created Permission View: can edit on DAG:consume_1_or_2_with_dataset_expressions
[2025-03-26T12:55:00.876+0000] {logging_mixin.py:190} INFO - [2025-03-26T12:55:00.875+0000] {override.py:1930} INFO - Created Permission View: can delete on DAG:consume_1_or_2_with_dataset_expressions
[2025-03-26T12:55:00.897+0000] {logging_mixin.py:190} INFO - [2025-03-26T12:55:00.897+0000] {override.py:1930} INFO - Created Permission View: can read on DAG Run:consume_1_or_2_with_dataset_expressions
[2025-03-26T12:55:00.913+0000] {logging_mixin.py:190} INFO - [2025-03-26T12:55:00.913+0000] {override.py:1930} INFO - Created Permission View: menu access on DAG Run:consume_1_or_2_with_dataset_expressions
[2025-03-26T12:55:00.926+0000] {logging_mixin.py:190} INFO - [2025-03-26T12:55:00.925+0000] {override.py:1930} INFO - Created Permission View: can create on DAG Run:consume_1_or_2_with_dataset_expressions
[2025-03-26T12:55:00.938+0000] {logging_mixin.py:190} INFO - [2025-03-26T12:55:00.937+0000] {override.py:1930} INFO - Created Permission View: can delete on DAG Run:consume_1_or_2_with_dataset_expressions
[2025-03-26T12:55:00.967+0000] {logging_mixin.py:190} INFO - [2025-03-26T12:55:00.966+0000] {override.py:1930} INFO - Created Permission View: can read on DAG:dataset_consumes_unknown_never_scheduled
[2025-03-26T12:55:00.979+0000] {logging_mixin.py:190} INFO - [2025-03-26T12:55:00.978+0000] {override.py:1930} INFO - Created Permission View: can edit on DAG:dataset_consumes_unknown_never_scheduled
[2025-03-26T12:55:00.991+0000] {logging_mixin.py:190} INFO - [2025-03-26T12:55:00.990+0000] {override.py:1930} INFO - Created Permission View: can delete on DAG:dataset_consumes_unknown_never_scheduled
[2025-03-26T12:55:01.010+0000] {logging_mixin.py:190} INFO - [2025-03-26T12:55:01.009+0000] {override.py:1930} INFO - Created Permission View: can read on DAG Run:dataset_consumes_unknown_never_scheduled
[2025-03-26T12:55:01.023+0000] {logging_mixin.py:190} INFO - [2025-03-26T12:55:01.023+0000] {override.py:1930} INFO - Created Permission View: menu access on DAG Run:dataset_consumes_unknown_never_scheduled
[2025-03-26T12:55:01.035+0000] {logging_mixin.py:190} INFO - [2025-03-26T12:55:01.035+0000] {override.py:1930} INFO - Created Permission View: can create on DAG Run:dataset_consumes_unknown_never_scheduled
[2025-03-26T12:55:01.047+0000] {logging_mixin.py:190} INFO - [2025-03-26T12:55:01.047+0000] {override.py:1930} INFO - Created Permission View: can delete on DAG Run:dataset_consumes_unknown_never_scheduled
[2025-03-26T12:55:01.073+0000] {logging_mixin.py:190} INFO - [2025-03-26T12:55:01.073+0000] {override.py:1930} INFO - Created Permission View: can read on DAG:dataset_consumes_1_never_scheduled
[2025-03-26T12:55:01.086+0000] {logging_mixin.py:190} INFO - [2025-03-26T12:55:01.085+0000] {override.py:1930} INFO - Created Permission View: can edit on DAG:dataset_consumes_1_never_scheduled
[2025-03-26T12:55:01.098+0000] {logging_mixin.py:190} INFO - [2025-03-26T12:55:01.098+0000] {override.py:1930} INFO - Created Permission View: can delete on DAG:dataset_consumes_1_never_scheduled
[2025-03-26T12:55:01.119+0000] {logging_mixin.py:190} INFO - [2025-03-26T12:55:01.118+0000] {override.py:1930} INFO - Created Permission View: can read on DAG Run:dataset_consumes_1_never_scheduled
[2025-03-26T12:55:01.131+0000] {logging_mixin.py:190} INFO - [2025-03-26T12:55:01.130+0000] {override.py:1930} INFO - Created Permission View: menu access on DAG Run:dataset_consumes_1_never_scheduled
[2025-03-26T12:55:01.142+0000] {logging_mixin.py:190} INFO - [2025-03-26T12:55:01.142+0000] {override.py:1930} INFO - Created Permission View: can create on DAG Run:dataset_consumes_1_never_scheduled
[2025-03-26T12:55:01.154+0000] {logging_mixin.py:190} INFO - [2025-03-26T12:55:01.154+0000] {override.py:1930} INFO - Created Permission View: can delete on DAG Run:dataset_consumes_1_never_scheduled
[2025-03-26T12:55:01.180+0000] {logging_mixin.py:190} INFO - [2025-03-26T12:55:01.180+0000] {override.py:1930} INFO - Created Permission View: can read on DAG:dataset_consumes_1_and_2
[2025-03-26T12:55:01.192+0000] {logging_mixin.py:190} INFO - [2025-03-26T12:55:01.192+0000] {override.py:1930} INFO - Created Permission View: can edit on DAG:dataset_consumes_1_and_2
[2025-03-26T12:55:01.210+0000] {logging_mixin.py:190} INFO - [2025-03-26T12:55:01.210+0000] {override.py:1930} INFO - Created Permission View: can delete on DAG:dataset_consumes_1_and_2
[2025-03-26T12:55:01.231+0000] {logging_mixin.py:190} INFO - [2025-03-26T12:55:01.230+0000] {override.py:1930} INFO - Created Permission View: can read on DAG Run:dataset_consumes_1_and_2
[2025-03-26T12:55:01.244+0000] {logging_mixin.py:190} INFO - [2025-03-26T12:55:01.243+0000] {override.py:1930} INFO - Created Permission View: menu access on DAG Run:dataset_consumes_1_and_2
[2025-03-26T12:55:01.257+0000] {logging_mixin.py:190} INFO - [2025-03-26T12:55:01.257+0000] {override.py:1930} INFO - Created Permission View: can create on DAG Run:dataset_consumes_1_and_2
[2025-03-26T12:55:01.269+0000] {logging_mixin.py:190} INFO - [2025-03-26T12:55:01.269+0000] {override.py:1930} INFO - Created Permission View: can delete on DAG Run:dataset_consumes_1_and_2
[2025-03-26T12:55:01.302+0000] {logging_mixin.py:190} INFO - [2025-03-26T12:55:01.301+0000] {override.py:1930} INFO - Created Permission View: can read on DAG:dataset_consumes_1
[2025-03-26T12:55:01.320+0000] {logging_mixin.py:190} INFO - [2025-03-26T12:55:01.319+0000] {override.py:1930} INFO - Created Permission View: can edit on DAG:dataset_consumes_1
[2025-03-26T12:55:01.337+0000] {logging_mixin.py:190} INFO - [2025-03-26T12:55:01.337+0000] {override.py:1930} INFO - Created Permission View: can delete on DAG:dataset_consumes_1
[2025-03-26T12:55:01.366+0000] {logging_mixin.py:190} INFO - [2025-03-26T12:55:01.365+0000] {override.py:1930} INFO - Created Permission View: can read on DAG Run:dataset_consumes_1
[2025-03-26T12:55:01.378+0000] {logging_mixin.py:190} INFO - [2025-03-26T12:55:01.378+0000] {override.py:1930} INFO - Created Permission View: menu access on DAG Run:dataset_consumes_1
[2025-03-26T12:55:01.393+0000] {logging_mixin.py:190} INFO - [2025-03-26T12:55:01.392+0000] {override.py:1930} INFO - Created Permission View: can create on DAG Run:dataset_consumes_1
[2025-03-26T12:55:01.407+0000] {logging_mixin.py:190} INFO - [2025-03-26T12:55:01.406+0000] {override.py:1930} INFO - Created Permission View: can delete on DAG Run:dataset_consumes_1
[2025-03-26T12:55:01.433+0000] {logging_mixin.py:190} INFO - [2025-03-26T12:55:01.432+0000] {override.py:1930} INFO - Created Permission View: can read on DAG:dataset_produces_2
[2025-03-26T12:55:01.446+0000] {logging_mixin.py:190} INFO - [2025-03-26T12:55:01.446+0000] {override.py:1930} INFO - Created Permission View: can edit on DAG:dataset_produces_2
[2025-03-26T12:55:01.460+0000] {logging_mixin.py:190} INFO - [2025-03-26T12:55:01.459+0000] {override.py:1930} INFO - Created Permission View: can delete on DAG:dataset_produces_2
[2025-03-26T12:55:01.489+0000] {logging_mixin.py:190} INFO - [2025-03-26T12:55:01.487+0000] {override.py:1930} INFO - Created Permission View: can read on DAG Run:dataset_produces_2
[2025-03-26T12:55:01.514+0000] {logging_mixin.py:190} INFO - [2025-03-26T12:55:01.511+0000] {override.py:1930} INFO - Created Permission View: menu access on DAG Run:dataset_produces_2
[2025-03-26T12:55:01.537+0000] {logging_mixin.py:190} INFO - [2025-03-26T12:55:01.536+0000] {override.py:1930} INFO - Created Permission View: can create on DAG Run:dataset_produces_2
[2025-03-26T12:55:01.557+0000] {logging_mixin.py:190} INFO - [2025-03-26T12:55:01.556+0000] {override.py:1930} INFO - Created Permission View: can delete on DAG Run:dataset_produces_2
[2025-03-26T12:55:01.595+0000] {logging_mixin.py:190} INFO - [2025-03-26T12:55:01.594+0000] {override.py:1930} INFO - Created Permission View: can read on DAG:consume_1_and_2_with_dataset_expressions
[2025-03-26T12:55:01.607+0000] {logging_mixin.py:190} INFO - [2025-03-26T12:55:01.607+0000] {override.py:1930} INFO - Created Permission View: can edit on DAG:consume_1_and_2_with_dataset_expressions
[2025-03-26T12:55:01.620+0000] {logging_mixin.py:190} INFO - [2025-03-26T12:55:01.620+0000] {override.py:1930} INFO - Created Permission View: can delete on DAG:consume_1_and_2_with_dataset_expressions
[2025-03-26T12:55:01.641+0000] {logging_mixin.py:190} INFO - [2025-03-26T12:55:01.641+0000] {override.py:1930} INFO - Created Permission View: can read on DAG Run:consume_1_and_2_with_dataset_expressions
[2025-03-26T12:55:01.653+0000] {logging_mixin.py:190} INFO - [2025-03-26T12:55:01.652+0000] {override.py:1930} INFO - Created Permission View: menu access on DAG Run:consume_1_and_2_with_dataset_expressions
[2025-03-26T12:55:01.664+0000] {logging_mixin.py:190} INFO - [2025-03-26T12:55:01.664+0000] {override.py:1930} INFO - Created Permission View: can create on DAG Run:consume_1_and_2_with_dataset_expressions
[2025-03-26T12:55:01.677+0000] {logging_mixin.py:190} INFO - [2025-03-26T12:55:01.677+0000] {override.py:1930} INFO - Created Permission View: can delete on DAG Run:consume_1_and_2_with_dataset_expressions
[2025-03-26T12:55:01.678+0000] {logging_mixin.py:190} INFO - [2025-03-26T12:55:01.677+0000] {dag.py:3239} INFO - Sync 10 DAGs
[2025-03-26T12:55:01.699+0000] {logging_mixin.py:190} INFO - [2025-03-26T12:55:01.698+0000] {dag.py:3262} INFO - Creating ORM DAG for dataset_consumes_unknown_never_scheduled
[2025-03-26T12:55:01.700+0000] {logging_mixin.py:190} INFO - [2025-03-26T12:55:01.700+0000] {dag.py:3262} INFO - Creating ORM DAG for dataset_consumes_1
[2025-03-26T12:55:01.701+0000] {logging_mixin.py:190} INFO - [2025-03-26T12:55:01.700+0000] {dag.py:3262} INFO - Creating ORM DAG for consume_1_or_both_2_and_3_with_dataset_expressions
[2025-03-26T12:55:01.701+0000] {logging_mixin.py:190} INFO - [2025-03-26T12:55:01.701+0000] {dag.py:3262} INFO - Creating ORM DAG for dataset_consumes_1_never_scheduled
[2025-03-26T12:55:01.702+0000] {logging_mixin.py:190} INFO - [2025-03-26T12:55:01.702+0000] {dag.py:3262} INFO - Creating ORM DAG for consume_1_or_2_with_dataset_expressions
[2025-03-26T12:55:01.702+0000] {logging_mixin.py:190} INFO - [2025-03-26T12:55:01.702+0000] {dag.py:3262} INFO - Creating ORM DAG for consume_1_and_2_with_dataset_expressions
[2025-03-26T12:55:01.703+0000] {logging_mixin.py:190} INFO - [2025-03-26T12:55:01.703+0000] {dag.py:3262} INFO - Creating ORM DAG for dataset_consumes_1_and_2
[2025-03-26T12:55:01.704+0000] {logging_mixin.py:190} INFO - [2025-03-26T12:55:01.703+0000] {dag.py:3262} INFO - Creating ORM DAG for conditional_dataset_and_time_based_timetable
[2025-03-26T12:55:01.705+0000] {logging_mixin.py:190} INFO - [2025-03-26T12:55:01.705+0000] {dag.py:3262} INFO - Creating ORM DAG for dataset_produces_1
[2025-03-26T12:55:01.706+0000] {logging_mixin.py:190} INFO - [2025-03-26T12:55:01.705+0000] {dag.py:3262} INFO - Creating ORM DAG for dataset_produces_2
[2025-03-26T12:55:01.719+0000] {logging_mixin.py:190} INFO - [2025-03-26T12:55:01.718+0000] {dag.py:4180} INFO - Setting next_dagrun for conditional_dataset_and_time_based_timetable to 2025-03-26 01:00:00+00:00, run_after=2025-03-26 01:00:00+00:00
[2025-03-26T12:55:01.720+0000] {logging_mixin.py:190} INFO - [2025-03-26T12:55:01.720+0000] {dag.py:4180} INFO - Setting next_dagrun for consume_1_and_2_with_dataset_expressions to None, run_after=None
[2025-03-26T12:55:01.720+0000] {logging_mixin.py:190} INFO - [2025-03-26T12:55:01.720+0000] {dag.py:4180} INFO - Setting next_dagrun for consume_1_or_2_with_dataset_expressions to None, run_after=None
[2025-03-26T12:55:01.721+0000] {logging_mixin.py:190} INFO - [2025-03-26T12:55:01.721+0000] {dag.py:4180} INFO - Setting next_dagrun for consume_1_or_both_2_and_3_with_dataset_expressions to None, run_after=None
[2025-03-26T12:55:01.721+0000] {logging_mixin.py:190} INFO - [2025-03-26T12:55:01.721+0000] {dag.py:4180} INFO - Setting next_dagrun for dataset_consumes_1 to None, run_after=None
[2025-03-26T12:55:01.722+0000] {logging_mixin.py:190} INFO - [2025-03-26T12:55:01.722+0000] {dag.py:4180} INFO - Setting next_dagrun for dataset_consumes_1_and_2 to None, run_after=None
[2025-03-26T12:55:01.722+0000] {logging_mixin.py:190} INFO - [2025-03-26T12:55:01.722+0000] {dag.py:4180} INFO - Setting next_dagrun for dataset_consumes_1_never_scheduled to None, run_after=None
[2025-03-26T12:55:01.723+0000] {logging_mixin.py:190} INFO - [2025-03-26T12:55:01.723+0000] {dag.py:4180} INFO - Setting next_dagrun for dataset_consumes_unknown_never_scheduled to None, run_after=None
[2025-03-26T12:55:01.725+0000] {logging_mixin.py:190} INFO - [2025-03-26T12:55:01.725+0000] {dag.py:4180} INFO - Setting next_dagrun for dataset_produces_1 to 2025-03-25 00:00:00+00:00, run_after=2025-03-26 00:00:00+00:00
[2025-03-26T12:55:01.726+0000] {logging_mixin.py:190} INFO - [2025-03-26T12:55:01.726+0000] {dag.py:4180} INFO - Setting next_dagrun for dataset_produces_2 to None, run_after=None
[2025-03-26T12:55:01.780+0000] {processor.py:208} INFO - Processing /home/ubuntu/miniconda3/envs/mlflow/lib/python3.12/site-packages/airflow/example_dags/example_datasets.py took 1.439 seconds
[2025-03-26T12:56:14.347+0000] {processor.py:186} INFO - Started process (PID=100463) to work on /home/ubuntu/miniconda3/envs/mlflow/lib/python3.12/site-packages/airflow/example_dags/example_datasets.py
[2025-03-26T12:56:14.348+0000] {processor.py:914} INFO - Processing file /home/ubuntu/miniconda3/envs/mlflow/lib/python3.12/site-packages/airflow/example_dags/example_datasets.py for tasks to queue
[2025-03-26T12:56:14.351+0000] {logging_mixin.py:190} INFO - [2025-03-26T12:56:14.351+0000] {dagbag.py:588} INFO - Filling up the DagBag from /home/ubuntu/miniconda3/envs/mlflow/lib/python3.12/site-packages/airflow/example_dags/example_datasets.py
[2025-03-26T12:56:14.373+0000] {processor.py:925} INFO - DAG(s) 'dataset_consumes_1_never_scheduled', 'dataset_consumes_1', 'consume_1_or_2_with_dataset_expressions', 'consume_1_or_both_2_and_3_with_dataset_expressions', 'conditional_dataset_and_time_based_timetable', 'dataset_consumes_unknown_never_scheduled', 'dataset_produces_1', 'dataset_produces_2', 'consume_1_and_2_with_dataset_expressions', 'dataset_consumes_1_and_2' retrieved from /home/ubuntu/miniconda3/envs/mlflow/lib/python3.12/site-packages/airflow/example_dags/example_datasets.py
[2025-03-26T12:56:14.418+0000] {logging_mixin.py:190} INFO - [2025-03-26T12:56:14.418+0000] {dag.py:3239} INFO - Sync 10 DAGs
[2025-03-26T12:56:14.453+0000] {logging_mixin.py:190} INFO - [2025-03-26T12:56:14.453+0000] {dag.py:4180} INFO - Setting next_dagrun for conditional_dataset_and_time_based_timetable to 2025-03-26 01:00:00+00:00, run_after=2025-03-26 01:00:00+00:00
[2025-03-26T12:56:14.458+0000] {logging_mixin.py:190} INFO - [2025-03-26T12:56:14.458+0000] {dag.py:4180} INFO - Setting next_dagrun for consume_1_and_2_with_dataset_expressions to None, run_after=None
[2025-03-26T12:56:14.460+0000] {logging_mixin.py:190} INFO - [2025-03-26T12:56:14.459+0000] {dag.py:4180} INFO - Setting next_dagrun for consume_1_or_2_with_dataset_expressions to None, run_after=None
[2025-03-26T12:56:14.461+0000] {logging_mixin.py:190} INFO - [2025-03-26T12:56:14.461+0000] {dag.py:4180} INFO - Setting next_dagrun for consume_1_or_both_2_and_3_with_dataset_expressions to None, run_after=None
[2025-03-26T12:56:14.463+0000] {logging_mixin.py:190} INFO - [2025-03-26T12:56:14.462+0000] {dag.py:4180} INFO - Setting next_dagrun for dataset_consumes_1 to None, run_after=None
[2025-03-26T12:56:14.464+0000] {logging_mixin.py:190} INFO - [2025-03-26T12:56:14.464+0000] {dag.py:4180} INFO - Setting next_dagrun for dataset_consumes_1_and_2 to None, run_after=None
[2025-03-26T12:56:14.465+0000] {logging_mixin.py:190} INFO - [2025-03-26T12:56:14.465+0000] {dag.py:4180} INFO - Setting next_dagrun for dataset_consumes_1_never_scheduled to None, run_after=None
[2025-03-26T12:56:14.466+0000] {logging_mixin.py:190} INFO - [2025-03-26T12:56:14.466+0000] {dag.py:4180} INFO - Setting next_dagrun for dataset_consumes_unknown_never_scheduled to None, run_after=None
[2025-03-26T12:56:14.470+0000] {logging_mixin.py:190} INFO - [2025-03-26T12:56:14.469+0000] {dag.py:4180} INFO - Setting next_dagrun for dataset_produces_1 to 2025-03-25 00:00:00+00:00, run_after=2025-03-26 00:00:00+00:00
[2025-03-26T12:56:14.471+0000] {logging_mixin.py:190} INFO - [2025-03-26T12:56:14.471+0000] {dag.py:4180} INFO - Setting next_dagrun for dataset_produces_2 to None, run_after=None
[2025-03-26T12:56:14.521+0000] {processor.py:208} INFO - Processing /home/ubuntu/miniconda3/envs/mlflow/lib/python3.12/site-packages/airflow/example_dags/example_datasets.py took 0.181 seconds
[2025-03-26T12:57:19.894+0000] {processor.py:186} INFO - Started process (PID=100688) to work on /home/ubuntu/miniconda3/envs/mlflow/lib/python3.12/site-packages/airflow/example_dags/example_datasets.py
[2025-03-26T12:57:19.896+0000] {processor.py:914} INFO - Processing file /home/ubuntu/miniconda3/envs/mlflow/lib/python3.12/site-packages/airflow/example_dags/example_datasets.py for tasks to queue
[2025-03-26T12:57:19.899+0000] {logging_mixin.py:190} INFO - [2025-03-26T12:57:19.899+0000] {dagbag.py:588} INFO - Filling up the DagBag from /home/ubuntu/miniconda3/envs/mlflow/lib/python3.12/site-packages/airflow/example_dags/example_datasets.py
[2025-03-26T12:57:19.920+0000] {processor.py:925} INFO - DAG(s) 'dataset_produces_1', 'consume_1_or_2_with_dataset_expressions', 'conditional_dataset_and_time_based_timetable', 'consume_1_and_2_with_dataset_expressions', 'dataset_consumes_1_never_scheduled', 'dataset_produces_2', 'consume_1_or_both_2_and_3_with_dataset_expressions', 'dataset_consumes_1', 'dataset_consumes_unknown_never_scheduled', 'dataset_consumes_1_and_2' retrieved from /home/ubuntu/miniconda3/envs/mlflow/lib/python3.12/site-packages/airflow/example_dags/example_datasets.py
[2025-03-26T12:57:19.978+0000] {logging_mixin.py:190} INFO - [2025-03-26T12:57:19.978+0000] {dag.py:3239} INFO - Sync 10 DAGs
[2025-03-26T12:57:20.010+0000] {logging_mixin.py:190} INFO - [2025-03-26T12:57:20.010+0000] {dag.py:4180} INFO - Setting next_dagrun for conditional_dataset_and_time_based_timetable to 2025-03-26 01:00:00+00:00, run_after=2025-03-26 01:00:00+00:00
[2025-03-26T12:57:20.015+0000] {logging_mixin.py:190} INFO - [2025-03-26T12:57:20.015+0000] {dag.py:4180} INFO - Setting next_dagrun for consume_1_and_2_with_dataset_expressions to None, run_after=None
[2025-03-26T12:57:20.016+0000] {logging_mixin.py:190} INFO - [2025-03-26T12:57:20.016+0000] {dag.py:4180} INFO - Setting next_dagrun for consume_1_or_2_with_dataset_expressions to None, run_after=None
[2025-03-26T12:57:20.017+0000] {logging_mixin.py:190} INFO - [2025-03-26T12:57:20.017+0000] {dag.py:4180} INFO - Setting next_dagrun for consume_1_or_both_2_and_3_with_dataset_expressions to None, run_after=None
[2025-03-26T12:57:20.019+0000] {logging_mixin.py:190} INFO - [2025-03-26T12:57:20.018+0000] {dag.py:4180} INFO - Setting next_dagrun for dataset_consumes_1 to None, run_after=None
[2025-03-26T12:57:20.020+0000] {logging_mixin.py:190} INFO - [2025-03-26T12:57:20.020+0000] {dag.py:4180} INFO - Setting next_dagrun for dataset_consumes_1_and_2 to None, run_after=None
[2025-03-26T12:57:20.021+0000] {logging_mixin.py:190} INFO - [2025-03-26T12:57:20.021+0000] {dag.py:4180} INFO - Setting next_dagrun for dataset_consumes_1_never_scheduled to None, run_after=None
[2025-03-26T12:57:20.022+0000] {logging_mixin.py:190} INFO - [2025-03-26T12:57:20.022+0000] {dag.py:4180} INFO - Setting next_dagrun for dataset_consumes_unknown_never_scheduled to None, run_after=None
[2025-03-26T12:57:20.027+0000] {logging_mixin.py:190} INFO - [2025-03-26T12:57:20.027+0000] {dag.py:4180} INFO - Setting next_dagrun for dataset_produces_1 to 2025-03-25 00:00:00+00:00, run_after=2025-03-26 00:00:00+00:00
[2025-03-26T12:57:20.029+0000] {logging_mixin.py:190} INFO - [2025-03-26T12:57:20.028+0000] {dag.py:4180} INFO - Setting next_dagrun for dataset_produces_2 to None, run_after=None
[2025-03-26T12:57:20.076+0000] {processor.py:208} INFO - Processing /home/ubuntu/miniconda3/envs/mlflow/lib/python3.12/site-packages/airflow/example_dags/example_datasets.py took 0.192 seconds
[2025-03-26T12:58:25.102+0000] {processor.py:186} INFO - Started process (PID=100805) to work on /home/ubuntu/miniconda3/envs/mlflow/lib/python3.12/site-packages/airflow/example_dags/example_datasets.py
[2025-03-26T12:58:25.103+0000] {processor.py:914} INFO - Processing file /home/ubuntu/miniconda3/envs/mlflow/lib/python3.12/site-packages/airflow/example_dags/example_datasets.py for tasks to queue
[2025-03-26T12:58:25.107+0000] {logging_mixin.py:190} INFO - [2025-03-26T12:58:25.107+0000] {dagbag.py:588} INFO - Filling up the DagBag from /home/ubuntu/miniconda3/envs/mlflow/lib/python3.12/site-packages/airflow/example_dags/example_datasets.py
[2025-03-26T12:58:25.126+0000] {processor.py:925} INFO - DAG(s) 'consume_1_or_2_with_dataset_expressions', 'dataset_consumes_1', 'dataset_produces_2', 'dataset_consumes_1_never_scheduled', 'consume_1_or_both_2_and_3_with_dataset_expressions', 'dataset_consumes_unknown_never_scheduled', 'dataset_produces_1', 'conditional_dataset_and_time_based_timetable', 'dataset_consumes_1_and_2', 'consume_1_and_2_with_dataset_expressions' retrieved from /home/ubuntu/miniconda3/envs/mlflow/lib/python3.12/site-packages/airflow/example_dags/example_datasets.py
[2025-03-26T12:58:25.172+0000] {logging_mixin.py:190} INFO - [2025-03-26T12:58:25.172+0000] {dag.py:3239} INFO - Sync 10 DAGs
[2025-03-26T12:58:25.202+0000] {logging_mixin.py:190} INFO - [2025-03-26T12:58:25.201+0000] {dag.py:4180} INFO - Setting next_dagrun for conditional_dataset_and_time_based_timetable to 2025-03-26 01:00:00+00:00, run_after=2025-03-26 01:00:00+00:00
[2025-03-26T12:58:25.206+0000] {logging_mixin.py:190} INFO - [2025-03-26T12:58:25.206+0000] {dag.py:4180} INFO - Setting next_dagrun for consume_1_and_2_with_dataset_expressions to None, run_after=None
[2025-03-26T12:58:25.208+0000] {logging_mixin.py:190} INFO - [2025-03-26T12:58:25.207+0000] {dag.py:4180} INFO - Setting next_dagrun for consume_1_or_2_with_dataset_expressions to None, run_after=None
[2025-03-26T12:58:25.210+0000] {logging_mixin.py:190} INFO - [2025-03-26T12:58:25.209+0000] {dag.py:4180} INFO - Setting next_dagrun for consume_1_or_both_2_and_3_with_dataset_expressions to None, run_after=None
[2025-03-26T12:58:25.211+0000] {logging_mixin.py:190} INFO - [2025-03-26T12:58:25.210+0000] {dag.py:4180} INFO - Setting next_dagrun for dataset_consumes_1 to None, run_after=None
[2025-03-26T12:58:25.212+0000] {logging_mixin.py:190} INFO - [2025-03-26T12:58:25.212+0000] {dag.py:4180} INFO - Setting next_dagrun for dataset_consumes_1_and_2 to None, run_after=None
[2025-03-26T12:58:25.213+0000] {logging_mixin.py:190} INFO - [2025-03-26T12:58:25.213+0000] {dag.py:4180} INFO - Setting next_dagrun for dataset_consumes_1_never_scheduled to None, run_after=None
[2025-03-26T12:58:25.214+0000] {logging_mixin.py:190} INFO - [2025-03-26T12:58:25.214+0000] {dag.py:4180} INFO - Setting next_dagrun for dataset_consumes_unknown_never_scheduled to None, run_after=None
[2025-03-26T12:58:25.217+0000] {logging_mixin.py:190} INFO - [2025-03-26T12:58:25.217+0000] {dag.py:4180} INFO - Setting next_dagrun for dataset_produces_1 to 2025-03-25 00:00:00+00:00, run_after=2025-03-26 00:00:00+00:00
[2025-03-26T12:58:25.221+0000] {logging_mixin.py:190} INFO - [2025-03-26T12:58:25.221+0000] {dag.py:4180} INFO - Setting next_dagrun for dataset_produces_2 to None, run_after=None
[2025-03-26T12:58:25.261+0000] {processor.py:208} INFO - Processing /home/ubuntu/miniconda3/envs/mlflow/lib/python3.12/site-packages/airflow/example_dags/example_datasets.py took 0.168 seconds
[2025-03-26T12:59:27.625+0000] {processor.py:186} INFO - Started process (PID=100930) to work on /home/ubuntu/miniconda3/envs/mlflow/lib/python3.12/site-packages/airflow/example_dags/example_datasets.py
[2025-03-26T12:59:27.626+0000] {processor.py:914} INFO - Processing file /home/ubuntu/miniconda3/envs/mlflow/lib/python3.12/site-packages/airflow/example_dags/example_datasets.py for tasks to queue
[2025-03-26T12:59:27.628+0000] {logging_mixin.py:190} INFO - [2025-03-26T12:59:27.628+0000] {dagbag.py:588} INFO - Filling up the DagBag from /home/ubuntu/miniconda3/envs/mlflow/lib/python3.12/site-packages/airflow/example_dags/example_datasets.py
[2025-03-26T12:59:27.646+0000] {processor.py:925} INFO - DAG(s) 'dataset_produces_2', 'conditional_dataset_and_time_based_timetable', 'dataset_consumes_1_never_scheduled', 'dataset_consumes_1_and_2', 'consume_1_or_2_with_dataset_expressions', 'consume_1_and_2_with_dataset_expressions', 'dataset_consumes_1', 'dataset_consumes_unknown_never_scheduled', 'dataset_produces_1', 'consume_1_or_both_2_and_3_with_dataset_expressions' retrieved from /home/ubuntu/miniconda3/envs/mlflow/lib/python3.12/site-packages/airflow/example_dags/example_datasets.py
[2025-03-26T12:59:27.694+0000] {logging_mixin.py:190} INFO - [2025-03-26T12:59:27.693+0000] {dag.py:3239} INFO - Sync 10 DAGs
[2025-03-26T12:59:27.722+0000] {logging_mixin.py:190} INFO - [2025-03-26T12:59:27.722+0000] {dag.py:4180} INFO - Setting next_dagrun for conditional_dataset_and_time_based_timetable to 2025-03-26 01:00:00+00:00, run_after=2025-03-26 01:00:00+00:00
[2025-03-26T12:59:27.726+0000] {logging_mixin.py:190} INFO - [2025-03-26T12:59:27.726+0000] {dag.py:4180} INFO - Setting next_dagrun for consume_1_and_2_with_dataset_expressions to None, run_after=None
[2025-03-26T12:59:27.727+0000] {logging_mixin.py:190} INFO - [2025-03-26T12:59:27.727+0000] {dag.py:4180} INFO - Setting next_dagrun for consume_1_or_2_with_dataset_expressions to None, run_after=None
[2025-03-26T12:59:27.728+0000] {logging_mixin.py:190} INFO - [2025-03-26T12:59:27.728+0000] {dag.py:4180} INFO - Setting next_dagrun for consume_1_or_both_2_and_3_with_dataset_expressions to None, run_after=None
[2025-03-26T12:59:27.729+0000] {logging_mixin.py:190} INFO - [2025-03-26T12:59:27.729+0000] {dag.py:4180} INFO - Setting next_dagrun for dataset_consumes_1 to None, run_after=None
[2025-03-26T12:59:27.730+0000] {logging_mixin.py:190} INFO - [2025-03-26T12:59:27.730+0000] {dag.py:4180} INFO - Setting next_dagrun for dataset_consumes_1_and_2 to None, run_after=None
[2025-03-26T12:59:27.731+0000] {logging_mixin.py:190} INFO - [2025-03-26T12:59:27.731+0000] {dag.py:4180} INFO - Setting next_dagrun for dataset_consumes_1_never_scheduled to None, run_after=None
[2025-03-26T12:59:27.732+0000] {logging_mixin.py:190} INFO - [2025-03-26T12:59:27.732+0000] {dag.py:4180} INFO - Setting next_dagrun for dataset_consumes_unknown_never_scheduled to None, run_after=None
[2025-03-26T12:59:27.735+0000] {logging_mixin.py:190} INFO - [2025-03-26T12:59:27.735+0000] {dag.py:4180} INFO - Setting next_dagrun for dataset_produces_1 to 2025-03-25 00:00:00+00:00, run_after=2025-03-26 00:00:00+00:00
[2025-03-26T12:59:27.736+0000] {logging_mixin.py:190} INFO - [2025-03-26T12:59:27.736+0000] {dag.py:4180} INFO - Setting next_dagrun for dataset_produces_2 to None, run_after=None
[2025-03-26T12:59:27.775+0000] {processor.py:208} INFO - Processing /home/ubuntu/miniconda3/envs/mlflow/lib/python3.12/site-packages/airflow/example_dags/example_datasets.py took 0.155 seconds
[2025-03-26T13:00:29.914+0000] {processor.py:186} INFO - Started process (PID=101114) to work on /home/ubuntu/miniconda3/envs/mlflow/lib/python3.12/site-packages/airflow/example_dags/example_datasets.py
[2025-03-26T13:00:29.916+0000] {processor.py:914} INFO - Processing file /home/ubuntu/miniconda3/envs/mlflow/lib/python3.12/site-packages/airflow/example_dags/example_datasets.py for tasks to queue
[2025-03-26T13:00:29.918+0000] {logging_mixin.py:190} INFO - [2025-03-26T13:00:29.917+0000] {dagbag.py:588} INFO - Filling up the DagBag from /home/ubuntu/miniconda3/envs/mlflow/lib/python3.12/site-packages/airflow/example_dags/example_datasets.py
[2025-03-26T13:00:29.937+0000] {processor.py:925} INFO - DAG(s) 'conditional_dataset_and_time_based_timetable', 'dataset_produces_1', 'consume_1_or_2_with_dataset_expressions', 'dataset_consumes_1_and_2', 'consume_1_or_both_2_and_3_with_dataset_expressions', 'dataset_consumes_unknown_never_scheduled', 'dataset_consumes_1_never_scheduled', 'dataset_produces_2', 'dataset_consumes_1', 'consume_1_and_2_with_dataset_expressions' retrieved from /home/ubuntu/miniconda3/envs/mlflow/lib/python3.12/site-packages/airflow/example_dags/example_datasets.py
[2025-03-26T13:00:29.995+0000] {logging_mixin.py:190} INFO - [2025-03-26T13:00:29.995+0000] {dag.py:3239} INFO - Sync 10 DAGs
[2025-03-26T13:00:30.038+0000] {logging_mixin.py:190} INFO - [2025-03-26T13:00:30.037+0000] {dag.py:4180} INFO - Setting next_dagrun for conditional_dataset_and_time_based_timetable to 2025-03-26 01:00:00+00:00, run_after=2025-03-26 01:00:00+00:00
[2025-03-26T13:00:30.042+0000] {logging_mixin.py:190} INFO - [2025-03-26T13:00:30.042+0000] {dag.py:4180} INFO - Setting next_dagrun for consume_1_and_2_with_dataset_expressions to None, run_after=None
[2025-03-26T13:00:30.044+0000] {logging_mixin.py:190} INFO - [2025-03-26T13:00:30.044+0000] {dag.py:4180} INFO - Setting next_dagrun for consume_1_or_2_with_dataset_expressions to None, run_after=None
[2025-03-26T13:00:30.046+0000] {logging_mixin.py:190} INFO - [2025-03-26T13:00:30.046+0000] {dag.py:4180} INFO - Setting next_dagrun for consume_1_or_both_2_and_3_with_dataset_expressions to None, run_after=None
[2025-03-26T13:00:30.047+0000] {logging_mixin.py:190} INFO - [2025-03-26T13:00:30.047+0000] {dag.py:4180} INFO - Setting next_dagrun for dataset_consumes_1 to None, run_after=None
[2025-03-26T13:00:30.049+0000] {logging_mixin.py:190} INFO - [2025-03-26T13:00:30.049+0000] {dag.py:4180} INFO - Setting next_dagrun for dataset_consumes_1_and_2 to None, run_after=None
[2025-03-26T13:00:30.050+0000] {logging_mixin.py:190} INFO - [2025-03-26T13:00:30.050+0000] {dag.py:4180} INFO - Setting next_dagrun for dataset_consumes_1_never_scheduled to None, run_after=None
[2025-03-26T13:00:30.051+0000] {logging_mixin.py:190} INFO - [2025-03-26T13:00:30.051+0000] {dag.py:4180} INFO - Setting next_dagrun for dataset_consumes_unknown_never_scheduled to None, run_after=None
[2025-03-26T13:00:30.056+0000] {logging_mixin.py:190} INFO - [2025-03-26T13:00:30.055+0000] {dag.py:4180} INFO - Setting next_dagrun for dataset_produces_1 to 2025-03-25 00:00:00+00:00, run_after=2025-03-26 00:00:00+00:00
[2025-03-26T13:00:30.057+0000] {logging_mixin.py:190} INFO - [2025-03-26T13:00:30.057+0000] {dag.py:4180} INFO - Setting next_dagrun for dataset_produces_2 to None, run_after=None
[2025-03-26T13:00:30.100+0000] {processor.py:208} INFO - Processing /home/ubuntu/miniconda3/envs/mlflow/lib/python3.12/site-packages/airflow/example_dags/example_datasets.py took 0.192 seconds
[2025-03-26T13:01:35.964+0000] {processor.py:186} INFO - Started process (PID=101178) to work on /home/ubuntu/miniconda3/envs/mlflow/lib/python3.12/site-packages/airflow/example_dags/example_datasets.py
[2025-03-26T13:01:35.966+0000] {processor.py:914} INFO - Processing file /home/ubuntu/miniconda3/envs/mlflow/lib/python3.12/site-packages/airflow/example_dags/example_datasets.py for tasks to queue
[2025-03-26T13:01:35.968+0000] {logging_mixin.py:190} INFO - [2025-03-26T13:01:35.968+0000] {dagbag.py:588} INFO - Filling up the DagBag from /home/ubuntu/miniconda3/envs/mlflow/lib/python3.12/site-packages/airflow/example_dags/example_datasets.py
[2025-03-26T13:01:35.988+0000] {processor.py:925} INFO - DAG(s) 'dataset_consumes_1_and_2', 'consume_1_or_2_with_dataset_expressions', 'consume_1_or_both_2_and_3_with_dataset_expressions', 'dataset_produces_2', 'dataset_consumes_unknown_never_scheduled', 'conditional_dataset_and_time_based_timetable', 'dataset_consumes_1_never_scheduled', 'dataset_produces_1', 'consume_1_and_2_with_dataset_expressions', 'dataset_consumes_1' retrieved from /home/ubuntu/miniconda3/envs/mlflow/lib/python3.12/site-packages/airflow/example_dags/example_datasets.py
[2025-03-26T13:01:36.032+0000] {logging_mixin.py:190} INFO - [2025-03-26T13:01:36.032+0000] {dag.py:3239} INFO - Sync 10 DAGs
[2025-03-26T13:01:36.062+0000] {logging_mixin.py:190} INFO - [2025-03-26T13:01:36.062+0000] {dag.py:4180} INFO - Setting next_dagrun for conditional_dataset_and_time_based_timetable to 2025-03-26 01:00:00+00:00, run_after=2025-03-26 01:00:00+00:00
[2025-03-26T13:01:36.066+0000] {logging_mixin.py:190} INFO - [2025-03-26T13:01:36.066+0000] {dag.py:4180} INFO - Setting next_dagrun for consume_1_and_2_with_dataset_expressions to None, run_after=None
[2025-03-26T13:01:36.068+0000] {logging_mixin.py:190} INFO - [2025-03-26T13:01:36.067+0000] {dag.py:4180} INFO - Setting next_dagrun for consume_1_or_2_with_dataset_expressions to None, run_after=None
[2025-03-26T13:01:36.069+0000] {logging_mixin.py:190} INFO - [2025-03-26T13:01:36.069+0000] {dag.py:4180} INFO - Setting next_dagrun for consume_1_or_both_2_and_3_with_dataset_expressions to None, run_after=None
[2025-03-26T13:01:36.070+0000] {logging_mixin.py:190} INFO - [2025-03-26T13:01:36.069+0000] {dag.py:4180} INFO - Setting next_dagrun for dataset_consumes_1 to None, run_after=None
[2025-03-26T13:01:36.071+0000] {logging_mixin.py:190} INFO - [2025-03-26T13:01:36.070+0000] {dag.py:4180} INFO - Setting next_dagrun for dataset_consumes_1_and_2 to None, run_after=None
[2025-03-26T13:01:36.072+0000] {logging_mixin.py:190} INFO - [2025-03-26T13:01:36.071+0000] {dag.py:4180} INFO - Setting next_dagrun for dataset_consumes_1_never_scheduled to None, run_after=None
[2025-03-26T13:01:36.072+0000] {logging_mixin.py:190} INFO - [2025-03-26T13:01:36.072+0000] {dag.py:4180} INFO - Setting next_dagrun for dataset_consumes_unknown_never_scheduled to None, run_after=None
[2025-03-26T13:01:36.075+0000] {logging_mixin.py:190} INFO - [2025-03-26T13:01:36.075+0000] {dag.py:4180} INFO - Setting next_dagrun for dataset_produces_1 to 2025-03-25 00:00:00+00:00, run_after=2025-03-26 00:00:00+00:00
[2025-03-26T13:01:36.076+0000] {logging_mixin.py:190} INFO - [2025-03-26T13:01:36.076+0000] {dag.py:4180} INFO - Setting next_dagrun for dataset_produces_2 to None, run_after=None
[2025-03-26T13:01:36.115+0000] {processor.py:208} INFO - Processing /home/ubuntu/miniconda3/envs/mlflow/lib/python3.12/site-packages/airflow/example_dags/example_datasets.py took 0.157 seconds
