[2025-03-26T12:54:59.095+0000] {processor.py:186} INFO - Started process (PID=100200) to work on /home/ubuntu/miniconda3/envs/mlflow/lib/python3.12/site-packages/airflow/example_dags/example_branch_datetime_operator.py
[2025-03-26T12:54:59.096+0000] {processor.py:914} INFO - Processing file /home/ubuntu/miniconda3/envs/mlflow/lib/python3.12/site-packages/airflow/example_dags/example_branch_datetime_operator.py for tasks to queue
[2025-03-26T12:54:59.098+0000] {logging_mixin.py:190} INFO - [2025-03-26T12:54:59.098+0000] {dagbag.py:588} INFO - Filling up the DagBag from /home/ubuntu/miniconda3/envs/mlflow/lib/python3.12/site-packages/airflow/example_dags/example_branch_datetime_operator.py
[2025-03-26T12:54:59.113+0000] {processor.py:925} INFO - DAG(s) 'example_branch_datetime_operator', 'example_branch_datetime_operator_2', 'example_branch_datetime_operator_3' retrieved from /home/ubuntu/miniconda3/envs/mlflow/lib/python3.12/site-packages/airflow/example_dags/example_branch_datetime_operator.py
[2025-03-26T12:54:59.246+0000] {logging_mixin.py:190} INFO - [2025-03-26T12:54:59.245+0000] {override.py:1930} INFO - Created Permission View: can read on DAG:example_branch_datetime_operator
[2025-03-26T12:54:59.264+0000] {logging_mixin.py:190} INFO - [2025-03-26T12:54:59.263+0000] {override.py:1930} INFO - Created Permission View: can edit on DAG:example_branch_datetime_operator
[2025-03-26T12:54:59.277+0000] {logging_mixin.py:190} INFO - [2025-03-26T12:54:59.277+0000] {override.py:1930} INFO - Created Permission View: can delete on DAG:example_branch_datetime_operator
[2025-03-26T12:54:59.298+0000] {logging_mixin.py:190} INFO - [2025-03-26T12:54:59.298+0000] {override.py:1930} INFO - Created Permission View: can read on DAG Run:example_branch_datetime_operator
[2025-03-26T12:54:59.318+0000] {logging_mixin.py:190} INFO - [2025-03-26T12:54:59.317+0000] {override.py:1930} INFO - Created Permission View: menu access on DAG Run:example_branch_datetime_operator
[2025-03-26T12:54:59.336+0000] {logging_mixin.py:190} INFO - [2025-03-26T12:54:59.335+0000] {override.py:1930} INFO - Created Permission View: can create on DAG Run:example_branch_datetime_operator
[2025-03-26T12:54:59.349+0000] {logging_mixin.py:190} INFO - [2025-03-26T12:54:59.349+0000] {override.py:1930} INFO - Created Permission View: can delete on DAG Run:example_branch_datetime_operator
[2025-03-26T12:54:59.383+0000] {logging_mixin.py:190} INFO - [2025-03-26T12:54:59.382+0000] {override.py:1930} INFO - Created Permission View: can read on DAG:example_branch_datetime_operator_2
[2025-03-26T12:54:59.395+0000] {logging_mixin.py:190} INFO - [2025-03-26T12:54:59.395+0000] {override.py:1930} INFO - Created Permission View: can edit on DAG:example_branch_datetime_operator_2
[2025-03-26T12:54:59.417+0000] {logging_mixin.py:190} INFO - [2025-03-26T12:54:59.416+0000] {override.py:1930} INFO - Created Permission View: can delete on DAG:example_branch_datetime_operator_2
[2025-03-26T12:54:59.437+0000] {logging_mixin.py:190} INFO - [2025-03-26T12:54:59.437+0000] {override.py:1930} INFO - Created Permission View: can read on DAG Run:example_branch_datetime_operator_2
[2025-03-26T12:54:59.449+0000] {logging_mixin.py:190} INFO - [2025-03-26T12:54:59.449+0000] {override.py:1930} INFO - Created Permission View: menu access on DAG Run:example_branch_datetime_operator_2
[2025-03-26T12:54:59.461+0000] {logging_mixin.py:190} INFO - [2025-03-26T12:54:59.460+0000] {override.py:1930} INFO - Created Permission View: can create on DAG Run:example_branch_datetime_operator_2
[2025-03-26T12:54:59.474+0000] {logging_mixin.py:190} INFO - [2025-03-26T12:54:59.474+0000] {override.py:1930} INFO - Created Permission View: can delete on DAG Run:example_branch_datetime_operator_2
[2025-03-26T12:54:59.507+0000] {logging_mixin.py:190} INFO - [2025-03-26T12:54:59.506+0000] {override.py:1930} INFO - Created Permission View: can read on DAG:example_branch_datetime_operator_3
[2025-03-26T12:54:59.520+0000] {logging_mixin.py:190} INFO - [2025-03-26T12:54:59.520+0000] {override.py:1930} INFO - Created Permission View: can edit on DAG:example_branch_datetime_operator_3
[2025-03-26T12:54:59.532+0000] {logging_mixin.py:190} INFO - [2025-03-26T12:54:59.532+0000] {override.py:1930} INFO - Created Permission View: can delete on DAG:example_branch_datetime_operator_3
[2025-03-26T12:54:59.551+0000] {logging_mixin.py:190} INFO - [2025-03-26T12:54:59.550+0000] {override.py:1930} INFO - Created Permission View: can read on DAG Run:example_branch_datetime_operator_3
[2025-03-26T12:54:59.562+0000] {logging_mixin.py:190} INFO - [2025-03-26T12:54:59.562+0000] {override.py:1930} INFO - Created Permission View: menu access on DAG Run:example_branch_datetime_operator_3
[2025-03-26T12:54:59.578+0000] {logging_mixin.py:190} INFO - [2025-03-26T12:54:59.577+0000] {override.py:1930} INFO - Created Permission View: can create on DAG Run:example_branch_datetime_operator_3
[2025-03-26T12:54:59.589+0000] {logging_mixin.py:190} INFO - [2025-03-26T12:54:59.589+0000] {override.py:1930} INFO - Created Permission View: can delete on DAG Run:example_branch_datetime_operator_3
[2025-03-26T12:54:59.590+0000] {logging_mixin.py:190} INFO - [2025-03-26T12:54:59.589+0000] {dag.py:3239} INFO - Sync 3 DAGs
[2025-03-26T12:54:59.604+0000] {logging_mixin.py:190} INFO - [2025-03-26T12:54:59.604+0000] {dag.py:3262} INFO - Creating ORM DAG for example_branch_datetime_operator_3
[2025-03-26T12:54:59.605+0000] {logging_mixin.py:190} INFO - [2025-03-26T12:54:59.605+0000] {dag.py:3262} INFO - Creating ORM DAG for example_branch_datetime_operator
[2025-03-26T12:54:59.605+0000] {logging_mixin.py:190} INFO - [2025-03-26T12:54:59.605+0000] {dag.py:3262} INFO - Creating ORM DAG for example_branch_datetime_operator_2
[2025-03-26T12:54:59.618+0000] {logging_mixin.py:190} INFO - [2025-03-26T12:54:59.617+0000] {dag.py:4180} INFO - Setting next_dagrun for example_branch_datetime_operator to 2025-03-25 00:00:00+00:00, run_after=2025-03-26 00:00:00+00:00
[2025-03-26T12:54:59.620+0000] {logging_mixin.py:190} INFO - [2025-03-26T12:54:59.620+0000] {dag.py:4180} INFO - Setting next_dagrun for example_branch_datetime_operator_2 to 2025-03-25 00:00:00+00:00, run_after=2025-03-26 00:00:00+00:00
[2025-03-26T12:54:59.622+0000] {logging_mixin.py:190} INFO - [2025-03-26T12:54:59.622+0000] {dag.py:4180} INFO - Setting next_dagrun for example_branch_datetime_operator_3 to 2025-03-25 00:00:00+00:00, run_after=2025-03-26 00:00:00+00:00
[2025-03-26T12:54:59.649+0000] {processor.py:208} INFO - Processing /home/ubuntu/miniconda3/envs/mlflow/lib/python3.12/site-packages/airflow/example_dags/example_branch_datetime_operator.py took 0.560 seconds
[2025-03-26T12:56:13.535+0000] {processor.py:186} INFO - Started process (PID=100462) to work on /home/ubuntu/miniconda3/envs/mlflow/lib/python3.12/site-packages/airflow/example_dags/example_branch_datetime_operator.py
[2025-03-26T12:56:13.537+0000] {processor.py:914} INFO - Processing file /home/ubuntu/miniconda3/envs/mlflow/lib/python3.12/site-packages/airflow/example_dags/example_branch_datetime_operator.py for tasks to queue
[2025-03-26T12:56:13.540+0000] {logging_mixin.py:190} INFO - [2025-03-26T12:56:13.539+0000] {dagbag.py:588} INFO - Filling up the DagBag from /home/ubuntu/miniconda3/envs/mlflow/lib/python3.12/site-packages/airflow/example_dags/example_branch_datetime_operator.py
[2025-03-26T12:56:13.554+0000] {processor.py:925} INFO - DAG(s) 'example_branch_datetime_operator_2', 'example_branch_datetime_operator', 'example_branch_datetime_operator_3' retrieved from /home/ubuntu/miniconda3/envs/mlflow/lib/python3.12/site-packages/airflow/example_dags/example_branch_datetime_operator.py
[2025-03-26T12:56:13.578+0000] {logging_mixin.py:190} INFO - [2025-03-26T12:56:13.577+0000] {dag.py:3239} INFO - Sync 3 DAGs
[2025-03-26T12:56:13.603+0000] {logging_mixin.py:190} INFO - [2025-03-26T12:56:13.603+0000] {dag.py:4180} INFO - Setting next_dagrun for example_branch_datetime_operator to 2025-03-25 00:00:00+00:00, run_after=2025-03-26 00:00:00+00:00
[2025-03-26T12:56:13.609+0000] {logging_mixin.py:190} INFO - [2025-03-26T12:56:13.609+0000] {dag.py:4180} INFO - Setting next_dagrun for example_branch_datetime_operator_2 to 2025-03-25 00:00:00+00:00, run_after=2025-03-26 00:00:00+00:00
[2025-03-26T12:56:13.613+0000] {logging_mixin.py:190} INFO - [2025-03-26T12:56:13.613+0000] {dag.py:4180} INFO - Setting next_dagrun for example_branch_datetime_operator_3 to 2025-03-25 00:00:00+00:00, run_after=2025-03-26 00:00:00+00:00
[2025-03-26T12:56:13.638+0000] {processor.py:208} INFO - Processing /home/ubuntu/miniconda3/envs/mlflow/lib/python3.12/site-packages/airflow/example_dags/example_branch_datetime_operator.py took 0.109 seconds
[2025-03-26T12:57:18.625+0000] {processor.py:186} INFO - Started process (PID=100687) to work on /home/ubuntu/miniconda3/envs/mlflow/lib/python3.12/site-packages/airflow/example_dags/example_branch_datetime_operator.py
[2025-03-26T12:57:18.627+0000] {processor.py:914} INFO - Processing file /home/ubuntu/miniconda3/envs/mlflow/lib/python3.12/site-packages/airflow/example_dags/example_branch_datetime_operator.py for tasks to queue
[2025-03-26T12:57:18.629+0000] {logging_mixin.py:190} INFO - [2025-03-26T12:57:18.629+0000] {dagbag.py:588} INFO - Filling up the DagBag from /home/ubuntu/miniconda3/envs/mlflow/lib/python3.12/site-packages/airflow/example_dags/example_branch_datetime_operator.py
[2025-03-26T12:57:18.643+0000] {processor.py:925} INFO - DAG(s) 'example_branch_datetime_operator_2', 'example_branch_datetime_operator_3', 'example_branch_datetime_operator' retrieved from /home/ubuntu/miniconda3/envs/mlflow/lib/python3.12/site-packages/airflow/example_dags/example_branch_datetime_operator.py
[2025-03-26T12:57:18.672+0000] {logging_mixin.py:190} INFO - [2025-03-26T12:57:18.672+0000] {dag.py:3239} INFO - Sync 3 DAGs
[2025-03-26T12:57:18.699+0000] {logging_mixin.py:190} INFO - [2025-03-26T12:57:18.699+0000] {dag.py:4180} INFO - Setting next_dagrun for example_branch_datetime_operator to 2025-03-25 00:00:00+00:00, run_after=2025-03-26 00:00:00+00:00
[2025-03-26T12:57:18.705+0000] {logging_mixin.py:190} INFO - [2025-03-26T12:57:18.705+0000] {dag.py:4180} INFO - Setting next_dagrun for example_branch_datetime_operator_2 to 2025-03-25 00:00:00+00:00, run_after=2025-03-26 00:00:00+00:00
[2025-03-26T12:57:18.708+0000] {logging_mixin.py:190} INFO - [2025-03-26T12:57:18.708+0000] {dag.py:4180} INFO - Setting next_dagrun for example_branch_datetime_operator_3 to 2025-03-25 00:00:00+00:00, run_after=2025-03-26 00:00:00+00:00
[2025-03-26T12:57:18.734+0000] {processor.py:208} INFO - Processing /home/ubuntu/miniconda3/envs/mlflow/lib/python3.12/site-packages/airflow/example_dags/example_branch_datetime_operator.py took 0.115 seconds
[2025-03-26T12:58:24.644+0000] {processor.py:186} INFO - Started process (PID=100803) to work on /home/ubuntu/miniconda3/envs/mlflow/lib/python3.12/site-packages/airflow/example_dags/example_branch_datetime_operator.py
[2025-03-26T12:58:24.645+0000] {processor.py:914} INFO - Processing file /home/ubuntu/miniconda3/envs/mlflow/lib/python3.12/site-packages/airflow/example_dags/example_branch_datetime_operator.py for tasks to queue
[2025-03-26T12:58:24.648+0000] {logging_mixin.py:190} INFO - [2025-03-26T12:58:24.647+0000] {dagbag.py:588} INFO - Filling up the DagBag from /home/ubuntu/miniconda3/envs/mlflow/lib/python3.12/site-packages/airflow/example_dags/example_branch_datetime_operator.py
[2025-03-26T12:58:24.662+0000] {processor.py:925} INFO - DAG(s) 'example_branch_datetime_operator_3', 'example_branch_datetime_operator_2', 'example_branch_datetime_operator' retrieved from /home/ubuntu/miniconda3/envs/mlflow/lib/python3.12/site-packages/airflow/example_dags/example_branch_datetime_operator.py
[2025-03-26T12:58:24.687+0000] {logging_mixin.py:190} INFO - [2025-03-26T12:58:24.687+0000] {dag.py:3239} INFO - Sync 3 DAGs
[2025-03-26T12:58:24.718+0000] {logging_mixin.py:190} INFO - [2025-03-26T12:58:24.717+0000] {dag.py:4180} INFO - Setting next_dagrun for example_branch_datetime_operator to 2025-03-25 00:00:00+00:00, run_after=2025-03-26 00:00:00+00:00
[2025-03-26T12:58:24.725+0000] {logging_mixin.py:190} INFO - [2025-03-26T12:58:24.725+0000] {dag.py:4180} INFO - Setting next_dagrun for example_branch_datetime_operator_2 to 2025-03-25 00:00:00+00:00, run_after=2025-03-26 00:00:00+00:00
[2025-03-26T12:58:24.728+0000] {logging_mixin.py:190} INFO - [2025-03-26T12:58:24.728+0000] {dag.py:4180} INFO - Setting next_dagrun for example_branch_datetime_operator_3 to 2025-03-25 00:00:00+00:00, run_after=2025-03-26 00:00:00+00:00
[2025-03-26T12:58:24.754+0000] {processor.py:208} INFO - Processing /home/ubuntu/miniconda3/envs/mlflow/lib/python3.12/site-packages/airflow/example_dags/example_branch_datetime_operator.py took 0.116 seconds
[2025-03-26T12:59:27.178+0000] {processor.py:186} INFO - Started process (PID=100929) to work on /home/ubuntu/miniconda3/envs/mlflow/lib/python3.12/site-packages/airflow/example_dags/example_branch_datetime_operator.py
[2025-03-26T12:59:27.179+0000] {processor.py:914} INFO - Processing file /home/ubuntu/miniconda3/envs/mlflow/lib/python3.12/site-packages/airflow/example_dags/example_branch_datetime_operator.py for tasks to queue
[2025-03-26T12:59:27.182+0000] {logging_mixin.py:190} INFO - [2025-03-26T12:59:27.181+0000] {dagbag.py:588} INFO - Filling up the DagBag from /home/ubuntu/miniconda3/envs/mlflow/lib/python3.12/site-packages/airflow/example_dags/example_branch_datetime_operator.py
[2025-03-26T12:59:27.198+0000] {processor.py:925} INFO - DAG(s) 'example_branch_datetime_operator_3', 'example_branch_datetime_operator', 'example_branch_datetime_operator_2' retrieved from /home/ubuntu/miniconda3/envs/mlflow/lib/python3.12/site-packages/airflow/example_dags/example_branch_datetime_operator.py
[2025-03-26T12:59:27.230+0000] {logging_mixin.py:190} INFO - [2025-03-26T12:59:27.230+0000] {dag.py:3239} INFO - Sync 3 DAGs
[2025-03-26T12:59:27.266+0000] {logging_mixin.py:190} INFO - [2025-03-26T12:59:27.266+0000] {dag.py:4180} INFO - Setting next_dagrun for example_branch_datetime_operator to 2025-03-25 00:00:00+00:00, run_after=2025-03-26 00:00:00+00:00
[2025-03-26T12:59:27.274+0000] {logging_mixin.py:190} INFO - [2025-03-26T12:59:27.274+0000] {dag.py:4180} INFO - Setting next_dagrun for example_branch_datetime_operator_2 to 2025-03-25 00:00:00+00:00, run_after=2025-03-26 00:00:00+00:00
[2025-03-26T12:59:27.278+0000] {logging_mixin.py:190} INFO - [2025-03-26T12:59:27.277+0000] {dag.py:4180} INFO - Setting next_dagrun for example_branch_datetime_operator_3 to 2025-03-25 00:00:00+00:00, run_after=2025-03-26 00:00:00+00:00
[2025-03-26T12:59:27.314+0000] {processor.py:208} INFO - Processing /home/ubuntu/miniconda3/envs/mlflow/lib/python3.12/site-packages/airflow/example_dags/example_branch_datetime_operator.py took 0.145 seconds
[2025-03-26T13:00:29.584+0000] {processor.py:186} INFO - Started process (PID=101113) to work on /home/ubuntu/miniconda3/envs/mlflow/lib/python3.12/site-packages/airflow/example_dags/example_branch_datetime_operator.py
[2025-03-26T13:00:29.585+0000] {processor.py:914} INFO - Processing file /home/ubuntu/miniconda3/envs/mlflow/lib/python3.12/site-packages/airflow/example_dags/example_branch_datetime_operator.py for tasks to queue
[2025-03-26T13:00:29.588+0000] {logging_mixin.py:190} INFO - [2025-03-26T13:00:29.587+0000] {dagbag.py:588} INFO - Filling up the DagBag from /home/ubuntu/miniconda3/envs/mlflow/lib/python3.12/site-packages/airflow/example_dags/example_branch_datetime_operator.py
[2025-03-26T13:00:29.603+0000] {processor.py:925} INFO - DAG(s) 'example_branch_datetime_operator_2', 'example_branch_datetime_operator_3', 'example_branch_datetime_operator' retrieved from /home/ubuntu/miniconda3/envs/mlflow/lib/python3.12/site-packages/airflow/example_dags/example_branch_datetime_operator.py
[2025-03-26T13:00:29.628+0000] {logging_mixin.py:190} INFO - [2025-03-26T13:00:29.628+0000] {dag.py:3239} INFO - Sync 3 DAGs
[2025-03-26T13:00:29.655+0000] {logging_mixin.py:190} INFO - [2025-03-26T13:00:29.654+0000] {dag.py:4180} INFO - Setting next_dagrun for example_branch_datetime_operator to 2025-03-25 00:00:00+00:00, run_after=2025-03-26 00:00:00+00:00
[2025-03-26T13:00:29.661+0000] {logging_mixin.py:190} INFO - [2025-03-26T13:00:29.661+0000] {dag.py:4180} INFO - Setting next_dagrun for example_branch_datetime_operator_2 to 2025-03-25 00:00:00+00:00, run_after=2025-03-26 00:00:00+00:00
[2025-03-26T13:00:29.664+0000] {logging_mixin.py:190} INFO - [2025-03-26T13:00:29.663+0000] {dag.py:4180} INFO - Setting next_dagrun for example_branch_datetime_operator_3 to 2025-03-25 00:00:00+00:00, run_after=2025-03-26 00:00:00+00:00
[2025-03-26T13:00:29.698+0000] {processor.py:208} INFO - Processing /home/ubuntu/miniconda3/envs/mlflow/lib/python3.12/site-packages/airflow/example_dags/example_branch_datetime_operator.py took 0.121 seconds
[2025-03-26T13:01:34.716+0000] {processor.py:186} INFO - Started process (PID=101177) to work on /home/ubuntu/miniconda3/envs/mlflow/lib/python3.12/site-packages/airflow/example_dags/example_branch_datetime_operator.py
[2025-03-26T13:01:34.717+0000] {processor.py:914} INFO - Processing file /home/ubuntu/miniconda3/envs/mlflow/lib/python3.12/site-packages/airflow/example_dags/example_branch_datetime_operator.py for tasks to queue
[2025-03-26T13:01:34.719+0000] {logging_mixin.py:190} INFO - [2025-03-26T13:01:34.719+0000] {dagbag.py:588} INFO - Filling up the DagBag from /home/ubuntu/miniconda3/envs/mlflow/lib/python3.12/site-packages/airflow/example_dags/example_branch_datetime_operator.py
[2025-03-26T13:01:34.735+0000] {processor.py:925} INFO - DAG(s) 'example_branch_datetime_operator', 'example_branch_datetime_operator_2', 'example_branch_datetime_operator_3' retrieved from /home/ubuntu/miniconda3/envs/mlflow/lib/python3.12/site-packages/airflow/example_dags/example_branch_datetime_operator.py
[2025-03-26T13:01:34.761+0000] {logging_mixin.py:190} INFO - [2025-03-26T13:01:34.761+0000] {dag.py:3239} INFO - Sync 3 DAGs
[2025-03-26T13:01:34.795+0000] {logging_mixin.py:190} INFO - [2025-03-26T13:01:34.795+0000] {dag.py:4180} INFO - Setting next_dagrun for example_branch_datetime_operator to 2025-03-25 00:00:00+00:00, run_after=2025-03-26 00:00:00+00:00
[2025-03-26T13:01:34.803+0000] {logging_mixin.py:190} INFO - [2025-03-26T13:01:34.802+0000] {dag.py:4180} INFO - Setting next_dagrun for example_branch_datetime_operator_2 to 2025-03-25 00:00:00+00:00, run_after=2025-03-26 00:00:00+00:00
[2025-03-26T13:01:34.806+0000] {logging_mixin.py:190} INFO - [2025-03-26T13:01:34.806+0000] {dag.py:4180} INFO - Setting next_dagrun for example_branch_datetime_operator_3 to 2025-03-25 00:00:00+00:00, run_after=2025-03-26 00:00:00+00:00
[2025-03-26T13:01:34.837+0000] {processor.py:208} INFO - Processing /home/ubuntu/miniconda3/envs/mlflow/lib/python3.12/site-packages/airflow/example_dags/example_branch_datetime_operator.py took 0.127 seconds
