[2025-03-26T12:54:10.341+0000] {processor.py:186} INFO - Started process (PID=100113) to work on /home/ubuntu/miniconda3/envs/mlflow/lib/python3.12/site-packages/airflow/example_dags/tutorial_taskflow_templates.py
[2025-03-26T12:54:10.342+0000] {processor.py:914} INFO - Processing file /home/ubuntu/miniconda3/envs/mlflow/lib/python3.12/site-packages/airflow/example_dags/tutorial_taskflow_templates.py for tasks to queue
[2025-03-26T12:54:10.345+0000] {logging_mixin.py:190} INFO - [2025-03-26T12:54:10.343+0000] {dagbag.py:588} INFO - Filling up the DagBag from /home/ubuntu/miniconda3/envs/mlflow/lib/python3.12/site-packages/airflow/example_dags/tutorial_taskflow_templates.py
[2025-03-26T12:54:10.364+0000] {processor.py:925} INFO - DAG(s) 'tutorial_taskflow_templates' retrieved from /home/ubuntu/miniconda3/envs/mlflow/lib/python3.12/site-packages/airflow/example_dags/tutorial_taskflow_templates.py
[2025-03-26T12:54:10.515+0000] {logging_mixin.py:190} INFO - [2025-03-26T12:54:10.514+0000] {override.py:1930} INFO - Created Permission View: can read on DAG:tutorial_taskflow_templates
[2025-03-26T12:54:10.532+0000] {logging_mixin.py:190} INFO - [2025-03-26T12:54:10.531+0000] {override.py:1930} INFO - Created Permission View: can edit on DAG:tutorial_taskflow_templates
[2025-03-26T12:54:10.547+0000] {logging_mixin.py:190} INFO - [2025-03-26T12:54:10.546+0000] {override.py:1930} INFO - Created Permission View: can delete on DAG:tutorial_taskflow_templates
[2025-03-26T12:54:10.570+0000] {logging_mixin.py:190} INFO - [2025-03-26T12:54:10.569+0000] {override.py:1930} INFO - Created Permission View: can read on DAG Run:tutorial_taskflow_templates
[2025-03-26T12:54:10.589+0000] {logging_mixin.py:190} INFO - [2025-03-26T12:54:10.588+0000] {override.py:1930} INFO - Created Permission View: menu access on DAG Run:tutorial_taskflow_templates
[2025-03-26T12:54:10.608+0000] {logging_mixin.py:190} INFO - [2025-03-26T12:54:10.608+0000] {override.py:1930} INFO - Created Permission View: can create on DAG Run:tutorial_taskflow_templates
[2025-03-26T12:54:10.621+0000] {logging_mixin.py:190} INFO - [2025-03-26T12:54:10.621+0000] {override.py:1930} INFO - Created Permission View: can delete on DAG Run:tutorial_taskflow_templates
[2025-03-26T12:54:10.622+0000] {logging_mixin.py:190} INFO - [2025-03-26T12:54:10.622+0000] {dag.py:3239} INFO - Sync 1 DAGs
[2025-03-26T12:54:10.640+0000] {logging_mixin.py:190} INFO - [2025-03-26T12:54:10.639+0000] {dag.py:3262} INFO - Creating ORM DAG for tutorial_taskflow_templates
[2025-03-26T12:54:10.656+0000] {logging_mixin.py:190} INFO - [2025-03-26T12:54:10.655+0000] {dag.py:4180} INFO - Setting next_dagrun for tutorial_taskflow_templates to 2025-03-25 00:00:00+00:00, run_after=2025-03-26 00:00:00+00:00
[2025-03-26T12:54:10.709+0000] {processor.py:208} INFO - Processing /home/ubuntu/miniconda3/envs/mlflow/lib/python3.12/site-packages/airflow/example_dags/tutorial_taskflow_templates.py took 0.376 seconds
[2025-03-26T12:55:24.747+0000] {processor.py:186} INFO - Started process (PID=100280) to work on /home/ubuntu/miniconda3/envs/mlflow/lib/python3.12/site-packages/airflow/example_dags/tutorial_taskflow_templates.py
[2025-03-26T12:55:24.750+0000] {processor.py:914} INFO - Processing file /home/ubuntu/miniconda3/envs/mlflow/lib/python3.12/site-packages/airflow/example_dags/tutorial_taskflow_templates.py for tasks to queue
[2025-03-26T12:55:24.757+0000] {logging_mixin.py:190} INFO - [2025-03-26T12:55:24.757+0000] {dagbag.py:588} INFO - Filling up the DagBag from /home/ubuntu/miniconda3/envs/mlflow/lib/python3.12/site-packages/airflow/example_dags/tutorial_taskflow_templates.py
[2025-03-26T12:55:24.774+0000] {processor.py:925} INFO - DAG(s) 'tutorial_taskflow_templates' retrieved from /home/ubuntu/miniconda3/envs/mlflow/lib/python3.12/site-packages/airflow/example_dags/tutorial_taskflow_templates.py
[2025-03-26T12:55:24.794+0000] {logging_mixin.py:190} INFO - [2025-03-26T12:55:24.793+0000] {dag.py:3239} INFO - Sync 1 DAGs
[2025-03-26T12:55:24.824+0000] {logging_mixin.py:190} INFO - [2025-03-26T12:55:24.824+0000] {dag.py:4180} INFO - Setting next_dagrun for tutorial_taskflow_templates to 2025-03-25 00:00:00+00:00, run_after=2025-03-26 00:00:00+00:00
[2025-03-26T12:55:24.861+0000] {processor.py:208} INFO - Processing /home/ubuntu/miniconda3/envs/mlflow/lib/python3.12/site-packages/airflow/example_dags/tutorial_taskflow_templates.py took 0.127 seconds
[2025-03-26T12:56:02.914+0000] {processor.py:186} INFO - Started process (PID=100408) to work on /home/ubuntu/miniconda3/envs/mlflow/lib/python3.12/site-packages/airflow/example_dags/tutorial_taskflow_templates.py
[2025-03-26T12:56:02.916+0000] {processor.py:914} INFO - Processing file /home/ubuntu/miniconda3/envs/mlflow/lib/python3.12/site-packages/airflow/example_dags/tutorial_taskflow_templates.py for tasks to queue
[2025-03-26T12:56:02.919+0000] {logging_mixin.py:190} INFO - [2025-03-26T12:56:02.918+0000] {dagbag.py:588} INFO - Filling up the DagBag from /home/ubuntu/miniconda3/envs/mlflow/lib/python3.12/site-packages/airflow/example_dags/tutorial_taskflow_templates.py
[2025-03-26T12:56:02.936+0000] {processor.py:925} INFO - DAG(s) 'tutorial_taskflow_templates' retrieved from /home/ubuntu/miniconda3/envs/mlflow/lib/python3.12/site-packages/airflow/example_dags/tutorial_taskflow_templates.py
[2025-03-26T12:56:02.957+0000] {logging_mixin.py:190} INFO - [2025-03-26T12:56:02.957+0000] {dag.py:3239} INFO - Sync 1 DAGs
[2025-03-26T12:56:02.988+0000] {logging_mixin.py:190} INFO - [2025-03-26T12:56:02.988+0000] {dag.py:4180} INFO - Setting next_dagrun for tutorial_taskflow_templates to 2025-03-25 00:00:00+00:00, run_after=2025-03-26 00:00:00+00:00
[2025-03-26T12:56:03.027+0000] {processor.py:208} INFO - Processing /home/ubuntu/miniconda3/envs/mlflow/lib/python3.12/site-packages/airflow/example_dags/tutorial_taskflow_templates.py took 0.121 seconds
[2025-03-26T12:57:07.450+0000] {processor.py:186} INFO - Started process (PID=100617) to work on /home/ubuntu/miniconda3/envs/mlflow/lib/python3.12/site-packages/airflow/example_dags/tutorial_taskflow_templates.py
[2025-03-26T12:57:07.451+0000] {processor.py:914} INFO - Processing file /home/ubuntu/miniconda3/envs/mlflow/lib/python3.12/site-packages/airflow/example_dags/tutorial_taskflow_templates.py for tasks to queue
[2025-03-26T12:57:07.453+0000] {logging_mixin.py:190} INFO - [2025-03-26T12:57:07.453+0000] {dagbag.py:588} INFO - Filling up the DagBag from /home/ubuntu/miniconda3/envs/mlflow/lib/python3.12/site-packages/airflow/example_dags/tutorial_taskflow_templates.py
[2025-03-26T12:57:07.471+0000] {processor.py:925} INFO - DAG(s) 'tutorial_taskflow_templates' retrieved from /home/ubuntu/miniconda3/envs/mlflow/lib/python3.12/site-packages/airflow/example_dags/tutorial_taskflow_templates.py
[2025-03-26T12:57:07.491+0000] {logging_mixin.py:190} INFO - [2025-03-26T12:57:07.491+0000] {dag.py:3239} INFO - Sync 1 DAGs
[2025-03-26T12:57:07.519+0000] {logging_mixin.py:190} INFO - [2025-03-26T12:57:07.518+0000] {dag.py:4180} INFO - Setting next_dagrun for tutorial_taskflow_templates to 2025-03-25 00:00:00+00:00, run_after=2025-03-26 00:00:00+00:00
[2025-03-26T12:57:07.551+0000] {processor.py:208} INFO - Processing /home/ubuntu/miniconda3/envs/mlflow/lib/python3.12/site-packages/airflow/example_dags/tutorial_taskflow_templates.py took 0.109 seconds
[2025-03-26T12:58:14.117+0000] {processor.py:186} INFO - Started process (PID=100784) to work on /home/ubuntu/miniconda3/envs/mlflow/lib/python3.12/site-packages/airflow/example_dags/tutorial_taskflow_templates.py
[2025-03-26T12:58:14.118+0000] {processor.py:914} INFO - Processing file /home/ubuntu/miniconda3/envs/mlflow/lib/python3.12/site-packages/airflow/example_dags/tutorial_taskflow_templates.py for tasks to queue
[2025-03-26T12:58:14.122+0000] {logging_mixin.py:190} INFO - [2025-03-26T12:58:14.121+0000] {dagbag.py:588} INFO - Filling up the DagBag from /home/ubuntu/miniconda3/envs/mlflow/lib/python3.12/site-packages/airflow/example_dags/tutorial_taskflow_templates.py
[2025-03-26T12:58:14.137+0000] {processor.py:925} INFO - DAG(s) 'tutorial_taskflow_templates' retrieved from /home/ubuntu/miniconda3/envs/mlflow/lib/python3.12/site-packages/airflow/example_dags/tutorial_taskflow_templates.py
[2025-03-26T12:58:14.159+0000] {logging_mixin.py:190} INFO - [2025-03-26T12:58:14.158+0000] {dag.py:3239} INFO - Sync 1 DAGs
[2025-03-26T12:58:14.186+0000] {logging_mixin.py:190} INFO - [2025-03-26T12:58:14.186+0000] {dag.py:4180} INFO - Setting next_dagrun for tutorial_taskflow_templates to 2025-03-25 00:00:00+00:00, run_after=2025-03-26 00:00:00+00:00
[2025-03-26T12:58:14.214+0000] {processor.py:208} INFO - Processing /home/ubuntu/miniconda3/envs/mlflow/lib/python3.12/site-packages/airflow/example_dags/tutorial_taskflow_templates.py took 0.103 seconds
[2025-03-26T12:59:15.611+0000] {processor.py:186} INFO - Started process (PID=100906) to work on /home/ubuntu/miniconda3/envs/mlflow/lib/python3.12/site-packages/airflow/example_dags/tutorial_taskflow_templates.py
[2025-03-26T12:59:15.613+0000] {processor.py:914} INFO - Processing file /home/ubuntu/miniconda3/envs/mlflow/lib/python3.12/site-packages/airflow/example_dags/tutorial_taskflow_templates.py for tasks to queue
[2025-03-26T12:59:15.615+0000] {logging_mixin.py:190} INFO - [2025-03-26T12:59:15.615+0000] {dagbag.py:588} INFO - Filling up the DagBag from /home/ubuntu/miniconda3/envs/mlflow/lib/python3.12/site-packages/airflow/example_dags/tutorial_taskflow_templates.py
[2025-03-26T12:59:15.632+0000] {processor.py:925} INFO - DAG(s) 'tutorial_taskflow_templates' retrieved from /home/ubuntu/miniconda3/envs/mlflow/lib/python3.12/site-packages/airflow/example_dags/tutorial_taskflow_templates.py
[2025-03-26T12:59:15.654+0000] {logging_mixin.py:190} INFO - [2025-03-26T12:59:15.654+0000] {dag.py:3239} INFO - Sync 1 DAGs
[2025-03-26T12:59:15.681+0000] {logging_mixin.py:190} INFO - [2025-03-26T12:59:15.681+0000] {dag.py:4180} INFO - Setting next_dagrun for tutorial_taskflow_templates to 2025-03-25 00:00:00+00:00, run_after=2025-03-26 00:00:00+00:00
[2025-03-26T12:59:15.708+0000] {processor.py:208} INFO - Processing /home/ubuntu/miniconda3/envs/mlflow/lib/python3.12/site-packages/airflow/example_dags/tutorial_taskflow_templates.py took 0.107 seconds
[2025-03-26T13:00:17.852+0000] {processor.py:186} INFO - Started process (PID=101094) to work on /home/ubuntu/miniconda3/envs/mlflow/lib/python3.12/site-packages/airflow/example_dags/tutorial_taskflow_templates.py
[2025-03-26T13:00:17.853+0000] {processor.py:914} INFO - Processing file /home/ubuntu/miniconda3/envs/mlflow/lib/python3.12/site-packages/airflow/example_dags/tutorial_taskflow_templates.py for tasks to queue
[2025-03-26T13:00:17.856+0000] {logging_mixin.py:190} INFO - [2025-03-26T13:00:17.856+0000] {dagbag.py:588} INFO - Filling up the DagBag from /home/ubuntu/miniconda3/envs/mlflow/lib/python3.12/site-packages/airflow/example_dags/tutorial_taskflow_templates.py
[2025-03-26T13:00:17.872+0000] {processor.py:925} INFO - DAG(s) 'tutorial_taskflow_templates' retrieved from /home/ubuntu/miniconda3/envs/mlflow/lib/python3.12/site-packages/airflow/example_dags/tutorial_taskflow_templates.py
[2025-03-26T13:00:17.891+0000] {logging_mixin.py:190} INFO - [2025-03-26T13:00:17.890+0000] {dag.py:3239} INFO - Sync 1 DAGs
[2025-03-26T13:00:17.917+0000] {logging_mixin.py:190} INFO - [2025-03-26T13:00:17.917+0000] {dag.py:4180} INFO - Setting next_dagrun for tutorial_taskflow_templates to 2025-03-25 00:00:00+00:00, run_after=2025-03-26 00:00:00+00:00
[2025-03-26T13:00:17.958+0000] {processor.py:208} INFO - Processing /home/ubuntu/miniconda3/envs/mlflow/lib/python3.12/site-packages/airflow/example_dags/tutorial_taskflow_templates.py took 0.113 seconds
[2025-03-26T13:01:22.245+0000] {processor.py:186} INFO - Started process (PID=101165) to work on /home/ubuntu/miniconda3/envs/mlflow/lib/python3.12/site-packages/airflow/example_dags/tutorial_taskflow_templates.py
[2025-03-26T13:01:22.248+0000] {processor.py:914} INFO - Processing file /home/ubuntu/miniconda3/envs/mlflow/lib/python3.12/site-packages/airflow/example_dags/tutorial_taskflow_templates.py for tasks to queue
[2025-03-26T13:01:22.251+0000] {logging_mixin.py:190} INFO - [2025-03-26T13:01:22.251+0000] {dagbag.py:588} INFO - Filling up the DagBag from /home/ubuntu/miniconda3/envs/mlflow/lib/python3.12/site-packages/airflow/example_dags/tutorial_taskflow_templates.py
[2025-03-26T13:01:22.272+0000] {processor.py:925} INFO - DAG(s) 'tutorial_taskflow_templates' retrieved from /home/ubuntu/miniconda3/envs/mlflow/lib/python3.12/site-packages/airflow/example_dags/tutorial_taskflow_templates.py
[2025-03-26T13:01:22.293+0000] {logging_mixin.py:190} INFO - [2025-03-26T13:01:22.292+0000] {dag.py:3239} INFO - Sync 1 DAGs
[2025-03-26T13:01:22.321+0000] {logging_mixin.py:190} INFO - [2025-03-26T13:01:22.321+0000] {dag.py:4180} INFO - Setting next_dagrun for tutorial_taskflow_templates to 2025-03-25 00:00:00+00:00, run_after=2025-03-26 00:00:00+00:00
[2025-03-26T13:01:22.347+0000] {processor.py:208} INFO - Processing /home/ubuntu/miniconda3/envs/mlflow/lib/python3.12/site-packages/airflow/example_dags/tutorial_taskflow_templates.py took 0.108 seconds
