[2025-03-26T12:54:05.405+0000] {processor.py:186} INFO - Started process (PID=100070) to work on /home/ubuntu/miniconda3/envs/mlflow/lib/python3.12/site-packages/airflow/example_dags/tutorial_taskflow_api.py
[2025-03-26T12:54:05.406+0000] {processor.py:914} INFO - Processing file /home/ubuntu/miniconda3/envs/mlflow/lib/python3.12/site-packages/airflow/example_dags/tutorial_taskflow_api.py for tasks to queue
[2025-03-26T12:54:05.423+0000] {logging_mixin.py:190} INFO - [2025-03-26T12:54:05.422+0000] {dagbag.py:588} INFO - Filling up the DagBag from /home/ubuntu/miniconda3/envs/mlflow/lib/python3.12/site-packages/airflow/example_dags/tutorial_taskflow_api.py
[2025-03-26T12:54:05.447+0000] {processor.py:925} INFO - DAG(s) 'tutorial_taskflow_api' retrieved from /home/ubuntu/miniconda3/envs/mlflow/lib/python3.12/site-packages/airflow/example_dags/tutorial_taskflow_api.py
[2025-03-26T12:54:05.835+0000] {logging_mixin.py:190} INFO - [2025-03-26T12:54:05.834+0000] {override.py:1930} INFO - Created Permission View: can read on DAG:tutorial_taskflow_api
[2025-03-26T12:54:05.870+0000] {logging_mixin.py:190} INFO - [2025-03-26T12:54:05.869+0000] {override.py:1930} INFO - Created Permission View: can edit on DAG:tutorial_taskflow_api
[2025-03-26T12:54:05.903+0000] {logging_mixin.py:190} INFO - [2025-03-26T12:54:05.903+0000] {override.py:1930} INFO - Created Permission View: can delete on DAG:tutorial_taskflow_api
[2025-03-26T12:54:05.941+0000] {logging_mixin.py:190} INFO - [2025-03-26T12:54:05.940+0000] {override.py:1930} INFO - Created Permission View: can read on DAG Run:tutorial_taskflow_api
[2025-03-26T12:54:05.964+0000] {logging_mixin.py:190} INFO - [2025-03-26T12:54:05.963+0000] {override.py:1930} INFO - Created Permission View: menu access on DAG Run:tutorial_taskflow_api
[2025-03-26T12:54:05.989+0000] {logging_mixin.py:190} INFO - [2025-03-26T12:54:05.989+0000] {override.py:1930} INFO - Created Permission View: can create on DAG Run:tutorial_taskflow_api
[2025-03-26T12:54:06.016+0000] {logging_mixin.py:190} INFO - [2025-03-26T12:54:06.015+0000] {override.py:1930} INFO - Created Permission View: can delete on DAG Run:tutorial_taskflow_api
[2025-03-26T12:54:06.016+0000] {logging_mixin.py:190} INFO - [2025-03-26T12:54:06.016+0000] {dag.py:3239} INFO - Sync 1 DAGs
[2025-03-26T12:54:06.057+0000] {logging_mixin.py:190} INFO - [2025-03-26T12:54:06.057+0000] {dag.py:3262} INFO - Creating ORM DAG for tutorial_taskflow_api
[2025-03-26T12:54:06.058+0000] {logging_mixin.py:190} INFO - [2025-03-26T12:54:06.058+0000] {dag.py:4180} INFO - Setting next_dagrun for tutorial_taskflow_api to None, run_after=None
[2025-03-26T12:54:06.115+0000] {processor.py:208} INFO - Processing /home/ubuntu/miniconda3/envs/mlflow/lib/python3.12/site-packages/airflow/example_dags/tutorial_taskflow_api.py took 0.728 seconds
[2025-03-26T12:55:22.756+0000] {processor.py:186} INFO - Started process (PID=100277) to work on /home/ubuntu/miniconda3/envs/mlflow/lib/python3.12/site-packages/airflow/example_dags/tutorial_taskflow_api.py
[2025-03-26T12:55:22.757+0000] {processor.py:914} INFO - Processing file /home/ubuntu/miniconda3/envs/mlflow/lib/python3.12/site-packages/airflow/example_dags/tutorial_taskflow_api.py for tasks to queue
[2025-03-26T12:55:22.761+0000] {logging_mixin.py:190} INFO - [2025-03-26T12:55:22.761+0000] {dagbag.py:588} INFO - Filling up the DagBag from /home/ubuntu/miniconda3/envs/mlflow/lib/python3.12/site-packages/airflow/example_dags/tutorial_taskflow_api.py
[2025-03-26T12:55:22.772+0000] {processor.py:925} INFO - DAG(s) 'tutorial_taskflow_api' retrieved from /home/ubuntu/miniconda3/envs/mlflow/lib/python3.12/site-packages/airflow/example_dags/tutorial_taskflow_api.py
[2025-03-26T12:55:22.791+0000] {logging_mixin.py:190} INFO - [2025-03-26T12:55:22.790+0000] {dag.py:3239} INFO - Sync 1 DAGs
[2025-03-26T12:55:22.807+0000] {logging_mixin.py:190} INFO - [2025-03-26T12:55:22.807+0000] {dag.py:4180} INFO - Setting next_dagrun for tutorial_taskflow_api to None, run_after=None
[2025-03-26T12:55:22.838+0000] {processor.py:208} INFO - Processing /home/ubuntu/miniconda3/envs/mlflow/lib/python3.12/site-packages/airflow/example_dags/tutorial_taskflow_api.py took 0.089 seconds
[2025-03-26T12:56:00.338+0000] {processor.py:186} INFO - Started process (PID=100390) to work on /home/ubuntu/miniconda3/envs/mlflow/lib/python3.12/site-packages/airflow/example_dags/tutorial_taskflow_api.py
[2025-03-26T12:56:00.341+0000] {processor.py:914} INFO - Processing file /home/ubuntu/miniconda3/envs/mlflow/lib/python3.12/site-packages/airflow/example_dags/tutorial_taskflow_api.py for tasks to queue
[2025-03-26T12:56:00.343+0000] {logging_mixin.py:190} INFO - [2025-03-26T12:56:00.343+0000] {dagbag.py:588} INFO - Filling up the DagBag from /home/ubuntu/miniconda3/envs/mlflow/lib/python3.12/site-packages/airflow/example_dags/tutorial_taskflow_api.py
[2025-03-26T12:56:00.354+0000] {processor.py:925} INFO - DAG(s) 'tutorial_taskflow_api' retrieved from /home/ubuntu/miniconda3/envs/mlflow/lib/python3.12/site-packages/airflow/example_dags/tutorial_taskflow_api.py
[2025-03-26T12:56:00.371+0000] {logging_mixin.py:190} INFO - [2025-03-26T12:56:00.370+0000] {dag.py:3239} INFO - Sync 1 DAGs
[2025-03-26T12:56:00.385+0000] {logging_mixin.py:190} INFO - [2025-03-26T12:56:00.385+0000] {dag.py:4180} INFO - Setting next_dagrun for tutorial_taskflow_api to None, run_after=None
[2025-03-26T12:56:00.417+0000] {processor.py:208} INFO - Processing /home/ubuntu/miniconda3/envs/mlflow/lib/python3.12/site-packages/airflow/example_dags/tutorial_taskflow_api.py took 0.084 seconds
[2025-03-26T12:57:04.629+0000] {processor.py:186} INFO - Started process (PID=100610) to work on /home/ubuntu/miniconda3/envs/mlflow/lib/python3.12/site-packages/airflow/example_dags/tutorial_taskflow_api.py
[2025-03-26T12:57:04.634+0000] {processor.py:914} INFO - Processing file /home/ubuntu/miniconda3/envs/mlflow/lib/python3.12/site-packages/airflow/example_dags/tutorial_taskflow_api.py for tasks to queue
[2025-03-26T12:57:04.637+0000] {logging_mixin.py:190} INFO - [2025-03-26T12:57:04.637+0000] {dagbag.py:588} INFO - Filling up the DagBag from /home/ubuntu/miniconda3/envs/mlflow/lib/python3.12/site-packages/airflow/example_dags/tutorial_taskflow_api.py
[2025-03-26T12:57:04.647+0000] {processor.py:925} INFO - DAG(s) 'tutorial_taskflow_api' retrieved from /home/ubuntu/miniconda3/envs/mlflow/lib/python3.12/site-packages/airflow/example_dags/tutorial_taskflow_api.py
[2025-03-26T12:57:04.665+0000] {logging_mixin.py:190} INFO - [2025-03-26T12:57:04.665+0000] {dag.py:3239} INFO - Sync 1 DAGs
[2025-03-26T12:57:04.692+0000] {logging_mixin.py:190} INFO - [2025-03-26T12:57:04.691+0000] {dag.py:4180} INFO - Setting next_dagrun for tutorial_taskflow_api to None, run_after=None
[2025-03-26T12:57:04.722+0000] {processor.py:208} INFO - Processing /home/ubuntu/miniconda3/envs/mlflow/lib/python3.12/site-packages/airflow/example_dags/tutorial_taskflow_api.py took 0.099 seconds
[2025-03-26T12:57:38.648+0000] {processor.py:186} INFO - Started process (PID=100722) to work on /home/ubuntu/miniconda3/envs/mlflow/lib/python3.12/site-packages/airflow/example_dags/tutorial_taskflow_api.py
[2025-03-26T12:57:38.649+0000] {processor.py:914} INFO - Processing file /home/ubuntu/miniconda3/envs/mlflow/lib/python3.12/site-packages/airflow/example_dags/tutorial_taskflow_api.py for tasks to queue
[2025-03-26T12:57:38.651+0000] {logging_mixin.py:190} INFO - [2025-03-26T12:57:38.651+0000] {dagbag.py:588} INFO - Filling up the DagBag from /home/ubuntu/miniconda3/envs/mlflow/lib/python3.12/site-packages/airflow/example_dags/tutorial_taskflow_api.py
[2025-03-26T12:57:38.661+0000] {processor.py:925} INFO - DAG(s) 'tutorial_taskflow_api' retrieved from /home/ubuntu/miniconda3/envs/mlflow/lib/python3.12/site-packages/airflow/example_dags/tutorial_taskflow_api.py
[2025-03-26T12:57:38.679+0000] {logging_mixin.py:190} INFO - [2025-03-26T12:57:38.679+0000] {dag.py:3239} INFO - Sync 1 DAGs
[2025-03-26T12:57:38.696+0000] {logging_mixin.py:190} INFO - [2025-03-26T12:57:38.696+0000] {dag.py:4180} INFO - Setting next_dagrun for tutorial_taskflow_api to None, run_after=None
[2025-03-26T12:57:38.726+0000] {processor.py:208} INFO - Processing /home/ubuntu/miniconda3/envs/mlflow/lib/python3.12/site-packages/airflow/example_dags/tutorial_taskflow_api.py took 0.085 seconds
[2025-03-26T12:58:42.156+0000] {processor.py:186} INFO - Started process (PID=100837) to work on /home/ubuntu/miniconda3/envs/mlflow/lib/python3.12/site-packages/airflow/example_dags/tutorial_taskflow_api.py
[2025-03-26T12:58:42.158+0000] {processor.py:914} INFO - Processing file /home/ubuntu/miniconda3/envs/mlflow/lib/python3.12/site-packages/airflow/example_dags/tutorial_taskflow_api.py for tasks to queue
[2025-03-26T12:58:42.160+0000] {logging_mixin.py:190} INFO - [2025-03-26T12:58:42.159+0000] {dagbag.py:588} INFO - Filling up the DagBag from /home/ubuntu/miniconda3/envs/mlflow/lib/python3.12/site-packages/airflow/example_dags/tutorial_taskflow_api.py
[2025-03-26T12:58:42.169+0000] {processor.py:925} INFO - DAG(s) 'tutorial_taskflow_api' retrieved from /home/ubuntu/miniconda3/envs/mlflow/lib/python3.12/site-packages/airflow/example_dags/tutorial_taskflow_api.py
[2025-03-26T12:58:42.185+0000] {logging_mixin.py:190} INFO - [2025-03-26T12:58:42.184+0000] {dag.py:3239} INFO - Sync 1 DAGs
[2025-03-26T12:58:42.199+0000] {logging_mixin.py:190} INFO - [2025-03-26T12:58:42.199+0000] {dag.py:4180} INFO - Setting next_dagrun for tutorial_taskflow_api to None, run_after=None
[2025-03-26T12:58:42.231+0000] {processor.py:208} INFO - Processing /home/ubuntu/miniconda3/envs/mlflow/lib/python3.12/site-packages/airflow/example_dags/tutorial_taskflow_api.py took 0.081 seconds
[2025-03-26T12:59:46.886+0000] {processor.py:186} INFO - Started process (PID=101035) to work on /home/ubuntu/miniconda3/envs/mlflow/lib/python3.12/site-packages/airflow/example_dags/tutorial_taskflow_api.py
[2025-03-26T12:59:46.887+0000] {processor.py:914} INFO - Processing file /home/ubuntu/miniconda3/envs/mlflow/lib/python3.12/site-packages/airflow/example_dags/tutorial_taskflow_api.py for tasks to queue
[2025-03-26T12:59:46.890+0000] {logging_mixin.py:190} INFO - [2025-03-26T12:59:46.889+0000] {dagbag.py:588} INFO - Filling up the DagBag from /home/ubuntu/miniconda3/envs/mlflow/lib/python3.12/site-packages/airflow/example_dags/tutorial_taskflow_api.py
[2025-03-26T12:59:46.902+0000] {processor.py:925} INFO - DAG(s) 'tutorial_taskflow_api' retrieved from /home/ubuntu/miniconda3/envs/mlflow/lib/python3.12/site-packages/airflow/example_dags/tutorial_taskflow_api.py
[2025-03-26T12:59:46.920+0000] {logging_mixin.py:190} INFO - [2025-03-26T12:59:46.920+0000] {dag.py:3239} INFO - Sync 1 DAGs
[2025-03-26T12:59:46.941+0000] {logging_mixin.py:190} INFO - [2025-03-26T12:59:46.940+0000] {dag.py:4180} INFO - Setting next_dagrun for tutorial_taskflow_api to None, run_after=None
[2025-03-26T12:59:46.972+0000] {processor.py:208} INFO - Processing /home/ubuntu/miniconda3/envs/mlflow/lib/python3.12/site-packages/airflow/example_dags/tutorial_taskflow_api.py took 0.092 seconds
[2025-03-26T13:00:48.271+0000] {processor.py:186} INFO - Started process (PID=101132) to work on /home/ubuntu/miniconda3/envs/mlflow/lib/python3.12/site-packages/airflow/example_dags/tutorial_taskflow_api.py
[2025-03-26T13:00:48.273+0000] {processor.py:914} INFO - Processing file /home/ubuntu/miniconda3/envs/mlflow/lib/python3.12/site-packages/airflow/example_dags/tutorial_taskflow_api.py for tasks to queue
[2025-03-26T13:00:48.277+0000] {logging_mixin.py:190} INFO - [2025-03-26T13:00:48.276+0000] {dagbag.py:588} INFO - Filling up the DagBag from /home/ubuntu/miniconda3/envs/mlflow/lib/python3.12/site-packages/airflow/example_dags/tutorial_taskflow_api.py
[2025-03-26T13:00:48.290+0000] {processor.py:925} INFO - DAG(s) 'tutorial_taskflow_api' retrieved from /home/ubuntu/miniconda3/envs/mlflow/lib/python3.12/site-packages/airflow/example_dags/tutorial_taskflow_api.py
[2025-03-26T13:00:48.310+0000] {logging_mixin.py:190} INFO - [2025-03-26T13:00:48.310+0000] {dag.py:3239} INFO - Sync 1 DAGs
[2025-03-26T13:00:48.327+0000] {logging_mixin.py:190} INFO - [2025-03-26T13:00:48.327+0000] {dag.py:4180} INFO - Setting next_dagrun for tutorial_taskflow_api to None, run_after=None
[2025-03-26T13:00:48.357+0000] {processor.py:208} INFO - Processing /home/ubuntu/miniconda3/envs/mlflow/lib/python3.12/site-packages/airflow/example_dags/tutorial_taskflow_api.py took 0.093 seconds
[2025-03-26T13:01:52.498+0000] {processor.py:186} INFO - Started process (PID=101195) to work on /home/ubuntu/miniconda3/envs/mlflow/lib/python3.12/site-packages/airflow/example_dags/tutorial_taskflow_api.py
[2025-03-26T13:01:52.500+0000] {processor.py:914} INFO - Processing file /home/ubuntu/miniconda3/envs/mlflow/lib/python3.12/site-packages/airflow/example_dags/tutorial_taskflow_api.py for tasks to queue
[2025-03-26T13:01:52.502+0000] {logging_mixin.py:190} INFO - [2025-03-26T13:01:52.502+0000] {dagbag.py:588} INFO - Filling up the DagBag from /home/ubuntu/miniconda3/envs/mlflow/lib/python3.12/site-packages/airflow/example_dags/tutorial_taskflow_api.py
[2025-03-26T13:01:52.516+0000] {processor.py:925} INFO - DAG(s) 'tutorial_taskflow_api' retrieved from /home/ubuntu/miniconda3/envs/mlflow/lib/python3.12/site-packages/airflow/example_dags/tutorial_taskflow_api.py
[2025-03-26T13:01:52.537+0000] {logging_mixin.py:190} INFO - [2025-03-26T13:01:52.536+0000] {dag.py:3239} INFO - Sync 1 DAGs
[2025-03-26T13:01:52.552+0000] {logging_mixin.py:190} INFO - [2025-03-26T13:01:52.552+0000] {dag.py:4180} INFO - Setting next_dagrun for tutorial_taskflow_api to None, run_after=None
[2025-03-26T13:01:52.583+0000] {processor.py:208} INFO - Processing /home/ubuntu/miniconda3/envs/mlflow/lib/python3.12/site-packages/airflow/example_dags/tutorial_taskflow_api.py took 0.093 seconds
