[2025-03-26T12:54:09.211+0000] {processor.py:186} INFO - Started process (PID=100103) to work on /home/ubuntu/miniconda3/envs/mlflow/lib/python3.12/site-packages/airflow/example_dags/tutorial_taskflow_api_virtualenv.py
[2025-03-26T12:54:09.212+0000] {processor.py:914} INFO - Processing file /home/ubuntu/miniconda3/envs/mlflow/lib/python3.12/site-packages/airflow/example_dags/tutorial_taskflow_api_virtualenv.py for tasks to queue
[2025-03-26T12:54:09.218+0000] {logging_mixin.py:190} INFO - [2025-03-26T12:54:09.217+0000] {dagbag.py:588} INFO - Filling up the DagBag from /home/ubuntu/miniconda3/envs/mlflow/lib/python3.12/site-packages/airflow/example_dags/tutorial_taskflow_api_virtualenv.py
[2025-03-26T12:54:09.237+0000] {processor.py:925} INFO - DAG(s) 'tutorial_taskflow_api_virtualenv' retrieved from /home/ubuntu/miniconda3/envs/mlflow/lib/python3.12/site-packages/airflow/example_dags/tutorial_taskflow_api_virtualenv.py
[2025-03-26T12:54:09.432+0000] {logging_mixin.py:190} INFO - [2025-03-26T12:54:09.431+0000] {override.py:1930} INFO - Created Permission View: can read on DAG:tutorial_taskflow_api_virtualenv
[2025-03-26T12:54:09.456+0000] {logging_mixin.py:190} INFO - [2025-03-26T12:54:09.455+0000] {override.py:1930} INFO - Created Permission View: can edit on DAG:tutorial_taskflow_api_virtualenv
[2025-03-26T12:54:09.470+0000] {logging_mixin.py:190} INFO - [2025-03-26T12:54:09.469+0000] {override.py:1930} INFO - Created Permission View: can delete on DAG:tutorial_taskflow_api_virtualenv
[2025-03-26T12:54:09.493+0000] {logging_mixin.py:190} INFO - [2025-03-26T12:54:09.493+0000] {override.py:1930} INFO - Created Permission View: can read on DAG Run:tutorial_taskflow_api_virtualenv
[2025-03-26T12:54:09.514+0000] {logging_mixin.py:190} INFO - [2025-03-26T12:54:09.513+0000] {override.py:1930} INFO - Created Permission View: menu access on DAG Run:tutorial_taskflow_api_virtualenv
[2025-03-26T12:54:09.543+0000] {logging_mixin.py:190} INFO - [2025-03-26T12:54:09.538+0000] {override.py:1930} INFO - Created Permission View: can create on DAG Run:tutorial_taskflow_api_virtualenv
[2025-03-26T12:54:09.557+0000] {logging_mixin.py:190} INFO - [2025-03-26T12:54:09.556+0000] {override.py:1930} INFO - Created Permission View: can delete on DAG Run:tutorial_taskflow_api_virtualenv
[2025-03-26T12:54:09.557+0000] {logging_mixin.py:190} INFO - [2025-03-26T12:54:09.557+0000] {dag.py:3239} INFO - Sync 1 DAGs
[2025-03-26T12:54:09.577+0000] {logging_mixin.py:190} INFO - [2025-03-26T12:54:09.577+0000] {dag.py:3262} INFO - Creating ORM DAG for tutorial_taskflow_api_virtualenv
[2025-03-26T12:54:09.578+0000] {logging_mixin.py:190} INFO - [2025-03-26T12:54:09.578+0000] {dag.py:4180} INFO - Setting next_dagrun for tutorial_taskflow_api_virtualenv to None, run_after=None
[2025-03-26T12:54:09.616+0000] {processor.py:208} INFO - Processing /home/ubuntu/miniconda3/envs/mlflow/lib/python3.12/site-packages/airflow/example_dags/tutorial_taskflow_api_virtualenv.py took 0.414 seconds
[2025-03-26T12:55:23.576+0000] {processor.py:186} INFO - Started process (PID=100279) to work on /home/ubuntu/miniconda3/envs/mlflow/lib/python3.12/site-packages/airflow/example_dags/tutorial_taskflow_api_virtualenv.py
[2025-03-26T12:55:23.578+0000] {processor.py:914} INFO - Processing file /home/ubuntu/miniconda3/envs/mlflow/lib/python3.12/site-packages/airflow/example_dags/tutorial_taskflow_api_virtualenv.py for tasks to queue
[2025-03-26T12:55:23.580+0000] {logging_mixin.py:190} INFO - [2025-03-26T12:55:23.580+0000] {dagbag.py:588} INFO - Filling up the DagBag from /home/ubuntu/miniconda3/envs/mlflow/lib/python3.12/site-packages/airflow/example_dags/tutorial_taskflow_api_virtualenv.py
[2025-03-26T12:55:23.595+0000] {processor.py:925} INFO - DAG(s) 'tutorial_taskflow_api_virtualenv' retrieved from /home/ubuntu/miniconda3/envs/mlflow/lib/python3.12/site-packages/airflow/example_dags/tutorial_taskflow_api_virtualenv.py
[2025-03-26T12:55:23.613+0000] {logging_mixin.py:190} INFO - [2025-03-26T12:55:23.613+0000] {dag.py:3239} INFO - Sync 1 DAGs
[2025-03-26T12:55:23.630+0000] {logging_mixin.py:190} INFO - [2025-03-26T12:55:23.630+0000] {dag.py:4180} INFO - Setting next_dagrun for tutorial_taskflow_api_virtualenv to None, run_after=None
[2025-03-26T12:55:23.660+0000] {processor.py:208} INFO - Processing /home/ubuntu/miniconda3/envs/mlflow/lib/python3.12/site-packages/airflow/example_dags/tutorial_taskflow_api_virtualenv.py took 0.091 seconds
[2025-03-26T12:56:01.961+0000] {processor.py:186} INFO - Started process (PID=100396) to work on /home/ubuntu/miniconda3/envs/mlflow/lib/python3.12/site-packages/airflow/example_dags/tutorial_taskflow_api_virtualenv.py
[2025-03-26T12:56:01.963+0000] {processor.py:914} INFO - Processing file /home/ubuntu/miniconda3/envs/mlflow/lib/python3.12/site-packages/airflow/example_dags/tutorial_taskflow_api_virtualenv.py for tasks to queue
[2025-03-26T12:56:01.965+0000] {logging_mixin.py:190} INFO - [2025-03-26T12:56:01.964+0000] {dagbag.py:588} INFO - Filling up the DagBag from /home/ubuntu/miniconda3/envs/mlflow/lib/python3.12/site-packages/airflow/example_dags/tutorial_taskflow_api_virtualenv.py
[2025-03-26T12:56:01.978+0000] {processor.py:925} INFO - DAG(s) 'tutorial_taskflow_api_virtualenv' retrieved from /home/ubuntu/miniconda3/envs/mlflow/lib/python3.12/site-packages/airflow/example_dags/tutorial_taskflow_api_virtualenv.py
[2025-03-26T12:56:01.998+0000] {logging_mixin.py:190} INFO - [2025-03-26T12:56:01.997+0000] {dag.py:3239} INFO - Sync 1 DAGs
[2025-03-26T12:56:02.022+0000] {logging_mixin.py:190} INFO - [2025-03-26T12:56:02.022+0000] {dag.py:4180} INFO - Setting next_dagrun for tutorial_taskflow_api_virtualenv to None, run_after=None
[2025-03-26T12:56:02.071+0000] {processor.py:208} INFO - Processing /home/ubuntu/miniconda3/envs/mlflow/lib/python3.12/site-packages/airflow/example_dags/tutorial_taskflow_api_virtualenv.py took 0.118 seconds
[2025-03-26T12:57:06.673+0000] {processor.py:186} INFO - Started process (PID=100616) to work on /home/ubuntu/miniconda3/envs/mlflow/lib/python3.12/site-packages/airflow/example_dags/tutorial_taskflow_api_virtualenv.py
[2025-03-26T12:57:06.675+0000] {processor.py:914} INFO - Processing file /home/ubuntu/miniconda3/envs/mlflow/lib/python3.12/site-packages/airflow/example_dags/tutorial_taskflow_api_virtualenv.py for tasks to queue
[2025-03-26T12:57:06.681+0000] {logging_mixin.py:190} INFO - [2025-03-26T12:57:06.679+0000] {dagbag.py:588} INFO - Filling up the DagBag from /home/ubuntu/miniconda3/envs/mlflow/lib/python3.12/site-packages/airflow/example_dags/tutorial_taskflow_api_virtualenv.py
[2025-03-26T12:57:06.699+0000] {processor.py:925} INFO - DAG(s) 'tutorial_taskflow_api_virtualenv' retrieved from /home/ubuntu/miniconda3/envs/mlflow/lib/python3.12/site-packages/airflow/example_dags/tutorial_taskflow_api_virtualenv.py
[2025-03-26T12:57:06.720+0000] {logging_mixin.py:190} INFO - [2025-03-26T12:57:06.720+0000] {dag.py:3239} INFO - Sync 1 DAGs
[2025-03-26T12:57:06.739+0000] {logging_mixin.py:190} INFO - [2025-03-26T12:57:06.739+0000] {dag.py:4180} INFO - Setting next_dagrun for tutorial_taskflow_api_virtualenv to None, run_after=None
[2025-03-26T12:57:06.784+0000] {processor.py:208} INFO - Processing /home/ubuntu/miniconda3/envs/mlflow/lib/python3.12/site-packages/airflow/example_dags/tutorial_taskflow_api_virtualenv.py took 0.119 seconds
[2025-03-26T12:58:12.971+0000] {processor.py:186} INFO - Started process (PID=100783) to work on /home/ubuntu/miniconda3/envs/mlflow/lib/python3.12/site-packages/airflow/example_dags/tutorial_taskflow_api_virtualenv.py
[2025-03-26T12:58:12.972+0000] {processor.py:914} INFO - Processing file /home/ubuntu/miniconda3/envs/mlflow/lib/python3.12/site-packages/airflow/example_dags/tutorial_taskflow_api_virtualenv.py for tasks to queue
[2025-03-26T12:58:12.974+0000] {logging_mixin.py:190} INFO - [2025-03-26T12:58:12.974+0000] {dagbag.py:588} INFO - Filling up the DagBag from /home/ubuntu/miniconda3/envs/mlflow/lib/python3.12/site-packages/airflow/example_dags/tutorial_taskflow_api_virtualenv.py
[2025-03-26T12:58:12.989+0000] {processor.py:925} INFO - DAG(s) 'tutorial_taskflow_api_virtualenv' retrieved from /home/ubuntu/miniconda3/envs/mlflow/lib/python3.12/site-packages/airflow/example_dags/tutorial_taskflow_api_virtualenv.py
[2025-03-26T12:58:13.013+0000] {logging_mixin.py:190} INFO - [2025-03-26T12:58:13.012+0000] {dag.py:3239} INFO - Sync 1 DAGs
[2025-03-26T12:58:13.028+0000] {logging_mixin.py:190} INFO - [2025-03-26T12:58:13.027+0000] {dag.py:4180} INFO - Setting next_dagrun for tutorial_taskflow_api_virtualenv to None, run_after=None
[2025-03-26T12:58:13.053+0000] {processor.py:208} INFO - Processing /home/ubuntu/miniconda3/envs/mlflow/lib/python3.12/site-packages/airflow/example_dags/tutorial_taskflow_api_virtualenv.py took 0.090 seconds
[2025-03-26T12:59:14.452+0000] {processor.py:186} INFO - Started process (PID=100905) to work on /home/ubuntu/miniconda3/envs/mlflow/lib/python3.12/site-packages/airflow/example_dags/tutorial_taskflow_api_virtualenv.py
[2025-03-26T12:59:14.453+0000] {processor.py:914} INFO - Processing file /home/ubuntu/miniconda3/envs/mlflow/lib/python3.12/site-packages/airflow/example_dags/tutorial_taskflow_api_virtualenv.py for tasks to queue
[2025-03-26T12:59:14.457+0000] {logging_mixin.py:190} INFO - [2025-03-26T12:59:14.457+0000] {dagbag.py:588} INFO - Filling up the DagBag from /home/ubuntu/miniconda3/envs/mlflow/lib/python3.12/site-packages/airflow/example_dags/tutorial_taskflow_api_virtualenv.py
[2025-03-26T12:59:14.471+0000] {processor.py:925} INFO - DAG(s) 'tutorial_taskflow_api_virtualenv' retrieved from /home/ubuntu/miniconda3/envs/mlflow/lib/python3.12/site-packages/airflow/example_dags/tutorial_taskflow_api_virtualenv.py
[2025-03-26T12:59:14.488+0000] {logging_mixin.py:190} INFO - [2025-03-26T12:59:14.488+0000] {dag.py:3239} INFO - Sync 1 DAGs
[2025-03-26T12:59:14.505+0000] {logging_mixin.py:190} INFO - [2025-03-26T12:59:14.505+0000] {dag.py:4180} INFO - Setting next_dagrun for tutorial_taskflow_api_virtualenv to None, run_after=None
[2025-03-26T12:59:14.535+0000] {processor.py:208} INFO - Processing /home/ubuntu/miniconda3/envs/mlflow/lib/python3.12/site-packages/airflow/example_dags/tutorial_taskflow_api_virtualenv.py took 0.090 seconds
[2025-03-26T13:00:16.690+0000] {processor.py:186} INFO - Started process (PID=101089) to work on /home/ubuntu/miniconda3/envs/mlflow/lib/python3.12/site-packages/airflow/example_dags/tutorial_taskflow_api_virtualenv.py
[2025-03-26T13:00:16.693+0000] {processor.py:914} INFO - Processing file /home/ubuntu/miniconda3/envs/mlflow/lib/python3.12/site-packages/airflow/example_dags/tutorial_taskflow_api_virtualenv.py for tasks to queue
[2025-03-26T13:00:16.695+0000] {logging_mixin.py:190} INFO - [2025-03-26T13:00:16.695+0000] {dagbag.py:588} INFO - Filling up the DagBag from /home/ubuntu/miniconda3/envs/mlflow/lib/python3.12/site-packages/airflow/example_dags/tutorial_taskflow_api_virtualenv.py
[2025-03-26T13:00:16.711+0000] {processor.py:925} INFO - DAG(s) 'tutorial_taskflow_api_virtualenv' retrieved from /home/ubuntu/miniconda3/envs/mlflow/lib/python3.12/site-packages/airflow/example_dags/tutorial_taskflow_api_virtualenv.py
[2025-03-26T13:00:16.728+0000] {logging_mixin.py:190} INFO - [2025-03-26T13:00:16.728+0000] {dag.py:3239} INFO - Sync 1 DAGs
[2025-03-26T13:00:16.748+0000] {logging_mixin.py:190} INFO - [2025-03-26T13:00:16.747+0000] {dag.py:4180} INFO - Setting next_dagrun for tutorial_taskflow_api_virtualenv to None, run_after=None
[2025-03-26T13:00:16.775+0000] {processor.py:208} INFO - Processing /home/ubuntu/miniconda3/envs/mlflow/lib/python3.12/site-packages/airflow/example_dags/tutorial_taskflow_api_virtualenv.py took 0.090 seconds
[2025-03-26T13:01:21.851+0000] {processor.py:186} INFO - Started process (PID=101164) to work on /home/ubuntu/miniconda3/envs/mlflow/lib/python3.12/site-packages/airflow/example_dags/tutorial_taskflow_api_virtualenv.py
[2025-03-26T13:01:21.853+0000] {processor.py:914} INFO - Processing file /home/ubuntu/miniconda3/envs/mlflow/lib/python3.12/site-packages/airflow/example_dags/tutorial_taskflow_api_virtualenv.py for tasks to queue
[2025-03-26T13:01:21.857+0000] {logging_mixin.py:190} INFO - [2025-03-26T13:01:21.857+0000] {dagbag.py:588} INFO - Filling up the DagBag from /home/ubuntu/miniconda3/envs/mlflow/lib/python3.12/site-packages/airflow/example_dags/tutorial_taskflow_api_virtualenv.py
[2025-03-26T13:01:21.877+0000] {processor.py:925} INFO - DAG(s) 'tutorial_taskflow_api_virtualenv' retrieved from /home/ubuntu/miniconda3/envs/mlflow/lib/python3.12/site-packages/airflow/example_dags/tutorial_taskflow_api_virtualenv.py
[2025-03-26T13:01:21.895+0000] {logging_mixin.py:190} INFO - [2025-03-26T13:01:21.895+0000] {dag.py:3239} INFO - Sync 1 DAGs
[2025-03-26T13:01:21.912+0000] {logging_mixin.py:190} INFO - [2025-03-26T13:01:21.912+0000] {dag.py:4180} INFO - Setting next_dagrun for tutorial_taskflow_api_virtualenv to None, run_after=None
[2025-03-26T13:01:21.937+0000] {processor.py:208} INFO - Processing /home/ubuntu/miniconda3/envs/mlflow/lib/python3.12/site-packages/airflow/example_dags/tutorial_taskflow_api_virtualenv.py took 0.094 seconds
