[2025-03-31T15:25:05.540+0000] {local_task_job_runner.py:123} INFO - ::group::Pre task execution logs
[2025-03-31T15:25:05.554+0000] {taskinstance.py:2614} INFO - Dependencies all met for dep_context=non-requeueable deps ti=<TaskInstance: weather_data_collection.collect_weather_data scheduled__2025-03-31T15:23:00+00:00 [queued]>
[2025-03-31T15:25:05.562+0000] {taskinstance.py:2614} INFO - Dependencies all met for dep_context=requeueable deps ti=<TaskInstance: weather_data_collection.collect_weather_data scheduled__2025-03-31T15:23:00+00:00 [queued]>
[2025-03-31T15:25:05.563+0000] {taskinstance.py:2867} INFO - Starting attempt 1 of 2
[2025-03-31T15:25:05.585+0000] {taskinstance.py:2890} INFO - Executing <Task(DockerOperator): collect_weather_data> on 2025-03-31 15:23:00+00:00
[2025-03-31T15:25:05.590+0000] {standard_task_runner.py:72} INFO - Started process 12572 to run task
[2025-03-31T15:25:05.595+0000] {standard_task_runner.py:104} INFO - Running: ['airflow', 'tasks', 'run', 'weather_data_collection', 'collect_weather_data', 'scheduled__2025-03-31T15:23:00+00:00', '--job-id', '372', '--raw', '--subdir', 'DAGS_FOLDER/weather_dag.py', '--cfg-path', '/tmp/tmp_akxplj1']
[2025-03-31T15:25:05.597+0000] {standard_task_runner.py:105} INFO - Job 372: Subtask collect_weather_data
[2025-03-31T15:25:05.642+0000] {task_command.py:467} INFO - Running <TaskInstance: weather_data_collection.collect_weather_data scheduled__2025-03-31T15:23:00+00:00 [running]> on host ip-172-31-19-13.eu-west-1.compute.internal
[2025-03-31T15:25:05.725+0000] {taskinstance.py:3134} INFO - Exporting env vars: AIRFLOW_CTX_DAG_OWNER='airflow' AIRFLOW_CTX_DAG_ID='weather_data_collection' AIRFLOW_CTX_TASK_ID='collect_weather_data' AIRFLOW_CTX_EXECUTION_DATE='2025-03-31T15:23:00+00:00' AIRFLOW_CTX_TRY_NUMBER='1' AIRFLOW_CTX_DAG_RUN_ID='scheduled__2025-03-31T15:23:00+00:00'
[2025-03-31T15:25:05.726+0000] {taskinstance.py:732} INFO - ::endgroup::
[2025-03-31T15:25:05.765+0000] {docker.py:353} INFO - Starting docker container from image weather-collector:light
[2025-03-31T15:25:07.325+0000] {docker.py:73} INFO -   0%|          | 0/5 [00:00<?, ?it/s]
[2025-03-31T15:25:07.511+0000] {docker.py:73} INFO -  60%|██████    | 3/5 [00:00<00:00, 16.06it/s]
[2025-03-31T15:25:07.718+0000] {docker.py:73} INFO - 100%|██████████| 5/5 [00:00<00:00, 12.14it/s]
[2025-03-31T15:25:07.820+0000] {docker.py:73} INFO - 100%|██████████| 5/5 [00:00<00:00, 10.08it/s]
[2025-03-31T15:25:07.822+0000] {docker.py:73} INFO -   0%|          | 0/5 [00:00<?, ?it/s]
[2025-03-31T15:25:07.825+0000] {docker.py:73} INFO - 100%|██████████| 5/5 [00:00<00:00, 2400.86it/s]
[2025-03-31T15:25:07.857+0000] {docker.py:73} INFO -        city country  ...  weather_description             datetime
[2025-03-31T15:25:07.858+0000] {docker.py:73} INFO - 0     Paris      FR  ...            clear sky  2025-03-31T15:25:07
[2025-03-31T15:25:07.858+0000] {docker.py:73} INFO - 1    London      GB  ...           few clouds  2025-03-31T15:25:07
[2025-03-31T15:25:07.859+0000] {docker.py:73} INFO - 2  New York      US  ...      overcast clouds  2025-03-31T15:25:07
[2025-03-31T15:25:07.859+0000] {docker.py:73} INFO - 3    Berlin      DE  ...           light rain  2025-03-31T15:25:07
[2025-03-31T15:25:07.859+0000] {docker.py:73} INFO - 4     Tokyo      JP  ...        broken clouds  2025-03-31T15:25:07
[2025-03-31T15:25:07.860+0000] {docker.py:73} INFO - 
[2025-03-31T15:25:07.860+0000] {docker.py:73} INFO - [5 rows x 7 columns]
[2025-03-31T15:25:08.284+0000] {taskinstance.py:341} INFO - ::group::Post task execution logs
[2025-03-31T15:25:08.285+0000] {taskinstance.py:353} INFO - Marking task as SUCCESS. dag_id=weather_data_collection, task_id=collect_weather_data, run_id=scheduled__2025-03-31T15:23:00+00:00, execution_date=20250331T152300, start_date=20250331T152505, end_date=20250331T152508
[2025-03-31T15:25:08.338+0000] {local_task_job_runner.py:266} INFO - Task exited with return code 0
[2025-03-31T15:25:08.365+0000] {taskinstance.py:3901} INFO - 1 downstream tasks scheduled from follow-on schedule check
[2025-03-31T15:25:08.372+0000] {local_task_job_runner.py:245} INFO - ::endgroup::
