[2025-04-03T09:18:01.345+0000] {local_task_job_runner.py:123} INFO - ::group::Pre task execution logs
[2025-04-03T09:18:01.378+0000] {taskinstance.py:2614} INFO - Dependencies all met for dep_context=non-requeueable deps ti=<TaskInstance: weather_data_monitoring.monitor_data scheduled__2025-04-03T09:17:00+00:00 [queued]>
[2025-04-03T09:18:01.394+0000] {taskinstance.py:2614} INFO - Dependencies all met for dep_context=requeueable deps ti=<TaskInstance: weather_data_monitoring.monitor_data scheduled__2025-04-03T09:17:00+00:00 [queued]>
[2025-04-03T09:18:01.395+0000] {taskinstance.py:2867} INFO - Starting attempt 1 of 2
[2025-04-03T09:18:01.424+0000] {taskinstance.py:2890} INFO - Executing <Task(PythonOperator): monitor_data> on 2025-04-03 09:17:00+00:00
[2025-04-03T09:18:01.438+0000] {logging_mixin.py:190} WARNING - /home/ubuntu/miniconda/envs/mlflow/lib/python3.12/site-packages/***/task/task_runner/standard_task_runner.py:70 DeprecationWarning: This process (pid=30838) is multi-threaded, use of fork() may lead to deadlocks in the child.
[2025-04-03T09:18:01.440+0000] {standard_task_runner.py:72} INFO - Started process 30849 to run task
[2025-04-03T09:18:01.445+0000] {standard_task_runner.py:104} INFO - Running: ['***', 'tasks', 'run', 'weather_data_monitoring', 'monitor_data', 'scheduled__2025-04-03T09:17:00+00:00', '--job-id', '296', '--raw', '--subdir', 'DAGS_FOLDER/weather_monitor_dag.py', '--cfg-path', '/tmp/tmpynp9vejm']
[2025-04-03T09:18:01.449+0000] {standard_task_runner.py:105} INFO - Job 296: Subtask monitor_data
[2025-04-03T09:18:01.607+0000] {task_command.py:467} INFO - Running <TaskInstance: weather_data_monitoring.monitor_data scheduled__2025-04-03T09:17:00+00:00 [running]> on host ip-172-31-19-13.eu-west-1.compute.internal
[2025-04-03T09:18:01.834+0000] {taskinstance.py:3134} INFO - Exporting env vars: AIRFLOW_CTX_DAG_OWNER='***' AIRFLOW_CTX_DAG_ID='weather_data_monitoring' AIRFLOW_CTX_TASK_ID='monitor_data' AIRFLOW_CTX_EXECUTION_DATE='2025-04-03T09:17:00+00:00' AIRFLOW_CTX_TRY_NUMBER='1' AIRFLOW_CTX_DAG_RUN_ID='scheduled__2025-04-03T09:17:00+00:00'
[2025-04-03T09:18:01.842+0000] {taskinstance.py:732} INFO - ::endgroup::
[2025-04-03T09:18:01.896+0000] {logging_mixin.py:190} INFO - Starting monitoring...
[2025-04-03T09:18:02.897+0000] {logging_mixin.py:190} INFO - Monitoring... 1/60 seconds
[2025-04-03T09:18:12.902+0000] {logging_mixin.py:190} INFO - Monitoring... 11/60 seconds
[2025-04-03T09:18:22.905+0000] {logging_mixin.py:190} INFO - Monitoring... 21/60 seconds
[2025-04-03T09:18:32.906+0000] {logging_mixin.py:190} INFO - Monitoring... 31/60 seconds
[2025-04-03T09:18:42.908+0000] {logging_mixin.py:190} INFO - Monitoring... 41/60 seconds
[2025-04-03T09:18:52.910+0000] {logging_mixin.py:190} INFO - Monitoring... 51/60 seconds
[2025-04-03T09:19:01.914+0000] {logging_mixin.py:190} INFO - Monitoring complete
[2025-04-03T09:19:01.914+0000] {python.py:240} INFO - Done. Returned value was: Monitoring successful
[2025-04-03T09:19:01.980+0000] {taskinstance.py:341} INFO - ::group::Post task execution logs
[2025-04-03T09:19:01.981+0000] {taskinstance.py:353} INFO - Marking task as SUCCESS. dag_id=weather_data_monitoring, task_id=monitor_data, run_id=scheduled__2025-04-03T09:17:00+00:00, execution_date=20250403T091700, start_date=20250403T091801, end_date=20250403T091901
[2025-04-03T09:19:02.061+0000] {local_task_job_runner.py:266} INFO - Task exited with return code 0
[2025-04-03T09:19:02.093+0000] {taskinstance.py:3901} INFO - 0 downstream tasks scheduled from follow-on schedule check
[2025-04-03T09:19:02.095+0000] {local_task_job_runner.py:245} INFO - ::endgroup::
