[2025-04-03T09:27:01.025+0000] {local_task_job_runner.py:123} INFO - ::group::Pre task execution logs
[2025-04-03T09:27:01.061+0000] {taskinstance.py:2614} INFO - Dependencies all met for dep_context=non-requeueable deps ti=<TaskInstance: weather_data_collection.collect_weather_data scheduled__2025-04-03T09:26:00+00:00 [queued]>
[2025-04-03T09:27:01.077+0000] {taskinstance.py:2614} INFO - Dependencies all met for dep_context=requeueable deps ti=<TaskInstance: weather_data_collection.collect_weather_data scheduled__2025-04-03T09:26:00+00:00 [queued]>
[2025-04-03T09:27:01.078+0000] {taskinstance.py:2867} INFO - Starting attempt 1 of 2
[2025-04-03T09:27:01.103+0000] {taskinstance.py:2890} INFO - Executing <Task(DockerOperator): collect_weather_data> on 2025-04-03 09:26:00+00:00
[2025-04-03T09:27:01.117+0000] {logging_mixin.py:190} WARNING - /home/ubuntu/miniconda/envs/mlflow/lib/python3.12/site-packages/***/task/task_runner/standard_task_runner.py:70 DeprecationWarning: This process (pid=34249) is multi-threaded, use of fork() may lead to deadlocks in the child.
[2025-04-03T09:27:01.128+0000] {standard_task_runner.py:72} INFO - Started process 34265 to run task
[2025-04-03T09:27:01.124+0000] {standard_task_runner.py:104} INFO - Running: ['***', 'tasks', 'run', 'weather_data_collection', 'collect_weather_data', 'scheduled__2025-04-03T09:26:00+00:00', '--job-id', '324', '--raw', '--subdir', 'DAGS_FOLDER/weather_dag.py', '--cfg-path', '/tmp/tmp9vnu965v']
[2025-04-03T09:27:01.129+0000] {standard_task_runner.py:105} INFO - Job 324: Subtask collect_weather_data
[2025-04-03T09:27:01.233+0000] {task_command.py:467} INFO - Running <TaskInstance: weather_data_collection.collect_weather_data scheduled__2025-04-03T09:26:00+00:00 [running]> on host ip-172-31-19-13.eu-west-1.compute.internal
[2025-04-03T09:27:01.386+0000] {taskinstance.py:3134} INFO - Exporting env vars: AIRFLOW_CTX_DAG_OWNER='***' AIRFLOW_CTX_DAG_ID='weather_data_collection' AIRFLOW_CTX_TASK_ID='collect_weather_data' AIRFLOW_CTX_EXECUTION_DATE='2025-04-03T09:26:00+00:00' AIRFLOW_CTX_TRY_NUMBER='1' AIRFLOW_CTX_DAG_RUN_ID='scheduled__2025-04-03T09:26:00+00:00'
[2025-04-03T09:27:01.387+0000] {taskinstance.py:732} INFO - ::endgroup::
[2025-04-03T09:27:01.426+0000] {docker.py:353} INFO - Starting docker container from image weather-collector:light
[2025-04-03T09:27:03.128+0000] {docker.py:73} INFO -   0%|          | 0/5 [00:00<?, ?it/s]
[2025-04-03T09:27:03.229+0000] {docker.py:73} INFO -  40%|████      | 2/5 [00:00<00:00, 19.88it/s]
[2025-04-03T09:27:03.421+0000] {docker.py:73} INFO -  80%|████████  | 4/5 [00:00<00:00, 12.94it/s]
[2025-04-03T09:27:03.618+0000] {docker.py:73} INFO - 100%|██████████| 5/5 [00:00<00:00, 10.20it/s]
[2025-04-03T09:27:03.620+0000] {docker.py:73} INFO -   0%|          | 0/5 [00:00<?, ?it/s]
[2025-04-03T09:27:03.621+0000] {docker.py:73} INFO - 100%|██████████| 5/5 [00:00<00:00, 3697.38it/s]
[2025-04-03T09:27:03.646+0000] {docker.py:73} INFO -        city country  ...  weather_description             datetime
[2025-04-03T09:27:03.648+0000] {docker.py:73} INFO - 0     Paris      FR  ...            clear sky  2025-04-03T09:27:03
[2025-04-03T09:27:03.649+0000] {docker.py:73} INFO - 1    London      GB  ...            clear sky  2025-04-03T09:27:03
[2025-04-03T09:27:03.650+0000] {docker.py:73} INFO - 2  New York      US  ...      overcast clouds  2025-04-03T09:27:03
[2025-04-03T09:27:03.650+0000] {docker.py:73} INFO - 3    Berlin      DE  ...            clear sky  2025-04-03T09:27:03
[2025-04-03T09:27:03.651+0000] {docker.py:73} INFO - 4     Tokyo      JP  ...        broken clouds  2025-04-03T09:27:03
[2025-04-03T09:27:03.653+0000] {docker.py:73} INFO - 
[2025-04-03T09:27:03.653+0000] {docker.py:73} INFO - [5 rows x 7 columns]
[2025-04-03T09:27:04.067+0000] {taskinstance.py:341} INFO - ::group::Post task execution logs
[2025-04-03T09:27:04.068+0000] {taskinstance.py:353} INFO - Marking task as SUCCESS. dag_id=weather_data_collection, task_id=collect_weather_data, run_id=scheduled__2025-04-03T09:26:00+00:00, execution_date=20250403T092600, start_date=20250403T092701, end_date=20250403T092704
[2025-04-03T09:27:04.136+0000] {local_task_job_runner.py:266} INFO - Task exited with return code 0
[2025-04-03T09:27:04.190+0000] {taskinstance.py:3901} INFO - 1 downstream tasks scheduled from follow-on schedule check
[2025-04-03T09:27:04.192+0000] {local_task_job_runner.py:245} INFO - ::endgroup::
