[2025-03-31T15:44:46.038+0000] {local_task_job_runner.py:123} INFO - ::group::Pre task execution logs
[2025-03-31T15:44:46.052+0000] {taskinstance.py:2614} INFO - Dependencies all met for dep_context=non-requeueable deps ti=<TaskInstance: weather_data_monitoring.setup_data_dir scheduled__2025-03-31T15:43:00+00:00 [queued]>
[2025-03-31T15:44:46.059+0000] {taskinstance.py:2614} INFO - Dependencies all met for dep_context=requeueable deps ti=<TaskInstance: weather_data_monitoring.setup_data_dir scheduled__2025-03-31T15:43:00+00:00 [queued]>
[2025-03-31T15:44:46.060+0000] {taskinstance.py:2867} INFO - Starting attempt 1 of 2
[2025-03-31T15:44:46.080+0000] {taskinstance.py:2890} INFO - Executing <Task(BashOperator): setup_data_dir> on 2025-03-31 15:43:00+00:00
[2025-03-31T15:44:46.086+0000] {standard_task_runner.py:72} INFO - Started process 16595 to run task
[2025-03-31T15:44:46.090+0000] {standard_task_runner.py:104} INFO - Running: ['airflow', 'tasks', 'run', 'weather_data_monitoring', 'setup_data_dir', 'scheduled__2025-03-31T15:43:00+00:00', '--job-id', '384', '--raw', '--subdir', 'DAGS_FOLDER/weather_monitor_dag.py', '--cfg-path', '/tmp/tmp56zo4wwo']
[2025-03-31T15:44:46.092+0000] {standard_task_runner.py:105} INFO - Job 384: Subtask setup_data_dir
[2025-03-31T15:44:46.141+0000] {task_command.py:467} INFO - Running <TaskInstance: weather_data_monitoring.setup_data_dir scheduled__2025-03-31T15:43:00+00:00 [running]> on host ip-172-31-19-13.eu-west-1.compute.internal
[2025-03-31T15:44:46.216+0000] {taskinstance.py:3134} INFO - Exporting env vars: AIRFLOW_CTX_DAG_OWNER='airflow' AIRFLOW_CTX_DAG_ID='weather_data_monitoring' AIRFLOW_CTX_TASK_ID='setup_data_dir' AIRFLOW_CTX_EXECUTION_DATE='2025-03-31T15:43:00+00:00' AIRFLOW_CTX_TRY_NUMBER='1' AIRFLOW_CTX_DAG_RUN_ID='scheduled__2025-03-31T15:43:00+00:00'
[2025-03-31T15:44:46.217+0000] {taskinstance.py:732} INFO - ::endgroup::
[2025-03-31T15:44:46.235+0000] {subprocess.py:78} INFO - Tmp dir root location: /tmp
[2025-03-31T15:44:46.236+0000] {subprocess.py:88} INFO - Running command: ['/usr/bin/bash', '-c', 'mkdir -p /home/ubuntu/MLFlow/data_storage/raw']
[2025-03-31T15:44:46.250+0000] {subprocess.py:99} INFO - Output:
[2025-03-31T15:44:46.253+0000] {subprocess.py:110} INFO - Command exited with return code 0
[2025-03-31T15:44:46.275+0000] {taskinstance.py:341} INFO - ::group::Post task execution logs
[2025-03-31T15:44:46.276+0000] {taskinstance.py:353} INFO - Marking task as SUCCESS. dag_id=weather_data_monitoring, task_id=setup_data_dir, run_id=scheduled__2025-03-31T15:43:00+00:00, execution_date=20250331T154300, start_date=20250331T154446, end_date=20250331T154446
[2025-03-31T15:44:46.343+0000] {local_task_job_runner.py:266} INFO - Task exited with return code 0
[2025-03-31T15:44:46.364+0000] {taskinstance.py:3901} INFO - 1 downstream tasks scheduled from follow-on schedule check
[2025-03-31T15:44:46.371+0000] {local_task_job_runner.py:245} INFO - ::endgroup::
