[2025-03-31T16:05:11.552+0000] {local_task_job_runner.py:123} INFO - ::group::Pre task execution logs
[2025-03-31T16:05:11.565+0000] {taskinstance.py:2614} INFO - Dependencies all met for dep_context=non-requeueable deps ti=<TaskInstance: weather_data_monitoring.setup_data_dir scheduled__2025-03-31T16:04:00+00:00 [queued]>
[2025-03-31T16:05:11.573+0000] {taskinstance.py:2614} INFO - Dependencies all met for dep_context=requeueable deps ti=<TaskInstance: weather_data_monitoring.setup_data_dir scheduled__2025-03-31T16:04:00+00:00 [queued]>
[2025-03-31T16:05:11.574+0000] {taskinstance.py:2867} INFO - Starting attempt 1 of 2
[2025-03-31T16:05:11.593+0000] {taskinstance.py:2890} INFO - Executing <Task(BashOperator): setup_data_dir> on 2025-03-31 16:04:00+00:00
[2025-03-31T16:05:11.598+0000] {standard_task_runner.py:72} INFO - Started process 19924 to run task
[2025-03-31T16:05:11.602+0000] {standard_task_runner.py:104} INFO - Running: ['airflow', 'tasks', 'run', 'weather_data_monitoring', 'setup_data_dir', 'scheduled__2025-03-31T16:04:00+00:00', '--job-id', '388', '--raw', '--subdir', 'DAGS_FOLDER/weather_monitor_dag.py', '--cfg-path', '/tmp/tmp4fhjuawp']
[2025-03-31T16:05:11.604+0000] {standard_task_runner.py:105} INFO - Job 388: Subtask setup_data_dir
[2025-03-31T16:05:11.650+0000] {task_command.py:467} INFO - Running <TaskInstance: weather_data_monitoring.setup_data_dir scheduled__2025-03-31T16:04:00+00:00 [running]> on host ip-172-31-19-13.eu-west-1.compute.internal
[2025-03-31T16:05:11.730+0000] {taskinstance.py:3134} INFO - Exporting env vars: AIRFLOW_CTX_DAG_OWNER='airflow' AIRFLOW_CTX_DAG_ID='weather_data_monitoring' AIRFLOW_CTX_TASK_ID='setup_data_dir' AIRFLOW_CTX_EXECUTION_DATE='2025-03-31T16:04:00+00:00' AIRFLOW_CTX_TRY_NUMBER='1' AIRFLOW_CTX_DAG_RUN_ID='scheduled__2025-03-31T16:04:00+00:00'
[2025-03-31T16:05:11.731+0000] {taskinstance.py:732} INFO - ::endgroup::
[2025-03-31T16:05:11.750+0000] {subprocess.py:78} INFO - Tmp dir root location: /tmp
[2025-03-31T16:05:11.750+0000] {subprocess.py:88} INFO - Running command: ['/usr/bin/bash', '-c', 'mkdir -p /home/ubuntu/MLFlow/data_storage/raw']
[2025-03-31T16:05:11.763+0000] {subprocess.py:99} INFO - Output:
[2025-03-31T16:05:11.767+0000] {subprocess.py:110} INFO - Command exited with return code 0
[2025-03-31T16:05:11.790+0000] {taskinstance.py:341} INFO - ::group::Post task execution logs
[2025-03-31T16:05:11.791+0000] {taskinstance.py:353} INFO - Marking task as SUCCESS. dag_id=weather_data_monitoring, task_id=setup_data_dir, run_id=scheduled__2025-03-31T16:04:00+00:00, execution_date=20250331T160400, start_date=20250331T160511, end_date=20250331T160511
[2025-03-31T16:05:11.855+0000] {local_task_job_runner.py:266} INFO - Task exited with return code 0
[2025-03-31T16:05:11.880+0000] {taskinstance.py:3901} INFO - 1 downstream tasks scheduled from follow-on schedule check
[2025-03-31T16:05:11.887+0000] {local_task_job_runner.py:245} INFO - ::endgroup::
