[2025-03-26T12:54:13.942+0000] {processor.py:186} INFO - Started process (PID=100123) to work on /home/ubuntu/miniconda3/envs/mlflow/lib/python3.12/site-packages/airflow/example_dags/plugins/event_listener.py
[2025-03-26T12:54:13.943+0000] {processor.py:914} INFO - Processing file /home/ubuntu/miniconda3/envs/mlflow/lib/python3.12/site-packages/airflow/example_dags/plugins/event_listener.py for tasks to queue
[2025-03-26T12:54:13.945+0000] {logging_mixin.py:190} INFO - [2025-03-26T12:54:13.945+0000] {dagbag.py:588} INFO - Filling up the DagBag from /home/ubuntu/miniconda3/envs/mlflow/lib/python3.12/site-packages/airflow/example_dags/plugins/event_listener.py
[2025-03-26T12:54:13.947+0000] {processor.py:927} WARNING - No viable dags retrieved from /home/ubuntu/miniconda3/envs/mlflow/lib/python3.12/site-packages/airflow/example_dags/plugins/event_listener.py
[2025-03-26T12:54:13.960+0000] {processor.py:208} INFO - Processing /home/ubuntu/miniconda3/envs/mlflow/lib/python3.12/site-packages/airflow/example_dags/plugins/event_listener.py took 0.023 seconds
[2025-03-26T12:55:28.272+0000] {processor.py:186} INFO - Started process (PID=100296) to work on /home/ubuntu/miniconda3/envs/mlflow/lib/python3.12/site-packages/airflow/example_dags/plugins/event_listener.py
[2025-03-26T12:55:28.274+0000] {processor.py:914} INFO - Processing file /home/ubuntu/miniconda3/envs/mlflow/lib/python3.12/site-packages/airflow/example_dags/plugins/event_listener.py for tasks to queue
[2025-03-26T12:55:28.276+0000] {logging_mixin.py:190} INFO - [2025-03-26T12:55:28.276+0000] {dagbag.py:588} INFO - Filling up the DagBag from /home/ubuntu/miniconda3/envs/mlflow/lib/python3.12/site-packages/airflow/example_dags/plugins/event_listener.py
[2025-03-26T12:55:28.279+0000] {processor.py:927} WARNING - No viable dags retrieved from /home/ubuntu/miniconda3/envs/mlflow/lib/python3.12/site-packages/airflow/example_dags/plugins/event_listener.py
[2025-03-26T12:55:28.291+0000] {processor.py:208} INFO - Processing /home/ubuntu/miniconda3/envs/mlflow/lib/python3.12/site-packages/airflow/example_dags/plugins/event_listener.py took 0.025 seconds
[2025-03-26T12:56:32.047+0000] {processor.py:186} INFO - Started process (PID=100480) to work on /home/ubuntu/miniconda3/envs/mlflow/lib/python3.12/site-packages/airflow/example_dags/plugins/event_listener.py
[2025-03-26T12:56:32.049+0000] {processor.py:914} INFO - Processing file /home/ubuntu/miniconda3/envs/mlflow/lib/python3.12/site-packages/airflow/example_dags/plugins/event_listener.py for tasks to queue
[2025-03-26T12:56:32.053+0000] {logging_mixin.py:190} INFO - [2025-03-26T12:56:32.052+0000] {dagbag.py:588} INFO - Filling up the DagBag from /home/ubuntu/miniconda3/envs/mlflow/lib/python3.12/site-packages/airflow/example_dags/plugins/event_listener.py
[2025-03-26T12:56:32.055+0000] {processor.py:927} WARNING - No viable dags retrieved from /home/ubuntu/miniconda3/envs/mlflow/lib/python3.12/site-packages/airflow/example_dags/plugins/event_listener.py
[2025-03-26T12:56:32.071+0000] {processor.py:208} INFO - Processing /home/ubuntu/miniconda3/envs/mlflow/lib/python3.12/site-packages/airflow/example_dags/plugins/event_listener.py took 0.037 seconds
[2025-03-26T12:57:39.826+0000] {processor.py:186} INFO - Started process (PID=100723) to work on /home/ubuntu/miniconda3/envs/mlflow/lib/python3.12/site-packages/airflow/example_dags/plugins/event_listener.py
[2025-03-26T12:57:39.827+0000] {processor.py:914} INFO - Processing file /home/ubuntu/miniconda3/envs/mlflow/lib/python3.12/site-packages/airflow/example_dags/plugins/event_listener.py for tasks to queue
[2025-03-26T12:57:39.830+0000] {logging_mixin.py:190} INFO - [2025-03-26T12:57:39.829+0000] {dagbag.py:588} INFO - Filling up the DagBag from /home/ubuntu/miniconda3/envs/mlflow/lib/python3.12/site-packages/airflow/example_dags/plugins/event_listener.py
[2025-03-26T12:57:39.832+0000] {processor.py:927} WARNING - No viable dags retrieved from /home/ubuntu/miniconda3/envs/mlflow/lib/python3.12/site-packages/airflow/example_dags/plugins/event_listener.py
[2025-03-26T12:57:39.843+0000] {processor.py:208} INFO - Processing /home/ubuntu/miniconda3/envs/mlflow/lib/python3.12/site-packages/airflow/example_dags/plugins/event_listener.py took 0.023 seconds
[2025-03-26T12:58:43.304+0000] {processor.py:186} INFO - Started process (PID=100838) to work on /home/ubuntu/miniconda3/envs/mlflow/lib/python3.12/site-packages/airflow/example_dags/plugins/event_listener.py
[2025-03-26T12:58:43.305+0000] {processor.py:914} INFO - Processing file /home/ubuntu/miniconda3/envs/mlflow/lib/python3.12/site-packages/airflow/example_dags/plugins/event_listener.py for tasks to queue
[2025-03-26T12:58:43.307+0000] {logging_mixin.py:190} INFO - [2025-03-26T12:58:43.307+0000] {dagbag.py:588} INFO - Filling up the DagBag from /home/ubuntu/miniconda3/envs/mlflow/lib/python3.12/site-packages/airflow/example_dags/plugins/event_listener.py
[2025-03-26T12:58:43.310+0000] {processor.py:927} WARNING - No viable dags retrieved from /home/ubuntu/miniconda3/envs/mlflow/lib/python3.12/site-packages/airflow/example_dags/plugins/event_listener.py
[2025-03-26T12:58:43.322+0000] {processor.py:208} INFO - Processing /home/ubuntu/miniconda3/envs/mlflow/lib/python3.12/site-packages/airflow/example_dags/plugins/event_listener.py took 0.024 seconds
[2025-03-26T12:59:48.053+0000] {processor.py:186} INFO - Started process (PID=101040) to work on /home/ubuntu/miniconda3/envs/mlflow/lib/python3.12/site-packages/airflow/example_dags/plugins/event_listener.py
[2025-03-26T12:59:48.055+0000] {processor.py:914} INFO - Processing file /home/ubuntu/miniconda3/envs/mlflow/lib/python3.12/site-packages/airflow/example_dags/plugins/event_listener.py for tasks to queue
[2025-03-26T12:59:48.057+0000] {logging_mixin.py:190} INFO - [2025-03-26T12:59:48.057+0000] {dagbag.py:588} INFO - Filling up the DagBag from /home/ubuntu/miniconda3/envs/mlflow/lib/python3.12/site-packages/airflow/example_dags/plugins/event_listener.py
[2025-03-26T12:59:48.060+0000] {processor.py:927} WARNING - No viable dags retrieved from /home/ubuntu/miniconda3/envs/mlflow/lib/python3.12/site-packages/airflow/example_dags/plugins/event_listener.py
[2025-03-26T12:59:48.070+0000] {processor.py:208} INFO - Processing /home/ubuntu/miniconda3/envs/mlflow/lib/python3.12/site-packages/airflow/example_dags/plugins/event_listener.py took 0.024 seconds
[2025-03-26T13:00:49.427+0000] {processor.py:186} INFO - Started process (PID=101133) to work on /home/ubuntu/miniconda3/envs/mlflow/lib/python3.12/site-packages/airflow/example_dags/plugins/event_listener.py
[2025-03-26T13:00:49.429+0000] {processor.py:914} INFO - Processing file /home/ubuntu/miniconda3/envs/mlflow/lib/python3.12/site-packages/airflow/example_dags/plugins/event_listener.py for tasks to queue
[2025-03-26T13:00:49.432+0000] {logging_mixin.py:190} INFO - [2025-03-26T13:00:49.431+0000] {dagbag.py:588} INFO - Filling up the DagBag from /home/ubuntu/miniconda3/envs/mlflow/lib/python3.12/site-packages/airflow/example_dags/plugins/event_listener.py
[2025-03-26T13:00:49.435+0000] {processor.py:927} WARNING - No viable dags retrieved from /home/ubuntu/miniconda3/envs/mlflow/lib/python3.12/site-packages/airflow/example_dags/plugins/event_listener.py
[2025-03-26T13:00:49.447+0000] {processor.py:208} INFO - Processing /home/ubuntu/miniconda3/envs/mlflow/lib/python3.12/site-packages/airflow/example_dags/plugins/event_listener.py took 0.025 seconds
[2025-03-26T13:01:52.686+0000] {processor.py:186} INFO - Started process (PID=101196) to work on /home/ubuntu/miniconda3/envs/mlflow/lib/python3.12/site-packages/airflow/example_dags/plugins/event_listener.py
[2025-03-26T13:01:52.688+0000] {processor.py:914} INFO - Processing file /home/ubuntu/miniconda3/envs/mlflow/lib/python3.12/site-packages/airflow/example_dags/plugins/event_listener.py for tasks to queue
[2025-03-26T13:01:52.690+0000] {logging_mixin.py:190} INFO - [2025-03-26T13:01:52.690+0000] {dagbag.py:588} INFO - Filling up the DagBag from /home/ubuntu/miniconda3/envs/mlflow/lib/python3.12/site-packages/airflow/example_dags/plugins/event_listener.py
[2025-03-26T13:01:52.693+0000] {processor.py:927} WARNING - No viable dags retrieved from /home/ubuntu/miniconda3/envs/mlflow/lib/python3.12/site-packages/airflow/example_dags/plugins/event_listener.py
[2025-03-26T13:01:52.708+0000] {processor.py:208} INFO - Processing /home/ubuntu/miniconda3/envs/mlflow/lib/python3.12/site-packages/airflow/example_dags/plugins/event_listener.py took 0.030 seconds
