[2025-03-26T12:54:11.346+0000] {processor.py:186} INFO - Started process (PID=100117) to work on /home/ubuntu/miniconda3/envs/mlflow/lib/python3.12/site-packages/airflow/example_dags/plugins/listener_plugin.py
[2025-03-26T12:54:11.347+0000] {processor.py:914} INFO - Processing file /home/ubuntu/miniconda3/envs/mlflow/lib/python3.12/site-packages/airflow/example_dags/plugins/listener_plugin.py for tasks to queue
[2025-03-26T12:54:11.350+0000] {logging_mixin.py:190} INFO - [2025-03-26T12:54:11.349+0000] {dagbag.py:588} INFO - Filling up the DagBag from /home/ubuntu/miniconda3/envs/mlflow/lib/python3.12/site-packages/airflow/example_dags/plugins/listener_plugin.py
[2025-03-26T12:54:11.352+0000] {processor.py:927} WARNING - No viable dags retrieved from /home/ubuntu/miniconda3/envs/mlflow/lib/python3.12/site-packages/airflow/example_dags/plugins/listener_plugin.py
[2025-03-26T12:54:11.364+0000] {processor.py:208} INFO - Processing /home/ubuntu/miniconda3/envs/mlflow/lib/python3.12/site-packages/airflow/example_dags/plugins/listener_plugin.py took 0.029 seconds
[2025-03-26T12:55:25.987+0000] {processor.py:186} INFO - Started process (PID=100291) to work on /home/ubuntu/miniconda3/envs/mlflow/lib/python3.12/site-packages/airflow/example_dags/plugins/listener_plugin.py
[2025-03-26T12:55:25.990+0000] {processor.py:914} INFO - Processing file /home/ubuntu/miniconda3/envs/mlflow/lib/python3.12/site-packages/airflow/example_dags/plugins/listener_plugin.py for tasks to queue
[2025-03-26T12:55:25.995+0000] {logging_mixin.py:190} INFO - [2025-03-26T12:55:25.992+0000] {dagbag.py:588} INFO - Filling up the DagBag from /home/ubuntu/miniconda3/envs/mlflow/lib/python3.12/site-packages/airflow/example_dags/plugins/listener_plugin.py
[2025-03-26T12:55:25.998+0000] {processor.py:927} WARNING - No viable dags retrieved from /home/ubuntu/miniconda3/envs/mlflow/lib/python3.12/site-packages/airflow/example_dags/plugins/listener_plugin.py
[2025-03-26T12:55:26.010+0000] {processor.py:208} INFO - Processing /home/ubuntu/miniconda3/envs/mlflow/lib/python3.12/site-packages/airflow/example_dags/plugins/listener_plugin.py took 0.033 seconds
[2025-03-26T12:56:04.177+0000] {processor.py:186} INFO - Started process (PID=100415) to work on /home/ubuntu/miniconda3/envs/mlflow/lib/python3.12/site-packages/airflow/example_dags/plugins/listener_plugin.py
[2025-03-26T12:56:04.182+0000] {processor.py:914} INFO - Processing file /home/ubuntu/miniconda3/envs/mlflow/lib/python3.12/site-packages/airflow/example_dags/plugins/listener_plugin.py for tasks to queue
[2025-03-26T12:56:04.185+0000] {logging_mixin.py:190} INFO - [2025-03-26T12:56:04.184+0000] {dagbag.py:588} INFO - Filling up the DagBag from /home/ubuntu/miniconda3/envs/mlflow/lib/python3.12/site-packages/airflow/example_dags/plugins/listener_plugin.py
[2025-03-26T12:56:04.187+0000] {processor.py:927} WARNING - No viable dags retrieved from /home/ubuntu/miniconda3/envs/mlflow/lib/python3.12/site-packages/airflow/example_dags/plugins/listener_plugin.py
[2025-03-26T12:56:04.198+0000] {processor.py:208} INFO - Processing /home/ubuntu/miniconda3/envs/mlflow/lib/python3.12/site-packages/airflow/example_dags/plugins/listener_plugin.py took 0.027 seconds
[2025-03-26T12:57:08.750+0000] {processor.py:186} INFO - Started process (PID=100618) to work on /home/ubuntu/miniconda3/envs/mlflow/lib/python3.12/site-packages/airflow/example_dags/plugins/listener_plugin.py
[2025-03-26T12:57:08.752+0000] {processor.py:914} INFO - Processing file /home/ubuntu/miniconda3/envs/mlflow/lib/python3.12/site-packages/airflow/example_dags/plugins/listener_plugin.py for tasks to queue
[2025-03-26T12:57:08.754+0000] {logging_mixin.py:190} INFO - [2025-03-26T12:57:08.753+0000] {dagbag.py:588} INFO - Filling up the DagBag from /home/ubuntu/miniconda3/envs/mlflow/lib/python3.12/site-packages/airflow/example_dags/plugins/listener_plugin.py
[2025-03-26T12:57:08.756+0000] {processor.py:927} WARNING - No viable dags retrieved from /home/ubuntu/miniconda3/envs/mlflow/lib/python3.12/site-packages/airflow/example_dags/plugins/listener_plugin.py
[2025-03-26T12:57:08.768+0000] {processor.py:208} INFO - Processing /home/ubuntu/miniconda3/envs/mlflow/lib/python3.12/site-packages/airflow/example_dags/plugins/listener_plugin.py took 0.024 seconds
[2025-03-26T12:58:14.683+0000] {processor.py:186} INFO - Started process (PID=100785) to work on /home/ubuntu/miniconda3/envs/mlflow/lib/python3.12/site-packages/airflow/example_dags/plugins/listener_plugin.py
[2025-03-26T12:58:14.684+0000] {processor.py:914} INFO - Processing file /home/ubuntu/miniconda3/envs/mlflow/lib/python3.12/site-packages/airflow/example_dags/plugins/listener_plugin.py for tasks to queue
[2025-03-26T12:58:14.691+0000] {logging_mixin.py:190} INFO - [2025-03-26T12:58:14.690+0000] {dagbag.py:588} INFO - Filling up the DagBag from /home/ubuntu/miniconda3/envs/mlflow/lib/python3.12/site-packages/airflow/example_dags/plugins/listener_plugin.py
[2025-03-26T12:58:14.694+0000] {processor.py:927} WARNING - No viable dags retrieved from /home/ubuntu/miniconda3/envs/mlflow/lib/python3.12/site-packages/airflow/example_dags/plugins/listener_plugin.py
[2025-03-26T12:58:14.710+0000] {processor.py:208} INFO - Processing /home/ubuntu/miniconda3/envs/mlflow/lib/python3.12/site-packages/airflow/example_dags/plugins/listener_plugin.py took 0.037 seconds
[2025-03-26T12:59:16.862+0000] {processor.py:186} INFO - Started process (PID=100907) to work on /home/ubuntu/miniconda3/envs/mlflow/lib/python3.12/site-packages/airflow/example_dags/plugins/listener_plugin.py
[2025-03-26T12:59:16.863+0000] {processor.py:914} INFO - Processing file /home/ubuntu/miniconda3/envs/mlflow/lib/python3.12/site-packages/airflow/example_dags/plugins/listener_plugin.py for tasks to queue
[2025-03-26T12:59:16.867+0000] {logging_mixin.py:190} INFO - [2025-03-26T12:59:16.866+0000] {dagbag.py:588} INFO - Filling up the DagBag from /home/ubuntu/miniconda3/envs/mlflow/lib/python3.12/site-packages/airflow/example_dags/plugins/listener_plugin.py
[2025-03-26T12:59:16.871+0000] {processor.py:927} WARNING - No viable dags retrieved from /home/ubuntu/miniconda3/envs/mlflow/lib/python3.12/site-packages/airflow/example_dags/plugins/listener_plugin.py
[2025-03-26T12:59:16.889+0000] {processor.py:208} INFO - Processing /home/ubuntu/miniconda3/envs/mlflow/lib/python3.12/site-packages/airflow/example_dags/plugins/listener_plugin.py took 0.035 seconds
[2025-03-26T13:00:19.106+0000] {processor.py:186} INFO - Started process (PID=101095) to work on /home/ubuntu/miniconda3/envs/mlflow/lib/python3.12/site-packages/airflow/example_dags/plugins/listener_plugin.py
[2025-03-26T13:00:19.108+0000] {processor.py:914} INFO - Processing file /home/ubuntu/miniconda3/envs/mlflow/lib/python3.12/site-packages/airflow/example_dags/plugins/listener_plugin.py for tasks to queue
[2025-03-26T13:00:19.114+0000] {logging_mixin.py:190} INFO - [2025-03-26T13:00:19.114+0000] {dagbag.py:588} INFO - Filling up the DagBag from /home/ubuntu/miniconda3/envs/mlflow/lib/python3.12/site-packages/airflow/example_dags/plugins/listener_plugin.py
[2025-03-26T13:00:19.118+0000] {processor.py:927} WARNING - No viable dags retrieved from /home/ubuntu/miniconda3/envs/mlflow/lib/python3.12/site-packages/airflow/example_dags/plugins/listener_plugin.py
[2025-03-26T13:00:19.133+0000] {processor.py:208} INFO - Processing /home/ubuntu/miniconda3/envs/mlflow/lib/python3.12/site-packages/airflow/example_dags/plugins/listener_plugin.py took 0.036 seconds
[2025-03-26T13:01:23.508+0000] {processor.py:186} INFO - Started process (PID=101166) to work on /home/ubuntu/miniconda3/envs/mlflow/lib/python3.12/site-packages/airflow/example_dags/plugins/listener_plugin.py
[2025-03-26T13:01:23.509+0000] {processor.py:914} INFO - Processing file /home/ubuntu/miniconda3/envs/mlflow/lib/python3.12/site-packages/airflow/example_dags/plugins/listener_plugin.py for tasks to queue
[2025-03-26T13:01:23.511+0000] {logging_mixin.py:190} INFO - [2025-03-26T13:01:23.511+0000] {dagbag.py:588} INFO - Filling up the DagBag from /home/ubuntu/miniconda3/envs/mlflow/lib/python3.12/site-packages/airflow/example_dags/plugins/listener_plugin.py
[2025-03-26T13:01:23.513+0000] {processor.py:927} WARNING - No viable dags retrieved from /home/ubuntu/miniconda3/envs/mlflow/lib/python3.12/site-packages/airflow/example_dags/plugins/listener_plugin.py
[2025-03-26T13:01:23.525+0000] {processor.py:208} INFO - Processing /home/ubuntu/miniconda3/envs/mlflow/lib/python3.12/site-packages/airflow/example_dags/plugins/listener_plugin.py took 0.024 seconds
