[2025-03-26T12:54:15.090+0000] {processor.py:186} INFO - Started process (PID=100133) to work on /home/ubuntu/miniconda3/envs/mlflow/lib/python3.12/site-packages/airflow/example_dags/plugins/workday.py
[2025-03-26T12:54:15.091+0000] {processor.py:914} INFO - Processing file /home/ubuntu/miniconda3/envs/mlflow/lib/python3.12/site-packages/airflow/example_dags/plugins/workday.py for tasks to queue
[2025-03-26T12:54:15.093+0000] {logging_mixin.py:190} INFO - [2025-03-26T12:54:15.093+0000] {dagbag.py:588} INFO - Filling up the DagBag from /home/ubuntu/miniconda3/envs/mlflow/lib/python3.12/site-packages/airflow/example_dags/plugins/workday.py
[2025-03-26T12:54:15.096+0000] {processor.py:927} WARNING - No viable dags retrieved from /home/ubuntu/miniconda3/envs/mlflow/lib/python3.12/site-packages/airflow/example_dags/plugins/workday.py
[2025-03-26T12:54:15.110+0000] {processor.py:208} INFO - Processing /home/ubuntu/miniconda3/envs/mlflow/lib/python3.12/site-packages/airflow/example_dags/plugins/workday.py took 0.026 seconds
[2025-03-26T12:55:29.449+0000] {processor.py:186} INFO - Started process (PID=100297) to work on /home/ubuntu/miniconda3/envs/mlflow/lib/python3.12/site-packages/airflow/example_dags/plugins/workday.py
[2025-03-26T12:55:29.450+0000] {processor.py:914} INFO - Processing file /home/ubuntu/miniconda3/envs/mlflow/lib/python3.12/site-packages/airflow/example_dags/plugins/workday.py for tasks to queue
[2025-03-26T12:55:29.452+0000] {logging_mixin.py:190} INFO - [2025-03-26T12:55:29.452+0000] {dagbag.py:588} INFO - Filling up the DagBag from /home/ubuntu/miniconda3/envs/mlflow/lib/python3.12/site-packages/airflow/example_dags/plugins/workday.py
[2025-03-26T12:55:29.454+0000] {processor.py:927} WARNING - No viable dags retrieved from /home/ubuntu/miniconda3/envs/mlflow/lib/python3.12/site-packages/airflow/example_dags/plugins/workday.py
[2025-03-26T12:55:29.465+0000] {processor.py:208} INFO - Processing /home/ubuntu/miniconda3/envs/mlflow/lib/python3.12/site-packages/airflow/example_dags/plugins/workday.py took 0.022 seconds
[2025-03-26T12:56:33.192+0000] {processor.py:186} INFO - Started process (PID=100481) to work on /home/ubuntu/miniconda3/envs/mlflow/lib/python3.12/site-packages/airflow/example_dags/plugins/workday.py
[2025-03-26T12:56:33.193+0000] {processor.py:914} INFO - Processing file /home/ubuntu/miniconda3/envs/mlflow/lib/python3.12/site-packages/airflow/example_dags/plugins/workday.py for tasks to queue
[2025-03-26T12:56:33.196+0000] {logging_mixin.py:190} INFO - [2025-03-26T12:56:33.195+0000] {dagbag.py:588} INFO - Filling up the DagBag from /home/ubuntu/miniconda3/envs/mlflow/lib/python3.12/site-packages/airflow/example_dags/plugins/workday.py
[2025-03-26T12:56:33.198+0000] {processor.py:927} WARNING - No viable dags retrieved from /home/ubuntu/miniconda3/envs/mlflow/lib/python3.12/site-packages/airflow/example_dags/plugins/workday.py
[2025-03-26T12:56:33.208+0000] {processor.py:208} INFO - Processing /home/ubuntu/miniconda3/envs/mlflow/lib/python3.12/site-packages/airflow/example_dags/plugins/workday.py took 0.022 seconds
[2025-03-26T12:57:40.976+0000] {processor.py:186} INFO - Started process (PID=100724) to work on /home/ubuntu/miniconda3/envs/mlflow/lib/python3.12/site-packages/airflow/example_dags/plugins/workday.py
[2025-03-26T12:57:40.978+0000] {processor.py:914} INFO - Processing file /home/ubuntu/miniconda3/envs/mlflow/lib/python3.12/site-packages/airflow/example_dags/plugins/workday.py for tasks to queue
[2025-03-26T12:57:40.980+0000] {logging_mixin.py:190} INFO - [2025-03-26T12:57:40.979+0000] {dagbag.py:588} INFO - Filling up the DagBag from /home/ubuntu/miniconda3/envs/mlflow/lib/python3.12/site-packages/airflow/example_dags/plugins/workday.py
[2025-03-26T12:57:40.983+0000] {processor.py:927} WARNING - No viable dags retrieved from /home/ubuntu/miniconda3/envs/mlflow/lib/python3.12/site-packages/airflow/example_dags/plugins/workday.py
[2025-03-26T12:57:40.998+0000] {processor.py:208} INFO - Processing /home/ubuntu/miniconda3/envs/mlflow/lib/python3.12/site-packages/airflow/example_dags/plugins/workday.py took 0.028 seconds
[2025-03-26T12:58:44.462+0000] {processor.py:186} INFO - Started process (PID=100839) to work on /home/ubuntu/miniconda3/envs/mlflow/lib/python3.12/site-packages/airflow/example_dags/plugins/workday.py
[2025-03-26T12:58:44.465+0000] {processor.py:914} INFO - Processing file /home/ubuntu/miniconda3/envs/mlflow/lib/python3.12/site-packages/airflow/example_dags/plugins/workday.py for tasks to queue
[2025-03-26T12:58:44.470+0000] {logging_mixin.py:190} INFO - [2025-03-26T12:58:44.469+0000] {dagbag.py:588} INFO - Filling up the DagBag from /home/ubuntu/miniconda3/envs/mlflow/lib/python3.12/site-packages/airflow/example_dags/plugins/workday.py
[2025-03-26T12:58:44.473+0000] {processor.py:927} WARNING - No viable dags retrieved from /home/ubuntu/miniconda3/envs/mlflow/lib/python3.12/site-packages/airflow/example_dags/plugins/workday.py
[2025-03-26T12:58:44.485+0000] {processor.py:208} INFO - Processing /home/ubuntu/miniconda3/envs/mlflow/lib/python3.12/site-packages/airflow/example_dags/plugins/workday.py took 0.031 seconds
[2025-03-26T12:59:48.473+0000] {processor.py:186} INFO - Started process (PID=101041) to work on /home/ubuntu/miniconda3/envs/mlflow/lib/python3.12/site-packages/airflow/example_dags/plugins/workday.py
[2025-03-26T12:59:48.475+0000] {processor.py:914} INFO - Processing file /home/ubuntu/miniconda3/envs/mlflow/lib/python3.12/site-packages/airflow/example_dags/plugins/workday.py for tasks to queue
[2025-03-26T12:59:48.477+0000] {logging_mixin.py:190} INFO - [2025-03-26T12:59:48.477+0000] {dagbag.py:588} INFO - Filling up the DagBag from /home/ubuntu/miniconda3/envs/mlflow/lib/python3.12/site-packages/airflow/example_dags/plugins/workday.py
[2025-03-26T12:59:48.480+0000] {processor.py:927} WARNING - No viable dags retrieved from /home/ubuntu/miniconda3/envs/mlflow/lib/python3.12/site-packages/airflow/example_dags/plugins/workday.py
[2025-03-26T12:59:48.491+0000] {processor.py:208} INFO - Processing /home/ubuntu/miniconda3/envs/mlflow/lib/python3.12/site-packages/airflow/example_dags/plugins/workday.py took 0.023 seconds
[2025-03-26T13:00:50.106+0000] {processor.py:186} INFO - Started process (PID=101134) to work on /home/ubuntu/miniconda3/envs/mlflow/lib/python3.12/site-packages/airflow/example_dags/plugins/workday.py
[2025-03-26T13:00:50.108+0000] {processor.py:914} INFO - Processing file /home/ubuntu/miniconda3/envs/mlflow/lib/python3.12/site-packages/airflow/example_dags/plugins/workday.py for tasks to queue
[2025-03-26T13:00:50.111+0000] {logging_mixin.py:190} INFO - [2025-03-26T13:00:50.109+0000] {dagbag.py:588} INFO - Filling up the DagBag from /home/ubuntu/miniconda3/envs/mlflow/lib/python3.12/site-packages/airflow/example_dags/plugins/workday.py
[2025-03-26T13:00:50.116+0000] {processor.py:927} WARNING - No viable dags retrieved from /home/ubuntu/miniconda3/envs/mlflow/lib/python3.12/site-packages/airflow/example_dags/plugins/workday.py
[2025-03-26T13:00:50.129+0000] {processor.py:208} INFO - Processing /home/ubuntu/miniconda3/envs/mlflow/lib/python3.12/site-packages/airflow/example_dags/plugins/workday.py took 0.031 seconds
[2025-03-26T13:01:53.252+0000] {processor.py:186} INFO - Started process (PID=101197) to work on /home/ubuntu/miniconda3/envs/mlflow/lib/python3.12/site-packages/airflow/example_dags/plugins/workday.py
[2025-03-26T13:01:53.254+0000] {processor.py:914} INFO - Processing file /home/ubuntu/miniconda3/envs/mlflow/lib/python3.12/site-packages/airflow/example_dags/plugins/workday.py for tasks to queue
[2025-03-26T13:01:53.257+0000] {logging_mixin.py:190} INFO - [2025-03-26T13:01:53.257+0000] {dagbag.py:588} INFO - Filling up the DagBag from /home/ubuntu/miniconda3/envs/mlflow/lib/python3.12/site-packages/airflow/example_dags/plugins/workday.py
[2025-03-26T13:01:53.260+0000] {processor.py:927} WARNING - No viable dags retrieved from /home/ubuntu/miniconda3/envs/mlflow/lib/python3.12/site-packages/airflow/example_dags/plugins/workday.py
[2025-03-26T13:01:53.272+0000] {processor.py:208} INFO - Processing /home/ubuntu/miniconda3/envs/mlflow/lib/python3.12/site-packages/airflow/example_dags/plugins/workday.py took 0.029 seconds
