[2025-04-03T09:24:01.363+0000] {local_task_job_runner.py:123} INFO - ::group::Pre task execution logs
[2025-04-03T09:24:01.396+0000] {taskinstance.py:2614} INFO - Dependencies all met for dep_context=non-requeueable deps ti=<TaskInstance: weather_data_monitoring.monitor_data scheduled__2025-04-03T09:23:00+00:00 [queued]>
[2025-04-03T09:24:01.411+0000] {taskinstance.py:2614} INFO - Dependencies all met for dep_context=requeueable deps ti=<TaskInstance: weather_data_monitoring.monitor_data scheduled__2025-04-03T09:23:00+00:00 [queued]>
[2025-04-03T09:24:01.412+0000] {taskinstance.py:2867} INFO - Starting attempt 1 of 2
[2025-04-03T09:24:01.433+0000] {taskinstance.py:2890} INFO - Executing <Task(PythonOperator): monitor_data> on 2025-04-03 09:23:00+00:00
[2025-04-03T09:24:01.444+0000] {logging_mixin.py:190} WARNING - /home/ubuntu/miniconda/envs/mlflow/lib/python3.12/site-packages/***/task/task_runner/standard_task_runner.py:70 DeprecationWarning: This process (pid=33139) is multi-threaded, use of fork() may lead to deadlocks in the child.
[2025-04-03T09:24:01.454+0000] {standard_task_runner.py:72} INFO - Started process 33150 to run task
[2025-04-03T09:24:01.450+0000] {standard_task_runner.py:104} INFO - Running: ['***', 'tasks', 'run', 'weather_data_monitoring', 'monitor_data', 'scheduled__2025-04-03T09:23:00+00:00', '--job-id', '314', '--raw', '--subdir', 'DAGS_FOLDER/weather_monitor_dag.py', '--cfg-path', '/tmp/tmpqfb5qyzh']
[2025-04-03T09:24:01.456+0000] {standard_task_runner.py:105} INFO - Job 314: Subtask monitor_data
[2025-04-03T09:24:01.573+0000] {task_command.py:467} INFO - Running <TaskInstance: weather_data_monitoring.monitor_data scheduled__2025-04-03T09:23:00+00:00 [running]> on host ip-172-31-19-13.eu-west-1.compute.internal
[2025-04-03T09:24:01.732+0000] {taskinstance.py:3134} INFO - Exporting env vars: AIRFLOW_CTX_DAG_OWNER='***' AIRFLOW_CTX_DAG_ID='weather_data_monitoring' AIRFLOW_CTX_TASK_ID='monitor_data' AIRFLOW_CTX_EXECUTION_DATE='2025-04-03T09:23:00+00:00' AIRFLOW_CTX_TRY_NUMBER='1' AIRFLOW_CTX_DAG_RUN_ID='scheduled__2025-04-03T09:23:00+00:00'
[2025-04-03T09:24:01.736+0000] {taskinstance.py:732} INFO - ::endgroup::
[2025-04-03T09:24:01.759+0000] {logging_mixin.py:190} INFO - Starting monitoring...
[2025-04-03T09:24:02.760+0000] {logging_mixin.py:190} INFO - Monitoring... 1/60 seconds
[2025-04-03T09:24:12.762+0000] {logging_mixin.py:190} INFO - Monitoring... 11/60 seconds
[2025-04-03T09:24:22.764+0000] {logging_mixin.py:190} INFO - Monitoring... 21/60 seconds
[2025-04-03T09:24:32.768+0000] {logging_mixin.py:190} INFO - Monitoring... 31/60 seconds
[2025-04-03T09:24:42.770+0000] {logging_mixin.py:190} INFO - Monitoring... 41/60 seconds
[2025-04-03T09:24:52.772+0000] {logging_mixin.py:190} INFO - Monitoring... 51/60 seconds
[2025-04-03T09:25:01.777+0000] {logging_mixin.py:190} INFO - Monitoring complete
[2025-04-03T09:25:01.777+0000] {python.py:240} INFO - Done. Returned value was: Monitoring successful
[2025-04-03T09:25:01.854+0000] {taskinstance.py:341} INFO - ::group::Post task execution logs
[2025-04-03T09:25:01.854+0000] {taskinstance.py:353} INFO - Marking task as SUCCESS. dag_id=weather_data_monitoring, task_id=monitor_data, run_id=scheduled__2025-04-03T09:23:00+00:00, execution_date=20250403T092300, start_date=20250403T092401, end_date=20250403T092501
[2025-04-03T09:25:01.983+0000] {local_task_job_runner.py:266} INFO - Task exited with return code 0
[2025-04-03T09:25:02.020+0000] {taskinstance.py:3901} INFO - 0 downstream tasks scheduled from follow-on schedule check
[2025-04-03T09:25:02.022+0000] {local_task_job_runner.py:245} INFO - ::endgroup::
