[2025-03-31T15:29:31.461+0000] {local_task_job_runner.py:123} INFO - ::group::Pre task execution logs
[2025-03-31T15:29:31.484+0000] {taskinstance.py:2614} INFO - Dependencies all met for dep_context=non-requeueable deps ti=<TaskInstance: weather_data_collection.version_data scheduled__2025-03-31T15:23:00+00:00 [queued]>
[2025-03-31T15:29:31.496+0000] {taskinstance.py:2614} INFO - Dependencies all met for dep_context=requeueable deps ti=<TaskInstance: weather_data_collection.version_data scheduled__2025-03-31T15:23:00+00:00 [queued]>
[2025-03-31T15:29:31.497+0000] {taskinstance.py:2867} INFO - Starting attempt 1 of 2
[2025-03-31T15:29:31.525+0000] {taskinstance.py:2890} INFO - Executing <Task(BashOperator): version_data> on 2025-03-31 15:23:00+00:00
[2025-03-31T15:29:31.531+0000] {standard_task_runner.py:72} INFO - Started process 13053 to run task
[2025-03-31T15:29:31.538+0000] {standard_task_runner.py:104} INFO - Running: ['airflow', 'tasks', 'run', 'weather_data_collection', 'version_data', 'scheduled__2025-03-31T15:23:00+00:00', '--job-id', '374', '--raw', '--subdir', 'DAGS_FOLDER/weather_dag.py', '--cfg-path', '/tmp/tmpom4orzz2']
[2025-03-31T15:29:31.541+0000] {standard_task_runner.py:105} INFO - Job 374: Subtask version_data
[2025-03-31T15:29:31.603+0000] {task_command.py:467} INFO - Running <TaskInstance: weather_data_collection.version_data scheduled__2025-03-31T15:23:00+00:00 [running]> on host ip-172-31-19-13.eu-west-1.compute.internal
[2025-03-31T15:29:31.722+0000] {taskinstance.py:3134} INFO - Exporting env vars: AIRFLOW_CTX_DAG_OWNER='airflow' AIRFLOW_CTX_DAG_ID='weather_data_collection' AIRFLOW_CTX_TASK_ID='version_data' AIRFLOW_CTX_EXECUTION_DATE='2025-03-31T15:23:00+00:00' AIRFLOW_CTX_TRY_NUMBER='1' AIRFLOW_CTX_DAG_RUN_ID='scheduled__2025-03-31T15:23:00+00:00'
[2025-03-31T15:29:31.723+0000] {taskinstance.py:732} INFO - ::endgroup::
[2025-03-31T15:29:31.739+0000] {subprocess.py:78} INFO - Tmp dir root location: /tmp
[2025-03-31T15:29:31.740+0000] {subprocess.py:88} INFO - Running command: ['/usr/bin/bash', '-c', '\n        cd /home/ubuntu/MLFlow &&         export DVC_USERNAME={{ var.value.dvc_username }} &&         export DVC_PASSWORD={{ var.value.dvc_password }} &&         dvc remote modify origin --local auth basic &&         dvc remote modify origin --local user "$DVC_USERNAME" &&         dvc remote modify origin --local password "$DVC_PASSWORD" &&         echo "Adding and pushing data..." &&         dvc add data_storage/raw/weather.csv &&         dvc push &&         echo "Committing to git..." &&         git add data_storage/raw/weather.csv.dvc &&         git commit -m "Update weather data for run scheduled__2025-03-31T15:23:00+00:00" --allow-empty &&         git push\n        ']
[2025-03-31T15:29:31.753+0000] {subprocess.py:99} INFO - Output:
[2025-03-31T15:29:31.755+0000] {subprocess.py:106} INFO - /usr/bin/bash: line 1: export: `var.value.dvc_username': not a valid identifier
[2025-03-31T15:29:31.755+0000] {subprocess.py:106} INFO - /usr/bin/bash: line 1: export: `}}': not a valid identifier
[2025-03-31T15:29:31.756+0000] {subprocess.py:110} INFO - Command exited with return code 1
[2025-03-31T15:29:31.765+0000] {taskinstance.py:3313} ERROR - Task failed with exception
Traceback (most recent call last):
  File "/home/ubuntu/miniconda/envs/mlflow/lib/python3.12/site-packages/airflow/models/taskinstance.py", line 768, in _execute_task
    result = _execute_callable(context=context, **execute_callable_kwargs)
             ^^^^^^^^^^^^^^^^^^^^^^^^^^^^^^^^^^^^^^^^^^^^^^^^^^^^^^^^^^^^^
  File "/home/ubuntu/miniconda/envs/mlflow/lib/python3.12/site-packages/airflow/models/taskinstance.py", line 734, in _execute_callable
    return ExecutionCallableRunner(
           ^^^^^^^^^^^^^^^^^^^^^^^^
  File "/home/ubuntu/miniconda/envs/mlflow/lib/python3.12/site-packages/airflow/utils/operator_helpers.py", line 252, in run
    return self.func(*args, **kwargs)
           ^^^^^^^^^^^^^^^^^^^^^^^^^^
  File "/home/ubuntu/miniconda/envs/mlflow/lib/python3.12/site-packages/airflow/models/baseoperator.py", line 424, in wrapper
    return func(self, *args, **kwargs)
           ^^^^^^^^^^^^^^^^^^^^^^^^^^^
  File "/home/ubuntu/miniconda/envs/mlflow/lib/python3.12/site-packages/airflow/operators/bash.py", line 276, in execute
    raise AirflowException(
airflow.exceptions.AirflowException: Bash command failed. The command returned a non-zero exit code 1.
[2025-03-31T15:29:31.773+0000] {taskinstance.py:1226} INFO - Marking task as UP_FOR_RETRY. dag_id=weather_data_collection, task_id=version_data, run_id=scheduled__2025-03-31T15:23:00+00:00, execution_date=20250331T152300, start_date=20250331T152931, end_date=20250331T152931
[2025-03-31T15:29:31.817+0000] {taskinstance.py:341} INFO - ::group::Post task execution logs
[2025-03-31T15:29:31.818+0000] {standard_task_runner.py:124} ERROR - Failed to execute job 374 for task version_data (Bash command failed. The command returned a non-zero exit code 1.; 13053)
Traceback (most recent call last):
  File "/home/ubuntu/miniconda/envs/mlflow/lib/python3.12/site-packages/airflow/task/task_runner/standard_task_runner.py", line 117, in _start_by_fork
    ret = args.func(args, dag=self.dag)
          ^^^^^^^^^^^^^^^^^^^^^^^^^^^^^
  File "/home/ubuntu/miniconda/envs/mlflow/lib/python3.12/site-packages/airflow/cli/cli_config.py", line 49, in command
    return func(*args, **kwargs)
           ^^^^^^^^^^^^^^^^^^^^^
  File "/home/ubuntu/miniconda/envs/mlflow/lib/python3.12/site-packages/airflow/utils/cli.py", line 116, in wrapper
    return f(*args, **kwargs)
           ^^^^^^^^^^^^^^^^^^
  File "/home/ubuntu/miniconda/envs/mlflow/lib/python3.12/site-packages/airflow/cli/commands/task_command.py", line 483, in task_run
    task_return_code = _run_task_by_selected_method(args, _dag, ti)
                       ^^^^^^^^^^^^^^^^^^^^^^^^^^^^^^^^^^^^^^^^^^^^
  File "/home/ubuntu/miniconda/envs/mlflow/lib/python3.12/site-packages/airflow/cli/commands/task_command.py", line 256, in _run_task_by_selected_method
    return _run_raw_task(args, ti)
           ^^^^^^^^^^^^^^^^^^^^^^^
  File "/home/ubuntu/miniconda/envs/mlflow/lib/python3.12/site-packages/airflow/cli/commands/task_command.py", line 341, in _run_raw_task
    return ti._run_raw_task(
           ^^^^^^^^^^^^^^^^^
  File "/home/ubuntu/miniconda/envs/mlflow/lib/python3.12/site-packages/airflow/utils/session.py", line 97, in wrapper
    return func(*args, session=session, **kwargs)
           ^^^^^^^^^^^^^^^^^^^^^^^^^^^^^^^^^^^^^^
  File "/home/ubuntu/miniconda/envs/mlflow/lib/python3.12/site-packages/airflow/models/taskinstance.py", line 3006, in _run_raw_task
    return _run_raw_task(
           ^^^^^^^^^^^^^^
  File "/home/ubuntu/miniconda/envs/mlflow/lib/python3.12/site-packages/airflow/models/taskinstance.py", line 274, in _run_raw_task
    TaskInstance._execute_task_with_callbacks(
  File "/home/ubuntu/miniconda/envs/mlflow/lib/python3.12/site-packages/airflow/models/taskinstance.py", line 3161, in _execute_task_with_callbacks
    result = self._execute_task(context, task_orig)
             ^^^^^^^^^^^^^^^^^^^^^^^^^^^^^^^^^^^^^^
  File "/home/ubuntu/miniconda/envs/mlflow/lib/python3.12/site-packages/airflow/models/taskinstance.py", line 3185, in _execute_task
    return _execute_task(self, context, task_orig)
           ^^^^^^^^^^^^^^^^^^^^^^^^^^^^^^^^^^^^^^^
  File "/home/ubuntu/miniconda/envs/mlflow/lib/python3.12/site-packages/airflow/models/taskinstance.py", line 768, in _execute_task
    result = _execute_callable(context=context, **execute_callable_kwargs)
             ^^^^^^^^^^^^^^^^^^^^^^^^^^^^^^^^^^^^^^^^^^^^^^^^^^^^^^^^^^^^^
  File "/home/ubuntu/miniconda/envs/mlflow/lib/python3.12/site-packages/airflow/models/taskinstance.py", line 734, in _execute_callable
    return ExecutionCallableRunner(
           ^^^^^^^^^^^^^^^^^^^^^^^^
  File "/home/ubuntu/miniconda/envs/mlflow/lib/python3.12/site-packages/airflow/utils/operator_helpers.py", line 252, in run
    return self.func(*args, **kwargs)
           ^^^^^^^^^^^^^^^^^^^^^^^^^^
  File "/home/ubuntu/miniconda/envs/mlflow/lib/python3.12/site-packages/airflow/models/baseoperator.py", line 424, in wrapper
    return func(self, *args, **kwargs)
           ^^^^^^^^^^^^^^^^^^^^^^^^^^^
  File "/home/ubuntu/miniconda/envs/mlflow/lib/python3.12/site-packages/airflow/operators/bash.py", line 276, in execute
    raise AirflowException(
airflow.exceptions.AirflowException: Bash command failed. The command returned a non-zero exit code 1.
[2025-03-31T15:29:31.839+0000] {local_task_job_runner.py:266} INFO - Task exited with return code 1
[2025-03-31T15:29:31.861+0000] {taskinstance.py:3901} INFO - 0 downstream tasks scheduled from follow-on schedule check
[2025-03-31T15:29:31.862+0000] {local_task_job_runner.py:245} INFO - ::endgroup::
