[2025-04-02T17:03:42.477+0000] {local_task_job_runner.py:123} INFO - ::group::Pre task execution logs
[2025-04-02T17:03:42.488+0000] {taskinstance.py:2614} INFO - Dependencies all met for dep_context=non-requeueable deps ti=<TaskInstance: weather_data_collection.collect_weather_data scheduled__2025-04-02T17:01:00+00:00 [queued]>
[2025-04-02T17:03:42.496+0000] {taskinstance.py:2614} INFO - Dependencies all met for dep_context=requeueable deps ti=<TaskInstance: weather_data_collection.collect_weather_data scheduled__2025-04-02T17:01:00+00:00 [queued]>
[2025-04-02T17:03:42.497+0000] {taskinstance.py:2867} INFO - Starting attempt 1 of 2
[2025-04-02T17:03:42.517+0000] {taskinstance.py:2890} INFO - Executing <Task(DockerOperator): collect_weather_data> on 2025-04-02 17:01:00+00:00
[2025-04-02T17:03:42.522+0000] {standard_task_runner.py:72} INFO - Started process 11584 to run task
[2025-04-02T17:03:42.526+0000] {standard_task_runner.py:104} INFO - Running: ['airflow', 'tasks', 'run', 'weather_data_collection', 'collect_weather_data', 'scheduled__2025-04-02T17:01:00+00:00', '--job-id', '583', '--raw', '--subdir', 'DAGS_FOLDER/weather_dag.py', '--cfg-path', '/tmp/tmpxmkfmprf']
[2025-04-02T17:03:42.529+0000] {standard_task_runner.py:105} INFO - Job 583: Subtask collect_weather_data
[2025-04-02T17:03:42.578+0000] {task_command.py:467} INFO - Running <TaskInstance: weather_data_collection.collect_weather_data scheduled__2025-04-02T17:01:00+00:00 [running]> on host ip-172-31-19-13.eu-west-1.compute.internal
[2025-04-02T17:03:42.660+0000] {taskinstance.py:3134} INFO - Exporting env vars: AIRFLOW_CTX_DAG_OWNER='airflow' AIRFLOW_CTX_DAG_ID='weather_data_collection' AIRFLOW_CTX_TASK_ID='collect_weather_data' AIRFLOW_CTX_EXECUTION_DATE='2025-04-02T17:01:00+00:00' AIRFLOW_CTX_TRY_NUMBER='1' AIRFLOW_CTX_DAG_RUN_ID='scheduled__2025-04-02T17:01:00+00:00'
[2025-04-02T17:03:42.661+0000] {taskinstance.py:732} INFO - ::endgroup::
[2025-04-02T17:03:42.699+0000] {docker.py:353} INFO - Starting docker container from image weather-collector:light
[2025-04-02T17:03:44.338+0000] {docker.py:73} INFO -   0%|          | 0/5 [00:00<?, ?it/s]
[2025-04-02T17:03:44.541+0000] {docker.py:73} INFO -  60%|██████    | 3/5 [00:00<00:00, 15.05it/s]
[2025-04-02T17:03:44.726+0000] {docker.py:73} INFO - 100%|██████████| 5/5 [00:00<00:00, 12.36it/s]
[2025-04-02T17:03:44.824+0000] {docker.py:73} INFO - 100%|██████████| 5/5 [00:00<00:00, 10.20it/s]
[2025-04-02T17:03:44.826+0000] {docker.py:73} INFO -   0%|          | 0/5 [00:00<?, ?it/s]
[2025-04-02T17:03:44.828+0000] {docker.py:73} INFO - 100%|██████████| 5/5 [00:00<00:00, 3782.06it/s]
[2025-04-02T17:03:44.855+0000] {docker.py:73} INFO -        city country  ...  weather_description             datetime
[2025-04-02T17:03:44.855+0000] {docker.py:73} INFO - 0     Paris      FR  ...            clear sky  2025-04-02T17:03:44
[2025-04-02T17:03:44.855+0000] {docker.py:73} INFO - 1    London      GB  ...        broken clouds  2025-04-02T17:03:44
[2025-04-02T17:03:44.855+0000] {docker.py:73} INFO - 2  New York      US  ...            clear sky  2025-04-02T17:03:44
[2025-04-02T17:03:44.856+0000] {docker.py:73} INFO - 3    Berlin      DE  ...            clear sky  2025-04-02T17:03:44
[2025-04-02T17:03:44.856+0000] {docker.py:73} INFO - 4     Tokyo      JP  ...        broken clouds  2025-04-02T17:03:44
[2025-04-02T17:03:44.856+0000] {docker.py:73} INFO - 
[2025-04-02T17:03:44.857+0000] {docker.py:73} INFO - [5 rows x 7 columns]
[2025-04-02T17:03:45.377+0000] {taskinstance.py:341} INFO - ::group::Post task execution logs
[2025-04-02T17:03:45.378+0000] {taskinstance.py:353} INFO - Marking task as SUCCESS. dag_id=weather_data_collection, task_id=collect_weather_data, run_id=scheduled__2025-04-02T17:01:00+00:00, execution_date=20250402T170100, start_date=20250402T170342, end_date=20250402T170345
[2025-04-02T17:03:45.447+0000] {local_task_job_runner.py:266} INFO - Task exited with return code 0
[2025-04-02T17:03:45.471+0000] {taskinstance.py:3901} INFO - 1 downstream tasks scheduled from follow-on schedule check
[2025-04-02T17:03:45.479+0000] {local_task_job_runner.py:245} INFO - ::endgroup::
