[2025-03-26T11:50:11.274+0000] {local_task_job_runner.py:123} INFO - ::group::Pre task execution logs
[2025-03-26T11:50:11.293+0000] {taskinstance.py:2614} INFO - Dependencies all met for dep_context=non-requeueable deps ti=<TaskInstance: weather_data_collection.collect_weather_data scheduled__2025-03-26T11:49:00+00:00 [queued]>
[2025-03-26T11:50:11.303+0000] {taskinstance.py:2614} INFO - Dependencies all met for dep_context=requeueable deps ti=<TaskInstance: weather_data_collection.collect_weather_data scheduled__2025-03-26T11:49:00+00:00 [queued]>
[2025-03-26T11:50:11.303+0000] {taskinstance.py:2867} INFO - Starting attempt 1 of 2
[2025-03-26T11:50:11.323+0000] {taskinstance.py:2890} INFO - Executing <Task(DockerOperator): collect_weather_data> on 2025-03-26 11:49:00+00:00
[2025-03-26T11:50:11.327+0000] {standard_task_runner.py:72} INFO - Started process 21291 to run task
[2025-03-26T11:50:11.330+0000] {standard_task_runner.py:104} INFO - Running: ['airflow', 'tasks', 'run', 'weather_data_collection', 'collect_weather_data', 'scheduled__2025-03-26T11:49:00+00:00', '--job-id', '958', '--raw', '--subdir', '/home/ubuntu/MLFlow/dags/weather_dag.py', '--cfg-path', '/tmp/tmpwjhmb00w']
[2025-03-26T11:50:11.332+0000] {standard_task_runner.py:105} INFO - Job 958: Subtask collect_weather_data
[2025-03-26T11:50:11.370+0000] {task_command.py:467} INFO - Running <TaskInstance: weather_data_collection.collect_weather_data scheduled__2025-03-26T11:49:00+00:00 [running]> on host ip-172-31-43-252.eu-west-1.compute.internal
[2025-03-26T11:50:11.453+0000] {taskinstance.py:3134} INFO - Exporting env vars: AIRFLOW_CTX_DAG_OWNER='airflow' AIRFLOW_CTX_DAG_ID='weather_data_collection' AIRFLOW_CTX_TASK_ID='collect_weather_data' AIRFLOW_CTX_EXECUTION_DATE='2025-03-26T11:49:00+00:00' AIRFLOW_CTX_TRY_NUMBER='1' AIRFLOW_CTX_DAG_RUN_ID='scheduled__2025-03-26T11:49:00+00:00'
[2025-03-26T11:50:11.454+0000] {taskinstance.py:732} INFO - ::endgroup::
[2025-03-26T11:50:11.500+0000] {docker.py:353} INFO - Starting docker container from image weather-collector:light
[2025-03-26T11:50:12.881+0000] {docker.py:73} INFO -   0%|          | 0/5 [00:00<?, ?it/s]
[2025-03-26T11:50:12.985+0000] {docker.py:73} INFO -  40%|████      | 2/5 [00:00<00:00, 19.12it/s]
[2025-03-26T11:50:13.193+0000] {docker.py:73} INFO -  80%|████████  | 4/5 [00:00<00:00, 12.11it/s]
[2025-03-26T11:50:13.407+0000] {docker.py:73} INFO - 100%|██████████| 5/5 [00:00<00:00,  9.50it/s]
[2025-03-26T11:50:13.409+0000] {docker.py:73} INFO -   0%|          | 0/5 [00:00<?, ?it/s]
[2025-03-26T11:50:13.411+0000] {docker.py:73} INFO - 100%|██████████| 5/5 [00:00<00:00, 3800.57it/s]
[2025-03-26T11:50:13.450+0000] {docker.py:73} INFO -        city country  ...  weather_description             datetime
[2025-03-26T11:50:13.450+0000] {docker.py:73} INFO - 0     Paris      FR  ...                 mist  2025-03-26T11:50:13
[2025-03-26T11:50:13.451+0000] {docker.py:73} INFO - 1    London      GB  ...     scattered clouds  2025-03-26T11:50:13
[2025-03-26T11:50:13.451+0000] {docker.py:73} INFO - 2  New York      US  ...            clear sky  2025-03-26T11:50:13
[2025-03-26T11:50:13.451+0000] {docker.py:73} INFO - 3    Berlin      DE  ...      overcast clouds  2025-03-26T11:50:13
[2025-03-26T11:50:13.451+0000] {docker.py:73} INFO - 4     Tokyo      JP  ...            clear sky  2025-03-26T11:50:13
[2025-03-26T11:50:13.451+0000] {docker.py:73} INFO - 
[2025-03-26T11:50:13.452+0000] {docker.py:73} INFO - [5 rows x 7 columns]
[2025-03-26T11:50:13.882+0000] {taskinstance.py:341} INFO - ::group::Post task execution logs
[2025-03-26T11:50:13.882+0000] {taskinstance.py:353} INFO - Marking task as SUCCESS. dag_id=weather_data_collection, task_id=collect_weather_data, run_id=scheduled__2025-03-26T11:49:00+00:00, execution_date=20250326T114900, start_date=20250326T115011, end_date=20250326T115013
[2025-03-26T11:50:13.955+0000] {local_task_job_runner.py:266} INFO - Task exited with return code 0
[2025-03-26T11:50:13.978+0000] {taskinstance.py:3901} INFO - 1 downstream tasks scheduled from follow-on schedule check
[2025-03-26T11:50:13.986+0000] {local_task_job_runner.py:245} INFO - ::endgroup::
