[2025-03-25T19:26:12.540+0000] {local_task_job_runner.py:123} INFO - ::group::Pre task execution logs
[2025-03-25T19:26:12.558+0000] {taskinstance.py:2614} INFO - Dependencies all met for dep_context=non-requeueable deps ti=<TaskInstance: weather_data_collection.version_data scheduled__2025-03-25T19:25:00+00:00 [queued]>
[2025-03-25T19:26:12.568+0000] {taskinstance.py:2614} INFO - Dependencies all met for dep_context=requeueable deps ti=<TaskInstance: weather_data_collection.version_data scheduled__2025-03-25T19:25:00+00:00 [queued]>
[2025-03-25T19:26:12.569+0000] {taskinstance.py:2867} INFO - Starting attempt 1 of 2
[2025-03-25T19:26:12.588+0000] {taskinstance.py:2890} INFO - Executing <Task(BashOperator): version_data> on 2025-03-25 19:25:00+00:00
[2025-03-25T19:26:12.593+0000] {standard_task_runner.py:72} INFO - Started process 51973 to run task
[2025-03-25T19:26:12.596+0000] {standard_task_runner.py:104} INFO - Running: ['airflow', 'tasks', 'run', 'weather_data_collection', 'version_data', 'scheduled__2025-03-25T19:25:00+00:00', '--job-id', '630', '--raw', '--subdir', '/home/ubuntu/MLFlow/dags/weather_dag.py', '--cfg-path', '/tmp/tmp3tw8zcsz']
[2025-03-25T19:26:12.597+0000] {standard_task_runner.py:105} INFO - Job 630: Subtask version_data
[2025-03-25T19:26:12.649+0000] {task_command.py:467} INFO - Running <TaskInstance: weather_data_collection.version_data scheduled__2025-03-25T19:25:00+00:00 [running]> on host ip-172-31-43-252.eu-west-1.compute.internal
[2025-03-25T19:26:12.732+0000] {taskinstance.py:3134} INFO - Exporting env vars: AIRFLOW_CTX_DAG_OWNER='airflow' AIRFLOW_CTX_DAG_ID='weather_data_collection' AIRFLOW_CTX_TASK_ID='version_data' AIRFLOW_CTX_EXECUTION_DATE='2025-03-25T19:25:00+00:00' AIRFLOW_CTX_TRY_NUMBER='1' AIRFLOW_CTX_DAG_RUN_ID='scheduled__2025-03-25T19:25:00+00:00'
[2025-03-25T19:26:12.733+0000] {taskinstance.py:732} INFO - ::endgroup::
[2025-03-25T19:26:12.752+0000] {subprocess.py:78} INFO - Tmp dir root location: /tmp
[2025-03-25T19:26:12.753+0000] {subprocess.py:88} INFO - Running command: ['/usr/bin/bash', '-c', 'cd /home/ubuntu/MLFlow && dvc add data_storage/raw/weather.csv && dvc push && git add data_storage/raw/weather.csv.dvc && git commit -m "Update weather data" --allow-empty && git push']
[2025-03-25T19:26:12.763+0000] {subprocess.py:99} INFO - Output:
[2025-03-25T19:26:17.652+0000] {subprocess.py:106} INFO - 2 files pushed
[2025-03-25T19:26:18.068+0000] {subprocess.py:106} INFO - [main aeba40c] Update weather data
[2025-03-25T19:26:19.662+0000] {subprocess.py:106} INFO - To https://github.com/fbarulli/MLFlow
[2025-03-25T19:26:19.667+0000] {subprocess.py:106} INFO -    5eab6a4..aeba40c  main -> main
[2025-03-25T19:26:19.675+0000] {subprocess.py:110} INFO - Command exited with return code 0
[2025-03-25T19:26:19.714+0000] {taskinstance.py:341} INFO - ::group::Post task execution logs
[2025-03-25T19:26:19.715+0000] {taskinstance.py:353} INFO - Marking task as SUCCESS. dag_id=weather_data_collection, task_id=version_data, run_id=scheduled__2025-03-25T19:25:00+00:00, execution_date=20250325T192500, start_date=20250325T192612, end_date=20250325T192619
[2025-03-25T19:26:20.962+0000] {local_task_job_runner.py:123} INFO - ::group::Pre task execution logs
[2025-03-25T19:26:20.982+0000] {taskinstance.py:2604} INFO - Dependencies not met for <TaskInstance: weather_data_collection.version_data scheduled__2025-03-25T19:25:00+00:00 [success]>, dependency 'Task Instance State' FAILED: Task is in the 'success' state.
[2025-03-25T19:26:20.983+0000] {local_task_job_runner.py:166} INFO - Task is not able to be run
