[2025-04-03T08:43:01.509+0000] {local_task_job_runner.py:123} INFO - ::group::Pre task execution logs
[2025-04-03T08:43:01.547+0000] {taskinstance.py:2614} INFO - Dependencies all met for dep_context=non-requeueable deps ti=<TaskInstance: weather_data_collection.collect_weather_data scheduled__2025-04-03T08:42:00+00:00 [queued]>
[2025-04-03T08:43:01.567+0000] {taskinstance.py:2614} INFO - Dependencies all met for dep_context=requeueable deps ti=<TaskInstance: weather_data_collection.collect_weather_data scheduled__2025-04-03T08:42:00+00:00 [queued]>
[2025-04-03T08:43:01.568+0000] {taskinstance.py:2867} INFO - Starting attempt 1 of 2
[2025-04-03T08:43:01.594+0000] {taskinstance.py:2890} INFO - Executing <Task(DockerOperator): collect_weather_data> on 2025-04-03 08:42:00+00:00
[2025-04-03T08:43:01.627+0000] {logging_mixin.py:190} WARNING - /home/ubuntu/miniconda/envs/mlflow/lib/python3.12/site-packages/***/task/task_runner/standard_task_runner.py:70 DeprecationWarning: This process (pid=14122) is multi-threaded, use of fork() may lead to deadlocks in the child.
[2025-04-03T08:43:01.629+0000] {standard_task_runner.py:72} INFO - Started process 14142 to run task
[2025-04-03T08:43:01.630+0000] {standard_task_runner.py:104} INFO - Running: ['***', 'tasks', 'run', 'weather_data_collection', 'collect_weather_data', 'scheduled__2025-04-03T08:42:00+00:00', '--job-id', '190', '--raw', '--subdir', 'DAGS_FOLDER/weather_dag.py', '--cfg-path', '/tmp/tmps5flgc42']
[2025-04-03T08:43:01.634+0000] {standard_task_runner.py:105} INFO - Job 190: Subtask collect_weather_data
[2025-04-03T08:43:01.733+0000] {task_command.py:467} INFO - Running <TaskInstance: weather_data_collection.collect_weather_data scheduled__2025-04-03T08:42:00+00:00 [running]> on host ip-172-31-19-13.eu-west-1.compute.internal
[2025-04-03T08:43:01.910+0000] {taskinstance.py:3134} INFO - Exporting env vars: AIRFLOW_CTX_DAG_OWNER='***' AIRFLOW_CTX_DAG_ID='weather_data_collection' AIRFLOW_CTX_TASK_ID='collect_weather_data' AIRFLOW_CTX_EXECUTION_DATE='2025-04-03T08:42:00+00:00' AIRFLOW_CTX_TRY_NUMBER='1' AIRFLOW_CTX_DAG_RUN_ID='scheduled__2025-04-03T08:42:00+00:00'
[2025-04-03T08:43:01.911+0000] {taskinstance.py:732} INFO - ::endgroup::
[2025-04-03T08:43:01.947+0000] {docker.py:353} INFO - Starting docker container from image weather-collector:light
[2025-04-03T08:43:03.540+0000] {docker.py:73} INFO -   0%|          | 0/5 [00:00<?, ?it/s]
[2025-04-03T08:43:03.733+0000] {docker.py:73} INFO -  60%|██████    | 3/5 [00:00<00:00, 15.36it/s]
[2025-04-03T08:43:03.925+0000] {docker.py:73} INFO - 100%|██████████| 5/5 [00:00<00:00, 12.42it/s]
[2025-04-03T08:43:04.019+0000] {docker.py:73} INFO - 100%|██████████| 5/5 [00:00<00:00, 10.37it/s]
[2025-04-03T08:43:04.020+0000] {docker.py:73} INFO -   0%|          | 0/5 [00:00<?, ?it/s]
[2025-04-03T08:43:04.022+0000] {docker.py:73} INFO - 100%|██████████| 5/5 [00:00<00:00, 3515.76it/s]
[2025-04-03T08:43:04.045+0000] {docker.py:73} INFO -        city country  ...  weather_description             datetime
[2025-04-03T08:43:04.046+0000] {docker.py:73} INFO - 0     Paris      FR  ...            clear sky  2025-04-03T08:43:04
[2025-04-03T08:43:04.047+0000] {docker.py:73} INFO - 1    London      GB  ...            clear sky  2025-04-03T08:43:04
[2025-04-03T08:43:04.048+0000] {docker.py:73} INFO - 2  New York      US  ...                 mist  2025-04-03T08:43:04
[2025-04-03T08:43:04.048+0000] {docker.py:73} INFO - 3    Berlin      DE  ...            clear sky  2025-04-03T08:43:04
[2025-04-03T08:43:04.049+0000] {docker.py:73} INFO - 4     Tokyo      JP  ...           light rain  2025-04-03T08:43:04
[2025-04-03T08:43:04.050+0000] {docker.py:73} INFO - 
[2025-04-03T08:43:04.050+0000] {docker.py:73} INFO - [5 rows x 7 columns]
[2025-04-03T08:43:04.478+0000] {taskinstance.py:341} INFO - ::group::Post task execution logs
[2025-04-03T08:43:04.479+0000] {taskinstance.py:353} INFO - Marking task as SUCCESS. dag_id=weather_data_collection, task_id=collect_weather_data, run_id=scheduled__2025-04-03T08:42:00+00:00, execution_date=20250403T084200, start_date=20250403T084301, end_date=20250403T084304
[2025-04-03T08:43:04.572+0000] {local_task_job_runner.py:266} INFO - Task exited with return code 0
[2025-04-03T08:43:04.616+0000] {taskinstance.py:3901} INFO - 1 downstream tasks scheduled from follow-on schedule check
[2025-04-03T08:43:04.618+0000] {local_task_job_runner.py:245} INFO - ::endgroup::
