[2025-04-03T09:21:00.942+0000] {local_task_job_runner.py:123} INFO - ::group::Pre task execution logs
[2025-04-03T09:21:00.981+0000] {taskinstance.py:2614} INFO - Dependencies all met for dep_context=non-requeueable deps ti=<TaskInstance: weather_data_collection.collect_weather_data scheduled__2025-04-03T09:20:00+00:00 [queued]>
[2025-04-03T09:21:01.004+0000] {taskinstance.py:2614} INFO - Dependencies all met for dep_context=requeueable deps ti=<TaskInstance: weather_data_collection.collect_weather_data scheduled__2025-04-03T09:20:00+00:00 [queued]>
[2025-04-03T09:21:01.005+0000] {taskinstance.py:2867} INFO - Starting attempt 1 of 2
[2025-04-03T09:21:01.030+0000] {taskinstance.py:2890} INFO - Executing <Task(DockerOperator): collect_weather_data> on 2025-04-03 09:20:00+00:00
[2025-04-03T09:21:01.044+0000] {logging_mixin.py:190} WARNING - /home/ubuntu/miniconda/envs/mlflow/lib/python3.12/site-packages/***/task/task_runner/standard_task_runner.py:70 DeprecationWarning: This process (pid=32110) is multi-threaded, use of fork() may lead to deadlocks in the child.
[2025-04-03T09:21:01.046+0000] {standard_task_runner.py:72} INFO - Started process 32124 to run task
[2025-04-03T09:21:01.056+0000] {standard_task_runner.py:104} INFO - Running: ['***', 'tasks', 'run', 'weather_data_collection', 'collect_weather_data', 'scheduled__2025-04-03T09:20:00+00:00', '--job-id', '306', '--raw', '--subdir', 'DAGS_FOLDER/weather_dag.py', '--cfg-path', '/tmp/tmpobno_3l0']
[2025-04-03T09:21:01.059+0000] {standard_task_runner.py:105} INFO - Job 306: Subtask collect_weather_data
[2025-04-03T09:21:01.155+0000] {task_command.py:467} INFO - Running <TaskInstance: weather_data_collection.collect_weather_data scheduled__2025-04-03T09:20:00+00:00 [running]> on host ip-172-31-19-13.eu-west-1.compute.internal
[2025-04-03T09:21:01.332+0000] {taskinstance.py:3134} INFO - Exporting env vars: AIRFLOW_CTX_DAG_OWNER='***' AIRFLOW_CTX_DAG_ID='weather_data_collection' AIRFLOW_CTX_TASK_ID='collect_weather_data' AIRFLOW_CTX_EXECUTION_DATE='2025-04-03T09:20:00+00:00' AIRFLOW_CTX_TRY_NUMBER='1' AIRFLOW_CTX_DAG_RUN_ID='scheduled__2025-04-03T09:20:00+00:00'
[2025-04-03T09:21:01.333+0000] {taskinstance.py:732} INFO - ::endgroup::
[2025-04-03T09:21:01.373+0000] {docker.py:353} INFO - Starting docker container from image weather-collector:light
[2025-04-03T09:21:03.184+0000] {docker.py:73} INFO -   0%|          | 0/5 [00:00<?, ?it/s]
[2025-04-03T09:21:03.382+0000] {docker.py:73} INFO -  60%|██████    | 3/5 [00:00<00:00, 15.12it/s]
[2025-04-03T09:21:03.583+0000] {docker.py:73} INFO - 100%|██████████| 5/5 [00:00<00:00, 12.07it/s]
[2025-04-03T09:21:03.697+0000] {docker.py:73} INFO - 100%|██████████| 5/5 [00:00<00:00,  9.75it/s]
[2025-04-03T09:21:03.711+0000] {docker.py:73} INFO -   0%|          | 0/5 [00:00<?, ?it/s]
[2025-04-03T09:21:03.715+0000] {docker.py:73} INFO - 100%|██████████| 5/5 [00:00<00:00, 2925.71it/s]
[2025-04-03T09:21:03.738+0000] {docker.py:73} INFO -        city country  ...  weather_description             datetime
[2025-04-03T09:21:03.739+0000] {docker.py:73} INFO - 0     Paris      FR  ...            clear sky  2025-04-03T09:21:03
[2025-04-03T09:21:03.739+0000] {docker.py:73} INFO - 1    London      GB  ...            clear sky  2025-04-03T09:21:03
[2025-04-03T09:21:03.740+0000] {docker.py:73} INFO - 2  New York      US  ...      overcast clouds  2025-04-03T09:21:03
[2025-04-03T09:21:03.740+0000] {docker.py:73} INFO - 3    Berlin      DE  ...            clear sky  2025-04-03T09:21:03
[2025-04-03T09:21:03.740+0000] {docker.py:73} INFO - 4     Tokyo      JP  ...        broken clouds  2025-04-03T09:21:03
[2025-04-03T09:21:03.741+0000] {docker.py:73} INFO - 
[2025-04-03T09:21:03.741+0000] {docker.py:73} INFO - [5 rows x 7 columns]
[2025-04-03T09:21:04.199+0000] {taskinstance.py:341} INFO - ::group::Post task execution logs
[2025-04-03T09:21:04.200+0000] {taskinstance.py:353} INFO - Marking task as SUCCESS. dag_id=weather_data_collection, task_id=collect_weather_data, run_id=scheduled__2025-04-03T09:20:00+00:00, execution_date=20250403T092000, start_date=20250403T092100, end_date=20250403T092104
[2025-04-03T09:21:04.290+0000] {local_task_job_runner.py:266} INFO - Task exited with return code 0
[2025-04-03T09:21:04.356+0000] {taskinstance.py:3901} INFO - 1 downstream tasks scheduled from follow-on schedule check
[2025-04-03T09:21:04.360+0000] {local_task_job_runner.py:245} INFO - ::endgroup::
