[2025-03-31T17:54:55.071+0000] {local_task_job_runner.py:123} INFO - ::group::Pre task execution logs
[2025-03-31T17:54:55.087+0000] {taskinstance.py:2614} INFO - Dependencies all met for dep_context=non-requeueable deps ti=<TaskInstance: weather_data_monitoring.monitor_data scheduled__2025-03-31T17:48:00+00:00 [queued]>
[2025-03-31T17:54:55.095+0000] {taskinstance.py:2614} INFO - Dependencies all met for dep_context=requeueable deps ti=<TaskInstance: weather_data_monitoring.monitor_data scheduled__2025-03-31T17:48:00+00:00 [queued]>
[2025-03-31T17:54:55.096+0000] {taskinstance.py:2867} INFO - Starting attempt 2 of 2
[2025-03-31T17:54:55.114+0000] {taskinstance.py:2890} INFO - Executing <Task(BashOperator): monitor_data> on 2025-03-31 17:48:00+00:00
[2025-03-31T17:54:55.119+0000] {standard_task_runner.py:72} INFO - Started process 31446 to run task
[2025-03-31T17:54:55.123+0000] {standard_task_runner.py:104} INFO - Running: ['airflow', 'tasks', 'run', 'weather_data_monitoring', 'monitor_data', 'scheduled__2025-03-31T17:48:00+00:00', '--job-id', '473', '--raw', '--subdir', 'DAGS_FOLDER/weather_monitor_dag.py', '--cfg-path', '/tmp/tmpjz8m2ga1']
[2025-03-31T17:54:55.125+0000] {standard_task_runner.py:105} INFO - Job 473: Subtask monitor_data
[2025-03-31T17:54:55.165+0000] {task_command.py:467} INFO - Running <TaskInstance: weather_data_monitoring.monitor_data scheduled__2025-03-31T17:48:00+00:00 [running]> on host ip-172-31-19-13.eu-west-1.compute.internal
[2025-03-31T17:54:55.240+0000] {taskinstance.py:3134} INFO - Exporting env vars: AIRFLOW_CTX_DAG_OWNER='airflow' AIRFLOW_CTX_DAG_ID='weather_data_monitoring' AIRFLOW_CTX_TASK_ID='monitor_data' AIRFLOW_CTX_EXECUTION_DATE='2025-03-31T17:48:00+00:00' AIRFLOW_CTX_TRY_NUMBER='2' AIRFLOW_CTX_DAG_RUN_ID='scheduled__2025-03-31T17:48:00+00:00'
[2025-03-31T17:54:55.241+0000] {taskinstance.py:732} INFO - ::endgroup::
[2025-03-31T17:54:55.258+0000] {subprocess.py:78} INFO - Tmp dir root location: /tmp
[2025-03-31T17:54:55.259+0000] {subprocess.py:88} INFO - Running command: ['/usr/bin/bash', '-c', 'sleep 60']
[2025-03-31T17:54:55.272+0000] {subprocess.py:99} INFO - Output:
[2025-03-31T17:55:55.275+0000] {subprocess.py:110} INFO - Command exited with return code 0
[2025-03-31T17:55:55.299+0000] {taskinstance.py:341} INFO - ::group::Post task execution logs
[2025-03-31T17:55:55.299+0000] {taskinstance.py:353} INFO - Marking task as SUCCESS. dag_id=weather_data_monitoring, task_id=monitor_data, run_id=scheduled__2025-03-31T17:48:00+00:00, execution_date=20250331T174800, start_date=20250331T175455, end_date=20250331T175555
[2025-03-31T17:55:55.374+0000] {local_task_job_runner.py:266} INFO - Task exited with return code 0
[2025-03-31T17:55:55.384+0000] {taskinstance.py:3901} INFO - 0 downstream tasks scheduled from follow-on schedule check
[2025-03-31T17:55:55.384+0000] {local_task_job_runner.py:245} INFO - ::endgroup::
