[2025-03-31T17:41:10.036+0000] {local_task_job_runner.py:123} INFO - ::group::Pre task execution logs
[2025-03-31T17:41:10.050+0000] {taskinstance.py:2614} INFO - Dependencies all met for dep_context=non-requeueable deps ti=<TaskInstance: weather_data_collection.collect_weather_data scheduled__2025-03-31T17:40:00+00:00 [queued]>
[2025-03-31T17:41:10.058+0000] {taskinstance.py:2614} INFO - Dependencies all met for dep_context=requeueable deps ti=<TaskInstance: weather_data_collection.collect_weather_data scheduled__2025-03-31T17:40:00+00:00 [queued]>
[2025-03-31T17:41:10.058+0000] {taskinstance.py:2867} INFO - Starting attempt 1 of 2
[2025-03-31T17:41:10.079+0000] {taskinstance.py:2890} INFO - Executing <Task(DockerOperator): collect_weather_data> on 2025-03-31 17:40:00+00:00
[2025-03-31T17:41:10.084+0000] {standard_task_runner.py:72} INFO - Started process 29412 to run task
[2025-03-31T17:41:10.088+0000] {standard_task_runner.py:104} INFO - Running: ['airflow', 'tasks', 'run', 'weather_data_collection', 'collect_weather_data', 'scheduled__2025-03-31T17:40:00+00:00', '--job-id', '453', '--raw', '--subdir', 'DAGS_FOLDER/weather_dag.py', '--cfg-path', '/tmp/tmpv8hc9x23']
[2025-03-31T17:41:10.090+0000] {standard_task_runner.py:105} INFO - Job 453: Subtask collect_weather_data
[2025-03-31T17:41:10.136+0000] {task_command.py:467} INFO - Running <TaskInstance: weather_data_collection.collect_weather_data scheduled__2025-03-31T17:40:00+00:00 [running]> on host ip-172-31-19-13.eu-west-1.compute.internal
[2025-03-31T17:41:10.219+0000] {taskinstance.py:3134} INFO - Exporting env vars: AIRFLOW_CTX_DAG_OWNER='airflow' AIRFLOW_CTX_DAG_ID='weather_data_collection' AIRFLOW_CTX_TASK_ID='collect_weather_data' AIRFLOW_CTX_EXECUTION_DATE='2025-03-31T17:40:00+00:00' AIRFLOW_CTX_TRY_NUMBER='1' AIRFLOW_CTX_DAG_RUN_ID='scheduled__2025-03-31T17:40:00+00:00'
[2025-03-31T17:41:10.220+0000] {taskinstance.py:732} INFO - ::endgroup::
[2025-03-31T17:41:10.260+0000] {docker.py:353} INFO - Starting docker container from image weather-collector:light
[2025-03-31T17:41:11.870+0000] {docker.py:73} INFO -   0%|          | 0/5 [00:00<?, ?it/s]
[2025-03-31T17:41:11.980+0000] {docker.py:73} INFO -  40%|████      | 2/5 [00:00<00:00, 18.17it/s]
[2025-03-31T17:41:12.185+0000] {docker.py:73} INFO -  80%|████████  | 4/5 [00:00<00:00, 12.05it/s]
[2025-03-31T17:41:12.396+0000] {docker.py:73} INFO - 100%|██████████| 5/5 [00:00<00:00,  9.52it/s]
[2025-03-31T17:41:12.397+0000] {docker.py:73} INFO -   0%|          | 0/5 [00:00<?, ?it/s]
[2025-03-31T17:41:12.399+0000] {docker.py:73} INFO - 100%|██████████| 5/5 [00:00<00:00, 3688.27it/s]
[2025-03-31T17:41:12.422+0000] {docker.py:73} INFO -        city country  ...  weather_description             datetime
[2025-03-31T17:41:12.425+0000] {docker.py:73} INFO - 0     Paris      FR  ...            clear sky  2025-03-31T17:41:12
[2025-03-31T17:41:12.425+0000] {docker.py:73} INFO - 1    London      GB  ...           few clouds  2025-03-31T17:41:12
[2025-03-31T17:41:12.425+0000] {docker.py:73} INFO - 2  New York      US  ...      overcast clouds  2025-03-31T17:41:12
[2025-03-31T17:41:12.426+0000] {docker.py:73} INFO - 3    Berlin      DE  ...     scattered clouds  2025-03-31T17:41:12
[2025-03-31T17:41:12.426+0000] {docker.py:73} INFO - 4     Tokyo      JP  ...        moderate rain  2025-03-31T17:41:12
[2025-03-31T17:41:12.426+0000] {docker.py:73} INFO - 
[2025-03-31T17:41:12.427+0000] {docker.py:73} INFO - [5 rows x 7 columns]
[2025-03-31T17:41:12.806+0000] {taskinstance.py:341} INFO - ::group::Post task execution logs
[2025-03-31T17:41:12.807+0000] {taskinstance.py:353} INFO - Marking task as SUCCESS. dag_id=weather_data_collection, task_id=collect_weather_data, run_id=scheduled__2025-03-31T17:40:00+00:00, execution_date=20250331T174000, start_date=20250331T174110, end_date=20250331T174112
[2025-03-31T17:41:12.872+0000] {local_task_job_runner.py:266} INFO - Task exited with return code 0
[2025-03-31T17:41:12.893+0000] {taskinstance.py:3901} INFO - 1 downstream tasks scheduled from follow-on schedule check
[2025-03-31T17:41:12.901+0000] {local_task_job_runner.py:245} INFO - ::endgroup::
