[2025-04-03T09:07:14.346+0000] {local_task_job_runner.py:123} INFO - ::group::Pre task execution logs
[2025-04-03T09:07:14.410+0000] {taskinstance.py:2614} INFO - Dependencies all met for dep_context=non-requeueable deps ti=<TaskInstance: weather_data_collection.collect_weather_data scheduled__2025-04-03T09:06:00+00:00 [queued]>
[2025-04-03T09:07:14.456+0000] {taskinstance.py:2614} INFO - Dependencies all met for dep_context=requeueable deps ti=<TaskInstance: weather_data_collection.collect_weather_data scheduled__2025-04-03T09:06:00+00:00 [queued]>
[2025-04-03T09:07:14.457+0000] {taskinstance.py:2867} INFO - Starting attempt 1 of 2
[2025-04-03T09:07:14.508+0000] {taskinstance.py:2890} INFO - Executing <Task(DockerOperator): collect_weather_data> on 2025-04-03 09:06:00+00:00
[2025-04-03T09:07:14.564+0000] {standard_task_runner.py:104} INFO - Running: ['***', 'tasks', 'run', 'weather_data_collection', 'collect_weather_data', 'scheduled__2025-04-03T09:06:00+00:00', '--job-id', '264', '--raw', '--subdir', 'DAGS_FOLDER/weather_dag.py', '--cfg-path', '/tmp/tmpey3igmqs']
[2025-04-03T09:07:14.568+0000] {standard_task_runner.py:105} INFO - Job 264: Subtask collect_weather_data
[2025-04-03T09:07:14.573+0000] {logging_mixin.py:190} WARNING - /home/ubuntu/miniconda/envs/mlflow/lib/python3.12/site-packages/***/task/task_runner/standard_task_runner.py:70 DeprecationWarning: This process (pid=25660) is multi-threaded, use of fork() may lead to deadlocks in the child.
[2025-04-03T09:07:14.574+0000] {standard_task_runner.py:72} INFO - Started process 25688 to run task
[2025-04-03T09:07:14.791+0000] {task_command.py:467} INFO - Running <TaskInstance: weather_data_collection.collect_weather_data scheduled__2025-04-03T09:06:00+00:00 [running]> on host ip-172-31-19-13.eu-west-1.compute.internal
[2025-04-03T09:07:15.221+0000] {taskinstance.py:3134} INFO - Exporting env vars: AIRFLOW_CTX_DAG_OWNER='***' AIRFLOW_CTX_DAG_ID='weather_data_collection' AIRFLOW_CTX_TASK_ID='collect_weather_data' AIRFLOW_CTX_EXECUTION_DATE='2025-04-03T09:06:00+00:00' AIRFLOW_CTX_TRY_NUMBER='1' AIRFLOW_CTX_DAG_RUN_ID='scheduled__2025-04-03T09:06:00+00:00'
[2025-04-03T09:07:15.222+0000] {taskinstance.py:732} INFO - ::endgroup::
[2025-04-03T09:07:15.330+0000] {docker.py:353} INFO - Starting docker container from image weather-collector:light
[2025-04-03T09:07:17.928+0000] {docker.py:73} INFO -   0%|          | 0/5 [00:00<?, ?it/s]
[2025-04-03T09:07:18.033+0000] {docker.py:73} INFO -  40%|████      | 2/5 [00:00<00:00, 18.98it/s]
[2025-04-03T09:07:18.222+0000] {docker.py:73} INFO -  80%|████████  | 4/5 [00:00<00:00, 13.03it/s]
[2025-04-03T09:07:18.401+0000] {docker.py:73} INFO - 100%|██████████| 5/5 [00:00<00:00, 10.57it/s]
[2025-04-03T09:07:18.401+0000] {docker.py:73} INFO - 
[2025-04-03T09:07:18.403+0000] {docker.py:73} INFO -   0%|          | 0/5 [00:00<?, ?it/s]
[2025-04-03T09:07:18.405+0000] {docker.py:73} INFO - 100%|██████████| 5/5 [00:00<00:00, 3233.35it/s]
[2025-04-03T09:07:18.408+0000] {docker.py:73} INFO - 
[2025-04-03T09:07:18.446+0000] {docker.py:73} INFO -        city country  ...  weather_description             datetime
[2025-04-03T09:07:18.446+0000] {docker.py:73} INFO - 0     Paris      FR  ...            clear sky  2025-04-03T09:07:18
[2025-04-03T09:07:18.447+0000] {docker.py:73} INFO - 1    London      GB  ...            clear sky  2025-04-03T09:07:18
[2025-04-03T09:07:18.447+0000] {docker.py:73} INFO - 2  New York      US  ...      overcast clouds  2025-04-03T09:07:18
[2025-04-03T09:07:18.447+0000] {docker.py:73} INFO - 3    Berlin      DE  ...            clear sky  2025-04-03T09:07:18
[2025-04-03T09:07:18.447+0000] {docker.py:73} INFO - 4     Tokyo      JP  ...        broken clouds  2025-04-03T09:07:18
[2025-04-03T09:07:18.451+0000] {docker.py:73} INFO - 
[2025-04-03T09:07:18.451+0000] {docker.py:73} INFO - [5 rows x 7 columns]
[2025-04-03T09:07:19.043+0000] {taskinstance.py:341} INFO - ::group::Post task execution logs
[2025-04-03T09:07:19.045+0000] {taskinstance.py:353} INFO - Marking task as SUCCESS. dag_id=weather_data_collection, task_id=collect_weather_data, run_id=scheduled__2025-04-03T09:06:00+00:00, execution_date=20250403T090600, start_date=20250403T090714, end_date=20250403T090719
[2025-04-03T09:07:19.249+0000] {local_task_job_runner.py:266} INFO - Task exited with return code 0
[2025-04-03T09:07:19.369+0000] {taskinstance.py:3901} INFO - 1 downstream tasks scheduled from follow-on schedule check
[2025-04-03T09:07:19.372+0000] {local_task_job_runner.py:245} INFO - ::endgroup::
