[2025-03-25T14:02:58.245+0000] {local_task_job_runner.py:123} INFO - ::group::Pre task execution logs
[2025-03-25T14:02:58.267+0000] {taskinstance.py:2614} INFO - Dependencies all met for dep_context=non-requeueable deps ti=<TaskInstance: weather_data_collection.version_data scheduled__2025-03-25T13:55:00+00:00 [queued]>
[2025-03-25T14:02:58.276+0000] {taskinstance.py:2614} INFO - Dependencies all met for dep_context=requeueable deps ti=<TaskInstance: weather_data_collection.version_data scheduled__2025-03-25T13:55:00+00:00 [queued]>
[2025-03-25T14:02:58.276+0000] {taskinstance.py:2867} INFO - Starting attempt 2 of 2
[2025-03-25T14:02:58.294+0000] {taskinstance.py:2890} INFO - Executing <Task(BashOperator): version_data> on 2025-03-25 13:55:00+00:00
[2025-03-25T14:02:58.299+0000] {standard_task_runner.py:72} INFO - Started process 47473 to run task
[2025-03-25T14:02:58.302+0000] {standard_task_runner.py:104} INFO - Running: ['airflow', 'tasks', 'run', 'weather_data_collection', 'version_data', 'scheduled__2025-03-25T13:55:00+00:00', '--job-id', '76', '--raw', '--subdir', '/home/ubuntu/MLFlow/dags/weather_dag.py', '--cfg-path', '/tmp/tmpy81g6qov']
[2025-03-25T14:02:58.304+0000] {standard_task_runner.py:105} INFO - Job 76: Subtask version_data
[2025-03-25T14:02:58.351+0000] {task_command.py:467} INFO - Running <TaskInstance: weather_data_collection.version_data scheduled__2025-03-25T13:55:00+00:00 [running]> on host ip-172-31-43-252.eu-west-1.compute.internal
[2025-03-25T14:02:58.442+0000] {taskinstance.py:3134} INFO - Exporting env vars: AIRFLOW_CTX_DAG_OWNER='airflow' AIRFLOW_CTX_DAG_ID='weather_data_collection' AIRFLOW_CTX_TASK_ID='version_data' AIRFLOW_CTX_EXECUTION_DATE='2025-03-25T13:55:00+00:00' AIRFLOW_CTX_TRY_NUMBER='2' AIRFLOW_CTX_DAG_RUN_ID='scheduled__2025-03-25T13:55:00+00:00'
[2025-03-25T14:02:58.443+0000] {taskinstance.py:732} INFO - ::endgroup::
[2025-03-25T14:02:58.465+0000] {subprocess.py:78} INFO - Tmp dir root location: /tmp
[2025-03-25T14:02:58.466+0000] {subprocess.py:88} INFO - Running command: ['/usr/bin/bash', '-c', 'cd /home/ubuntu/MLFlow && dvc add data_storage/raw/weather.csv && git add data_storage/raw/weather.csv.dvc data_storage/raw/.gitignore && git commit -m "Update weather data"']
[2025-03-25T14:02:58.476+0000] {subprocess.py:99} INFO - Output:
[2025-03-25T14:02:59.662+0000] {subprocess.py:106} INFO - The following paths are ignored by one of your .gitignore files:
[2025-03-25T14:02:59.664+0000] {subprocess.py:106} INFO - data_storage/raw
[2025-03-25T14:02:59.664+0000] {subprocess.py:106} INFO - Use -f if you really want to add them.
[2025-03-25T14:02:59.664+0000] {subprocess.py:110} INFO - Command exited with return code 1
[2025-03-25T14:02:59.673+0000] {taskinstance.py:3313} ERROR - Task failed with exception
Traceback (most recent call last):
  File "/home/ubuntu/miniconda3/envs/mlflow/lib/python3.12/site-packages/airflow/models/taskinstance.py", line 768, in _execute_task
    result = _execute_callable(context=context, **execute_callable_kwargs)
             ^^^^^^^^^^^^^^^^^^^^^^^^^^^^^^^^^^^^^^^^^^^^^^^^^^^^^^^^^^^^^
  File "/home/ubuntu/miniconda3/envs/mlflow/lib/python3.12/site-packages/airflow/models/taskinstance.py", line 734, in _execute_callable
    return ExecutionCallableRunner(
           ^^^^^^^^^^^^^^^^^^^^^^^^
  File "/home/ubuntu/miniconda3/envs/mlflow/lib/python3.12/site-packages/airflow/utils/operator_helpers.py", line 252, in run
    return self.func(*args, **kwargs)
           ^^^^^^^^^^^^^^^^^^^^^^^^^^
  File "/home/ubuntu/miniconda3/envs/mlflow/lib/python3.12/site-packages/airflow/models/baseoperator.py", line 424, in wrapper
    return func(self, *args, **kwargs)
           ^^^^^^^^^^^^^^^^^^^^^^^^^^^
  File "/home/ubuntu/miniconda3/envs/mlflow/lib/python3.12/site-packages/airflow/operators/bash.py", line 276, in execute
    raise AirflowException(
airflow.exceptions.AirflowException: Bash command failed. The command returned a non-zero exit code 1.
[2025-03-25T14:02:59.679+0000] {taskinstance.py:1226} INFO - Marking task as FAILED. dag_id=weather_data_collection, task_id=version_data, run_id=scheduled__2025-03-25T13:55:00+00:00, execution_date=20250325T135500, start_date=20250325T140258, end_date=20250325T140259
[2025-03-25T14:02:59.710+0000] {taskinstance.py:341} INFO - ::group::Post task execution logs
[2025-03-25T14:02:59.711+0000] {standard_task_runner.py:124} ERROR - Failed to execute job 76 for task version_data (Bash command failed. The command returned a non-zero exit code 1.; 47473)
Traceback (most recent call last):
  File "/home/ubuntu/miniconda3/envs/mlflow/lib/python3.12/site-packages/airflow/task/task_runner/standard_task_runner.py", line 117, in _start_by_fork
    ret = args.func(args, dag=self.dag)
          ^^^^^^^^^^^^^^^^^^^^^^^^^^^^^
  File "/home/ubuntu/miniconda3/envs/mlflow/lib/python3.12/site-packages/airflow/cli/cli_config.py", line 49, in command
    return func(*args, **kwargs)
           ^^^^^^^^^^^^^^^^^^^^^
  File "/home/ubuntu/miniconda3/envs/mlflow/lib/python3.12/site-packages/airflow/utils/cli.py", line 116, in wrapper
    return f(*args, **kwargs)
           ^^^^^^^^^^^^^^^^^^
  File "/home/ubuntu/miniconda3/envs/mlflow/lib/python3.12/site-packages/airflow/cli/commands/task_command.py", line 483, in task_run
    task_return_code = _run_task_by_selected_method(args, _dag, ti)
                       ^^^^^^^^^^^^^^^^^^^^^^^^^^^^^^^^^^^^^^^^^^^^
  File "/home/ubuntu/miniconda3/envs/mlflow/lib/python3.12/site-packages/airflow/cli/commands/task_command.py", line 256, in _run_task_by_selected_method
    return _run_raw_task(args, ti)
           ^^^^^^^^^^^^^^^^^^^^^^^
  File "/home/ubuntu/miniconda3/envs/mlflow/lib/python3.12/site-packages/airflow/cli/commands/task_command.py", line 341, in _run_raw_task
    return ti._run_raw_task(
           ^^^^^^^^^^^^^^^^^
  File "/home/ubuntu/miniconda3/envs/mlflow/lib/python3.12/site-packages/airflow/utils/session.py", line 97, in wrapper
    return func(*args, session=session, **kwargs)
           ^^^^^^^^^^^^^^^^^^^^^^^^^^^^^^^^^^^^^^
  File "/home/ubuntu/miniconda3/envs/mlflow/lib/python3.12/site-packages/airflow/models/taskinstance.py", line 3006, in _run_raw_task
    return _run_raw_task(
           ^^^^^^^^^^^^^^
  File "/home/ubuntu/miniconda3/envs/mlflow/lib/python3.12/site-packages/airflow/models/taskinstance.py", line 274, in _run_raw_task
    TaskInstance._execute_task_with_callbacks(
  File "/home/ubuntu/miniconda3/envs/mlflow/lib/python3.12/site-packages/airflow/models/taskinstance.py", line 3161, in _execute_task_with_callbacks
    result = self._execute_task(context, task_orig)
             ^^^^^^^^^^^^^^^^^^^^^^^^^^^^^^^^^^^^^^
  File "/home/ubuntu/miniconda3/envs/mlflow/lib/python3.12/site-packages/airflow/models/taskinstance.py", line 3185, in _execute_task
    return _execute_task(self, context, task_orig)
           ^^^^^^^^^^^^^^^^^^^^^^^^^^^^^^^^^^^^^^^
  File "/home/ubuntu/miniconda3/envs/mlflow/lib/python3.12/site-packages/airflow/models/taskinstance.py", line 768, in _execute_task
    result = _execute_callable(context=context, **execute_callable_kwargs)
             ^^^^^^^^^^^^^^^^^^^^^^^^^^^^^^^^^^^^^^^^^^^^^^^^^^^^^^^^^^^^^
  File "/home/ubuntu/miniconda3/envs/mlflow/lib/python3.12/site-packages/airflow/models/taskinstance.py", line 734, in _execute_callable
    return ExecutionCallableRunner(
           ^^^^^^^^^^^^^^^^^^^^^^^^
  File "/home/ubuntu/miniconda3/envs/mlflow/lib/python3.12/site-packages/airflow/utils/operator_helpers.py", line 252, in run
    return self.func(*args, **kwargs)
           ^^^^^^^^^^^^^^^^^^^^^^^^^^
  File "/home/ubuntu/miniconda3/envs/mlflow/lib/python3.12/site-packages/airflow/models/baseoperator.py", line 424, in wrapper
    return func(self, *args, **kwargs)
           ^^^^^^^^^^^^^^^^^^^^^^^^^^^
  File "/home/ubuntu/miniconda3/envs/mlflow/lib/python3.12/site-packages/airflow/operators/bash.py", line 276, in execute
    raise AirflowException(
airflow.exceptions.AirflowException: Bash command failed. The command returned a non-zero exit code 1.
[2025-03-25T14:02:59.759+0000] {local_task_job_runner.py:266} INFO - Task exited with return code 1
[2025-03-25T14:02:59.783+0000] {taskinstance.py:3901} INFO - 0 downstream tasks scheduled from follow-on schedule check
[2025-03-25T14:02:59.793+0000] {local_task_job_runner.py:245} INFO - ::endgroup::
