[2025-03-25T16:56:07.316+0000] {local_task_job_runner.py:123} INFO - ::group::Pre task execution logs
[2025-03-25T16:56:07.331+0000] {taskinstance.py:2614} INFO - Dependencies all met for dep_context=non-requeueable deps ti=<TaskInstance: weather_data_collection.collect_weather_data scheduled__2025-03-25T16:55:00+00:00 [queued]>
[2025-03-25T16:56:07.340+0000] {taskinstance.py:2614} INFO - Dependencies all met for dep_context=requeueable deps ti=<TaskInstance: weather_data_collection.collect_weather_data scheduled__2025-03-25T16:55:00+00:00 [queued]>
[2025-03-25T16:56:07.340+0000] {taskinstance.py:2867} INFO - Starting attempt 1 of 2
[2025-03-25T16:56:07.362+0000] {taskinstance.py:2890} INFO - Executing <Task(DockerOperator): collect_weather_data> on 2025-03-25 16:55:00+00:00
[2025-03-25T16:56:07.367+0000] {standard_task_runner.py:72} INFO - Started process 26323 to run task
[2025-03-25T16:56:07.370+0000] {standard_task_runner.py:104} INFO - Running: ['airflow', 'tasks', 'run', 'weather_data_collection', 'collect_weather_data', 'scheduled__2025-03-25T16:55:00+00:00', '--job-id', '351', '--raw', '--subdir', '/home/ubuntu/MLFlow/dags/weather_dag.py', '--cfg-path', '/tmp/tmpap7q5e1l']
[2025-03-25T16:56:07.371+0000] {standard_task_runner.py:105} INFO - Job 351: Subtask collect_weather_data
[2025-03-25T16:56:07.408+0000] {task_command.py:467} INFO - Running <TaskInstance: weather_data_collection.collect_weather_data scheduled__2025-03-25T16:55:00+00:00 [running]> on host ip-172-31-43-252.eu-west-1.compute.internal
[2025-03-25T16:56:07.483+0000] {taskinstance.py:3134} INFO - Exporting env vars: AIRFLOW_CTX_DAG_OWNER='airflow' AIRFLOW_CTX_DAG_ID='weather_data_collection' AIRFLOW_CTX_TASK_ID='collect_weather_data' AIRFLOW_CTX_EXECUTION_DATE='2025-03-25T16:55:00+00:00' AIRFLOW_CTX_TRY_NUMBER='1' AIRFLOW_CTX_DAG_RUN_ID='scheduled__2025-03-25T16:55:00+00:00'
[2025-03-25T16:56:07.484+0000] {taskinstance.py:732} INFO - ::endgroup::
[2025-03-25T16:56:07.529+0000] {docker.py:353} INFO - Starting docker container from image weather-collector:light
[2025-03-25T16:56:08.776+0000] {docker.py:73} INFO -   0%|          | 0/5 [00:00<?, ?it/s]
[2025-03-25T16:56:08.933+0000] {docker.py:73} INFO -  60%|██████    | 3/5 [00:00<00:00, 19.07it/s]
[2025-03-25T16:56:09.090+0000] {docker.py:73} INFO - 100%|██████████| 5/5 [00:00<00:00, 15.35it/s]
[2025-03-25T16:56:09.170+0000] {docker.py:73} INFO - 100%|██████████| 5/5 [00:00<00:00, 12.67it/s]
[2025-03-25T16:56:09.172+0000] {docker.py:73} INFO -   0%|          | 0/5 [00:00<?, ?it/s]
[2025-03-25T16:56:09.173+0000] {docker.py:73} INFO - 100%|██████████| 5/5 [00:00<00:00, 4769.51it/s]
[2025-03-25T16:56:09.198+0000] {docker.py:73} INFO -        city country  ...  weather_description             datetime
[2025-03-25T16:56:09.200+0000] {docker.py:73} INFO - 0     Paris      FR  ...        broken clouds  2025-03-25T16:56:09
[2025-03-25T16:56:09.200+0000] {docker.py:73} INFO - 1    London      GB  ...      overcast clouds  2025-03-25T16:56:09
[2025-03-25T16:56:09.201+0000] {docker.py:73} INFO - 2  New York      US  ...           few clouds  2025-03-25T16:56:09
[2025-03-25T16:56:09.201+0000] {docker.py:73} INFO - 3    Berlin      DE  ...        broken clouds  2025-03-25T16:56:09
[2025-03-25T16:56:09.201+0000] {docker.py:73} INFO - 4     Tokyo      JP  ...            clear sky  2025-03-25T16:56:09
[2025-03-25T16:56:09.202+0000] {docker.py:73} INFO - 
[2025-03-25T16:56:09.202+0000] {docker.py:73} INFO - [5 rows x 7 columns]
[2025-03-25T16:56:09.547+0000] {taskinstance.py:341} INFO - ::group::Post task execution logs
[2025-03-25T16:56:09.548+0000] {taskinstance.py:353} INFO - Marking task as SUCCESS. dag_id=weather_data_collection, task_id=collect_weather_data, run_id=scheduled__2025-03-25T16:55:00+00:00, execution_date=20250325T165500, start_date=20250325T165607, end_date=20250325T165609
[2025-03-25T16:56:09.591+0000] {local_task_job_runner.py:266} INFO - Task exited with return code 0
[2025-03-25T16:56:09.609+0000] {taskinstance.py:3901} INFO - 1 downstream tasks scheduled from follow-on schedule check
[2025-03-25T16:56:09.616+0000] {local_task_job_runner.py:245} INFO - ::endgroup::
