[2025-04-03T09:15:00.914+0000] {local_task_job_runner.py:123} INFO - ::group::Pre task execution logs
[2025-04-03T09:15:00.953+0000] {taskinstance.py:2614} INFO - Dependencies all met for dep_context=non-requeueable deps ti=<TaskInstance: weather_data_collection.collect_weather_data scheduled__2025-04-03T09:14:00+00:00 [queued]>
[2025-04-03T09:15:00.971+0000] {taskinstance.py:2614} INFO - Dependencies all met for dep_context=requeueable deps ti=<TaskInstance: weather_data_collection.collect_weather_data scheduled__2025-04-03T09:14:00+00:00 [queued]>
[2025-04-03T09:15:00.971+0000] {taskinstance.py:2867} INFO - Starting attempt 1 of 2
[2025-04-03T09:15:01.000+0000] {taskinstance.py:2890} INFO - Executing <Task(DockerOperator): collect_weather_data> on 2025-04-03 09:14:00+00:00
[2025-04-03T09:15:01.017+0000] {logging_mixin.py:190} WARNING - /home/ubuntu/miniconda/envs/mlflow/lib/python3.12/site-packages/***/task/task_runner/standard_task_runner.py:70 DeprecationWarning: This process (pid=29425) is multi-threaded, use of fork() may lead to deadlocks in the child.
[2025-04-03T09:15:01.019+0000] {standard_task_runner.py:72} INFO - Started process 29440 to run task
[2025-04-03T09:15:01.027+0000] {standard_task_runner.py:104} INFO - Running: ['***', 'tasks', 'run', 'weather_data_collection', 'collect_weather_data', 'scheduled__2025-04-03T09:14:00+00:00', '--job-id', '288', '--raw', '--subdir', 'DAGS_FOLDER/weather_dag.py', '--cfg-path', '/tmp/tmpk1s4ls_7']
[2025-04-03T09:15:01.030+0000] {standard_task_runner.py:105} INFO - Job 288: Subtask collect_weather_data
[2025-04-03T09:15:01.165+0000] {task_command.py:467} INFO - Running <TaskInstance: weather_data_collection.collect_weather_data scheduled__2025-04-03T09:14:00+00:00 [running]> on host ip-172-31-19-13.eu-west-1.compute.internal
[2025-04-03T09:15:01.448+0000] {taskinstance.py:3134} INFO - Exporting env vars: AIRFLOW_CTX_DAG_OWNER='***' AIRFLOW_CTX_DAG_ID='weather_data_collection' AIRFLOW_CTX_TASK_ID='collect_weather_data' AIRFLOW_CTX_EXECUTION_DATE='2025-04-03T09:14:00+00:00' AIRFLOW_CTX_TRY_NUMBER='1' AIRFLOW_CTX_DAG_RUN_ID='scheduled__2025-04-03T09:14:00+00:00'
[2025-04-03T09:15:01.449+0000] {taskinstance.py:732} INFO - ::endgroup::
[2025-04-03T09:15:01.502+0000] {docker.py:353} INFO - Starting docker container from image weather-collector:light
[2025-04-03T09:15:03.087+0000] {docker.py:73} INFO -   0%|          | 0/5 [00:00<?, ?it/s]
[2025-04-03T09:15:03.198+0000] {docker.py:73} INFO -  40%|████      | 2/5 [00:00<00:00, 17.98it/s]
[2025-04-03T09:15:03.393+0000] {docker.py:73} INFO -  80%|████████  | 4/5 [00:00<00:00, 12.49it/s]
[2025-04-03T09:15:03.589+0000] {docker.py:73} INFO - 100%|██████████| 5/5 [00:00<00:00, 10.03it/s]
[2025-04-03T09:15:03.592+0000] {docker.py:73} INFO - 
[2025-04-03T09:15:03.596+0000] {docker.py:73} INFO -   0%|          | 0/5 [00:00<?, ?it/s]
[2025-04-03T09:15:03.596+0000] {docker.py:73} INFO - 100%|██████████| 5/5 [00:00<00:00, 3257.46it/s]
[2025-04-03T09:15:03.597+0000] {docker.py:73} INFO - 
[2025-04-03T09:15:03.622+0000] {docker.py:73} INFO -        city country  ...  weather_description             datetime
[2025-04-03T09:15:03.624+0000] {docker.py:73} INFO - 0     Paris      FR  ...            clear sky  2025-04-03T09:15:03
[2025-04-03T09:15:03.624+0000] {docker.py:73} INFO - 1    London      GB  ...            clear sky  2025-04-03T09:15:03
[2025-04-03T09:15:03.624+0000] {docker.py:73} INFO - 2  New York      US  ...      overcast clouds  2025-04-03T09:15:03
[2025-04-03T09:15:03.625+0000] {docker.py:73} INFO - 3    Berlin      DE  ...            clear sky  2025-04-03T09:15:03
[2025-04-03T09:15:03.625+0000] {docker.py:73} INFO - 4     Tokyo      JP  ...        broken clouds  2025-04-03T09:15:03
[2025-04-03T09:15:03.625+0000] {docker.py:73} INFO - 
[2025-04-03T09:15:03.625+0000] {docker.py:73} INFO - [5 rows x 7 columns]
[2025-04-03T09:15:04.058+0000] {taskinstance.py:341} INFO - ::group::Post task execution logs
[2025-04-03T09:15:04.058+0000] {taskinstance.py:353} INFO - Marking task as SUCCESS. dag_id=weather_data_collection, task_id=collect_weather_data, run_id=scheduled__2025-04-03T09:14:00+00:00, execution_date=20250403T091400, start_date=20250403T091500, end_date=20250403T091504
[2025-04-03T09:15:04.140+0000] {local_task_job_runner.py:266} INFO - Task exited with return code 0
[2025-04-03T09:15:04.179+0000] {taskinstance.py:3901} INFO - 1 downstream tasks scheduled from follow-on schedule check
[2025-04-03T09:15:04.181+0000] {local_task_job_runner.py:245} INFO - ::endgroup::
